[runlim] version:		2.0.0rc12
[runlim] host:			ap-Precision-7550
[runlim] time limit:		311040000 seconds
[runlim] real time limit:	1800 seconds
[runlim] space limit:		15624 MB
[runlim] argv[0]:		python3
[runlim] argv[1]:		-u
[runlim] argv[2]:		top_down.py
[runlim] argv[3]:		YFJS15
[runlim] start:			Fri Apr 24 14:12:52 2026
[runlim] child:			6980
Operations: 221, Edges: 208, Machines: 26
Greedy Schedule UB: 1578
Building constraints took 4.66 seconds.
SAT

=> TOTAL COMPLETION TIME (Makespan / UB): 1408
Schedule is valid
 Time taken: 6.68 seconds
SAT

=> TOTAL COMPLETION TIME (Makespan / UB): 1407
Schedule is valid
 Time taken: 6.70 seconds
SAT

=> TOTAL COMPLETION TIME (Makespan / UB): 1406
Schedule is valid
 Time taken: 6.73 seconds
SAT

=> TOTAL COMPLETION TIME (Makespan / UB): 1405
Schedule is valid
 Time taken: 6.75 seconds
SAT

=> TOTAL COMPLETION TIME (Makespan / UB): 1404
Schedule is valid
 Time taken: 6.78 seconds
SAT

=> TOTAL COMPLETION TIME (Makespan / UB): 1403
Schedule is valid
 Time taken: 6.81 seconds
SAT

=> TOTAL COMPLETION TIME (Makespan / UB): 1402
Schedule is valid
 Time taken: 6.83 seconds
SAT

=> TOTAL COMPLETION TIME (Makespan / UB): 1401
Schedule is valid
 Time taken: 6.86 seconds
SAT

=> TOTAL COMPLETION TIME (Makespan / UB): 1400
Schedule is valid
 Time taken: 8.10 seconds
[runlim] sample:		9.99 time, 10.01 real, 681 MB, 1.22 load
[runlim] sample:		19.99 time, 20.01 real, 702 MB, 1.18 load
SAT

=> TOTAL COMPLETION TIME (Makespan / UB): 1399
Schedule is valid
 Time taken: 21.41 seconds
SAT

=> TOTAL COMPLETION TIME (Makespan / UB): 1398
Schedule is valid
 Time taken: 22.78 seconds
SAT

=> TOTAL COMPLETION TIME (Makespan / UB): 1397
Schedule is valid
 Time taken: 23.49 seconds
SAT

=> TOTAL COMPLETION TIME (Makespan / UB): 1396
Schedule is valid
 Time taken: 23.88 seconds
SAT

=> TOTAL COMPLETION TIME (Makespan / UB): 1395
Schedule is valid
 Time taken: 24.19 seconds
SAT

=> TOTAL COMPLETION TIME (Makespan / UB): 1394
Schedule is valid
 Time taken: 24.56 seconds
SAT

=> TOTAL COMPLETION TIME (Makespan / UB): 1393
Schedule is valid
 Time taken: 24.84 seconds
SAT

=> TOTAL COMPLETION TIME (Makespan / UB): 1392
Schedule is valid
 Time taken: 25.08 seconds
SAT

=> TOTAL COMPLETION TIME (Makespan / UB): 1391
Schedule is valid
 Time taken: 25.35 seconds
SAT

=> TOTAL COMPLETION TIME (Makespan / UB): 1390
Schedule is valid
 Time taken: 25.60 seconds
SAT

=> TOTAL COMPLETION TIME (Makespan / UB): 1389
Schedule is valid
 Time taken: 25.84 seconds
SAT

=> TOTAL COMPLETION TIME (Makespan / UB): 1388
Schedule is valid
 Time taken: 26.07 seconds
SAT

=> TOTAL COMPLETION TIME (Makespan / UB): 1387
Schedule is valid
 Time taken: 26.10 seconds
SAT

=> TOTAL COMPLETION TIME (Makespan / UB): 1386
Schedule is valid
 Time taken: 26.33 seconds
SAT

=> TOTAL COMPLETION TIME (Makespan / UB): 1385
Schedule is valid
 Time taken: 26.56 seconds
SAT

=> TOTAL COMPLETION TIME (Makespan / UB): 1384
Schedule is valid
 Time taken: 26.78 seconds
SAT

=> TOTAL COMPLETION TIME (Makespan / UB): 1383
Schedule is valid
 Time taken: 27.01 seconds
SAT

=> TOTAL COMPLETION TIME (Makespan / UB): 1382
Schedule is valid
 Time taken: 27.23 seconds
SAT

=> TOTAL COMPLETION TIME (Makespan / UB): 1381
Schedule is valid
 Time taken: 27.27 seconds
SAT

=> TOTAL COMPLETION TIME (Makespan / UB): 1380
Schedule is valid
 Time taken: 27.30 seconds
SAT

=> TOTAL COMPLETION TIME (Makespan / UB): 1379
Schedule is valid
 Time taken: 27.34 seconds
SAT

=> TOTAL COMPLETION TIME (Makespan / UB): 1378
Schedule is valid
 Time taken: 27.37 seconds
SAT

=> TOTAL COMPLETION TIME (Makespan / UB): 1377
Schedule is valid
 Time taken: 27.41 seconds
SAT

=> TOTAL COMPLETION TIME (Makespan / UB): 1376
Schedule is valid
 Time taken: 27.45 seconds
SAT

=> TOTAL COMPLETION TIME (Makespan / UB): 1375
Schedule is valid
 Time taken: 27.49 seconds
SAT

=> TOTAL COMPLETION TIME (Makespan / UB): 1374
Schedule is valid
 Time taken: 27.52 seconds
SAT

=> TOTAL COMPLETION TIME (Makespan / UB): 1373
Schedule is valid
 Time taken: 27.55 seconds
SAT

=> TOTAL COMPLETION TIME (Makespan / UB): 1372
Schedule is valid
 Time taken: 27.59 seconds
SAT

=> TOTAL COMPLETION TIME (Makespan / UB): 1371
Schedule is valid
 Time taken: 27.62 seconds
SAT

=> TOTAL COMPLETION TIME (Makespan / UB): 1370
Schedule is valid
 Time taken: 27.65 seconds
SAT

=> TOTAL COMPLETION TIME (Makespan / UB): 1369
Schedule is valid
 Time taken: 27.68 seconds
SAT

=> TOTAL COMPLETION TIME (Makespan / UB): 1368
Schedule is valid
 Time taken: 27.71 seconds
SAT

=> TOTAL COMPLETION TIME (Makespan / UB): 1367
Schedule is valid
 Time taken: 27.75 seconds
SAT

=> TOTAL COMPLETION TIME (Makespan / UB): 1366
Schedule is valid
 Time taken: 27.78 seconds
SAT

=> TOTAL COMPLETION TIME (Makespan / UB): 1365
Schedule is valid
 Time taken: 27.81 seconds
SAT

=> TOTAL COMPLETION TIME (Makespan / UB): 1364
Schedule is valid
 Time taken: 27.84 seconds
SAT

=> TOTAL COMPLETION TIME (Makespan / UB): 1363
Schedule is valid
 Time taken: 27.88 seconds
SAT

=> TOTAL COMPLETION TIME (Makespan / UB): 1362
Schedule is valid
 Time taken: 27.91 seconds
SAT

=> TOTAL COMPLETION TIME (Makespan / UB): 1361
Schedule is valid
 Time taken: 27.94 seconds
SAT

=> TOTAL COMPLETION TIME (Makespan / UB): 1360
Schedule is valid
 Time taken: 27.98 seconds
SAT

=> TOTAL COMPLETION TIME (Makespan / UB): 1359
Schedule is valid
 Time taken: 28.01 seconds
SAT

=> TOTAL COMPLETION TIME (Makespan / UB): 1358
Schedule is valid
 Time taken: 28.04 seconds
[runlim] sample:		29.97 time, 30.01 real, 780 MB, 1.15 load
SAT

=> TOTAL COMPLETION TIME (Makespan / UB): 1357
Schedule is valid
 Time taken: 30.29 seconds
SAT

=> TOTAL COMPLETION TIME (Makespan / UB): 1356
Schedule is valid
 Time taken: 30.34 seconds
SAT

=> TOTAL COMPLETION TIME (Makespan / UB): 1355
Schedule is valid
 Time taken: 30.37 seconds
SAT

=> TOTAL COMPLETION TIME (Makespan / UB): 1354
Schedule is valid
 Time taken: 30.40 seconds
SAT

=> TOTAL COMPLETION TIME (Makespan / UB): 1353
Schedule is valid
 Time taken: 30.43 seconds
SAT

=> TOTAL COMPLETION TIME (Makespan / UB): 1352
Schedule is valid
 Time taken: 30.46 seconds
SAT

=> TOTAL COMPLETION TIME (Makespan / UB): 1351
Schedule is valid
 Time taken: 30.49 seconds
SAT

=> TOTAL COMPLETION TIME (Makespan / UB): 1350
Schedule is valid
 Time taken: 30.52 seconds
SAT

=> TOTAL COMPLETION TIME (Makespan / UB): 1349
Schedule is valid
 Time taken: 30.56 seconds
SAT

=> TOTAL COMPLETION TIME (Makespan / UB): 1348
Schedule is valid
 Time taken: 30.58 seconds
SAT

=> TOTAL COMPLETION TIME (Makespan / UB): 1347
Schedule is valid
 Time taken: 30.61 seconds
SAT

=> TOTAL COMPLETION TIME (Makespan / UB): 1346
Schedule is valid
 Time taken: 30.64 seconds
SAT

=> TOTAL COMPLETION TIME (Makespan / UB): 1345
Schedule is valid
 Time taken: 30.67 seconds
SAT

=> TOTAL COMPLETION TIME (Makespan / UB): 1344
Schedule is valid
 Time taken: 30.70 seconds
SAT

=> TOTAL COMPLETION TIME (Makespan / UB): 1343
Schedule is valid
 Time taken: 30.76 seconds
SAT

=> TOTAL COMPLETION TIME (Makespan / UB): 1342
Schedule is valid
 Time taken: 30.84 seconds
SAT

=> TOTAL COMPLETION TIME (Makespan / UB): 1341
Schedule is valid
 Time taken: 31.32 seconds
SAT

=> TOTAL COMPLETION TIME (Makespan / UB): 1340
Schedule is valid
 Time taken: 31.38 seconds
SAT

=> TOTAL COMPLETION TIME (Makespan / UB): 1339
Schedule is valid
 Time taken: 31.44 seconds
SAT

=> TOTAL COMPLETION TIME (Makespan / UB): 1338
Schedule is valid
 Time taken: 31.48 seconds
SAT

=> TOTAL COMPLETION TIME (Makespan / UB): 1337
Schedule is valid
 Time taken: 31.52 seconds
SAT

=> TOTAL COMPLETION TIME (Makespan / UB): 1336
Schedule is valid
 Time taken: 31.55 seconds
SAT

=> TOTAL COMPLETION TIME (Makespan / UB): 1335
Schedule is valid
 Time taken: 31.59 seconds
SAT

=> TOTAL COMPLETION TIME (Makespan / UB): 1334
Schedule is valid
 Time taken: 31.62 seconds
SAT

=> TOTAL COMPLETION TIME (Makespan / UB): 1333
Schedule is valid
 Time taken: 31.65 seconds
SAT

=> TOTAL COMPLETION TIME (Makespan / UB): 1332
Schedule is valid
 Time taken: 31.69 seconds
SAT

=> TOTAL COMPLETION TIME (Makespan / UB): 1331
Schedule is valid
 Time taken: 31.72 seconds
SAT

=> TOTAL COMPLETION TIME (Makespan / UB): 1330
Schedule is valid
 Time taken: 32.36 seconds
SAT

=> TOTAL COMPLETION TIME (Makespan / UB): 1329
Schedule is valid
 Time taken: 32.42 seconds
SAT

=> TOTAL COMPLETION TIME (Makespan / UB): 1328
Schedule is valid
 Time taken: 32.45 seconds
SAT

=> TOTAL COMPLETION TIME (Makespan / UB): 1327
Schedule is valid
 Time taken: 32.49 seconds
SAT

=> TOTAL COMPLETION TIME (Makespan / UB): 1326
Schedule is valid
 Time taken: 32.52 seconds
SAT

=> TOTAL COMPLETION TIME (Makespan / UB): 1325
Schedule is valid
 Time taken: 32.55 seconds
SAT

=> TOTAL COMPLETION TIME (Makespan / UB): 1324
Schedule is valid
 Time taken: 32.57 seconds
SAT

=> TOTAL COMPLETION TIME (Makespan / UB): 1323
Schedule is valid
 Time taken: 32.60 seconds
SAT

=> TOTAL COMPLETION TIME (Makespan / UB): 1322
Schedule is valid
 Time taken: 32.63 seconds
SAT

=> TOTAL COMPLETION TIME (Makespan / UB): 1321
Schedule is valid
 Time taken: 32.66 seconds
SAT

=> TOTAL COMPLETION TIME (Makespan / UB): 1320
Schedule is valid
 Time taken: 32.69 seconds
SAT

=> TOTAL COMPLETION TIME (Makespan / UB): 1319
Schedule is valid
 Time taken: 32.73 seconds
SAT

=> TOTAL COMPLETION TIME (Makespan / UB): 1318
Schedule is valid
 Time taken: 32.76 seconds
SAT

=> TOTAL COMPLETION TIME (Makespan / UB): 1317
Schedule is valid
 Time taken: 32.79 seconds
SAT

=> TOTAL COMPLETION TIME (Makespan / UB): 1316
Schedule is valid
 Time taken: 32.82 seconds
SAT

=> TOTAL COMPLETION TIME (Makespan / UB): 1315
Schedule is valid
 Time taken: 32.85 seconds
SAT

=> TOTAL COMPLETION TIME (Makespan / UB): 1314
Schedule is valid
 Time taken: 32.88 seconds
SAT

=> TOTAL COMPLETION TIME (Makespan / UB): 1313
Schedule is valid
 Time taken: 32.91 seconds
SAT

=> TOTAL COMPLETION TIME (Makespan / UB): 1312
Schedule is valid
 Time taken: 32.94 seconds
SAT

=> TOTAL COMPLETION TIME (Makespan / UB): 1311
Schedule is valid
 Time taken: 32.98 seconds
SAT

=> TOTAL COMPLETION TIME (Makespan / UB): 1310
Schedule is valid
 Time taken: 33.01 seconds
SAT

=> TOTAL COMPLETION TIME (Makespan / UB): 1309
Schedule is valid
 Time taken: 33.96 seconds
[runlim] sample:		39.97 time, 40.01 real, 647 MB, 1.28 load
SAT

=> TOTAL COMPLETION TIME (Makespan / UB): 1308
Schedule is valid
 Time taken: 41.43 seconds
SAT

=> TOTAL COMPLETION TIME (Makespan / UB): 1307
Schedule is valid
 Time taken: 42.43 seconds
SAT

=> TOTAL COMPLETION TIME (Makespan / UB): 1306
Schedule is valid
 Time taken: 45.23 seconds
SAT

=> TOTAL COMPLETION TIME (Makespan / UB): 1305
Schedule is valid
 Time taken: 45.47 seconds
SAT

=> TOTAL COMPLETION TIME (Makespan / UB): 1304
Schedule is valid
 Time taken: 45.67 seconds
SAT

=> TOTAL COMPLETION TIME (Makespan / UB): 1303
Schedule is valid
 Time taken: 45.87 seconds
SAT

=> TOTAL COMPLETION TIME (Makespan / UB): 1302
Schedule is valid
 Time taken: 46.07 seconds
SAT

=> TOTAL COMPLETION TIME (Makespan / UB): 1301
Schedule is valid
 Time taken: 46.09 seconds
SAT

=> TOTAL COMPLETION TIME (Makespan / UB): 1300
Schedule is valid
 Time taken: 46.30 seconds
SAT

=> TOTAL COMPLETION TIME (Makespan / UB): 1299
Schedule is valid
 Time taken: 46.50 seconds
SAT

=> TOTAL COMPLETION TIME (Makespan / UB): 1298
Schedule is valid
 Time taken: 46.70 seconds
SAT

=> TOTAL COMPLETION TIME (Makespan / UB): 1297
Schedule is valid
 Time taken: 46.90 seconds
SAT

=> TOTAL COMPLETION TIME (Makespan / UB): 1296
Schedule is valid
 Time taken: 47.11 seconds
SAT

=> TOTAL COMPLETION TIME (Makespan / UB): 1295
Schedule is valid
 Time taken: 48.18 seconds
SAT

=> TOTAL COMPLETION TIME (Makespan / UB): 1294
Schedule is valid
 Time taken: 48.39 seconds
SAT

=> TOTAL COMPLETION TIME (Makespan / UB): 1293
Schedule is valid
 Time taken: 48.80 seconds
SAT

=> TOTAL COMPLETION TIME (Makespan / UB): 1292
Schedule is valid
 Time taken: 48.99 seconds
SAT

=> TOTAL COMPLETION TIME (Makespan / UB): 1291
Schedule is valid
 Time taken: 49.01 seconds
SAT

=> TOTAL COMPLETION TIME (Makespan / UB): 1290
Schedule is valid
 Time taken: 49.17 seconds
SAT

=> TOTAL COMPLETION TIME (Makespan / UB): 1289
Schedule is valid
 Time taken: 49.34 seconds
SAT

=> TOTAL COMPLETION TIME (Makespan / UB): 1288
Schedule is valid
 Time taken: 49.50 seconds
SAT

=> TOTAL COMPLETION TIME (Makespan / UB): 1287
Schedule is valid
 Time taken: 49.67 seconds
SAT

=> TOTAL COMPLETION TIME (Makespan / UB): 1286
Schedule is valid
 Time taken: 49.85 seconds
[runlim] sample:		49.95 time, 50.01 real, 608 MB, 1.31 load
SAT

=> TOTAL COMPLETION TIME (Makespan / UB): 1285
Schedule is valid
 Time taken: 50.02 seconds
SAT

=> TOTAL COMPLETION TIME (Makespan / UB): 1284
Schedule is valid
 Time taken: 50.19 seconds
SAT

=> TOTAL COMPLETION TIME (Makespan / UB): 1283
Schedule is valid
 Time taken: 50.23 seconds
SAT

=> TOTAL COMPLETION TIME (Makespan / UB): 1282
Schedule is valid
 Time taken: 50.26 seconds
SAT

=> TOTAL COMPLETION TIME (Makespan / UB): 1281
Schedule is valid
 Time taken: 50.46 seconds
SAT

=> TOTAL COMPLETION TIME (Makespan / UB): 1280
Schedule is valid
 Time taken: 50.49 seconds
SAT

=> TOTAL COMPLETION TIME (Makespan / UB): 1279
Schedule is valid
 Time taken: 50.73 seconds
SAT

=> TOTAL COMPLETION TIME (Makespan / UB): 1278
Schedule is valid
 Time taken: 50.78 seconds
SAT

=> TOTAL COMPLETION TIME (Makespan / UB): 1277
Schedule is valid
 Time taken: 50.98 seconds
SAT

=> TOTAL COMPLETION TIME (Makespan / UB): 1276
Schedule is valid
 Time taken: 51.72 seconds
SAT

=> TOTAL COMPLETION TIME (Makespan / UB): 1275
Schedule is valid
 Time taken: 52.18 seconds
SAT

=> TOTAL COMPLETION TIME (Makespan / UB): 1274
Schedule is valid
 Time taken: 52.66 seconds
SAT

=> TOTAL COMPLETION TIME (Makespan / UB): 1273
Schedule is valid
 Time taken: 52.89 seconds
SAT

=> TOTAL COMPLETION TIME (Makespan / UB): 1272
Schedule is valid
 Time taken: 52.93 seconds
SAT

=> TOTAL COMPLETION TIME (Makespan / UB): 1271
Schedule is valid
 Time taken: 53.12 seconds
SAT

=> TOTAL COMPLETION TIME (Makespan / UB): 1270
Schedule is valid
 Time taken: 53.65 seconds
SAT

=> TOTAL COMPLETION TIME (Makespan / UB): 1269
Schedule is valid
 Time taken: 54.23 seconds
SAT

=> TOTAL COMPLETION TIME (Makespan / UB): 1268
Schedule is valid
 Time taken: 54.28 seconds
SAT

=> TOTAL COMPLETION TIME (Makespan / UB): 1267
Schedule is valid
 Time taken: 54.89 seconds
SAT

=> TOTAL COMPLETION TIME (Makespan / UB): 1266
Schedule is valid
 Time taken: 55.62 seconds
SAT

=> TOTAL COMPLETION TIME (Makespan / UB): 1265
Schedule is valid
 Time taken: 55.83 seconds
SAT

=> TOTAL COMPLETION TIME (Makespan / UB): 1264
Schedule is valid
 Time taken: 58.33 seconds
SAT

=> TOTAL COMPLETION TIME (Makespan / UB): 1263
Schedule is valid
 Time taken: 58.47 seconds
SAT

=> TOTAL COMPLETION TIME (Makespan / UB): 1262
Schedule is valid
 Time taken: 58.60 seconds
SAT

=> TOTAL COMPLETION TIME (Makespan / UB): 1261
Schedule is valid
 Time taken: 58.65 seconds
[runlim] sample:		59.94 time, 60.01 real, 620 MB, 1.34 load
SAT

=> TOTAL COMPLETION TIME (Makespan / UB): 1260
Schedule is valid
 Time taken: 65.96 seconds
SAT

=> TOTAL COMPLETION TIME (Makespan / UB): 1259
Schedule is valid
 Time taken: 66.25 seconds
SAT

=> TOTAL COMPLETION TIME (Makespan / UB): 1258
Schedule is valid
 Time taken: 66.48 seconds
SAT

=> TOTAL COMPLETION TIME (Makespan / UB): 1257
Schedule is valid
 Time taken: 67.36 seconds
SAT

=> TOTAL COMPLETION TIME (Makespan / UB): 1256
Schedule is valid
 Time taken: 67.56 seconds
SAT

=> TOTAL COMPLETION TIME (Makespan / UB): 1255
Schedule is valid
 Time taken: 67.74 seconds
SAT

=> TOTAL COMPLETION TIME (Makespan / UB): 1254
Schedule is valid
 Time taken: 68.40 seconds
SAT

=> TOTAL COMPLETION TIME (Makespan / UB): 1253
Schedule is valid
 Time taken: 68.92 seconds
SAT

=> TOTAL COMPLETION TIME (Makespan / UB): 1252
Schedule is valid
 Time taken: 69.47 seconds
[runlim] sample:		69.93 time, 70.01 real, 610 MB, 1.29 load
SAT

=> TOTAL COMPLETION TIME (Makespan / UB): 1251
Schedule is valid
 Time taken: 70.01 seconds
SAT

=> TOTAL COMPLETION TIME (Makespan / UB): 1250
Schedule is valid
 Time taken: 70.22 seconds
SAT

=> TOTAL COMPLETION TIME (Makespan / UB): 1249
Schedule is valid
 Time taken: 70.73 seconds
SAT

=> TOTAL COMPLETION TIME (Makespan / UB): 1248
Schedule is valid
 Time taken: 71.41 seconds
SAT

=> TOTAL COMPLETION TIME (Makespan / UB): 1247
Schedule is valid
 Time taken: 71.92 seconds
SAT

=> TOTAL COMPLETION TIME (Makespan / UB): 1246
Schedule is valid
 Time taken: 72.35 seconds
SAT

=> TOTAL COMPLETION TIME (Makespan / UB): 1245
Schedule is valid
 Time taken: 72.62 seconds
SAT

=> TOTAL COMPLETION TIME (Makespan / UB): 1244
Schedule is valid
 Time taken: 72.95 seconds
SAT

=> TOTAL COMPLETION TIME (Makespan / UB): 1243
Schedule is valid
 Time taken: 73.47 seconds
SAT

=> TOTAL COMPLETION TIME (Makespan / UB): 1242
Schedule is valid
 Time taken: 73.72 seconds
SAT

=> TOTAL COMPLETION TIME (Makespan / UB): 1241
Schedule is valid
 Time taken: 74.30 seconds
SAT

=> TOTAL COMPLETION TIME (Makespan / UB): 1240
Schedule is valid
 Time taken: 75.08 seconds
SAT

=> TOTAL COMPLETION TIME (Makespan / UB): 1239
Schedule is valid
 Time taken: 76.53 seconds
UNSAT
status: optimal
Time taken: 76.53 seconds
[runlim] end:			Fri Apr 24 14:14:09 2026
[runlim] status:		ok
[runlim] result:		0
[runlim] children:		1
[runlim] processes:		2
[runlim] real:			76.64 seconds
[runlim] time:			76.51 seconds
[runlim] space:			828 MB
[runlim] load:			1.34 maximum
[runlim] samples:		767
