[runlim] version:		2.0.0rc12
[runlim] host:			ap-Precision-7550
[runlim] time limit:		311040000 seconds
[runlim] real time limit:	1800 seconds
[runlim] space limit:		15624 MB
[runlim] argv[0]:		python3
[runlim] argv[1]:		-u
[runlim] argv[2]:		top_down.py
[runlim] argv[3]:		YFJS05
[runlim] start:			Fri Apr 24 14:11:13 2026
[runlim] child:			6942
Operations: 32, Edges: 24, Machines: 7
Greedy Schedule UB: 582
Building constraints took 0.16 seconds.
SAT

=> TOTAL COMPLETION TIME (Makespan / UB): 498
Schedule is valid
 Time taken: 0.30 seconds
SAT

=> TOTAL COMPLETION TIME (Makespan / UB): 497
Schedule is valid
 Time taken: 0.31 seconds
SAT

=> TOTAL COMPLETION TIME (Makespan / UB): 496
Schedule is valid
 Time taken: 0.31 seconds
SAT

=> TOTAL COMPLETION TIME (Makespan / UB): 495
Schedule is valid
 Time taken: 0.32 seconds
SAT

=> TOTAL COMPLETION TIME (Makespan / UB): 494
Schedule is valid
 Time taken: 0.32 seconds
SAT

=> TOTAL COMPLETION TIME (Makespan / UB): 493
Schedule is valid
 Time taken: 0.32 seconds
SAT

=> TOTAL COMPLETION TIME (Makespan / UB): 492
Schedule is valid
 Time taken: 0.32 seconds
SAT

=> TOTAL COMPLETION TIME (Makespan / UB): 491
Schedule is valid
 Time taken: 0.32 seconds
SAT

=> TOTAL COMPLETION TIME (Makespan / UB): 490
Schedule is valid
 Time taken: 0.32 seconds
SAT

=> TOTAL COMPLETION TIME (Makespan / UB): 489
Schedule is valid
 Time taken: 0.33 seconds
SAT

=> TOTAL COMPLETION TIME (Makespan / UB): 488
Schedule is valid
 Time taken: 0.33 seconds
SAT

=> TOTAL COMPLETION TIME (Makespan / UB): 487
Schedule is valid
 Time taken: 0.33 seconds
SAT

=> TOTAL COMPLETION TIME (Makespan / UB): 486
Schedule is valid
 Time taken: 0.33 seconds
SAT

=> TOTAL COMPLETION TIME (Makespan / UB): 485
Schedule is valid
 Time taken: 0.33 seconds
SAT

=> TOTAL COMPLETION TIME (Makespan / UB): 484
Schedule is valid
 Time taken: 0.33 seconds
SAT

=> TOTAL COMPLETION TIME (Makespan / UB): 483
Schedule is valid
 Time taken: 0.33 seconds
SAT

=> TOTAL COMPLETION TIME (Makespan / UB): 482
Schedule is valid
 Time taken: 0.33 seconds
SAT

=> TOTAL COMPLETION TIME (Makespan / UB): 481
Schedule is valid
 Time taken: 0.34 seconds
SAT

=> TOTAL COMPLETION TIME (Makespan / UB): 480
Schedule is valid
 Time taken: 0.34 seconds
SAT

=> TOTAL COMPLETION TIME (Makespan / UB): 479
Schedule is valid
 Time taken: 0.34 seconds
SAT

=> TOTAL COMPLETION TIME (Makespan / UB): 478
Schedule is valid
 Time taken: 0.34 seconds
SAT

=> TOTAL COMPLETION TIME (Makespan / UB): 477
Schedule is valid
 Time taken: 0.34 seconds
SAT

=> TOTAL COMPLETION TIME (Makespan / UB): 476
Schedule is valid
 Time taken: 0.34 seconds
SAT

=> TOTAL COMPLETION TIME (Makespan / UB): 475
Schedule is valid
 Time taken: 0.34 seconds
SAT

=> TOTAL COMPLETION TIME (Makespan / UB): 474
Schedule is valid
 Time taken: 0.35 seconds
SAT

=> TOTAL COMPLETION TIME (Makespan / UB): 473
Schedule is valid
 Time taken: 0.35 seconds
SAT

=> TOTAL COMPLETION TIME (Makespan / UB): 472
Schedule is valid
 Time taken: 0.35 seconds
SAT

=> TOTAL COMPLETION TIME (Makespan / UB): 471
Schedule is valid
 Time taken: 0.35 seconds
SAT

=> TOTAL COMPLETION TIME (Makespan / UB): 470
Schedule is valid
 Time taken: 0.49 seconds
SAT

=> TOTAL COMPLETION TIME (Makespan / UB): 469
Schedule is valid
 Time taken: 0.49 seconds
SAT

=> TOTAL COMPLETION TIME (Makespan / UB): 468
Schedule is valid
 Time taken: 0.98 seconds
SAT

=> TOTAL COMPLETION TIME (Makespan / UB): 467
Schedule is valid
 Time taken: 1.03 seconds
SAT

=> TOTAL COMPLETION TIME (Makespan / UB): 466
Schedule is valid
 Time taken: 1.11 seconds
SAT

=> TOTAL COMPLETION TIME (Makespan / UB): 465
Schedule is valid
 Time taken: 1.12 seconds
SAT

=> TOTAL COMPLETION TIME (Makespan / UB): 464
Schedule is valid
 Time taken: 1.13 seconds
SAT

=> TOTAL COMPLETION TIME (Makespan / UB): 463
Schedule is valid
 Time taken: 1.14 seconds
SAT

=> TOTAL COMPLETION TIME (Makespan / UB): 462
Schedule is valid
 Time taken: 1.14 seconds
SAT

=> TOTAL COMPLETION TIME (Makespan / UB): 461
Schedule is valid
 Time taken: 1.16 seconds
SAT

=> TOTAL COMPLETION TIME (Makespan / UB): 460
Schedule is valid
 Time taken: 1.26 seconds
SAT

=> TOTAL COMPLETION TIME (Makespan / UB): 459
Schedule is valid
 Time taken: 1.30 seconds
SAT

=> TOTAL COMPLETION TIME (Makespan / UB): 458
Schedule is valid
 Time taken: 1.31 seconds
SAT

=> TOTAL COMPLETION TIME (Makespan / UB): 457
Schedule is valid
 Time taken: 1.34 seconds
SAT

=> TOTAL COMPLETION TIME (Makespan / UB): 456
Schedule is valid
 Time taken: 1.38 seconds
SAT

=> TOTAL COMPLETION TIME (Makespan / UB): 455
Schedule is valid
 Time taken: 1.39 seconds
SAT

=> TOTAL COMPLETION TIME (Makespan / UB): 454
Schedule is valid
 Time taken: 1.40 seconds
SAT

=> TOTAL COMPLETION TIME (Makespan / UB): 453
Schedule is valid
 Time taken: 1.41 seconds
SAT

=> TOTAL COMPLETION TIME (Makespan / UB): 452
Schedule is valid
 Time taken: 1.41 seconds
SAT

=> TOTAL COMPLETION TIME (Makespan / UB): 451
Schedule is valid
 Time taken: 1.42 seconds
SAT

=> TOTAL COMPLETION TIME (Makespan / UB): 450
Schedule is valid
 Time taken: 1.43 seconds
SAT

=> TOTAL COMPLETION TIME (Makespan / UB): 449
Schedule is valid
 Time taken: 1.43 seconds
SAT

=> TOTAL COMPLETION TIME (Makespan / UB): 448
Schedule is valid
 Time taken: 1.44 seconds
SAT

=> TOTAL COMPLETION TIME (Makespan / UB): 447
Schedule is valid
 Time taken: 1.46 seconds
SAT

=> TOTAL COMPLETION TIME (Makespan / UB): 446
Schedule is valid
 Time taken: 1.46 seconds
SAT

=> TOTAL COMPLETION TIME (Makespan / UB): 445
Schedule is valid
 Time taken: 1.47 seconds
UNSAT
status: optimal
Time taken: 1.47 seconds
[runlim] end:			Fri Apr 24 14:11:15 2026
[runlim] status:		ok
[runlim] result:		0
[runlim] children:		1
[runlim] processes:		2
[runlim] real:			1.51 seconds
[runlim] time:			1.40 seconds
[runlim] space:			56 MB
[runlim] load:			2.09 maximum
[runlim] samples:		15
