[runlim] version:		2.0.0rc12
[runlim] host:			ap-Precision-7550
[runlim] time limit:		311040000 seconds
[runlim] real time limit:	1800 seconds
[runlim] space limit:		14000 MB
[runlim] argv[0]:		python3
[runlim] argv[1]:		-u
[runlim] argv[2]:		main.py
[runlim] argv[3]:		datasets/dafjs/DAFJS30
[runlim] start:			Sun Apr 19 10:31:25 2026
[runlim] child:			33899
Operations: 98, Edges: 94, Machines: 10
Greedy Schedule UB: 737
Building constraints took 5.54 seconds.
SAT

=> TOTAL COMPLETION TIME (Makespan / UB): 736
Schedule is valid
 Time taken: 5.96 seconds
SAT

=> TOTAL COMPLETION TIME (Makespan / UB): 735
Schedule is valid
 Time taken: 6.00 seconds
SAT

=> TOTAL COMPLETION TIME (Makespan / UB): 734
Schedule is valid
 Time taken: 6.01 seconds
[runlim] sample:		9.99 time, 10.01 real, 722 MB, 1.05 load
SAT

=> TOTAL COMPLETION TIME (Makespan / UB): 733
Schedule is valid
 Time taken: 14.61 seconds
SAT

=> TOTAL COMPLETION TIME (Makespan / UB): 732
Schedule is valid
 Time taken: 15.22 seconds
SAT

=> TOTAL COMPLETION TIME (Makespan / UB): 731
Schedule is valid
 Time taken: 15.25 seconds
SAT

=> TOTAL COMPLETION TIME (Makespan / UB): 730
Schedule is valid
 Time taken: 16.67 seconds
SAT

=> TOTAL COMPLETION TIME (Makespan / UB): 729
Schedule is valid
 Time taken: 18.87 seconds
SAT

=> TOTAL COMPLETION TIME (Makespan / UB): 728
Schedule is valid
 Time taken: 19.35 seconds
[runlim] sample:		19.99 time, 20.01 real, 942 MB, 1.04 load
SAT

=> TOTAL COMPLETION TIME (Makespan / UB): 727
Schedule is valid
 Time taken: 20.35 seconds
SAT

=> TOTAL COMPLETION TIME (Makespan / UB): 726
Schedule is valid
 Time taken: 27.79 seconds
SAT

=> TOTAL COMPLETION TIME (Makespan / UB): 725
Schedule is valid
 Time taken: 28.20 seconds
SAT

=> TOTAL COMPLETION TIME (Makespan / UB): 724
Schedule is valid
 Time taken: 28.69 seconds
SAT

=> TOTAL COMPLETION TIME (Makespan / UB): 723
Schedule is valid
 Time taken: 29.24 seconds
[runlim] sample:		29.99 time, 30.01 real, 736 MB, 1.04 load
SAT

=> TOTAL COMPLETION TIME (Makespan / UB): 722
Schedule is valid
 Time taken: 30.18 seconds
SAT

=> TOTAL COMPLETION TIME (Makespan / UB): 721
Schedule is valid
 Time taken: 30.58 seconds
SAT

=> TOTAL COMPLETION TIME (Makespan / UB): 720
Schedule is valid
 Time taken: 31.04 seconds
SAT

=> TOTAL COMPLETION TIME (Makespan / UB): 719
Schedule is valid
 Time taken: 32.61 seconds
SAT

=> TOTAL COMPLETION TIME (Makespan / UB): 718
Schedule is valid
 Time taken: 33.53 seconds
SAT

=> TOTAL COMPLETION TIME (Makespan / UB): 717
Schedule is valid
 Time taken: 35.24 seconds
SAT

=> TOTAL COMPLETION TIME (Makespan / UB): 716
Schedule is valid
 Time taken: 36.02 seconds
SAT

=> TOTAL COMPLETION TIME (Makespan / UB): 715
Schedule is valid
 Time taken: 36.33 seconds
SAT

=> TOTAL COMPLETION TIME (Makespan / UB): 714
Schedule is valid
 Time taken: 36.35 seconds
SAT

=> TOTAL COMPLETION TIME (Makespan / UB): 713
Schedule is valid
 Time taken: 36.36 seconds
SAT

=> TOTAL COMPLETION TIME (Makespan / UB): 712
Schedule is valid
 Time taken: 36.37 seconds
SAT

=> TOTAL COMPLETION TIME (Makespan / UB): 711
Schedule is valid
 Time taken: 36.39 seconds
SAT

=> TOTAL COMPLETION TIME (Makespan / UB): 710
Schedule is valid
 Time taken: 36.86 seconds
SAT

=> TOTAL COMPLETION TIME (Makespan / UB): 709
Schedule is valid
 Time taken: 37.30 seconds
SAT

=> TOTAL COMPLETION TIME (Makespan / UB): 708
Schedule is valid
 Time taken: 37.79 seconds
SAT

=> TOTAL COMPLETION TIME (Makespan / UB): 707
Schedule is valid
 Time taken: 38.69 seconds
[runlim] sample:		39.97 time, 40.01 real, 790 MB, 1.18 load
SAT

=> TOTAL COMPLETION TIME (Makespan / UB): 706
Schedule is valid
 Time taken: 44.45 seconds
SAT

=> TOTAL COMPLETION TIME (Makespan / UB): 705
Schedule is valid
 Time taken: 44.47 seconds
SAT

=> TOTAL COMPLETION TIME (Makespan / UB): 704
Schedule is valid
 Time taken: 44.48 seconds
SAT

=> TOTAL COMPLETION TIME (Makespan / UB): 703
Schedule is valid
 Time taken: 44.49 seconds
SAT

=> TOTAL COMPLETION TIME (Makespan / UB): 702
Schedule is valid
 Time taken: 44.50 seconds
SAT

=> TOTAL COMPLETION TIME (Makespan / UB): 701
Schedule is valid
 Time taken: 46.10 seconds
SAT

=> TOTAL COMPLETION TIME (Makespan / UB): 700
Schedule is valid
 Time taken: 46.64 seconds
SAT

=> TOTAL COMPLETION TIME (Makespan / UB): 699
Schedule is valid
 Time taken: 46.65 seconds
SAT

=> TOTAL COMPLETION TIME (Makespan / UB): 698
Schedule is valid
 Time taken: 46.67 seconds
SAT

=> TOTAL COMPLETION TIME (Makespan / UB): 697
Schedule is valid
 Time taken: 47.07 seconds
SAT

=> TOTAL COMPLETION TIME (Makespan / UB): 696
Schedule is valid
 Time taken: 49.43 seconds
SAT

=> TOTAL COMPLETION TIME (Makespan / UB): 695
Schedule is valid
 Time taken: 49.81 seconds
[runlim] sample:		49.97 time, 50.01 real, 729 MB, 1.39 load
SAT

=> TOTAL COMPLETION TIME (Makespan / UB): 694
Schedule is valid
 Time taken: 50.25 seconds
SAT

=> TOTAL COMPLETION TIME (Makespan / UB): 693
Schedule is valid
 Time taken: 51.11 seconds
SAT

=> TOTAL COMPLETION TIME (Makespan / UB): 692
Schedule is valid
 Time taken: 51.61 seconds
SAT

=> TOTAL COMPLETION TIME (Makespan / UB): 691
Schedule is valid
 Time taken: 51.97 seconds
SAT

=> TOTAL COMPLETION TIME (Makespan / UB): 690
Schedule is valid
 Time taken: 54.94 seconds
SAT

=> TOTAL COMPLETION TIME (Makespan / UB): 689
Schedule is valid
 Time taken: 55.16 seconds
SAT

=> TOTAL COMPLETION TIME (Makespan / UB): 688
Schedule is valid
 Time taken: 55.18 seconds
SAT

=> TOTAL COMPLETION TIME (Makespan / UB): 687
Schedule is valid
 Time taken: 56.12 seconds
SAT

=> TOTAL COMPLETION TIME (Makespan / UB): 686
Schedule is valid
 Time taken: 56.14 seconds
SAT

=> TOTAL COMPLETION TIME (Makespan / UB): 685
Schedule is valid
 Time taken: 56.15 seconds
SAT

=> TOTAL COMPLETION TIME (Makespan / UB): 684
Schedule is valid
 Time taken: 56.16 seconds
SAT

=> TOTAL COMPLETION TIME (Makespan / UB): 683
Schedule is valid
 Time taken: 56.17 seconds
SAT

=> TOTAL COMPLETION TIME (Makespan / UB): 682
Schedule is valid
 Time taken: 56.18 seconds
SAT

=> TOTAL COMPLETION TIME (Makespan / UB): 681
Schedule is valid
 Time taken: 56.58 seconds
SAT

=> TOTAL COMPLETION TIME (Makespan / UB): 680
Schedule is valid
 Time taken: 56.60 seconds
SAT

=> TOTAL COMPLETION TIME (Makespan / UB): 679
Schedule is valid
 Time taken: 56.61 seconds
SAT

=> TOTAL COMPLETION TIME (Makespan / UB): 678
Schedule is valid
 Time taken: 56.99 seconds
SAT

=> TOTAL COMPLETION TIME (Makespan / UB): 677
Schedule is valid
 Time taken: 57.37 seconds
SAT

=> TOTAL COMPLETION TIME (Makespan / UB): 676
Schedule is valid
 Time taken: 57.77 seconds
SAT

=> TOTAL COMPLETION TIME (Makespan / UB): 675
Schedule is valid
 Time taken: 58.23 seconds
SAT

=> TOTAL COMPLETION TIME (Makespan / UB): 674
Schedule is valid
 Time taken: 59.06 seconds
SAT

=> TOTAL COMPLETION TIME (Makespan / UB): 673
Schedule is valid
 Time taken: 59.48 seconds
[runlim] sample:		59.95 time, 60.01 real, 693 MB, 1.33 load
SAT

=> TOTAL COMPLETION TIME (Makespan / UB): 672
Schedule is valid
 Time taken: 64.80 seconds
SAT

=> TOTAL COMPLETION TIME (Makespan / UB): 671
Schedule is valid
 Time taken: 65.39 seconds
SAT

=> TOTAL COMPLETION TIME (Makespan / UB): 670
Schedule is valid
 Time taken: 65.84 seconds
SAT

=> TOTAL COMPLETION TIME (Makespan / UB): 669
Schedule is valid
 Time taken: 66.26 seconds
SAT

=> TOTAL COMPLETION TIME (Makespan / UB): 668
Schedule is valid
 Time taken: 66.77 seconds
SAT

=> TOTAL COMPLETION TIME (Makespan / UB): 667
Schedule is valid
 Time taken: 67.78 seconds
[runlim] sample:		69.94 time, 70.01 real, 718 MB, 1.28 load
SAT

=> TOTAL COMPLETION TIME (Makespan / UB): 666
Schedule is valid
 Time taken: 70.65 seconds
SAT

=> TOTAL COMPLETION TIME (Makespan / UB): 665
Schedule is valid
 Time taken: 71.25 seconds
SAT

=> TOTAL COMPLETION TIME (Makespan / UB): 664
Schedule is valid
 Time taken: 71.82 seconds
SAT

=> TOTAL COMPLETION TIME (Makespan / UB): 663
Schedule is valid
 Time taken: 73.94 seconds
SAT

=> TOTAL COMPLETION TIME (Makespan / UB): 662
Schedule is valid
 Time taken: 73.95 seconds
SAT

=> TOTAL COMPLETION TIME (Makespan / UB): 661
Schedule is valid
 Time taken: 73.96 seconds
SAT

=> TOTAL COMPLETION TIME (Makespan / UB): 660
Schedule is valid
 Time taken: 74.49 seconds
SAT

=> TOTAL COMPLETION TIME (Makespan / UB): 659
Schedule is valid
 Time taken: 74.80 seconds
SAT

=> TOTAL COMPLETION TIME (Makespan / UB): 658
Schedule is valid
 Time taken: 75.28 seconds
SAT

=> TOTAL COMPLETION TIME (Makespan / UB): 657
Schedule is valid
 Time taken: 77.37 seconds
SAT

=> TOTAL COMPLETION TIME (Makespan / UB): 656
Schedule is valid
 Time taken: 79.01 seconds
SAT

=> TOTAL COMPLETION TIME (Makespan / UB): 655
Schedule is valid
 Time taken: 79.64 seconds
SAT

=> TOTAL COMPLETION TIME (Makespan / UB): 654
Schedule is valid
 Time taken: 79.66 seconds
[runlim] sample:		79.94 time, 80.01 real, 854 MB, 1.24 load
SAT

=> TOTAL COMPLETION TIME (Makespan / UB): 653
Schedule is valid
 Time taken: 80.38 seconds
SAT

=> TOTAL COMPLETION TIME (Makespan / UB): 652
Schedule is valid
 Time taken: 87.26 seconds
SAT

=> TOTAL COMPLETION TIME (Makespan / UB): 651
Schedule is valid
 Time taken: 87.69 seconds
SAT

=> TOTAL COMPLETION TIME (Makespan / UB): 650
Schedule is valid
 Time taken: 88.10 seconds
SAT

=> TOTAL COMPLETION TIME (Makespan / UB): 649
Schedule is valid
 Time taken: 88.96 seconds
SAT

=> TOTAL COMPLETION TIME (Makespan / UB): 648
Schedule is valid
 Time taken: 89.35 seconds
SAT

=> TOTAL COMPLETION TIME (Makespan / UB): 647
Schedule is valid
 Time taken: 89.74 seconds
[runlim] sample:		89.93 time, 90.01 real, 699 MB, 1.20 load
SAT

=> TOTAL COMPLETION TIME (Makespan / UB): 646
Schedule is valid
 Time taken: 90.15 seconds
SAT

=> TOTAL COMPLETION TIME (Makespan / UB): 645
Schedule is valid
 Time taken: 90.96 seconds
SAT

=> TOTAL COMPLETION TIME (Makespan / UB): 644
Schedule is valid
 Time taken: 92.46 seconds
SAT

=> TOTAL COMPLETION TIME (Makespan / UB): 643
Schedule is valid
 Time taken: 93.30 seconds
SAT

=> TOTAL COMPLETION TIME (Makespan / UB): 642
Schedule is valid
 Time taken: 93.76 seconds
SAT

=> TOTAL COMPLETION TIME (Makespan / UB): 641
Schedule is valid
 Time taken: 95.34 seconds
SAT

=> TOTAL COMPLETION TIME (Makespan / UB): 640
Schedule is valid
 Time taken: 97.91 seconds
SAT

=> TOTAL COMPLETION TIME (Makespan / UB): 639
Schedule is valid
 Time taken: 98.74 seconds
SAT

=> TOTAL COMPLETION TIME (Makespan / UB): 638
Schedule is valid
 Time taken: 99.09 seconds
SAT

=> TOTAL COMPLETION TIME (Makespan / UB): 637
Schedule is valid
 Time taken: 99.46 seconds
SAT

=> TOTAL COMPLETION TIME (Makespan / UB): 636
Schedule is valid
 Time taken: 99.86 seconds
[runlim] sample:		99.92 time, 100.01 real, 695 MB, 1.17 load
SAT

=> TOTAL COMPLETION TIME (Makespan / UB): 635
Schedule is valid
 Time taken: 100.18 seconds
SAT

=> TOTAL COMPLETION TIME (Makespan / UB): 634
Schedule is valid
 Time taken: 100.60 seconds
SAT

=> TOTAL COMPLETION TIME (Makespan / UB): 633
Schedule is valid
 Time taken: 101.04 seconds
SAT

=> TOTAL COMPLETION TIME (Makespan / UB): 632
Schedule is valid
 Time taken: 101.41 seconds
SAT

=> TOTAL COMPLETION TIME (Makespan / UB): 631
Schedule is valid
 Time taken: 101.71 seconds
SAT

=> TOTAL COMPLETION TIME (Makespan / UB): 630
Schedule is valid
 Time taken: 102.52 seconds
SAT

=> TOTAL COMPLETION TIME (Makespan / UB): 629
Schedule is valid
 Time taken: 102.92 seconds
SAT

=> TOTAL COMPLETION TIME (Makespan / UB): 628
Schedule is valid
 Time taken: 109.47 seconds
[runlim] sample:		109.91 time, 110.01 real, 693 MB, 1.14 load
SAT

=> TOTAL COMPLETION TIME (Makespan / UB): 627
Schedule is valid
 Time taken: 110.20 seconds
SAT

=> TOTAL COMPLETION TIME (Makespan / UB): 626
Schedule is valid
 Time taken: 112.18 seconds
SAT

=> TOTAL COMPLETION TIME (Makespan / UB): 625
Schedule is valid
 Time taken: 114.67 seconds
SAT

=> TOTAL COMPLETION TIME (Makespan / UB): 624
Schedule is valid
 Time taken: 115.07 seconds
SAT

=> TOTAL COMPLETION TIME (Makespan / UB): 623
Schedule is valid
 Time taken: 115.46 seconds
SAT

=> TOTAL COMPLETION TIME (Makespan / UB): 622
Schedule is valid
 Time taken: 115.85 seconds
SAT

=> TOTAL COMPLETION TIME (Makespan / UB): 621
Schedule is valid
 Time taken: 116.68 seconds
SAT

=> TOTAL COMPLETION TIME (Makespan / UB): 620
Schedule is valid
 Time taken: 117.01 seconds
SAT

=> TOTAL COMPLETION TIME (Makespan / UB): 619
Schedule is valid
 Time taken: 117.36 seconds
SAT

=> TOTAL COMPLETION TIME (Makespan / UB): 618
Schedule is valid
 Time taken: 117.71 seconds
SAT

=> TOTAL COMPLETION TIME (Makespan / UB): 617
Schedule is valid
 Time taken: 119.33 seconds
SAT

=> TOTAL COMPLETION TIME (Makespan / UB): 616
Schedule is valid
 Time taken: 119.35 seconds
SAT

=> TOTAL COMPLETION TIME (Makespan / UB): 615
Schedule is valid
 Time taken: 119.68 seconds
SAT

=> TOTAL COMPLETION TIME (Makespan / UB): 614
Schedule is valid
 Time taken: 119.97 seconds
[runlim] sample:		119.90 time, 120.01 real, 685 MB, 1.12 load
SAT

=> TOTAL COMPLETION TIME (Makespan / UB): 613
Schedule is valid
 Time taken: 120.39 seconds
SAT

=> TOTAL COMPLETION TIME (Makespan / UB): 612
Schedule is valid
 Time taken: 121.12 seconds
SAT

=> TOTAL COMPLETION TIME (Makespan / UB): 611
Schedule is valid
 Time taken: 122.69 seconds
SAT

=> TOTAL COMPLETION TIME (Makespan / UB): 610
Schedule is valid
 Time taken: 124.26 seconds
SAT

=> TOTAL COMPLETION TIME (Makespan / UB): 609
Schedule is valid
 Time taken: 127.88 seconds
[runlim] sample:		129.90 time, 130.01 real, 681 MB, 1.10 load
SAT

=> TOTAL COMPLETION TIME (Makespan / UB): 608
Schedule is valid
 Time taken: 132.42 seconds
SAT

=> TOTAL COMPLETION TIME (Makespan / UB): 607
Schedule is valid
 Time taken: 132.94 seconds
SAT

=> TOTAL COMPLETION TIME (Makespan / UB): 606
Schedule is valid
 Time taken: 133.72 seconds
SAT

=> TOTAL COMPLETION TIME (Makespan / UB): 605
Schedule is valid
 Time taken: 135.17 seconds
SAT

=> TOTAL COMPLETION TIME (Makespan / UB): 604
Schedule is valid
 Time taken: 136.96 seconds
SAT

=> TOTAL COMPLETION TIME (Makespan / UB): 603
Schedule is valid
 Time taken: 138.78 seconds
SAT

=> TOTAL COMPLETION TIME (Makespan / UB): 602
Schedule is valid
 Time taken: 139.13 seconds
[runlim] sample:		139.88 time, 140.01 real, 674 MB, 1.08 load
SAT

=> TOTAL COMPLETION TIME (Makespan / UB): 601
Schedule is valid
 Time taken: 141.84 seconds
SAT

=> TOTAL COMPLETION TIME (Makespan / UB): 600
Schedule is valid
 Time taken: 142.00 seconds
SAT

=> TOTAL COMPLETION TIME (Makespan / UB): 599
Schedule is valid
 Time taken: 142.03 seconds
SAT

=> TOTAL COMPLETION TIME (Makespan / UB): 598
Schedule is valid
 Time taken: 143.82 seconds
SAT

=> TOTAL COMPLETION TIME (Makespan / UB): 597
Schedule is valid
 Time taken: 144.26 seconds
SAT

=> TOTAL COMPLETION TIME (Makespan / UB): 596
Schedule is valid
 Time taken: 144.71 seconds
SAT

=> TOTAL COMPLETION TIME (Makespan / UB): 595
Schedule is valid
 Time taken: 146.27 seconds
SAT

=> TOTAL COMPLETION TIME (Makespan / UB): 594
Schedule is valid
 Time taken: 148.04 seconds
SAT

=> TOTAL COMPLETION TIME (Makespan / UB): 593
Schedule is valid
 Time taken: 149.62 seconds
[runlim] sample:		149.88 time, 150.01 real, 671 MB, 1.07 load
SAT

=> TOTAL COMPLETION TIME (Makespan / UB): 592
Schedule is valid
 Time taken: 153.42 seconds
SAT

=> TOTAL COMPLETION TIME (Makespan / UB): 591
Schedule is valid
 Time taken: 154.08 seconds
[runlim] sample:		159.88 time, 160.01 real, 779 MB, 1.06 load
SAT

=> TOTAL COMPLETION TIME (Makespan / UB): 590
Schedule is valid
 Time taken: 162.22 seconds
SAT

=> TOTAL COMPLETION TIME (Makespan / UB): 589
Schedule is valid
 Time taken: 162.89 seconds
SAT

=> TOTAL COMPLETION TIME (Makespan / UB): 588
Schedule is valid
 Time taken: 163.31 seconds
SAT

=> TOTAL COMPLETION TIME (Makespan / UB): 587
Schedule is valid
 Time taken: 165.26 seconds
SAT

=> TOTAL COMPLETION TIME (Makespan / UB): 586
Schedule is valid
 Time taken: 167.14 seconds
SAT

=> TOTAL COMPLETION TIME (Makespan / UB): 585
Schedule is valid
 Time taken: 168.98 seconds
[runlim] sample:		169.87 time, 170.01 real, 648 MB, 1.05 load
SAT

=> TOTAL COMPLETION TIME (Makespan / UB): 584
Schedule is valid
 Time taken: 179.32 seconds
SAT

=> TOTAL COMPLETION TIME (Makespan / UB): 583
Schedule is valid
 Time taken: 179.92 seconds
[runlim] sample:		179.86 time, 180.01 real, 643 MB, 1.04 load
SAT

=> TOTAL COMPLETION TIME (Makespan / UB): 582
Schedule is valid
 Time taken: 181.58 seconds
SAT

=> TOTAL COMPLETION TIME (Makespan / UB): 581
Schedule is valid
 Time taken: 183.13 seconds
SAT

=> TOTAL COMPLETION TIME (Makespan / UB): 580
Schedule is valid
 Time taken: 185.11 seconds
SAT

=> TOTAL COMPLETION TIME (Makespan / UB): 579
Schedule is valid
 Time taken: 186.73 seconds
[runlim] sample:		189.86 time, 190.01 real, 738 MB, 1.12 load
SAT

=> TOTAL COMPLETION TIME (Makespan / UB): 578
Schedule is valid
 Time taken: 194.59 seconds
SAT

=> TOTAL COMPLETION TIME (Makespan / UB): 577
Schedule is valid
 Time taken: 196.33 seconds
[runlim] sample:		199.85 time, 200.01 real, 636 MB, 1.10 load
SAT

=> TOTAL COMPLETION TIME (Makespan / UB): 576
Schedule is valid
 Time taken: 202.94 seconds
SAT

=> TOTAL COMPLETION TIME (Makespan / UB): 575
Schedule is valid
 Time taken: 207.72 seconds
[runlim] sample:		209.85 time, 210.01 real, 636 MB, 1.08 load
SAT

=> TOTAL COMPLETION TIME (Makespan / UB): 574
Schedule is valid
 Time taken: 215.00 seconds
SAT

=> TOTAL COMPLETION TIME (Makespan / UB): 573
Schedule is valid
 Time taken: 215.01 seconds
SAT

=> TOTAL COMPLETION TIME (Makespan / UB): 572
Schedule is valid
 Time taken: 217.31 seconds
[runlim] sample:		219.84 time, 220.01 real, 636 MB, 1.07 load
SAT

=> TOTAL COMPLETION TIME (Makespan / UB): 571
Schedule is valid
 Time taken: 224.98 seconds
SAT

=> TOTAL COMPLETION TIME (Makespan / UB): 570
Schedule is valid
 Time taken: 226.93 seconds
SAT

=> TOTAL COMPLETION TIME (Makespan / UB): 569
Schedule is valid
 Time taken: 228.56 seconds
[runlim] sample:		229.83 time, 230.01 real, 635 MB, 1.06 load
SAT

=> TOTAL COMPLETION TIME (Makespan / UB): 568
Schedule is valid
 Time taken: 238.44 seconds
[runlim] sample:		239.84 time, 240.01 real, 635 MB, 1.05 load
SAT

=> TOTAL COMPLETION TIME (Makespan / UB): 567
Schedule is valid
 Time taken: 240.29 seconds
SAT

=> TOTAL COMPLETION TIME (Makespan / UB): 566
Schedule is valid
 Time taken: 242.65 seconds
SAT

=> TOTAL COMPLETION TIME (Makespan / UB): 565
Schedule is valid
 Time taken: 245.32 seconds
[runlim] sample:		249.82 time, 250.01 real, 635 MB, 1.04 load
SAT

=> TOTAL COMPLETION TIME (Makespan / UB): 564
Schedule is valid
 Time taken: 252.12 seconds
[runlim] sample:		259.81 time, 260.01 real, 633 MB, 1.03 load
SAT

=> TOTAL COMPLETION TIME (Makespan / UB): 563
Schedule is valid
 Time taken: 260.46 seconds
SAT

=> TOTAL COMPLETION TIME (Makespan / UB): 562
Schedule is valid
 Time taken: 262.26 seconds
[runlim] sample:		269.81 time, 270.01 real, 631 MB, 1.03 load
[runlim] sample:		279.80 time, 280.01 real, 632 MB, 1.18 load
[runlim] sample:		289.80 time, 290.01 real, 632 MB, 1.15 load
[runlim] sample:		299.80 time, 300.01 real, 629 MB, 1.13 load
[runlim] sample:		309.79 time, 310.01 real, 636 MB, 1.11 load
SAT

=> TOTAL COMPLETION TIME (Makespan / UB): 561
Schedule is valid
 Time taken: 310.47 seconds
SAT

=> TOTAL COMPLETION TIME (Makespan / UB): 560
Schedule is valid
 Time taken: 313.94 seconds
SAT

=> TOTAL COMPLETION TIME (Makespan / UB): 559
Schedule is valid
 Time taken: 316.47 seconds
[runlim] sample:		319.79 time, 320.01 real, 635 MB, 1.09 load
SAT

=> TOTAL COMPLETION TIME (Makespan / UB): 558
Schedule is valid
 Time taken: 326.55 seconds
[runlim] sample:		329.78 time, 330.01 real, 632 MB, 1.08 load
SAT

=> TOTAL COMPLETION TIME (Makespan / UB): 557
Schedule is valid
 Time taken: 336.53 seconds
SAT

=> TOTAL COMPLETION TIME (Makespan / UB): 556
Schedule is valid
 Time taken: 339.18 seconds
[runlim] sample:		339.78 time, 340.01 real, 630 MB, 1.06 load
SAT

=> TOTAL COMPLETION TIME (Makespan / UB): 555
Schedule is valid
 Time taken: 349.60 seconds
[runlim] sample:		349.78 time, 350.01 real, 630 MB, 1.05 load
[runlim] sample:		359.77 time, 360.01 real, 629 MB, 1.04 load
[runlim] sample:		369.76 time, 370.01 real, 629 MB, 1.04 load
[runlim] sample:		379.75 time, 380.01 real, 630 MB, 1.03 load
[runlim] sample:		389.75 time, 390.01 real, 624 MB, 1.03 load
[runlim] sample:		399.75 time, 400.01 real, 634 MB, 1.02 load
SAT

=> TOTAL COMPLETION TIME (Makespan / UB): 554
Schedule is valid
 Time taken: 407.06 seconds
[runlim] sample:		409.75 time, 410.01 real, 633 MB, 1.02 load
[runlim] sample:		419.74 time, 420.01 real, 629 MB, 1.01 load
[runlim] sample:		429.74 time, 430.01 real, 629 MB, 1.01 load
[runlim] sample:		439.73 time, 440.01 real, 629 MB, 1.01 load
[runlim] sample:		449.73 time, 450.01 real, 628 MB, 1.01 load
[runlim] sample:		459.72 time, 460.01 real, 631 MB, 1.01 load
[runlim] sample:		469.72 time, 470.01 real, 631 MB, 1.00 load
[runlim] sample:		479.71 time, 480.01 real, 632 MB, 1.00 load
[runlim] sample:		489.71 time, 490.01 real, 626 MB, 1.00 load
[runlim] sample:		499.70 time, 500.01 real, 620 MB, 1.00 load
[runlim] sample:		509.69 time, 510.01 real, 621 MB, 1.00 load
[runlim] sample:		519.69 time, 520.01 real, 620 MB, 1.00 load
[runlim] sample:		529.68 time, 530.01 real, 620 MB, 1.00 load
[runlim] sample:		539.68 time, 540.01 real, 621 MB, 1.00 load
[runlim] sample:		549.67 time, 550.01 real, 621 MB, 1.00 load
[runlim] sample:		559.67 time, 560.01 real, 621 MB, 1.00 load
[runlim] sample:		569.67 time, 570.01 real, 624 MB, 1.00 load
[runlim] sample:		579.66 time, 580.01 real, 635 MB, 1.00 load
[runlim] sample:		589.65 time, 590.01 real, 635 MB, 1.00 load
[runlim] sample:		599.65 time, 600.01 real, 635 MB, 1.00 load
[runlim] sample:		609.64 time, 610.01 real, 635 MB, 1.00 load
[runlim] sample:		619.64 time, 620.01 real, 632 MB, 1.00 load
[runlim] sample:		629.63 time, 630.01 real, 632 MB, 1.00 load
[runlim] sample:		639.63 time, 640.01 real, 635 MB, 1.00 load
[runlim] sample:		649.62 time, 650.01 real, 635 MB, 1.00 load
SAT

=> TOTAL COMPLETION TIME (Makespan / UB): 553
Schedule is valid
 Time taken: 651.56 seconds
SAT

=> TOTAL COMPLETION TIME (Makespan / UB): 552
Schedule is valid
 Time taken: 654.21 seconds
SAT

=> TOTAL COMPLETION TIME (Makespan / UB): 551
Schedule is valid
 Time taken: 654.22 seconds
SAT

=> TOTAL COMPLETION TIME (Makespan / UB): 550
Schedule is valid
 Time taken: 658.35 seconds
[runlim] sample:		659.62 time, 660.01 real, 632 MB, 1.00 load
SAT

=> TOTAL COMPLETION TIME (Makespan / UB): 549
Schedule is valid
 Time taken: 660.52 seconds
SAT

=> TOTAL COMPLETION TIME (Makespan / UB): 548
Schedule is valid
 Time taken: 662.10 seconds
[runlim] sample:		669.61 time, 670.01 real, 623 MB, 1.00 load
[runlim] sample:		679.60 time, 680.01 real, 623 MB, 1.00 load
[runlim] sample:		689.60 time, 690.01 real, 628 MB, 1.00 load
[runlim] sample:		699.60 time, 700.01 real, 624 MB, 1.00 load
[runlim] sample:		709.59 time, 710.01 real, 624 MB, 1.00 load
[runlim] sample:		719.58 time, 720.01 real, 634 MB, 1.00 load
SAT

=> TOTAL COMPLETION TIME (Makespan / UB): 547
Schedule is valid
 Time taken: 725.81 seconds
[runlim] sample:		729.57 time, 730.01 real, 633 MB, 1.00 load
[runlim] sample:		739.57 time, 740.01 real, 629 MB, 1.00 load
[runlim] sample:		749.57 time, 750.01 real, 626 MB, 1.00 load
[runlim] sample:		759.56 time, 760.01 real, 626 MB, 1.00 load
[runlim] sample:		769.55 time, 770.01 real, 621 MB, 1.00 load
[runlim] sample:		779.55 time, 780.01 real, 621 MB, 1.08 load
[runlim] sample:		789.55 time, 790.01 real, 633 MB, 1.14 load
[runlim] sample:		799.54 time, 800.01 real, 633 MB, 1.19 load
[runlim] sample:		809.54 time, 810.01 real, 631 MB, 1.24 load
[runlim] sample:		819.53 time, 820.01 real, 631 MB, 1.27 load
[runlim] sample:		829.52 time, 830.01 real, 619 MB, 1.31 load
[runlim] sample:		839.53 time, 840.01 real, 619 MB, 1.33 load
[runlim] sample:		849.52 time, 850.01 real, 619 MB, 1.35 load
[runlim] sample:		859.51 time, 860.01 real, 620 MB, 1.37 load
[runlim] sample:		869.51 time, 870.01 real, 620 MB, 1.39 load
[runlim] sample:		879.50 time, 880.01 real, 620 MB, 1.40 load
[runlim] sample:		889.50 time, 890.01 real, 621 MB, 1.42 load
SAT

=> TOTAL COMPLETION TIME (Makespan / UB): 546
Schedule is valid
 Time taken: 893.46 seconds
[runlim] sample:		899.49 time, 900.01 real, 634 MB, 1.42 load
[runlim] sample:		909.49 time, 910.01 real, 634 MB, 1.43 load
[runlim] sample:		919.48 time, 920.01 real, 629 MB, 1.37 load
[runlim] sample:		929.47 time, 930.01 real, 629 MB, 1.31 load
[runlim] sample:		939.47 time, 940.01 real, 625 MB, 1.26 load
[runlim] sample:		949.46 time, 950.01 real, 625 MB, 1.22 load
[runlim] sample:		959.46 time, 960.01 real, 637 MB, 1.19 load
[runlim] sample:		969.46 time, 970.01 real, 637 MB, 1.16 load
[runlim] sample:		979.46 time, 980.01 real, 637 MB, 1.13 load
[runlim] sample:		989.44 time, 990.01 real, 631 MB, 1.11 load
[runlim] sample:		999.44 time, 1000.01 real, 631 MB, 1.09 load
[runlim] sample:		1009.43 time, 1010.01 real, 621 MB, 1.08 load
[runlim] sample:		1019.43 time, 1020.01 real, 621 MB, 1.07 load
[runlim] sample:		1029.42 time, 1030.01 real, 622 MB, 1.06 load
[runlim] sample:		1039.42 time, 1040.01 real, 622 MB, 1.05 load
[runlim] sample:		1049.42 time, 1050.01 real, 623 MB, 1.04 load
[runlim] sample:		1059.41 time, 1060.01 real, 623 MB, 1.03 load
[runlim] sample:		1069.41 time, 1070.01 real, 623 MB, 1.03 load
SAT

=> TOTAL COMPLETION TIME (Makespan / UB): 545
Schedule is valid
 Time taken: 1071.80 seconds
[runlim] sample:		1079.40 time, 1080.01 real, 627 MB, 1.02 load
[runlim] sample:		1089.40 time, 1090.01 real, 633 MB, 1.02 load
[runlim] sample:		1099.39 time, 1100.01 real, 633 MB, 1.02 load
[runlim] sample:		1109.39 time, 1110.01 real, 633 MB, 1.01 load
SAT

=> TOTAL COMPLETION TIME (Makespan / UB): 544
Schedule is valid
 Time taken: 1114.18 seconds
[runlim] sample:		1119.38 time, 1120.01 real, 624 MB, 1.01 load
[runlim] sample:		1129.38 time, 1130.01 real, 624 MB, 1.01 load
[runlim] sample:		1139.37 time, 1140.01 real, 634 MB, 1.01 load
[runlim] sample:		1149.37 time, 1150.01 real, 634 MB, 1.00 load
[runlim] sample:		1159.36 time, 1160.01 real, 626 MB, 1.00 load
SAT

=> TOTAL COMPLETION TIME (Makespan / UB): 543
Schedule is valid
 Time taken: 1163.08 seconds
SAT

=> TOTAL COMPLETION TIME (Makespan / UB): 542
Schedule is valid
 Time taken: 1163.71 seconds
SAT

=> TOTAL COMPLETION TIME (Makespan / UB): 541
Schedule is valid
 Time taken: 1163.74 seconds
[runlim] sample:		1169.36 time, 1170.01 real, 625 MB, 1.00 load
[runlim] sample:		1179.35 time, 1180.01 real, 625 MB, 1.00 load
[runlim] sample:		1189.35 time, 1190.01 real, 632 MB, 1.00 load
[runlim] sample:		1199.35 time, 1200.01 real, 632 MB, 1.00 load
SAT

=> TOTAL COMPLETION TIME (Makespan / UB): 540
Schedule is valid
 Time taken: 1207.23 seconds
[runlim] sample:		1209.34 time, 1210.01 real, 625 MB, 1.00 load
[runlim] sample:		1219.34 time, 1220.01 real, 625 MB, 1.00 load
[runlim] sample:		1229.33 time, 1230.01 real, 635 MB, 1.00 load
[runlim] sample:		1239.33 time, 1240.01 real, 635 MB, 1.00 load
[runlim] sample:		1249.32 time, 1250.01 real, 627 MB, 1.00 load
[runlim] sample:		1259.32 time, 1260.01 real, 627 MB, 1.00 load
[runlim] sample:		1269.31 time, 1270.01 real, 627 MB, 1.00 load
[runlim] sample:		1279.31 time, 1280.01 real, 638 MB, 1.15 load
[runlim] sample:		1289.31 time, 1290.01 real, 638 MB, 1.20 load
[runlim] sample:		1299.30 time, 1300.01 real, 638 MB, 1.17 load
[runlim] sample:		1309.29 time, 1310.01 real, 634 MB, 1.15 load
[runlim] sample:		1319.29 time, 1320.01 real, 634 MB, 1.12 load
[runlim] sample:		1329.29 time, 1330.01 real, 624 MB, 1.10 load
[runlim] sample:		1339.28 time, 1340.01 real, 624 MB, 1.09 load
[runlim] sample:		1349.28 time, 1350.01 real, 624 MB, 1.07 load
[runlim] sample:		1359.27 time, 1360.01 real, 625 MB, 1.06 load
[runlim] sample:		1369.27 time, 1370.01 real, 625 MB, 1.05 load
[runlim] sample:		1379.26 time, 1380.01 real, 625 MB, 1.04 load
[runlim] sample:		1389.26 time, 1390.01 real, 625 MB, 1.04 load
[runlim] sample:		1399.25 time, 1400.01 real, 625 MB, 1.03 load
[runlim] sample:		1409.25 time, 1410.01 real, 641 MB, 1.02 load
[runlim] sample:		1419.25 time, 1420.01 real, 641 MB, 1.02 load
[runlim] sample:		1429.24 time, 1430.01 real, 641 MB, 1.10 load
[runlim] sample:		1439.24 time, 1440.01 real, 642 MB, 1.08 load
[runlim] sample:		1449.23 time, 1450.01 real, 642 MB, 1.07 load
[runlim] sample:		1459.22 time, 1460.01 real, 642 MB, 1.06 load
[runlim] sample:		1469.22 time, 1470.01 real, 642 MB, 1.05 load
[runlim] sample:		1479.21 time, 1480.01 real, 642 MB, 1.11 load
[runlim] sample:		1489.20 time, 1490.01 real, 642 MB, 1.10 load
[runlim] sample:		1499.20 time, 1500.01 real, 642 MB, 1.08 load
[runlim] sample:		1509.20 time, 1510.01 real, 645 MB, 1.07 load
SAT

=> TOTAL COMPLETION TIME (Makespan / UB): 539
Schedule is valid
 Time taken: 1516.90 seconds
SAT

=> TOTAL COMPLETION TIME (Makespan / UB): 538
Schedule is valid
 Time taken: 1519.66 seconds
[runlim] sample:		1519.19 time, 1520.01 real, 645 MB, 1.06 load
[runlim] sample:		1529.18 time, 1530.01 real, 634 MB, 1.05 load
[runlim] sample:		1539.17 time, 1540.01 real, 634 MB, 1.04 load
[runlim] sample:		1549.17 time, 1550.01 real, 634 MB, 1.03 load
[runlim] sample:		1559.17 time, 1560.01 real, 629 MB, 1.03 load
[runlim] sample:		1569.16 time, 1570.01 real, 629 MB, 1.02 load
[runlim] sample:		1579.16 time, 1580.01 real, 638 MB, 1.02 load
[runlim] sample:		1589.15 time, 1590.01 real, 638 MB, 1.02 load
[runlim] sample:		1599.15 time, 1600.01 real, 638 MB, 1.01 load
[runlim] sample:		1609.15 time, 1610.01 real, 640 MB, 1.01 load
[runlim] sample:		1619.15 time, 1620.01 real, 640 MB, 1.01 load
[runlim] sample:		1629.14 time, 1630.01 real, 640 MB, 1.01 load
[runlim] sample:		1639.14 time, 1640.01 real, 625 MB, 1.00 load
[runlim] sample:		1649.13 time, 1650.01 real, 625 MB, 1.00 load
[runlim] sample:		1659.13 time, 1660.01 real, 625 MB, 1.00 load
[runlim] sample:		1669.13 time, 1670.01 real, 627 MB, 1.00 load
[runlim] sample:		1679.12 time, 1680.01 real, 627 MB, 1.00 load
[runlim] sample:		1689.12 time, 1690.01 real, 627 MB, 1.00 load
[runlim] sample:		1699.12 time, 1700.01 real, 628 MB, 1.00 load
[runlim] sample:		1709.11 time, 1710.01 real, 628 MB, 1.00 load
SAT

=> TOTAL COMPLETION TIME (Makespan / UB): 537
Schedule is valid
 Time taken: 1711.79 seconds
[runlim] sample:		1719.11 time, 1720.01 real, 642 MB, 1.00 load
[runlim] sample:		1729.11 time, 1730.01 real, 642 MB, 1.00 load
[runlim] sample:		1739.11 time, 1740.01 real, 642 MB, 1.00 load
[runlim] sample:		1749.10 time, 1750.01 real, 632 MB, 1.00 load
[runlim] sample:		1759.10 time, 1760.01 real, 632 MB, 1.00 load
[runlim] sample:		1769.10 time, 1770.01 real, 632 MB, 1.00 load
[runlim] sample:		1779.09 time, 1780.01 real, 638 MB, 1.08 load
[runlim] sample:		1789.09 time, 1790.01 real, 638 MB, 1.14 load
[runlim] sample:		1799.08 time, 1800.01 real, 638 MB, 1.12 load
[runlim] end:			Sun Apr 19 11:01:26 2026
[runlim] status:		out of time
[runlim] result:		2
[runlim] children:		1
[runlim] processes:		2
[runlim] real:			1801.06 seconds
[runlim] time:			1799.08 seconds
[runlim] space:			946 MB
[runlim] load:			1.47 maximum
[runlim] samples:		18000
