[runlim] version:		2.0.0rc12
[runlim] host:			ap-Precision-7550
[runlim] time limit:		311040000 seconds
[runlim] real time limit:	1800 seconds
[runlim] space limit:		14000 MB
[runlim] argv[0]:		python3
[runlim] argv[1]:		-u
[runlim] argv[2]:		main.py
[runlim] argv[3]:		datasets/dafjs/DAFJS12
[runlim] start:			Sun Apr 19 02:05:34 2026
[runlim] child:			27025
Operations: 117, Edges: 114, Machines: 10
Greedy Schedule UB: 791
Building constraints took 9.15 seconds.
SAT

=> TOTAL COMPLETION TIME (Makespan / UB): 790
Schedule is valid
 Time taken: 9.81 seconds
[runlim] sample:		9.99 time, 10.01 real, 900 MB, 1.26 load
[runlim] sample:		19.98 time, 20.01 real, 1303 MB, 1.22 load
SAT

=> TOTAL COMPLETION TIME (Makespan / UB): 789
Schedule is valid
 Time taken: 22.93 seconds
SAT

=> TOTAL COMPLETION TIME (Makespan / UB): 788
Schedule is valid
 Time taken: 28.10 seconds
[runlim] sample:		29.98 time, 30.01 real, 1182 MB, 1.19 load
SAT

=> TOTAL COMPLETION TIME (Makespan / UB): 787
Schedule is valid
 Time taken: 32.48 seconds
[runlim] sample:		39.98 time, 40.01 real, 1176 MB, 1.16 load
SAT

=> TOTAL COMPLETION TIME (Makespan / UB): 786
Schedule is valid
 Time taken: 41.71 seconds
SAT

=> TOTAL COMPLETION TIME (Makespan / UB): 785
Schedule is valid
 Time taken: 42.13 seconds
SAT

=> TOTAL COMPLETION TIME (Makespan / UB): 784
Schedule is valid
 Time taken: 43.75 seconds
SAT

=> TOTAL COMPLETION TIME (Makespan / UB): 783
Schedule is valid
 Time taken: 43.76 seconds
SAT

=> TOTAL COMPLETION TIME (Makespan / UB): 782
Schedule is valid
 Time taken: 43.77 seconds
SAT

=> TOTAL COMPLETION TIME (Makespan / UB): 781
Schedule is valid
 Time taken: 43.78 seconds
SAT

=> TOTAL COMPLETION TIME (Makespan / UB): 780
Schedule is valid
 Time taken: 43.80 seconds
SAT

=> TOTAL COMPLETION TIME (Makespan / UB): 779
Schedule is valid
 Time taken: 43.81 seconds
SAT

=> TOTAL COMPLETION TIME (Makespan / UB): 778
Schedule is valid
 Time taken: 43.82 seconds
SAT

=> TOTAL COMPLETION TIME (Makespan / UB): 777
Schedule is valid
 Time taken: 43.83 seconds
SAT

=> TOTAL COMPLETION TIME (Makespan / UB): 776
Schedule is valid
 Time taken: 43.84 seconds
SAT

=> TOTAL COMPLETION TIME (Makespan / UB): 775
Schedule is valid
 Time taken: 43.85 seconds
SAT

=> TOTAL COMPLETION TIME (Makespan / UB): 774
Schedule is valid
 Time taken: 47.59 seconds
[runlim] sample:		49.97 time, 50.01 real, 1174 MB, 1.13 load
SAT

=> TOTAL COMPLETION TIME (Makespan / UB): 773
Schedule is valid
 Time taken: 50.42 seconds
SAT

=> TOTAL COMPLETION TIME (Makespan / UB): 772
Schedule is valid
 Time taken: 53.25 seconds
SAT

=> TOTAL COMPLETION TIME (Makespan / UB): 771
Schedule is valid
 Time taken: 55.39 seconds
[runlim] sample:		59.96 time, 60.01 real, 1173 MB, 1.11 load
SAT

=> TOTAL COMPLETION TIME (Makespan / UB): 770
Schedule is valid
 Time taken: 66.21 seconds
SAT

=> TOTAL COMPLETION TIME (Makespan / UB): 769
Schedule is valid
 Time taken: 66.86 seconds
SAT

=> TOTAL COMPLETION TIME (Makespan / UB): 768
Schedule is valid
 Time taken: 68.15 seconds
SAT

=> TOTAL COMPLETION TIME (Makespan / UB): 767
Schedule is valid
 Time taken: 68.19 seconds
SAT

=> TOTAL COMPLETION TIME (Makespan / UB): 766
Schedule is valid
 Time taken: 68.20 seconds
SAT

=> TOTAL COMPLETION TIME (Makespan / UB): 765
Schedule is valid
 Time taken: 68.22 seconds
SAT

=> TOTAL COMPLETION TIME (Makespan / UB): 764
Schedule is valid
 Time taken: 68.24 seconds
SAT

=> TOTAL COMPLETION TIME (Makespan / UB): 763
Schedule is valid
 Time taken: 68.85 seconds
[runlim] sample:		69.95 time, 70.01 real, 1171 MB, 1.10 load
SAT

=> TOTAL COMPLETION TIME (Makespan / UB): 762
Schedule is valid
 Time taken: 71.33 seconds
SAT

=> TOTAL COMPLETION TIME (Makespan / UB): 761
Schedule is valid
 Time taken: 72.74 seconds
SAT

=> TOTAL COMPLETION TIME (Makespan / UB): 760
Schedule is valid
 Time taken: 76.58 seconds
[runlim] sample:		79.93 time, 80.01 real, 1168 MB, 1.08 load
SAT

=> TOTAL COMPLETION TIME (Makespan / UB): 759
Schedule is valid
 Time taken: 80.00 seconds
SAT

=> TOTAL COMPLETION TIME (Makespan / UB): 758
Schedule is valid
 Time taken: 80.62 seconds
[runlim] sample:		89.92 time, 90.01 real, 1169 MB, 1.07 load
SAT

=> TOTAL COMPLETION TIME (Makespan / UB): 757
Schedule is valid
 Time taken: 91.36 seconds
SAT

=> TOTAL COMPLETION TIME (Makespan / UB): 756
Schedule is valid
 Time taken: 93.85 seconds
SAT

=> TOTAL COMPLETION TIME (Makespan / UB): 755
Schedule is valid
 Time taken: 98.36 seconds
[runlim] sample:		99.91 time, 100.01 real, 1162 MB, 1.06 load
SAT

=> TOTAL COMPLETION TIME (Makespan / UB): 754
Schedule is valid
 Time taken: 100.71 seconds
SAT

=> TOTAL COMPLETION TIME (Makespan / UB): 753
Schedule is valid
 Time taken: 101.29 seconds
SAT

=> TOTAL COMPLETION TIME (Makespan / UB): 752
Schedule is valid
 Time taken: 101.73 seconds
SAT

=> TOTAL COMPLETION TIME (Makespan / UB): 751
Schedule is valid
 Time taken: 101.78 seconds
SAT

=> TOTAL COMPLETION TIME (Makespan / UB): 750
Schedule is valid
 Time taken: 102.90 seconds
SAT

=> TOTAL COMPLETION TIME (Makespan / UB): 749
Schedule is valid
 Time taken: 103.41 seconds
SAT

=> TOTAL COMPLETION TIME (Makespan / UB): 748
Schedule is valid
 Time taken: 105.68 seconds
SAT

=> TOTAL COMPLETION TIME (Makespan / UB): 747
Schedule is valid
 Time taken: 106.18 seconds
SAT

=> TOTAL COMPLETION TIME (Makespan / UB): 746
Schedule is valid
 Time taken: 106.68 seconds
[runlim] sample:		109.90 time, 110.01 real, 1159 MB, 1.05 load
SAT

=> TOTAL COMPLETION TIME (Makespan / UB): 745
Schedule is valid
 Time taken: 111.07 seconds
SAT

=> TOTAL COMPLETION TIME (Makespan / UB): 744
Schedule is valid
 Time taken: 111.89 seconds
SAT

=> TOTAL COMPLETION TIME (Makespan / UB): 743
Schedule is valid
 Time taken: 111.91 seconds
SAT

=> TOTAL COMPLETION TIME (Makespan / UB): 742
Schedule is valid
 Time taken: 112.72 seconds
SAT

=> TOTAL COMPLETION TIME (Makespan / UB): 741
Schedule is valid
 Time taken: 113.31 seconds
[runlim] sample:		119.90 time, 120.01 real, 1160 MB, 1.04 load
SAT

=> TOTAL COMPLETION TIME (Makespan / UB): 740
Schedule is valid
 Time taken: 121.43 seconds
SAT

=> TOTAL COMPLETION TIME (Makespan / UB): 739
Schedule is valid
 Time taken: 125.14 seconds
SAT

=> TOTAL COMPLETION TIME (Makespan / UB): 738
Schedule is valid
 Time taken: 125.16 seconds
SAT

=> TOTAL COMPLETION TIME (Makespan / UB): 737
Schedule is valid
 Time taken: 127.60 seconds
[runlim] sample:		129.89 time, 130.01 real, 1151 MB, 1.03 load
SAT

=> TOTAL COMPLETION TIME (Makespan / UB): 736
Schedule is valid
 Time taken: 130.58 seconds
SAT

=> TOTAL COMPLETION TIME (Makespan / UB): 735
Schedule is valid
 Time taken: 131.15 seconds
SAT

=> TOTAL COMPLETION TIME (Makespan / UB): 734
Schedule is valid
 Time taken: 136.25 seconds
SAT

=> TOTAL COMPLETION TIME (Makespan / UB): 733
Schedule is valid
 Time taken: 137.99 seconds
SAT

=> TOTAL COMPLETION TIME (Makespan / UB): 732
Schedule is valid
 Time taken: 138.59 seconds
SAT

=> TOTAL COMPLETION TIME (Makespan / UB): 731
Schedule is valid
 Time taken: 139.31 seconds
SAT

=> TOTAL COMPLETION TIME (Makespan / UB): 730
Schedule is valid
 Time taken: 139.88 seconds
[runlim] sample:		139.89 time, 140.01 real, 1148 MB, 1.03 load
SAT

=> TOTAL COMPLETION TIME (Makespan / UB): 729
Schedule is valid
 Time taken: 140.48 seconds
SAT

=> TOTAL COMPLETION TIME (Makespan / UB): 728
Schedule is valid
 Time taken: 141.07 seconds
SAT

=> TOTAL COMPLETION TIME (Makespan / UB): 727
Schedule is valid
 Time taken: 141.78 seconds
SAT

=> TOTAL COMPLETION TIME (Makespan / UB): 726
Schedule is valid
 Time taken: 141.80 seconds
SAT

=> TOTAL COMPLETION TIME (Makespan / UB): 725
Schedule is valid
 Time taken: 142.30 seconds
SAT

=> TOTAL COMPLETION TIME (Makespan / UB): 724
Schedule is valid
 Time taken: 142.33 seconds
SAT

=> TOTAL COMPLETION TIME (Makespan / UB): 723
Schedule is valid
 Time taken: 145.48 seconds
SAT

=> TOTAL COMPLETION TIME (Makespan / UB): 722
Schedule is valid
 Time taken: 146.13 seconds
SAT

=> TOTAL COMPLETION TIME (Makespan / UB): 721
Schedule is valid
 Time taken: 146.79 seconds
[runlim] sample:		149.87 time, 150.01 real, 1190 MB, 1.02 load
SAT

=> TOTAL COMPLETION TIME (Makespan / UB): 720
Schedule is valid
 Time taken: 154.69 seconds
SAT

=> TOTAL COMPLETION TIME (Makespan / UB): 719
Schedule is valid
 Time taken: 159.60 seconds
[runlim] sample:		159.87 time, 160.01 real, 1139 MB, 1.02 load
SAT

=> TOTAL COMPLETION TIME (Makespan / UB): 718
Schedule is valid
 Time taken: 160.32 seconds
SAT

=> TOTAL COMPLETION TIME (Makespan / UB): 717
Schedule is valid
 Time taken: 160.81 seconds
SAT

=> TOTAL COMPLETION TIME (Makespan / UB): 716
Schedule is valid
 Time taken: 161.24 seconds
SAT

=> TOTAL COMPLETION TIME (Makespan / UB): 715
Schedule is valid
 Time taken: 161.27 seconds
SAT

=> TOTAL COMPLETION TIME (Makespan / UB): 714
Schedule is valid
 Time taken: 163.98 seconds
SAT

=> TOTAL COMPLETION TIME (Makespan / UB): 713
Schedule is valid
 Time taken: 167.07 seconds
SAT

=> TOTAL COMPLETION TIME (Makespan / UB): 712
Schedule is valid
 Time taken: 169.04 seconds
[runlim] sample:		169.86 time, 170.01 real, 1134 MB, 1.02 load
SAT

=> TOTAL COMPLETION TIME (Makespan / UB): 711
Schedule is valid
 Time taken: 171.91 seconds
SAT

=> TOTAL COMPLETION TIME (Makespan / UB): 710
Schedule is valid
 Time taken: 174.30 seconds
SAT

=> TOTAL COMPLETION TIME (Makespan / UB): 709
Schedule is valid
 Time taken: 176.51 seconds
SAT

=> TOTAL COMPLETION TIME (Makespan / UB): 708
Schedule is valid
 Time taken: 177.15 seconds
SAT

=> TOTAL COMPLETION TIME (Makespan / UB): 707
Schedule is valid
 Time taken: 177.17 seconds
SAT

=> TOTAL COMPLETION TIME (Makespan / UB): 706
Schedule is valid
 Time taken: 177.18 seconds
SAT

=> TOTAL COMPLETION TIME (Makespan / UB): 705
Schedule is valid
 Time taken: 177.19 seconds
[runlim] sample:		179.85 time, 180.01 real, 1129 MB, 1.01 load
SAT

=> TOTAL COMPLETION TIME (Makespan / UB): 704
Schedule is valid
 Time taken: 180.27 seconds
SAT

=> TOTAL COMPLETION TIME (Makespan / UB): 703
Schedule is valid
 Time taken: 182.45 seconds
[runlim] sample:		189.83 time, 190.01 real, 1130 MB, 1.01 load
SAT

=> TOTAL COMPLETION TIME (Makespan / UB): 702
Schedule is valid
 Time taken: 191.72 seconds
SAT

=> TOTAL COMPLETION TIME (Makespan / UB): 701
Schedule is valid
 Time taken: 192.34 seconds
SAT

=> TOTAL COMPLETION TIME (Makespan / UB): 700
Schedule is valid
 Time taken: 195.61 seconds
SAT

=> TOTAL COMPLETION TIME (Makespan / UB): 699
Schedule is valid
 Time taken: 197.65 seconds
[runlim] sample:		199.83 time, 200.01 real, 1128 MB, 1.01 load
SAT

=> TOTAL COMPLETION TIME (Makespan / UB): 698
Schedule is valid
 Time taken: 202.22 seconds
SAT

=> TOTAL COMPLETION TIME (Makespan / UB): 697
Schedule is valid
 Time taken: 204.59 seconds
SAT

=> TOTAL COMPLETION TIME (Makespan / UB): 696
Schedule is valid
 Time taken: 206.91 seconds
[runlim] sample:		209.82 time, 210.01 real, 1123 MB, 1.01 load
SAT

=> TOTAL COMPLETION TIME (Makespan / UB): 695
Schedule is valid
 Time taken: 210.38 seconds
SAT

=> TOTAL COMPLETION TIME (Makespan / UB): 694
Schedule is valid
 Time taken: 210.39 seconds
SAT

=> TOTAL COMPLETION TIME (Makespan / UB): 693
Schedule is valid
 Time taken: 213.11 seconds
SAT

=> TOTAL COMPLETION TIME (Makespan / UB): 692
Schedule is valid
 Time taken: 213.73 seconds
SAT

=> TOTAL COMPLETION TIME (Makespan / UB): 691
Schedule is valid
 Time taken: 216.62 seconds
SAT

=> TOTAL COMPLETION TIME (Makespan / UB): 690
Schedule is valid
 Time taken: 217.16 seconds
SAT

=> TOTAL COMPLETION TIME (Makespan / UB): 689
Schedule is valid
 Time taken: 219.56 seconds
[runlim] sample:		219.81 time, 220.01 real, 1122 MB, 1.00 load
SAT

=> TOTAL COMPLETION TIME (Makespan / UB): 688
Schedule is valid
 Time taken: 226.99 seconds
[runlim] sample:		229.81 time, 230.01 real, 1120 MB, 1.00 load
SAT

=> TOTAL COMPLETION TIME (Makespan / UB): 687
Schedule is valid
 Time taken: 230.36 seconds
SAT

=> TOTAL COMPLETION TIME (Makespan / UB): 686
Schedule is valid
 Time taken: 233.47 seconds
SAT

=> TOTAL COMPLETION TIME (Makespan / UB): 685
Schedule is valid
 Time taken: 235.60 seconds
SAT

=> TOTAL COMPLETION TIME (Makespan / UB): 684
Schedule is valid
 Time taken: 238.41 seconds
[runlim] sample:		239.80 time, 240.01 real, 1071 MB, 1.00 load
SAT

=> TOTAL COMPLETION TIME (Makespan / UB): 683
Schedule is valid
 Time taken: 241.23 seconds
SAT

=> TOTAL COMPLETION TIME (Makespan / UB): 682
Schedule is valid
 Time taken: 244.18 seconds
SAT

=> TOTAL COMPLETION TIME (Makespan / UB): 681
Schedule is valid
 Time taken: 248.48 seconds
SAT

=> TOTAL COMPLETION TIME (Makespan / UB): 680
Schedule is valid
 Time taken: 249.12 seconds
[runlim] sample:		249.80 time, 250.01 real, 1071 MB, 1.00 load
SAT

=> TOTAL COMPLETION TIME (Makespan / UB): 679
Schedule is valid
 Time taken: 251.81 seconds
SAT

=> TOTAL COMPLETION TIME (Makespan / UB): 678
Schedule is valid
 Time taken: 255.65 seconds
[runlim] sample:		259.79 time, 260.01 real, 1068 MB, 1.00 load
[runlim] sample:		269.78 time, 270.01 real, 1057 MB, 1.00 load
SAT

=> TOTAL COMPLETION TIME (Makespan / UB): 677
Schedule is valid
 Time taken: 271.21 seconds
SAT

=> TOTAL COMPLETION TIME (Makespan / UB): 676
Schedule is valid
 Time taken: 275.04 seconds
SAT

=> TOTAL COMPLETION TIME (Makespan / UB): 675
Schedule is valid
 Time taken: 278.21 seconds
SAT

=> TOTAL COMPLETION TIME (Makespan / UB): 674
Schedule is valid
 Time taken: 278.77 seconds
[runlim] sample:		279.77 time, 280.01 real, 1056 MB, 1.00 load
SAT

=> TOTAL COMPLETION TIME (Makespan / UB): 673
Schedule is valid
 Time taken: 281.23 seconds
SAT

=> TOTAL COMPLETION TIME (Makespan / UB): 672
Schedule is valid
 Time taken: 283.32 seconds
SAT

=> TOTAL COMPLETION TIME (Makespan / UB): 671
Schedule is valid
 Time taken: 286.29 seconds
SAT

=> TOTAL COMPLETION TIME (Makespan / UB): 670
Schedule is valid
 Time taken: 288.63 seconds
[runlim] sample:		289.76 time, 290.01 real, 1055 MB, 1.00 load
SAT

=> TOTAL COMPLETION TIME (Makespan / UB): 669
Schedule is valid
 Time taken: 290.96 seconds
SAT

=> TOTAL COMPLETION TIME (Makespan / UB): 668
Schedule is valid
 Time taken: 295.03 seconds
SAT

=> TOTAL COMPLETION TIME (Makespan / UB): 667
Schedule is valid
 Time taken: 297.50 seconds
[runlim] sample:		299.76 time, 300.01 real, 1093 MB, 1.00 load
[runlim] sample:		309.76 time, 310.01 real, 1089 MB, 1.00 load
SAT

=> TOTAL COMPLETION TIME (Makespan / UB): 666
Schedule is valid
 Time taken: 316.31 seconds
SAT

=> TOTAL COMPLETION TIME (Makespan / UB): 665
Schedule is valid
 Time taken: 319.34 seconds
[runlim] sample:		319.75 time, 320.01 real, 1053 MB, 1.00 load
SAT

=> TOTAL COMPLETION TIME (Makespan / UB): 664
Schedule is valid
 Time taken: 321.99 seconds
[runlim] sample:		329.75 time, 330.01 real, 1050 MB, 1.15 load
SAT

=> TOTAL COMPLETION TIME (Makespan / UB): 663
Schedule is valid
 Time taken: 332.13 seconds
SAT

=> TOTAL COMPLETION TIME (Makespan / UB): 662
Schedule is valid
 Time taken: 334.92 seconds
SAT

=> TOTAL COMPLETION TIME (Makespan / UB): 661
Schedule is valid
 Time taken: 338.18 seconds
[runlim] sample:		339.74 time, 340.01 real, 1049 MB, 1.13 load
SAT

=> TOTAL COMPLETION TIME (Makespan / UB): 660
Schedule is valid
 Time taken: 347.03 seconds
[runlim] sample:		349.74 time, 350.01 real, 1049 MB, 1.11 load
SAT

=> TOTAL COMPLETION TIME (Makespan / UB): 659
Schedule is valid
 Time taken: 350.20 seconds
SAT

=> TOTAL COMPLETION TIME (Makespan / UB): 658
Schedule is valid
 Time taken: 354.77 seconds
SAT

=> TOTAL COMPLETION TIME (Makespan / UB): 657
Schedule is valid
 Time taken: 357.33 seconds
SAT

=> TOTAL COMPLETION TIME (Makespan / UB): 656
Schedule is valid
 Time taken: 359.96 seconds
[runlim] sample:		359.74 time, 360.01 real, 1048 MB, 1.09 load
SAT

=> TOTAL COMPLETION TIME (Makespan / UB): 655
Schedule is valid
 Time taken: 363.25 seconds
[runlim] sample:		369.73 time, 370.01 real, 1047 MB, 1.08 load
SAT

=> TOTAL COMPLETION TIME (Makespan / UB): 654
Schedule is valid
 Time taken: 374.05 seconds
SAT

=> TOTAL COMPLETION TIME (Makespan / UB): 653
Schedule is valid
 Time taken: 378.79 seconds
[runlim] sample:		379.73 time, 380.01 real, 1046 MB, 1.06 load
SAT

=> TOTAL COMPLETION TIME (Makespan / UB): 652
Schedule is valid
 Time taken: 381.83 seconds
[runlim] sample:		389.73 time, 390.01 real, 1165 MB, 1.05 load
SAT

=> TOTAL COMPLETION TIME (Makespan / UB): 651
Schedule is valid
 Time taken: 398.07 seconds
[runlim] sample:		399.73 time, 400.01 real, 1042 MB, 1.12 load
SAT

=> TOTAL COMPLETION TIME (Makespan / UB): 650
Schedule is valid
 Time taken: 401.26 seconds
SAT

=> TOTAL COMPLETION TIME (Makespan / UB): 649
Schedule is valid
 Time taken: 403.52 seconds
[runlim] sample:		409.72 time, 410.01 real, 1041 MB, 1.10 load
SAT

=> TOTAL COMPLETION TIME (Makespan / UB): 648
Schedule is valid
 Time taken: 415.04 seconds
SAT

=> TOTAL COMPLETION TIME (Makespan / UB): 647
Schedule is valid
 Time taken: 417.54 seconds
[runlim] sample:		419.71 time, 420.01 real, 1040 MB, 1.08 load
SAT

=> TOTAL COMPLETION TIME (Makespan / UB): 646
Schedule is valid
 Time taken: 427.10 seconds
SAT

=> TOTAL COMPLETION TIME (Makespan / UB): 645
Schedule is valid
 Time taken: 429.91 seconds
[runlim] sample:		429.71 time, 430.01 real, 1040 MB, 1.07 load
SAT

=> TOTAL COMPLETION TIME (Makespan / UB): 644
Schedule is valid
 Time taken: 438.62 seconds
[runlim] sample:		439.70 time, 440.01 real, 1040 MB, 1.06 load
[runlim] sample:		449.70 time, 450.01 real, 1032 MB, 1.05 load
SAT

=> TOTAL COMPLETION TIME (Makespan / UB): 643
Schedule is valid
 Time taken: 453.12 seconds
SAT

=> TOTAL COMPLETION TIME (Makespan / UB): 642
Schedule is valid
 Time taken: 455.82 seconds
[runlim] sample:		459.70 time, 460.01 real, 1034 MB, 1.28 load
SAT

=> TOTAL COMPLETION TIME (Makespan / UB): 641
Schedule is valid
 Time taken: 464.96 seconds
[runlim] sample:		469.69 time, 470.01 real, 1032 MB, 1.23 load
SAT

=> TOTAL COMPLETION TIME (Makespan / UB): 640
Schedule is valid
 Time taken: 479.78 seconds
[runlim] sample:		479.69 time, 480.01 real, 1030 MB, 1.20 load
[runlim] sample:		489.68 time, 490.01 real, 1030 MB, 1.17 load
[runlim] sample:		499.68 time, 500.01 real, 1030 MB, 1.14 load
[runlim] sample:		509.67 time, 510.01 real, 1031 MB, 1.12 load
[runlim] sample:		519.67 time, 520.01 real, 1025 MB, 1.10 load
[runlim] sample:		529.66 time, 530.01 real, 1034 MB, 1.08 load
[runlim] sample:		539.65 time, 540.01 real, 1034 MB, 1.07 load
[runlim] sample:		549.65 time, 550.01 real, 1034 MB, 1.06 load
[runlim] sample:		559.65 time, 560.01 real, 1034 MB, 1.05 load
[runlim] sample:		569.64 time, 570.01 real, 1035 MB, 1.04 load
[runlim] sample:		579.64 time, 580.01 real, 1025 MB, 1.04 load
[runlim] sample:		589.64 time, 590.01 real, 1213 MB, 1.03 load
[runlim] sample:		599.63 time, 600.01 real, 1024 MB, 1.02 load
[runlim] sample:		609.63 time, 610.01 real, 1024 MB, 1.02 load
[runlim] sample:		619.63 time, 620.01 real, 1024 MB, 1.02 load
[runlim] sample:		629.63 time, 630.01 real, 1024 MB, 1.01 load
[runlim] sample:		639.62 time, 640.01 real, 1024 MB, 1.01 load
[runlim] sample:		649.62 time, 650.01 real, 1026 MB, 1.01 load
[runlim] sample:		659.62 time, 660.01 real, 1039 MB, 1.01 load
SAT

=> TOTAL COMPLETION TIME (Makespan / UB): 639
Schedule is valid
 Time taken: 662.03 seconds
[runlim] sample:		669.61 time, 670.01 real, 1039 MB, 1.01 load
[runlim] sample:		679.60 time, 680.01 real, 1030 MB, 1.00 load
[runlim] sample:		689.60 time, 690.01 real, 1030 MB, 1.00 load
[runlim] sample:		699.60 time, 700.01 real, 1029 MB, 1.00 load
[runlim] sample:		709.59 time, 710.01 real, 1026 MB, 1.00 load
[runlim] sample:		719.59 time, 720.01 real, 1026 MB, 1.00 load
[runlim] sample:		729.59 time, 730.01 real, 1026 MB, 1.00 load
[runlim] sample:		739.58 time, 740.01 real, 1039 MB, 1.00 load
[runlim] sample:		749.58 time, 750.01 real, 1087 MB, 1.00 load
[runlim] sample:		759.58 time, 760.01 real, 1034 MB, 1.00 load
[runlim] sample:		769.57 time, 770.01 real, 1034 MB, 1.00 load
[runlim] sample:		779.57 time, 780.01 real, 1021 MB, 1.00 load
[runlim] sample:		789.56 time, 790.01 real, 1021 MB, 1.00 load
[runlim] sample:		799.56 time, 800.01 real, 1022 MB, 1.00 load
[runlim] sample:		809.56 time, 810.01 real, 1022 MB, 1.00 load
[runlim] sample:		819.55 time, 820.01 real, 1022 MB, 1.00 load
[runlim] sample:		829.54 time, 830.01 real, 1022 MB, 1.15 load
[runlim] sample:		839.54 time, 840.01 real, 1021 MB, 1.13 load
SAT

=> TOTAL COMPLETION TIME (Makespan / UB): 638
Schedule is valid
 Time taken: 841.46 seconds
SAT

=> TOTAL COMPLETION TIME (Makespan / UB): 637
Schedule is valid
 Time taken: 844.26 seconds
SAT

=> TOTAL COMPLETION TIME (Makespan / UB): 636
Schedule is valid
 Time taken: 846.82 seconds
[runlim] sample:		849.54 time, 850.01 real, 1021 MB, 1.11 load
[runlim] sample:		859.53 time, 860.01 real, 1027 MB, 1.09 load
SAT

=> TOTAL COMPLETION TIME (Makespan / UB): 635
Schedule is valid
 Time taken: 861.61 seconds
[runlim] sample:		869.53 time, 870.01 real, 1029 MB, 1.08 load
SAT

=> TOTAL COMPLETION TIME (Makespan / UB): 634
Schedule is valid
 Time taken: 876.76 seconds
[runlim] sample:		879.53 time, 880.01 real, 1029 MB, 1.06 load
SAT

=> TOTAL COMPLETION TIME (Makespan / UB): 633
Schedule is valid
 Time taken: 885.60 seconds
[runlim] sample:		889.53 time, 890.01 real, 1029 MB, 1.05 load
[runlim] sample:		899.51 time, 900.01 real, 1029 MB, 1.05 load
[runlim] sample:		909.51 time, 910.01 real, 1024 MB, 1.04 load
[runlim] sample:		919.51 time, 920.01 real, 1024 MB, 1.03 load
[runlim] sample:		929.50 time, 930.01 real, 1022 MB, 1.03 load
[runlim] sample:		939.49 time, 940.01 real, 1030 MB, 1.02 load
[runlim] sample:		949.49 time, 950.01 real, 1030 MB, 1.02 load
[runlim] sample:		959.49 time, 960.01 real, 1030 MB, 1.02 load
SAT

=> TOTAL COMPLETION TIME (Makespan / UB): 632
Schedule is valid
 Time taken: 962.41 seconds
SAT

=> TOTAL COMPLETION TIME (Makespan / UB): 631
Schedule is valid
 Time taken: 966.47 seconds
[runlim] sample:		969.49 time, 970.01 real, 1067 MB, 1.01 load
[runlim] sample:		979.49 time, 980.01 real, 1067 MB, 1.01 load
[runlim] sample:		989.48 time, 990.01 real, 1024 MB, 1.01 load
[runlim] sample:		999.48 time, 1000.01 real, 1024 MB, 1.01 load
[runlim] sample:		1009.47 time, 1010.01 real, 1015 MB, 1.00 load
[runlim] sample:		1019.47 time, 1020.01 real, 1015 MB, 1.00 load
[runlim] sample:		1029.46 time, 1030.01 real, 1031 MB, 1.00 load
[runlim] sample:		1039.46 time, 1040.01 real, 1031 MB, 1.00 load
[runlim] sample:		1049.46 time, 1050.01 real, 1031 MB, 1.00 load
[runlim] sample:		1059.46 time, 1060.01 real, 1032 MB, 1.00 load
[runlim] sample:		1069.45 time, 1070.01 real, 1032 MB, 1.00 load
[runlim] sample:		1079.45 time, 1080.01 real, 1014 MB, 1.00 load
[runlim] sample:		1089.44 time, 1090.01 real, 1014 MB, 1.00 load
[runlim] sample:		1099.44 time, 1100.01 real, 1015 MB, 1.00 load
[runlim] sample:		1109.43 time, 1110.01 real, 1015 MB, 1.00 load
[runlim] sample:		1119.43 time, 1120.01 real, 1016 MB, 1.00 load
[runlim] sample:		1129.42 time, 1130.01 real, 1016 MB, 1.00 load
[runlim] sample:		1139.42 time, 1140.01 real, 1016 MB, 1.00 load
[runlim] sample:		1149.42 time, 1150.01 real, 1033 MB, 1.16 load
[runlim] sample:		1159.42 time, 1160.01 real, 1033 MB, 1.13 load
SAT

=> TOTAL COMPLETION TIME (Makespan / UB): 630
Schedule is valid
 Time taken: 1165.76 seconds
[runlim] sample:		1169.41 time, 1170.01 real, 1033 MB, 1.11 load
[runlim] sample:		1179.41 time, 1180.01 real, 1037 MB, 1.10 load
SAT

=> TOTAL COMPLETION TIME (Makespan / UB): 629
Schedule is valid
 Time taken: 1181.71 seconds
[runlim] sample:		1189.40 time, 1190.01 real, 1037 MB, 1.08 load
SAT

=> TOTAL COMPLETION TIME (Makespan / UB): 628
Schedule is valid
 Time taken: 1196.99 seconds
[runlim] sample:		1199.40 time, 1200.01 real, 1022 MB, 1.07 load
[runlim] sample:		1209.40 time, 1210.01 real, 1022 MB, 1.06 load
[runlim] sample:		1219.40 time, 1220.01 real, 1029 MB, 1.05 load
[runlim] sample:		1229.39 time, 1230.01 real, 1029 MB, 1.04 load
[runlim] sample:		1239.39 time, 1240.01 real, 1019 MB, 1.03 load
[runlim] sample:		1249.39 time, 1250.01 real, 1019 MB, 1.03 load
[runlim] sample:		1259.39 time, 1260.01 real, 1019 MB, 1.02 load
[runlim] sample:		1269.38 time, 1270.01 real, 1032 MB, 1.02 load
[runlim] sample:		1279.38 time, 1280.01 real, 1032 MB, 1.02 load
[runlim] sample:		1289.37 time, 1290.01 real, 1030 MB, 1.01 load
[runlim] sample:		1299.37 time, 1300.01 real, 1030 MB, 1.01 load
[runlim] sample:		1309.37 time, 1310.01 real, 1030 MB, 1.01 load
[runlim] sample:		1319.36 time, 1320.01 real, 1014 MB, 1.01 load
[runlim] sample:		1329.36 time, 1330.01 real, 1014 MB, 1.16 load
[runlim] sample:		1339.36 time, 1340.01 real, 1015 MB, 1.13 load
[runlim] sample:		1349.36 time, 1350.01 real, 1015 MB, 1.11 load
[runlim] sample:		1359.35 time, 1360.01 real, 1015 MB, 1.10 load
[runlim] sample:		1369.35 time, 1370.01 real, 1015 MB, 1.08 load
[runlim] sample:		1379.35 time, 1380.01 real, 1016 MB, 1.07 load
[runlim] sample:		1389.35 time, 1390.01 real, 1016 MB, 1.06 load
SAT

=> TOTAL COMPLETION TIME (Makespan / UB): 627
Schedule is valid
 Time taken: 1391.64 seconds
[runlim] sample:		1399.34 time, 1400.01 real, 1032 MB, 1.05 load
[runlim] sample:		1409.34 time, 1410.01 real, 1032 MB, 1.04 load
[runlim] sample:		1419.34 time, 1420.01 real, 1032 MB, 1.03 load
[runlim] sample:		1429.33 time, 1430.01 real, 1023 MB, 1.03 load
[runlim] sample:		1439.33 time, 1440.01 real, 1023 MB, 1.02 load
[runlim] sample:		1449.33 time, 1450.01 real, 1023 MB, 1.02 load
[runlim] sample:		1459.32 time, 1460.01 real, 1031 MB, 1.02 load
SAT

=> TOTAL COMPLETION TIME (Makespan / UB): 626
Schedule is valid
 Time taken: 1469.28 seconds
[runlim] sample:		1469.32 time, 1470.01 real, 1031 MB, 1.01 load
[runlim] sample:		1479.31 time, 1480.01 real, 1034 MB, 1.01 load
[runlim] sample:		1489.31 time, 1490.01 real, 1034 MB, 1.01 load
[runlim] sample:		1499.31 time, 1500.01 real, 1034 MB, 1.01 load
[runlim] sample:		1509.30 time, 1510.01 real, 1023 MB, 1.00 load
SAT

=> TOTAL COMPLETION TIME (Makespan / UB): 625
Schedule is valid
 Time taken: 1516.19 seconds
[runlim] sample:		1519.30 time, 1520.01 real, 1023 MB, 1.00 load
[runlim] sample:		1529.30 time, 1530.01 real, 1023 MB, 1.00 load
SAT

=> TOTAL COMPLETION TIME (Makespan / UB): 624
Schedule is valid
 Time taken: 1533.13 seconds
[runlim] sample:		1539.29 time, 1540.01 real, 1026 MB, 1.00 load
[runlim] sample:		1549.29 time, 1550.01 real, 1026 MB, 1.00 load
[runlim] sample:		1559.29 time, 1560.01 real, 1024 MB, 1.00 load
[runlim] sample:		1569.29 time, 1570.01 real, 1024 MB, 1.00 load
SAT

=> TOTAL COMPLETION TIME (Makespan / UB): 623
Schedule is valid
 Time taken: 1576.05 seconds
[runlim] sample:		1579.28 time, 1580.01 real, 1024 MB, 1.00 load
[runlim] sample:		1589.27 time, 1590.01 real, 1022 MB, 1.00 load
[runlim] sample:		1599.27 time, 1600.01 real, 1022 MB, 1.00 load
[runlim] sample:		1609.27 time, 1610.01 real, 1022 MB, 1.00 load
[runlim] sample:		1619.27 time, 1620.01 real, 1023 MB, 1.00 load
[runlim] sample:		1629.27 time, 1630.01 real, 1023 MB, 1.00 load
[runlim] sample:		1639.26 time, 1640.01 real, 1023 MB, 1.00 load
[runlim] sample:		1649.26 time, 1650.01 real, 1035 MB, 1.00 load
[runlim] sample:		1659.25 time, 1660.01 real, 1035 MB, 1.00 load
[runlim] sample:		1669.25 time, 1670.01 real, 1035 MB, 1.00 load
[runlim] sample:		1679.24 time, 1680.01 real, 1035 MB, 1.00 load
[runlim] sample:		1689.25 time, 1690.01 real, 1037 MB, 1.00 load
[runlim] sample:		1699.24 time, 1700.01 real, 1037 MB, 1.00 load
[runlim] sample:		1709.23 time, 1710.01 real, 1015 MB, 1.00 load
[runlim] sample:		1719.23 time, 1720.01 real, 1015 MB, 1.00 load
[runlim] sample:		1729.23 time, 1730.01 real, 1015 MB, 1.00 load
[runlim] sample:		1739.22 time, 1740.01 real, 1015 MB, 1.00 load
[runlim] sample:		1749.22 time, 1750.01 real, 1015 MB, 1.00 load
[runlim] sample:		1759.22 time, 1760.01 real, 1015 MB, 1.00 load
[runlim] sample:		1769.21 time, 1770.01 real, 1015 MB, 1.00 load
[runlim] sample:		1779.21 time, 1780.01 real, 1015 MB, 1.00 load
[runlim] sample:		1789.21 time, 1790.01 real, 1025 MB, 1.00 load
[runlim] sample:		1799.20 time, 1800.01 real, 1025 MB, 1.00 load
[runlim] end:			Sun Apr 19 02:35:35 2026
[runlim] status:		out of time
[runlim] result:		2
[runlim] children:		1
[runlim] processes:		2
[runlim] real:			1801.06 seconds
[runlim] time:			1799.20 seconds
[runlim] space:			1557 MB
[runlim] load:			1.29 maximum
[runlim] samples:		18000
