[runlim] version:		2.0.0rc12
[runlim] host:			ap-Precision-7550
[runlim] time limit:		311040000 seconds
[runlim] real time limit:	1800 seconds
[runlim] space limit:		14000 MB
[runlim] argv[0]:		python3
[runlim] argv[1]:		-u
[runlim] argv[2]:		main.py
[runlim] argv[3]:		datasets/dafjs/DAFJS06
[runlim] start:			Sun Apr 19 00:54:31 2026
[runlim] child:			26234
Operations: 44, Edges: 41, Machines: 5
Greedy Schedule UB: 490
Building constraints took 0.58 seconds.
SAT

=> TOTAL COMPLETION TIME (Makespan / UB): 489
Schedule is valid
 Time taken: 0.76 seconds
SAT

=> TOTAL COMPLETION TIME (Makespan / UB): 488
Schedule is valid
 Time taken: 0.89 seconds
SAT

=> TOTAL COMPLETION TIME (Makespan / UB): 487
Schedule is valid
 Time taken: 0.99 seconds
SAT

=> TOTAL COMPLETION TIME (Makespan / UB): 486
Schedule is valid
 Time taken: 0.99 seconds
SAT

=> TOTAL COMPLETION TIME (Makespan / UB): 485
Schedule is valid
 Time taken: 1.29 seconds
SAT

=> TOTAL COMPLETION TIME (Makespan / UB): 484
Schedule is valid
 Time taken: 1.32 seconds
SAT

=> TOTAL COMPLETION TIME (Makespan / UB): 483
Schedule is valid
 Time taken: 1.50 seconds
SAT

=> TOTAL COMPLETION TIME (Makespan / UB): 482
Schedule is valid
 Time taken: 1.50 seconds
SAT

=> TOTAL COMPLETION TIME (Makespan / UB): 481
Schedule is valid
 Time taken: 1.51 seconds
SAT

=> TOTAL COMPLETION TIME (Makespan / UB): 480
Schedule is valid
 Time taken: 1.51 seconds
SAT

=> TOTAL COMPLETION TIME (Makespan / UB): 479
Schedule is valid
 Time taken: 1.51 seconds
SAT

=> TOTAL COMPLETION TIME (Makespan / UB): 478
Schedule is valid
 Time taken: 1.51 seconds
SAT

=> TOTAL COMPLETION TIME (Makespan / UB): 477
Schedule is valid
 Time taken: 1.52 seconds
SAT

=> TOTAL COMPLETION TIME (Makespan / UB): 476
Schedule is valid
 Time taken: 1.52 seconds
SAT

=> TOTAL COMPLETION TIME (Makespan / UB): 475
Schedule is valid
 Time taken: 1.52 seconds
SAT

=> TOTAL COMPLETION TIME (Makespan / UB): 474
Schedule is valid
 Time taken: 1.52 seconds
SAT

=> TOTAL COMPLETION TIME (Makespan / UB): 473
Schedule is valid
 Time taken: 1.52 seconds
SAT

=> TOTAL COMPLETION TIME (Makespan / UB): 472
Schedule is valid
 Time taken: 3.14 seconds
SAT

=> TOTAL COMPLETION TIME (Makespan / UB): 471
Schedule is valid
 Time taken: 3.48 seconds
SAT

=> TOTAL COMPLETION TIME (Makespan / UB): 470
Schedule is valid
 Time taken: 3.71 seconds
SAT

=> TOTAL COMPLETION TIME (Makespan / UB): 469
Schedule is valid
 Time taken: 4.14 seconds
SAT

=> TOTAL COMPLETION TIME (Makespan / UB): 468
Schedule is valid
 Time taken: 4.14 seconds
SAT

=> TOTAL COMPLETION TIME (Makespan / UB): 467
Schedule is valid
 Time taken: 4.35 seconds
SAT

=> TOTAL COMPLETION TIME (Makespan / UB): 466
Schedule is valid
 Time taken: 4.38 seconds
SAT

=> TOTAL COMPLETION TIME (Makespan / UB): 465
Schedule is valid
 Time taken: 5.08 seconds
SAT

=> TOTAL COMPLETION TIME (Makespan / UB): 464
Schedule is valid
 Time taken: 5.34 seconds
SAT

=> TOTAL COMPLETION TIME (Makespan / UB): 463
Schedule is valid
 Time taken: 6.32 seconds
SAT

=> TOTAL COMPLETION TIME (Makespan / UB): 462
Schedule is valid
 Time taken: 6.91 seconds
SAT

=> TOTAL COMPLETION TIME (Makespan / UB): 461
Schedule is valid
 Time taken: 7.15 seconds
SAT

=> TOTAL COMPLETION TIME (Makespan / UB): 460
Schedule is valid
 Time taken: 7.27 seconds
SAT

=> TOTAL COMPLETION TIME (Makespan / UB): 459
Schedule is valid
 Time taken: 8.07 seconds
SAT

=> TOTAL COMPLETION TIME (Makespan / UB): 458
Schedule is valid
 Time taken: 8.28 seconds
SAT

=> TOTAL COMPLETION TIME (Makespan / UB): 457
Schedule is valid
 Time taken: 8.36 seconds
SAT

=> TOTAL COMPLETION TIME (Makespan / UB): 456
Schedule is valid
 Time taken: 8.36 seconds
[runlim] sample:		10.00 time, 10.01 real, 148 MB, 1.12 load
SAT

=> TOTAL COMPLETION TIME (Makespan / UB): 455
Schedule is valid
 Time taken: 10.21 seconds
SAT

=> TOTAL COMPLETION TIME (Makespan / UB): 454
Schedule is valid
 Time taken: 10.22 seconds
SAT

=> TOTAL COMPLETION TIME (Makespan / UB): 453
Schedule is valid
 Time taken: 10.38 seconds
SAT

=> TOTAL COMPLETION TIME (Makespan / UB): 452
Schedule is valid
 Time taken: 11.10 seconds
SAT

=> TOTAL COMPLETION TIME (Makespan / UB): 451
Schedule is valid
 Time taken: 11.14 seconds
SAT

=> TOTAL COMPLETION TIME (Makespan / UB): 450
Schedule is valid
 Time taken: 11.14 seconds
SAT

=> TOTAL COMPLETION TIME (Makespan / UB): 449
Schedule is valid
 Time taken: 11.44 seconds
SAT

=> TOTAL COMPLETION TIME (Makespan / UB): 448
Schedule is valid
 Time taken: 11.65 seconds
SAT

=> TOTAL COMPLETION TIME (Makespan / UB): 447
Schedule is valid
 Time taken: 11.94 seconds
SAT

=> TOTAL COMPLETION TIME (Makespan / UB): 446
Schedule is valid
 Time taken: 12.67 seconds
SAT

=> TOTAL COMPLETION TIME (Makespan / UB): 445
Schedule is valid
 Time taken: 12.68 seconds
SAT

=> TOTAL COMPLETION TIME (Makespan / UB): 444
Schedule is valid
 Time taken: 13.83 seconds
SAT

=> TOTAL COMPLETION TIME (Makespan / UB): 443
Schedule is valid
 Time taken: 13.84 seconds
SAT

=> TOTAL COMPLETION TIME (Makespan / UB): 442
Schedule is valid
 Time taken: 13.84 seconds
SAT

=> TOTAL COMPLETION TIME (Makespan / UB): 441
Schedule is valid
 Time taken: 13.84 seconds
SAT

=> TOTAL COMPLETION TIME (Makespan / UB): 440
Schedule is valid
 Time taken: 13.85 seconds
SAT

=> TOTAL COMPLETION TIME (Makespan / UB): 439
Schedule is valid
 Time taken: 14.99 seconds
SAT

=> TOTAL COMPLETION TIME (Makespan / UB): 438
Schedule is valid
 Time taken: 15.12 seconds
SAT

=> TOTAL COMPLETION TIME (Makespan / UB): 437
Schedule is valid
 Time taken: 17.71 seconds
SAT

=> TOTAL COMPLETION TIME (Makespan / UB): 436
Schedule is valid
 Time taken: 18.11 seconds
SAT

=> TOTAL COMPLETION TIME (Makespan / UB): 435
Schedule is valid
 Time taken: 18.37 seconds
SAT

=> TOTAL COMPLETION TIME (Makespan / UB): 434
Schedule is valid
 Time taken: 18.52 seconds
SAT

=> TOTAL COMPLETION TIME (Makespan / UB): 433
Schedule is valid
 Time taken: 18.67 seconds
SAT

=> TOTAL COMPLETION TIME (Makespan / UB): 432
Schedule is valid
 Time taken: 18.68 seconds
SAT

=> TOTAL COMPLETION TIME (Makespan / UB): 431
Schedule is valid
 Time taken: 18.83 seconds
SAT

=> TOTAL COMPLETION TIME (Makespan / UB): 430
Schedule is valid
 Time taken: 18.98 seconds
SAT

=> TOTAL COMPLETION TIME (Makespan / UB): 429
Schedule is valid
 Time taken: 19.85 seconds
[runlim] sample:		19.99 time, 20.01 real, 160 MB, 1.17 load
SAT

=> TOTAL COMPLETION TIME (Makespan / UB): 428
Schedule is valid
 Time taken: 25.00 seconds
SAT

=> TOTAL COMPLETION TIME (Makespan / UB): 427
Schedule is valid
 Time taken: 25.03 seconds
SAT

=> TOTAL COMPLETION TIME (Makespan / UB): 426
Schedule is valid
 Time taken: 25.98 seconds
SAT

=> TOTAL COMPLETION TIME (Makespan / UB): 425
Schedule is valid
 Time taken: 25.99 seconds
[runlim] sample:		29.98 time, 30.01 real, 160 MB, 1.15 load
[runlim] sample:		39.98 time, 40.01 real, 160 MB, 1.12 load
[runlim] sample:		49.97 time, 50.01 real, 160 MB, 1.10 load
SAT

=> TOTAL COMPLETION TIME (Makespan / UB): 424
Schedule is valid
 Time taken: 55.08 seconds
SAT

=> TOTAL COMPLETION TIME (Makespan / UB): 423
Schedule is valid
 Time taken: 57.16 seconds
[runlim] sample:		59.97 time, 60.01 real, 160 MB, 1.09 load
SAT

=> TOTAL COMPLETION TIME (Makespan / UB): 422
Schedule is valid
 Time taken: 63.01 seconds
SAT

=> TOTAL COMPLETION TIME (Makespan / UB): 421
Schedule is valid
 Time taken: 65.37 seconds
SAT

=> TOTAL COMPLETION TIME (Makespan / UB): 420
Schedule is valid
 Time taken: 67.49 seconds
SAT

=> TOTAL COMPLETION TIME (Makespan / UB): 419
Schedule is valid
 Time taken: 68.88 seconds
[runlim] sample:		69.96 time, 70.01 real, 164 MB, 1.15 load
SAT

=> TOTAL COMPLETION TIME (Makespan / UB): 418
Schedule is valid
 Time taken: 70.61 seconds
[runlim] sample:		79.96 time, 80.01 real, 164 MB, 1.20 load
[runlim] sample:		89.95 time, 90.01 real, 164 MB, 1.17 load
[runlim] sample:		99.95 time, 100.01 real, 164 MB, 1.15 load
SAT

=> TOTAL COMPLETION TIME (Makespan / UB): 417
Schedule is valid
 Time taken: 100.76 seconds
SAT

=> TOTAL COMPLETION TIME (Makespan / UB): 416
Schedule is valid
 Time taken: 101.38 seconds
SAT

=> TOTAL COMPLETION TIME (Makespan / UB): 415
Schedule is valid
 Time taken: 101.68 seconds
SAT

=> TOTAL COMPLETION TIME (Makespan / UB): 414
Schedule is valid
 Time taken: 102.19 seconds
SAT

=> TOTAL COMPLETION TIME (Makespan / UB): 413
Schedule is valid
 Time taken: 102.20 seconds
SAT

=> TOTAL COMPLETION TIME (Makespan / UB): 412
Schedule is valid
 Time taken: 109.81 seconds
[runlim] sample:		109.95 time, 110.01 real, 166 MB, 1.20 load
SAT

=> TOTAL COMPLETION TIME (Makespan / UB): 411
Schedule is valid
 Time taken: 110.38 seconds
SAT

=> TOTAL COMPLETION TIME (Makespan / UB): 410
Schedule is valid
 Time taken: 110.72 seconds
[runlim] sample:		119.94 time, 120.01 real, 166 MB, 1.17 load
[runlim] sample:		129.93 time, 130.01 real, 123 MB, 1.14 load
[runlim] sample:		139.94 time, 140.01 real, 141 MB, 1.12 load
SAT

=> TOTAL COMPLETION TIME (Makespan / UB): 409
Schedule is valid
 Time taken: 141.88 seconds
SAT

=> TOTAL COMPLETION TIME (Makespan / UB): 408
Schedule is valid
 Time taken: 141.91 seconds
SAT

=> TOTAL COMPLETION TIME (Makespan / UB): 407
Schedule is valid
 Time taken: 142.38 seconds
[runlim] sample:		149.93 time, 150.01 real, 149 MB, 1.10 load
[runlim] sample:		159.93 time, 160.01 real, 149 MB, 1.08 load
[runlim] sample:		169.92 time, 170.01 real, 149 MB, 1.07 load
[runlim] sample:		179.92 time, 180.01 real, 149 MB, 1.06 load
[runlim] sample:		189.91 time, 190.01 real, 149 MB, 1.05 load
[runlim] sample:		199.91 time, 200.01 real, 149 MB, 1.04 load
[runlim] sample:		209.90 time, 210.01 real, 149 MB, 1.03 load
[runlim] sample:		219.90 time, 220.01 real, 149 MB, 1.03 load
[runlim] sample:		229.90 time, 230.01 real, 149 MB, 1.02 load
[runlim] sample:		239.89 time, 240.01 real, 149 MB, 1.02 load
[runlim] sample:		249.89 time, 250.01 real, 149 MB, 1.02 load
[runlim] sample:		259.88 time, 260.01 real, 149 MB, 1.01 load
[runlim] sample:		269.88 time, 270.01 real, 149 MB, 1.01 load
SAT

=> TOTAL COMPLETION TIME (Makespan / UB): 406
Schedule is valid
 Time taken: 277.45 seconds
SAT

=> TOTAL COMPLETION TIME (Makespan / UB): 405
Schedule is valid
 Time taken: 277.76 seconds
[runlim] sample:		279.87 time, 280.01 real, 149 MB, 1.01 load
[runlim] sample:		289.87 time, 290.01 real, 149 MB, 1.01 load
[runlim] sample:		299.86 time, 300.01 real, 149 MB, 1.01 load
[runlim] sample:		309.86 time, 310.01 real, 149 MB, 1.00 load
[runlim] sample:		319.86 time, 320.01 real, 149 MB, 1.00 load
SAT

=> TOTAL COMPLETION TIME (Makespan / UB): 404
Schedule is valid
 Time taken: 325.08 seconds
[runlim] sample:		329.85 time, 330.01 real, 149 MB, 1.00 load
[runlim] sample:		339.85 time, 340.01 real, 149 MB, 1.00 load
UNSAT
status: optimal
[runlim] end:			Sun Apr 19 01:00:20 2026
[runlim] status:		ok
[runlim] result:		0
[runlim] children:		1
[runlim] processes:		2
[runlim] real:			349.27 seconds
[runlim] time:			349.04 seconds
[runlim] space:			169 MB
[runlim] load:			1.22 maximum
[runlim] samples:		3493
