[runlim] version:		2.0.0rc12
[runlim] host:			ap-Precision-7550
[runlim] time limit:		311040000 seconds
[runlim] real time limit:	10800 seconds
[runlim] space limit:		15624 MB
[runlim] argv[0]:		python3
[runlim] argv[1]:		-u
[runlim] argv[2]:		sm_var.py
[runlim] argv[3]:		datasets/dafjs/DAFJS09
[runlim] start:			Thu May  7 00:31:21 2026
[runlim] child:			7859
Operations: 45, Edges: 42, Machines: 5
Greedy Schedule UB: 553
Building constraints took 0.67 seconds.
SAT

=> TOTAL COMPLETION TIME (Makespan / UB): 552
Schedule is valid
 Time taken: 0.76 seconds
SAT

=> TOTAL COMPLETION TIME (Makespan / UB): 551
Schedule is valid
 Time taken: 0.76 seconds
SAT

=> TOTAL COMPLETION TIME (Makespan / UB): 550
Schedule is valid
 Time taken: 0.76 seconds
SAT

=> TOTAL COMPLETION TIME (Makespan / UB): 549
Schedule is valid
 Time taken: 0.77 seconds
SAT

=> TOTAL COMPLETION TIME (Makespan / UB): 548
Schedule is valid
 Time taken: 0.78 seconds
SAT

=> TOTAL COMPLETION TIME (Makespan / UB): 547
Schedule is valid
 Time taken: 0.78 seconds
SAT

=> TOTAL COMPLETION TIME (Makespan / UB): 546
Schedule is valid
 Time taken: 0.79 seconds
SAT

=> TOTAL COMPLETION TIME (Makespan / UB): 545
Schedule is valid
 Time taken: 0.79 seconds
SAT

=> TOTAL COMPLETION TIME (Makespan / UB): 544
Schedule is valid
 Time taken: 0.80 seconds
SAT

=> TOTAL COMPLETION TIME (Makespan / UB): 542
Schedule is valid
 Time taken: 0.83 seconds
SAT

=> TOTAL COMPLETION TIME (Makespan / UB): 541
Schedule is valid
 Time taken: 0.84 seconds
SAT

=> TOTAL COMPLETION TIME (Makespan / UB): 540
Schedule is valid
 Time taken: 0.84 seconds
SAT

=> TOTAL COMPLETION TIME (Makespan / UB): 539
Schedule is valid
 Time taken: 0.84 seconds
SAT

=> TOTAL COMPLETION TIME (Makespan / UB): 538
Schedule is valid
 Time taken: 0.84 seconds
SAT

=> TOTAL COMPLETION TIME (Makespan / UB): 537
Schedule is valid
 Time taken: 0.85 seconds
SAT

=> TOTAL COMPLETION TIME (Makespan / UB): 536
Schedule is valid
 Time taken: 0.96 seconds
SAT

=> TOTAL COMPLETION TIME (Makespan / UB): 535
Schedule is valid
 Time taken: 0.96 seconds
SAT

=> TOTAL COMPLETION TIME (Makespan / UB): 534
Schedule is valid
 Time taken: 1.22 seconds
SAT

=> TOTAL COMPLETION TIME (Makespan / UB): 533
Schedule is valid
 Time taken: 1.23 seconds
SAT

=> TOTAL COMPLETION TIME (Makespan / UB): 532
Schedule is valid
 Time taken: 1.62 seconds
SAT

=> TOTAL COMPLETION TIME (Makespan / UB): 531
Schedule is valid
 Time taken: 3.39 seconds
SAT

=> TOTAL COMPLETION TIME (Makespan / UB): 530
Schedule is valid
 Time taken: 3.45 seconds
SAT

=> TOTAL COMPLETION TIME (Makespan / UB): 529
Schedule is valid
 Time taken: 3.70 seconds
SAT

=> TOTAL COMPLETION TIME (Makespan / UB): 528
Schedule is valid
 Time taken: 4.05 seconds
SAT

=> TOTAL COMPLETION TIME (Makespan / UB): 527
Schedule is valid
 Time taken: 4.47 seconds
SAT

=> TOTAL COMPLETION TIME (Makespan / UB): 526
Schedule is valid
 Time taken: 4.49 seconds
SAT

=> TOTAL COMPLETION TIME (Makespan / UB): 525
Schedule is valid
 Time taken: 4.66 seconds
SAT

=> TOTAL COMPLETION TIME (Makespan / UB): 524
Schedule is valid
 Time taken: 4.80 seconds
SAT

=> TOTAL COMPLETION TIME (Makespan / UB): 523
Schedule is valid
 Time taken: 5.13 seconds
SAT

=> TOTAL COMPLETION TIME (Makespan / UB): 522
Schedule is valid
 Time taken: 5.32 seconds
SAT

=> TOTAL COMPLETION TIME (Makespan / UB): 521
Schedule is valid
 Time taken: 6.96 seconds
SAT

=> TOTAL COMPLETION TIME (Makespan / UB): 520
Schedule is valid
 Time taken: 7.00 seconds
SAT

=> TOTAL COMPLETION TIME (Makespan / UB): 519
Schedule is valid
 Time taken: 7.00 seconds
SAT

=> TOTAL COMPLETION TIME (Makespan / UB): 518
Schedule is valid
 Time taken: 7.14 seconds
SAT

=> TOTAL COMPLETION TIME (Makespan / UB): 517
Schedule is valid
 Time taken: 7.14 seconds
SAT

=> TOTAL COMPLETION TIME (Makespan / UB): 516
Schedule is valid
 Time taken: 7.91 seconds
SAT

=> TOTAL COMPLETION TIME (Makespan / UB): 515
Schedule is valid
 Time taken: 8.21 seconds
SAT

=> TOTAL COMPLETION TIME (Makespan / UB): 514
Schedule is valid
 Time taken: 8.41 seconds
SAT

=> TOTAL COMPLETION TIME (Makespan / UB): 513
Schedule is valid
 Time taken: 8.41 seconds
SAT

=> TOTAL COMPLETION TIME (Makespan / UB): 512
Schedule is valid
 Time taken: 9.84 seconds
[runlim] sample:		9.99 time, 10.01 real, 183 MB, 0.73 load
SAT

=> TOTAL COMPLETION TIME (Makespan / UB): 511
Schedule is valid
 Time taken: 9.99 seconds
SAT

=> TOTAL COMPLETION TIME (Makespan / UB): 510
Schedule is valid
 Time taken: 10.13 seconds
SAT

=> TOTAL COMPLETION TIME (Makespan / UB): 509
Schedule is valid
 Time taken: 11.80 seconds
SAT

=> TOTAL COMPLETION TIME (Makespan / UB): 508
Schedule is valid
 Time taken: 11.96 seconds
SAT

=> TOTAL COMPLETION TIME (Makespan / UB): 507
Schedule is valid
 Time taken: 12.15 seconds
SAT

=> TOTAL COMPLETION TIME (Makespan / UB): 506
Schedule is valid
 Time taken: 12.28 seconds
SAT

=> TOTAL COMPLETION TIME (Makespan / UB): 505
Schedule is valid
 Time taken: 13.27 seconds
SAT

=> TOTAL COMPLETION TIME (Makespan / UB): 504
Schedule is valid
 Time taken: 13.29 seconds
SAT

=> TOTAL COMPLETION TIME (Makespan / UB): 503
Schedule is valid
 Time taken: 14.11 seconds
SAT

=> TOTAL COMPLETION TIME (Makespan / UB): 502
Schedule is valid
 Time taken: 14.11 seconds
SAT

=> TOTAL COMPLETION TIME (Makespan / UB): 501
Schedule is valid
 Time taken: 15.00 seconds
SAT

=> TOTAL COMPLETION TIME (Makespan / UB): 500
Schedule is valid
 Time taken: 15.17 seconds
SAT

=> TOTAL COMPLETION TIME (Makespan / UB): 499
Schedule is valid
 Time taken: 15.17 seconds
SAT

=> TOTAL COMPLETION TIME (Makespan / UB): 498
Schedule is valid
 Time taken: 15.47 seconds
SAT

=> TOTAL COMPLETION TIME (Makespan / UB): 497
Schedule is valid
 Time taken: 16.77 seconds
SAT

=> TOTAL COMPLETION TIME (Makespan / UB): 496
Schedule is valid
 Time taken: 16.81 seconds
SAT

=> TOTAL COMPLETION TIME (Makespan / UB): 495
Schedule is valid
 Time taken: 16.82 seconds
SAT

=> TOTAL COMPLETION TIME (Makespan / UB): 494
Schedule is valid
 Time taken: 16.82 seconds
SAT

=> TOTAL COMPLETION TIME (Makespan / UB): 493
Schedule is valid
 Time taken: 16.82 seconds
SAT

=> TOTAL COMPLETION TIME (Makespan / UB): 492
Schedule is valid
 Time taken: 16.83 seconds
SAT

=> TOTAL COMPLETION TIME (Makespan / UB): 491
Schedule is valid
 Time taken: 16.83 seconds
SAT

=> TOTAL COMPLETION TIME (Makespan / UB): 490
Schedule is valid
 Time taken: 16.84 seconds
SAT

=> TOTAL COMPLETION TIME (Makespan / UB): 489
Schedule is valid
 Time taken: 18.38 seconds
SAT

=> TOTAL COMPLETION TIME (Makespan / UB): 488
Schedule is valid
 Time taken: 19.18 seconds
[runlim] sample:		19.98 time, 20.01 real, 183 MB, 0.77 load
SAT

=> TOTAL COMPLETION TIME (Makespan / UB): 487
Schedule is valid
 Time taken: 20.45 seconds
SAT

=> TOTAL COMPLETION TIME (Makespan / UB): 486
Schedule is valid
 Time taken: 23.03 seconds
[runlim] sample:		29.98 time, 30.01 real, 183 MB, 0.80 load
[runlim] sample:		39.97 time, 40.01 real, 183 MB, 0.83 load
SAT

=> TOTAL COMPLETION TIME (Makespan / UB): 485
Schedule is valid
 Time taken: 41.93 seconds
SAT

=> TOTAL COMPLETION TIME (Makespan / UB): 484
Schedule is valid
 Time taken: 43.17 seconds
SAT

=> TOTAL COMPLETION TIME (Makespan / UB): 483
Schedule is valid
 Time taken: 43.34 seconds
SAT

=> TOTAL COMPLETION TIME (Makespan / UB): 482
Schedule is valid
 Time taken: 43.35 seconds
[runlim] sample:		49.97 time, 50.01 real, 183 MB, 0.86 load
[runlim] sample:		59.96 time, 60.01 real, 196 MB, 0.88 load
[runlim] sample:		69.96 time, 70.01 real, 196 MB, 0.90 load
SAT

=> TOTAL COMPLETION TIME (Makespan / UB): 481
Schedule is valid
 Time taken: 75.17 seconds
[runlim] sample:		79.95 time, 80.01 real, 196 MB, 0.92 load
SAT

=> TOTAL COMPLETION TIME (Makespan / UB): 480
Schedule is valid
 Time taken: 81.47 seconds
SAT

=> TOTAL COMPLETION TIME (Makespan / UB): 479
Schedule is valid
 Time taken: 84.37 seconds
[runlim] sample:		89.95 time, 90.01 real, 196 MB, 1.01 load
[runlim] sample:		99.94 time, 100.01 real, 145 MB, 1.08 load
[runlim] sample:		109.94 time, 110.01 real, 147 MB, 1.07 load
SAT

=> TOTAL COMPLETION TIME (Makespan / UB): 478
Schedule is valid
 Time taken: 111.29 seconds
[runlim] sample:		119.94 time, 120.01 real, 151 MB, 1.21 load
[runlim] sample:		129.94 time, 130.01 real, 159 MB, 1.17 load
[runlim] sample:		139.93 time, 140.01 real, 204 MB, 1.15 load
SAT

=> TOTAL COMPLETION TIME (Makespan / UB): 477
Schedule is valid
 Time taken: 140.44 seconds
[runlim] sample:		149.93 time, 150.01 real, 204 MB, 1.12 load
[runlim] sample:		159.93 time, 160.01 real, 204 MB, 1.10 load
SAT

=> TOTAL COMPLETION TIME (Makespan / UB): 476
Schedule is valid
 Time taken: 165.21 seconds
[runlim] sample:		169.92 time, 170.01 real, 208 MB, 1.09 load
[runlim] sample:		179.92 time, 180.01 real, 159 MB, 1.07 load
[runlim] sample:		189.91 time, 190.01 real, 157 MB, 1.14 load
[runlim] sample:		199.91 time, 200.01 real, 187 MB, 1.11 load
SAT

=> TOTAL COMPLETION TIME (Makespan / UB): 475
Schedule is valid
 Time taken: 202.44 seconds
SAT

=> TOTAL COMPLETION TIME (Makespan / UB): 474
Schedule is valid
 Time taken: 208.59 seconds
SAT

=> TOTAL COMPLETION TIME (Makespan / UB): 473
Schedule is valid
 Time taken: 208.89 seconds
[runlim] sample:		209.91 time, 210.01 real, 187 MB, 1.10 load
[runlim] sample:		219.90 time, 220.01 real, 187 MB, 1.08 load
[runlim] sample:		229.90 time, 230.01 real, 217 MB, 1.07 load
[runlim] sample:		239.90 time, 240.01 real, 217 MB, 1.06 load
[runlim] sample:		249.89 time, 250.01 real, 160 MB, 1.05 load
SAT

=> TOTAL COMPLETION TIME (Makespan / UB): 472
Schedule is valid
 Time taken: 250.83 seconds
[runlim] sample:		259.89 time, 260.01 real, 159 MB, 1.04 load
SAT

=> TOTAL COMPLETION TIME (Makespan / UB): 471
Schedule is valid
 Time taken: 261.55 seconds
[runlim] sample:		269.88 time, 270.01 real, 190 MB, 1.03 load
[runlim] sample:		279.88 time, 280.01 real, 220 MB, 1.03 load
[runlim] sample:		289.88 time, 290.01 real, 220 MB, 1.02 load
[runlim] sample:		299.87 time, 300.01 real, 161 MB, 1.02 load
[runlim] sample:		309.87 time, 310.01 real, 179 MB, 1.02 load
[runlim] sample:		319.87 time, 320.01 real, 179 MB, 1.01 load
[runlim] sample:		329.86 time, 330.01 real, 154 MB, 1.01 load
[runlim] sample:		339.86 time, 340.01 real, 185 MB, 1.01 load
[runlim] sample:		349.85 time, 350.01 real, 170 MB, 1.01 load
[runlim] sample:		359.85 time, 360.01 real, 202 MB, 1.00 load
[runlim] sample:		369.80 time, 370.01 real, 170 MB, 1.00 load
[runlim] sample:		379.79 time, 380.01 real, 170 MB, 1.00 load
[runlim] sample:		389.79 time, 390.01 real, 202 MB, 1.00 load
[runlim] sample:		399.79 time, 400.01 real, 173 MB, 1.00 load
[runlim] sample:		409.78 time, 410.01 real, 208 MB, 1.00 load
[runlim] sample:		419.78 time, 420.01 real, 174 MB, 1.00 load
SAT

=> TOTAL COMPLETION TIME (Makespan / UB): 470
Schedule is valid
 Time taken: 423.22 seconds
SAT

=> TOTAL COMPLETION TIME (Makespan / UB): 469
Schedule is valid
 Time taken: 423.86 seconds
[runlim] sample:		429.78 time, 430.01 real, 145 MB, 1.00 load
[runlim] sample:		439.77 time, 440.01 real, 150 MB, 1.00 load
[runlim] sample:		449.77 time, 450.01 real, 172 MB, 1.00 load
[runlim] sample:		459.76 time, 460.01 real, 172 MB, 1.00 load
[runlim] sample:		469.76 time, 470.01 real, 173 MB, 1.00 load
[runlim] sample:		479.76 time, 480.01 real, 173 MB, 1.00 load
SAT

=> TOTAL COMPLETION TIME (Makespan / UB): 468
Schedule is valid
 Time taken: 481.33 seconds
[runlim] sample:		489.75 time, 490.01 real, 173 MB, 1.00 load
[runlim] sample:		499.75 time, 500.01 real, 172 MB, 1.00 load
[runlim] sample:		509.74 time, 510.01 real, 173 MB, 1.00 load
[runlim] sample:		519.74 time, 520.01 real, 173 MB, 1.00 load
[runlim] sample:		529.74 time, 530.01 real, 173 MB, 1.07 load
[runlim] sample:		539.73 time, 540.01 real, 175 MB, 1.06 load
[runlim] sample:		549.72 time, 550.01 real, 173 MB, 1.05 load
[runlim] sample:		559.72 time, 560.01 real, 173 MB, 1.04 load
[runlim] sample:		569.71 time, 570.01 real, 176 MB, 1.04 load
[runlim] sample:		579.71 time, 580.01 real, 177 MB, 1.03 load
[runlim] sample:		589.71 time, 590.01 real, 177 MB, 1.11 load
[runlim] sample:		599.70 time, 600.01 real, 177 MB, 1.16 load
[runlim] sample:		609.70 time, 610.01 real, 178 MB, 1.14 load
[runlim] sample:		619.70 time, 620.01 real, 178 MB, 1.12 load
[runlim] sample:		629.69 time, 630.01 real, 178 MB, 1.10 load
[runlim] sample:		639.69 time, 640.01 real, 183 MB, 1.08 load
[runlim] sample:		649.68 time, 650.01 real, 183 MB, 1.07 load
[runlim] sample:		659.67 time, 660.01 real, 184 MB, 1.06 load
[runlim] sample:		669.68 time, 670.01 real, 183 MB, 1.05 load
[runlim] sample:		679.66 time, 680.01 real, 183 MB, 1.04 load
[runlim] sample:		689.66 time, 690.01 real, 183 MB, 1.03 load
[runlim] sample:		699.66 time, 700.01 real, 184 MB, 1.40 load
[runlim] sample:		709.66 time, 710.01 real, 184 MB, 1.34 load
[runlim] sample:		719.66 time, 720.01 real, 182 MB, 1.28 load
[runlim] sample:		729.64 time, 730.01 real, 182 MB, 1.24 load
[runlim] sample:		739.64 time, 740.01 real, 182 MB, 1.20 load
[runlim] sample:		749.63 time, 750.01 real, 184 MB, 1.17 load
[runlim] sample:		759.64 time, 760.01 real, 182 MB, 1.14 load
[runlim] sample:		769.63 time, 770.01 real, 182 MB, 1.12 load
[runlim] sample:		779.63 time, 780.01 real, 179 MB, 1.10 load
[runlim] sample:		789.62 time, 790.01 real, 179 MB, 1.09 load
[runlim] sample:		799.62 time, 800.01 real, 179 MB, 1.07 load
[runlim] sample:		809.62 time, 810.01 real, 180 MB, 1.06 load
[runlim] sample:		819.61 time, 820.01 real, 180 MB, 1.05 load
[runlim] sample:		829.60 time, 830.01 real, 181 MB, 1.04 load
[runlim] sample:		839.60 time, 840.01 real, 181 MB, 1.04 load
[runlim] sample:		849.59 time, 850.01 real, 181 MB, 1.03 load
[runlim] sample:		859.59 time, 860.01 real, 184 MB, 1.02 load
[runlim] sample:		869.58 time, 870.01 real, 184 MB, 1.02 load
[runlim] sample:		879.58 time, 880.01 real, 184 MB, 1.02 load
[runlim] sample:		889.58 time, 890.01 real, 184 MB, 1.01 load
[runlim] sample:		899.57 time, 900.01 real, 184 MB, 1.01 load
[runlim] sample:		909.57 time, 910.01 real, 184 MB, 1.01 load
[runlim] sample:		919.56 time, 920.01 real, 186 MB, 1.01 load
[runlim] sample:		929.56 time, 930.01 real, 186 MB, 1.01 load
[runlim] sample:		939.55 time, 940.01 real, 185 MB, 1.00 load
[runlim] sample:		949.55 time, 950.01 real, 185 MB, 1.00 load
[runlim] sample:		959.54 time, 960.01 real, 185 MB, 1.00 load
[runlim] sample:		969.54 time, 970.01 real, 185 MB, 1.00 load
[runlim] sample:		979.53 time, 980.01 real, 185 MB, 1.00 load
[runlim] sample:		989.53 time, 990.01 real, 186 MB, 1.00 load
[runlim] sample:		999.53 time, 1000.01 real, 186 MB, 1.00 load
[runlim] sample:		1009.52 time, 1010.01 real, 186 MB, 1.00 load
[runlim] sample:		1019.52 time, 1020.01 real, 186 MB, 1.00 load
[runlim] sample:		1029.51 time, 1030.01 real, 186 MB, 1.00 load
[runlim] sample:		1039.51 time, 1040.01 real, 186 MB, 1.00 load
[runlim] sample:		1049.51 time, 1050.01 real, 186 MB, 1.00 load
[runlim] sample:		1059.50 time, 1060.01 real, 187 MB, 1.00 load
[runlim] sample:		1069.50 time, 1070.01 real, 187 MB, 1.00 load
[runlim] sample:		1079.49 time, 1080.01 real, 187 MB, 1.00 load
[runlim] sample:		1089.49 time, 1090.01 real, 187 MB, 1.08 load
[runlim] sample:		1099.48 time, 1100.01 real, 187 MB, 1.14 load
[runlim] sample:		1109.47 time, 1110.01 real, 187 MB, 1.12 load
[runlim] sample:		1119.47 time, 1120.01 real, 187 MB, 1.10 load
[runlim] sample:		1129.46 time, 1130.01 real, 187 MB, 1.08 load
[runlim] sample:		1139.46 time, 1140.01 real, 188 MB, 1.07 load
[runlim] sample:		1149.45 time, 1150.01 real, 188 MB, 1.06 load
[runlim] sample:		1159.45 time, 1160.01 real, 190 MB, 1.05 load
[runlim] sample:		1169.44 time, 1170.01 real, 190 MB, 1.04 load
[runlim] sample:		1179.44 time, 1180.01 real, 192 MB, 1.04 load
[runlim] sample:		1189.44 time, 1190.01 real, 192 MB, 1.03 load
[runlim] sample:		1199.43 time, 1200.01 real, 192 MB, 1.02 load
[runlim] sample:		1209.42 time, 1210.01 real, 191 MB, 1.02 load
[runlim] sample:		1219.42 time, 1220.01 real, 191 MB, 1.02 load
[runlim] sample:		1229.41 time, 1230.01 real, 193 MB, 1.01 load
[runlim] sample:		1239.40 time, 1240.01 real, 193 MB, 1.01 load
[runlim] sample:		1249.40 time, 1250.01 real, 192 MB, 1.01 load
[runlim] sample:		1259.40 time, 1260.01 real, 192 MB, 1.01 load
[runlim] sample:		1269.39 time, 1270.01 real, 192 MB, 1.01 load
[runlim] sample:		1279.38 time, 1280.01 real, 192 MB, 1.00 load
[runlim] sample:		1289.38 time, 1290.01 real, 192 MB, 1.00 load
[runlim] sample:		1299.37 time, 1300.01 real, 194 MB, 1.00 load
[runlim] sample:		1309.37 time, 1310.01 real, 194 MB, 1.00 load
[runlim] sample:		1319.36 time, 1320.01 real, 194 MB, 1.00 load
[runlim] sample:		1329.35 time, 1330.01 real, 195 MB, 1.00 load
[runlim] sample:		1339.34 time, 1340.01 real, 195 MB, 1.00 load
[runlim] sample:		1349.33 time, 1350.01 real, 194 MB, 1.00 load
[runlim] sample:		1359.32 time, 1360.01 real, 194 MB, 1.00 load
SAT

=> TOTAL COMPLETION TIME (Makespan / UB): 467
Schedule is valid
 Time taken: 1368.15 seconds
[runlim] sample:		1369.31 time, 1370.01 real, 194 MB, 1.00 load
[runlim] sample:		1379.29 time, 1380.01 real, 194 MB, 1.00 load
[runlim] sample:		1389.28 time, 1390.01 real, 211 MB, 1.00 load
[runlim] sample:		1399.28 time, 1400.01 real, 208 MB, 1.00 load
[runlim] sample:		1409.27 time, 1410.01 real, 208 MB, 1.00 load
[runlim] sample:		1419.26 time, 1420.01 real, 208 MB, 1.00 load
SAT

=> TOTAL COMPLETION TIME (Makespan / UB): 466
Schedule is valid
 Time taken: 1422.48 seconds
[runlim] sample:		1429.25 time, 1430.01 real, 209 MB, 1.00 load
[runlim] sample:		1439.24 time, 1440.01 real, 209 MB, 1.00 load
[runlim] sample:		1449.23 time, 1450.01 real, 209 MB, 1.00 load
[runlim] sample:		1459.23 time, 1460.01 real, 209 MB, 1.00 load
[runlim] sample:		1469.22 time, 1470.01 real, 208 MB, 1.00 load
[runlim] sample:		1479.21 time, 1480.01 real, 208 MB, 1.00 load
[runlim] sample:		1489.21 time, 1490.01 real, 208 MB, 1.00 load
[runlim] sample:		1499.20 time, 1500.01 real, 209 MB, 1.00 load
[runlim] sample:		1509.20 time, 1510.01 real, 214 MB, 1.00 load
[runlim] sample:		1519.19 time, 1520.01 real, 214 MB, 1.00 load
[runlim] sample:		1529.18 time, 1530.01 real, 214 MB, 1.00 load
[runlim] sample:		1539.17 time, 1540.01 real, 214 MB, 1.00 load
[runlim] sample:		1549.16 time, 1550.01 real, 214 MB, 1.00 load
[runlim] sample:		1559.16 time, 1560.01 real, 213 MB, 1.00 load
[runlim] sample:		1569.15 time, 1570.01 real, 213 MB, 1.00 load
[runlim] sample:		1579.14 time, 1580.01 real, 213 MB, 1.00 load
[runlim] sample:		1589.13 time, 1590.01 real, 213 MB, 1.08 load
[runlim] sample:		1599.13 time, 1600.01 real, 213 MB, 1.14 load
[runlim] sample:		1609.12 time, 1610.01 real, 213 MB, 1.12 load
[runlim] sample:		1619.11 time, 1620.01 real, 215 MB, 1.10 load
[runlim] sample:		1629.11 time, 1630.01 real, 215 MB, 1.08 load
[runlim] sample:		1639.10 time, 1640.01 real, 217 MB, 1.07 load
[runlim] sample:		1649.09 time, 1650.01 real, 217 MB, 1.06 load
[runlim] sample:		1659.08 time, 1660.01 real, 217 MB, 1.05 load
[runlim] sample:		1669.07 time, 1670.01 real, 218 MB, 1.04 load
[runlim] sample:		1679.07 time, 1680.01 real, 218 MB, 1.04 load
[runlim] sample:		1689.06 time, 1690.01 real, 218 MB, 1.03 load
[runlim] sample:		1699.06 time, 1700.01 real, 217 MB, 1.02 load
[runlim] sample:		1709.05 time, 1710.01 real, 217 MB, 1.02 load
[runlim] sample:		1719.05 time, 1720.01 real, 217 MB, 1.02 load
[runlim] sample:		1729.04 time, 1730.01 real, 218 MB, 1.01 load
[runlim] sample:		1739.03 time, 1740.01 real, 218 MB, 1.01 load
[runlim] sample:		1749.02 time, 1750.01 real, 218 MB, 1.01 load
[runlim] sample:		1759.01 time, 1760.01 real, 218 MB, 1.01 load
[runlim] sample:		1769.01 time, 1770.01 real, 218 MB, 1.01 load
[runlim] sample:		1779.00 time, 1780.01 real, 218 MB, 1.00 load
[runlim] sample:		1788.99 time, 1790.01 real, 218 MB, 1.00 load
[runlim] sample:		1798.99 time, 1800.01 real, 218 MB, 1.00 load
[runlim] sample:		1808.98 time, 1810.01 real, 217 MB, 1.00 load
[runlim] sample:		1818.98 time, 1820.01 real, 217 MB, 1.00 load
[runlim] sample:		1828.97 time, 1830.01 real, 217 MB, 1.00 load
[runlim] sample:		1838.97 time, 1840.01 real, 214 MB, 1.00 load
[runlim] sample:		1848.96 time, 1850.01 real, 214 MB, 1.08 load
[runlim] sample:		1858.96 time, 1860.01 real, 214 MB, 1.07 load
[runlim] sample:		1868.96 time, 1870.01 real, 215 MB, 1.06 load
[runlim] sample:		1878.95 time, 1880.01 real, 215 MB, 1.05 load
[runlim] sample:		1888.95 time, 1890.01 real, 215 MB, 1.04 load
[runlim] sample:		1898.94 time, 1900.01 real, 215 MB, 1.03 load
[runlim] sample:		1908.93 time, 1910.01 real, 216 MB, 1.03 load
[runlim] sample:		1918.93 time, 1920.01 real, 216 MB, 1.02 load
[runlim] sample:		1928.93 time, 1930.01 real, 216 MB, 1.02 load
[runlim] sample:		1938.92 time, 1940.01 real, 216 MB, 1.02 load
[runlim] sample:		1948.92 time, 1950.01 real, 216 MB, 1.01 load
[runlim] sample:		1958.91 time, 1960.01 real, 216 MB, 1.01 load
[runlim] sample:		1968.91 time, 1970.01 real, 216 MB, 1.01 load
[runlim] sample:		1978.91 time, 1980.01 real, 217 MB, 1.01 load
[runlim] sample:		1988.91 time, 1990.01 real, 217 MB, 1.00 load
[runlim] sample:		1998.90 time, 2000.01 real, 217 MB, 1.00 load
[runlim] sample:		2008.90 time, 2010.01 real, 217 MB, 1.00 load
[runlim] sample:		2018.89 time, 2020.01 real, 217 MB, 1.00 load
[runlim] sample:		2028.89 time, 2030.01 real, 217 MB, 1.00 load
[runlim] sample:		2038.88 time, 2040.01 real, 217 MB, 1.00 load
[runlim] sample:		2048.88 time, 2050.01 real, 217 MB, 1.00 load
[runlim] sample:		2058.87 time, 2060.01 real, 218 MB, 1.00 load
[runlim] sample:		2068.87 time, 2070.01 real, 218 MB, 1.00 load
[runlim] sample:		2078.86 time, 2080.01 real, 218 MB, 1.00 load
[runlim] sample:		2088.86 time, 2090.01 real, 218 MB, 1.08 load
[runlim] sample:		2098.85 time, 2100.01 real, 218 MB, 1.14 load
[runlim] sample:		2108.85 time, 2110.01 real, 218 MB, 1.12 load
[runlim] sample:		2118.84 time, 2120.01 real, 218 MB, 1.10 load
[runlim] sample:		2128.84 time, 2130.01 real, 218 MB, 1.08 load
[runlim] sample:		2138.83 time, 2140.01 real, 219 MB, 1.07 load
[runlim] sample:		2148.83 time, 2150.01 real, 219 MB, 1.14 load
[runlim] sample:		2158.83 time, 2160.01 real, 219 MB, 1.19 load
[runlim] sample:		2168.82 time, 2170.01 real, 219 MB, 1.32 load
[runlim] sample:		2178.82 time, 2180.01 real, 219 MB, 1.27 load
[runlim] sample:		2188.81 time, 2190.01 real, 219 MB, 1.31 load
[runlim] sample:		2198.81 time, 2200.01 real, 219 MB, 1.26 load
[runlim] sample:		2208.80 time, 2210.01 real, 219 MB, 1.30 load
[runlim] sample:		2218.80 time, 2220.01 real, 218 MB, 1.26 load
[runlim] sample:		2228.79 time, 2230.01 real, 218 MB, 1.30 load
[runlim] sample:		2238.79 time, 2240.01 real, 218 MB, 1.25 load
[runlim] sample:		2248.78 time, 2250.01 real, 218 MB, 1.21 load
[runlim] sample:		2258.77 time, 2260.01 real, 219 MB, 1.18 load
[runlim] sample:		2268.76 time, 2270.01 real, 219 MB, 1.15 load
[runlim] sample:		2278.76 time, 2280.01 real, 219 MB, 1.13 load
[runlim] sample:		2288.75 time, 2290.01 real, 271 MB, 1.11 load
[runlim] sample:		2298.75 time, 2300.01 real, 223 MB, 1.09 load
[runlim] sample:		2308.74 time, 2310.01 real, 223 MB, 1.08 load
[runlim] sample:		2318.74 time, 2320.01 real, 223 MB, 1.06 load
[runlim] sample:		2328.72 time, 2330.01 real, 224 MB, 1.05 load
[runlim] sample:		2338.72 time, 2340.01 real, 224 MB, 1.04 load
[runlim] sample:		2348.71 time, 2350.01 real, 224 MB, 1.04 load
[runlim] sample:		2358.71 time, 2360.01 real, 222 MB, 1.03 load
[runlim] sample:		2368.70 time, 2370.01 real, 222 MB, 1.03 load
[runlim] sample:		2378.70 time, 2380.01 real, 222 MB, 1.02 load
[runlim] sample:		2388.69 time, 2390.01 real, 222 MB, 1.02 load
[runlim] sample:		2398.68 time, 2400.01 real, 221 MB, 1.01 load
[runlim] sample:		2408.67 time, 2410.01 real, 221 MB, 1.01 load
[runlim] sample:		2418.67 time, 2420.01 real, 221 MB, 1.01 load
[runlim] sample:		2428.67 time, 2430.01 real, 222 MB, 1.01 load
[runlim] sample:		2438.66 time, 2440.01 real, 222 MB, 1.01 load
[runlim] sample:		2448.65 time, 2450.01 real, 222 MB, 1.00 load
[runlim] sample:		2458.64 time, 2460.01 real, 224 MB, 1.00 load
[runlim] sample:		2468.63 time, 2470.01 real, 224 MB, 1.00 load
[runlim] sample:		2478.63 time, 2480.01 real, 224 MB, 1.00 load
[runlim] sample:		2488.62 time, 2490.01 real, 224 MB, 1.00 load
[runlim] sample:		2498.61 time, 2500.01 real, 224 MB, 1.00 load
[runlim] sample:		2508.60 time, 2510.01 real, 224 MB, 1.00 load
[runlim] sample:		2518.59 time, 2520.01 real, 224 MB, 1.00 load
[runlim] sample:		2528.58 time, 2530.01 real, 223 MB, 1.00 load
[runlim] sample:		2538.57 time, 2540.01 real, 223 MB, 1.00 load
[runlim] sample:		2548.56 time, 2550.01 real, 223 MB, 1.00 load
[runlim] sample:		2558.56 time, 2560.01 real, 226 MB, 1.00 load
[runlim] sample:		2568.56 time, 2570.01 real, 226 MB, 1.00 load
[runlim] sample:		2578.55 time, 2580.01 real, 226 MB, 1.00 load
[runlim] sample:		2588.54 time, 2590.01 real, 229 MB, 1.08 load
[runlim] sample:		2598.53 time, 2600.01 real, 229 MB, 1.14 load
[runlim] sample:		2608.52 time, 2610.01 real, 229 MB, 1.12 load
[runlim] sample:		2618.52 time, 2620.01 real, 229 MB, 1.10 load
[runlim] sample:		2628.51 time, 2630.01 real, 231 MB, 1.08 load
[runlim] sample:		2638.50 time, 2640.01 real, 231 MB, 1.07 load
[runlim] sample:		2648.49 time, 2650.01 real, 231 MB, 1.06 load
[runlim] sample:		2658.49 time, 2660.01 real, 226 MB, 1.05 load
[runlim] sample:		2668.48 time, 2670.01 real, 226 MB, 1.04 load
[runlim] sample:		2678.48 time, 2680.01 real, 226 MB, 1.04 load
[runlim] sample:		2688.47 time, 2690.01 real, 226 MB, 1.03 load
SAT

=> TOTAL COMPLETION TIME (Makespan / UB): 465
Schedule is valid
 Time taken: 2699.45 seconds
[runlim] sample:		2698.47 time, 2700.01 real, 224 MB, 1.02 load
[runlim] sample:		2708.46 time, 2710.01 real, 224 MB, 1.02 load
[runlim] sample:		2718.45 time, 2720.01 real, 224 MB, 1.02 load
[runlim] sample:		2728.45 time, 2730.01 real, 224 MB, 1.01 load
[runlim] sample:		2738.44 time, 2740.01 real, 224 MB, 1.01 load
[runlim] sample:		2748.43 time, 2750.01 real, 224 MB, 1.01 load
[runlim] sample:		2758.43 time, 2760.01 real, 224 MB, 1.01 load
[runlim] sample:		2768.41 time, 2770.01 real, 220 MB, 1.01 load
[runlim] sample:		2778.41 time, 2780.01 real, 220 MB, 1.00 load
[runlim] sample:		2788.40 time, 2790.01 real, 220 MB, 1.00 load
[runlim] sample:		2798.40 time, 2800.01 real, 226 MB, 1.00 load
[runlim] sample:		2808.39 time, 2810.01 real, 226 MB, 1.00 load
[runlim] sample:		2818.38 time, 2820.01 real, 226 MB, 1.00 load
[runlim] sample:		2828.38 time, 2830.01 real, 226 MB, 1.00 load
[runlim] sample:		2838.37 time, 2840.01 real, 226 MB, 1.00 load
[runlim] sample:		2848.36 time, 2850.01 real, 219 MB, 1.00 load
[runlim] sample:		2858.36 time, 2860.01 real, 219 MB, 1.00 load
[runlim] sample:		2868.35 time, 2870.01 real, 219 MB, 1.00 load
[runlim] sample:		2878.35 time, 2880.01 real, 219 MB, 1.00 load
[runlim] sample:		2888.34 time, 2890.01 real, 220 MB, 1.00 load
[runlim] sample:		2898.34 time, 2900.01 real, 220 MB, 1.00 load
[runlim] sample:		2908.33 time, 2910.01 real, 220 MB, 1.00 load
[runlim] sample:		2918.33 time, 2920.01 real, 220 MB, 1.00 load
[runlim] sample:		2928.32 time, 2930.01 real, 222 MB, 1.00 load
[runlim] sample:		2938.32 time, 2940.01 real, 222 MB, 1.00 load
[runlim] sample:		2948.31 time, 2950.01 real, 222 MB, 1.00 load
[runlim] sample:		2958.30 time, 2960.01 real, 228 MB, 1.00 load
[runlim] sample:		2968.30 time, 2970.01 real, 228 MB, 1.00 load
[runlim] sample:		2978.29 time, 2980.01 real, 228 MB, 1.00 load
[runlim] sample:		2988.29 time, 2990.01 real, 228 MB, 1.00 load
[runlim] sample:		2998.29 time, 3000.01 real, 225 MB, 1.00 load
[runlim] sample:		3008.28 time, 3010.01 real, 225 MB, 1.08 load
[runlim] sample:		3018.28 time, 3020.01 real, 225 MB, 1.07 load
[runlim] sample:		3028.27 time, 3030.01 real, 225 MB, 1.06 load
[runlim] sample:		3038.26 time, 3040.01 real, 241 MB, 1.05 load
[runlim] sample:		3048.25 time, 3050.01 real, 241 MB, 1.04 load
[runlim] sample:		3058.25 time, 3060.01 real, 241 MB, 1.03 load
[runlim] sample:		3068.24 time, 3070.01 real, 241 MB, 1.03 load
[runlim] sample:		3078.25 time, 3080.01 real, 241 MB, 1.02 load
[runlim] sample:		3088.24 time, 3090.01 real, 241 MB, 1.10 load
[runlim] sample:		3098.24 time, 3100.01 real, 241 MB, 1.16 load
[runlim] sample:		3108.23 time, 3110.01 real, 241 MB, 1.13 load
[runlim] sample:		3118.22 time, 3120.01 real, 243 MB, 1.11 load
[runlim] sample:		3128.22 time, 3130.01 real, 243 MB, 1.17 load
[runlim] sample:		3138.21 time, 3140.01 real, 243 MB, 1.14 load
[runlim] sample:		3148.21 time, 3150.01 real, 243 MB, 1.19 load
[runlim] sample:		3158.20 time, 3160.01 real, 237 MB, 1.16 load
[runlim] sample:		3168.20 time, 3170.01 real, 237 MB, 1.21 load
[runlim] sample:		3178.19 time, 3180.01 real, 237 MB, 1.18 load
[runlim] sample:		3188.19 time, 3190.01 real, 237 MB, 1.23 load
[runlim] sample:		3198.18 time, 3200.01 real, 237 MB, 1.19 load
[runlim] sample:		3208.18 time, 3210.01 real, 237 MB, 1.16 load
[runlim] sample:		3218.17 time, 3220.01 real, 237 MB, 1.14 load
[runlim] sample:		3228.17 time, 3230.01 real, 237 MB, 1.11 load
[runlim] sample:		3238.17 time, 3240.01 real, 246 MB, 1.10 load
[runlim] sample:		3248.17 time, 3250.01 real, 246 MB, 1.08 load
[runlim] sample:		3258.16 time, 3260.01 real, 246 MB, 1.07 load
[runlim] sample:		3268.16 time, 3270.01 real, 246 MB, 1.06 load
[runlim] sample:		3278.15 time, 3280.01 real, 246 MB, 1.05 load
[runlim] sample:		3288.14 time, 3290.01 real, 246 MB, 1.04 load
[runlim] sample:		3298.14 time, 3300.01 real, 246 MB, 1.03 load
[runlim] sample:		3308.13 time, 3310.01 real, 247 MB, 1.03 load
[runlim] sample:		3318.12 time, 3320.01 real, 247 MB, 1.02 load
[runlim] sample:		3328.12 time, 3330.01 real, 247 MB, 1.02 load
[runlim] sample:		3338.11 time, 3340.01 real, 247 MB, 1.02 load
[runlim] sample:		3348.11 time, 3350.01 real, 247 MB, 1.01 load
[runlim] sample:		3358.10 time, 3360.01 real, 248 MB, 1.01 load
[runlim] sample:		3368.09 time, 3370.01 real, 248 MB, 1.01 load
[runlim] sample:		3378.08 time, 3380.01 real, 248 MB, 1.01 load
[runlim] sample:		3388.08 time, 3390.01 real, 248 MB, 1.00 load
[runlim] sample:		3398.08 time, 3400.01 real, 248 MB, 1.00 load
[runlim] sample:		3408.07 time, 3410.01 real, 248 MB, 1.00 load
[runlim] sample:		3418.06 time, 3420.01 real, 249 MB, 1.00 load
[runlim] sample:		3428.05 time, 3430.01 real, 249 MB, 1.00 load
[runlim] sample:		3438.05 time, 3440.01 real, 249 MB, 1.00 load
[runlim] sample:		3448.04 time, 3450.01 real, 249 MB, 1.00 load
[runlim] sample:		3458.04 time, 3460.01 real, 249 MB, 1.00 load
[runlim] sample:		3468.03 time, 3470.01 real, 249 MB, 1.00 load
[runlim] sample:		3478.02 time, 3480.01 real, 249 MB, 1.00 load
[runlim] sample:		3488.02 time, 3490.01 real, 249 MB, 1.07 load
[runlim] sample:		3498.01 time, 3500.01 real, 249 MB, 1.06 load
[runlim] sample:		3508.01 time, 3510.01 real, 249 MB, 1.05 load
[runlim] sample:		3518.00 time, 3520.01 real, 249 MB, 1.04 load
[runlim] sample:		3528.00 time, 3530.01 real, 249 MB, 1.04 load
[runlim] sample:		3538.00 time, 3540.01 real, 249 MB, 1.03 load
[runlim] sample:		3547.99 time, 3550.01 real, 249 MB, 1.02 load
[runlim] sample:		3557.99 time, 3560.01 real, 249 MB, 1.02 load
[runlim] sample:		3567.98 time, 3570.01 real, 249 MB, 1.02 load
[runlim] sample:		3577.98 time, 3580.01 real, 305 MB, 1.01 load
[runlim] sample:		3587.97 time, 3590.01 real, 250 MB, 1.09 load
[runlim] sample:		3597.96 time, 3600.01 real, 250 MB, 1.15 load
[runlim] sample:		3607.96 time, 3610.01 real, 250 MB, 1.13 load
[runlim] sample:		3617.95 time, 3620.01 real, 250 MB, 1.11 load
[runlim] sample:		3627.95 time, 3630.01 real, 250 MB, 1.09 load
[runlim] sample:		3637.94 time, 3640.01 real, 250 MB, 1.08 load
[runlim] sample:		3647.94 time, 3650.01 real, 250 MB, 1.06 load
[runlim] sample:		3657.93 time, 3660.01 real, 250 MB, 1.05 load
[runlim] sample:		3667.93 time, 3670.01 real, 250 MB, 1.05 load
[runlim] sample:		3677.92 time, 3680.01 real, 250 MB, 1.04 load
[runlim] sample:		3687.92 time, 3690.01 real, 253 MB, 1.03 load
[runlim] sample:		3697.92 time, 3700.01 real, 253 MB, 1.03 load
[runlim] sample:		3707.91 time, 3710.01 real, 253 MB, 1.02 load
[runlim] sample:		3717.91 time, 3720.01 real, 253 MB, 1.02 load
[runlim] sample:		3727.90 time, 3730.01 real, 253 MB, 1.02 load
[runlim] sample:		3737.90 time, 3740.01 real, 255 MB, 1.01 load
[runlim] sample:		3747.89 time, 3750.01 real, 255 MB, 1.01 load
[runlim] sample:		3757.89 time, 3760.01 real, 255 MB, 1.08 load
[runlim] sample:		3767.88 time, 3770.01 real, 255 MB, 1.07 load
[runlim] sample:		3777.87 time, 3780.01 real, 252 MB, 1.06 load
[runlim] sample:		3787.87 time, 3790.01 real, 252 MB, 1.05 load
[runlim] sample:		3797.86 time, 3800.01 real, 252 MB, 1.04 load
[runlim] sample:		3807.86 time, 3810.01 real, 252 MB, 1.03 load
[runlim] sample:		3817.86 time, 3820.01 real, 255 MB, 1.03 load
[runlim] sample:		3827.85 time, 3830.01 real, 255 MB, 1.02 load
[runlim] sample:		3837.85 time, 3840.01 real, 255 MB, 1.02 load
[runlim] sample:		3847.84 time, 3850.01 real, 255 MB, 1.02 load
[runlim] sample:		3857.84 time, 3860.01 real, 255 MB, 1.01 load
[runlim] sample:		3867.83 time, 3870.01 real, 258 MB, 1.01 load
[runlim] sample:		3877.83 time, 3880.01 real, 258 MB, 1.01 load
[runlim] sample:		3887.82 time, 3890.01 real, 258 MB, 1.01 load
[runlim] sample:		3897.82 time, 3900.01 real, 258 MB, 1.00 load
[runlim] sample:		3907.82 time, 3910.01 real, 256 MB, 1.00 load
[runlim] sample:		3917.81 time, 3920.01 real, 256 MB, 1.00 load
[runlim] sample:		3927.81 time, 3930.01 real, 256 MB, 1.00 load
[runlim] sample:		3937.80 time, 3940.01 real, 256 MB, 1.00 load
[runlim] sample:		3947.80 time, 3950.01 real, 256 MB, 1.00 load
[runlim] sample:		3957.79 time, 3960.01 real, 256 MB, 1.00 load
[runlim] sample:		3967.78 time, 3970.01 real, 254 MB, 1.00 load
[runlim] sample:		3977.78 time, 3980.01 real, 254 MB, 1.00 load
[runlim] sample:		3987.77 time, 3990.01 real, 254 MB, 1.00 load
[runlim] sample:		3997.77 time, 4000.01 real, 254 MB, 1.00 load
[runlim] sample:		4007.77 time, 4010.01 real, 254 MB, 1.00 load
[runlim] sample:		4017.76 time, 4020.01 real, 254 MB, 1.00 load
[runlim] sample:		4027.76 time, 4030.01 real, 254 MB, 1.00 load
[runlim] sample:		4037.75 time, 4040.01 real, 254 MB, 1.00 load
[runlim] sample:		4047.75 time, 4050.01 real, 301 MB, 1.00 load
[runlim] sample:		4057.74 time, 4060.01 real, 257 MB, 1.00 load
[runlim] sample:		4067.73 time, 4070.01 real, 257 MB, 1.00 load
[runlim] sample:		4077.73 time, 4080.01 real, 257 MB, 1.00 load
[runlim] sample:		4087.72 time, 4090.01 real, 257 MB, 1.08 load
[runlim] sample:		4097.72 time, 4100.01 real, 257 MB, 1.14 load
[runlim] sample:		4107.71 time, 4110.01 real, 256 MB, 1.12 load
[runlim] sample:		4117.71 time, 4120.01 real, 256 MB, 1.10 load
[runlim] sample:		4127.70 time, 4130.01 real, 256 MB, 1.08 load
[runlim] sample:		4137.69 time, 4140.01 real, 256 MB, 1.07 load
[runlim] sample:		4147.69 time, 4150.01 real, 256 MB, 1.06 load
[runlim] sample:		4157.69 time, 4160.01 real, 260 MB, 1.05 load
[runlim] sample:		4167.68 time, 4170.01 real, 260 MB, 1.04 load
[runlim] sample:		4177.68 time, 4180.01 real, 260 MB, 1.04 load
[runlim] sample:		4187.67 time, 4190.01 real, 260 MB, 1.03 load
[runlim] sample:		4197.67 time, 4200.01 real, 260 MB, 1.02 load
[runlim] sample:		4207.66 time, 4210.01 real, 254 MB, 1.02 load
[runlim] sample:		4217.66 time, 4220.01 real, 254 MB, 1.02 load
[runlim] sample:		4227.65 time, 4230.01 real, 254 MB, 1.01 load
[runlim] sample:		4237.65 time, 4240.01 real, 254 MB, 1.01 load
[runlim] sample:		4247.64 time, 4250.01 real, 254 MB, 1.01 load
[runlim] sample:		4257.64 time, 4260.01 real, 252 MB, 1.01 load
[runlim] sample:		4267.63 time, 4270.01 real, 252 MB, 1.01 load
[runlim] sample:		4277.63 time, 4280.01 real, 252 MB, 1.00 load
[runlim] sample:		4287.63 time, 4290.01 real, 252 MB, 1.00 load
[runlim] sample:		4297.62 time, 4300.01 real, 262 MB, 1.00 load
[runlim] sample:		4307.61 time, 4310.01 real, 262 MB, 1.00 load
[runlim] sample:		4317.61 time, 4320.01 real, 262 MB, 1.00 load
[runlim] sample:		4327.60 time, 4330.01 real, 262 MB, 1.00 load
[runlim] sample:		4337.60 time, 4340.01 real, 262 MB, 1.00 load
[runlim] sample:		4347.59 time, 4350.01 real, 260 MB, 1.00 load
[runlim] sample:		4357.58 time, 4360.01 real, 260 MB, 1.00 load
[runlim] sample:		4367.58 time, 4370.01 real, 260 MB, 1.00 load
[runlim] sample:		4377.58 time, 4380.01 real, 260 MB, 1.00 load
[runlim] sample:		4387.57 time, 4390.01 real, 260 MB, 1.00 load
[runlim] sample:		4397.57 time, 4400.01 real, 260 MB, 1.00 load
[runlim] sample:		4407.57 time, 4410.01 real, 255 MB, 1.00 load
[runlim] sample:		4417.56 time, 4420.01 real, 255 MB, 1.00 load
[runlim] sample:		4427.56 time, 4430.01 real, 255 MB, 1.00 load
[runlim] sample:		4437.55 time, 4440.01 real, 255 MB, 1.00 load
[runlim] sample:		4447.55 time, 4450.01 real, 255 MB, 1.00 load
[runlim] sample:		4457.54 time, 4460.01 real, 258 MB, 1.00 load
[runlim] sample:		4467.53 time, 4470.01 real, 258 MB, 1.00 load
[runlim] sample:		4477.52 time, 4480.01 real, 258 MB, 1.00 load
[runlim] sample:		4487.52 time, 4490.01 real, 258 MB, 1.00 load
[runlim] sample:		4497.52 time, 4500.01 real, 258 MB, 1.00 load
[runlim] sample:		4507.51 time, 4510.01 real, 258 MB, 1.00 load
[runlim] sample:		4517.51 time, 4520.01 real, 258 MB, 1.00 load
[runlim] sample:		4527.50 time, 4530.01 real, 258 MB, 1.00 load
[runlim] sample:		4537.49 time, 4540.01 real, 258 MB, 1.00 load
[runlim] sample:		4547.49 time, 4550.01 real, 258 MB, 1.00 load
[runlim] sample:		4557.48 time, 4560.01 real, 258 MB, 1.00 load
[runlim] sample:		4567.48 time, 4570.01 real, 258 MB, 1.00 load
[runlim] sample:		4577.48 time, 4580.01 real, 260 MB, 1.00 load
[runlim] sample:		4587.47 time, 4590.01 real, 260 MB, 1.08 load
[runlim] sample:		4597.47 time, 4600.01 real, 260 MB, 1.14 load
[runlim] sample:		4607.46 time, 4610.01 real, 260 MB, 1.12 load
[runlim] sample:		4617.46 time, 4620.01 real, 260 MB, 1.10 load
[runlim] sample:		4627.45 time, 4630.01 real, 260 MB, 1.08 load
[runlim] sample:		4637.44 time, 4640.01 real, 254 MB, 1.07 load
[runlim] sample:		4647.44 time, 4650.01 real, 254 MB, 1.06 load
[runlim] sample:		4657.43 time, 4660.01 real, 254 MB, 1.05 load
[runlim] sample:		4667.43 time, 4670.01 real, 254 MB, 1.04 load
[runlim] sample:		4677.42 time, 4680.01 real, 254 MB, 1.04 load
[runlim] sample:		4687.42 time, 4690.01 real, 254 MB, 1.03 load
[runlim] sample:		4697.42 time, 4700.01 real, 251 MB, 1.02 load
[runlim] sample:		4707.41 time, 4710.01 real, 251 MB, 1.02 load
[runlim] sample:		4717.41 time, 4720.01 real, 251 MB, 1.18 load
[runlim] sample:		4727.41 time, 4730.01 real, 251 MB, 1.15 load
[runlim] sample:		4737.40 time, 4740.01 real, 251 MB, 1.13 load
[runlim] sample:		4747.40 time, 4750.01 real, 251 MB, 1.11 load
[runlim] sample:		4757.39 time, 4760.01 real, 251 MB, 1.09 load
[runlim] sample:		4767.39 time, 4770.01 real, 252 MB, 1.08 load
[runlim] sample:		4777.38 time, 4780.01 real, 252 MB, 1.06 load
[runlim] sample:		4787.38 time, 4790.01 real, 252 MB, 1.05 load
[runlim] sample:		4797.37 time, 4800.01 real, 252 MB, 1.04 load
[runlim] sample:		4807.37 time, 4810.01 real, 252 MB, 1.04 load
[runlim] sample:		4817.36 time, 4820.01 real, 252 MB, 1.03 load
[runlim] sample:		4827.35 time, 4830.01 real, 253 MB, 1.03 load
[runlim] sample:		4837.35 time, 4840.01 real, 253 MB, 1.02 load
[runlim] sample:		4847.34 time, 4850.01 real, 253 MB, 1.02 load
[runlim] sample:		4857.34 time, 4860.01 real, 253 MB, 1.01 load
[runlim] sample:		4867.34 time, 4870.01 real, 253 MB, 1.01 load
[runlim] sample:		4877.33 time, 4880.01 real, 253 MB, 1.01 load
[runlim] sample:		4887.33 time, 4890.01 real, 253 MB, 1.01 load
[runlim] sample:		4897.32 time, 4900.01 real, 254 MB, 1.01 load
[runlim] sample:		4907.31 time, 4910.01 real, 254 MB, 1.00 load
[runlim] sample:		4917.31 time, 4920.01 real, 254 MB, 1.00 load
[runlim] sample:		4927.30 time, 4930.01 real, 254 MB, 1.00 load
[runlim] sample:		4937.30 time, 4940.01 real, 254 MB, 1.00 load
[runlim] sample:		4947.29 time, 4950.01 real, 254 MB, 1.00 load
[runlim] sample:		4957.28 time, 4960.01 real, 254 MB, 1.00 load
[runlim] sample:		4967.28 time, 4970.01 real, 254 MB, 1.00 load
[runlim] sample:		4977.27 time, 4980.01 real, 254 MB, 1.00 load
[runlim] sample:		4987.27 time, 4990.01 real, 254 MB, 1.00 load
[runlim] sample:		4997.26 time, 5000.01 real, 254 MB, 1.00 load
[runlim] sample:		5007.26 time, 5010.01 real, 254 MB, 1.00 load
[runlim] sample:		5017.25 time, 5020.01 real, 254 MB, 1.00 load
[runlim] sample:		5027.24 time, 5030.01 real, 254 MB, 1.00 load
[runlim] sample:		5037.24 time, 5040.01 real, 254 MB, 1.00 load
[runlim] sample:		5047.23 time, 5050.01 real, 255 MB, 1.00 load
[runlim] sample:		5057.22 time, 5060.01 real, 255 MB, 1.00 load
[runlim] sample:		5067.21 time, 5070.01 real, 255 MB, 1.00 load
[runlim] sample:		5077.20 time, 5080.01 real, 255 MB, 1.00 load
[runlim] sample:		5087.19 time, 5090.01 real, 255 MB, 1.08 load
[runlim] sample:		5097.19 time, 5100.01 real, 255 MB, 1.14 load
[runlim] sample:		5107.18 time, 5110.01 real, 255 MB, 1.12 load
[runlim] sample:		5117.18 time, 5120.01 real, 255 MB, 1.10 load
[runlim] sample:		5127.16 time, 5130.01 real, 255 MB, 1.08 load
[runlim] sample:		5137.16 time, 5140.01 real, 255 MB, 1.07 load
[runlim] sample:		5147.15 time, 5150.01 real, 255 MB, 1.06 load
[runlim] sample:		5157.15 time, 5160.01 real, 255 MB, 1.05 load
[runlim] sample:		5167.14 time, 5170.01 real, 255 MB, 1.12 load
[runlim] sample:		5177.14 time, 5180.01 real, 255 MB, 1.10 load
[runlim] sample:		5187.13 time, 5190.01 real, 255 MB, 1.17 load
[runlim] sample:		5197.13 time, 5200.01 real, 255 MB, 1.14 load
[runlim] sample:		5207.13 time, 5210.01 real, 255 MB, 1.12 load
[runlim] sample:		5217.12 time, 5220.01 real, 255 MB, 1.10 load
[runlim] sample:		5227.12 time, 5230.01 real, 255 MB, 1.08 load
[runlim] sample:		5237.11 time, 5240.01 real, 255 MB, 1.07 load
[runlim] sample:		5247.11 time, 5250.01 real, 255 MB, 1.06 load
[runlim] sample:		5257.11 time, 5260.01 real, 255 MB, 1.05 load
[runlim] sample:		5267.10 time, 5270.01 real, 301 MB, 1.04 load
[runlim] sample:		5277.09 time, 5280.01 real, 256 MB, 1.04 load
[runlim] sample:		5287.09 time, 5290.01 real, 256 MB, 1.03 load
[runlim] sample:		5297.08 time, 5300.01 real, 256 MB, 1.02 load
[runlim] sample:		5307.08 time, 5310.01 real, 256 MB, 1.02 load
[runlim] sample:		5317.07 time, 5320.01 real, 256 MB, 1.02 load
[runlim] sample:		5327.06 time, 5330.01 real, 256 MB, 1.01 load
[runlim] sample:		5337.06 time, 5340.01 real, 256 MB, 1.01 load
[runlim] sample:		5347.05 time, 5350.01 real, 256 MB, 1.01 load
[runlim] sample:		5357.04 time, 5360.01 real, 256 MB, 1.01 load
[runlim] sample:		5367.04 time, 5370.01 real, 256 MB, 1.01 load
[runlim] sample:		5377.04 time, 5380.01 real, 256 MB, 1.00 load
[runlim] sample:		5387.03 time, 5390.01 real, 256 MB, 1.00 load
[runlim] sample:		5397.03 time, 5400.01 real, 256 MB, 1.00 load
[runlim] sample:		5407.02 time, 5410.01 real, 256 MB, 1.00 load
[runlim] sample:		5417.01 time, 5420.01 real, 256 MB, 1.00 load
[runlim] sample:		5427.00 time, 5430.01 real, 256 MB, 1.00 load
[runlim] sample:		5436.99 time, 5440.01 real, 256 MB, 1.00 load
[runlim] sample:		5446.98 time, 5450.01 real, 256 MB, 1.00 load
[runlim] sample:		5456.98 time, 5460.01 real, 256 MB, 1.00 load
[runlim] sample:		5466.97 time, 5470.01 real, 256 MB, 1.00 load
[runlim] sample:		5476.97 time, 5480.01 real, 256 MB, 1.00 load
[runlim] sample:		5486.96 time, 5490.01 real, 256 MB, 1.00 load
[runlim] sample:		5496.96 time, 5500.01 real, 256 MB, 1.00 load
[runlim] sample:		5506.95 time, 5510.01 real, 257 MB, 1.00 load
[runlim] sample:		5516.95 time, 5520.01 real, 257 MB, 1.00 load
[runlim] sample:		5526.94 time, 5530.01 real, 257 MB, 1.00 load
[runlim] sample:		5536.93 time, 5540.01 real, 257 MB, 1.00 load
[runlim] sample:		5546.93 time, 5550.01 real, 257 MB, 1.00 load
[runlim] sample:		5556.92 time, 5560.01 real, 257 MB, 1.00 load
[runlim] sample:		5566.92 time, 5570.01 real, 257 MB, 1.00 load
[runlim] sample:		5576.91 time, 5580.01 real, 257 MB, 1.00 load
[runlim] sample:		5586.90 time, 5590.01 real, 274 MB, 1.08 load
[runlim] sample:		5596.90 time, 5600.01 real, 274 MB, 1.14 load
[runlim] sample:		5606.89 time, 5610.01 real, 274 MB, 1.12 load
[runlim] sample:		5616.89 time, 5620.01 real, 274 MB, 1.10 load
[runlim] sample:		5626.88 time, 5630.01 real, 274 MB, 1.08 load
[runlim] sample:		5636.88 time, 5640.01 real, 274 MB, 1.07 load
[runlim] sample:		5646.87 time, 5650.01 real, 274 MB, 1.06 load
[runlim] sample:		5656.87 time, 5660.01 real, 274 MB, 1.05 load
[runlim] sample:		5666.87 time, 5670.01 real, 275 MB, 1.04 load
[runlim] sample:		5676.86 time, 5680.01 real, 275 MB, 1.04 load
[runlim] sample:		5686.86 time, 5690.01 real, 275 MB, 1.03 load
[runlim] sample:		5696.85 time, 5700.01 real, 275 MB, 1.02 load
[runlim] sample:		5706.85 time, 5710.01 real, 275 MB, 1.17 load
[runlim] sample:		5716.84 time, 5720.01 real, 275 MB, 1.14 load
[runlim] sample:		5726.84 time, 5730.01 real, 275 MB, 1.12 load
[runlim] sample:		5736.83 time, 5740.01 real, 275 MB, 1.10 load
[runlim] sample:		5746.82 time, 5750.01 real, 275 MB, 1.08 load
[runlim] sample:		5756.82 time, 5760.01 real, 275 MB, 1.07 load
[runlim] sample:		5766.81 time, 5770.01 real, 275 MB, 1.06 load
[runlim] sample:		5776.81 time, 5780.01 real, 275 MB, 1.05 load
[runlim] sample:		5786.80 time, 5790.01 real, 275 MB, 1.04 load
[runlim] sample:		5796.80 time, 5800.01 real, 275 MB, 1.04 load
[runlim] sample:		5806.79 time, 5810.01 real, 275 MB, 1.03 load
[runlim] sample:		5816.79 time, 5820.01 real, 275 MB, 1.02 load
[runlim] sample:		5826.79 time, 5830.01 real, 275 MB, 1.02 load
[runlim] sample:		5836.78 time, 5840.01 real, 275 MB, 1.02 load
[runlim] sample:		5846.78 time, 5850.01 real, 275 MB, 1.01 load
[runlim] sample:		5856.77 time, 5860.01 real, 275 MB, 1.09 load
[runlim] sample:		5866.77 time, 5870.01 real, 275 MB, 1.08 load
[runlim] sample:		5876.76 time, 5880.01 real, 275 MB, 1.06 load
[runlim] sample:		5886.76 time, 5890.01 real, 275 MB, 1.05 load
[runlim] sample:		5896.76 time, 5900.01 real, 275 MB, 1.05 load
[runlim] sample:		5906.75 time, 5910.01 real, 276 MB, 1.04 load
[runlim] sample:		5916.75 time, 5920.01 real, 276 MB, 1.03 load
[runlim] sample:		5926.74 time, 5930.01 real, 276 MB, 1.03 load
[runlim] sample:		5936.74 time, 5940.01 real, 276 MB, 1.02 load
[runlim] sample:		5946.73 time, 5950.01 real, 276 MB, 1.02 load
[runlim] sample:		5956.73 time, 5960.01 real, 282 MB, 1.02 load
[runlim] sample:		5966.72 time, 5970.01 real, 282 MB, 1.01 load
[runlim] sample:		5976.72 time, 5980.01 real, 282 MB, 1.01 load
[runlim] sample:		5986.71 time, 5990.01 real, 281 MB, 1.01 load
[runlim] sample:		5996.71 time, 6000.01 real, 281 MB, 1.01 load
[runlim] sample:		6006.70 time, 6010.01 real, 281 MB, 1.00 load
[runlim] sample:		6016.70 time, 6020.01 real, 281 MB, 1.00 load
[runlim] sample:		6026.69 time, 6030.01 real, 281 MB, 1.00 load
[runlim] sample:		6036.69 time, 6040.01 real, 281 MB, 1.00 load
[runlim] sample:		6046.68 time, 6050.01 real, 281 MB, 1.00 load
[runlim] sample:		6056.68 time, 6060.01 real, 281 MB, 1.00 load
[runlim] sample:		6066.67 time, 6070.01 real, 281 MB, 1.00 load
[runlim] sample:		6076.67 time, 6080.01 real, 282 MB, 1.00 load
[runlim] sample:		6086.67 time, 6090.01 real, 282 MB, 1.08 load
[runlim] sample:		6096.66 time, 6100.01 real, 282 MB, 1.14 load
[runlim] sample:		6106.66 time, 6110.01 real, 282 MB, 1.12 load
[runlim] sample:		6116.66 time, 6120.01 real, 282 MB, 1.10 load
[runlim] sample:		6126.65 time, 6130.01 real, 282 MB, 1.08 load
[runlim] sample:		6136.65 time, 6140.01 real, 282 MB, 1.07 load
[runlim] sample:		6146.64 time, 6150.01 real, 282 MB, 1.13 load
[runlim] sample:		6156.64 time, 6160.01 real, 282 MB, 1.11 load
[runlim] sample:		6166.63 time, 6170.01 real, 283 MB, 1.17 load
[runlim] sample:		6176.63 time, 6180.01 real, 283 MB, 1.14 load
[runlim] sample:		6186.62 time, 6190.01 real, 283 MB, 1.12 load
[runlim] sample:		6196.62 time, 6200.01 real, 283 MB, 1.10 load
[runlim] sample:		6206.61 time, 6210.01 real, 283 MB, 1.08 load
[runlim] sample:		6216.61 time, 6220.01 real, 283 MB, 1.07 load
[runlim] sample:		6226.61 time, 6230.01 real, 283 MB, 1.06 load
[runlim] sample:		6236.60 time, 6240.01 real, 283 MB, 1.05 load
[runlim] sample:		6246.60 time, 6250.01 real, 283 MB, 1.04 load
[runlim] sample:		6256.60 time, 6260.01 real, 283 MB, 1.04 load
[runlim] sample:		6266.59 time, 6270.01 real, 283 MB, 1.03 load
[runlim] sample:		6276.59 time, 6280.01 real, 283 MB, 1.02 load
[runlim] sample:		6286.58 time, 6290.01 real, 283 MB, 1.02 load
[runlim] sample:		6296.58 time, 6300.01 real, 283 MB, 1.02 load
[runlim] sample:		6306.58 time, 6310.01 real, 283 MB, 1.01 load
[runlim] sample:		6316.57 time, 6320.01 real, 283 MB, 1.01 load
[runlim] sample:		6326.57 time, 6330.01 real, 283 MB, 1.01 load
[runlim] sample:		6336.56 time, 6340.01 real, 283 MB, 1.01 load
[runlim] sample:		6346.56 time, 6350.01 real, 283 MB, 1.01 load
[runlim] sample:		6356.56 time, 6360.01 real, 283 MB, 1.00 load
[runlim] sample:		6366.55 time, 6370.01 real, 283 MB, 1.00 load
[runlim] sample:		6376.55 time, 6380.01 real, 283 MB, 1.00 load
[runlim] sample:		6386.54 time, 6390.01 real, 283 MB, 1.00 load
[runlim] sample:		6396.54 time, 6400.01 real, 283 MB, 1.00 load
[runlim] sample:		6406.53 time, 6410.01 real, 283 MB, 1.00 load
[runlim] sample:		6416.53 time, 6420.01 real, 283 MB, 1.00 load
[runlim] sample:		6426.52 time, 6430.01 real, 283 MB, 1.00 load
[runlim] sample:		6436.51 time, 6440.01 real, 283 MB, 1.00 load
[runlim] sample:		6446.51 time, 6450.01 real, 283 MB, 1.00 load
[runlim] sample:		6456.51 time, 6460.01 real, 283 MB, 1.00 load
[runlim] sample:		6466.50 time, 6470.01 real, 283 MB, 1.00 load
[runlim] sample:		6476.50 time, 6480.01 real, 283 MB, 1.00 load
[runlim] sample:		6486.49 time, 6490.01 real, 283 MB, 1.00 load
[runlim] sample:		6496.49 time, 6500.01 real, 283 MB, 1.00 load
[runlim] sample:		6506.48 time, 6510.01 real, 284 MB, 1.00 load
[runlim] sample:		6516.48 time, 6520.01 real, 284 MB, 1.00 load
[runlim] sample:		6526.47 time, 6530.01 real, 284 MB, 1.00 load
[runlim] sample:		6536.47 time, 6540.01 real, 284 MB, 1.00 load
[runlim] sample:		6546.47 time, 6550.01 real, 284 MB, 1.00 load
[runlim] sample:		6556.46 time, 6560.01 real, 284 MB, 1.00 load
[runlim] sample:		6566.46 time, 6570.01 real, 284 MB, 1.00 load
[runlim] sample:		6576.45 time, 6580.01 real, 284 MB, 1.00 load
[runlim] sample:		6586.45 time, 6590.01 real, 284 MB, 1.08 load
[runlim] sample:		6596.44 time, 6600.01 real, 284 MB, 1.14 load
[runlim] sample:		6606.43 time, 6610.01 real, 284 MB, 1.12 load
[runlim] sample:		6616.43 time, 6620.01 real, 284 MB, 1.10 load
[runlim] sample:		6626.43 time, 6630.01 real, 284 MB, 1.08 load
[runlim] sample:		6636.42 time, 6640.01 real, 284 MB, 1.07 load
[runlim] sample:		6646.42 time, 6650.01 real, 284 MB, 1.06 load
[runlim] sample:		6656.41 time, 6660.01 real, 284 MB, 1.05 load
[runlim] sample:		6666.41 time, 6670.01 real, 284 MB, 1.04 load
[runlim] sample:		6676.40 time, 6680.01 real, 284 MB, 1.04 load
[runlim] sample:		6686.40 time, 6690.01 real, 284 MB, 1.03 load
[runlim] sample:		6696.40 time, 6700.01 real, 284 MB, 1.02 load
[runlim] sample:		6706.39 time, 6710.01 real, 284 MB, 1.02 load
[runlim] sample:		6716.39 time, 6720.01 real, 284 MB, 1.02 load
[runlim] sample:		6726.38 time, 6730.01 real, 284 MB, 1.01 load
[runlim] sample:		6736.38 time, 6740.01 real, 284 MB, 1.01 load
[runlim] sample:		6746.37 time, 6750.01 real, 288 MB, 1.01 load
[runlim] sample:		6756.37 time, 6760.01 real, 288 MB, 1.01 load
[runlim] sample:		6766.36 time, 6770.01 real, 288 MB, 1.01 load
[runlim] sample:		6776.36 time, 6780.01 real, 288 MB, 1.00 load
[runlim] sample:		6786.35 time, 6790.01 real, 288 MB, 1.00 load
[runlim] sample:		6796.35 time, 6800.01 real, 288 MB, 1.00 load
[runlim] sample:		6806.34 time, 6810.01 real, 288 MB, 1.00 load
[runlim] sample:		6816.34 time, 6820.01 real, 288 MB, 1.00 load
[runlim] sample:		6826.33 time, 6830.01 real, 288 MB, 1.00 load
[runlim] sample:		6836.33 time, 6840.01 real, 288 MB, 1.00 load
[runlim] sample:		6846.32 time, 6850.01 real, 288 MB, 1.07 load
[runlim] sample:		6856.32 time, 6860.01 real, 288 MB, 1.06 load
[runlim] sample:		6866.31 time, 6870.01 real, 288 MB, 1.05 load
[runlim] sample:		6876.30 time, 6880.01 real, 288 MB, 1.04 load
[runlim] sample:		6886.30 time, 6890.01 real, 288 MB, 1.04 load
[runlim] sample:		6896.29 time, 6900.01 real, 288 MB, 1.03 load
[runlim] sample:		6906.28 time, 6910.01 real, 288 MB, 1.02 load
[runlim] sample:		6916.28 time, 6920.01 real, 288 MB, 1.02 load
[runlim] sample:		6926.28 time, 6930.01 real, 288 MB, 1.02 load
[runlim] sample:		6936.27 time, 6940.01 real, 288 MB, 1.01 load
[runlim] sample:		6946.27 time, 6950.01 real, 288 MB, 1.09 load
[runlim] sample:		6956.26 time, 6960.01 real, 288 MB, 1.08 load
[runlim] sample:		6966.26 time, 6970.01 real, 289 MB, 1.06 load
[runlim] sample:		6976.25 time, 6980.01 real, 289 MB, 1.05 load
[runlim] sample:		6986.25 time, 6990.01 real, 289 MB, 1.05 load
[runlim] sample:		6996.24 time, 7000.01 real, 289 MB, 1.04 load
[runlim] sample:		7006.24 time, 7010.01 real, 289 MB, 1.03 load
[runlim] sample:		7016.24 time, 7020.01 real, 289 MB, 1.03 load
[runlim] sample:		7026.23 time, 7030.01 real, 289 MB, 1.02 load
[runlim] sample:		7036.23 time, 7040.01 real, 289 MB, 1.02 load
[runlim] sample:		7046.22 time, 7050.01 real, 289 MB, 1.02 load
[runlim] sample:		7056.22 time, 7060.01 real, 289 MB, 1.01 load
[runlim] sample:		7066.22 time, 7070.01 real, 289 MB, 1.01 load
[runlim] sample:		7076.21 time, 7080.01 real, 289 MB, 1.01 load
[runlim] sample:		7086.21 time, 7090.01 real, 289 MB, 1.09 load
[runlim] sample:		7096.20 time, 7100.01 real, 289 MB, 1.15 load
[runlim] sample:		7106.20 time, 7110.01 real, 289 MB, 1.12 load
[runlim] sample:		7116.19 time, 7120.01 real, 289 MB, 1.10 load
[runlim] sample:		7126.19 time, 7130.01 real, 289 MB, 1.09 load
[runlim] sample:		7136.19 time, 7140.01 real, 289 MB, 1.07 load
[runlim] sample:		7146.18 time, 7150.01 real, 289 MB, 1.06 load
[runlim] sample:		7156.18 time, 7160.01 real, 290 MB, 1.05 load
[runlim] sample:		7166.17 time, 7170.01 real, 295 MB, 1.12 load
[runlim] sample:		7176.17 time, 7180.01 real, 295 MB, 1.10 load
[runlim] sample:		7186.16 time, 7190.01 real, 295 MB, 1.08 load
[runlim] sample:		7196.16 time, 7200.01 real, 295 MB, 1.07 load
[runlim] sample:		7206.15 time, 7210.01 real, 295 MB, 1.06 load
[runlim] sample:		7216.15 time, 7220.01 real, 295 MB, 1.05 load
[runlim] sample:		7226.15 time, 7230.01 real, 295 MB, 1.04 load
[runlim] sample:		7236.14 time, 7240.01 real, 295 MB, 1.03 load
[runlim] sample:		7246.13 time, 7250.01 real, 295 MB, 1.03 load
[runlim] sample:		7256.13 time, 7260.01 real, 295 MB, 1.02 load
[runlim] sample:		7266.12 time, 7270.01 real, 295 MB, 1.02 load
[runlim] sample:		7276.12 time, 7280.01 real, 295 MB, 1.02 load
[runlim] sample:		7286.11 time, 7290.01 real, 295 MB, 1.01 load
[runlim] sample:		7296.11 time, 7300.01 real, 295 MB, 1.01 load
[runlim] sample:		7306.10 time, 7310.01 real, 295 MB, 1.01 load
[runlim] sample:		7316.10 time, 7320.01 real, 295 MB, 1.09 load
[runlim] sample:		7326.09 time, 7330.01 real, 295 MB, 1.07 load
[runlim] sample:		7336.09 time, 7340.01 real, 295 MB, 1.06 load
[runlim] sample:		7346.09 time, 7350.01 real, 295 MB, 1.05 load
[runlim] sample:		7356.08 time, 7360.01 real, 295 MB, 1.04 load
[runlim] sample:		7366.08 time, 7370.01 real, 295 MB, 1.04 load
[runlim] sample:		7376.07 time, 7380.01 real, 295 MB, 1.03 load
[runlim] sample:		7386.07 time, 7390.01 real, 295 MB, 1.02 load
[runlim] sample:		7396.06 time, 7400.01 real, 295 MB, 1.02 load
[runlim] sample:		7406.06 time, 7410.01 real, 295 MB, 1.02 load
[runlim] sample:		7416.05 time, 7420.01 real, 295 MB, 1.01 load
[runlim] sample:		7426.05 time, 7430.01 real, 295 MB, 1.01 load
[runlim] sample:		7436.04 time, 7440.01 real, 295 MB, 1.01 load
[runlim] sample:		7446.04 time, 7450.01 real, 295 MB, 1.01 load
[runlim] sample:		7456.03 time, 7460.01 real, 295 MB, 1.01 load
[runlim] sample:		7466.02 time, 7470.01 real, 295 MB, 1.00 load
[runlim] sample:		7476.02 time, 7480.01 real, 295 MB, 1.00 load
[runlim] sample:		7486.01 time, 7490.01 real, 295 MB, 1.00 load
[runlim] sample:		7496.01 time, 7500.01 real, 295 MB, 1.00 load
[runlim] sample:		7506.00 time, 7510.01 real, 295 MB, 1.00 load
[runlim] sample:		7516.00 time, 7520.01 real, 295 MB, 1.00 load
[runlim] sample:		7525.99 time, 7530.01 real, 299 MB, 1.00 load
[runlim] sample:		7535.99 time, 7540.01 real, 299 MB, 1.00 load
[runlim] sample:		7545.98 time, 7550.01 real, 299 MB, 1.00 load
[runlim] sample:		7555.98 time, 7560.01 real, 299 MB, 1.00 load
[runlim] sample:		7565.97 time, 7570.01 real, 299 MB, 1.00 load
[runlim] sample:		7575.97 time, 7580.01 real, 299 MB, 1.00 load
[runlim] sample:		7585.96 time, 7590.01 real, 299 MB, 1.16 load
[runlim] sample:		7595.95 time, 7600.01 real, 298 MB, 1.21 load
[runlim] sample:		7605.95 time, 7610.01 real, 298 MB, 1.18 load
[runlim] sample:		7615.94 time, 7620.01 real, 298 MB, 1.15 load
[runlim] sample:		7625.94 time, 7630.01 real, 298 MB, 1.13 load
[runlim] sample:		7635.93 time, 7640.01 real, 298 MB, 1.11 load
[runlim] sample:		7645.93 time, 7650.01 real, 298 MB, 1.09 load
[runlim] sample:		7655.92 time, 7660.01 real, 298 MB, 1.08 load
SAT

=> TOTAL COMPLETION TIME (Makespan / UB): 464
Schedule is valid
 Time taken: 7668.88 seconds
[runlim] sample:		7665.92 time, 7670.01 real, 300 MB, 1.06 load
[runlim] sample:		7675.92 time, 7680.01 real, 300 MB, 1.05 load
[runlim] sample:		7685.91 time, 7690.01 real, 300 MB, 1.04 load
[runlim] sample:		7695.90 time, 7700.01 real, 300 MB, 1.04 load
[runlim] sample:		7705.90 time, 7710.01 real, 300 MB, 1.03 load
[runlim] sample:		7715.89 time, 7720.01 real, 300 MB, 1.03 load
[runlim] sample:		7725.89 time, 7730.01 real, 300 MB, 1.02 load
[runlim] sample:		7735.88 time, 7740.01 real, 296 MB, 1.02 load
[runlim] sample:		7745.87 time, 7750.01 real, 296 MB, 1.01 load
[runlim] sample:		7755.87 time, 7760.01 real, 296 MB, 1.01 load
[runlim] sample:		7765.86 time, 7770.01 real, 296 MB, 1.01 load
[runlim] sample:		7775.86 time, 7780.01 real, 296 MB, 1.01 load
[runlim] sample:		7785.85 time, 7790.01 real, 296 MB, 1.01 load
[runlim] sample:		7795.85 time, 7800.01 real, 296 MB, 1.08 load
[runlim] sample:		7805.85 time, 7810.01 real, 296 MB, 1.07 load
[runlim] sample:		7815.85 time, 7820.01 real, 296 MB, 1.06 load
[runlim] sample:		7825.84 time, 7830.01 real, 296 MB, 1.05 load
[runlim] sample:		7835.84 time, 7840.01 real, 296 MB, 1.04 load
[runlim] sample:		7845.83 time, 7850.01 real, 296 MB, 1.03 load
[runlim] sample:		7855.83 time, 7860.01 real, 296 MB, 1.03 load
[runlim] sample:		7865.82 time, 7870.01 real, 296 MB, 1.02 load
[runlim] sample:		7875.82 time, 7880.01 real, 296 MB, 1.02 load
[runlim] sample:		7885.81 time, 7890.01 real, 296 MB, 1.02 load
[runlim] sample:		7895.81 time, 7900.01 real, 363 MB, 1.01 load
[runlim] sample:		7905.80 time, 7910.01 real, 295 MB, 1.01 load
[runlim] sample:		7915.79 time, 7920.01 real, 306 MB, 1.01 load
[runlim] sample:		7925.78 time, 7930.01 real, 306 MB, 1.01 load
[runlim] sample:		7935.78 time, 7940.01 real, 306 MB, 1.00 load
[runlim] sample:		7945.77 time, 7950.01 real, 306 MB, 1.00 load
[runlim] sample:		7955.77 time, 7960.01 real, 306 MB, 1.00 load
[runlim] sample:		7965.76 time, 7970.01 real, 306 MB, 1.00 load
[runlim] sample:		7975.76 time, 7980.01 real, 306 MB, 1.00 load
[runlim] sample:		7985.75 time, 7990.01 real, 306 MB, 1.00 load
[runlim] sample:		7995.75 time, 8000.01 real, 306 MB, 1.00 load
[runlim] sample:		8005.75 time, 8010.01 real, 306 MB, 1.00 load
[runlim] sample:		8015.74 time, 8020.01 real, 306 MB, 1.00 load
[runlim] sample:		8025.74 time, 8030.01 real, 306 MB, 1.00 load
[runlim] sample:		8035.73 time, 8040.01 real, 306 MB, 1.00 load
[runlim] sample:		8045.73 time, 8050.01 real, 306 MB, 1.00 load
[runlim] sample:		8055.73 time, 8060.01 real, 312 MB, 1.00 load
[runlim] sample:		8065.72 time, 8070.01 real, 312 MB, 1.00 load
[runlim] sample:		8075.71 time, 8080.01 real, 312 MB, 1.00 load
[runlim] sample:		8085.71 time, 8090.01 real, 312 MB, 1.23 load
[runlim] sample:		8095.71 time, 8100.01 real, 312 MB, 1.27 load
[runlim] sample:		8105.70 time, 8110.01 real, 312 MB, 1.22 load
[runlim] sample:		8115.70 time, 8120.01 real, 312 MB, 1.19 load
[runlim] sample:		8125.68 time, 8130.01 real, 314 MB, 1.16 load
[runlim] sample:		8135.68 time, 8140.01 real, 314 MB, 1.13 load
[runlim] sample:		8145.67 time, 8150.01 real, 314 MB, 1.11 load
[runlim] sample:		8155.67 time, 8160.01 real, 314 MB, 1.10 load
[runlim] sample:		8165.66 time, 8170.01 real, 314 MB, 1.08 load
[runlim] sample:		8175.66 time, 8180.01 real, 314 MB, 1.07 load
[runlim] sample:		8185.66 time, 8190.01 real, 314 MB, 1.14 load
[runlim] sample:		8195.65 time, 8200.01 real, 309 MB, 1.12 load
[runlim] sample:		8205.64 time, 8210.01 real, 309 MB, 1.18 load
[runlim] sample:		8215.64 time, 8220.01 real, 309 MB, 1.15 load
[runlim] sample:		8225.63 time, 8230.01 real, 309 MB, 1.13 load
[runlim] sample:		8235.63 time, 8240.01 real, 309 MB, 1.11 load
[runlim] sample:		8245.62 time, 8250.01 real, 309 MB, 1.09 load
[runlim] sample:		8255.62 time, 8260.01 real, 309 MB, 1.08 load
[runlim] sample:		8265.62 time, 8270.01 real, 313 MB, 1.06 load
[runlim] sample:		8275.61 time, 8280.01 real, 313 MB, 1.05 load
[runlim] sample:		8285.60 time, 8290.01 real, 313 MB, 1.04 load
[runlim] sample:		8295.60 time, 8300.01 real, 313 MB, 1.04 load
[runlim] sample:		8305.60 time, 8310.01 real, 313 MB, 1.03 load
[runlim] sample:		8315.59 time, 8320.01 real, 313 MB, 1.03 load
[runlim] sample:		8325.59 time, 8330.01 real, 313 MB, 1.02 load
[runlim] sample:		8335.58 time, 8340.01 real, 313 MB, 1.02 load
[runlim] sample:		8345.58 time, 8350.01 real, 313 MB, 1.01 load
[runlim] sample:		8355.57 time, 8360.01 real, 313 MB, 1.01 load
[runlim] sample:		8365.57 time, 8370.01 real, 306 MB, 1.01 load
[runlim] sample:		8375.57 time, 8380.01 real, 306 MB, 1.01 load
[runlim] sample:		8385.56 time, 8390.01 real, 306 MB, 1.01 load
[runlim] sample:		8395.56 time, 8400.01 real, 306 MB, 1.00 load
[runlim] sample:		8405.55 time, 8410.01 real, 306 MB, 1.00 load
[runlim] sample:		8415.55 time, 8420.01 real, 306 MB, 1.00 load
[runlim] sample:		8425.54 time, 8430.01 real, 306 MB, 1.00 load
[runlim] sample:		8435.54 time, 8440.01 real, 306 MB, 1.00 load
[runlim] sample:		8445.53 time, 8450.01 real, 306 MB, 1.00 load
[runlim] sample:		8455.53 time, 8460.01 real, 307 MB, 1.00 load
[runlim] sample:		8465.53 time, 8470.01 real, 307 MB, 1.00 load
[runlim] sample:		8475.52 time, 8480.01 real, 307 MB, 1.00 load
[runlim] sample:		8485.52 time, 8490.01 real, 307 MB, 1.00 load
[runlim] sample:		8495.51 time, 8500.01 real, 307 MB, 1.00 load
[runlim] sample:		8505.51 time, 8510.01 real, 307 MB, 1.00 load
[runlim] sample:		8515.50 time, 8520.01 real, 307 MB, 1.00 load
[runlim] sample:		8525.50 time, 8530.01 real, 307 MB, 1.00 load
[runlim] sample:		8535.50 time, 8540.01 real, 307 MB, 1.00 load
[runlim] sample:		8545.49 time, 8550.01 real, 307 MB, 1.00 load
[runlim] sample:		8555.49 time, 8560.01 real, 307 MB, 1.00 load
[runlim] sample:		8565.47 time, 8570.01 real, 308 MB, 1.00 load
[runlim] sample:		8575.47 time, 8580.01 real, 308 MB, 1.00 load
[runlim] sample:		8585.47 time, 8590.01 real, 308 MB, 1.08 load
[runlim] sample:		8595.46 time, 8600.01 real, 308 MB, 1.14 load
[runlim] sample:		8605.46 time, 8610.01 real, 308 MB, 1.12 load
[runlim] sample:		8615.45 time, 8620.01 real, 308 MB, 1.10 load
[runlim] sample:		8625.45 time, 8630.01 real, 308 MB, 1.08 load
[runlim] sample:		8635.44 time, 8640.01 real, 308 MB, 1.07 load
[runlim] sample:		8645.44 time, 8650.01 real, 308 MB, 1.06 load
[runlim] sample:		8655.43 time, 8660.01 real, 308 MB, 1.05 load
[runlim] sample:		8665.44 time, 8670.01 real, 308 MB, 1.04 load
[runlim] sample:		8675.43 time, 8680.01 real, 309 MB, 1.04 load
[runlim] sample:		8685.43 time, 8690.01 real, 309 MB, 1.03 load
[runlim] sample:		8695.42 time, 8700.01 real, 309 MB, 1.02 load
[runlim] sample:		8705.42 time, 8710.01 real, 309 MB, 1.02 load
[runlim] sample:		8715.41 time, 8720.01 real, 309 MB, 1.02 load
[runlim] sample:		8725.41 time, 8730.01 real, 309 MB, 1.01 load
[runlim] sample:		8735.40 time, 8740.01 real, 309 MB, 1.01 load
[runlim] sample:		8745.40 time, 8750.01 real, 309 MB, 1.01 load
[runlim] sample:		8755.39 time, 8760.01 real, 309 MB, 1.01 load
[runlim] sample:		8765.39 time, 8770.01 real, 309 MB, 1.01 load
[runlim] sample:		8775.38 time, 8780.01 real, 309 MB, 1.00 load
[runlim] sample:		8785.38 time, 8790.01 real, 309 MB, 1.00 load
[runlim] sample:		8795.37 time, 8800.01 real, 309 MB, 1.00 load
[runlim] sample:		8805.37 time, 8810.01 real, 309 MB, 1.00 load
[runlim] sample:		8815.36 time, 8820.01 real, 309 MB, 1.00 load
[runlim] sample:		8825.36 time, 8830.01 real, 309 MB, 1.00 load
[runlim] sample:		8835.35 time, 8840.01 real, 309 MB, 1.00 load
[runlim] sample:		8845.35 time, 8850.01 real, 309 MB, 1.00 load
[runlim] sample:		8855.34 time, 8860.01 real, 309 MB, 1.00 load
[runlim] sample:		8865.34 time, 8870.01 real, 309 MB, 1.00 load
[runlim] sample:		8875.33 time, 8880.01 real, 309 MB, 1.00 load
[runlim] sample:		8885.33 time, 8890.01 real, 309 MB, 1.00 load
[runlim] sample:		8895.32 time, 8900.01 real, 309 MB, 1.00 load
[runlim] sample:		8905.32 time, 8910.01 real, 309 MB, 1.00 load
[runlim] sample:		8915.31 time, 8920.01 real, 309 MB, 1.00 load
[runlim] sample:		8925.31 time, 8930.01 real, 309 MB, 1.00 load
[runlim] sample:		8935.30 time, 8940.01 real, 309 MB, 1.00 load
[runlim] sample:		8945.30 time, 8950.01 real, 309 MB, 1.00 load
[runlim] sample:		8955.29 time, 8960.01 real, 309 MB, 1.00 load
[runlim] sample:		8965.29 time, 8970.01 real, 309 MB, 1.00 load
[runlim] sample:		8975.28 time, 8980.01 real, 309 MB, 1.00 load
[runlim] sample:		8985.28 time, 8990.01 real, 311 MB, 1.00 load
[runlim] sample:		8995.27 time, 9000.01 real, 311 MB, 1.00 load
[runlim] sample:		9005.27 time, 9010.01 real, 311 MB, 1.00 load
[runlim] sample:		9015.26 time, 9020.01 real, 311 MB, 1.00 load
[runlim] sample:		9025.25 time, 9030.01 real, 311 MB, 1.00 load
[runlim] sample:		9035.25 time, 9040.01 real, 311 MB, 1.00 load
[runlim] sample:		9045.24 time, 9050.01 real, 311 MB, 1.00 load
[runlim] sample:		9055.23 time, 9060.01 real, 311 MB, 1.00 load
[runlim] sample:		9065.22 time, 9070.01 real, 311 MB, 1.00 load
[runlim] sample:		9075.22 time, 9080.01 real, 309 MB, 1.00 load
[runlim] sample:		9085.21 time, 9090.01 real, 309 MB, 1.08 load
[runlim] sample:		9095.21 time, 9100.01 real, 309 MB, 1.14 load
[runlim] sample:		9105.20 time, 9110.01 real, 309 MB, 1.12 load
[runlim] sample:		9115.20 time, 9120.01 real, 310 MB, 1.10 load
[runlim] sample:		9125.19 time, 9130.01 real, 310 MB, 1.08 load
[runlim] sample:		9135.19 time, 9140.01 real, 310 MB, 1.07 load
[runlim] sample:		9145.18 time, 9150.01 real, 318 MB, 1.13 load
[runlim] sample:		9155.17 time, 9160.01 real, 318 MB, 1.11 load
[runlim] sample:		9165.17 time, 9170.01 real, 318 MB, 1.24 load
[runlim] sample:		9175.16 time, 9180.01 real, 318 MB, 1.21 load
[runlim] sample:		9185.16 time, 9190.01 real, 318 MB, 1.25 load
[runlim] sample:		9195.15 time, 9200.01 real, 318 MB, 1.21 load
[runlim] sample:		9205.15 time, 9210.01 real, 318 MB, 1.18 load
[runlim] sample:		9215.15 time, 9220.01 real, 318 MB, 1.15 load
[runlim] sample:		9225.15 time, 9230.01 real, 318 MB, 1.12 load
[runlim] sample:		9235.14 time, 9240.01 real, 318 MB, 1.11 load
[runlim] sample:		9245.14 time, 9250.01 real, 318 MB, 1.09 load
[runlim] sample:		9255.13 time, 9260.01 real, 318 MB, 1.07 load
[runlim] sample:		9265.13 time, 9270.01 real, 318 MB, 1.06 load
[runlim] sample:		9275.13 time, 9280.01 real, 318 MB, 1.05 load
[runlim] sample:		9285.12 time, 9290.01 real, 318 MB, 1.04 load
[runlim] sample:		9295.12 time, 9300.01 real, 318 MB, 1.04 load
[runlim] sample:		9305.11 time, 9310.01 real, 319 MB, 1.03 load
[runlim] sample:		9315.10 time, 9320.01 real, 319 MB, 1.03 load
[runlim] sample:		9325.10 time, 9330.01 real, 319 MB, 1.02 load
SAT

=> TOTAL COMPLETION TIME (Makespan / UB): 463
Schedule is valid
 Time taken: 9338.49 seconds
[runlim] sample:		9335.09 time, 9340.01 real, 319 MB, 1.02 load
[runlim] sample:		9345.09 time, 9350.01 real, 319 MB, 1.01 load
[runlim] sample:		9355.08 time, 9360.01 real, 319 MB, 1.01 load
[runlim] sample:		9365.08 time, 9370.01 real, 319 MB, 1.01 load
[runlim] sample:		9375.08 time, 9380.01 real, 319 MB, 1.01 load
[runlim] sample:		9385.07 time, 9390.01 real, 319 MB, 1.01 load
[runlim] sample:		9395.06 time, 9400.01 real, 313 MB, 1.00 load
[runlim] sample:		9405.05 time, 9410.01 real, 313 MB, 1.00 load
[runlim] sample:		9415.05 time, 9420.01 real, 313 MB, 1.00 load
[runlim] sample:		9425.04 time, 9430.01 real, 313 MB, 1.00 load
[runlim] sample:		9435.04 time, 9440.01 real, 313 MB, 1.00 load
[runlim] sample:		9445.03 time, 9450.01 real, 313 MB, 1.00 load
[runlim] sample:		9455.03 time, 9460.01 real, 313 MB, 1.00 load
[runlim] sample:		9465.02 time, 9470.01 real, 307 MB, 1.00 load
[runlim] sample:		9475.02 time, 9480.01 real, 307 MB, 1.00 load
[runlim] sample:		9485.01 time, 9490.01 real, 312 MB, 1.00 load
[runlim] sample:		9495.00 time, 9500.01 real, 312 MB, 1.00 load
[runlim] sample:		9505.00 time, 9510.01 real, 312 MB, 1.00 load
[runlim] sample:		9514.99 time, 9520.01 real, 312 MB, 1.00 load
[runlim] sample:		9524.99 time, 9530.01 real, 312 MB, 1.00 load
[runlim] sample:		9534.98 time, 9540.01 real, 312 MB, 1.00 load
[runlim] sample:		9544.98 time, 9550.01 real, 312 MB, 1.00 load
[runlim] sample:		9554.97 time, 9560.01 real, 312 MB, 1.00 load
[runlim] sample:		9564.96 time, 9570.01 real, 312 MB, 1.00 load
[runlim] sample:		9574.96 time, 9580.01 real, 315 MB, 1.00 load
[runlim] sample:		9584.95 time, 9590.01 real, 315 MB, 1.08 load
[runlim] sample:		9594.95 time, 9600.01 real, 315 MB, 1.14 load
[runlim] sample:		9604.94 time, 9610.01 real, 315 MB, 1.12 load
[runlim] sample:		9614.94 time, 9620.01 real, 315 MB, 1.10 load
[runlim] sample:		9624.93 time, 9630.01 real, 315 MB, 1.08 load
[runlim] sample:		9634.92 time, 9640.01 real, 315 MB, 1.07 load
[runlim] sample:		9644.92 time, 9650.01 real, 315 MB, 1.06 load
[runlim] sample:		9654.91 time, 9660.01 real, 315 MB, 1.05 load
[runlim] sample:		9664.91 time, 9670.01 real, 315 MB, 1.04 load
[runlim] sample:		9674.90 time, 9680.01 real, 315 MB, 1.04 load
[runlim] sample:		9684.90 time, 9690.01 real, 315 MB, 1.03 load
[runlim] sample:		9694.89 time, 9700.01 real, 315 MB, 1.02 load
[runlim] sample:		9704.89 time, 9710.01 real, 315 MB, 1.02 load
[runlim] sample:		9714.88 time, 9720.01 real, 315 MB, 1.02 load
[runlim] sample:		9724.88 time, 9730.01 real, 315 MB, 1.01 load
[runlim] sample:		9734.87 time, 9740.01 real, 315 MB, 1.01 load
SAT

=> TOTAL COMPLETION TIME (Makespan / UB): 462
Schedule is valid
 Time taken: 9748.93 seconds
[runlim] sample:		9744.86 time, 9750.01 real, 315 MB, 1.01 load
[runlim] sample:		9754.86 time, 9760.01 real, 315 MB, 1.01 load
[runlim] sample:		9764.85 time, 9770.01 real, 321 MB, 1.01 load
[runlim] sample:		9774.85 time, 9780.01 real, 321 MB, 1.00 load
[runlim] sample:		9784.84 time, 9790.01 real, 321 MB, 1.00 load
[runlim] sample:		9794.84 time, 9800.01 real, 321 MB, 1.00 load
[runlim] sample:		9804.83 time, 9810.01 real, 321 MB, 1.00 load
[runlim] sample:		9814.82 time, 9820.01 real, 321 MB, 1.00 load
[runlim] sample:		9824.82 time, 9830.01 real, 321 MB, 1.00 load
[runlim] sample:		9834.81 time, 9840.01 real, 321 MB, 1.00 load
[runlim] sample:		9844.81 time, 9850.01 real, 321 MB, 1.00 load
[runlim] sample:		9854.80 time, 9860.01 real, 316 MB, 1.00 load
[runlim] sample:		9864.80 time, 9870.01 real, 316 MB, 1.00 load
[runlim] sample:		9874.79 time, 9880.01 real, 316 MB, 1.00 load
[runlim] sample:		9884.79 time, 9890.01 real, 316 MB, 1.00 load
[runlim] sample:		9894.78 time, 9900.01 real, 316 MB, 1.00 load
[runlim] sample:		9904.77 time, 9910.01 real, 317 MB, 1.00 load
[runlim] sample:		9914.77 time, 9920.01 real, 317 MB, 1.00 load
[runlim] sample:		9924.76 time, 9930.01 real, 317 MB, 1.00 load
[runlim] sample:		9934.76 time, 9940.01 real, 317 MB, 1.00 load
[runlim] sample:		9944.75 time, 9950.01 real, 317 MB, 1.00 load
[runlim] sample:		9954.75 time, 9960.01 real, 317 MB, 1.00 load
[runlim] sample:		9964.74 time, 9970.01 real, 317 MB, 1.00 load
[runlim] sample:		9974.74 time, 9980.01 real, 317 MB, 1.00 load
[runlim] sample:		9984.73 time, 9990.01 real, 317 MB, 1.00 load
[runlim] sample:		9994.73 time, 10000.01 real, 317 MB, 1.00 load
[runlim] sample:		10004.72 time, 10010.01 real, 317 MB, 1.00 load
[runlim] sample:		10014.72 time, 10020.01 real, 317 MB, 1.00 load
[runlim] sample:		10024.71 time, 10030.01 real, 317 MB, 1.00 load
[runlim] sample:		10034.71 time, 10040.01 real, 317 MB, 1.00 load
[runlim] sample:		10044.70 time, 10050.01 real, 317 MB, 1.00 load
[runlim] sample:		10054.70 time, 10060.01 real, 388 MB, 1.00 load
[runlim] sample:		10064.69 time, 10070.01 real, 317 MB, 1.00 load
[runlim] sample:		10074.69 time, 10080.01 real, 317 MB, 1.00 load
[runlim] sample:		10084.68 time, 10090.01 real, 317 MB, 1.00 load
[runlim] sample:		10094.68 time, 10100.01 real, 317 MB, 1.15 load
[runlim] sample:		10104.67 time, 10110.01 real, 317 MB, 1.20 load
[runlim] sample:		10114.67 time, 10120.01 real, 317 MB, 1.39 load
[runlim] sample:		10124.66 time, 10130.01 real, 317 MB, 1.41 load
[runlim] sample:		10134.66 time, 10140.01 real, 317 MB, 1.42 load
[runlim] sample:		10144.64 time, 10150.01 real, 323 MB, 1.43 load
[runlim] sample:		10154.64 time, 10160.01 real, 323 MB, 1.51 load
[runlim] sample:		10164.63 time, 10170.01 real, 323 MB, 1.50 load
[runlim] sample:		10174.63 time, 10180.01 real, 323 MB, 1.50 load
SAT

=> TOTAL COMPLETION TIME (Makespan / UB): 461
Schedule is valid
 Time taken: 10181.03 seconds
[runlim] sample:		10184.62 time, 10190.01 real, 323 MB, 1.42 load
[runlim] sample:		10194.62 time, 10200.01 real, 323 MB, 1.36 load
[runlim] sample:		10204.61 time, 10210.01 real, 323 MB, 1.30 load
[runlim] sample:		10214.61 time, 10220.01 real, 323 MB, 1.26 load
[runlim] sample:		10224.60 time, 10230.01 real, 323 MB, 1.22 load
[runlim] sample:		10234.60 time, 10240.01 real, 323 MB, 1.18 load
[runlim] sample:		10244.59 time, 10250.01 real, 323 MB, 1.15 load
[runlim] sample:		10254.59 time, 10260.01 real, 323 MB, 1.13 load
[runlim] sample:		10264.58 time, 10270.01 real, 323 MB, 1.11 load
[runlim] sample:		10274.58 time, 10280.01 real, 323 MB, 1.09 load
[runlim] sample:		10284.57 time, 10290.01 real, 323 MB, 1.08 load
[runlim] sample:		10294.56 time, 10300.01 real, 323 MB, 1.06 load
[runlim] sample:		10304.56 time, 10310.01 real, 323 MB, 1.05 load
[runlim] sample:		10314.55 time, 10320.01 real, 323 MB, 1.05 load
[runlim] sample:		10324.55 time, 10330.01 real, 320 MB, 1.04 load
[runlim] sample:		10334.55 time, 10340.01 real, 320 MB, 1.03 load
[runlim] sample:		10344.54 time, 10350.01 real, 320 MB, 1.03 load
[runlim] sample:		10354.54 time, 10360.01 real, 320 MB, 1.02 load
[runlim] sample:		10364.53 time, 10370.01 real, 320 MB, 1.02 load
[runlim] sample:		10374.53 time, 10380.01 real, 320 MB, 1.02 load
[runlim] sample:		10384.52 time, 10390.01 real, 320 MB, 1.01 load
[runlim] sample:		10394.52 time, 10400.01 real, 320 MB, 1.01 load
[runlim] sample:		10404.51 time, 10410.01 real, 320 MB, 1.01 load
[runlim] sample:		10414.51 time, 10420.01 real, 320 MB, 1.01 load
[runlim] sample:		10424.50 time, 10430.01 real, 320 MB, 1.00 load
[runlim] sample:		10434.49 time, 10440.01 real, 317 MB, 1.00 load
[runlim] sample:		10444.48 time, 10450.01 real, 317 MB, 1.00 load
[runlim] sample:		10454.48 time, 10460.01 real, 317 MB, 1.00 load
[runlim] sample:		10464.47 time, 10470.01 real, 317 MB, 1.00 load
[runlim] sample:		10474.47 time, 10480.01 real, 317 MB, 1.00 load
[runlim] sample:		10484.46 time, 10490.01 real, 317 MB, 1.00 load
[runlim] sample:		10494.46 time, 10500.01 real, 317 MB, 1.00 load
[runlim] sample:		10504.45 time, 10510.01 real, 317 MB, 1.00 load
[runlim] sample:		10514.45 time, 10520.01 real, 317 MB, 1.00 load
[runlim] sample:		10524.44 time, 10530.01 real, 317 MB, 1.00 load
[runlim] sample:		10534.44 time, 10540.01 real, 317 MB, 1.00 load
[runlim] sample:		10544.44 time, 10550.01 real, 317 MB, 1.00 load
[runlim] sample:		10554.43 time, 10560.01 real, 317 MB, 1.00 load
[runlim] sample:		10564.43 time, 10570.01 real, 317 MB, 1.00 load
[runlim] sample:		10574.42 time, 10580.01 real, 317 MB, 1.00 load
[runlim] sample:		10584.42 time, 10590.01 real, 317 MB, 1.00 load
[runlim] sample:		10594.41 time, 10600.01 real, 317 MB, 1.15 load
[runlim] sample:		10604.41 time, 10610.01 real, 317 MB, 1.13 load
[runlim] sample:		10614.40 time, 10620.01 real, 328 MB, 1.11 load
SAT

=> TOTAL COMPLETION TIME (Makespan / UB): 460
Schedule is valid
 Time taken: 10624.75 seconds
[runlim] sample:		10624.40 time, 10630.01 real, 328 MB, 1.09 load
[runlim] sample:		10634.39 time, 10640.01 real, 328 MB, 1.08 load
[runlim] sample:		10644.39 time, 10650.01 real, 328 MB, 1.06 load
[runlim] sample:		10654.38 time, 10660.01 real, 328 MB, 1.05 load
[runlim] sample:		10664.38 time, 10670.01 real, 328 MB, 1.05 load
[runlim] sample:		10674.37 time, 10680.01 real, 328 MB, 1.04 load
[runlim] sample:		10684.37 time, 10690.01 real, 328 MB, 1.03 load
[runlim] sample:		10694.36 time, 10700.01 real, 328 MB, 1.03 load
[runlim] sample:		10704.35 time, 10710.01 real, 321 MB, 1.02 load
[runlim] sample:		10714.34 time, 10720.01 real, 321 MB, 1.02 load
[runlim] sample:		10724.34 time, 10730.01 real, 321 MB, 1.02 load
[runlim] sample:		10734.33 time, 10740.01 real, 321 MB, 1.01 load
[runlim] sample:		10744.33 time, 10750.01 real, 321 MB, 1.01 load
[runlim] sample:		10754.32 time, 10760.01 real, 322 MB, 1.01 load
[runlim] sample:		10764.32 time, 10770.01 real, 322 MB, 1.01 load
[runlim] sample:		10774.31 time, 10780.01 real, 322 MB, 1.00 load
[runlim] sample:		10784.30 time, 10790.01 real, 322 MB, 1.00 load
[runlim] sample:		10794.31 time, 10800.01 real, 323 MB, 1.00 load
[runlim] end:			Thu May  7 03:31:22 2026
[runlim] status:		out of time
[runlim] result:		2
[runlim] children:		1
[runlim] processes:		2
[runlim] real:			10801.06 seconds
[runlim] time:			10794.31 seconds
[runlim] space:			403 MB
[runlim] load:			1.55 maximum
[runlim] samples:		108000
