[runlim] version:		2.0.0rc12
[runlim] host:			ap-Precision-7550
[runlim] time limit:		311040000 seconds
[runlim] real time limit:	10800 seconds
[runlim] space limit:		15624 MB
[runlim] argv[0]:		python3
[runlim] argv[1]:		-u
[runlim] argv[2]:		sm_var.py
[runlim] argv[3]:		datasets/dafjs/DAFJS15
[runlim] start:			Fri May  8 23:24:19 2026
[runlim] child:			5211
Operations: 120, Edges: 117, Machines: 10
Greedy Schedule UB: 783
Building constraints took 6.97 seconds.
[runlim] sample:		9.99 time, 10.01 real, 923 MB, 0.62 load
SAT

=> TOTAL COMPLETION TIME (Makespan / UB): 782
Schedule is valid
 Time taken: 11.25 seconds
SAT

=> TOTAL COMPLETION TIME (Makespan / UB): 781
Schedule is valid
 Time taken: 11.52 seconds
SAT

=> TOTAL COMPLETION TIME (Makespan / UB): 780
Schedule is valid
 Time taken: 18.17 seconds
[runlim] sample:		19.98 time, 20.01 real, 918 MB, 0.68 load
SAT

=> TOTAL COMPLETION TIME (Makespan / UB): 779
Schedule is valid
 Time taken: 21.98 seconds
SAT

=> TOTAL COMPLETION TIME (Makespan / UB): 778
Schedule is valid
 Time taken: 23.59 seconds
[runlim] sample:		29.98 time, 30.01 real, 912 MB, 0.80 load
SAT

=> TOTAL COMPLETION TIME (Makespan / UB): 777
Schedule is valid
 Time taken: 32.95 seconds
SAT

=> TOTAL COMPLETION TIME (Makespan / UB): 776
Schedule is valid
 Time taken: 35.21 seconds
SAT

=> TOTAL COMPLETION TIME (Makespan / UB): 775
Schedule is valid
 Time taken: 38.56 seconds
[runlim] sample:		39.97 time, 40.01 real, 1135 MB, 0.91 load
SAT

=> TOTAL COMPLETION TIME (Makespan / UB): 774
Schedule is valid
 Time taken: 40.79 seconds
SAT

=> TOTAL COMPLETION TIME (Makespan / UB): 773
Schedule is valid
 Time taken: 40.80 seconds
[runlim] sample:		49.97 time, 50.01 real, 909 MB, 0.93 load
SAT

=> TOTAL COMPLETION TIME (Makespan / UB): 772
Schedule is valid
 Time taken: 50.50 seconds
SAT

=> TOTAL COMPLETION TIME (Makespan / UB): 771
Schedule is valid
 Time taken: 52.89 seconds
SAT

=> TOTAL COMPLETION TIME (Makespan / UB): 770
Schedule is valid
 Time taken: 54.71 seconds
SAT

=> TOTAL COMPLETION TIME (Makespan / UB): 769
Schedule is valid
 Time taken: 54.73 seconds
SAT

=> TOTAL COMPLETION TIME (Makespan / UB): 768
Schedule is valid
 Time taken: 54.76 seconds
[runlim] sample:		59.97 time, 60.01 real, 905 MB, 0.94 load
[runlim] sample:		69.96 time, 70.01 real, 904 MB, 1.03 load
SAT

=> TOTAL COMPLETION TIME (Makespan / UB): 767
Schedule is valid
 Time taken: 70.76 seconds
SAT

=> TOTAL COMPLETION TIME (Makespan / UB): 766
Schedule is valid
 Time taken: 71.12 seconds
SAT

=> TOTAL COMPLETION TIME (Makespan / UB): 765
Schedule is valid
 Time taken: 71.57 seconds
SAT

=> TOTAL COMPLETION TIME (Makespan / UB): 764
Schedule is valid
 Time taken: 71.58 seconds
SAT

=> TOTAL COMPLETION TIME (Makespan / UB): 763
Schedule is valid
 Time taken: 71.59 seconds
SAT

=> TOTAL COMPLETION TIME (Makespan / UB): 762
Schedule is valid
 Time taken: 74.81 seconds
SAT

=> TOTAL COMPLETION TIME (Makespan / UB): 761
Schedule is valid
 Time taken: 77.75 seconds
[runlim] sample:		79.95 time, 80.01 real, 1158 MB, 1.18 load
[runlim] sample:		89.95 time, 90.01 real, 1115 MB, 1.15 load
SAT

=> TOTAL COMPLETION TIME (Makespan / UB): 760
Schedule is valid
 Time taken: 92.60 seconds
SAT

=> TOTAL COMPLETION TIME (Makespan / UB): 759
Schedule is valid
 Time taken: 95.52 seconds
SAT

=> TOTAL COMPLETION TIME (Makespan / UB): 758
Schedule is valid
 Time taken: 99.24 seconds
[runlim] sample:		99.94 time, 100.01 real, 899 MB, 1.13 load
SAT

=> TOTAL COMPLETION TIME (Makespan / UB): 757
Schedule is valid
 Time taken: 100.93 seconds
SAT

=> TOTAL COMPLETION TIME (Makespan / UB): 756
Schedule is valid
 Time taken: 103.52 seconds
SAT

=> TOTAL COMPLETION TIME (Makespan / UB): 755
Schedule is valid
 Time taken: 109.62 seconds
[runlim] sample:		109.94 time, 110.01 real, 926 MB, 1.11 load
SAT

=> TOTAL COMPLETION TIME (Makespan / UB): 754
Schedule is valid
 Time taken: 112.36 seconds
SAT

=> TOTAL COMPLETION TIME (Makespan / UB): 753
Schedule is valid
 Time taken: 115.70 seconds
SAT

=> TOTAL COMPLETION TIME (Makespan / UB): 752
Schedule is valid
 Time taken: 118.43 seconds
[runlim] sample:		119.94 time, 120.01 real, 922 MB, 1.17 load
SAT

=> TOTAL COMPLETION TIME (Makespan / UB): 751
Schedule is valid
 Time taken: 120.28 seconds
SAT

=> TOTAL COMPLETION TIME (Makespan / UB): 750
Schedule is valid
 Time taken: 123.34 seconds
SAT

=> TOTAL COMPLETION TIME (Makespan / UB): 749
Schedule is valid
 Time taken: 127.17 seconds
[runlim] sample:		129.93 time, 130.01 real, 919 MB, 1.14 load
SAT

=> TOTAL COMPLETION TIME (Makespan / UB): 748
Schedule is valid
 Time taken: 138.89 seconds
SAT

=> TOTAL COMPLETION TIME (Makespan / UB): 747
Schedule is valid
 Time taken: 139.71 seconds
[runlim] sample:		139.93 time, 140.01 real, 927 MB, 1.12 load
SAT

=> TOTAL COMPLETION TIME (Makespan / UB): 746
Schedule is valid
 Time taken: 149.30 seconds
[runlim] sample:		149.93 time, 150.01 real, 927 MB, 1.10 load
SAT

=> TOTAL COMPLETION TIME (Makespan / UB): 745
Schedule is valid
 Time taken: 152.47 seconds
SAT

=> TOTAL COMPLETION TIME (Makespan / UB): 744
Schedule is valid
 Time taken: 154.33 seconds
[runlim] sample:		159.92 time, 160.01 real, 1131 MB, 1.09 load
SAT

=> TOTAL COMPLETION TIME (Makespan / UB): 743
Schedule is valid
 Time taken: 161.55 seconds
SAT

=> TOTAL COMPLETION TIME (Makespan / UB): 742
Schedule is valid
 Time taken: 164.24 seconds
SAT

=> TOTAL COMPLETION TIME (Makespan / UB): 741
Schedule is valid
 Time taken: 169.08 seconds
[runlim] sample:		169.92 time, 170.01 real, 923 MB, 1.07 load
SAT

=> TOTAL COMPLETION TIME (Makespan / UB): 740
Schedule is valid
 Time taken: 170.84 seconds
SAT

=> TOTAL COMPLETION TIME (Makespan / UB): 739
Schedule is valid
 Time taken: 172.99 seconds
SAT

=> TOTAL COMPLETION TIME (Makespan / UB): 738
Schedule is valid
 Time taken: 175.41 seconds
[runlim] sample:		179.91 time, 180.01 real, 1122 MB, 1.06 load
[runlim] sample:		189.90 time, 190.01 real, 921 MB, 1.05 load
SAT

=> TOTAL COMPLETION TIME (Makespan / UB): 737
Schedule is valid
 Time taken: 193.10 seconds
[runlim] sample:		199.90 time, 200.01 real, 922 MB, 1.04 load
SAT

=> TOTAL COMPLETION TIME (Makespan / UB): 736
Schedule is valid
 Time taken: 206.35 seconds
SAT

=> TOTAL COMPLETION TIME (Makespan / UB): 735
Schedule is valid
 Time taken: 208.82 seconds
[runlim] sample:		209.89 time, 210.01 real, 922 MB, 1.04 load
SAT

=> TOTAL COMPLETION TIME (Makespan / UB): 734
Schedule is valid
 Time taken: 211.13 seconds
SAT

=> TOTAL COMPLETION TIME (Makespan / UB): 733
Schedule is valid
 Time taken: 213.88 seconds
[runlim] sample:		219.89 time, 220.01 real, 920 MB, 1.03 load
SAT

=> TOTAL COMPLETION TIME (Makespan / UB): 732
Schedule is valid
 Time taken: 229.66 seconds
[runlim] sample:		229.88 time, 230.01 real, 919 MB, 1.10 load
SAT

=> TOTAL COMPLETION TIME (Makespan / UB): 731
Schedule is valid
 Time taken: 232.59 seconds
SAT

=> TOTAL COMPLETION TIME (Makespan / UB): 730
Schedule is valid
 Time taken: 235.08 seconds
SAT

=> TOTAL COMPLETION TIME (Makespan / UB): 729
Schedule is valid
 Time taken: 237.00 seconds
[runlim] sample:		239.88 time, 240.01 real, 915 MB, 1.16 load
SAT

=> TOTAL COMPLETION TIME (Makespan / UB): 728
Schedule is valid
 Time taken: 246.62 seconds
[runlim] sample:		249.87 time, 250.01 real, 915 MB, 1.14 load
SAT

=> TOTAL COMPLETION TIME (Makespan / UB): 727
Schedule is valid
 Time taken: 259.07 seconds
SAT

=> TOTAL COMPLETION TIME (Makespan / UB): 726
Schedule is valid
 Time taken: 259.08 seconds
[runlim] sample:		259.87 time, 260.01 real, 915 MB, 1.12 load
SAT

=> TOTAL COMPLETION TIME (Makespan / UB): 725
Schedule is valid
 Time taken: 262.41 seconds
[runlim] sample:		269.86 time, 270.01 real, 912 MB, 1.10 load
SAT

=> TOTAL COMPLETION TIME (Makespan / UB): 724
Schedule is valid
 Time taken: 270.56 seconds
SAT

=> TOTAL COMPLETION TIME (Makespan / UB): 723
Schedule is valid
 Time taken: 274.47 seconds
SAT

=> TOTAL COMPLETION TIME (Makespan / UB): 722
Schedule is valid
 Time taken: 277.02 seconds
[runlim] sample:		279.85 time, 280.01 real, 912 MB, 1.08 load
SAT

=> TOTAL COMPLETION TIME (Makespan / UB): 721
Schedule is valid
 Time taken: 285.23 seconds
SAT

=> TOTAL COMPLETION TIME (Makespan / UB): 720
Schedule is valid
 Time taken: 285.24 seconds
SAT

=> TOTAL COMPLETION TIME (Makespan / UB): 719
Schedule is valid
 Time taken: 285.25 seconds
SAT

=> TOTAL COMPLETION TIME (Makespan / UB): 718
Schedule is valid
 Time taken: 288.14 seconds
[runlim] sample:		289.85 time, 290.01 real, 911 MB, 1.07 load
SAT

=> TOTAL COMPLETION TIME (Makespan / UB): 717
Schedule is valid
 Time taken: 295.62 seconds
[runlim] sample:		299.84 time, 300.01 real, 1103 MB, 1.06 load
SAT

=> TOTAL COMPLETION TIME (Makespan / UB): 716
Schedule is valid
 Time taken: 305.27 seconds
[runlim] sample:		309.84 time, 310.01 real, 906 MB, 1.05 load
SAT

=> TOTAL COMPLETION TIME (Makespan / UB): 715
Schedule is valid
 Time taken: 314.57 seconds
[runlim] sample:		319.84 time, 320.01 real, 906 MB, 1.04 load
SAT

=> TOTAL COMPLETION TIME (Makespan / UB): 714
Schedule is valid
 Time taken: 328.99 seconds
[runlim] sample:		329.83 time, 330.01 real, 908 MB, 1.03 load
SAT

=> TOTAL COMPLETION TIME (Makespan / UB): 713
Schedule is valid
 Time taken: 336.48 seconds
[runlim] sample:		339.82 time, 340.01 real, 1099 MB, 1.03 load
SAT

=> TOTAL COMPLETION TIME (Makespan / UB): 712
Schedule is valid
 Time taken: 346.27 seconds
[runlim] sample:		349.82 time, 350.01 real, 908 MB, 1.02 load
SAT

=> TOTAL COMPLETION TIME (Makespan / UB): 711
Schedule is valid
 Time taken: 350.01 seconds
[runlim] sample:		359.81 time, 360.01 real, 1091 MB, 1.02 load
[runlim] sample:		369.81 time, 370.01 real, 903 MB, 1.02 load
[runlim] sample:		379.80 time, 380.01 real, 904 MB, 1.01 load
SAT

=> TOTAL COMPLETION TIME (Makespan / UB): 710
Schedule is valid
 Time taken: 389.47 seconds
[runlim] sample:		389.79 time, 390.01 real, 902 MB, 1.01 load
SAT

=> TOTAL COMPLETION TIME (Makespan / UB): 709
Schedule is valid
 Time taken: 398.17 seconds
[runlim] sample:		399.79 time, 400.01 real, 902 MB, 1.01 load
[runlim] sample:		409.79 time, 410.01 real, 904 MB, 1.01 load
[runlim] sample:		419.78 time, 420.01 real, 905 MB, 1.01 load
[runlim] sample:		429.78 time, 430.01 real, 902 MB, 1.00 load
SAT

=> TOTAL COMPLETION TIME (Makespan / UB): 708
Schedule is valid
 Time taken: 439.33 seconds
[runlim] sample:		439.77 time, 440.01 real, 902 MB, 1.00 load
[runlim] sample:		449.77 time, 450.01 real, 904 MB, 1.00 load
[runlim] sample:		459.75 time, 460.01 real, 906 MB, 1.00 load
[runlim] sample:		469.75 time, 470.01 real, 903 MB, 1.00 load
[runlim] sample:		479.75 time, 480.01 real, 903 MB, 1.00 load
SAT

=> TOTAL COMPLETION TIME (Makespan / UB): 707
Schedule is valid
 Time taken: 487.60 seconds
[runlim] sample:		489.75 time, 490.01 real, 905 MB, 1.00 load
SAT

=> TOTAL COMPLETION TIME (Makespan / UB): 706
Schedule is valid
 Time taken: 491.04 seconds
[runlim] sample:		499.74 time, 500.01 real, 1056 MB, 1.00 load
SAT

=> TOTAL COMPLETION TIME (Makespan / UB): 705
Schedule is valid
 Time taken: 504.89 seconds
[runlim] sample:		509.73 time, 510.01 real, 904 MB, 1.00 load
SAT

=> TOTAL COMPLETION TIME (Makespan / UB): 704
Schedule is valid
 Time taken: 517.94 seconds
[runlim] sample:		519.73 time, 520.01 real, 908 MB, 1.00 load
SAT

=> TOTAL COMPLETION TIME (Makespan / UB): 703
Schedule is valid
 Time taken: 527.11 seconds
[runlim] sample:		529.72 time, 530.01 real, 1095 MB, 1.00 load
[runlim] sample:		539.72 time, 540.01 real, 932 MB, 1.00 load
[runlim] sample:		549.71 time, 550.01 real, 901 MB, 1.15 load
[runlim] sample:		559.70 time, 560.01 real, 903 MB, 1.12 load
[runlim] sample:		569.70 time, 570.01 real, 903 MB, 1.18 load
[runlim] sample:		579.69 time, 580.01 real, 903 MB, 1.31 load
SAT

=> TOTAL COMPLETION TIME (Makespan / UB): 702
Schedule is valid
 Time taken: 586.26 seconds
[runlim] sample:		589.69 time, 590.01 real, 912 MB, 1.26 load
[runlim] sample:		599.69 time, 600.01 real, 913 MB, 1.22 load
SAT

=> TOTAL COMPLETION TIME (Makespan / UB): 701
Schedule is valid
 Time taken: 603.98 seconds
[runlim] sample:		609.67 time, 610.01 real, 902 MB, 1.19 load
[runlim] sample:		619.67 time, 620.01 real, 904 MB, 1.16 load
[runlim] sample:		629.66 time, 630.01 real, 904 MB, 1.21 load
[runlim] sample:		639.66 time, 640.01 real, 898 MB, 1.18 load
SAT

=> TOTAL COMPLETION TIME (Makespan / UB): 700
Schedule is valid
 Time taken: 647.70 seconds
[runlim] sample:		649.65 time, 650.01 real, 899 MB, 1.15 load
[runlim] sample:		659.65 time, 660.01 real, 908 MB, 1.13 load
[runlim] sample:		669.64 time, 670.01 real, 906 MB, 1.11 load
[runlim] sample:		679.64 time, 680.01 real, 906 MB, 1.09 load
[runlim] sample:		689.64 time, 690.01 real, 899 MB, 1.08 load
SAT

=> TOTAL COMPLETION TIME (Makespan / UB): 699
Schedule is valid
 Time taken: 699.09 seconds
[runlim] sample:		699.63 time, 700.01 real, 899 MB, 1.15 load
[runlim] sample:		709.63 time, 710.01 real, 914 MB, 1.20 load
[runlim] sample:		719.62 time, 720.01 real, 902 MB, 1.17 load
[runlim] sample:		729.61 time, 730.01 real, 903 MB, 1.14 load
[runlim] sample:		739.61 time, 740.01 real, 903 MB, 1.12 load
[runlim] sample:		749.60 time, 750.01 real, 902 MB, 1.10 load
[runlim] sample:		759.60 time, 760.01 real, 919 MB, 1.09 load
[runlim] sample:		769.60 time, 770.01 real, 919 MB, 1.07 load
[runlim] sample:		779.59 time, 780.01 real, 919 MB, 1.14 load
[runlim] sample:		789.59 time, 790.01 real, 917 MB, 1.12 load
[runlim] sample:		799.58 time, 800.01 real, 917 MB, 1.10 load
[runlim] sample:		809.58 time, 810.01 real, 943 MB, 1.08 load
[runlim] sample:		819.57 time, 820.01 real, 899 MB, 1.07 load
[runlim] sample:		829.57 time, 830.01 real, 900 MB, 1.06 load
[runlim] sample:		839.56 time, 840.01 real, 900 MB, 1.05 load
[runlim] sample:		849.56 time, 850.01 real, 900 MB, 1.04 load
[runlim] sample:		859.50 time, 860.01 real, 901 MB, 1.04 load
[runlim] sample:		869.49 time, 870.01 real, 901 MB, 1.03 load
[runlim] sample:		879.50 time, 880.01 real, 908 MB, 1.02 load
SAT

=> TOTAL COMPLETION TIME (Makespan / UB): 698
Schedule is valid
 Time taken: 886.77 seconds
[runlim] sample:		889.49 time, 890.01 real, 908 MB, 1.02 load
[runlim] sample:		899.48 time, 900.01 real, 919 MB, 1.02 load
SAT

=> TOTAL COMPLETION TIME (Makespan / UB): 697
Schedule is valid
 Time taken: 907.82 seconds
[runlim] sample:		909.49 time, 910.01 real, 919 MB, 1.01 load
[runlim] sample:		919.48 time, 920.01 real, 910 MB, 1.01 load
[runlim] sample:		929.48 time, 930.01 real, 911 MB, 1.16 load
[runlim] sample:		939.48 time, 940.01 real, 907 MB, 1.13 load
[runlim] sample:		949.47 time, 950.01 real, 908 MB, 1.11 load
[runlim] sample:		959.47 time, 960.01 real, 915 MB, 1.09 load
SAT

=> TOTAL COMPLETION TIME (Makespan / UB): 696
Schedule is valid
 Time taken: 966.15 seconds
[runlim] sample:		969.46 time, 970.01 real, 915 MB, 1.08 load
[runlim] sample:		979.46 time, 980.01 real, 917 MB, 1.07 load
SAT

=> TOTAL COMPLETION TIME (Makespan / UB): 695
Schedule is valid
 Time taken: 982.49 seconds
[runlim] sample:		989.46 time, 990.01 real, 917 MB, 1.06 load
[runlim] sample:		999.45 time, 1000.01 real, 906 MB, 1.05 load
[runlim] sample:		1009.45 time, 1010.01 real, 907 MB, 1.04 load
[runlim] sample:		1019.44 time, 1020.01 real, 905 MB, 1.11 load
[runlim] sample:		1029.44 time, 1030.01 real, 905 MB, 1.10 load
[runlim] sample:		1039.43 time, 1040.01 real, 918 MB, 1.08 load
[runlim] sample:		1049.42 time, 1050.01 real, 918 MB, 1.07 load
[runlim] sample:		1059.42 time, 1060.01 real, 918 MB, 1.06 load
[runlim] sample:		1069.42 time, 1070.01 real, 918 MB, 1.13 load
[runlim] sample:		1079.42 time, 1080.01 real, 901 MB, 1.34 load
[runlim] sample:		1089.41 time, 1090.01 real, 901 MB, 1.28 load
[runlim] sample:		1099.41 time, 1100.01 real, 901 MB, 1.24 load
[runlim] sample:		1109.40 time, 1110.01 real, 902 MB, 1.20 load
[runlim] sample:		1119.39 time, 1120.01 real, 902 MB, 1.17 load
[runlim] sample:		1129.39 time, 1130.01 real, 902 MB, 1.14 load
[runlim] sample:		1139.39 time, 1140.01 real, 902 MB, 1.12 load
SAT

=> TOTAL COMPLETION TIME (Makespan / UB): 694
Schedule is valid
 Time taken: 1141.58 seconds
[runlim] sample:		1149.38 time, 1150.01 real, 902 MB, 1.10 load
[runlim] sample:		1159.37 time, 1160.01 real, 910 MB, 1.09 load
SAT

=> TOTAL COMPLETION TIME (Makespan / UB): 693
Schedule is valid
 Time taken: 1161.30 seconds
[runlim] sample:		1169.37 time, 1170.01 real, 911 MB, 1.07 load
SAT

=> TOTAL COMPLETION TIME (Makespan / UB): 692
Schedule is valid
 Time taken: 1175.37 seconds
[runlim] sample:		1179.37 time, 1180.01 real, 914 MB, 1.14 load
[runlim] sample:		1189.36 time, 1190.01 real, 914 MB, 1.11 load
[runlim] sample:		1199.35 time, 1200.01 real, 910 MB, 1.10 load
[runlim] sample:		1209.35 time, 1210.01 real, 911 MB, 1.08 load
[runlim] sample:		1219.35 time, 1220.01 real, 911 MB, 1.07 load
SAT

=> TOTAL COMPLETION TIME (Makespan / UB): 691
Schedule is valid
 Time taken: 1226.80 seconds
[runlim] sample:		1229.35 time, 1230.01 real, 912 MB, 1.06 load
SAT

=> TOTAL COMPLETION TIME (Makespan / UB): 690
Schedule is valid
 Time taken: 1236.94 seconds
[runlim] sample:		1239.34 time, 1240.01 real, 912 MB, 1.05 load
[runlim] sample:		1249.34 time, 1250.01 real, 909 MB, 1.04 load
[runlim] sample:		1259.33 time, 1260.01 real, 909 MB, 1.03 load
[runlim] sample:		1269.33 time, 1270.01 real, 909 MB, 1.03 load
[runlim] sample:		1279.32 time, 1280.01 real, 910 MB, 1.02 load
[runlim] sample:		1289.32 time, 1290.01 real, 910 MB, 1.02 load
[runlim] sample:		1299.31 time, 1300.01 real, 910 MB, 1.02 load
SAT

=> TOTAL COMPLETION TIME (Makespan / UB): 689
Schedule is valid
 Time taken: 1303.51 seconds
[runlim] sample:		1309.30 time, 1310.01 real, 919 MB, 1.01 load
[runlim] sample:		1319.30 time, 1320.01 real, 919 MB, 1.01 load
[runlim] sample:		1329.30 time, 1330.01 real, 907 MB, 1.01 load
[runlim] sample:		1339.30 time, 1340.01 real, 907 MB, 1.01 load
[runlim] sample:		1349.29 time, 1350.01 real, 907 MB, 1.00 load
SAT

=> TOTAL COMPLETION TIME (Makespan / UB): 688
Schedule is valid
 Time taken: 1359.16 seconds
[runlim] sample:		1359.28 time, 1360.01 real, 909 MB, 1.00 load
[runlim] sample:		1369.27 time, 1370.01 real, 909 MB, 1.00 load
[runlim] sample:		1379.27 time, 1380.01 real, 913 MB, 1.00 load
[runlim] sample:		1389.27 time, 1390.01 real, 913 MB, 1.00 load
[runlim] sample:		1399.26 time, 1400.01 real, 913 MB, 1.00 load
[runlim] sample:		1409.26 time, 1410.01 real, 906 MB, 1.00 load
[runlim] sample:		1419.26 time, 1420.01 real, 906 MB, 1.00 load
[runlim] sample:		1429.25 time, 1430.01 real, 906 MB, 1.00 load
[runlim] sample:		1439.25 time, 1440.01 real, 930 MB, 1.00 load
[runlim] sample:		1449.24 time, 1450.01 real, 930 MB, 1.00 load
[runlim] sample:		1459.23 time, 1460.01 real, 930 MB, 1.00 load
[runlim] sample:		1469.24 time, 1470.01 real, 908 MB, 1.00 load
[runlim] sample:		1479.23 time, 1480.01 real, 908 MB, 1.00 load
[runlim] sample:		1489.23 time, 1490.01 real, 908 MB, 1.00 load
[runlim] sample:		1499.22 time, 1500.01 real, 900 MB, 1.07 load
[runlim] sample:		1509.21 time, 1510.01 real, 900 MB, 1.06 load
[runlim] sample:		1519.21 time, 1520.01 real, 901 MB, 1.05 load
[runlim] sample:		1529.21 time, 1530.01 real, 902 MB, 1.04 load
[runlim] sample:		1539.21 time, 1540.01 real, 902 MB, 1.04 load
[runlim] sample:		1549.20 time, 1550.01 real, 902 MB, 1.03 load
SAT

=> TOTAL COMPLETION TIME (Makespan / UB): 687
Schedule is valid
 Time taken: 1553.38 seconds
[runlim] sample:		1559.19 time, 1560.01 real, 932 MB, 1.02 load
SAT

=> TOTAL COMPLETION TIME (Makespan / UB): 686
Schedule is valid
 Time taken: 1563.36 seconds
[runlim] sample:		1569.18 time, 1570.01 real, 933 MB, 1.10 load
[runlim] sample:		1579.18 time, 1580.01 real, 933 MB, 1.24 load
SAT

=> TOTAL COMPLETION TIME (Makespan / UB): 685
Schedule is valid
 Time taken: 1581.80 seconds
[runlim] sample:		1589.18 time, 1590.01 real, 911 MB, 1.20 load
[runlim] sample:		1599.17 time, 1600.01 real, 912 MB, 1.17 load
[runlim] sample:		1609.17 time, 1610.01 real, 910 MB, 1.22 load
[runlim] sample:		1619.17 time, 1620.01 real, 910 MB, 1.18 load
[runlim] sample:		1629.16 time, 1630.01 real, 910 MB, 1.16 load
SAT

=> TOTAL COMPLETION TIME (Makespan / UB): 684
Schedule is valid
 Time taken: 1634.86 seconds
[runlim] sample:		1639.16 time, 1640.01 real, 915 MB, 1.13 load
[runlim] sample:		1649.15 time, 1650.01 real, 915 MB, 1.11 load
[runlim] sample:		1659.15 time, 1660.01 real, 913 MB, 1.09 load
[runlim] sample:		1669.14 time, 1670.01 real, 914 MB, 1.08 load
[runlim] sample:		1679.14 time, 1680.01 real, 914 MB, 1.07 load
[runlim] sample:		1689.13 time, 1690.01 real, 913 MB, 1.06 load
[runlim] sample:		1699.13 time, 1700.01 real, 914 MB, 1.05 load
[runlim] sample:		1709.12 time, 1710.01 real, 914 MB, 1.04 load
[runlim] sample:		1719.12 time, 1720.01 real, 924 MB, 1.03 load
[runlim] sample:		1729.12 time, 1730.01 real, 924 MB, 1.03 load
[runlim] sample:		1739.11 time, 1740.01 real, 924 MB, 1.02 load
[runlim] sample:		1749.10 time, 1750.01 real, 900 MB, 1.02 load
[runlim] sample:		1759.10 time, 1760.01 real, 900 MB, 1.02 load
[runlim] sample:		1769.10 time, 1770.01 real, 900 MB, 1.01 load
[runlim] sample:		1779.09 time, 1780.01 real, 900 MB, 1.01 load
[runlim] sample:		1789.09 time, 1790.01 real, 901 MB, 1.01 load
[runlim] sample:		1799.08 time, 1800.01 real, 901 MB, 1.01 load
[runlim] sample:		1809.08 time, 1810.01 real, 901 MB, 1.00 load
[runlim] sample:		1819.07 time, 1820.01 real, 901 MB, 1.00 load
SAT

=> TOTAL COMPLETION TIME (Makespan / UB): 683
Schedule is valid
 Time taken: 1824.45 seconds
[runlim] sample:		1829.06 time, 1830.01 real, 926 MB, 1.00 load
[runlim] sample:		1839.06 time, 1840.01 real, 926 MB, 1.00 load
[runlim] sample:		1849.05 time, 1850.01 real, 919 MB, 1.00 load
[runlim] sample:		1859.05 time, 1860.01 real, 919 MB, 1.00 load
[runlim] sample:		1869.04 time, 1870.01 real, 919 MB, 1.00 load
[runlim] sample:		1879.05 time, 1880.01 real, 917 MB, 1.00 load
[runlim] sample:		1889.05 time, 1890.01 real, 917 MB, 1.00 load
[runlim] sample:		1899.04 time, 1900.01 real, 917 MB, 1.00 load
[runlim] sample:		1909.04 time, 1910.01 real, 917 MB, 1.00 load
[runlim] sample:		1919.03 time, 1920.01 real, 930 MB, 1.00 load
[runlim] sample:		1929.03 time, 1930.01 real, 930 MB, 1.00 load
[runlim] sample:		1939.02 time, 1940.01 real, 930 MB, 1.00 load
[runlim] sample:		1949.02 time, 1950.01 real, 930 MB, 1.00 load
[runlim] sample:		1959.01 time, 1960.01 real, 902 MB, 1.00 load
[runlim] sample:		1969.00 time, 1970.01 real, 902 MB, 1.08 load
[runlim] sample:		1979.00 time, 1980.01 real, 902 MB, 1.07 load
[runlim] sample:		1988.99 time, 1990.01 real, 902 MB, 1.06 load
[runlim] sample:		1998.99 time, 2000.01 real, 903 MB, 1.05 load
[runlim] sample:		2008.98 time, 2010.01 real, 903 MB, 1.04 load
SAT

=> TOTAL COMPLETION TIME (Makespan / UB): 682
Schedule is valid
 Time taken: 2012.54 seconds
[runlim] sample:		2018.98 time, 2020.01 real, 903 MB, 1.03 load
[runlim] sample:		2028.98 time, 2030.01 real, 921 MB, 1.03 load
[runlim] sample:		2038.98 time, 2040.01 real, 921 MB, 1.02 load
[runlim] sample:		2048.97 time, 2050.01 real, 921 MB, 1.02 load
[runlim] sample:		2058.96 time, 2060.01 real, 915 MB, 1.02 load
[runlim] sample:		2068.96 time, 2070.01 real, 915 MB, 1.09 load
[runlim] sample:		2078.95 time, 2080.01 real, 915 MB, 1.23 load
SAT

=> TOTAL COMPLETION TIME (Makespan / UB): 681
Schedule is valid
 Time taken: 2087.36 seconds
[runlim] sample:		2088.95 time, 2090.01 real, 914 MB, 1.20 load
[runlim] sample:		2098.94 time, 2100.01 real, 905 MB, 1.17 load
[runlim] sample:		2108.93 time, 2110.01 real, 905 MB, 1.14 load
[runlim] sample:		2118.93 time, 2120.01 real, 905 MB, 1.12 load
[runlim] sample:		2128.92 time, 2130.01 real, 911 MB, 1.10 load
[runlim] sample:		2138.91 time, 2140.01 real, 911 MB, 1.08 load
[runlim] sample:		2148.90 time, 2150.01 real, 911 MB, 1.15 load
SAT

=> TOTAL COMPLETION TIME (Makespan / UB): 680
Schedule is valid
 Time taken: 2155.06 seconds
[runlim] sample:		2158.90 time, 2160.01 real, 931 MB, 1.13 load
[runlim] sample:		2168.88 time, 2170.01 real, 931 MB, 1.11 load
[runlim] sample:		2178.86 time, 2180.01 real, 931 MB, 1.09 load
[runlim] sample:		2188.86 time, 2190.01 real, 931 MB, 1.08 load
[runlim] sample:		2198.83 time, 2200.01 real, 913 MB, 1.06 load
[runlim] sample:		2208.83 time, 2210.01 real, 913 MB, 1.05 load
[runlim] sample:		2218.82 time, 2220.01 real, 913 MB, 1.04 load
[runlim] sample:		2228.81 time, 2230.01 real, 931 MB, 1.04 load
[runlim] sample:		2238.80 time, 2240.01 real, 931 MB, 1.03 load
[runlim] sample:		2248.79 time, 2250.01 real, 931 MB, 1.03 load
[runlim] sample:		2258.78 time, 2260.01 real, 931 MB, 1.02 load
[runlim] sample:		2268.76 time, 2270.01 real, 920 MB, 1.02 load
[runlim] sample:		2278.75 time, 2280.01 real, 920 MB, 1.01 load
[runlim] sample:		2288.75 time, 2290.01 real, 920 MB, 1.01 load
[runlim] sample:		2298.74 time, 2300.01 real, 920 MB, 1.01 load
[runlim] sample:		2308.73 time, 2310.01 real, 904 MB, 1.01 load
[runlim] sample:		2318.73 time, 2320.01 real, 904 MB, 1.01 load
[runlim] sample:		2328.72 time, 2330.01 real, 904 MB, 1.00 load
[runlim] sample:		2338.71 time, 2340.01 real, 904 MB, 1.00 load
[runlim] sample:		2348.71 time, 2350.01 real, 912 MB, 1.00 load
SAT

=> TOTAL COMPLETION TIME (Makespan / UB): 679
Schedule is valid
 Time taken: 2352.63 seconds
SAT

=> TOTAL COMPLETION TIME (Makespan / UB): 678
Schedule is valid
 Time taken: 2356.70 seconds
[runlim] sample:		2358.70 time, 2360.01 real, 911 MB, 1.00 load
[runlim] sample:		2368.69 time, 2370.01 real, 912 MB, 1.00 load
[runlim] sample:		2378.69 time, 2380.01 real, 912 MB, 1.00 load
[runlim] sample:		2388.68 time, 2390.01 real, 920 MB, 1.00 load
[runlim] sample:		2398.67 time, 2400.01 real, 921 MB, 1.00 load
[runlim] sample:		2408.67 time, 2410.01 real, 921 MB, 1.00 load
[runlim] sample:		2418.66 time, 2420.01 real, 932 MB, 1.00 load
[runlim] sample:		2428.66 time, 2430.01 real, 932 MB, 1.00 load
[runlim] sample:		2438.65 time, 2440.01 real, 932 MB, 1.00 load
[runlim] sample:		2448.65 time, 2450.01 real, 932 MB, 1.07 load
[runlim] sample:		2458.64 time, 2460.01 real, 930 MB, 1.06 load
[runlim] sample:		2468.63 time, 2470.01 real, 930 MB, 1.05 load
[runlim] sample:		2478.63 time, 2480.01 real, 930 MB, 1.04 load
[runlim] sample:		2488.62 time, 2490.01 real, 930 MB, 1.04 load
[runlim] sample:		2498.61 time, 2500.01 real, 930 MB, 1.03 load
[runlim] sample:		2508.61 time, 2510.01 real, 904 MB, 1.02 load
[runlim] sample:		2518.60 time, 2520.01 real, 904 MB, 1.02 load
[runlim] sample:		2528.59 time, 2530.01 real, 904 MB, 1.02 load
[runlim] sample:		2538.59 time, 2540.01 real, 904 MB, 1.01 load
[runlim] sample:		2548.59 time, 2550.01 real, 907 MB, 1.01 load
[runlim] sample:		2558.58 time, 2560.01 real, 907 MB, 1.01 load
[runlim] sample:		2568.57 time, 2570.01 real, 907 MB, 1.09 load
SAT

=> TOTAL COMPLETION TIME (Makespan / UB): 677
Schedule is valid
 Time taken: 2574.06 seconds
[runlim] sample:		2578.56 time, 2580.01 real, 950 MB, 1.23 load
[runlim] sample:		2588.56 time, 2590.01 real, 950 MB, 1.19 load
[runlim] sample:		2598.56 time, 2600.01 real, 950 MB, 1.16 load
[runlim] sample:		2608.55 time, 2610.01 real, 950 MB, 1.14 load
[runlim] sample:		2618.54 time, 2620.01 real, 917 MB, 1.12 load
[runlim] sample:		2628.54 time, 2630.01 real, 917 MB, 1.10 load
[runlim] sample:		2638.54 time, 2640.01 real, 917 MB, 1.08 load
[runlim] sample:		2648.53 time, 2650.01 real, 917 MB, 1.07 load
[runlim] sample:		2658.53 time, 2660.01 real, 943 MB, 1.06 load
[runlim] sample:		2668.53 time, 2670.01 real, 943 MB, 1.12 load
[runlim] sample:		2678.52 time, 2680.01 real, 943 MB, 1.10 load
[runlim] sample:		2688.52 time, 2690.01 real, 943 MB, 1.16 load
[runlim] sample:		2698.51 time, 2700.01 real, 915 MB, 1.14 load
[runlim] sample:		2708.50 time, 2710.01 real, 915 MB, 1.19 load
[runlim] sample:		2718.50 time, 2720.01 real, 915 MB, 1.16 load
[runlim] sample:		2728.50 time, 2730.01 real, 915 MB, 1.13 load
[runlim] sample:		2738.49 time, 2740.01 real, 915 MB, 1.11 load
[runlim] sample:		2748.48 time, 2750.01 real, 907 MB, 1.10 load
[runlim] sample:		2758.47 time, 2760.01 real, 907 MB, 1.08 load
[runlim] sample:		2768.47 time, 2770.01 real, 907 MB, 1.14 load
[runlim] sample:		2778.46 time, 2780.01 real, 907 MB, 1.12 load
[runlim] sample:		2788.45 time, 2790.01 real, 931 MB, 1.10 load
SAT

=> TOTAL COMPLETION TIME (Makespan / UB): 676
Schedule is valid
 Time taken: 2795.77 seconds
[runlim] sample:		2798.44 time, 2800.01 real, 931 MB, 1.08 load
[runlim] sample:		2808.44 time, 2810.01 real, 931 MB, 1.07 load
[runlim] sample:		2818.44 time, 2820.01 real, 931 MB, 1.06 load
[runlim] sample:		2828.43 time, 2830.01 real, 928 MB, 1.05 load
[runlim] sample:		2838.43 time, 2840.01 real, 928 MB, 1.04 load
[runlim] sample:		2848.42 time, 2850.01 real, 929 MB, 1.04 load
[runlim] sample:		2858.41 time, 2860.01 real, 929 MB, 1.03 load
[runlim] sample:		2868.42 time, 2870.01 real, 928 MB, 1.02 load
[runlim] sample:		2878.41 time, 2880.01 real, 928 MB, 1.02 load
[runlim] sample:		2888.41 time, 2890.01 real, 928 MB, 1.02 load
[runlim] sample:		2898.40 time, 2900.01 real, 928 MB, 1.01 load
[runlim] sample:		2908.39 time, 2910.01 real, 930 MB, 1.01 load
[runlim] sample:		2918.38 time, 2920.01 real, 930 MB, 1.01 load
[runlim] sample:		2928.38 time, 2930.01 real, 930 MB, 1.01 load
[runlim] sample:		2938.37 time, 2940.01 real, 930 MB, 1.01 load
[runlim] sample:		2948.37 time, 2950.01 real, 930 MB, 1.00 load
[runlim] sample:		2958.37 time, 2960.01 real, 908 MB, 1.00 load
[runlim] sample:		2968.37 time, 2970.01 real, 908 MB, 1.00 load
[runlim] sample:		2978.36 time, 2980.01 real, 908 MB, 1.00 load
[runlim] sample:		2988.36 time, 2990.01 real, 908 MB, 1.00 load
[runlim] sample:		2998.35 time, 3000.01 real, 908 MB, 1.00 load
[runlim] sample:		3008.35 time, 3010.01 real, 929 MB, 1.00 load
[runlim] sample:		3018.34 time, 3020.01 real, 929 MB, 1.00 load
[runlim] sample:		3028.34 time, 3030.01 real, 929 MB, 1.00 load
[runlim] sample:		3038.33 time, 3040.01 real, 929 MB, 1.00 load
SAT

=> TOTAL COMPLETION TIME (Makespan / UB): 675
Schedule is valid
 Time taken: 3044.44 seconds
[runlim] sample:		3048.33 time, 3050.01 real, 929 MB, 1.00 load
SAT

=> TOTAL COMPLETION TIME (Makespan / UB): 674
Schedule is valid
 Time taken: 3058.36 seconds
[runlim] sample:		3058.33 time, 3060.01 real, 940 MB, 1.00 load
[runlim] sample:		3068.32 time, 3070.01 real, 941 MB, 1.08 load
[runlim] sample:		3078.31 time, 3080.01 real, 941 MB, 1.22 load
[runlim] sample:		3088.31 time, 3090.01 real, 941 MB, 1.19 load
[runlim] sample:		3098.31 time, 3100.01 real, 918 MB, 1.16 load
[runlim] sample:		3108.30 time, 3110.01 real, 918 MB, 1.13 load
[runlim] sample:		3118.29 time, 3120.01 real, 919 MB, 1.11 load
[runlim] sample:		3128.29 time, 3130.01 real, 919 MB, 1.09 load
[runlim] sample:		3138.29 time, 3140.01 real, 940 MB, 1.08 load
[runlim] sample:		3148.29 time, 3150.01 real, 940 MB, 1.07 load
[runlim] sample:		3158.28 time, 3160.01 real, 940 MB, 1.06 load
[runlim] sample:		3168.28 time, 3170.01 real, 940 MB, 1.05 load
[runlim] sample:		3178.27 time, 3180.01 real, 940 MB, 1.04 load
[runlim] sample:		3188.26 time, 3190.01 real, 919 MB, 1.03 load
[runlim] sample:		3198.26 time, 3200.01 real, 919 MB, 1.03 load
[runlim] sample:		3208.25 time, 3210.01 real, 919 MB, 1.02 load
[runlim] sample:		3218.25 time, 3220.01 real, 919 MB, 1.02 load
[runlim] sample:		3228.25 time, 3230.01 real, 919 MB, 1.02 load
[runlim] sample:		3238.24 time, 3240.01 real, 908 MB, 1.01 load
[runlim] sample:		3248.24 time, 3250.01 real, 908 MB, 1.01 load
[runlim] sample:		3258.23 time, 3260.01 real, 908 MB, 1.01 load
[runlim] sample:		3268.23 time, 3270.01 real, 908 MB, 1.01 load
[runlim] sample:		3278.22 time, 3280.01 real, 946 MB, 1.00 load
[runlim] sample:		3288.22 time, 3290.01 real, 946 MB, 1.00 load
[runlim] sample:		3298.21 time, 3300.01 real, 946 MB, 1.00 load
[runlim] sample:		3308.21 time, 3310.01 real, 946 MB, 1.00 load
SAT

=> TOTAL COMPLETION TIME (Makespan / UB): 673
Schedule is valid
 Time taken: 3312.05 seconds
[runlim] sample:		3318.21 time, 3320.01 real, 946 MB, 1.00 load
[runlim] sample:		3328.20 time, 3330.01 real, 952 MB, 1.00 load
[runlim] sample:		3338.19 time, 3340.01 real, 952 MB, 1.00 load
[runlim] sample:		3348.19 time, 3350.01 real, 952 MB, 1.00 load
[runlim] sample:		3358.18 time, 3360.01 real, 952 MB, 1.00 load
SAT

=> TOTAL COMPLETION TIME (Makespan / UB): 672
Schedule is valid
 Time taken: 3366.30 seconds
[runlim] sample:		3368.18 time, 3370.01 real, 952 MB, 1.00 load
[runlim] sample:		3378.18 time, 3380.01 real, 986 MB, 1.00 load
[runlim] sample:		3388.17 time, 3390.01 real, 917 MB, 1.00 load
[runlim] sample:		3398.17 time, 3400.01 real, 917 MB, 1.00 load
[runlim] sample:		3408.17 time, 3410.01 real, 917 MB, 1.00 load
[runlim] sample:		3418.16 time, 3420.01 real, 918 MB, 1.08 load
[runlim] sample:		3428.15 time, 3430.01 real, 933 MB, 1.07 load
[runlim] sample:		3438.14 time, 3440.01 real, 933 MB, 1.06 load
[runlim] sample:		3448.14 time, 3450.01 real, 933 MB, 1.05 load
[runlim] sample:		3458.13 time, 3460.01 real, 933 MB, 1.04 load
[runlim] sample:		3468.12 time, 3470.01 real, 933 MB, 1.03 load
[runlim] sample:		3478.12 time, 3480.01 real, 931 MB, 1.03 load
[runlim] sample:		3488.11 time, 3490.01 real, 931 MB, 1.02 load
[runlim] sample:		3498.09 time, 3500.01 real, 931 MB, 1.02 load
[runlim] sample:		3508.08 time, 3510.01 real, 931 MB, 1.02 load
[runlim] sample:		3518.07 time, 3520.01 real, 931 MB, 1.01 load
[runlim] sample:		3528.05 time, 3530.01 real, 1123 MB, 1.01 load
[runlim] sample:		3538.04 time, 3540.01 real, 909 MB, 1.01 load
[runlim] sample:		3548.02 time, 3550.01 real, 910 MB, 1.01 load
[runlim] sample:		3558.02 time, 3560.01 real, 910 MB, 1.00 load
[runlim] sample:		3568.01 time, 3570.01 real, 910 MB, 1.16 load
[runlim] sample:		3577.99 time, 3580.01 real, 910 MB, 1.29 load
[runlim] sample:		3587.98 time, 3590.01 real, 1118 MB, 1.25 load
[runlim] sample:		3597.98 time, 3600.01 real, 925 MB, 1.21 load
[runlim] sample:		3607.98 time, 3610.01 real, 925 MB, 1.18 load
[runlim] sample:		3617.96 time, 3620.01 real, 925 MB, 1.15 load
[runlim] sample:		3627.94 time, 3630.01 real, 925 MB, 1.21 load
[runlim] sample:		3637.93 time, 3640.01 real, 925 MB, 1.17 load
[runlim] sample:		3647.91 time, 3650.01 real, 925 MB, 1.23 load
[runlim] sample:		3657.89 time, 3660.01 real, 925 MB, 1.19 load
SAT

=> TOTAL COMPLETION TIME (Makespan / UB): 671
Schedule is valid
 Time taken: 3665.20 seconds
[runlim] sample:		3667.88 time, 3670.01 real, 964 MB, 1.16 load
[runlim] sample:		3677.87 time, 3680.01 real, 964 MB, 1.14 load
[runlim] sample:		3687.86 time, 3690.01 real, 964 MB, 1.11 load
[runlim] sample:		3697.85 time, 3700.01 real, 964 MB, 1.18 load
[runlim] sample:		3707.84 time, 3710.01 real, 964 MB, 1.15 load
SAT

=> TOTAL COMPLETION TIME (Makespan / UB): 670
Schedule is valid
 Time taken: 3714.23 seconds
SAT

=> TOTAL COMPLETION TIME (Makespan / UB): 669
Schedule is valid
 Time taken: 3714.28 seconds
[runlim] sample:		3717.84 time, 3720.01 real, 926 MB, 1.21 load
[runlim] sample:		3727.83 time, 3730.01 real, 926 MB, 1.17 load
[runlim] sample:		3737.80 time, 3740.01 real, 926 MB, 1.15 load
[runlim] sample:		3747.79 time, 3750.01 real, 926 MB, 1.12 load
[runlim] sample:		3757.79 time, 3760.01 real, 916 MB, 1.10 load
[runlim] sample:		3767.78 time, 3770.01 real, 916 MB, 1.09 load
[runlim] sample:		3777.77 time, 3780.01 real, 916 MB, 1.07 load
[runlim] sample:		3787.75 time, 3790.01 real, 917 MB, 1.06 load
[runlim] sample:		3797.74 time, 3800.01 real, 917 MB, 1.05 load
[runlim] sample:		3807.72 time, 3810.01 real, 917 MB, 1.04 load
[runlim] sample:		3817.71 time, 3820.01 real, 949 MB, 1.04 load
[runlim] sample:		3827.69 time, 3830.01 real, 949 MB, 1.03 load
[runlim] sample:		3837.67 time, 3840.01 real, 949 MB, 1.02 load
[runlim] sample:		3847.67 time, 3850.01 real, 949 MB, 1.10 load
[runlim] sample:		3857.67 time, 3860.01 real, 949 MB, 1.08 load
[runlim] sample:		3867.64 time, 3870.01 real, 908 MB, 1.07 load
[runlim] sample:		3877.63 time, 3880.01 real, 908 MB, 1.06 load
[runlim] sample:		3887.62 time, 3890.01 real, 908 MB, 1.05 load
[runlim] sample:		3897.61 time, 3900.01 real, 908 MB, 1.04 load
[runlim] sample:		3907.60 time, 3910.01 real, 908 MB, 1.04 load
[runlim] sample:		3917.60 time, 3920.01 real, 908 MB, 1.03 load
[runlim] sample:		3927.59 time, 3930.01 real, 912 MB, 1.02 load
[runlim] sample:		3937.58 time, 3940.01 real, 912 MB, 1.02 load
[runlim] sample:		3947.58 time, 3950.01 real, 912 MB, 1.02 load
[runlim] sample:		3957.57 time, 3960.01 real, 912 MB, 1.09 load
[runlim] sample:		3967.57 time, 3970.01 real, 971 MB, 1.07 load
[runlim] sample:		3977.57 time, 3980.01 real, 971 MB, 1.22 load
[runlim] sample:		3987.56 time, 3990.01 real, 971 MB, 1.19 load
[runlim] sample:		3997.56 time, 4000.01 real, 971 MB, 1.24 load
[runlim] sample:		4007.55 time, 4010.01 real, 971 MB, 1.20 load
[runlim] sample:		4017.55 time, 4020.01 real, 971 MB, 1.25 load
[runlim] sample:		4027.54 time, 4030.01 real, 971 MB, 1.21 load
[runlim] sample:		4037.54 time, 4040.01 real, 971 MB, 1.18 load
[runlim] sample:		4047.53 time, 4050.01 real, 972 MB, 1.15 load
[runlim] sample:		4057.53 time, 4060.01 real, 991 MB, 1.13 load
[runlim] sample:		4067.53 time, 4070.01 real, 991 MB, 1.19 load
[runlim] sample:		4077.52 time, 4080.01 real, 991 MB, 1.31 load
[runlim] sample:		4087.52 time, 4090.01 real, 991 MB, 1.26 load
[runlim] sample:		4097.51 time, 4100.01 real, 991 MB, 1.22 load
[runlim] sample:		4107.51 time, 4110.01 real, 991 MB, 1.19 load
[runlim] sample:		4117.50 time, 4120.01 real, 991 MB, 1.16 load
[runlim] sample:		4127.50 time, 4130.01 real, 991 MB, 1.21 load
[runlim] sample:		4137.49 time, 4140.01 real, 991 MB, 1.18 load
[runlim] sample:		4147.49 time, 4150.01 real, 988 MB, 1.15 load
[runlim] sample:		4157.49 time, 4160.01 real, 988 MB, 1.13 load
[runlim] sample:		4167.49 time, 4170.01 real, 988 MB, 1.11 load
[runlim] sample:		4177.48 time, 4180.01 real, 988 MB, 1.09 load
[runlim] sample:		4187.48 time, 4190.01 real, 988 MB, 1.08 load
[runlim] sample:		4197.47 time, 4200.01 real, 988 MB, 1.06 load
[runlim] sample:		4207.47 time, 4210.01 real, 988 MB, 1.05 load
[runlim] sample:		4217.46 time, 4220.01 real, 960 MB, 1.05 load
[runlim] sample:		4227.46 time, 4230.01 real, 960 MB, 1.04 load
[runlim] sample:		4237.45 time, 4240.01 real, 960 MB, 1.03 load
[runlim] sample:		4247.45 time, 4250.01 real, 960 MB, 1.03 load
[runlim] sample:		4257.44 time, 4260.01 real, 960 MB, 1.02 load
[runlim] sample:		4267.43 time, 4270.01 real, 909 MB, 1.02 load
[runlim] sample:		4277.43 time, 4280.01 real, 909 MB, 1.10 load
[runlim] sample:		4287.42 time, 4290.01 real, 909 MB, 1.08 load
[runlim] sample:		4297.42 time, 4300.01 real, 909 MB, 1.07 load
[runlim] sample:		4307.41 time, 4310.01 real, 909 MB, 1.06 load
[runlim] sample:		4317.41 time, 4320.01 real, 909 MB, 1.05 load
[runlim] sample:		4327.40 time, 4330.01 real, 911 MB, 1.04 load
[runlim] sample:		4337.40 time, 4340.01 real, 911 MB, 1.03 load
[runlim] sample:		4347.39 time, 4350.01 real, 911 MB, 1.03 load
[runlim] sample:		4357.39 time, 4360.01 real, 911 MB, 1.02 load
[runlim] sample:		4367.38 time, 4370.01 real, 911 MB, 1.02 load
[runlim] sample:		4377.38 time, 4380.01 real, 911 MB, 1.02 load
[runlim] sample:		4387.38 time, 4390.01 real, 912 MB, 1.01 load
[runlim] sample:		4397.37 time, 4400.01 real, 912 MB, 1.01 load
[runlim] sample:		4407.37 time, 4410.01 real, 912 MB, 1.09 load
[runlim] sample:		4417.36 time, 4420.01 real, 912 MB, 1.07 load
[runlim] sample:		4427.36 time, 4430.01 real, 912 MB, 1.14 load
[runlim] sample:		4437.35 time, 4440.01 real, 912 MB, 1.12 load
[runlim] sample:		4447.35 time, 4450.01 real, 913 MB, 1.10 load
[runlim] sample:		4457.34 time, 4460.01 real, 913 MB, 1.08 load
[runlim] sample:		4467.34 time, 4470.01 real, 913 MB, 1.07 load
[runlim] sample:		4477.33 time, 4480.01 real, 913 MB, 1.14 load
[runlim] sample:		4487.33 time, 4490.01 real, 913 MB, 1.12 load
[runlim] sample:		4497.32 time, 4500.01 real, 913 MB, 1.10 load
[runlim] sample:		4507.32 time, 4510.01 real, 914 MB, 1.08 load
[runlim] sample:		4517.31 time, 4520.01 real, 915 MB, 1.07 load
[runlim] sample:		4527.30 time, 4530.01 real, 915 MB, 1.06 load
[runlim] sample:		4537.30 time, 4540.01 real, 915 MB, 1.05 load
[runlim] sample:		4547.29 time, 4550.01 real, 915 MB, 1.04 load
[runlim] sample:		4557.29 time, 4560.01 real, 915 MB, 1.11 load
[runlim] sample:		4567.29 time, 4570.01 real, 915 MB, 1.17 load
[runlim] sample:		4577.28 time, 4580.01 real, 915 MB, 1.38 load
[runlim] sample:		4587.28 time, 4590.01 real, 916 MB, 1.32 load
[runlim] sample:		4597.28 time, 4600.01 real, 916 MB, 1.35 load
[runlim] sample:		4607.28 time, 4610.01 real, 916 MB, 1.29 load
[runlim] sample:		4617.27 time, 4620.01 real, 916 MB, 1.32 load
[runlim] sample:		4627.27 time, 4630.01 real, 916 MB, 1.27 load
[runlim] sample:		4637.26 time, 4640.01 real, 916 MB, 1.30 load
[runlim] sample:		4647.26 time, 4650.01 real, 916 MB, 1.26 load
[runlim] sample:		4657.25 time, 4660.01 real, 917 MB, 1.30 load
[runlim] sample:		4667.25 time, 4670.01 real, 917 MB, 1.25 load
[runlim] sample:		4677.24 time, 4680.01 real, 917 MB, 1.29 load
[runlim] sample:		4687.24 time, 4690.01 real, 917 MB, 1.33 load
[runlim] sample:		4697.24 time, 4700.01 real, 917 MB, 1.28 load
[runlim] sample:		4707.23 time, 4710.01 real, 917 MB, 1.31 load
[runlim] sample:		4717.23 time, 4720.01 real, 917 MB, 1.27 load
[runlim] sample:		4727.22 time, 4730.01 real, 960 MB, 1.22 load
[runlim] sample:		4737.21 time, 4740.01 real, 960 MB, 1.19 load
[runlim] sample:		4747.21 time, 4750.01 real, 960 MB, 1.16 load
[runlim] sample:		4757.21 time, 4760.01 real, 960 MB, 1.13 load
[runlim] sample:		4767.20 time, 4770.01 real, 960 MB, 1.11 load
[runlim] sample:		4777.20 time, 4780.01 real, 960 MB, 1.10 load
[runlim] sample:		4787.19 time, 4790.01 real, 960 MB, 1.08 load
[runlim] sample:		4797.19 time, 4800.01 real, 960 MB, 1.07 load
[runlim] sample:		4807.18 time, 4810.01 real, 960 MB, 1.06 load
[runlim] sample:		4817.18 time, 4820.01 real, 960 MB, 1.05 load
[runlim] sample:		4827.18 time, 4830.01 real, 960 MB, 1.04 load
[runlim] sample:		4837.18 time, 4840.01 real, 960 MB, 1.11 load
[runlim] sample:		4847.17 time, 4850.01 real, 987 MB, 1.10 load
[runlim] sample:		4857.16 time, 4860.01 real, 987 MB, 1.08 load
[runlim] sample:		4867.16 time, 4870.01 real, 987 MB, 1.07 load
[runlim] sample:		4877.16 time, 4880.01 real, 987 MB, 1.14 load
[runlim] sample:		4887.15 time, 4890.01 real, 987 MB, 1.12 load
[runlim] sample:		4897.15 time, 4900.01 real, 987 MB, 1.10 load
[runlim] sample:		4907.14 time, 4910.01 real, 987 MB, 1.08 load
[runlim] sample:		4917.14 time, 4920.01 real, 987 MB, 1.07 load
[runlim] sample:		4927.13 time, 4930.01 real, 987 MB, 1.06 load
[runlim] sample:		4937.13 time, 4940.01 real, 987 MB, 1.05 load
[runlim] sample:		4947.13 time, 4950.01 real, 1049 MB, 1.04 load
[runlim] sample:		4957.12 time, 4960.01 real, 986 MB, 1.03 load
[runlim] sample:		4967.12 time, 4970.01 real, 986 MB, 1.03 load
[runlim] sample:		4977.11 time, 4980.01 real, 986 MB, 1.02 load
[runlim] sample:		4987.11 time, 4990.01 real, 986 MB, 1.17 load
[runlim] sample:		4997.10 time, 5000.01 real, 986 MB, 1.15 load
[runlim] sample:		5007.09 time, 5010.01 real, 986 MB, 1.12 load
[runlim] sample:		5017.09 time, 5020.01 real, 986 MB, 1.10 load
[runlim] sample:		5027.08 time, 5030.01 real, 974 MB, 1.09 load
[runlim] sample:		5037.08 time, 5040.01 real, 974 MB, 1.07 load
[runlim] sample:		5047.07 time, 5050.01 real, 974 MB, 1.06 load
[runlim] sample:		5057.06 time, 5060.01 real, 974 MB, 1.05 load
[runlim] sample:		5067.06 time, 5070.01 real, 974 MB, 1.12 load
[runlim] sample:		5077.05 time, 5080.01 real, 974 MB, 1.26 load
[runlim] sample:		5087.05 time, 5090.01 real, 974 MB, 1.22 load
[runlim] sample:		5097.04 time, 5100.01 real, 974 MB, 1.19 load
[runlim] sample:		5107.03 time, 5110.01 real, 974 MB, 1.16 load
[runlim] sample:		5117.03 time, 5120.01 real, 974 MB, 1.21 load
[runlim] sample:		5127.02 time, 5130.01 real, 988 MB, 1.18 load
[runlim] sample:		5137.01 time, 5140.01 real, 988 MB, 1.23 load
[runlim] sample:		5147.01 time, 5150.01 real, 988 MB, 1.20 load
[runlim] sample:		5157.00 time, 5160.01 real, 988 MB, 1.24 load
[runlim] sample:		5167.00 time, 5170.01 real, 988 MB, 1.20 load
[runlim] sample:		5176.99 time, 5180.01 real, 988 MB, 1.17 load
[runlim] sample:		5186.98 time, 5190.01 real, 988 MB, 1.14 load
[runlim] sample:		5196.98 time, 5200.01 real, 988 MB, 1.12 load
[runlim] sample:		5206.97 time, 5210.01 real, 988 MB, 1.10 load
[runlim] sample:		5216.96 time, 5220.01 real, 1249 MB, 1.09 load
[runlim] sample:		5226.96 time, 5230.01 real, 979 MB, 1.07 load
[runlim] sample:		5236.95 time, 5240.01 real, 979 MB, 1.06 load
[runlim] sample:		5246.95 time, 5250.01 real, 979 MB, 1.05 load
[runlim] sample:		5256.94 time, 5260.01 real, 979 MB, 1.12 load
[runlim] sample:		5266.94 time, 5270.01 real, 979 MB, 1.18 load
[runlim] sample:		5276.93 time, 5280.01 real, 979 MB, 1.16 load
[runlim] sample:		5286.93 time, 5290.01 real, 979 MB, 1.13 load
[runlim] sample:		5296.92 time, 5300.01 real, 979 MB, 1.11 load
[runlim] sample:		5306.91 time, 5310.01 real, 973 MB, 1.09 load
[runlim] sample:		5316.90 time, 5320.01 real, 973 MB, 1.08 load
[runlim] sample:		5326.90 time, 5330.01 real, 973 MB, 1.07 load
[runlim] sample:		5336.89 time, 5340.01 real, 973 MB, 1.06 load
[runlim] sample:		5346.89 time, 5350.01 real, 973 MB, 1.05 load
[runlim] sample:		5356.88 time, 5360.01 real, 973 MB, 1.04 load
[runlim] sample:		5366.88 time, 5370.01 real, 973 MB, 1.03 load
[runlim] sample:		5376.87 time, 5380.01 real, 973 MB, 1.03 load
[runlim] sample:		5386.87 time, 5390.01 real, 973 MB, 1.02 load
[runlim] sample:		5396.86 time, 5400.01 real, 969 MB, 1.10 load
[runlim] sample:		5406.85 time, 5410.01 real, 969 MB, 1.08 load
[runlim] sample:		5416.85 time, 5420.01 real, 969 MB, 1.15 load
[runlim] sample:		5426.84 time, 5430.01 real, 969 MB, 1.13 load
[runlim] sample:		5436.84 time, 5440.01 real, 969 MB, 1.11 load
[runlim] sample:		5446.83 time, 5450.01 real, 969 MB, 1.09 load
[runlim] sample:		5456.82 time, 5460.01 real, 969 MB, 1.08 load
[runlim] sample:		5466.82 time, 5470.01 real, 969 MB, 1.06 load
[runlim] sample:		5476.82 time, 5480.01 real, 969 MB, 1.05 load
[runlim] sample:		5486.81 time, 5490.01 real, 969 MB, 1.04 load
[runlim] sample:		5496.81 time, 5500.01 real, 979 MB, 1.04 load
[runlim] sample:		5506.80 time, 5510.01 real, 979 MB, 1.03 load
[runlim] sample:		5516.80 time, 5520.01 real, 979 MB, 1.03 load
[runlim] sample:		5526.79 time, 5530.01 real, 979 MB, 1.02 load
[runlim] sample:		5536.78 time, 5540.01 real, 979 MB, 1.02 load
[runlim] sample:		5546.78 time, 5550.01 real, 979 MB, 1.17 load
[runlim] sample:		5556.77 time, 5560.01 real, 979 MB, 1.14 load
[runlim] sample:		5566.77 time, 5570.01 real, 979 MB, 1.20 load
[runlim] sample:		5576.77 time, 5580.01 real, 979 MB, 1.32 load
[runlim] sample:		5586.76 time, 5590.01 real, 979 MB, 1.27 load
[runlim] sample:		5596.76 time, 5600.01 real, 979 MB, 1.23 load
[runlim] sample:		5606.75 time, 5610.01 real, 979 MB, 1.20 load
[runlim] sample:		5616.75 time, 5620.01 real, 979 MB, 1.17 load
[runlim] sample:		5626.74 time, 5630.01 real, 979 MB, 1.14 load
[runlim] sample:		5636.74 time, 5640.01 real, 994 MB, 1.12 load
[runlim] sample:		5646.74 time, 5650.01 real, 994 MB, 1.10 load
[runlim] sample:		5656.73 time, 5660.01 real, 994 MB, 1.08 load
[runlim] sample:		5666.73 time, 5670.01 real, 994 MB, 1.07 load
[runlim] sample:		5676.72 time, 5680.01 real, 994 MB, 1.06 load
[runlim] sample:		5686.72 time, 5690.01 real, 994 MB, 1.05 load
[runlim] sample:		5696.71 time, 5700.01 real, 994 MB, 1.12 load
[runlim] sample:		5706.71 time, 5710.01 real, 994 MB, 1.10 load
[runlim] sample:		5716.70 time, 5720.01 real, 994 MB, 1.09 load
[runlim] sample:		5726.70 time, 5730.01 real, 994 MB, 1.07 load
[runlim] sample:		5736.69 time, 5740.01 real, 994 MB, 1.06 load
[runlim] sample:		5746.69 time, 5750.01 real, 994 MB, 1.05 load
[runlim] sample:		5756.68 time, 5760.01 real, 992 MB, 1.04 load
[runlim] sample:		5766.68 time, 5770.01 real, 992 MB, 1.04 load
[runlim] sample:		5776.67 time, 5780.01 real, 992 MB, 1.03 load
[runlim] sample:		5786.67 time, 5790.01 real, 992 MB, 1.10 load
[runlim] sample:		5796.66 time, 5800.01 real, 992 MB, 1.08 load
[runlim] sample:		5806.66 time, 5810.01 real, 992 MB, 1.07 load
[runlim] sample:		5816.65 time, 5820.01 real, 992 MB, 1.06 load
[runlim] sample:		5826.64 time, 5830.01 real, 969 MB, 1.13 load
[runlim] sample:		5836.63 time, 5840.01 real, 969 MB, 1.11 load
[runlim] sample:		5846.63 time, 5850.01 real, 969 MB, 1.17 load
SAT

=> TOTAL COMPLETION TIME (Makespan / UB): 668
Schedule is valid
 Time taken: 5859.03 seconds
[runlim] sample:		5856.62 time, 5860.01 real, 969 MB, 1.15 load
[runlim] sample:		5866.61 time, 5870.01 real, 969 MB, 1.12 load
[runlim] sample:		5876.60 time, 5880.01 real, 969 MB, 1.10 load
[runlim] sample:		5886.59 time, 5890.01 real, 956 MB, 1.09 load
[runlim] sample:		5896.58 time, 5900.01 real, 956 MB, 1.07 load
[runlim] sample:		5906.58 time, 5910.01 real, 956 MB, 1.06 load
[runlim] sample:		5916.58 time, 5920.01 real, 956 MB, 1.05 load
[runlim] sample:		5926.57 time, 5930.01 real, 956 MB, 1.12 load
[runlim] sample:		5936.57 time, 5940.01 real, 1181 MB, 1.10 load
[runlim] sample:		5946.56 time, 5950.01 real, 943 MB, 1.09 load
[runlim] sample:		5956.55 time, 5960.01 real, 943 MB, 1.07 load
[runlim] sample:		5966.55 time, 5970.01 real, 943 MB, 1.06 load
[runlim] sample:		5976.54 time, 5980.01 real, 943 MB, 1.05 load
[runlim] sample:		5986.53 time, 5990.01 real, 943 MB, 1.04 load
[runlim] sample:		5996.52 time, 6000.01 real, 1154 MB, 1.04 load
[runlim] sample:		6006.52 time, 6010.01 real, 929 MB, 1.03 load
[runlim] sample:		6016.50 time, 6020.01 real, 929 MB, 1.02 load
[runlim] sample:		6026.50 time, 6030.01 real, 929 MB, 1.02 load
[runlim] sample:		6036.50 time, 6040.01 real, 929 MB, 1.02 load
[runlim] sample:		6046.50 time, 6050.01 real, 929 MB, 1.01 load
[runlim] sample:		6056.49 time, 6060.01 real, 929 MB, 1.01 load
[runlim] sample:		6066.48 time, 6070.01 real, 928 MB, 1.09 load
[runlim] sample:		6076.48 time, 6080.01 real, 928 MB, 1.23 load
[runlim] sample:		6086.47 time, 6090.01 real, 928 MB, 1.19 load
SAT

=> TOTAL COMPLETION TIME (Makespan / UB): 667
Schedule is valid
 Time taken: 6098.34 seconds
[runlim] sample:		6096.46 time, 6100.01 real, 928 MB, 1.16 load
[runlim] sample:		6106.46 time, 6110.01 real, 928 MB, 1.14 load
[runlim] sample:		6116.45 time, 6120.01 real, 928 MB, 1.12 load
[runlim] sample:		6126.45 time, 6130.01 real, 963 MB, 1.10 load
[runlim] sample:		6136.44 time, 6140.01 real, 963 MB, 1.08 load
[runlim] sample:		6146.44 time, 6150.01 real, 963 MB, 1.07 load
[runlim] sample:		6156.42 time, 6160.01 real, 963 MB, 1.06 load
[runlim] sample:		6166.42 time, 6170.01 real, 963 MB, 1.05 load
[runlim] sample:		6176.41 time, 6180.01 real, 963 MB, 1.04 load
[runlim] sample:		6186.41 time, 6190.01 real, 952 MB, 1.03 load
[runlim] sample:		6196.40 time, 6200.01 real, 952 MB, 1.03 load
[runlim] sample:		6206.40 time, 6210.01 real, 952 MB, 1.02 load
[runlim] sample:		6216.40 time, 6220.01 real, 952 MB, 1.02 load
[runlim] sample:		6226.39 time, 6230.01 real, 952 MB, 1.02 load
[runlim] sample:		6236.39 time, 6240.01 real, 952 MB, 1.01 load
[runlim] sample:		6246.38 time, 6250.01 real, 952 MB, 1.01 load
[runlim] sample:		6256.37 time, 6260.01 real, 930 MB, 1.01 load
[runlim] sample:		6266.37 time, 6270.01 real, 930 MB, 1.01 load
[runlim] sample:		6276.37 time, 6280.01 real, 930 MB, 1.01 load
[runlim] sample:		6286.36 time, 6290.01 real, 930 MB, 1.00 load
[runlim] sample:		6296.35 time, 6300.01 real, 930 MB, 1.00 load
[runlim] sample:		6306.35 time, 6310.01 real, 930 MB, 1.00 load
[runlim] sample:		6316.35 time, 6320.01 real, 930 MB, 1.00 load
[runlim] sample:		6326.34 time, 6330.01 real, 933 MB, 1.00 load
[runlim] sample:		6336.34 time, 6340.01 real, 933 MB, 1.00 load
[runlim] sample:		6346.34 time, 6350.01 real, 933 MB, 1.00 load
SAT

=> TOTAL COMPLETION TIME (Makespan / UB): 666
Schedule is valid
 Time taken: 6358.10 seconds
[runlim] sample:		6356.33 time, 6360.01 real, 933 MB, 1.00 load
[runlim] sample:		6366.33 time, 6370.01 real, 933 MB, 1.00 load
[runlim] sample:		6376.32 time, 6380.01 real, 933 MB, 1.00 load
[runlim] sample:		6386.32 time, 6390.01 real, 970 MB, 1.07 load
[runlim] sample:		6396.31 time, 6400.01 real, 970 MB, 1.06 load
[runlim] sample:		6406.31 time, 6410.01 real, 970 MB, 1.05 load
[runlim] sample:		6416.30 time, 6420.01 real, 970 MB, 1.04 load
[runlim] sample:		6426.30 time, 6430.01 real, 970 MB, 1.04 load
[runlim] sample:		6436.29 time, 6440.01 real, 970 MB, 1.03 load
[runlim] sample:		6446.29 time, 6450.01 real, 970 MB, 1.02 load
[runlim] sample:		6456.28 time, 6460.01 real, 960 MB, 1.02 load
[runlim] sample:		6466.28 time, 6470.01 real, 960 MB, 1.02 load
[runlim] sample:		6476.28 time, 6480.01 real, 960 MB, 1.01 load
[runlim] sample:		6486.27 time, 6490.01 real, 960 MB, 1.01 load
[runlim] sample:		6496.27 time, 6500.01 real, 960 MB, 1.01 load
[runlim] sample:		6506.26 time, 6510.01 real, 960 MB, 1.01 load
[runlim] sample:		6516.26 time, 6520.01 real, 960 MB, 1.01 load
[runlim] sample:		6526.26 time, 6530.01 real, 934 MB, 1.00 load
[runlim] sample:		6536.25 time, 6540.01 real, 934 MB, 1.00 load
[runlim] sample:		6546.25 time, 6550.01 real, 934 MB, 1.00 load
[runlim] sample:		6556.24 time, 6560.01 real, 934 MB, 1.00 load
[runlim] sample:		6566.24 time, 6570.01 real, 934 MB, 1.08 load
[runlim] sample:		6576.23 time, 6580.01 real, 934 MB, 1.22 load
[runlim] sample:		6586.23 time, 6590.01 real, 934 MB, 1.19 load
[runlim] sample:		6596.22 time, 6600.01 real, 934 MB, 1.16 load
[runlim] sample:		6606.22 time, 6610.01 real, 936 MB, 1.13 load
[runlim] sample:		6616.21 time, 6620.01 real, 936 MB, 1.11 load
[runlim] sample:		6626.21 time, 6630.01 real, 936 MB, 1.10 load
[runlim] sample:		6636.20 time, 6640.01 real, 936 MB, 1.16 load
SAT

=> TOTAL COMPLETION TIME (Makespan / UB): 665
Schedule is valid
 Time taken: 6643.55 seconds
[runlim] sample:		6646.20 time, 6650.01 real, 936 MB, 1.14 load
[runlim] sample:		6656.19 time, 6660.01 real, 936 MB, 1.11 load
[runlim] sample:		6666.19 time, 6670.01 real, 983 MB, 1.18 load
[runlim] sample:		6676.19 time, 6680.01 real, 983 MB, 1.15 load
[runlim] sample:		6686.17 time, 6690.01 real, 983 MB, 1.21 load
[runlim] sample:		6696.17 time, 6700.01 real, 983 MB, 1.17 load
[runlim] sample:		6706.16 time, 6710.01 real, 983 MB, 1.15 load
[runlim] sample:		6716.16 time, 6720.01 real, 983 MB, 1.12 load
[runlim] sample:		6726.15 time, 6730.01 real, 983 MB, 1.18 load
[runlim] sample:		6736.15 time, 6740.01 real, 983 MB, 1.16 load
[runlim] sample:		6746.15 time, 6750.01 real, 967 MB, 1.13 load
[runlim] sample:		6756.14 time, 6760.01 real, 967 MB, 1.11 load
[runlim] sample:		6766.14 time, 6770.01 real, 967 MB, 1.09 load
[runlim] sample:		6776.13 time, 6780.01 real, 967 MB, 1.08 load
[runlim] sample:		6786.13 time, 6790.01 real, 967 MB, 1.07 load
[runlim] sample:		6796.13 time, 6800.01 real, 967 MB, 1.06 load
[runlim] sample:		6806.12 time, 6810.01 real, 967 MB, 1.05 load
[runlim] sample:		6816.12 time, 6820.01 real, 967 MB, 1.04 load
[runlim] sample:		6826.11 time, 6830.01 real, 937 MB, 1.03 load
[runlim] sample:		6836.10 time, 6840.01 real, 937 MB, 1.03 load
[runlim] sample:		6846.10 time, 6850.01 real, 937 MB, 1.02 load
[runlim] sample:		6856.09 time, 6860.01 real, 937 MB, 1.02 load
[runlim] sample:		6866.09 time, 6870.01 real, 937 MB, 1.02 load
[runlim] sample:		6876.08 time, 6880.01 real, 937 MB, 1.01 load
[runlim] sample:		6886.08 time, 6890.01 real, 937 MB, 1.01 load
[runlim] sample:		6896.07 time, 6900.01 real, 937 MB, 1.01 load
[runlim] sample:		6906.06 time, 6910.01 real, 938 MB, 1.01 load
[runlim] sample:		6916.06 time, 6920.01 real, 938 MB, 1.00 load
[runlim] sample:		6926.06 time, 6930.01 real, 938 MB, 1.00 load
[runlim] sample:		6936.05 time, 6940.01 real, 938 MB, 1.00 load
SAT

=> TOTAL COMPLETION TIME (Makespan / UB): 664
Schedule is valid
 Time taken: 6946.65 seconds
[runlim] sample:		6946.05 time, 6950.01 real, 938 MB, 1.08 load
[runlim] sample:		6956.04 time, 6960.01 real, 938 MB, 1.07 load
[runlim] sample:		6966.04 time, 6970.01 real, 938 MB, 1.06 load
[runlim] sample:		6976.03 time, 6980.01 real, 938 MB, 1.05 load
[runlim] sample:		6986.03 time, 6990.01 real, 964 MB, 1.04 load
[runlim] sample:		6996.02 time, 7000.01 real, 964 MB, 1.03 load
[runlim] sample:		7006.02 time, 7010.01 real, 964 MB, 1.03 load
[runlim] sample:		7016.01 time, 7020.01 real, 964 MB, 1.02 load
[runlim] sample:		7026.01 time, 7030.01 real, 964 MB, 1.02 load
[runlim] sample:		7036.00 time, 7040.01 real, 964 MB, 1.02 load
[runlim] sample:		7046.00 time, 7050.01 real, 964 MB, 1.01 load
[runlim] sample:		7056.00 time, 7060.01 real, 967 MB, 1.01 load
[runlim] sample:		7065.99 time, 7070.01 real, 967 MB, 1.09 load
[runlim] sample:		7075.99 time, 7080.01 real, 967 MB, 1.23 load
[runlim] sample:		7085.99 time, 7090.01 real, 967 MB, 1.19 load
[runlim] sample:		7095.98 time, 7100.01 real, 967 MB, 1.24 load
[runlim] sample:		7105.98 time, 7110.01 real, 967 MB, 1.21 load
[runlim] sample:		7115.97 time, 7120.01 real, 967 MB, 1.17 load
[runlim] sample:		7125.96 time, 7130.01 real, 928 MB, 1.15 load
[runlim] sample:		7135.96 time, 7140.01 real, 928 MB, 1.12 load
[runlim] sample:		7145.95 time, 7150.01 real, 928 MB, 1.10 load
[runlim] sample:		7155.95 time, 7160.01 real, 928 MB, 1.09 load
[runlim] sample:		7165.94 time, 7170.01 real, 928 MB, 1.07 load
[runlim] sample:		7175.93 time, 7180.01 real, 928 MB, 1.06 load
[runlim] sample:		7185.92 time, 7190.01 real, 928 MB, 1.05 load
[runlim] sample:		7195.91 time, 7200.01 real, 928 MB, 1.04 load
[runlim] sample:		7205.90 time, 7210.01 real, 945 MB, 1.04 load
[runlim] sample:		7215.89 time, 7220.01 real, 945 MB, 1.03 load
SAT

=> TOTAL COMPLETION TIME (Makespan / UB): 663
Schedule is valid
 Time taken: 7227.38 seconds
[runlim] sample:		7225.89 time, 7230.01 real, 945 MB, 1.02 load
[runlim] sample:		7235.88 time, 7240.01 real, 945 MB, 1.02 load
[runlim] sample:		7245.88 time, 7250.01 real, 945 MB, 1.02 load
[runlim] sample:		7255.87 time, 7260.01 real, 945 MB, 1.09 load
[runlim] sample:		7265.87 time, 7270.01 real, 972 MB, 1.07 load
[runlim] sample:		7275.87 time, 7280.01 real, 972 MB, 1.06 load
[runlim] sample:		7285.86 time, 7290.01 real, 972 MB, 1.05 load
[runlim] sample:		7295.86 time, 7300.01 real, 972 MB, 1.04 load
[runlim] sample:		7305.85 time, 7310.01 real, 972 MB, 1.04 load
[runlim] sample:		7315.85 time, 7320.01 real, 972 MB, 1.03 load
[runlim] sample:		7325.84 time, 7330.01 real, 972 MB, 1.02 load
[runlim] sample:		7335.84 time, 7340.01 real, 972 MB, 1.02 load
[runlim] sample:		7345.83 time, 7350.01 real, 979 MB, 1.02 load
[runlim] sample:		7355.82 time, 7360.01 real, 979 MB, 1.01 load
[runlim] sample:		7365.82 time, 7370.01 real, 979 MB, 1.01 load
[runlim] sample:		7375.81 time, 7380.01 real, 979 MB, 1.01 load
[runlim] sample:		7385.81 time, 7390.01 real, 979 MB, 1.01 load
[runlim] sample:		7395.80 time, 7400.01 real, 979 MB, 1.01 load
[runlim] sample:		7405.80 time, 7410.01 real, 979 MB, 1.00 load
[runlim] sample:		7415.80 time, 7420.01 real, 979 MB, 1.00 load
[runlim] sample:		7425.79 time, 7430.01 real, 925 MB, 1.00 load
[runlim] sample:		7435.79 time, 7440.01 real, 925 MB, 1.00 load
[runlim] sample:		7445.78 time, 7450.01 real, 925 MB, 1.00 load
[runlim] sample:		7455.78 time, 7460.01 real, 925 MB, 1.00 load
[runlim] sample:		7465.77 time, 7470.01 real, 925 MB, 1.00 load
[runlim] sample:		7475.77 time, 7480.01 real, 925 MB, 1.00 load
[runlim] sample:		7485.77 time, 7490.01 real, 925 MB, 1.00 load
[runlim] sample:		7495.77 time, 7500.01 real, 960 MB, 1.00 load
[runlim] sample:		7505.76 time, 7510.01 real, 960 MB, 1.00 load
[runlim] sample:		7515.76 time, 7520.01 real, 960 MB, 1.00 load
[runlim] sample:		7525.75 time, 7530.01 real, 960 MB, 1.00 load
[runlim] sample:		7535.75 time, 7540.01 real, 960 MB, 1.00 load
[runlim] sample:		7545.74 time, 7550.01 real, 960 MB, 1.00 load
SAT

=> TOTAL COMPLETION TIME (Makespan / UB): 662
Schedule is valid
 Time taken: 7551.99 seconds
[runlim] sample:		7555.74 time, 7560.01 real, 960 MB, 1.00 load
[runlim] sample:		7565.72 time, 7570.01 real, 996 MB, 1.08 load
[runlim] sample:		7575.72 time, 7580.01 real, 996 MB, 1.30 load
[runlim] sample:		7585.71 time, 7590.01 real, 996 MB, 1.25 load
[runlim] sample:		7595.71 time, 7600.01 real, 996 MB, 1.21 load
[runlim] sample:		7605.71 time, 7610.01 real, 996 MB, 1.18 load
[runlim] sample:		7615.70 time, 7620.01 real, 996 MB, 1.22 load
[runlim] sample:		7625.70 time, 7630.01 real, 996 MB, 1.19 load
[runlim] sample:		7635.70 time, 7640.01 real, 976 MB, 1.23 load
[runlim] sample:		7645.69 time, 7650.01 real, 976 MB, 1.20 load
[runlim] sample:		7655.68 time, 7660.01 real, 976 MB, 1.17 load
[runlim] sample:		7665.68 time, 7670.01 real, 976 MB, 1.14 load
[runlim] sample:		7675.67 time, 7680.01 real, 976 MB, 1.12 load
[runlim] sample:		7685.67 time, 7690.01 real, 976 MB, 1.10 load
[runlim] sample:		7695.66 time, 7700.01 real, 976 MB, 1.08 load
[runlim] sample:		7705.66 time, 7710.01 real, 976 MB, 1.07 load
[runlim] sample:		7715.66 time, 7720.01 real, 976 MB, 1.06 load
[runlim] sample:		7725.64 time, 7730.01 real, 947 MB, 1.21 load
[runlim] sample:		7735.64 time, 7740.01 real, 947 MB, 1.18 load
[runlim] sample:		7745.64 time, 7750.01 real, 947 MB, 1.15 load
[runlim] sample:		7755.63 time, 7760.01 real, 947 MB, 1.13 load
[runlim] sample:		7765.63 time, 7770.01 real, 947 MB, 1.11 load
[runlim] sample:		7775.62 time, 7780.01 real, 947 MB, 1.09 load
[runlim] sample:		7785.62 time, 7790.01 real, 947 MB, 1.08 load
[runlim] sample:		7795.61 time, 7800.01 real, 947 MB, 1.06 load
[runlim] sample:		7805.61 time, 7810.01 real, 948 MB, 1.05 load
[runlim] sample:		7815.60 time, 7820.01 real, 948 MB, 1.04 load
[runlim] sample:		7825.60 time, 7830.01 real, 948 MB, 1.04 load
[runlim] sample:		7835.60 time, 7840.01 real, 948 MB, 1.03 load
[runlim] sample:		7845.59 time, 7850.01 real, 948 MB, 1.03 load
[runlim] sample:		7855.59 time, 7860.01 real, 948 MB, 1.02 load
[runlim] sample:		7865.58 time, 7870.01 real, 948 MB, 1.02 load
[runlim] sample:		7875.58 time, 7880.01 real, 948 MB, 1.01 load
[runlim] sample:		7885.58 time, 7890.01 real, 948 MB, 1.01 load
[runlim] sample:		7895.57 time, 7900.01 real, 1000 MB, 1.08 load
[runlim] sample:		7905.56 time, 7910.01 real, 1000 MB, 1.07 load
[runlim] sample:		7915.56 time, 7920.01 real, 1000 MB, 1.06 load
[runlim] sample:		7925.55 time, 7930.01 real, 1000 MB, 1.05 load
SAT

=> TOTAL COMPLETION TIME (Makespan / UB): 661
Schedule is valid
 Time taken: 7931.36 seconds
[runlim] sample:		7935.55 time, 7940.01 real, 1000 MB, 1.04 load
[runlim] sample:		7945.54 time, 7950.01 real, 1000 MB, 1.03 load
[runlim] sample:		7955.54 time, 7960.01 real, 1000 MB, 1.03 load
[runlim] sample:		7965.53 time, 7970.01 real, 1000 MB, 1.02 load
[runlim] sample:		7975.54 time, 7980.01 real, 980 MB, 1.02 load
[runlim] sample:		7985.53 time, 7990.01 real, 980 MB, 1.02 load
[runlim] sample:		7995.53 time, 8000.01 real, 980 MB, 1.01 load
[runlim] sample:		8005.52 time, 8010.01 real, 980 MB, 1.01 load
[runlim] sample:		8015.52 time, 8020.01 real, 980 MB, 1.01 load
[runlim] sample:		8025.52 time, 8030.01 real, 980 MB, 1.01 load
[runlim] sample:		8035.51 time, 8040.01 real, 980 MB, 1.01 load
[runlim] sample:		8045.50 time, 8050.01 real, 974 MB, 1.00 load
[runlim] sample:		8055.49 time, 8060.01 real, 974 MB, 1.00 load
[runlim] sample:		8065.49 time, 8070.01 real, 974 MB, 1.08 load
[runlim] sample:		8075.48 time, 8080.01 real, 974 MB, 1.22 load
[runlim] sample:		8085.48 time, 8090.01 real, 974 MB, 1.19 load
[runlim] sample:		8095.48 time, 8100.01 real, 974 MB, 1.16 load
[runlim] sample:		8105.47 time, 8110.01 real, 974 MB, 1.13 load
[runlim] sample:		8115.47 time, 8120.01 real, 974 MB, 1.11 load
[runlim] sample:		8125.47 time, 8130.01 real, 974 MB, 1.10 load
[runlim] sample:		8135.46 time, 8140.01 real, 925 MB, 1.08 load
[runlim] sample:		8145.46 time, 8150.01 real, 925 MB, 1.07 load
[runlim] sample:		8155.45 time, 8160.01 real, 925 MB, 1.06 load
[runlim] sample:		8165.45 time, 8170.01 real, 925 MB, 1.05 load
[runlim] sample:		8175.45 time, 8180.01 real, 925 MB, 1.04 load
[runlim] sample:		8185.44 time, 8190.01 real, 925 MB, 1.03 load
[runlim] sample:		8195.44 time, 8200.01 real, 925 MB, 1.03 load
[runlim] sample:		8205.44 time, 8210.01 real, 925 MB, 1.10 load
[runlim] sample:		8215.44 time, 8220.01 real, 926 MB, 1.08 load
[runlim] sample:		8225.43 time, 8230.01 real, 983 MB, 1.07 load
[runlim] sample:		8235.42 time, 8240.01 real, 983 MB, 1.06 load
[runlim] sample:		8245.42 time, 8250.01 real, 983 MB, 1.05 load
[runlim] sample:		8255.41 time, 8260.01 real, 983 MB, 1.04 load
[runlim] sample:		8265.41 time, 8270.01 real, 983 MB, 1.11 load
[runlim] sample:		8275.41 time, 8280.01 real, 983 MB, 1.34 load
[runlim] sample:		8285.40 time, 8290.01 real, 983 MB, 1.28 load
[runlim] sample:		8295.40 time, 8300.01 real, 983 MB, 1.24 load
[runlim] sample:		8305.40 time, 8310.01 real, 983 MB, 1.20 load
[runlim] sample:		8315.39 time, 8320.01 real, 983 MB, 1.17 load
[runlim] sample:		8325.40 time, 8330.01 real, 1016 MB, 1.14 load
[runlim] sample:		8335.39 time, 8340.01 real, 1016 MB, 1.12 load
SAT

=> TOTAL COMPLETION TIME (Makespan / UB): 660
Schedule is valid
 Time taken: 8347.24 seconds
[runlim] sample:		8345.39 time, 8350.01 real, 1016 MB, 1.10 load
[runlim] sample:		8355.39 time, 8360.01 real, 1016 MB, 1.09 load
[runlim] sample:		8365.38 time, 8370.01 real, 1016 MB, 1.07 load
[runlim] sample:		8375.38 time, 8380.01 real, 1016 MB, 1.06 load
[runlim] sample:		8385.38 time, 8390.01 real, 1016 MB, 1.05 load
[runlim] sample:		8395.37 time, 8400.01 real, 1016 MB, 1.04 load
[runlim] sample:		8405.37 time, 8410.01 real, 1016 MB, 1.04 load
[runlim] sample:		8415.36 time, 8420.01 real, 963 MB, 1.03 load
[runlim] sample:		8425.35 time, 8430.01 real, 963 MB, 1.02 load
[runlim] sample:		8435.35 time, 8440.01 real, 963 MB, 1.02 load
[runlim] sample:		8445.35 time, 8450.01 real, 963 MB, 1.02 load
[runlim] sample:		8455.34 time, 8460.01 real, 963 MB, 1.01 load
[runlim] sample:		8465.34 time, 8470.01 real, 963 MB, 1.01 load
[runlim] sample:		8475.34 time, 8480.01 real, 963 MB, 1.01 load
[runlim] sample:		8485.33 time, 8490.01 real, 963 MB, 1.01 load
[runlim] sample:		8495.33 time, 8500.01 real, 963 MB, 1.01 load
[runlim] sample:		8505.32 time, 8510.01 real, 980 MB, 1.00 load
[runlim] sample:		8515.32 time, 8520.01 real, 980 MB, 1.00 load
[runlim] sample:		8525.32 time, 8530.01 real, 980 MB, 1.00 load
[runlim] sample:		8535.31 time, 8540.01 real, 980 MB, 1.00 load
[runlim] sample:		8545.31 time, 8550.01 real, 980 MB, 1.00 load
[runlim] sample:		8555.31 time, 8560.01 real, 980 MB, 1.00 load
[runlim] sample:		8565.30 time, 8570.01 real, 980 MB, 1.08 load
[runlim] sample:		8575.30 time, 8580.01 real, 980 MB, 1.14 load
[runlim] sample:		8585.30 time, 8590.01 real, 980 MB, 1.12 load
[runlim] sample:		8595.29 time, 8600.01 real, 980 MB, 1.10 load
[runlim] sample:		8605.28 time, 8610.01 real, 926 MB, 1.08 load
[runlim] sample:		8615.28 time, 8620.01 real, 926 MB, 1.07 load
[runlim] sample:		8625.28 time, 8630.01 real, 926 MB, 1.06 load
[runlim] sample:		8635.27 time, 8640.01 real, 926 MB, 1.05 load
[runlim] sample:		8645.27 time, 8650.01 real, 926 MB, 1.04 load
[runlim] sample:		8655.26 time, 8660.01 real, 926 MB, 1.04 load
[runlim] sample:		8665.26 time, 8670.01 real, 926 MB, 1.03 load
[runlim] sample:		8675.26 time, 8680.01 real, 926 MB, 1.02 load
SAT

=> TOTAL COMPLETION TIME (Makespan / UB): 659
Schedule is valid
 Time taken: 8685.62 seconds
[runlim] sample:		8685.25 time, 8690.01 real, 1012 MB, 1.02 load
[runlim] sample:		8695.25 time, 8700.01 real, 1012 MB, 1.02 load
[runlim] sample:		8705.25 time, 8710.01 real, 1012 MB, 1.01 load
[runlim] sample:		8715.24 time, 8720.01 real, 1012 MB, 1.01 load
[runlim] sample:		8725.24 time, 8730.01 real, 1012 MB, 1.01 load
[runlim] sample:		8735.24 time, 8740.01 real, 1012 MB, 1.08 load
[runlim] sample:		8745.23 time, 8750.01 real, 1012 MB, 1.07 load
[runlim] sample:		8755.23 time, 8760.01 real, 1012 MB, 1.06 load
[runlim] sample:		8765.23 time, 8770.01 real, 956 MB, 1.05 load
[runlim] sample:		8775.22 time, 8780.01 real, 956 MB, 1.04 load
[runlim] sample:		8785.22 time, 8790.01 real, 956 MB, 1.03 load
[runlim] sample:		8795.21 time, 8800.01 real, 956 MB, 1.03 load
[runlim] sample:		8805.21 time, 8810.01 real, 956 MB, 1.02 load
[runlim] sample:		8815.21 time, 8820.01 real, 956 MB, 1.02 load
[runlim] sample:		8825.20 time, 8830.01 real, 956 MB, 1.02 load
[runlim] sample:		8835.20 time, 8840.01 real, 956 MB, 1.01 load
[runlim] sample:		8845.19 time, 8850.01 real, 956 MB, 1.01 load
[runlim] sample:		8855.19 time, 8860.01 real, 960 MB, 1.01 load
[runlim] sample:		8865.19 time, 8870.01 real, 960 MB, 1.01 load
[runlim] sample:		8875.19 time, 8880.01 real, 960 MB, 1.00 load
[runlim] sample:		8885.18 time, 8890.01 real, 960 MB, 1.00 load
[runlim] sample:		8895.18 time, 8900.01 real, 960 MB, 1.00 load
[runlim] sample:		8905.17 time, 8910.01 real, 960 MB, 1.08 load
[runlim] sample:		8915.17 time, 8920.01 real, 960 MB, 1.06 load
[runlim] sample:		8925.16 time, 8930.01 real, 960 MB, 1.05 load
[runlim] sample:		8935.15 time, 8940.01 real, 960 MB, 1.04 load
[runlim] sample:		8945.15 time, 8950.01 real, 960 MB, 1.04 load
[runlim] sample:		8955.14 time, 8960.01 real, 937 MB, 1.11 load
[runlim] sample:		8965.14 time, 8970.01 real, 937 MB, 1.09 load
[runlim] sample:		8975.13 time, 8980.01 real, 937 MB, 1.07 load
[runlim] sample:		8985.13 time, 8990.01 real, 937 MB, 1.06 load
[runlim] sample:		8995.13 time, 9000.01 real, 937 MB, 1.05 load
[runlim] sample:		9005.12 time, 9010.01 real, 937 MB, 1.04 load
[runlim] sample:		9015.12 time, 9020.01 real, 937 MB, 1.04 load
[runlim] sample:		9025.11 time, 9030.01 real, 937 MB, 1.03 load
[runlim] sample:		9035.11 time, 9040.01 real, 937 MB, 1.03 load
[runlim] sample:		9045.10 time, 9050.01 real, 937 MB, 1.02 load
SAT

=> TOTAL COMPLETION TIME (Makespan / UB): 658
Schedule is valid
 Time taken: 9054.61 seconds
[runlim] sample:		9055.10 time, 9060.01 real, 937 MB, 1.02 load
[runlim] sample:		9065.10 time, 9070.01 real, 995 MB, 1.17 load
[runlim] sample:		9075.09 time, 9080.01 real, 995 MB, 1.30 load
[runlim] sample:		9085.09 time, 9090.01 real, 995 MB, 1.26 load
[runlim] sample:		9095.08 time, 9100.01 real, 995 MB, 1.22 load
[runlim] sample:		9105.08 time, 9110.01 real, 995 MB, 1.18 load
[runlim] sample:		9115.07 time, 9120.01 real, 995 MB, 1.15 load
[runlim] sample:		9125.07 time, 9130.01 real, 995 MB, 1.13 load
[runlim] sample:		9135.06 time, 9140.01 real, 995 MB, 1.11 load
[runlim] sample:		9145.06 time, 9150.01 real, 964 MB, 1.09 load
[runlim] sample:		9155.05 time, 9160.01 real, 964 MB, 1.08 load
[runlim] sample:		9165.05 time, 9170.01 real, 964 MB, 1.06 load
[runlim] sample:		9175.04 time, 9180.01 real, 964 MB, 1.05 load
[runlim] sample:		9185.04 time, 9190.01 real, 964 MB, 1.05 load
[runlim] sample:		9195.03 time, 9200.01 real, 964 MB, 1.04 load
[runlim] sample:		9205.03 time, 9210.01 real, 964 MB, 1.03 load
[runlim] sample:		9215.03 time, 9220.01 real, 964 MB, 1.03 load
[runlim] sample:		9225.02 time, 9230.01 real, 964 MB, 1.10 load
[runlim] sample:		9235.02 time, 9240.01 real, 958 MB, 1.08 load
[runlim] sample:		9245.02 time, 9250.01 real, 958 MB, 1.07 load
[runlim] sample:		9255.01 time, 9260.01 real, 958 MB, 1.06 load
[runlim] sample:		9265.01 time, 9270.01 real, 958 MB, 1.05 load
[runlim] sample:		9275.00 time, 9280.01 real, 958 MB, 1.11 load
[runlim] sample:		9285.00 time, 9290.01 real, 958 MB, 1.10 load
[runlim] sample:		9295.00 time, 9300.01 real, 958 MB, 1.08 load
[runlim] sample:		9304.99 time, 9310.01 real, 958 MB, 1.07 load
[runlim] sample:		9314.99 time, 9320.01 real, 958 MB, 1.06 load
[runlim] sample:		9324.98 time, 9330.01 real, 958 MB, 1.05 load
[runlim] sample:		9334.97 time, 9340.01 real, 954 MB, 1.04 load
[runlim] sample:		9344.97 time, 9350.01 real, 954 MB, 1.03 load
[runlim] sample:		9354.96 time, 9360.01 real, 954 MB, 1.03 load
[runlim] sample:		9364.96 time, 9370.01 real, 954 MB, 1.02 load
[runlim] sample:		9374.95 time, 9380.01 real, 954 MB, 1.18 load
[runlim] sample:		9384.95 time, 9390.01 real, 954 MB, 1.15 load
[runlim] sample:		9394.94 time, 9400.01 real, 954 MB, 1.13 load
[runlim] sample:		9404.94 time, 9410.01 real, 954 MB, 1.11 load
[runlim] sample:		9414.93 time, 9420.01 real, 954 MB, 1.09 load
[runlim] sample:		9424.93 time, 9430.01 real, 954 MB, 1.08 load
[runlim] sample:		9434.93 time, 9440.01 real, 954 MB, 1.06 load
[runlim] sample:		9444.93 time, 9450.01 real, 1001 MB, 1.05 load
SAT

=> TOTAL COMPLETION TIME (Makespan / UB): 657
Schedule is valid
 Time taken: 9451.07 seconds
[runlim] sample:		9454.92 time, 9460.01 real, 1001 MB, 1.05 load
[runlim] sample:		9464.91 time, 9470.01 real, 1001 MB, 1.04 load
[runlim] sample:		9474.91 time, 9480.01 real, 1001 MB, 1.03 load
[runlim] sample:		9484.90 time, 9490.01 real, 1001 MB, 1.03 load
[runlim] sample:		9494.90 time, 9500.01 real, 1001 MB, 1.02 load
[runlim] sample:		9504.89 time, 9510.01 real, 1001 MB, 1.02 load
[runlim] sample:		9514.89 time, 9520.01 real, 1001 MB, 1.02 load
[runlim] sample:		9524.89 time, 9530.01 real, 1001 MB, 1.01 load
[runlim] sample:		9534.88 time, 9540.01 real, 962 MB, 1.01 load
[runlim] sample:		9544.87 time, 9550.01 real, 962 MB, 1.01 load
[runlim] sample:		9554.87 time, 9560.01 real, 962 MB, 1.01 load
[runlim] sample:		9564.86 time, 9570.01 real, 962 MB, 1.09 load
[runlim] sample:		9574.86 time, 9580.01 real, 962 MB, 1.15 load
[runlim] sample:		9584.86 time, 9590.01 real, 962 MB, 1.12 load
[runlim] sample:		9594.85 time, 9600.01 real, 962 MB, 1.10 load
[runlim] sample:		9604.85 time, 9610.01 real, 962 MB, 1.09 load
[runlim] sample:		9614.84 time, 9620.01 real, 962 MB, 1.07 load
[runlim] sample:		9624.84 time, 9630.01 real, 962 MB, 1.06 load
[runlim] sample:		9634.83 time, 9640.01 real, 962 MB, 1.13 load
[runlim] sample:		9644.83 time, 9650.01 real, 967 MB, 1.11 load
[runlim] sample:		9654.83 time, 9660.01 real, 967 MB, 1.17 load
[runlim] sample:		9664.83 time, 9670.01 real, 967 MB, 1.15 load
[runlim] sample:		9674.82 time, 9680.01 real, 967 MB, 1.20 load
[runlim] sample:		9684.82 time, 9690.01 real, 967 MB, 1.17 load
[runlim] sample:		9694.81 time, 9700.01 real, 967 MB, 1.23 load
[runlim] sample:		9704.81 time, 9710.01 real, 967 MB, 1.19 load
[runlim] sample:		9714.80 time, 9720.01 real, 967 MB, 1.16 load
[runlim] sample:		9724.80 time, 9730.01 real, 967 MB, 1.14 load
[runlim] sample:		9734.79 time, 9740.01 real, 967 MB, 1.11 load
[runlim] sample:		9744.78 time, 9750.01 real, 946 MB, 1.10 load
[runlim] sample:		9754.78 time, 9760.01 real, 946 MB, 1.08 load
[runlim] sample:		9764.77 time, 9770.01 real, 946 MB, 1.07 load
[runlim] sample:		9774.77 time, 9780.01 real, 946 MB, 1.06 load
[runlim] sample:		9784.77 time, 9790.01 real, 946 MB, 1.05 load
[runlim] sample:		9794.76 time, 9800.01 real, 946 MB, 1.04 load
[runlim] sample:		9804.76 time, 9810.01 real, 946 MB, 1.03 load
[runlim] sample:		9814.75 time, 9820.01 real, 946 MB, 1.03 load
SAT

=> TOTAL COMPLETION TIME (Makespan / UB): 656
Schedule is valid
 Time taken: 9829.86 seconds
[runlim] sample:		9824.75 time, 9830.01 real, 1011 MB, 1.02 load
[runlim] sample:		9834.75 time, 9840.01 real, 1011 MB, 1.02 load
[runlim] sample:		9844.75 time, 9850.01 real, 1011 MB, 1.02 load
[runlim] sample:		9854.74 time, 9860.01 real, 1011 MB, 1.01 load
[runlim] sample:		9864.74 time, 9870.01 real, 1011 MB, 1.01 load
[runlim] sample:		9874.73 time, 9880.01 real, 1011 MB, 1.01 load
[runlim] sample:		9884.73 time, 9890.01 real, 1011 MB, 1.01 load
[runlim] sample:		9894.72 time, 9900.01 real, 1011 MB, 1.00 load
[runlim] sample:		9904.72 time, 9910.01 real, 1011 MB, 1.00 load
[runlim] sample:		9914.71 time, 9920.01 real, 971 MB, 1.00 load
[runlim] sample:		9924.70 time, 9930.01 real, 971 MB, 1.00 load
[runlim] sample:		9934.70 time, 9940.01 real, 971 MB, 1.00 load
[runlim] sample:		9944.70 time, 9950.01 real, 971 MB, 1.00 load
[runlim] sample:		9954.69 time, 9960.01 real, 971 MB, 1.00 load
[runlim] sample:		9964.69 time, 9970.01 real, 971 MB, 1.00 load
[runlim] sample:		9974.68 time, 9980.01 real, 971 MB, 1.00 load
[runlim] sample:		9984.68 time, 9990.01 real, 971 MB, 1.00 load
[runlim] sample:		9994.67 time, 10000.01 real, 971 MB, 1.00 load
[runlim] sample:		10004.67 time, 10010.01 real, 971 MB, 1.00 load
[runlim] sample:		10014.67 time, 10020.01 real, 964 MB, 1.00 load
[runlim] sample:		10024.67 time, 10030.01 real, 964 MB, 1.00 load
[runlim] sample:		10034.66 time, 10040.01 real, 964 MB, 1.00 load
[runlim] sample:		10044.66 time, 10050.01 real, 964 MB, 1.00 load
[runlim] sample:		10054.65 time, 10060.01 real, 964 MB, 1.00 load
[runlim] sample:		10064.64 time, 10070.01 real, 964 MB, 1.08 load
[runlim] sample:		10074.64 time, 10080.01 real, 964 MB, 1.22 load
[runlim] sample:		10084.63 time, 10090.01 real, 964 MB, 1.19 load
[runlim] sample:		10094.63 time, 10100.01 real, 964 MB, 1.16 load
[runlim] sample:		10104.62 time, 10110.01 real, 964 MB, 1.13 load
[runlim] sample:		10114.63 time, 10120.01 real, 946 MB, 1.11 load
[runlim] sample:		10124.62 time, 10130.01 real, 946 MB, 1.09 load
[runlim] sample:		10134.62 time, 10140.01 real, 946 MB, 1.08 load
[runlim] sample:		10144.61 time, 10150.01 real, 946 MB, 1.07 load
[runlim] sample:		10154.61 time, 10160.01 real, 946 MB, 1.06 load
[runlim] sample:		10164.60 time, 10170.01 real, 946 MB, 1.05 load
[runlim] sample:		10174.60 time, 10180.01 real, 946 MB, 1.11 load
[runlim] sample:		10184.59 time, 10190.01 real, 946 MB, 1.10 load
[runlim] sample:		10194.59 time, 10200.01 real, 946 MB, 1.08 load
[runlim] sample:		10204.58 time, 10210.01 real, 946 MB, 1.07 load
[runlim] sample:		10214.58 time, 10220.01 real, 946 MB, 1.06 load
[runlim] sample:		10224.57 time, 10230.01 real, 946 MB, 1.05 load
[runlim] sample:		10234.56 time, 10240.01 real, 1014 MB, 1.11 load
[runlim] sample:		10244.56 time, 10250.01 real, 1014 MB, 1.10 load
SAT

=> TOTAL COMPLETION TIME (Makespan / UB): 655
Schedule is valid
 Time taken: 10254.54 seconds
[runlim] sample:		10254.55 time, 10260.01 real, 1014 MB, 1.08 load
[runlim] sample:		10264.55 time, 10270.01 real, 1014 MB, 1.07 load
[runlim] sample:		10274.55 time, 10280.01 real, 1014 MB, 1.06 load
[runlim] sample:		10284.54 time, 10290.01 real, 1014 MB, 1.05 load
[runlim] sample:		10294.53 time, 10300.01 real, 1014 MB, 1.04 load
[runlim] sample:		10304.53 time, 10310.01 real, 1014 MB, 1.03 load
[runlim] sample:		10314.53 time, 10320.01 real, 1061 MB, 1.03 load
[runlim] sample:		10324.53 time, 10330.01 real, 975 MB, 1.02 load
[runlim] sample:		10334.52 time, 10340.01 real, 975 MB, 1.02 load
[runlim] sample:		10344.52 time, 10350.01 real, 975 MB, 1.02 load
[runlim] sample:		10354.51 time, 10360.01 real, 975 MB, 1.01 load
[runlim] sample:		10364.51 time, 10370.01 real, 975 MB, 1.01 load
[runlim] sample:		10374.50 time, 10380.01 real, 975 MB, 1.01 load
[runlim] sample:		10384.50 time, 10390.01 real, 975 MB, 1.01 load
[runlim] sample:		10394.49 time, 10400.01 real, 975 MB, 1.00 load
[runlim] sample:		10404.49 time, 10410.01 real, 975 MB, 1.00 load
[runlim] sample:		10414.48 time, 10420.01 real, 975 MB, 1.00 load
[runlim] sample:		10424.47 time, 10430.01 real, 977 MB, 1.00 load
[runlim] sample:		10434.47 time, 10440.01 real, 977 MB, 1.00 load
[runlim] sample:		10444.46 time, 10450.01 real, 977 MB, 1.00 load
[runlim] sample:		10454.46 time, 10460.01 real, 977 MB, 1.00 load
[runlim] sample:		10464.45 time, 10470.01 real, 977 MB, 1.00 load
[runlim] sample:		10474.44 time, 10480.01 real, 977 MB, 1.00 load
[runlim] sample:		10484.44 time, 10490.01 real, 977 MB, 1.00 load
[runlim] sample:		10494.43 time, 10500.01 real, 977 MB, 1.00 load
[runlim] sample:		10504.43 time, 10510.01 real, 977 MB, 1.00 load
[runlim] sample:		10514.42 time, 10520.01 real, 977 MB, 1.00 load
[runlim] sample:		10524.42 time, 10530.01 real, 977 MB, 1.00 load
[runlim] sample:		10534.41 time, 10540.01 real, 977 MB, 1.00 load
[runlim] sample:		10544.41 time, 10550.01 real, 943 MB, 1.00 load
[runlim] sample:		10554.40 time, 10560.01 real, 943 MB, 1.00 load
[runlim] sample:		10564.39 time, 10570.01 real, 943 MB, 1.08 load
[runlim] sample:		10574.38 time, 10580.01 real, 943 MB, 1.22 load
[runlim] sample:		10584.37 time, 10590.01 real, 943 MB, 1.19 load
[runlim] sample:		10594.36 time, 10600.01 real, 943 MB, 1.16 load
[runlim] sample:		10604.35 time, 10610.01 real, 943 MB, 1.13 load
[runlim] sample:		10614.33 time, 10620.01 real, 943 MB, 1.19 load
[runlim] sample:		10624.32 time, 10630.01 real, 943 MB, 1.16 load
[runlim] sample:		10634.32 time, 10640.01 real, 943 MB, 1.13 load
[runlim] sample:		10644.31 time, 10650.01 real, 943 MB, 1.11 load
[runlim] sample:		10654.29 time, 10660.01 real, 1015 MB, 1.09 load
[runlim] sample:		10664.28 time, 10670.01 real, 1015 MB, 1.08 load
[runlim] sample:		10674.27 time, 10680.01 real, 1015 MB, 1.07 load
[runlim] sample:		10684.27 time, 10690.01 real, 1015 MB, 1.06 load
[runlim] sample:		10694.26 time, 10700.01 real, 1015 MB, 1.05 load
[runlim] sample:		10704.26 time, 10710.01 real, 1015 MB, 1.04 load
SAT

=> TOTAL COMPLETION TIME (Makespan / UB): 654
Schedule is valid
 Time taken: 10713.21 seconds
[runlim] sample:		10714.25 time, 10720.01 real, 1015 MB, 1.03 load
[runlim] sample:		10724.25 time, 10730.01 real, 1015 MB, 1.03 load
[runlim] sample:		10734.24 time, 10740.01 real, 1015 MB, 1.02 load
[runlim] sample:		10744.24 time, 10750.01 real, 1015 MB, 1.02 load
[runlim] sample:		10754.23 time, 10760.01 real, 1015 MB, 1.02 load
[runlim] sample:		10764.22 time, 10770.01 real, 1009 MB, 1.01 load
[runlim] sample:		10774.22 time, 10780.01 real, 1009 MB, 1.01 load
[runlim] sample:		10784.21 time, 10790.01 real, 1009 MB, 1.01 load
[runlim] sample:		10794.21 time, 10800.01 real, 1009 MB, 1.01 load
[runlim] end:			Sat May  9 02:24:20 2026
[runlim] status:		out of time
[runlim] result:		2
[runlim] children:		1
[runlim] processes:		2
[runlim] real:			10801.06 seconds
[runlim] time:			10794.21 seconds
[runlim] space:			1304 MB
[runlim] load:			1.38 maximum
[runlim] samples:		108000
