[runlim] version:		2.0.0rc12
[runlim] host:			ap-Precision-7550
[runlim] time limit:		311040000 seconds
[runlim] real time limit:	10800 seconds
[runlim] space limit:		15624 MB
[runlim] argv[0]:		python3
[runlim] argv[1]:		-u
[runlim] argv[2]:		sm_var.py
[runlim] argv[3]:		datasets/dafjs/DAFJS12
[runlim] start:			Thu May  7 23:37:22 2026
[runlim] child:			5105
Operations: 117, Edges: 114, Machines: 10
Greedy Schedule UB: 791
Building constraints took 7.83 seconds.
SAT

=> TOTAL COMPLETION TIME (Makespan / UB): 790
Schedule is valid
 Time taken: 8.70 seconds
[runlim] sample:		9.94 time, 10.01 real, 1070 MB, 1.14 load
SAT

=> TOTAL COMPLETION TIME (Makespan / UB): 789
Schedule is valid
 Time taken: 10.34 seconds
SAT

=> TOTAL COMPLETION TIME (Makespan / UB): 788
Schedule is valid
 Time taken: 10.35 seconds
SAT

=> TOTAL COMPLETION TIME (Makespan / UB): 787
Schedule is valid
 Time taken: 10.37 seconds
SAT

=> TOTAL COMPLETION TIME (Makespan / UB): 786
Schedule is valid
 Time taken: 10.38 seconds
SAT

=> TOTAL COMPLETION TIME (Makespan / UB): 785
Schedule is valid
 Time taken: 10.39 seconds
SAT

=> TOTAL COMPLETION TIME (Makespan / UB): 784
Schedule is valid
 Time taken: 10.40 seconds
SAT

=> TOTAL COMPLETION TIME (Makespan / UB): 783
Schedule is valid
 Time taken: 12.87 seconds
SAT

=> TOTAL COMPLETION TIME (Makespan / UB): 782
Schedule is valid
 Time taken: 13.66 seconds
SAT

=> TOTAL COMPLETION TIME (Makespan / UB): 781
Schedule is valid
 Time taken: 13.93 seconds
SAT

=> TOTAL COMPLETION TIME (Makespan / UB): 780
Schedule is valid
 Time taken: 13.94 seconds
SAT

=> TOTAL COMPLETION TIME (Makespan / UB): 779
Schedule is valid
 Time taken: 13.94 seconds
SAT

=> TOTAL COMPLETION TIME (Makespan / UB): 778
Schedule is valid
 Time taken: 13.96 seconds
SAT

=> TOTAL COMPLETION TIME (Makespan / UB): 777
Schedule is valid
 Time taken: 13.96 seconds
SAT

=> TOTAL COMPLETION TIME (Makespan / UB): 776
Schedule is valid
 Time taken: 13.98 seconds
SAT

=> TOTAL COMPLETION TIME (Makespan / UB): 775
Schedule is valid
 Time taken: 13.99 seconds
SAT

=> TOTAL COMPLETION TIME (Makespan / UB): 774
Schedule is valid
 Time taken: 14.00 seconds
SAT

=> TOTAL COMPLETION TIME (Makespan / UB): 773
Schedule is valid
 Time taken: 15.03 seconds
[runlim] sample:		19.92 time, 20.01 real, 1056 MB, 1.12 load
SAT

=> TOTAL COMPLETION TIME (Makespan / UB): 772
Schedule is valid
 Time taken: 23.39 seconds
SAT

=> TOTAL COMPLETION TIME (Makespan / UB): 771
Schedule is valid
 Time taken: 29.04 seconds
[runlim] sample:		29.91 time, 30.01 real, 1047 MB, 1.18 load
SAT

=> TOTAL COMPLETION TIME (Makespan / UB): 770
Schedule is valid
 Time taken: 30.02 seconds
SAT

=> TOTAL COMPLETION TIME (Makespan / UB): 769
Schedule is valid
 Time taken: 31.22 seconds
SAT

=> TOTAL COMPLETION TIME (Makespan / UB): 768
Schedule is valid
 Time taken: 31.74 seconds
SAT

=> TOTAL COMPLETION TIME (Makespan / UB): 767
Schedule is valid
 Time taken: 35.74 seconds
[runlim] sample:		39.89 time, 40.01 real, 1091 MB, 1.15 load
SAT

=> TOTAL COMPLETION TIME (Makespan / UB): 766
Schedule is valid
 Time taken: 46.76 seconds
SAT

=> TOTAL COMPLETION TIME (Makespan / UB): 765
Schedule is valid
 Time taken: 46.78 seconds
SAT

=> TOTAL COMPLETION TIME (Makespan / UB): 764
Schedule is valid
 Time taken: 46.81 seconds
SAT

=> TOTAL COMPLETION TIME (Makespan / UB): 763
Schedule is valid
 Time taken: 47.41 seconds
SAT

=> TOTAL COMPLETION TIME (Makespan / UB): 762
Schedule is valid
 Time taken: 48.46 seconds
SAT

=> TOTAL COMPLETION TIME (Makespan / UB): 761
Schedule is valid
 Time taken: 48.93 seconds
[runlim] sample:		49.88 time, 50.01 real, 1041 MB, 1.21 load
SAT

=> TOTAL COMPLETION TIME (Makespan / UB): 760
Schedule is valid
 Time taken: 51.02 seconds
SAT

=> TOTAL COMPLETION TIME (Makespan / UB): 759
Schedule is valid
 Time taken: 51.53 seconds
SAT

=> TOTAL COMPLETION TIME (Makespan / UB): 758
Schedule is valid
 Time taken: 52.73 seconds
SAT

=> TOTAL COMPLETION TIME (Makespan / UB): 757
Schedule is valid
 Time taken: 53.15 seconds
SAT

=> TOTAL COMPLETION TIME (Makespan / UB): 756
Schedule is valid
 Time taken: 53.53 seconds
SAT

=> TOTAL COMPLETION TIME (Makespan / UB): 755
Schedule is valid
 Time taken: 56.10 seconds
SAT

=> TOTAL COMPLETION TIME (Makespan / UB): 754
Schedule is valid
 Time taken: 56.12 seconds
SAT

=> TOTAL COMPLETION TIME (Makespan / UB): 753
Schedule is valid
 Time taken: 56.50 seconds
SAT

=> TOTAL COMPLETION TIME (Makespan / UB): 752
Schedule is valid
 Time taken: 56.81 seconds
[runlim] sample:		59.87 time, 60.01 real, 1080 MB, 1.18 load
SAT

=> TOTAL COMPLETION TIME (Makespan / UB): 751
Schedule is valid
 Time taken: 64.20 seconds
SAT

=> TOTAL COMPLETION TIME (Makespan / UB): 750
Schedule is valid
 Time taken: 64.24 seconds
SAT

=> TOTAL COMPLETION TIME (Makespan / UB): 749
Schedule is valid
 Time taken: 64.26 seconds
SAT

=> TOTAL COMPLETION TIME (Makespan / UB): 748
Schedule is valid
 Time taken: 66.24 seconds
SAT

=> TOTAL COMPLETION TIME (Makespan / UB): 747
Schedule is valid
 Time taken: 69.11 seconds
SAT

=> TOTAL COMPLETION TIME (Makespan / UB): 746
Schedule is valid
 Time taken: 69.13 seconds
SAT

=> TOTAL COMPLETION TIME (Makespan / UB): 745
Schedule is valid
 Time taken: 69.14 seconds
[runlim] sample:		69.86 time, 70.01 real, 1029 MB, 1.15 load
SAT

=> TOTAL COMPLETION TIME (Makespan / UB): 744
Schedule is valid
 Time taken: 71.78 seconds
SAT

=> TOTAL COMPLETION TIME (Makespan / UB): 743
Schedule is valid
 Time taken: 72.19 seconds
SAT

=> TOTAL COMPLETION TIME (Makespan / UB): 742
Schedule is valid
 Time taken: 72.65 seconds
SAT

=> TOTAL COMPLETION TIME (Makespan / UB): 741
Schedule is valid
 Time taken: 73.02 seconds
SAT

=> TOTAL COMPLETION TIME (Makespan / UB): 740
Schedule is valid
 Time taken: 77.01 seconds
SAT

=> TOTAL COMPLETION TIME (Makespan / UB): 739
Schedule is valid
 Time taken: 77.81 seconds
[runlim] sample:		79.87 time, 80.01 real, 1021 MB, 1.13 load
SAT

=> TOTAL COMPLETION TIME (Makespan / UB): 738
Schedule is valid
 Time taken: 80.55 seconds
SAT

=> TOTAL COMPLETION TIME (Makespan / UB): 737
Schedule is valid
 Time taken: 80.93 seconds
SAT

=> TOTAL COMPLETION TIME (Makespan / UB): 736
Schedule is valid
 Time taken: 80.98 seconds
SAT

=> TOTAL COMPLETION TIME (Makespan / UB): 735
Schedule is valid
 Time taken: 81.00 seconds
SAT

=> TOTAL COMPLETION TIME (Makespan / UB): 734
Schedule is valid
 Time taken: 88.10 seconds
[runlim] sample:		89.86 time, 90.01 real, 1020 MB, 1.11 load
SAT

=> TOTAL COMPLETION TIME (Makespan / UB): 733
Schedule is valid
 Time taken: 91.48 seconds
SAT

=> TOTAL COMPLETION TIME (Makespan / UB): 732
Schedule is valid
 Time taken: 91.91 seconds
SAT

=> TOTAL COMPLETION TIME (Makespan / UB): 731
Schedule is valid
 Time taken: 95.47 seconds
SAT

=> TOTAL COMPLETION TIME (Makespan / UB): 730
Schedule is valid
 Time taken: 96.68 seconds
SAT

=> TOTAL COMPLETION TIME (Makespan / UB): 729
Schedule is valid
 Time taken: 97.14 seconds
SAT

=> TOTAL COMPLETION TIME (Makespan / UB): 728
Schedule is valid
 Time taken: 97.56 seconds
SAT

=> TOTAL COMPLETION TIME (Makespan / UB): 727
Schedule is valid
 Time taken: 98.08 seconds
SAT

=> TOTAL COMPLETION TIME (Makespan / UB): 726
Schedule is valid
 Time taken: 98.54 seconds
SAT

=> TOTAL COMPLETION TIME (Makespan / UB): 725
Schedule is valid
 Time taken: 99.00 seconds
[runlim] sample:		99.86 time, 100.01 real, 1013 MB, 1.09 load
SAT

=> TOTAL COMPLETION TIME (Makespan / UB): 724
Schedule is valid
 Time taken: 100.36 seconds
SAT

=> TOTAL COMPLETION TIME (Makespan / UB): 723
Schedule is valid
 Time taken: 102.64 seconds
SAT

=> TOTAL COMPLETION TIME (Makespan / UB): 722
Schedule is valid
 Time taken: 102.67 seconds
SAT

=> TOTAL COMPLETION TIME (Makespan / UB): 721
Schedule is valid
 Time taken: 103.10 seconds
SAT

=> TOTAL COMPLETION TIME (Makespan / UB): 720
Schedule is valid
 Time taken: 104.85 seconds
[runlim] sample:		109.85 time, 110.01 real, 1048 MB, 1.15 load
SAT

=> TOTAL COMPLETION TIME (Makespan / UB): 719
Schedule is valid
 Time taken: 113.95 seconds
SAT

=> TOTAL COMPLETION TIME (Makespan / UB): 718
Schedule is valid
 Time taken: 114.82 seconds
SAT

=> TOTAL COMPLETION TIME (Makespan / UB): 717
Schedule is valid
 Time taken: 114.84 seconds
SAT

=> TOTAL COMPLETION TIME (Makespan / UB): 716
Schedule is valid
 Time taken: 117.15 seconds
SAT

=> TOTAL COMPLETION TIME (Makespan / UB): 715
Schedule is valid
 Time taken: 117.53 seconds
SAT

=> TOTAL COMPLETION TIME (Makespan / UB): 714
Schedule is valid
 Time taken: 117.55 seconds
SAT

=> TOTAL COMPLETION TIME (Makespan / UB): 713
Schedule is valid
 Time taken: 117.57 seconds
SAT

=> TOTAL COMPLETION TIME (Makespan / UB): 712
Schedule is valid
 Time taken: 118.04 seconds
SAT

=> TOTAL COMPLETION TIME (Makespan / UB): 711
Schedule is valid
 Time taken: 119.70 seconds
[runlim] sample:		119.84 time, 120.01 real, 1003 MB, 1.13 load
SAT

=> TOTAL COMPLETION TIME (Makespan / UB): 710
Schedule is valid
 Time taken: 120.27 seconds
SAT

=> TOTAL COMPLETION TIME (Makespan / UB): 709
Schedule is valid
 Time taken: 122.45 seconds
SAT

=> TOTAL COMPLETION TIME (Makespan / UB): 708
Schedule is valid
 Time taken: 122.86 seconds
SAT

=> TOTAL COMPLETION TIME (Makespan / UB): 707
Schedule is valid
 Time taken: 126.06 seconds
SAT

=> TOTAL COMPLETION TIME (Makespan / UB): 706
Schedule is valid
 Time taken: 127.43 seconds
SAT

=> TOTAL COMPLETION TIME (Makespan / UB): 705
Schedule is valid
 Time taken: 127.78 seconds
SAT

=> TOTAL COMPLETION TIME (Makespan / UB): 704
Schedule is valid
 Time taken: 129.79 seconds
[runlim] sample:		129.83 time, 130.01 real, 995 MB, 1.11 load
SAT

=> TOTAL COMPLETION TIME (Makespan / UB): 703
Schedule is valid
 Time taken: 138.63 seconds
SAT

=> TOTAL COMPLETION TIME (Makespan / UB): 702
Schedule is valid
 Time taken: 139.46 seconds
[runlim] sample:		139.83 time, 140.01 real, 992 MB, 1.09 load
SAT

=> TOTAL COMPLETION TIME (Makespan / UB): 701
Schedule is valid
 Time taken: 141.20 seconds
SAT

=> TOTAL COMPLETION TIME (Makespan / UB): 700
Schedule is valid
 Time taken: 143.56 seconds
SAT

=> TOTAL COMPLETION TIME (Makespan / UB): 699
Schedule is valid
 Time taken: 146.75 seconds
SAT

=> TOTAL COMPLETION TIME (Makespan / UB): 698
Schedule is valid
 Time taken: 149.12 seconds
[runlim] sample:		149.82 time, 150.01 real, 989 MB, 1.08 load
SAT

=> TOTAL COMPLETION TIME (Makespan / UB): 697
Schedule is valid
 Time taken: 150.84 seconds
SAT

=> TOTAL COMPLETION TIME (Makespan / UB): 696
Schedule is valid
 Time taken: 152.22 seconds
SAT

=> TOTAL COMPLETION TIME (Makespan / UB): 695
Schedule is valid
 Time taken: 154.53 seconds
SAT

=> TOTAL COMPLETION TIME (Makespan / UB): 694
Schedule is valid
 Time taken: 156.29 seconds
SAT

=> TOTAL COMPLETION TIME (Makespan / UB): 693
Schedule is valid
 Time taken: 156.71 seconds
[runlim] sample:		159.82 time, 160.01 real, 983 MB, 1.14 load
SAT

=> TOTAL COMPLETION TIME (Makespan / UB): 692
Schedule is valid
 Time taken: 160.10 seconds
SAT

=> TOTAL COMPLETION TIME (Makespan / UB): 691
Schedule is valid
 Time taken: 168.81 seconds
SAT

=> TOTAL COMPLETION TIME (Makespan / UB): 690
Schedule is valid
 Time taken: 169.60 seconds
[runlim] sample:		169.81 time, 170.01 real, 983 MB, 1.12 load
SAT

=> TOTAL COMPLETION TIME (Makespan / UB): 689
Schedule is valid
 Time taken: 171.85 seconds
SAT

=> TOTAL COMPLETION TIME (Makespan / UB): 688
Schedule is valid
 Time taken: 172.37 seconds
SAT

=> TOTAL COMPLETION TIME (Makespan / UB): 687
Schedule is valid
 Time taken: 174.26 seconds
SAT

=> TOTAL COMPLETION TIME (Makespan / UB): 686
Schedule is valid
 Time taken: 175.93 seconds
SAT

=> TOTAL COMPLETION TIME (Makespan / UB): 685
Schedule is valid
 Time taken: 178.82 seconds
[runlim] sample:		179.80 time, 180.01 real, 981 MB, 1.10 load
SAT

=> TOTAL COMPLETION TIME (Makespan / UB): 684
Schedule is valid
 Time taken: 181.77 seconds
SAT

=> TOTAL COMPLETION TIME (Makespan / UB): 683
Schedule is valid
 Time taken: 183.63 seconds
SAT

=> TOTAL COMPLETION TIME (Makespan / UB): 682
Schedule is valid
 Time taken: 185.96 seconds
SAT

=> TOTAL COMPLETION TIME (Makespan / UB): 681
Schedule is valid
 Time taken: 187.86 seconds
[runlim] sample:		189.80 time, 190.01 real, 1050 MB, 1.09 load
SAT

=> TOTAL COMPLETION TIME (Makespan / UB): 680
Schedule is valid
 Time taken: 196.27 seconds
SAT

=> TOTAL COMPLETION TIME (Makespan / UB): 679
Schedule is valid
 Time taken: 198.56 seconds
[runlim] sample:		199.79 time, 200.01 real, 975 MB, 1.07 load
SAT

=> TOTAL COMPLETION TIME (Makespan / UB): 678
Schedule is valid
 Time taken: 200.29 seconds
SAT

=> TOTAL COMPLETION TIME (Makespan / UB): 677
Schedule is valid
 Time taken: 204.07 seconds
SAT

=> TOTAL COMPLETION TIME (Makespan / UB): 676
Schedule is valid
 Time taken: 205.95 seconds
SAT

=> TOTAL COMPLETION TIME (Makespan / UB): 675
Schedule is valid
 Time taken: 207.78 seconds
[runlim] sample:		209.82 time, 210.01 real, 970 MB, 1.06 load
SAT

=> TOTAL COMPLETION TIME (Makespan / UB): 674
Schedule is valid
 Time taken: 210.33 seconds
SAT

=> TOTAL COMPLETION TIME (Makespan / UB): 673
Schedule is valid
 Time taken: 210.72 seconds
SAT

=> TOTAL COMPLETION TIME (Makespan / UB): 672
Schedule is valid
 Time taken: 212.41 seconds
SAT

=> TOTAL COMPLETION TIME (Makespan / UB): 671
Schedule is valid
 Time taken: 214.69 seconds
SAT

=> TOTAL COMPLETION TIME (Makespan / UB): 670
Schedule is valid
 Time taken: 217.80 seconds
SAT

=> TOTAL COMPLETION TIME (Makespan / UB): 669
Schedule is valid
 Time taken: 219.91 seconds
SAT

=> TOTAL COMPLETION TIME (Makespan / UB): 668
Schedule is valid
 Time taken: 219.92 seconds
[runlim] sample:		219.83 time, 220.01 real, 970 MB, 1.05 load
SAT

=> TOTAL COMPLETION TIME (Makespan / UB): 667
Schedule is valid
 Time taken: 226.71 seconds
SAT

=> TOTAL COMPLETION TIME (Makespan / UB): 666
Schedule is valid
 Time taken: 229.15 seconds
[runlim] sample:		229.84 time, 230.01 real, 966 MB, 1.04 load
SAT

=> TOTAL COMPLETION TIME (Makespan / UB): 665
Schedule is valid
 Time taken: 232.10 seconds
SAT

=> TOTAL COMPLETION TIME (Makespan / UB): 664
Schedule is valid
 Time taken: 234.58 seconds
SAT

=> TOTAL COMPLETION TIME (Makespan / UB): 663
Schedule is valid
 Time taken: 236.28 seconds
[runlim] sample:		239.84 time, 240.01 real, 963 MB, 1.04 load
SAT

=> TOTAL COMPLETION TIME (Makespan / UB): 662
Schedule is valid
 Time taken: 245.50 seconds
SAT

=> TOTAL COMPLETION TIME (Makespan / UB): 661
Schedule is valid
 Time taken: 247.53 seconds
[runlim] sample:		249.86 time, 250.01 real, 993 MB, 1.03 load
SAT

=> TOTAL COMPLETION TIME (Makespan / UB): 660
Schedule is valid
 Time taken: 253.58 seconds
SAT

=> TOTAL COMPLETION TIME (Makespan / UB): 659
Schedule is valid
 Time taken: 256.60 seconds
[runlim] sample:		259.86 time, 260.01 real, 961 MB, 1.02 load
SAT

=> TOTAL COMPLETION TIME (Makespan / UB): 658
Schedule is valid
 Time taken: 265.64 seconds
[runlim] sample:		269.86 time, 270.01 real, 959 MB, 1.02 load
SAT

=> TOTAL COMPLETION TIME (Makespan / UB): 657
Schedule is valid
 Time taken: 273.43 seconds
SAT

=> TOTAL COMPLETION TIME (Makespan / UB): 656
Schedule is valid
 Time taken: 277.57 seconds
[runlim] sample:		279.86 time, 280.01 real, 959 MB, 1.02 load
SAT

=> TOTAL COMPLETION TIME (Makespan / UB): 655
Schedule is valid
 Time taken: 289.20 seconds
[runlim] sample:		289.87 time, 290.01 real, 957 MB, 1.01 load
SAT

=> TOTAL COMPLETION TIME (Makespan / UB): 654
Schedule is valid
 Time taken: 297.17 seconds
[runlim] sample:		299.87 time, 300.01 real, 959 MB, 1.01 load
SAT

=> TOTAL COMPLETION TIME (Makespan / UB): 653
Schedule is valid
 Time taken: 309.15 seconds
[runlim] sample:		309.87 time, 310.01 real, 957 MB, 1.01 load
SAT

=> TOTAL COMPLETION TIME (Makespan / UB): 652
Schedule is valid
 Time taken: 312.20 seconds
[runlim] sample:		319.87 time, 320.01 real, 1020 MB, 1.01 load
SAT

=> TOTAL COMPLETION TIME (Makespan / UB): 651
Schedule is valid
 Time taken: 327.75 seconds
[runlim] sample:		329.86 time, 330.01 real, 955 MB, 1.08 load
SAT

=> TOTAL COMPLETION TIME (Makespan / UB): 650
Schedule is valid
 Time taken: 335.40 seconds
SAT

=> TOTAL COMPLETION TIME (Makespan / UB): 649
Schedule is valid
 Time taken: 337.51 seconds
[runlim] sample:		339.87 time, 340.01 real, 955 MB, 1.07 load
SAT

=> TOTAL COMPLETION TIME (Makespan / UB): 648
Schedule is valid
 Time taken: 345.57 seconds
[runlim] sample:		349.86 time, 350.01 real, 955 MB, 1.06 load
[runlim] sample:		359.86 time, 360.01 real, 1017 MB, 1.05 load
SAT

=> TOTAL COMPLETION TIME (Makespan / UB): 647
Schedule is valid
 Time taken: 362.37 seconds
[runlim] sample:		369.86 time, 370.01 real, 953 MB, 1.04 load
SAT

=> TOTAL COMPLETION TIME (Makespan / UB): 646
Schedule is valid
 Time taken: 370.53 seconds
[runlim] sample:		379.86 time, 380.01 real, 952 MB, 1.03 load
SAT

=> TOTAL COMPLETION TIME (Makespan / UB): 645
Schedule is valid
 Time taken: 380.42 seconds
SAT

=> TOTAL COMPLETION TIME (Makespan / UB): 644
Schedule is valid
 Time taken: 382.83 seconds
[runlim] sample:		389.86 time, 390.01 real, 951 MB, 1.03 load
[runlim] sample:		399.79 time, 400.01 real, 952 MB, 1.02 load
[runlim] sample:		409.69 time, 410.01 real, 950 MB, 1.02 load
[runlim] sample:		419.66 time, 420.01 real, 950 MB, 1.02 load
SAT

=> TOTAL COMPLETION TIME (Makespan / UB): 643
Schedule is valid
 Time taken: 427.67 seconds
SAT

=> TOTAL COMPLETION TIME (Makespan / UB): 642
Schedule is valid
 Time taken: 427.90 seconds
[runlim] sample:		429.65 time, 430.01 real, 951 MB, 1.01 load
SAT

=> TOTAL COMPLETION TIME (Makespan / UB): 641
Schedule is valid
 Time taken: 438.09 seconds
[runlim] sample:		439.63 time, 440.01 real, 959 MB, 1.01 load
[runlim] sample:		449.61 time, 450.01 real, 950 MB, 1.01 load
SAT

=> TOTAL COMPLETION TIME (Makespan / UB): 640
Schedule is valid
 Time taken: 451.35 seconds
[runlim] sample:		459.60 time, 460.01 real, 949 MB, 1.01 load
SAT

=> TOTAL COMPLETION TIME (Makespan / UB): 639
Schedule is valid
 Time taken: 460.02 seconds
[runlim] sample:		469.59 time, 470.01 real, 949 MB, 1.00 load
SAT

=> TOTAL COMPLETION TIME (Makespan / UB): 638
Schedule is valid
 Time taken: 472.07 seconds
[runlim] sample:		479.58 time, 480.01 real, 1115 MB, 1.00 load
[runlim] sample:		489.57 time, 490.01 real, 950 MB, 1.00 load
[runlim] sample:		499.59 time, 500.01 real, 951 MB, 1.08 load
[runlim] sample:		509.60 time, 510.01 real, 947 MB, 1.14 load
[runlim] sample:		519.61 time, 520.01 real, 947 MB, 1.12 load
[runlim] sample:		529.61 time, 530.01 real, 958 MB, 1.10 load
SAT

=> TOTAL COMPLETION TIME (Makespan / UB): 637
Schedule is valid
 Time taken: 532.80 seconds
[runlim] sample:		539.61 time, 540.01 real, 955 MB, 1.09 load
SAT

=> TOTAL COMPLETION TIME (Makespan / UB): 636
Schedule is valid
 Time taken: 545.58 seconds
[runlim] sample:		549.60 time, 550.01 real, 952 MB, 1.15 load
[runlim] sample:		559.60 time, 560.01 real, 952 MB, 1.13 load
SAT

=> TOTAL COMPLETION TIME (Makespan / UB): 635
Schedule is valid
 Time taken: 560.21 seconds
[runlim] sample:		569.59 time, 570.01 real, 952 MB, 1.11 load
[runlim] sample:		579.58 time, 580.01 real, 952 MB, 1.09 load
[runlim] sample:		589.57 time, 590.01 real, 952 MB, 1.08 load
[runlim] sample:		599.56 time, 600.01 real, 945 MB, 1.06 load
[runlim] sample:		609.55 time, 610.01 real, 956 MB, 1.05 load
[runlim] sample:		619.55 time, 620.01 real, 957 MB, 1.05 load
SAT

=> TOTAL COMPLETION TIME (Makespan / UB): 634
Schedule is valid
 Time taken: 624.96 seconds
[runlim] sample:		629.54 time, 630.01 real, 953 MB, 1.04 load
[runlim] sample:		639.54 time, 640.01 real, 953 MB, 1.03 load
[runlim] sample:		649.53 time, 650.01 real, 953 MB, 1.03 load
[runlim] sample:		659.53 time, 660.01 real, 946 MB, 1.02 load
SAT

=> TOTAL COMPLETION TIME (Makespan / UB): 633
Schedule is valid
 Time taken: 661.00 seconds
[runlim] sample:		669.52 time, 670.01 real, 951 MB, 1.02 load
SAT

=> TOTAL COMPLETION TIME (Makespan / UB): 632
Schedule is valid
 Time taken: 679.36 seconds
[runlim] sample:		679.51 time, 680.01 real, 951 MB, 1.02 load
[runlim] sample:		689.50 time, 690.01 real, 953 MB, 1.01 load
SAT

=> TOTAL COMPLETION TIME (Makespan / UB): 631
Schedule is valid
 Time taken: 695.33 seconds
[runlim] sample:		699.51 time, 700.01 real, 954 MB, 1.01 load
[runlim] sample:		709.50 time, 710.01 real, 953 MB, 1.17 load
[runlim] sample:		719.49 time, 720.01 real, 951 MB, 1.14 load
[runlim] sample:		729.49 time, 730.01 real, 951 MB, 1.12 load
[runlim] sample:		739.49 time, 740.01 real, 1121 MB, 1.10 load
[runlim] sample:		749.48 time, 750.01 real, 959 MB, 1.08 load
[runlim] sample:		759.46 time, 760.01 real, 959 MB, 1.07 load
[runlim] sample:		769.46 time, 770.01 real, 969 MB, 1.06 load
[runlim] sample:		779.44 time, 780.01 real, 969 MB, 1.05 load
[runlim] sample:		789.44 time, 790.01 real, 969 MB, 1.04 load
[runlim] sample:		799.43 time, 800.01 real, 965 MB, 1.04 load
[runlim] sample:		809.43 time, 810.01 real, 952 MB, 1.03 load
[runlim] sample:		819.42 time, 820.01 real, 952 MB, 1.02 load
[runlim] sample:		829.42 time, 830.01 real, 952 MB, 1.02 load
[runlim] sample:		839.39 time, 840.01 real, 953 MB, 1.02 load
[runlim] sample:		849.39 time, 850.01 real, 953 MB, 1.01 load
[runlim] sample:		859.39 time, 860.01 real, 954 MB, 1.01 load
[runlim] sample:		869.38 time, 870.01 real, 954 MB, 1.01 load
[runlim] sample:		879.38 time, 880.01 real, 961 MB, 1.01 load
[runlim] sample:		889.37 time, 890.01 real, 970 MB, 1.01 load
[runlim] sample:		899.37 time, 900.01 real, 970 MB, 1.00 load
[runlim] sample:		909.37 time, 910.01 real, 970 MB, 1.00 load
[runlim] sample:		919.36 time, 920.01 real, 972 MB, 1.00 load
[runlim] sample:		929.30 time, 930.01 real, 972 MB, 1.00 load
[runlim] sample:		939.30 time, 940.01 real, 972 MB, 1.00 load
[runlim] sample:		949.29 time, 950.01 real, 977 MB, 1.00 load
[runlim] sample:		959.29 time, 960.01 real, 977 MB, 1.00 load
[runlim] sample:		969.28 time, 970.01 real, 977 MB, 1.00 load
[runlim] sample:		979.28 time, 980.01 real, 977 MB, 1.00 load
[runlim] sample:		989.28 time, 990.01 real, 984 MB, 1.00 load
[runlim] sample:		999.27 time, 1000.01 real, 984 MB, 1.08 load
[runlim] sample:		1009.27 time, 1010.01 real, 984 MB, 1.14 load
[runlim] sample:		1019.26 time, 1020.01 real, 982 MB, 1.12 load
[runlim] sample:		1029.26 time, 1030.01 real, 982 MB, 1.18 load
[runlim] sample:		1039.25 time, 1040.01 real, 982 MB, 1.15 load
[runlim] sample:		1049.25 time, 1050.01 real, 986 MB, 1.13 load
[runlim] sample:		1059.25 time, 1060.01 real, 986 MB, 1.11 load
[runlim] sample:		1069.24 time, 1070.01 real, 986 MB, 1.09 load
[runlim] sample:		1079.24 time, 1080.01 real, 986 MB, 1.16 load
[runlim] sample:		1089.23 time, 1090.01 real, 986 MB, 1.13 load
[runlim] sample:		1099.22 time, 1100.01 real, 990 MB, 1.19 load
[runlim] sample:		1109.22 time, 1110.01 real, 957 MB, 1.16 load
[runlim] sample:		1119.22 time, 1120.01 real, 957 MB, 1.14 load
[runlim] sample:		1129.21 time, 1130.01 real, 955 MB, 1.12 load
[runlim] sample:		1139.20 time, 1140.01 real, 955 MB, 1.10 load
[runlim] sample:		1149.20 time, 1150.01 real, 955 MB, 1.08 load
[runlim] sample:		1159.19 time, 1160.01 real, 956 MB, 1.07 load
[runlim] sample:		1169.18 time, 1170.01 real, 956 MB, 1.06 load
[runlim] sample:		1179.18 time, 1180.01 real, 957 MB, 1.05 load
[runlim] sample:		1189.17 time, 1190.01 real, 957 MB, 1.04 load
[runlim] sample:		1199.17 time, 1200.01 real, 957 MB, 1.03 load
[runlim] sample:		1209.17 time, 1210.01 real, 958 MB, 1.03 load
[runlim] sample:		1219.16 time, 1220.01 real, 958 MB, 1.02 load
[runlim] sample:		1229.16 time, 1230.01 real, 959 MB, 1.02 load
[runlim] sample:		1239.15 time, 1240.01 real, 959 MB, 1.02 load
[runlim] sample:		1249.15 time, 1250.01 real, 959 MB, 1.01 load
[runlim] sample:		1259.15 time, 1260.01 real, 959 MB, 1.01 load
[runlim] sample:		1269.14 time, 1270.01 real, 959 MB, 1.01 load
[runlim] sample:		1279.13 time, 1280.01 real, 959 MB, 1.01 load
[runlim] sample:		1289.13 time, 1290.01 real, 960 MB, 1.00 load
[runlim] sample:		1299.12 time, 1300.01 real, 960 MB, 1.00 load
[runlim] sample:		1309.12 time, 1310.01 real, 960 MB, 1.00 load
[runlim] sample:		1319.11 time, 1320.01 real, 961 MB, 1.00 load
[runlim] sample:		1329.11 time, 1330.01 real, 961 MB, 1.00 load
[runlim] sample:		1339.10 time, 1340.01 real, 961 MB, 1.00 load
[runlim] sample:		1349.10 time, 1350.01 real, 961 MB, 1.00 load
[runlim] sample:		1359.09 time, 1360.01 real, 961 MB, 1.00 load
[runlim] sample:		1369.09 time, 1370.01 real, 961 MB, 1.00 load
[runlim] sample:		1379.08 time, 1380.01 real, 962 MB, 1.00 load
[runlim] sample:		1389.08 time, 1390.01 real, 962 MB, 1.00 load
[runlim] sample:		1399.07 time, 1400.01 real, 962 MB, 1.00 load
[runlim] sample:		1409.07 time, 1410.01 real, 962 MB, 1.08 load
[runlim] sample:		1419.06 time, 1420.01 real, 962 MB, 1.07 load
[runlim] sample:		1429.05 time, 1430.01 real, 963 MB, 1.06 load
[runlim] sample:		1439.04 time, 1440.01 real, 963 MB, 1.05 load
SAT

=> TOTAL COMPLETION TIME (Makespan / UB): 630
Schedule is valid
 Time taken: 1443.52 seconds
[runlim] sample:		1449.04 time, 1450.01 real, 962 MB, 1.04 load
[runlim] sample:		1459.04 time, 1460.01 real, 968 MB, 1.03 load
[runlim] sample:		1469.03 time, 1470.01 real, 968 MB, 1.03 load
[runlim] sample:		1479.02 time, 1480.01 real, 968 MB, 1.02 load
[runlim] sample:		1489.01 time, 1490.01 real, 970 MB, 1.02 load
[runlim] sample:		1499.01 time, 1500.01 real, 970 MB, 1.10 load
[runlim] sample:		1509.00 time, 1510.01 real, 1045 MB, 1.30 load
[runlim] sample:		1519.00 time, 1520.01 real, 989 MB, 1.26 load
[runlim] sample:		1528.99 time, 1530.01 real, 989 MB, 1.22 load
[runlim] sample:		1538.98 time, 1540.01 real, 978 MB, 1.18 load
[runlim] sample:		1548.98 time, 1550.01 real, 978 MB, 1.15 load
[runlim] sample:		1558.97 time, 1560.01 real, 979 MB, 1.13 load
[runlim] sample:		1568.96 time, 1570.01 real, 962 MB, 1.11 load
[runlim] sample:		1578.96 time, 1580.01 real, 962 MB, 1.09 load
[runlim] sample:		1588.95 time, 1590.01 real, 962 MB, 1.08 load
[runlim] sample:		1598.95 time, 1600.01 real, 963 MB, 1.06 load
[runlim] sample:		1608.94 time, 1610.01 real, 963 MB, 1.05 load
[runlim] sample:		1618.92 time, 1620.01 real, 963 MB, 1.05 load
[runlim] sample:		1628.92 time, 1630.01 real, 977 MB, 1.04 load
SAT

=> TOTAL COMPLETION TIME (Makespan / UB): 629
Schedule is valid
 Time taken: 1632.11 seconds
[runlim] sample:		1638.90 time, 1640.01 real, 977 MB, 1.03 load
[runlim] sample:		1648.89 time, 1650.01 real, 977 MB, 1.03 load
[runlim] sample:		1658.89 time, 1660.01 real, 978 MB, 1.02 load
[runlim] sample:		1668.88 time, 1670.01 real, 978 MB, 1.02 load
SAT

=> TOTAL COMPLETION TIME (Makespan / UB): 628
Schedule is valid
 Time taken: 1676.97 seconds
[runlim] sample:		1678.87 time, 1680.01 real, 977 MB, 1.02 load
[runlim] sample:		1688.87 time, 1690.01 real, 970 MB, 1.01 load
[runlim] sample:		1698.86 time, 1700.01 real, 968 MB, 1.01 load
[runlim] sample:		1708.85 time, 1710.01 real, 969 MB, 1.01 load
[runlim] sample:		1718.84 time, 1720.01 real, 970 MB, 1.01 load
[runlim] sample:		1728.83 time, 1730.01 real, 970 MB, 1.00 load
[runlim] sample:		1738.82 time, 1740.01 real, 970 MB, 1.00 load
[runlim] sample:		1748.82 time, 1750.01 real, 984 MB, 1.00 load
[runlim] sample:		1758.81 time, 1760.01 real, 984 MB, 1.00 load
[runlim] sample:		1768.80 time, 1770.01 real, 984 MB, 1.00 load
[runlim] sample:		1778.79 time, 1780.01 real, 984 MB, 1.00 load
[runlim] sample:		1788.79 time, 1790.01 real, 979 MB, 1.00 load
[runlim] sample:		1798.77 time, 1800.01 real, 979 MB, 1.00 load
[runlim] sample:		1808.78 time, 1810.01 real, 979 MB, 1.00 load
[runlim] sample:		1818.77 time, 1820.01 real, 963 MB, 1.00 load
[runlim] sample:		1828.76 time, 1830.01 real, 963 MB, 1.00 load
[runlim] sample:		1838.75 time, 1840.01 real, 963 MB, 1.00 load
[runlim] sample:		1848.74 time, 1850.01 real, 964 MB, 1.00 load
[runlim] sample:		1858.73 time, 1860.01 real, 964 MB, 1.00 load
[runlim] sample:		1868.72 time, 1870.01 real, 964 MB, 1.00 load
[runlim] sample:		1878.72 time, 1880.01 real, 983 MB, 1.00 load
SAT

=> TOTAL COMPLETION TIME (Makespan / UB): 627
Schedule is valid
 Time taken: 1886.82 seconds
[runlim] sample:		1888.71 time, 1890.01 real, 982 MB, 1.00 load
[runlim] sample:		1898.70 time, 1900.01 real, 982 MB, 1.07 load
[runlim] sample:		1908.70 time, 1910.01 real, 980 MB, 1.06 load
[runlim] sample:		1918.69 time, 1920.01 real, 981 MB, 1.05 load
[runlim] sample:		1928.69 time, 1930.01 real, 981 MB, 1.04 load
[runlim] sample:		1938.68 time, 1940.01 real, 974 MB, 1.04 load
[runlim] sample:		1948.67 time, 1950.01 real, 974 MB, 1.03 load
[runlim] sample:		1958.66 time, 1960.01 real, 975 MB, 1.02 load
[runlim] sample:		1968.65 time, 1970.01 real, 975 MB, 1.02 load
[runlim] sample:		1978.65 time, 1980.01 real, 975 MB, 1.02 load
[runlim] sample:		1988.65 time, 1990.01 real, 995 MB, 1.01 load
[runlim] sample:		1998.64 time, 2000.01 real, 995 MB, 1.09 load
[runlim] sample:		2008.64 time, 2010.01 real, 995 MB, 1.15 load
[runlim] sample:		2018.63 time, 2020.01 real, 963 MB, 1.13 load
[runlim] sample:		2028.62 time, 2030.01 real, 963 MB, 1.11 load
[runlim] sample:		2038.62 time, 2040.01 real, 963 MB, 1.09 load
[runlim] sample:		2048.61 time, 2050.01 real, 1137 MB, 1.15 load
[runlim] sample:		2058.60 time, 2060.01 real, 965 MB, 1.13 load
[runlim] sample:		2068.59 time, 2070.01 real, 965 MB, 1.11 load
[runlim] sample:		2078.58 time, 2080.01 real, 965 MB, 1.09 load
[runlim] sample:		2088.57 time, 2090.01 real, 965 MB, 1.08 load
[runlim] sample:		2098.57 time, 2100.01 real, 982 MB, 1.06 load
[runlim] sample:		2108.57 time, 2110.01 real, 982 MB, 1.05 load
[runlim] sample:		2118.56 time, 2120.01 real, 982 MB, 1.04 load
[runlim] sample:		2128.56 time, 2130.01 real, 982 MB, 1.04 load
[runlim] sample:		2138.55 time, 2140.01 real, 996 MB, 1.03 load
SAT

=> TOTAL COMPLETION TIME (Makespan / UB): 626
Schedule is valid
 Time taken: 2143.62 seconds
[runlim] sample:		2148.55 time, 2150.01 real, 996 MB, 1.03 load
[runlim] sample:		2158.54 time, 2160.01 real, 996 MB, 1.02 load
[runlim] sample:		2168.54 time, 2170.01 real, 982 MB, 1.02 load
[runlim] sample:		2178.53 time, 2180.01 real, 983 MB, 1.01 load
[runlim] sample:		2188.53 time, 2190.01 real, 983 MB, 1.01 load
[runlim] sample:		2198.52 time, 2200.01 real, 977 MB, 1.01 load
[runlim] sample:		2208.52 time, 2210.01 real, 977 MB, 1.01 load
[runlim] sample:		2218.51 time, 2220.01 real, 977 MB, 1.01 load
[runlim] sample:		2228.51 time, 2230.01 real, 977 MB, 1.00 load
[runlim] sample:		2238.49 time, 2240.01 real, 994 MB, 1.00 load
[runlim] sample:		2248.49 time, 2250.01 real, 994 MB, 1.00 load
[runlim] sample:		2258.48 time, 2260.01 real, 994 MB, 1.00 load
[runlim] sample:		2268.48 time, 2270.01 real, 994 MB, 1.00 load
[runlim] sample:		2278.48 time, 2280.01 real, 966 MB, 1.00 load
[runlim] sample:		2288.47 time, 2290.01 real, 966 MB, 1.00 load
[runlim] sample:		2298.47 time, 2300.01 real, 966 MB, 1.00 load
[runlim] sample:		2308.47 time, 2310.01 real, 967 MB, 1.00 load
[runlim] sample:		2318.46 time, 2320.01 real, 967 MB, 1.00 load
[runlim] sample:		2328.45 time, 2330.01 real, 967 MB, 1.00 load
[runlim] sample:		2338.45 time, 2340.01 real, 967 MB, 1.00 load
[runlim] sample:		2348.44 time, 2350.01 real, 982 MB, 1.00 load
[runlim] sample:		2358.44 time, 2360.01 real, 982 MB, 1.00 load
[runlim] sample:		2368.43 time, 2370.01 real, 982 MB, 1.00 load
[runlim] sample:		2378.43 time, 2380.01 real, 982 MB, 1.00 load
[runlim] sample:		2388.42 time, 2390.01 real, 982 MB, 1.00 load
[runlim] sample:		2398.41 time, 2400.01 real, 982 MB, 1.00 load
[runlim] sample:		2408.41 time, 2410.01 real, 1002 MB, 1.00 load
SAT

=> TOTAL COMPLETION TIME (Makespan / UB): 625
Schedule is valid
 Time taken: 2417.00 seconds
[runlim] sample:		2418.40 time, 2420.01 real, 1001 MB, 1.00 load
SAT

=> TOTAL COMPLETION TIME (Makespan / UB): 624
Schedule is valid
 Time taken: 2429.52 seconds
[runlim] sample:		2428.40 time, 2430.01 real, 1002 MB, 1.00 load
[runlim] sample:		2438.40 time, 2440.01 real, 981 MB, 1.00 load
[runlim] sample:		2448.39 time, 2450.01 real, 982 MB, 1.00 load
[runlim] sample:		2458.39 time, 2460.01 real, 983 MB, 1.00 load
[runlim] sample:		2468.38 time, 2470.01 real, 983 MB, 1.00 load
SAT

=> TOTAL COMPLETION TIME (Makespan / UB): 623
Schedule is valid
 Time taken: 2475.72 seconds
[runlim] sample:		2478.37 time, 2480.01 real, 977 MB, 1.00 load
[runlim] sample:		2488.37 time, 2490.01 real, 978 MB, 1.00 load
[runlim] sample:		2498.37 time, 2500.01 real, 978 MB, 1.08 load
[runlim] sample:		2508.37 time, 2510.01 real, 976 MB, 1.14 load
SAT

=> TOTAL COMPLETION TIME (Makespan / UB): 622
Schedule is valid
 Time taken: 2519.38 seconds
[runlim] sample:		2518.37 time, 2520.01 real, 976 MB, 1.12 load
[runlim] sample:		2528.37 time, 2530.01 real, 977 MB, 1.10 load
[runlim] sample:		2538.37 time, 2540.01 real, 978 MB, 1.08 load
[runlim] sample:		2548.37 time, 2550.01 real, 978 MB, 1.15 load
[runlim] sample:		2558.36 time, 2560.01 real, 978 MB, 1.13 load
[runlim] sample:		2568.36 time, 2570.01 real, 978 MB, 1.11 load
[runlim] sample:		2578.36 time, 2580.01 real, 979 MB, 1.09 load
[runlim] sample:		2588.36 time, 2590.01 real, 983 MB, 1.08 load
[runlim] sample:		2598.35 time, 2600.01 real, 983 MB, 1.06 load
[runlim] sample:		2608.35 time, 2610.01 real, 983 MB, 1.05 load
[runlim] sample:		2618.35 time, 2620.01 real, 983 MB, 1.05 load
[runlim] sample:		2628.35 time, 2630.01 real, 990 MB, 1.04 load
[runlim] sample:		2638.34 time, 2640.01 real, 990 MB, 1.03 load
[runlim] sample:		2648.34 time, 2650.01 real, 990 MB, 1.03 load
[runlim] sample:		2658.34 time, 2660.01 real, 991 MB, 1.02 load
[runlim] sample:		2668.33 time, 2670.01 real, 967 MB, 1.02 load
[runlim] sample:		2678.33 time, 2680.01 real, 967 MB, 1.02 load
[runlim] sample:		2688.33 time, 2690.01 real, 967 MB, 1.01 load
[runlim] sample:		2698.33 time, 2700.01 real, 967 MB, 1.01 load
[runlim] sample:		2708.33 time, 2710.01 real, 967 MB, 1.01 load
[runlim] sample:		2718.32 time, 2720.01 real, 968 MB, 1.01 load
[runlim] sample:		2728.31 time, 2730.01 real, 968 MB, 1.00 load
SAT

=> TOTAL COMPLETION TIME (Makespan / UB): 621
Schedule is valid
 Time taken: 2732.32 seconds
[runlim] sample:		2738.31 time, 2740.01 real, 968 MB, 1.00 load
SAT

=> TOTAL COMPLETION TIME (Makespan / UB): 620
Schedule is valid
 Time taken: 2745.17 seconds
[runlim] sample:		2748.31 time, 2750.01 real, 968 MB, 1.00 load
[runlim] sample:		2758.31 time, 2760.01 real, 982 MB, 1.00 load
[runlim] sample:		2768.30 time, 2770.01 real, 982 MB, 1.00 load
[runlim] sample:		2778.30 time, 2780.01 real, 982 MB, 1.00 load
[runlim] sample:		2788.30 time, 2790.01 real, 983 MB, 1.00 load
[runlim] sample:		2798.30 time, 2800.01 real, 979 MB, 1.00 load
SAT

=> TOTAL COMPLETION TIME (Makespan / UB): 619
Schedule is valid
 Time taken: 2809.79 seconds
[runlim] sample:		2808.30 time, 2810.01 real, 979 MB, 1.00 load
[runlim] sample:		2818.29 time, 2820.01 real, 979 MB, 1.00 load
[runlim] sample:		2828.29 time, 2830.01 real, 979 MB, 1.00 load
[runlim] sample:		2838.28 time, 2840.01 real, 989 MB, 1.00 load
[runlim] sample:		2848.28 time, 2850.01 real, 989 MB, 1.00 load
[runlim] sample:		2858.27 time, 2860.01 real, 990 MB, 1.00 load
[runlim] sample:		2868.27 time, 2870.01 real, 990 MB, 1.00 load
[runlim] sample:		2878.27 time, 2880.01 real, 990 MB, 1.00 load
[runlim] sample:		2888.26 time, 2890.01 real, 991 MB, 1.00 load
[runlim] sample:		2898.26 time, 2900.01 real, 988 MB, 1.00 load
[runlim] sample:		2908.25 time, 2910.01 real, 988 MB, 1.00 load
[runlim] sample:		2918.25 time, 2920.01 real, 989 MB, 1.00 load
[runlim] sample:		2928.24 time, 2930.01 real, 989 MB, 1.23 load
[runlim] sample:		2938.24 time, 2940.01 real, 989 MB, 1.20 load
[runlim] sample:		2948.24 time, 2950.01 real, 992 MB, 1.17 load
[runlim] sample:		2958.23 time, 2960.01 real, 992 MB, 1.14 load
[runlim] sample:		2968.23 time, 2970.01 real, 992 MB, 1.12 load
[runlim] sample:		2978.22 time, 2980.01 real, 992 MB, 1.10 load
[runlim] sample:		2988.22 time, 2990.01 real, 967 MB, 1.08 load
[runlim] sample:		2998.21 time, 3000.01 real, 967 MB, 1.15 load
[runlim] sample:		3008.21 time, 3010.01 real, 967 MB, 1.20 load
[runlim] sample:		3018.21 time, 3020.01 real, 968 MB, 1.17 load
[runlim] sample:		3028.20 time, 3030.01 real, 968 MB, 1.14 load
[runlim] sample:		3038.20 time, 3040.01 real, 977 MB, 1.12 load
SAT

=> TOTAL COMPLETION TIME (Makespan / UB): 618
Schedule is valid
 Time taken: 3040.07 seconds
[runlim] sample:		3048.19 time, 3050.01 real, 976 MB, 1.10 load
[runlim] sample:		3058.19 time, 3060.01 real, 976 MB, 1.09 load
[runlim] sample:		3068.18 time, 3070.01 real, 976 MB, 1.07 load
[runlim] sample:		3078.18 time, 3080.01 real, 981 MB, 1.06 load
[runlim] sample:		3088.17 time, 3090.01 real, 981 MB, 1.05 load
[runlim] sample:		3098.17 time, 3100.01 real, 982 MB, 1.04 load
[runlim] sample:		3108.16 time, 3110.01 real, 982 MB, 1.04 load
[runlim] sample:		3118.16 time, 3120.01 real, 983 MB, 1.03 load
[runlim] sample:		3128.16 time, 3130.01 real, 998 MB, 1.02 load
[runlim] sample:		3138.16 time, 3140.01 real, 998 MB, 1.02 load
[runlim] sample:		3148.15 time, 3150.01 real, 998 MB, 1.02 load
[runlim] sample:		3158.15 time, 3160.01 real, 998 MB, 1.01 load
[runlim] sample:		3168.15 time, 3170.01 real, 998 MB, 1.01 load
[runlim] sample:		3178.14 time, 3180.01 real, 988 MB, 1.01 load
[runlim] sample:		3188.13 time, 3190.01 real, 988 MB, 1.01 load
[runlim] sample:		3198.13 time, 3200.01 real, 988 MB, 1.01 load
[runlim] sample:		3208.12 time, 3210.01 real, 988 MB, 1.00 load
[runlim] sample:		3218.12 time, 3220.01 real, 970 MB, 1.00 load
[runlim] sample:		3228.12 time, 3230.01 real, 970 MB, 1.00 load
[runlim] sample:		3238.11 time, 3240.01 real, 970 MB, 1.00 load
[runlim] sample:		3248.11 time, 3250.01 real, 970 MB, 1.00 load
[runlim] sample:		3258.11 time, 3260.01 real, 970 MB, 1.00 load
[runlim] sample:		3268.10 time, 3270.01 real, 970 MB, 1.00 load
SAT

=> TOTAL COMPLETION TIME (Makespan / UB): 617
Schedule is valid
 Time taken: 3276.93 seconds
SAT

=> TOTAL COMPLETION TIME (Makespan / UB): 616
Schedule is valid
 Time taken: 3277.19 seconds
[runlim] sample:		3278.10 time, 3280.01 real, 987 MB, 1.00 load
[runlim] sample:		3288.09 time, 3290.01 real, 987 MB, 1.00 load
[runlim] sample:		3298.09 time, 3300.01 real, 987 MB, 1.00 load
[runlim] sample:		3308.09 time, 3310.01 real, 987 MB, 1.00 load
[runlim] sample:		3318.08 time, 3320.01 real, 979 MB, 1.00 load
[runlim] sample:		3328.07 time, 3330.01 real, 979 MB, 1.00 load
[runlim] sample:		3338.07 time, 3340.01 real, 980 MB, 1.00 load
[runlim] sample:		3348.06 time, 3350.01 real, 980 MB, 1.00 load
[runlim] sample:		3358.06 time, 3360.01 real, 981 MB, 1.00 load
[runlim] sample:		3368.06 time, 3370.01 real, 1006 MB, 1.00 load
[runlim] sample:		3378.05 time, 3380.01 real, 1006 MB, 1.00 load
[runlim] sample:		3388.05 time, 3390.01 real, 1006 MB, 1.00 load
[runlim] sample:		3398.05 time, 3400.01 real, 1006 MB, 1.00 load
[runlim] sample:		3408.04 time, 3410.01 real, 1006 MB, 1.00 load
[runlim] sample:		3418.03 time, 3420.01 real, 981 MB, 1.00 load
[runlim] sample:		3428.03 time, 3430.01 real, 981 MB, 1.00 load
[runlim] sample:		3438.02 time, 3440.01 real, 981 MB, 1.08 load
[runlim] sample:		3448.02 time, 3450.01 real, 981 MB, 1.07 load
[runlim] sample:		3458.01 time, 3460.01 real, 981 MB, 1.06 load
[runlim] sample:		3468.02 time, 3470.01 real, 1159 MB, 1.05 load
[runlim] sample:		3478.00 time, 3480.01 real, 970 MB, 1.04 load
[runlim] sample:		3488.00 time, 3490.01 real, 970 MB, 1.03 load
[runlim] sample:		3498.00 time, 3500.01 real, 970 MB, 1.11 load
[runlim] sample:		3507.99 time, 3510.01 real, 970 MB, 1.17 load
SAT

=> TOTAL COMPLETION TIME (Makespan / UB): 615
Schedule is valid
 Time taken: 3513.53 seconds
[runlim] sample:		3517.99 time, 3520.01 real, 993 MB, 1.14 load
[runlim] sample:		3527.98 time, 3530.01 real, 993 MB, 1.12 load
[runlim] sample:		3537.98 time, 3540.01 real, 993 MB, 1.10 load
[runlim] sample:		3547.97 time, 3550.01 real, 993 MB, 1.08 load
[runlim] sample:		3557.97 time, 3560.01 real, 994 MB, 1.07 load
[runlim] sample:		3567.96 time, 3570.01 real, 981 MB, 1.06 load
[runlim] sample:		3577.96 time, 3580.01 real, 982 MB, 1.05 load
SAT

=> TOTAL COMPLETION TIME (Makespan / UB): 614
Schedule is valid
 Time taken: 3588.01 seconds
[runlim] sample:		3587.95 time, 3590.01 real, 982 MB, 1.04 load
[runlim] sample:		3597.94 time, 3600.01 real, 982 MB, 1.03 load
[runlim] sample:		3607.94 time, 3610.01 real, 982 MB, 1.03 load
[runlim] sample:		3617.93 time, 3620.01 real, 999 MB, 1.02 load
[runlim] sample:		3627.93 time, 3630.01 real, 999 MB, 1.02 load
[runlim] sample:		3637.93 time, 3640.01 real, 999 MB, 1.02 load
[runlim] sample:		3647.92 time, 3650.01 real, 999 MB, 1.01 load
[runlim] sample:		3657.91 time, 3660.01 real, 1000 MB, 1.01 load
[runlim] sample:		3667.91 time, 3670.01 real, 1000 MB, 1.01 load
[runlim] sample:		3677.90 time, 3680.01 real, 995 MB, 1.01 load
[runlim] sample:		3687.90 time, 3690.01 real, 995 MB, 1.01 load
[runlim] sample:		3697.89 time, 3700.01 real, 995 MB, 1.00 load
[runlim] sample:		3707.89 time, 3710.01 real, 995 MB, 1.00 load
[runlim] sample:		3717.88 time, 3720.01 real, 995 MB, 1.15 load
[runlim] sample:		3727.87 time, 3730.01 real, 987 MB, 1.27 load
[runlim] sample:		3737.87 time, 3740.01 real, 987 MB, 1.23 load
[runlim] sample:		3747.86 time, 3750.01 real, 987 MB, 1.20 load
[runlim] sample:		3757.86 time, 3760.01 real, 987 MB, 1.17 load
[runlim] sample:		3767.85 time, 3770.01 real, 987 MB, 1.14 load
[runlim] sample:		3777.85 time, 3780.01 real, 970 MB, 1.12 load
[runlim] sample:		3787.84 time, 3790.01 real, 970 MB, 1.10 load
[runlim] sample:		3797.84 time, 3800.01 real, 970 MB, 1.08 load
[runlim] sample:		3807.83 time, 3810.01 real, 970 MB, 1.07 load
[runlim] sample:		3817.83 time, 3820.01 real, 970 MB, 1.06 load
[runlim] sample:		3827.82 time, 3830.01 real, 1001 MB, 1.05 load
SAT

=> TOTAL COMPLETION TIME (Makespan / UB): 613
Schedule is valid
 Time taken: 3837.93 seconds
[runlim] sample:		3837.81 time, 3840.01 real, 1000 MB, 1.04 load
[runlim] sample:		3847.81 time, 3850.01 real, 1000 MB, 1.03 load
[runlim] sample:		3857.80 time, 3860.01 real, 1000 MB, 1.03 load
[runlim] sample:		3867.80 time, 3870.01 real, 1000 MB, 1.02 load
[runlim] sample:		3877.79 time, 3880.01 real, 1001 MB, 1.10 load
[runlim] sample:		3887.79 time, 3890.01 real, 986 MB, 1.08 load
[runlim] sample:		3897.78 time, 3900.01 real, 986 MB, 1.07 load
[runlim] sample:		3907.77 time, 3910.01 real, 986 MB, 1.06 load
[runlim] sample:		3917.77 time, 3920.01 real, 986 MB, 1.05 load
[runlim] sample:		3927.76 time, 3930.01 real, 986 MB, 1.04 load
[runlim] sample:		3937.75 time, 3940.01 real, 987 MB, 1.04 load
[runlim] sample:		3947.75 time, 3950.01 real, 1006 MB, 1.03 load
[runlim] sample:		3957.74 time, 3960.01 real, 1006 MB, 1.02 load
[runlim] sample:		3967.74 time, 3970.01 real, 1006 MB, 1.02 load
[runlim] sample:		3977.73 time, 3980.01 real, 1006 MB, 1.02 load
[runlim] sample:		3987.73 time, 3990.01 real, 1006 MB, 1.01 load
[runlim] sample:		3997.72 time, 4000.01 real, 1006 MB, 1.09 load
[runlim] sample:		4007.71 time, 4010.01 real, 982 MB, 1.15 load
[runlim] sample:		4017.70 time, 4020.01 real, 982 MB, 1.13 load
[runlim] sample:		4027.70 time, 4030.01 real, 982 MB, 1.11 load
[runlim] sample:		4037.69 time, 4040.01 real, 982 MB, 1.09 load
[runlim] sample:		4047.69 time, 4050.01 real, 982 MB, 1.08 load
[runlim] sample:		4057.68 time, 4060.01 real, 982 MB, 1.06 load
[runlim] sample:		4067.68 time, 4070.01 real, 972 MB, 1.05 load
[runlim] sample:		4077.67 time, 4080.01 real, 972 MB, 1.13 load
[runlim] sample:		4087.67 time, 4090.01 real, 972 MB, 1.11 load
[runlim] sample:		4097.66 time, 4100.01 real, 972 MB, 1.17 load
[runlim] sample:		4107.66 time, 4110.01 real, 972 MB, 1.14 load
SAT

=> TOTAL COMPLETION TIME (Makespan / UB): 612
Schedule is valid
 Time taken: 4117.38 seconds
[runlim] sample:		4117.65 time, 4120.01 real, 971 MB, 1.20 load
[runlim] sample:		4127.64 time, 4130.01 real, 1002 MB, 1.17 load
[runlim] sample:		4137.64 time, 4140.01 real, 1002 MB, 1.22 load
[runlim] sample:		4147.63 time, 4150.01 real, 1003 MB, 1.19 load
[runlim] sample:		4157.63 time, 4160.01 real, 1003 MB, 1.16 load
[runlim] sample:		4167.62 time, 4170.01 real, 1003 MB, 1.13 load
[runlim] sample:		4177.62 time, 4180.01 real, 989 MB, 1.11 load
[runlim] sample:		4187.61 time, 4190.01 real, 989 MB, 1.10 load
[runlim] sample:		4197.61 time, 4200.01 real, 990 MB, 1.08 load
[runlim] sample:		4207.60 time, 4210.01 real, 990 MB, 1.07 load
[runlim] sample:		4217.60 time, 4220.01 real, 990 MB, 1.06 load
[runlim] sample:		4227.59 time, 4230.01 real, 990 MB, 1.05 load
[runlim] sample:		4237.58 time, 4240.01 real, 991 MB, 1.04 load
[runlim] sample:		4247.58 time, 4250.01 real, 1024 MB, 1.03 load
[runlim] sample:		4257.58 time, 4260.01 real, 1024 MB, 1.03 load
[runlim] sample:		4267.57 time, 4270.01 real, 1024 MB, 1.02 load
[runlim] sample:		4277.57 time, 4280.01 real, 1024 MB, 1.02 load
[runlim] sample:		4287.56 time, 4290.01 real, 1024 MB, 1.02 load
[runlim] sample:		4297.56 time, 4300.01 real, 972 MB, 1.01 load
[runlim] sample:		4307.55 time, 4310.01 real, 972 MB, 1.01 load
[runlim] sample:		4317.54 time, 4320.01 real, 972 MB, 1.01 load
[runlim] sample:		4327.54 time, 4330.01 real, 972 MB, 1.01 load
[runlim] sample:		4337.53 time, 4340.01 real, 972 MB, 1.00 load
[runlim] sample:		4347.53 time, 4350.01 real, 972 MB, 1.00 load
[runlim] sample:		4357.52 time, 4360.01 real, 972 MB, 1.00 load
[runlim] sample:		4367.52 time, 4370.01 real, 981 MB, 1.00 load
[runlim] sample:		4377.51 time, 4380.01 real, 981 MB, 1.00 load
[runlim] sample:		4387.50 time, 4390.01 real, 981 MB, 1.00 load
[runlim] sample:		4397.49 time, 4400.01 real, 981 MB, 1.00 load
[runlim] sample:		4407.49 time, 4410.01 real, 981 MB, 1.00 load
SAT

=> TOTAL COMPLETION TIME (Makespan / UB): 611
Schedule is valid
 Time taken: 4415.06 seconds
[runlim] sample:		4417.48 time, 4420.01 real, 980 MB, 1.00 load
[runlim] sample:		4427.47 time, 4430.01 real, 1004 MB, 1.00 load
[runlim] sample:		4437.47 time, 4440.01 real, 1005 MB, 1.00 load
[runlim] sample:		4447.46 time, 4450.01 real, 1005 MB, 1.00 load
[runlim] sample:		4457.45 time, 4460.01 real, 1005 MB, 1.00 load
[runlim] sample:		4467.45 time, 4470.01 real, 1005 MB, 1.00 load
SAT

=> TOTAL COMPLETION TIME (Makespan / UB): 610
Schedule is valid
 Time taken: 4473.79 seconds
[runlim] sample:		4477.44 time, 4480.01 real, 1005 MB, 1.00 load
[runlim] sample:		4487.44 time, 4490.01 real, 991 MB, 1.22 load
[runlim] sample:		4497.44 time, 4500.01 real, 991 MB, 1.27 load
[runlim] sample:		4507.43 time, 4510.01 real, 992 MB, 1.30 load
[runlim] sample:		4517.43 time, 4520.01 real, 992 MB, 1.25 load
[runlim] sample:		4527.42 time, 4530.01 real, 993 MB, 1.21 load
[runlim] sample:		4537.42 time, 4540.01 real, 993 MB, 1.18 load
[runlim] sample:		4547.41 time, 4550.01 real, 994 MB, 1.15 load
[runlim] sample:		4557.41 time, 4560.01 real, 994 MB, 1.13 load
[runlim] sample:		4567.40 time, 4570.01 real, 994 MB, 1.11 load
[runlim] sample:		4577.40 time, 4580.01 real, 994 MB, 1.09 load
[runlim] sample:		4587.39 time, 4590.01 real, 994 MB, 1.08 load
[runlim] sample:		4597.39 time, 4600.01 real, 994 MB, 1.06 load
[runlim] sample:		4607.38 time, 4610.01 real, 994 MB, 1.05 load
[runlim] sample:		4617.38 time, 4620.01 real, 1007 MB, 1.05 load
[runlim] sample:		4627.38 time, 4630.01 real, 1007 MB, 1.04 load
[runlim] sample:		4637.37 time, 4640.01 real, 1007 MB, 1.19 load
[runlim] sample:		4647.37 time, 4650.01 real, 1007 MB, 1.16 load
[runlim] sample:		4657.36 time, 4660.01 real, 1007 MB, 1.14 load
[runlim] sample:		4667.36 time, 4670.01 real, 1007 MB, 1.12 load
[runlim] sample:		4677.35 time, 4680.01 real, 973 MB, 1.10 load
[runlim] sample:		4687.35 time, 4690.01 real, 973 MB, 1.08 load
[runlim] sample:		4697.34 time, 4700.01 real, 973 MB, 1.07 load
[runlim] sample:		4707.34 time, 4710.01 real, 973 MB, 1.06 load
[runlim] sample:		4717.34 time, 4720.01 real, 973 MB, 1.05 load
[runlim] sample:		4727.33 time, 4730.01 real, 973 MB, 1.04 load
[runlim] sample:		4737.32 time, 4740.01 real, 991 MB, 1.03 load
[runlim] sample:		4747.31 time, 4750.01 real, 991 MB, 1.03 load
[runlim] sample:		4757.31 time, 4760.01 real, 991 MB, 1.02 load
[runlim] sample:		4767.30 time, 4770.01 real, 991 MB, 1.02 load
[runlim] sample:		4777.30 time, 4780.01 real, 991 MB, 1.02 load
SAT

=> TOTAL COMPLETION TIME (Makespan / UB): 609
Schedule is valid
 Time taken: 4789.83 seconds
[runlim] sample:		4787.29 time, 4790.01 real, 991 MB, 1.01 load
[runlim] sample:		4797.29 time, 4800.01 real, 1012 MB, 1.01 load
[runlim] sample:		4807.29 time, 4810.01 real, 1012 MB, 1.01 load
[runlim] sample:		4817.28 time, 4820.01 real, 1012 MB, 1.01 load
[runlim] sample:		4827.28 time, 4830.01 real, 1012 MB, 1.00 load
[runlim] sample:		4837.27 time, 4840.01 real, 1013 MB, 1.00 load
[runlim] sample:		4847.27 time, 4850.01 real, 1014 MB, 1.00 load
[runlim] sample:		4857.26 time, 4860.01 real, 989 MB, 1.00 load
[runlim] sample:		4867.26 time, 4870.01 real, 990 MB, 1.00 load
[runlim] sample:		4877.25 time, 4880.01 real, 990 MB, 1.00 load
[runlim] sample:		4887.25 time, 4890.01 real, 990 MB, 1.00 load
[runlim] sample:		4897.24 time, 4900.01 real, 990 MB, 1.00 load
[runlim] sample:		4907.24 time, 4910.01 real, 990 MB, 1.00 load
[runlim] sample:		4917.23 time, 4920.01 real, 990 MB, 1.00 load
[runlim] sample:		4927.22 time, 4930.01 real, 1012 MB, 1.00 load
[runlim] sample:		4937.22 time, 4940.01 real, 1012 MB, 1.00 load
[runlim] sample:		4947.21 time, 4950.01 real, 1012 MB, 1.00 load
[runlim] sample:		4957.21 time, 4960.01 real, 1012 MB, 1.08 load
[runlim] sample:		4967.20 time, 4970.01 real, 1012 MB, 1.07 load
[runlim] sample:		4977.20 time, 4980.01 real, 1012 MB, 1.06 load
[runlim] sample:		4987.20 time, 4990.01 real, 973 MB, 1.05 load
[runlim] sample:		4997.19 time, 5000.01 real, 973 MB, 1.12 load
[runlim] sample:		5007.18 time, 5010.01 real, 973 MB, 1.17 load
[runlim] sample:		5017.18 time, 5020.01 real, 973 MB, 1.15 load
[runlim] sample:		5027.18 time, 5030.01 real, 973 MB, 1.12 load
[runlim] sample:		5037.17 time, 5040.01 real, 973 MB, 1.18 load
[runlim] sample:		5047.17 time, 5050.01 real, 973 MB, 1.15 load
[runlim] sample:		5057.16 time, 5060.01 real, 998 MB, 1.20 load
[runlim] sample:		5067.16 time, 5070.01 real, 998 MB, 1.17 load
[runlim] sample:		5077.15 time, 5080.01 real, 998 MB, 1.22 load
[runlim] sample:		5087.15 time, 5090.01 real, 998 MB, 1.26 load
SAT

=> TOTAL COMPLETION TIME (Makespan / UB): 608
Schedule is valid
 Time taken: 5098.01 seconds
[runlim] sample:		5097.15 time, 5100.01 real, 997 MB, 1.22 load
[runlim] sample:		5107.14 time, 5110.01 real, 998 MB, 1.18 load
[runlim] sample:		5117.14 time, 5120.01 real, 998 MB, 1.23 load
[runlim] sample:		5127.14 time, 5130.01 real, 1008 MB, 1.19 load
[runlim] sample:		5137.13 time, 5140.01 real, 1008 MB, 1.16 load
[runlim] sample:		5147.13 time, 5150.01 real, 1009 MB, 1.14 load
[runlim] sample:		5157.12 time, 5160.01 real, 1009 MB, 1.12 load
[runlim] sample:		5167.12 time, 5170.01 real, 1009 MB, 1.10 load
[runlim] sample:		5177.11 time, 5180.01 real, 1010 MB, 1.08 load
[runlim] sample:		5187.11 time, 5190.01 real, 1010 MB, 1.07 load
[runlim] sample:		5197.10 time, 5200.01 real, 1012 MB, 1.06 load
[runlim] sample:		5207.10 time, 5210.01 real, 1012 MB, 1.05 load
[runlim] sample:		5217.09 time, 5220.01 real, 1012 MB, 1.04 load
[runlim] sample:		5227.09 time, 5230.01 real, 1012 MB, 1.03 load
[runlim] sample:		5237.08 time, 5240.01 real, 1012 MB, 1.03 load
[runlim] sample:		5247.08 time, 5250.01 real, 1012 MB, 1.02 load
[runlim] sample:		5257.07 time, 5260.01 real, 991 MB, 1.10 load
[runlim] sample:		5267.07 time, 5270.01 real, 991 MB, 1.08 load
[runlim] sample:		5277.06 time, 5280.01 real, 991 MB, 1.07 load
[runlim] sample:		5287.06 time, 5290.01 real, 991 MB, 1.06 load
[runlim] sample:		5297.05 time, 5300.01 real, 991 MB, 1.05 load
[runlim] sample:		5307.05 time, 5310.01 real, 991 MB, 1.04 load
[runlim] sample:		5317.05 time, 5320.01 real, 991 MB, 1.04 load
[runlim] sample:		5327.04 time, 5330.01 real, 975 MB, 1.03 load
[runlim] sample:		5337.04 time, 5340.01 real, 975 MB, 1.02 load
[runlim] sample:		5347.03 time, 5350.01 real, 975 MB, 1.02 load
[runlim] sample:		5357.03 time, 5360.01 real, 975 MB, 1.02 load
[runlim] sample:		5367.02 time, 5370.01 real, 976 MB, 1.01 load
[runlim] sample:		5377.02 time, 5380.01 real, 976 MB, 1.01 load
[runlim] sample:		5387.01 time, 5390.01 real, 976 MB, 1.01 load
[runlim] sample:		5397.01 time, 5400.01 real, 976 MB, 1.01 load
[runlim] sample:		5407.00 time, 5410.01 real, 1023 MB, 1.01 load
SAT

=> TOTAL COMPLETION TIME (Makespan / UB): 607
Schedule is valid
 Time taken: 5416.21 seconds
[runlim] sample:		5417.00 time, 5420.01 real, 1022 MB, 1.00 load
[runlim] sample:		5426.99 time, 5430.01 real, 1022 MB, 1.00 load
[runlim] sample:		5436.99 time, 5440.01 real, 1022 MB, 1.08 load
[runlim] sample:		5446.98 time, 5450.01 real, 1022 MB, 1.06 load
[runlim] sample:		5456.98 time, 5460.01 real, 1022 MB, 1.05 load
[runlim] sample:		5466.97 time, 5470.01 real, 998 MB, 1.05 load
[runlim] sample:		5476.97 time, 5480.01 real, 999 MB, 1.04 load
[runlim] sample:		5486.97 time, 5490.01 real, 999 MB, 1.03 load
[runlim] sample:		5496.96 time, 5500.01 real, 999 MB, 1.11 load
[runlim] sample:		5506.96 time, 5510.01 real, 999 MB, 1.16 load
SAT

=> TOTAL COMPLETION TIME (Makespan / UB): 606
Schedule is valid
 Time taken: 5510.02 seconds
SAT

=> TOTAL COMPLETION TIME (Makespan / UB): 605
Schedule is valid
 Time taken: 5514.61 seconds
[runlim] sample:		5516.95 time, 5520.01 real, 999 MB, 1.14 load
[runlim] sample:		5526.95 time, 5530.01 real, 1012 MB, 1.12 load
[runlim] sample:		5536.95 time, 5540.01 real, 1012 MB, 1.10 load
[runlim] sample:		5546.94 time, 5550.01 real, 1012 MB, 1.08 load
[runlim] sample:		5556.94 time, 5560.01 real, 1012 MB, 1.07 load
[runlim] sample:		5566.94 time, 5570.01 real, 1012 MB, 1.06 load
[runlim] sample:		5576.93 time, 5580.01 real, 1013 MB, 1.05 load
[runlim] sample:		5586.93 time, 5590.01 real, 1013 MB, 1.12 load
[runlim] sample:		5596.92 time, 5600.01 real, 996 MB, 1.10 load
[runlim] sample:		5606.91 time, 5610.01 real, 997 MB, 1.09 load
[runlim] sample:		5616.90 time, 5620.01 real, 997 MB, 1.07 load
[runlim] sample:		5626.91 time, 5630.01 real, 997 MB, 1.06 load
[runlim] sample:		5636.90 time, 5640.01 real, 997 MB, 1.21 load
[runlim] sample:		5646.90 time, 5650.01 real, 997 MB, 1.18 load
[runlim] sample:		5656.89 time, 5660.01 real, 997 MB, 1.15 load
[runlim] sample:		5666.88 time, 5670.01 real, 996 MB, 1.13 load
[runlim] sample:		5676.88 time, 5680.01 real, 996 MB, 1.11 load
[runlim] sample:		5686.87 time, 5690.01 real, 996 MB, 1.09 load
[runlim] sample:		5696.87 time, 5700.01 real, 996 MB, 1.08 load
[runlim] sample:		5706.87 time, 5710.01 real, 997 MB, 1.06 load
[runlim] sample:		5716.87 time, 5720.01 real, 998 MB, 1.05 load
[runlim] sample:		5726.87 time, 5730.01 real, 998 MB, 1.05 load
[runlim] sample:		5736.86 time, 5740.01 real, 974 MB, 1.04 load
[runlim] sample:		5746.85 time, 5750.01 real, 974 MB, 1.03 load
[runlim] sample:		5756.85 time, 5760.01 real, 974 MB, 1.03 load
[runlim] sample:		5766.84 time, 5770.01 real, 974 MB, 1.02 load
[runlim] sample:		5776.84 time, 5780.01 real, 974 MB, 1.02 load
[runlim] sample:		5786.83 time, 5790.01 real, 974 MB, 1.02 load
[runlim] sample:		5796.83 time, 5800.01 real, 974 MB, 1.01 load
[runlim] sample:		5806.83 time, 5810.01 real, 1015 MB, 1.01 load
[runlim] sample:		5816.82 time, 5820.01 real, 1015 MB, 1.01 load
[runlim] sample:		5826.82 time, 5830.01 real, 1015 MB, 1.01 load
[runlim] sample:		5836.81 time, 5840.01 real, 1015 MB, 1.00 load
[runlim] sample:		5846.81 time, 5850.01 real, 1015 MB, 1.00 load
[runlim] sample:		5856.80 time, 5860.01 real, 1015 MB, 1.00 load
[runlim] sample:		5866.80 time, 5870.01 real, 1015 MB, 1.00 load
[runlim] sample:		5876.79 time, 5880.01 real, 1015 MB, 1.00 load
[runlim] sample:		5886.79 time, 5890.01 real, 1028 MB, 1.00 load
[runlim] sample:		5896.78 time, 5900.01 real, 1028 MB, 1.00 load
[runlim] sample:		5906.78 time, 5910.01 real, 1028 MB, 1.16 load
[runlim] sample:		5916.78 time, 5920.01 real, 1028 MB, 1.13 load
[runlim] sample:		5926.77 time, 5930.01 real, 1028 MB, 1.11 load
[runlim] sample:		5936.77 time, 5940.01 real, 1028 MB, 1.10 load
[runlim] sample:		5946.76 time, 5950.01 real, 1028 MB, 1.08 load
[runlim] sample:		5956.76 time, 5960.01 real, 1028 MB, 1.07 load
[runlim] sample:		5966.75 time, 5970.01 real, 1028 MB, 1.06 load
[runlim] sample:		5976.75 time, 5980.01 real, 1028 MB, 1.05 load
[runlim] sample:		5986.75 time, 5990.01 real, 1028 MB, 1.04 load
[runlim] sample:		5996.74 time, 6000.01 real, 1030 MB, 1.11 load
[runlim] sample:		6006.73 time, 6010.01 real, 1030 MB, 1.17 load
[runlim] sample:		6016.73 time, 6020.01 real, 1030 MB, 1.14 load
[runlim] sample:		6026.72 time, 6030.01 real, 1030 MB, 1.12 load
SAT

=> TOTAL COMPLETION TIME (Makespan / UB): 604
Schedule is valid
 Time taken: 6037.57 seconds
[runlim] sample:		6036.72 time, 6040.01 real, 1028 MB, 1.10 load
[runlim] sample:		6046.71 time, 6050.01 real, 1028 MB, 1.09 load
SAT

=> TOTAL COMPLETION TIME (Makespan / UB): 603
Schedule is valid
 Time taken: 6052.78 seconds
[runlim] sample:		6056.71 time, 6060.01 real, 1028 MB, 1.07 load
[runlim] sample:		6066.71 time, 6070.01 real, 1006 MB, 1.06 load
[runlim] sample:		6076.70 time, 6080.01 real, 1020 MB, 1.05 load
[runlim] sample:		6086.69 time, 6090.01 real, 1021 MB, 1.04 load
[runlim] sample:		6096.69 time, 6100.01 real, 1021 MB, 1.04 load
[runlim] sample:		6106.69 time, 6110.01 real, 1022 MB, 1.03 load
[runlim] sample:		6116.68 time, 6120.01 real, 1022 MB, 1.02 load
[runlim] sample:		6126.68 time, 6130.01 real, 998 MB, 1.02 load
[runlim] sample:		6136.67 time, 6140.01 real, 998 MB, 1.02 load
[runlim] sample:		6146.67 time, 6150.01 real, 998 MB, 1.01 load
[runlim] sample:		6156.66 time, 6160.01 real, 998 MB, 1.01 load
[runlim] sample:		6166.66 time, 6170.01 real, 998 MB, 1.01 load
[runlim] sample:		6176.65 time, 6180.01 real, 998 MB, 1.01 load
[runlim] sample:		6186.65 time, 6190.01 real, 998 MB, 1.01 load
[runlim] sample:		6196.64 time, 6200.01 real, 1203 MB, 1.00 load
[runlim] sample:		6206.64 time, 6210.01 real, 997 MB, 1.00 load
[runlim] sample:		6216.64 time, 6220.01 real, 997 MB, 1.00 load
[runlim] sample:		6226.63 time, 6230.01 real, 997 MB, 1.00 load
[runlim] sample:		6236.63 time, 6240.01 real, 997 MB, 1.00 load
[runlim] sample:		6246.62 time, 6250.01 real, 997 MB, 1.00 load
[runlim] sample:		6256.62 time, 6260.01 real, 997 MB, 1.00 load
[runlim] sample:		6266.61 time, 6270.01 real, 974 MB, 1.00 load
[runlim] sample:		6276.61 time, 6280.01 real, 974 MB, 1.08 load
[runlim] sample:		6286.60 time, 6290.01 real, 974 MB, 1.07 load
[runlim] sample:		6296.60 time, 6300.01 real, 974 MB, 1.06 load
[runlim] sample:		6306.59 time, 6310.01 real, 974 MB, 1.05 load
[runlim] sample:		6316.59 time, 6320.01 real, 974 MB, 1.04 load
[runlim] sample:		6326.58 time, 6330.01 real, 974 MB, 1.03 load
[runlim] sample:		6336.58 time, 6340.01 real, 974 MB, 1.03 load
[runlim] sample:		6346.58 time, 6350.01 real, 974 MB, 1.02 load
[runlim] sample:		6356.57 time, 6360.01 real, 1029 MB, 1.02 load
[runlim] sample:		6366.57 time, 6370.01 real, 1029 MB, 1.02 load
[runlim] sample:		6376.56 time, 6380.01 real, 1029 MB, 1.01 load
[runlim] sample:		6386.56 time, 6390.01 real, 1029 MB, 1.01 load
[runlim] sample:		6396.55 time, 6400.01 real, 1029 MB, 1.01 load
[runlim] sample:		6406.55 time, 6410.01 real, 1029 MB, 1.01 load
[runlim] sample:		6416.54 time, 6420.01 real, 1029 MB, 1.00 load
[runlim] sample:		6426.54 time, 6430.01 real, 1029 MB, 1.00 load
SAT

=> TOTAL COMPLETION TIME (Makespan / UB): 602
Schedule is valid
 Time taken: 6433.27 seconds
[runlim] sample:		6436.53 time, 6440.01 real, 1028 MB, 1.00 load
[runlim] sample:		6446.54 time, 6450.01 real, 1031 MB, 1.00 load
[runlim] sample:		6456.53 time, 6460.01 real, 1031 MB, 1.00 load
[runlim] sample:		6466.53 time, 6470.01 real, 1032 MB, 1.00 load
[runlim] sample:		6476.52 time, 6480.01 real, 1032 MB, 1.00 load
[runlim] sample:		6486.52 time, 6490.01 real, 1032 MB, 1.00 load
[runlim] sample:		6496.51 time, 6500.01 real, 1032 MB, 1.08 load
[runlim] sample:		6506.50 time, 6510.01 real, 1034 MB, 1.14 load
[runlim] sample:		6516.49 time, 6520.01 real, 988 MB, 1.12 load
[runlim] sample:		6526.49 time, 6530.01 real, 988 MB, 1.10 load
[runlim] sample:		6536.48 time, 6540.01 real, 988 MB, 1.08 load
[runlim] sample:		6546.48 time, 6550.01 real, 988 MB, 1.07 load
[runlim] sample:		6556.49 time, 6560.01 real, 989 MB, 1.06 load
[runlim] sample:		6566.48 time, 6570.01 real, 989 MB, 1.05 load
[runlim] sample:		6576.48 time, 6580.01 real, 989 MB, 1.04 load
[runlim] sample:		6586.47 time, 6590.01 real, 989 MB, 1.04 load
[runlim] sample:		6596.46 time, 6600.01 real, 999 MB, 1.03 load
[runlim] sample:		6606.46 time, 6610.01 real, 999 MB, 1.02 load
[runlim] sample:		6616.45 time, 6620.01 real, 999 MB, 1.02 load
[runlim] sample:		6626.45 time, 6630.01 real, 999 MB, 1.02 load
[runlim] sample:		6636.44 time, 6640.01 real, 999 MB, 1.01 load
[runlim] sample:		6646.44 time, 6650.01 real, 999 MB, 1.01 load
[runlim] sample:		6656.43 time, 6660.01 real, 999 MB, 1.01 load
[runlim] sample:		6666.43 time, 6670.01 real, 973 MB, 1.01 load
[runlim] sample:		6676.42 time, 6680.01 real, 973 MB, 1.01 load
[runlim] sample:		6686.41 time, 6690.01 real, 973 MB, 1.00 load
[runlim] sample:		6696.41 time, 6700.01 real, 973 MB, 1.00 load
[runlim] sample:		6706.41 time, 6710.01 real, 973 MB, 1.00 load
[runlim] sample:		6716.41 time, 6720.01 real, 973 MB, 1.00 load
[runlim] sample:		6726.40 time, 6730.01 real, 973 MB, 1.00 load
[runlim] sample:		6736.40 time, 6740.01 real, 973 MB, 1.00 load
[runlim] sample:		6746.39 time, 6750.01 real, 974 MB, 1.00 load
[runlim] sample:		6756.39 time, 6760.01 real, 1017 MB, 1.00 load
[runlim] sample:		6766.38 time, 6770.01 real, 1017 MB, 1.00 load
[runlim] sample:		6776.38 time, 6780.01 real, 1017 MB, 1.00 load
[runlim] sample:		6786.37 time, 6790.01 real, 1017 MB, 1.00 load
SAT

=> TOTAL COMPLETION TIME (Makespan / UB): 601
Schedule is valid
 Time taken: 6797.66 seconds
[runlim] sample:		6796.37 time, 6800.01 real, 1016 MB, 1.00 load
[runlim] sample:		6806.36 time, 6810.01 real, 1016 MB, 1.00 load
[runlim] sample:		6816.36 time, 6820.01 real, 1016 MB, 1.00 load
[runlim] sample:		6826.35 time, 6830.01 real, 1017 MB, 1.00 load
[runlim] sample:		6836.34 time, 6840.01 real, 1017 MB, 1.00 load
[runlim] sample:		6846.34 time, 6850.01 real, 1002 MB, 1.00 load
[runlim] sample:		6856.33 time, 6860.01 real, 1002 MB, 1.00 load
[runlim] sample:		6866.33 time, 6870.01 real, 1003 MB, 1.00 load
[runlim] sample:		6876.32 time, 6880.01 real, 1003 MB, 1.00 load
[runlim] sample:		6886.32 time, 6890.01 real, 1003 MB, 1.00 load
[runlim] sample:		6896.31 time, 6900.01 real, 1003 MB, 1.00 load
[runlim] sample:		6906.31 time, 6910.01 real, 1003 MB, 1.00 load
[runlim] sample:		6916.30 time, 6920.01 real, 1003 MB, 1.00 load
[runlim] sample:		6926.30 time, 6930.01 real, 1003 MB, 1.00 load
[runlim] sample:		6936.29 time, 6940.01 real, 1035 MB, 1.00 load
[runlim] sample:		6946.29 time, 6950.01 real, 1036 MB, 1.00 load
[runlim] sample:		6956.28 time, 6960.01 real, 1036 MB, 1.00 load
[runlim] sample:		6966.28 time, 6970.01 real, 1036 MB, 1.00 load
[runlim] sample:		6976.27 time, 6980.01 real, 1036 MB, 1.00 load
[runlim] sample:		6986.27 time, 6990.01 real, 1036 MB, 1.00 load
[runlim] sample:		6996.26 time, 7000.01 real, 1036 MB, 1.15 load
[runlim] sample:		7006.26 time, 7010.01 real, 975 MB, 1.20 load
[runlim] sample:		7016.25 time, 7020.01 real, 975 MB, 1.17 load
[runlim] sample:		7026.25 time, 7030.01 real, 975 MB, 1.15 load
[runlim] sample:		7036.24 time, 7040.01 real, 975 MB, 1.12 load
[runlim] sample:		7046.24 time, 7050.01 real, 975 MB, 1.26 load
[runlim] sample:		7056.23 time, 7060.01 real, 975 MB, 1.22 load
[runlim] sample:		7066.22 time, 7070.01 real, 975 MB, 1.19 load
[runlim] sample:		7076.22 time, 7080.01 real, 975 MB, 1.24 load
[runlim] sample:		7086.22 time, 7090.01 real, 999 MB, 1.20 load
[runlim] sample:		7096.21 time, 7100.01 real, 999 MB, 1.25 load
[runlim] sample:		7106.21 time, 7110.01 real, 999 MB, 1.21 load
[runlim] sample:		7116.20 time, 7120.01 real, 999 MB, 1.18 load
[runlim] sample:		7126.20 time, 7130.01 real, 999 MB, 1.15 load
[runlim] sample:		7136.19 time, 7140.01 real, 999 MB, 1.13 load
[runlim] sample:		7146.19 time, 7150.01 real, 999 MB, 1.11 load
[runlim] sample:		7156.18 time, 7160.01 real, 999 MB, 1.09 load
[runlim] sample:		7166.17 time, 7170.01 real, 999 MB, 1.08 load
[runlim] sample:		7176.16 time, 7180.01 real, 999 MB, 1.06 load
[runlim] sample:		7186.17 time, 7190.01 real, 1030 MB, 1.05 load
[runlim] sample:		7196.16 time, 7200.01 real, 1030 MB, 1.04 load
[runlim] sample:		7206.16 time, 7210.01 real, 1030 MB, 1.04 load
[runlim] sample:		7216.15 time, 7220.01 real, 1030 MB, 1.03 load
[runlim] sample:		7226.15 time, 7230.01 real, 1030 MB, 1.03 load
[runlim] sample:		7236.14 time, 7240.01 real, 1030 MB, 1.02 load
[runlim] sample:		7246.14 time, 7250.01 real, 1030 MB, 1.02 load
[runlim] sample:		7256.13 time, 7260.01 real, 1030 MB, 1.01 load
[runlim] sample:		7266.13 time, 7270.01 real, 1030 MB, 1.01 load
[runlim] sample:		7276.12 time, 7280.01 real, 1030 MB, 1.01 load
[runlim] sample:		7286.11 time, 7290.01 real, 1056 MB, 1.01 load
[runlim] sample:		7296.10 time, 7300.01 real, 1056 MB, 1.01 load
[runlim] sample:		7306.10 time, 7310.01 real, 1056 MB, 1.00 load
[runlim] sample:		7316.09 time, 7320.01 real, 1056 MB, 1.00 load
[runlim] sample:		7326.09 time, 7330.01 real, 1056 MB, 1.00 load
[runlim] sample:		7336.09 time, 7340.01 real, 1056 MB, 1.00 load
[runlim] sample:		7346.08 time, 7350.01 real, 1056 MB, 1.00 load
[runlim] sample:		7356.08 time, 7360.01 real, 1056 MB, 1.00 load
[runlim] sample:		7366.07 time, 7370.01 real, 1056 MB, 1.08 load
[runlim] sample:		7376.07 time, 7380.01 real, 1026 MB, 1.07 load
[runlim] sample:		7386.06 time, 7390.01 real, 1026 MB, 1.06 load
[runlim] sample:		7396.05 time, 7400.01 real, 1026 MB, 1.05 load
[runlim] sample:		7406.05 time, 7410.01 real, 1026 MB, 1.04 load
[runlim] sample:		7416.05 time, 7420.01 real, 1026 MB, 1.03 load
[runlim] sample:		7426.04 time, 7430.01 real, 1026 MB, 1.03 load
[runlim] sample:		7436.04 time, 7440.01 real, 1026 MB, 1.02 load
[runlim] sample:		7446.03 time, 7450.01 real, 975 MB, 1.02 load
[runlim] sample:		7456.02 time, 7460.01 real, 975 MB, 1.02 load
[runlim] sample:		7466.02 time, 7470.01 real, 975 MB, 1.01 load
[runlim] sample:		7476.01 time, 7480.01 real, 975 MB, 1.01 load
[runlim] sample:		7486.01 time, 7490.01 real, 975 MB, 1.01 load
[runlim] sample:		7496.00 time, 7500.01 real, 975 MB, 1.09 load
[runlim] sample:		7506.00 time, 7510.01 real, 975 MB, 1.15 load
[runlim] sample:		7515.99 time, 7520.01 real, 1032 MB, 1.12 load
[runlim] sample:		7525.99 time, 7530.01 real, 975 MB, 1.18 load
[runlim] sample:		7535.98 time, 7540.01 real, 978 MB, 1.15 load
[runlim] sample:		7545.98 time, 7550.01 real, 978 MB, 1.13 load
[runlim] sample:		7555.97 time, 7560.01 real, 978 MB, 1.11 load
[runlim] sample:		7565.97 time, 7570.01 real, 978 MB, 1.09 load
[runlim] sample:		7575.96 time, 7580.01 real, 978 MB, 1.08 load
[runlim] sample:		7585.96 time, 7590.01 real, 978 MB, 1.06 load
[runlim] sample:		7595.95 time, 7600.01 real, 978 MB, 1.05 load
[runlim] sample:		7605.95 time, 7610.01 real, 978 MB, 1.04 load
[runlim] sample:		7615.94 time, 7620.01 real, 978 MB, 1.04 load
[runlim] sample:		7625.94 time, 7630.01 real, 980 MB, 1.03 load
[runlim] sample:		7635.93 time, 7640.01 real, 980 MB, 1.03 load
[runlim] sample:		7645.92 time, 7650.01 real, 980 MB, 1.02 load
[runlim] sample:		7655.91 time, 7660.01 real, 980 MB, 1.02 load
[runlim] sample:		7665.91 time, 7670.01 real, 980 MB, 1.01 load
[runlim] sample:		7675.90 time, 7680.01 real, 980 MB, 1.01 load
[runlim] sample:		7685.89 time, 7690.01 real, 980 MB, 1.01 load
[runlim] sample:		7695.88 time, 7700.01 real, 998 MB, 1.01 load
[runlim] sample:		7705.88 time, 7710.01 real, 998 MB, 1.01 load
[runlim] sample:		7715.87 time, 7720.01 real, 998 MB, 1.00 load
[runlim] sample:		7725.86 time, 7730.01 real, 981 MB, 1.00 load
[runlim] sample:		7735.86 time, 7740.01 real, 981 MB, 1.00 load
[runlim] sample:		7745.85 time, 7750.01 real, 981 MB, 1.00 load
[runlim] sample:		7755.85 time, 7760.01 real, 981 MB, 1.00 load
[runlim] sample:		7765.85 time, 7770.01 real, 981 MB, 1.00 load
[runlim] sample:		7775.84 time, 7780.01 real, 981 MB, 1.00 load
[runlim] sample:		7785.84 time, 7790.01 real, 981 MB, 1.00 load
[runlim] sample:		7795.83 time, 7800.01 real, 981 MB, 1.00 load
[runlim] sample:		7805.82 time, 7810.01 real, 981 MB, 1.00 load
[runlim] sample:		7815.82 time, 7820.01 real, 981 MB, 1.00 load
[runlim] sample:		7825.81 time, 7830.01 real, 983 MB, 1.00 load
[runlim] sample:		7835.80 time, 7840.01 real, 983 MB, 1.00 load
[runlim] sample:		7845.80 time, 7850.01 real, 983 MB, 1.00 load
[runlim] sample:		7855.79 time, 7860.01 real, 983 MB, 1.00 load
[runlim] sample:		7865.79 time, 7870.01 real, 983 MB, 1.00 load
[runlim] sample:		7875.78 time, 7880.01 real, 983 MB, 1.00 load
[runlim] sample:		7885.77 time, 7890.01 real, 983 MB, 1.00 load
[runlim] sample:		7895.77 time, 7900.01 real, 983 MB, 1.00 load
[runlim] sample:		7905.76 time, 7910.01 real, 983 MB, 1.00 load
[runlim] sample:		7915.75 time, 7920.01 real, 983 MB, 1.00 load
[runlim] sample:		7925.75 time, 7930.01 real, 984 MB, 1.00 load
[runlim] sample:		7935.74 time, 7940.01 real, 984 MB, 1.00 load
[runlim] sample:		7945.73 time, 7950.01 real, 984 MB, 1.00 load
[runlim] sample:		7955.73 time, 7960.01 real, 984 MB, 1.00 load
[runlim] sample:		7965.72 time, 7970.01 real, 984 MB, 1.00 load
[runlim] sample:		7975.71 time, 7980.01 real, 984 MB, 1.00 load
[runlim] sample:		7985.71 time, 7990.01 real, 984 MB, 1.00 load
[runlim] sample:		7995.70 time, 8000.01 real, 984 MB, 1.08 load
[runlim] sample:		8005.69 time, 8010.01 real, 984 MB, 1.14 load
[runlim] sample:		8015.69 time, 8020.01 real, 984 MB, 1.12 load
[runlim] sample:		8025.68 time, 8030.01 real, 984 MB, 1.10 load
[runlim] sample:		8035.68 time, 8040.01 real, 1031 MB, 1.08 load
[runlim] sample:		8045.68 time, 8050.01 real, 1031 MB, 1.07 load
[runlim] sample:		8055.67 time, 8060.01 real, 1031 MB, 1.13 load
[runlim] sample:		8065.67 time, 8070.01 real, 1031 MB, 1.11 load
[runlim] sample:		8075.66 time, 8080.01 real, 1031 MB, 1.17 load
[runlim] sample:		8085.66 time, 8090.01 real, 1031 MB, 1.14 load
[runlim] sample:		8095.65 time, 8100.01 real, 1031 MB, 1.19 load
[runlim] sample:		8105.65 time, 8110.01 real, 1031 MB, 1.16 load
[runlim] sample:		8115.64 time, 8120.01 real, 1031 MB, 1.14 load
[runlim] sample:		8125.63 time, 8130.01 real, 1031 MB, 1.12 load
[runlim] sample:		8135.63 time, 8140.01 real, 1031 MB, 1.10 load
[runlim] sample:		8145.62 time, 8150.01 real, 1031 MB, 1.08 load
[runlim] sample:		8155.62 time, 8160.01 real, 1031 MB, 1.07 load
[runlim] sample:		8165.61 time, 8170.01 real, 1031 MB, 1.06 load
[runlim] sample:		8175.61 time, 8180.01 real, 1031 MB, 1.05 load
[runlim] sample:		8185.60 time, 8190.01 real, 1031 MB, 1.04 load
[runlim] sample:		8195.59 time, 8200.01 real, 1041 MB, 1.03 load
[runlim] sample:		8205.58 time, 8210.01 real, 1041 MB, 1.03 load
[runlim] sample:		8215.58 time, 8220.01 real, 1041 MB, 1.02 load
[runlim] sample:		8225.57 time, 8230.01 real, 1041 MB, 1.02 load
[runlim] sample:		8235.56 time, 8240.01 real, 1041 MB, 1.02 load
[runlim] sample:		8245.56 time, 8250.01 real, 1041 MB, 1.01 load
[runlim] sample:		8255.55 time, 8260.01 real, 1041 MB, 1.01 load
[runlim] sample:		8265.55 time, 8270.01 real, 1041 MB, 1.01 load
[runlim] sample:		8275.54 time, 8280.01 real, 1041 MB, 1.01 load
[runlim] sample:		8285.54 time, 8290.01 real, 1041 MB, 1.01 load
[runlim] sample:		8295.53 time, 8300.01 real, 1041 MB, 1.00 load
[runlim] sample:		8305.53 time, 8310.01 real, 1041 MB, 1.00 load
[runlim] sample:		8315.53 time, 8320.01 real, 1047 MB, 1.00 load
[runlim] sample:		8325.52 time, 8330.01 real, 1047 MB, 1.00 load
[runlim] sample:		8335.52 time, 8340.01 real, 1047 MB, 1.00 load
[runlim] sample:		8345.51 time, 8350.01 real, 1047 MB, 1.00 load
[runlim] sample:		8355.50 time, 8360.01 real, 1047 MB, 1.00 load
[runlim] sample:		8365.49 time, 8370.01 real, 1047 MB, 1.00 load
[runlim] sample:		8375.49 time, 8380.01 real, 1047 MB, 1.00 load
[runlim] sample:		8385.48 time, 8390.01 real, 1047 MB, 1.00 load
[runlim] sample:		8395.48 time, 8400.01 real, 1047 MB, 1.00 load
[runlim] sample:		8405.47 time, 8410.01 real, 1047 MB, 1.00 load
[runlim] sample:		8415.46 time, 8420.01 real, 1047 MB, 1.00 load
[runlim] sample:		8425.45 time, 8430.01 real, 1047 MB, 1.00 load
[runlim] sample:		8435.45 time, 8440.01 real, 1047 MB, 1.00 load
[runlim] sample:		8445.44 time, 8450.01 real, 1047 MB, 1.00 load
[runlim] sample:		8455.44 time, 8460.01 real, 1047 MB, 1.00 load
[runlim] sample:		8465.43 time, 8470.01 real, 1047 MB, 1.00 load
[runlim] sample:		8475.42 time, 8480.01 real, 1047 MB, 1.00 load
[runlim] sample:		8485.41 time, 8490.01 real, 1047 MB, 1.00 load
[runlim] sample:		8495.40 time, 8500.01 real, 1047 MB, 1.08 load
[runlim] sample:		8505.40 time, 8510.01 real, 1047 MB, 1.14 load
[runlim] sample:		8515.39 time, 8520.01 real, 1047 MB, 1.12 load
[runlim] sample:		8525.39 time, 8530.01 real, 1047 MB, 1.10 load
[runlim] sample:		8535.38 time, 8540.01 real, 1047 MB, 1.08 load
[runlim] sample:		8545.38 time, 8550.01 real, 1047 MB, 1.07 load
[runlim] sample:		8555.37 time, 8560.01 real, 1047 MB, 1.06 load
[runlim] sample:		8565.36 time, 8570.01 real, 1047 MB, 1.05 load
[runlim] sample:		8575.35 time, 8580.01 real, 1047 MB, 1.04 load
[runlim] sample:		8585.35 time, 8590.01 real, 1047 MB, 1.04 load
[runlim] sample:		8595.34 time, 8600.01 real, 1047 MB, 1.03 load
[runlim] sample:		8605.33 time, 8610.01 real, 1047 MB, 1.02 load
[runlim] sample:		8615.33 time, 8620.01 real, 1049 MB, 1.02 load
[runlim] sample:		8625.32 time, 8630.01 real, 1049 MB, 1.02 load
[runlim] sample:		8635.32 time, 8640.01 real, 1049 MB, 1.01 load
[runlim] sample:		8645.31 time, 8650.01 real, 1049 MB, 1.01 load
[runlim] sample:		8655.31 time, 8660.01 real, 1049 MB, 1.01 load
[runlim] sample:		8665.30 time, 8670.01 real, 1049 MB, 1.01 load
[runlim] sample:		8675.30 time, 8680.01 real, 1049 MB, 1.01 load
[runlim] sample:		8685.29 time, 8690.01 real, 1049 MB, 1.00 load
[runlim] sample:		8695.28 time, 8700.01 real, 1049 MB, 1.00 load
[runlim] sample:		8705.28 time, 8710.01 real, 1049 MB, 1.00 load
[runlim] sample:		8715.27 time, 8720.01 real, 1028 MB, 1.00 load
[runlim] sample:		8725.27 time, 8730.01 real, 1028 MB, 1.00 load
[runlim] sample:		8735.26 time, 8740.01 real, 1028 MB, 1.00 load
[runlim] sample:		8745.26 time, 8750.01 real, 1028 MB, 1.00 load
[runlim] sample:		8755.25 time, 8760.01 real, 1028 MB, 1.00 load
[runlim] sample:		8765.25 time, 8770.01 real, 1028 MB, 1.00 load
[runlim] sample:		8775.24 time, 8780.01 real, 1028 MB, 1.00 load
[runlim] sample:		8785.24 time, 8790.01 real, 1028 MB, 1.00 load
[runlim] sample:		8795.23 time, 8800.01 real, 1028 MB, 1.00 load
[runlim] sample:		8805.23 time, 8810.01 real, 1028 MB, 1.00 load
[runlim] sample:		8815.22 time, 8820.01 real, 1028 MB, 1.00 load
[runlim] sample:		8825.22 time, 8830.01 real, 1040 MB, 1.00 load
[runlim] sample:		8835.22 time, 8840.01 real, 1040 MB, 1.00 load
[runlim] sample:		8845.21 time, 8850.01 real, 1040 MB, 1.00 load
[runlim] sample:		8855.21 time, 8860.01 real, 1040 MB, 1.00 load
[runlim] sample:		8865.20 time, 8870.01 real, 1040 MB, 1.00 load
[runlim] sample:		8875.20 time, 8880.01 real, 1040 MB, 1.00 load
[runlim] sample:		8885.19 time, 8890.01 real, 1040 MB, 1.16 load
[runlim] sample:		8895.19 time, 8900.01 real, 1040 MB, 1.13 load
[runlim] sample:		8905.18 time, 8910.01 real, 1040 MB, 1.11 load
[runlim] sample:		8915.18 time, 8920.01 real, 1040 MB, 1.10 load
[runlim] sample:		8925.17 time, 8930.01 real, 1040 MB, 1.08 load
[runlim] sample:		8935.17 time, 8940.01 real, 1040 MB, 1.07 load
[runlim] sample:		8945.16 time, 8950.01 real, 1040 MB, 1.06 load
[runlim] sample:		8955.16 time, 8960.01 real, 1098 MB, 1.05 load
[runlim] sample:		8965.16 time, 8970.01 real, 1040 MB, 1.04 load
[runlim] sample:		8975.16 time, 8980.01 real, 1040 MB, 1.03 load
[runlim] sample:		8985.15 time, 8990.01 real, 1040 MB, 1.03 load
[runlim] sample:		8995.15 time, 9000.01 real, 1040 MB, 1.10 load
[runlim] sample:		9005.14 time, 9010.01 real, 1051 MB, 1.16 load
[runlim] sample:		9015.13 time, 9020.01 real, 1051 MB, 1.14 load
[runlim] sample:		9025.13 time, 9030.01 real, 1051 MB, 1.19 load
[runlim] sample:		9035.12 time, 9040.01 real, 1051 MB, 1.16 load
[runlim] sample:		9045.12 time, 9050.01 real, 1051 MB, 1.21 load
[runlim] sample:		9055.11 time, 9060.01 real, 1051 MB, 1.18 load
[runlim] sample:		9065.11 time, 9070.01 real, 1051 MB, 1.15 load
[runlim] sample:		9075.10 time, 9080.01 real, 1051 MB, 1.13 load
[runlim] sample:		9085.10 time, 9090.01 real, 1051 MB, 1.11 load
[runlim] sample:		9095.10 time, 9100.01 real, 1051 MB, 1.09 load
[runlim] sample:		9105.09 time, 9110.01 real, 1051 MB, 1.08 load
[runlim] sample:		9115.09 time, 9120.01 real, 1051 MB, 1.06 load
[runlim] sample:		9125.08 time, 9130.01 real, 1051 MB, 1.05 load
[runlim] sample:		9135.08 time, 9140.01 real, 1051 MB, 1.05 load
[runlim] sample:		9145.08 time, 9150.01 real, 1070 MB, 1.04 load
[runlim] sample:		9155.07 time, 9160.01 real, 1070 MB, 1.03 load
[runlim] sample:		9165.07 time, 9170.01 real, 1070 MB, 1.03 load
[runlim] sample:		9175.06 time, 9180.01 real, 1070 MB, 1.02 load
[runlim] sample:		9185.06 time, 9190.01 real, 1070 MB, 1.02 load
[runlim] sample:		9195.06 time, 9200.01 real, 1070 MB, 1.02 load
[runlim] sample:		9205.05 time, 9210.01 real, 1070 MB, 1.01 load
[runlim] sample:		9215.05 time, 9220.01 real, 1070 MB, 1.01 load
[runlim] sample:		9225.04 time, 9230.01 real, 1070 MB, 1.01 load
[runlim] sample:		9235.04 time, 9240.01 real, 1070 MB, 1.01 load
[runlim] sample:		9245.03 time, 9250.01 real, 1070 MB, 1.00 load
[runlim] sample:		9255.03 time, 9260.01 real, 1070 MB, 1.00 load
[runlim] sample:		9265.02 time, 9270.01 real, 1070 MB, 1.00 load
[runlim] sample:		9275.02 time, 9280.01 real, 1070 MB, 1.00 load
[runlim] sample:		9285.01 time, 9290.01 real, 1080 MB, 1.00 load
[runlim] sample:		9295.01 time, 9300.01 real, 1080 MB, 1.00 load
[runlim] sample:		9305.00 time, 9310.01 real, 1080 MB, 1.00 load
[runlim] sample:		9315.00 time, 9320.01 real, 1080 MB, 1.00 load
[runlim] sample:		9325.00 time, 9330.01 real, 1080 MB, 1.00 load
[runlim] sample:		9334.99 time, 9340.01 real, 1080 MB, 1.00 load
[runlim] sample:		9344.99 time, 9350.01 real, 1080 MB, 1.00 load
[runlim] sample:		9354.98 time, 9360.01 real, 1080 MB, 1.00 load
[runlim] sample:		9364.98 time, 9370.01 real, 1080 MB, 1.07 load
[runlim] sample:		9374.97 time, 9380.01 real, 1080 MB, 1.06 load
[runlim] sample:		9384.97 time, 9390.01 real, 1080 MB, 1.05 load
[runlim] sample:		9394.96 time, 9400.01 real, 1080 MB, 1.04 load
[runlim] sample:		9404.96 time, 9410.01 real, 1080 MB, 1.04 load
[runlim] sample:		9414.95 time, 9420.01 real, 1080 MB, 1.03 load
[runlim] sample:		9424.95 time, 9430.01 real, 1080 MB, 1.02 load
[runlim] sample:		9434.94 time, 9440.01 real, 1073 MB, 1.02 load
[runlim] sample:		9444.94 time, 9450.01 real, 1073 MB, 1.02 load
[runlim] sample:		9454.93 time, 9460.01 real, 1073 MB, 1.01 load
[runlim] sample:		9464.93 time, 9470.01 real, 1073 MB, 1.01 load
[runlim] sample:		9474.92 time, 9480.01 real, 1073 MB, 1.01 load
[runlim] sample:		9484.92 time, 9490.01 real, 1073 MB, 1.01 load
[runlim] sample:		9494.91 time, 9500.01 real, 1073 MB, 1.09 load
[runlim] sample:		9504.91 time, 9510.01 real, 1073 MB, 1.15 load
[runlim] sample:		9514.91 time, 9520.01 real, 1073 MB, 1.12 load
[runlim] sample:		9524.90 time, 9530.01 real, 1073 MB, 1.10 load
[runlim] sample:		9534.90 time, 9540.01 real, 1073 MB, 1.09 load
[runlim] sample:		9544.89 time, 9550.01 real, 1073 MB, 1.07 load
[runlim] sample:		9554.89 time, 9560.01 real, 1073 MB, 1.06 load
[runlim] sample:		9564.88 time, 9570.01 real, 1073 MB, 1.05 load
[runlim] sample:		9574.87 time, 9580.01 real, 1059 MB, 1.04 load
[runlim] sample:		9584.87 time, 9590.01 real, 1059 MB, 1.04 load
[runlim] sample:		9594.86 time, 9600.01 real, 1059 MB, 1.03 load
[runlim] sample:		9604.86 time, 9610.01 real, 1059 MB, 1.02 load
[runlim] sample:		9614.85 time, 9620.01 real, 1059 MB, 1.02 load
[runlim] sample:		9624.85 time, 9630.01 real, 1059 MB, 1.02 load
[runlim] sample:		9634.84 time, 9640.01 real, 1059 MB, 1.01 load
[runlim] sample:		9644.84 time, 9650.01 real, 980 MB, 1.01 load
[runlim] sample:		9654.84 time, 9660.01 real, 980 MB, 1.01 load
[runlim] sample:		9664.84 time, 9670.01 real, 980 MB, 1.01 load
[runlim] sample:		9674.83 time, 9680.01 real, 980 MB, 1.01 load
[runlim] sample:		9684.83 time, 9690.01 real, 980 MB, 1.00 load
[runlim] sample:		9694.82 time, 9700.01 real, 980 MB, 1.00 load
[runlim] sample:		9704.82 time, 9710.01 real, 980 MB, 1.00 load
[runlim] sample:		9714.82 time, 9720.01 real, 980 MB, 1.00 load
[runlim] sample:		9724.81 time, 9730.01 real, 980 MB, 1.00 load
[runlim] sample:		9734.81 time, 9740.01 real, 981 MB, 1.00 load
[runlim] sample:		9744.81 time, 9750.01 real, 981 MB, 1.00 load
[runlim] sample:		9754.80 time, 9760.01 real, 981 MB, 1.00 load
[runlim] sample:		9764.80 time, 9770.01 real, 981 MB, 1.00 load
[runlim] sample:		9774.79 time, 9780.01 real, 981 MB, 1.00 load
[runlim] sample:		9784.79 time, 9790.01 real, 981 MB, 1.00 load
[runlim] sample:		9794.78 time, 9800.01 real, 981 MB, 1.00 load
[runlim] sample:		9804.78 time, 9810.01 real, 981 MB, 1.00 load
[runlim] sample:		9814.78 time, 9820.01 real, 981 MB, 1.00 load
[runlim] sample:		9824.77 time, 9830.01 real, 981 MB, 1.00 load
[runlim] sample:		9834.77 time, 9840.01 real, 983 MB, 1.00 load
[runlim] sample:		9844.76 time, 9850.01 real, 983 MB, 1.00 load
[runlim] sample:		9854.76 time, 9860.01 real, 983 MB, 1.00 load
[runlim] sample:		9864.75 time, 9870.01 real, 983 MB, 1.00 load
[runlim] sample:		9874.75 time, 9880.01 real, 983 MB, 1.00 load
[runlim] sample:		9884.74 time, 9890.01 real, 983 MB, 1.00 load
[runlim] sample:		9894.74 time, 9900.01 real, 983 MB, 1.00 load
[runlim] sample:		9904.74 time, 9910.01 real, 983 MB, 1.00 load
[runlim] sample:		9914.73 time, 9920.01 real, 983 MB, 1.00 load
[runlim] sample:		9924.73 time, 9930.01 real, 983 MB, 1.00 load
[runlim] sample:		9934.72 time, 9940.01 real, 983 MB, 1.00 load
[runlim] sample:		9944.72 time, 9950.01 real, 985 MB, 1.00 load
[runlim] sample:		9954.71 time, 9960.01 real, 985 MB, 1.00 load
[runlim] sample:		9964.70 time, 9970.01 real, 985 MB, 1.00 load
[runlim] sample:		9974.70 time, 9980.01 real, 985 MB, 1.00 load
[runlim] sample:		9984.70 time, 9990.01 real, 985 MB, 1.00 load
[runlim] sample:		9994.69 time, 10000.01 real, 985 MB, 1.08 load
[runlim] sample:		10004.68 time, 10010.01 real, 985 MB, 1.14 load
[runlim] sample:		10014.68 time, 10020.01 real, 985 MB, 1.12 load
[runlim] sample:		10024.67 time, 10030.01 real, 985 MB, 1.18 load
[runlim] sample:		10034.67 time, 10040.01 real, 985 MB, 1.15 load
[runlim] sample:		10044.66 time, 10050.01 real, 985 MB, 1.13 load
[runlim] sample:		10054.66 time, 10060.01 real, 987 MB, 1.11 load
[runlim] sample:		10064.66 time, 10070.01 real, 987 MB, 1.09 load
[runlim] sample:		10074.65 time, 10080.01 real, 987 MB, 1.16 load
[runlim] sample:		10084.64 time, 10090.01 real, 987 MB, 1.13 load
[runlim] sample:		10094.64 time, 10100.01 real, 987 MB, 1.11 load
[runlim] sample:		10104.63 time, 10110.01 real, 987 MB, 1.09 load
[runlim] sample:		10114.63 time, 10120.01 real, 987 MB, 1.08 load
[runlim] sample:		10124.62 time, 10130.01 real, 987 MB, 1.07 load
[runlim] sample:		10134.62 time, 10140.01 real, 987 MB, 1.06 load
[runlim] sample:		10144.61 time, 10150.01 real, 987 MB, 1.05 load
[runlim] sample:		10154.61 time, 10160.01 real, 987 MB, 1.04 load
[runlim] sample:		10164.60 time, 10170.01 real, 988 MB, 1.03 load
[runlim] sample:		10174.60 time, 10180.01 real, 988 MB, 1.03 load
[runlim] sample:		10184.60 time, 10190.01 real, 988 MB, 1.02 load
[runlim] sample:		10194.59 time, 10200.01 real, 988 MB, 1.02 load
[runlim] sample:		10204.59 time, 10210.01 real, 988 MB, 1.02 load
[runlim] sample:		10214.58 time, 10220.01 real, 988 MB, 1.01 load
[runlim] sample:		10224.58 time, 10230.01 real, 988 MB, 1.01 load
[runlim] sample:		10234.57 time, 10240.01 real, 988 MB, 1.01 load
[runlim] sample:		10244.57 time, 10250.01 real, 988 MB, 1.01 load
[runlim] sample:		10254.56 time, 10260.01 real, 988 MB, 1.00 load
[runlim] sample:		10264.56 time, 10270.01 real, 988 MB, 1.00 load
[runlim] sample:		10274.55 time, 10280.01 real, 1185 MB, 1.00 load
[runlim] sample:		10284.54 time, 10290.01 real, 990 MB, 1.00 load
[runlim] sample:		10294.54 time, 10300.01 real, 990 MB, 1.00 load
[runlim] sample:		10304.53 time, 10310.01 real, 990 MB, 1.00 load
[runlim] sample:		10314.51 time, 10320.01 real, 990 MB, 1.00 load
[runlim] sample:		10324.51 time, 10330.01 real, 990 MB, 1.00 load
[runlim] sample:		10334.50 time, 10340.01 real, 990 MB, 1.00 load
[runlim] sample:		10344.49 time, 10350.01 real, 990 MB, 1.00 load
[runlim] sample:		10354.48 time, 10360.01 real, 990 MB, 1.00 load
[runlim] sample:		10364.48 time, 10370.01 real, 990 MB, 1.00 load
[runlim] sample:		10374.47 time, 10380.01 real, 990 MB, 1.00 load
[runlim] sample:		10384.46 time, 10390.01 real, 990 MB, 1.00 load
[runlim] sample:		10394.45 time, 10400.01 real, 990 MB, 1.00 load
[runlim] sample:		10404.44 time, 10410.01 real, 990 MB, 1.00 load
[runlim] sample:		10414.44 time, 10420.01 real, 990 MB, 1.00 load
[runlim] sample:		10424.43 time, 10430.01 real, 990 MB, 1.00 load
[runlim] sample:		10434.43 time, 10440.01 real, 990 MB, 1.00 load
[runlim] sample:		10444.42 time, 10450.01 real, 990 MB, 1.00 load
[runlim] sample:		10454.42 time, 10460.01 real, 990 MB, 1.00 load
[runlim] sample:		10464.41 time, 10470.01 real, 990 MB, 1.00 load
[runlim] sample:		10474.40 time, 10480.01 real, 990 MB, 1.00 load
[runlim] sample:		10484.40 time, 10490.01 real, 990 MB, 1.00 load
[runlim] sample:		10494.39 time, 10500.01 real, 991 MB, 1.08 load
[runlim] sample:		10504.39 time, 10510.01 real, 991 MB, 1.14 load
[runlim] sample:		10514.38 time, 10520.01 real, 992 MB, 1.12 load
[runlim] sample:		10524.37 time, 10530.01 real, 992 MB, 1.10 load
[runlim] sample:		10534.37 time, 10540.01 real, 992 MB, 1.16 load
[runlim] sample:		10544.36 time, 10550.01 real, 992 MB, 1.14 load
[runlim] sample:		10554.36 time, 10560.01 real, 992 MB, 1.12 load
[runlim] sample:		10564.35 time, 10570.01 real, 992 MB, 1.10 load
[runlim] sample:		10574.35 time, 10580.01 real, 992 MB, 1.08 load
[runlim] sample:		10584.34 time, 10590.01 real, 992 MB, 1.07 load
[runlim] sample:		10594.34 time, 10600.01 real, 992 MB, 1.06 load
[runlim] sample:		10604.33 time, 10610.01 real, 992 MB, 1.05 load
[runlim] sample:		10614.33 time, 10620.01 real, 992 MB, 1.04 load
[runlim] sample:		10624.32 time, 10630.01 real, 992 MB, 1.03 load
[runlim] sample:		10634.31 time, 10640.01 real, 993 MB, 1.03 load
[runlim] sample:		10644.31 time, 10650.01 real, 993 MB, 1.02 load
[runlim] sample:		10654.30 time, 10660.01 real, 993 MB, 1.02 load
[runlim] sample:		10664.30 time, 10670.01 real, 993 MB, 1.02 load
[runlim] sample:		10674.29 time, 10680.01 real, 993 MB, 1.01 load
[runlim] sample:		10684.29 time, 10690.01 real, 993 MB, 1.01 load
[runlim] sample:		10694.28 time, 10700.01 real, 993 MB, 1.01 load
[runlim] sample:		10704.28 time, 10710.01 real, 993 MB, 1.01 load
[runlim] sample:		10714.27 time, 10720.01 real, 993 MB, 1.01 load
[runlim] sample:		10724.27 time, 10730.01 real, 993 MB, 1.00 load
[runlim] sample:		10734.26 time, 10740.01 real, 993 MB, 1.00 load
[runlim] sample:		10744.26 time, 10750.01 real, 993 MB, 1.00 load
[runlim] sample:		10754.25 time, 10760.01 real, 994 MB, 1.00 load
[runlim] sample:		10764.25 time, 10770.01 real, 994 MB, 1.00 load
[runlim] sample:		10774.24 time, 10780.01 real, 994 MB, 1.00 load
[runlim] sample:		10784.24 time, 10790.01 real, 994 MB, 1.00 load
[runlim] sample:		10794.23 time, 10800.01 real, 994 MB, 1.00 load
[runlim] end:			Fri May  8 02:37:23 2026
[runlim] status:		out of time
[runlim] result:		2
[runlim] children:		1
[runlim] processes:		2
[runlim] real:			10801.06 seconds
[runlim] time:			10794.23 seconds
[runlim] space:			1361 MB
[runlim] load:			1.33 maximum
[runlim] samples:		108000
