[runlim] version:		2.0.0rc12
[runlim] host:			fjssp-instance1
[runlim] time limit:		311040000 seconds
[runlim] real time limit:	10800 seconds
[runlim] space limit:		14000 MB
[runlim] argv[0]:		python3
[runlim] argv[1]:		-u
[runlim] argv[2]:		new_greedy.py
[runlim] argv[3]:		datasets/dafjs/DAFJS29
[runlim] start:			Thu Jul 16 21:28:01 2026
[runlim] child:			47451
Operations: 95, Edges: 94, Machines: 10
Greedy Schedule UB: 708
Building constraints took 1.62 seconds.
SAT

=> TOTAL COMPLETION TIME (Makespan / UB): 707
Schedule is valid
 Time taken: 3.57 seconds
SAT

=> TOTAL COMPLETION TIME (Makespan / UB): 706
Schedule is valid
 Time taken: 8.56 seconds
[runlim] sample:		10.00 time, 10.01 real, 332 MB, 1.00 load
SAT

=> TOTAL COMPLETION TIME (Makespan / UB): 705
Schedule is valid
 Time taken: 12.31 seconds
SAT

=> TOTAL COMPLETION TIME (Makespan / UB): 704
Schedule is valid
 Time taken: 17.18 seconds
SAT

=> TOTAL COMPLETION TIME (Makespan / UB): 703
Schedule is valid
 Time taken: 18.93 seconds
[runlim] sample:		20.00 time, 20.01 real, 328 MB, 1.00 load
SAT

=> TOTAL COMPLETION TIME (Makespan / UB): 702
Schedule is valid
 Time taken: 20.79 seconds
SAT

=> TOTAL COMPLETION TIME (Makespan / UB): 701
Schedule is valid
 Time taken: 21.13 seconds
SAT

=> TOTAL COMPLETION TIME (Makespan / UB): 700
Schedule is valid
 Time taken: 22.68 seconds
SAT

=> TOTAL COMPLETION TIME (Makespan / UB): 699
Schedule is valid
 Time taken: 22.85 seconds
SAT

=> TOTAL COMPLETION TIME (Makespan / UB): 698
Schedule is valid
 Time taken: 24.07 seconds
SAT

=> TOTAL COMPLETION TIME (Makespan / UB): 697
Schedule is valid
 Time taken: 24.43 seconds
SAT

=> TOTAL COMPLETION TIME (Makespan / UB): 696
Schedule is valid
 Time taken: 26.13 seconds
SAT

=> TOTAL COMPLETION TIME (Makespan / UB): 695
Schedule is valid
 Time taken: 26.33 seconds
SAT

=> TOTAL COMPLETION TIME (Makespan / UB): 694
Schedule is valid
 Time taken: 28.16 seconds
SAT

=> TOTAL COMPLETION TIME (Makespan / UB): 693
Schedule is valid
 Time taken: 29.50 seconds
[runlim] sample:		29.99 time, 30.01 real, 354 MB, 1.00 load
SAT

=> TOTAL COMPLETION TIME (Makespan / UB): 692
Schedule is valid
 Time taken: 30.47 seconds
SAT

=> TOTAL COMPLETION TIME (Makespan / UB): 691
Schedule is valid
 Time taken: 31.01 seconds
SAT

=> TOTAL COMPLETION TIME (Makespan / UB): 690
Schedule is valid
 Time taken: 31.99 seconds
SAT

=> TOTAL COMPLETION TIME (Makespan / UB): 689
Schedule is valid
 Time taken: 33.86 seconds
[runlim] sample:		40.00 time, 40.01 real, 336 MB, 1.00 load
SAT

=> TOTAL COMPLETION TIME (Makespan / UB): 688
Schedule is valid
 Time taken: 40.50 seconds
SAT

=> TOTAL COMPLETION TIME (Makespan / UB): 687
Schedule is valid
 Time taken: 40.93 seconds
SAT

=> TOTAL COMPLETION TIME (Makespan / UB): 686
Schedule is valid
 Time taken: 41.46 seconds
SAT

=> TOTAL COMPLETION TIME (Makespan / UB): 685
Schedule is valid
 Time taken: 42.52 seconds
SAT

=> TOTAL COMPLETION TIME (Makespan / UB): 684
Schedule is valid
 Time taken: 43.64 seconds
SAT

=> TOTAL COMPLETION TIME (Makespan / UB): 683
Schedule is valid
 Time taken: 44.56 seconds
SAT

=> TOTAL COMPLETION TIME (Makespan / UB): 682
Schedule is valid
 Time taken: 47.64 seconds
SAT

=> TOTAL COMPLETION TIME (Makespan / UB): 681
Schedule is valid
 Time taken: 47.90 seconds
[runlim] sample:		50.00 time, 50.01 real, 332 MB, 1.00 load
SAT

=> TOTAL COMPLETION TIME (Makespan / UB): 680
Schedule is valid
 Time taken: 50.58 seconds
SAT

=> TOTAL COMPLETION TIME (Makespan / UB): 679
Schedule is valid
 Time taken: 51.18 seconds
SAT

=> TOTAL COMPLETION TIME (Makespan / UB): 678
Schedule is valid
 Time taken: 52.56 seconds
SAT

=> TOTAL COMPLETION TIME (Makespan / UB): 677
Schedule is valid
 Time taken: 52.81 seconds
SAT

=> TOTAL COMPLETION TIME (Makespan / UB): 676
Schedule is valid
 Time taken: 54.00 seconds
SAT

=> TOTAL COMPLETION TIME (Makespan / UB): 675
Schedule is valid
 Time taken: 55.20 seconds
SAT

=> TOTAL COMPLETION TIME (Makespan / UB): 674
Schedule is valid
 Time taken: 57.36 seconds
SAT

=> TOTAL COMPLETION TIME (Makespan / UB): 673
Schedule is valid
 Time taken: 58.66 seconds
[runlim] sample:		60.00 time, 60.01 real, 345 MB, 1.00 load
SAT

=> TOTAL COMPLETION TIME (Makespan / UB): 672
Schedule is valid
 Time taken: 59.99 seconds
SAT

=> TOTAL COMPLETION TIME (Makespan / UB): 671
Schedule is valid
 Time taken: 60.23 seconds
SAT

=> TOTAL COMPLETION TIME (Makespan / UB): 670
Schedule is valid
 Time taken: 60.25 seconds
SAT

=> TOTAL COMPLETION TIME (Makespan / UB): 669
Schedule is valid
 Time taken: 61.41 seconds
SAT

=> TOTAL COMPLETION TIME (Makespan / UB): 668
Schedule is valid
 Time taken: 64.62 seconds
SAT

=> TOTAL COMPLETION TIME (Makespan / UB): 667
Schedule is valid
 Time taken: 66.67 seconds
SAT

=> TOTAL COMPLETION TIME (Makespan / UB): 666
Schedule is valid
 Time taken: 68.48 seconds
[runlim] sample:		69.99 time, 70.01 real, 341 MB, 1.00 load
SAT

=> TOTAL COMPLETION TIME (Makespan / UB): 665
Schedule is valid
 Time taken: 70.19 seconds
SAT

=> TOTAL COMPLETION TIME (Makespan / UB): 664
Schedule is valid
 Time taken: 72.05 seconds
SAT

=> TOTAL COMPLETION TIME (Makespan / UB): 663
Schedule is valid
 Time taken: 74.01 seconds
SAT

=> TOTAL COMPLETION TIME (Makespan / UB): 662
Schedule is valid
 Time taken: 75.99 seconds
SAT

=> TOTAL COMPLETION TIME (Makespan / UB): 661
Schedule is valid
 Time taken: 76.31 seconds
SAT

=> TOTAL COMPLETION TIME (Makespan / UB): 660
Schedule is valid
 Time taken: 79.34 seconds
[runlim] sample:		79.99 time, 80.01 real, 299 MB, 1.00 load
SAT

=> TOTAL COMPLETION TIME (Makespan / UB): 659
Schedule is valid
 Time taken: 81.45 seconds
SAT

=> TOTAL COMPLETION TIME (Makespan / UB): 658
Schedule is valid
 Time taken: 81.45 seconds
SAT

=> TOTAL COMPLETION TIME (Makespan / UB): 657
Schedule is valid
 Time taken: 81.46 seconds
SAT

=> TOTAL COMPLETION TIME (Makespan / UB): 656
Schedule is valid
 Time taken: 81.46 seconds
SAT

=> TOTAL COMPLETION TIME (Makespan / UB): 655
Schedule is valid
 Time taken: 89.33 seconds
SAT

=> TOTAL COMPLETION TIME (Makespan / UB): 654
Schedule is valid
 Time taken: 89.67 seconds
[runlim] sample:		89.99 time, 90.01 real, 299 MB, 1.00 load
SAT

=> TOTAL COMPLETION TIME (Makespan / UB): 653
Schedule is valid
 Time taken: 90.08 seconds
SAT

=> TOTAL COMPLETION TIME (Makespan / UB): 652
Schedule is valid
 Time taken: 97.96 seconds
SAT

=> TOTAL COMPLETION TIME (Makespan / UB): 651
Schedule is valid
 Time taken: 98.38 seconds
SAT

=> TOTAL COMPLETION TIME (Makespan / UB): 650
Schedule is valid
 Time taken: 99.92 seconds
[runlim] sample:		99.99 time, 100.01 real, 297 MB, 1.00 load
SAT

=> TOTAL COMPLETION TIME (Makespan / UB): 649
Schedule is valid
 Time taken: 109.22 seconds
[runlim] sample:		109.99 time, 110.01 real, 297 MB, 1.00 load
SAT

=> TOTAL COMPLETION TIME (Makespan / UB): 648
Schedule is valid
 Time taken: 110.95 seconds
SAT

=> TOTAL COMPLETION TIME (Makespan / UB): 647
Schedule is valid
 Time taken: 119.67 seconds
[runlim] sample:		119.99 time, 120.01 real, 323 MB, 1.00 load
[runlim] sample:		129.99 time, 130.01 real, 296 MB, 1.00 load
[runlim] sample:		139.98 time, 140.01 real, 297 MB, 1.00 load
[runlim] sample:		149.98 time, 150.01 real, 294 MB, 1.00 load
[runlim] sample:		159.98 time, 160.01 real, 340 MB, 1.00 load
[runlim] sample:		169.97 time, 170.01 real, 343 MB, 1.00 load
[runlim] sample:		179.97 time, 180.01 real, 344 MB, 1.00 load
[runlim] sample:		189.97 time, 190.01 real, 344 MB, 1.00 load
[runlim] sample:		199.97 time, 200.01 real, 338 MB, 1.00 load
[runlim] sample:		209.97 time, 210.01 real, 339 MB, 1.00 load
[runlim] sample:		219.97 time, 220.01 real, 339 MB, 1.00 load
[runlim] sample:		229.96 time, 230.01 real, 340 MB, 1.00 load
[runlim] sample:		239.95 time, 240.01 real, 340 MB, 1.00 load
[runlim] sample:		249.95 time, 250.01 real, 341 MB, 1.00 load
[runlim] sample:		259.95 time, 260.01 real, 341 MB, 1.00 load
SAT

=> TOTAL COMPLETION TIME (Makespan / UB): 646
Schedule is valid
 Time taken: 261.93 seconds
[runlim] sample:		269.95 time, 270.01 real, 350 MB, 1.00 load
SAT

=> TOTAL COMPLETION TIME (Makespan / UB): 645
Schedule is valid
 Time taken: 272.56 seconds
[runlim] sample:		279.94 time, 280.01 real, 299 MB, 1.00 load
SAT

=> TOTAL COMPLETION TIME (Makespan / UB): 644
Schedule is valid
 Time taken: 280.84 seconds
SAT

=> TOTAL COMPLETION TIME (Makespan / UB): 643
Schedule is valid
 Time taken: 280.92 seconds
SAT

=> TOTAL COMPLETION TIME (Makespan / UB): 642
Schedule is valid
 Time taken: 289.48 seconds
[runlim] sample:		289.95 time, 290.01 real, 302 MB, 1.00 load
SAT

=> TOTAL COMPLETION TIME (Makespan / UB): 641
Schedule is valid
 Time taken: 293.29 seconds
[runlim] sample:		299.95 time, 300.01 real, 304 MB, 1.00 load
SAT

=> TOTAL COMPLETION TIME (Makespan / UB): 640
Schedule is valid
 Time taken: 301.24 seconds
[runlim] sample:		309.94 time, 310.01 real, 298 MB, 1.00 load
[runlim] sample:		319.94 time, 320.01 real, 298 MB, 1.00 load
[runlim] sample:		329.95 time, 330.01 real, 313 MB, 1.00 load
[runlim] sample:		339.94 time, 340.01 real, 308 MB, 1.00 load
[runlim] sample:		349.94 time, 350.01 real, 352 MB, 1.00 load
[runlim] sample:		359.94 time, 360.01 real, 354 MB, 1.00 load
[runlim] sample:		369.94 time, 370.01 real, 354 MB, 1.00 load
[runlim] sample:		379.94 time, 380.01 real, 346 MB, 1.00 load
[runlim] sample:		389.94 time, 390.01 real, 345 MB, 1.00 load
[runlim] sample:		399.94 time, 400.01 real, 346 MB, 1.08 load
[runlim] sample:		409.94 time, 410.01 real, 346 MB, 1.15 load
[runlim] sample:		419.94 time, 420.01 real, 347 MB, 1.12 load
[runlim] sample:		429.94 time, 430.01 real, 347 MB, 1.10 load
[runlim] sample:		439.94 time, 440.01 real, 352 MB, 1.09 load
[runlim] sample:		449.94 time, 450.01 real, 357 MB, 1.07 load
SAT

=> TOTAL COMPLETION TIME (Makespan / UB): 639
Schedule is valid
 Time taken: 456.16 seconds
[runlim] sample:		459.93 time, 460.01 real, 309 MB, 1.06 load
[runlim] sample:		469.93 time, 470.01 real, 307 MB, 1.05 load
[runlim] sample:		479.94 time, 480.01 real, 306 MB, 1.04 load
[runlim] sample:		489.93 time, 490.01 real, 303 MB, 1.04 load
SAT

=> TOTAL COMPLETION TIME (Makespan / UB): 638
Schedule is valid
 Time taken: 491.11 seconds
[runlim] sample:		499.93 time, 500.01 real, 352 MB, 1.03 load
[runlim] sample:		509.93 time, 510.01 real, 352 MB, 1.02 load
[runlim] sample:		519.93 time, 520.01 real, 307 MB, 1.02 load
SAT

=> TOTAL COMPLETION TIME (Makespan / UB): 637
Schedule is valid
 Time taken: 526.67 seconds
SAT

=> TOTAL COMPLETION TIME (Makespan / UB): 636
Schedule is valid
 Time taken: 529.81 seconds
[runlim] sample:		529.93 time, 530.01 real, 306 MB, 1.02 load
[runlim] sample:		539.93 time, 540.01 real, 308 MB, 1.01 load
[runlim] sample:		549.93 time, 550.01 real, 308 MB, 1.01 load
[runlim] sample:		559.93 time, 560.01 real, 354 MB, 1.01 load
SAT

=> TOTAL COMPLETION TIME (Makespan / UB): 635
Schedule is valid
 Time taken: 564.35 seconds
[runlim] sample:		569.93 time, 570.01 real, 354 MB, 1.01 load
[runlim] sample:		579.93 time, 580.01 real, 354 MB, 1.01 load
[runlim] sample:		589.92 time, 590.01 real, 361 MB, 1.00 load
[runlim] sample:		599.92 time, 600.01 real, 354 MB, 1.00 load
[runlim] sample:		609.93 time, 610.01 real, 360 MB, 1.00 load
[runlim] sample:		619.93 time, 620.01 real, 371 MB, 1.00 load
[runlim] sample:		629.92 time, 630.01 real, 373 MB, 1.00 load
[runlim] sample:		639.93 time, 640.01 real, 369 MB, 1.00 load
[runlim] sample:		649.93 time, 650.01 real, 369 MB, 1.00 load
[runlim] sample:		659.92 time, 660.01 real, 365 MB, 1.00 load
[runlim] sample:		669.92 time, 670.01 real, 365 MB, 1.00 load
[runlim] sample:		679.92 time, 680.01 real, 365 MB, 1.00 load
[runlim] sample:		689.92 time, 690.01 real, 366 MB, 1.00 load
[runlim] sample:		699.92 time, 700.01 real, 366 MB, 1.00 load
[runlim] sample:		709.91 time, 710.01 real, 369 MB, 1.00 load
[runlim] sample:		719.92 time, 720.01 real, 381 MB, 1.00 load
[runlim] sample:		729.92 time, 730.01 real, 381 MB, 1.00 load
[runlim] sample:		739.92 time, 740.01 real, 381 MB, 1.00 load
[runlim] sample:		749.91 time, 750.01 real, 377 MB, 1.00 load
[runlim] sample:		759.91 time, 760.01 real, 377 MB, 1.00 load
[runlim] sample:		769.92 time, 770.01 real, 378 MB, 1.00 load
[runlim] sample:		779.92 time, 780.01 real, 378 MB, 1.00 load
[runlim] sample:		789.92 time, 790.01 real, 381 MB, 1.00 load
[runlim] sample:		799.91 time, 800.01 real, 381 MB, 1.00 load
[runlim] sample:		809.91 time, 810.01 real, 381 MB, 1.00 load
[runlim] sample:		819.91 time, 820.01 real, 378 MB, 1.00 load
[runlim] sample:		829.91 time, 830.01 real, 378 MB, 1.00 load
[runlim] sample:		839.91 time, 840.01 real, 375 MB, 1.00 load
[runlim] sample:		849.91 time, 850.01 real, 375 MB, 1.00 load
[runlim] sample:		859.91 time, 860.01 real, 378 MB, 1.00 load
[runlim] sample:		869.91 time, 870.01 real, 378 MB, 1.00 load
[runlim] sample:		879.91 time, 880.01 real, 378 MB, 1.00 load
[runlim] sample:		889.91 time, 890.01 real, 380 MB, 1.00 load
SAT

=> TOTAL COMPLETION TIME (Makespan / UB): 634
Schedule is valid
 Time taken: 890.86 seconds
[runlim] sample:		899.91 time, 900.01 real, 316 MB, 1.00 load
[runlim] sample:		909.90 time, 910.01 real, 312 MB, 1.00 load
[runlim] sample:		919.90 time, 920.01 real, 307 MB, 1.00 load
[runlim] sample:		929.91 time, 930.01 real, 309 MB, 1.00 load
[runlim] sample:		939.90 time, 940.01 real, 317 MB, 1.00 load
[runlim] sample:		949.91 time, 950.01 real, 361 MB, 1.00 load
[runlim] sample:		959.90 time, 960.01 real, 312 MB, 1.00 load
[runlim] sample:		969.90 time, 970.01 real, 312 MB, 1.00 load
[runlim] sample:		979.90 time, 980.01 real, 304 MB, 1.00 load
[runlim] sample:		989.90 time, 990.01 real, 356 MB, 1.00 load
[runlim] sample:		999.90 time, 1000.01 real, 305 MB, 1.00 load
[runlim] sample:		1009.90 time, 1010.01 real, 305 MB, 1.00 load
[runlim] sample:		1019.90 time, 1020.01 real, 349 MB, 1.00 load
[runlim] sample:		1029.90 time, 1030.01 real, 352 MB, 1.00 load
SAT

=> TOTAL COMPLETION TIME (Makespan / UB): 633
Schedule is valid
 Time taken: 1038.76 seconds
[runlim] sample:		1039.90 time, 1040.01 real, 351 MB, 1.00 load
[runlim] sample:		1049.90 time, 1050.01 real, 313 MB, 1.00 load
[runlim] sample:		1059.90 time, 1060.01 real, 313 MB, 1.00 load
[runlim] sample:		1069.90 time, 1070.01 real, 309 MB, 1.00 load
SAT

=> TOTAL COMPLETION TIME (Makespan / UB): 632
Schedule is valid
 Time taken: 1077.40 seconds
[runlim] sample:		1079.90 time, 1080.01 real, 310 MB, 1.00 load
[runlim] sample:		1089.90 time, 1090.01 real, 313 MB, 1.00 load
[runlim] sample:		1099.89 time, 1100.01 real, 313 MB, 1.00 load
[runlim] sample:		1109.89 time, 1110.01 real, 308 MB, 1.00 load
[runlim] sample:		1119.89 time, 1120.01 real, 308 MB, 1.00 load
[runlim] sample:		1129.89 time, 1130.01 real, 313 MB, 1.00 load
[runlim] sample:		1139.89 time, 1140.01 real, 313 MB, 1.00 load
[runlim] sample:		1149.89 time, 1150.01 real, 313 MB, 1.00 load
[runlim] sample:		1159.89 time, 1160.01 real, 319 MB, 1.00 load
[runlim] sample:		1169.89 time, 1170.01 real, 319 MB, 1.00 load
[runlim] sample:		1179.89 time, 1180.01 real, 310 MB, 1.00 load
[runlim] sample:		1189.89 time, 1190.01 real, 310 MB, 1.00 load
[runlim] sample:		1199.89 time, 1200.01 real, 351 MB, 1.00 load
[runlim] sample:		1209.89 time, 1210.01 real, 351 MB, 1.00 load
[runlim] sample:		1219.89 time, 1220.01 real, 354 MB, 1.00 load
[runlim] sample:		1229.89 time, 1230.01 real, 354 MB, 1.00 load
[runlim] sample:		1239.89 time, 1240.01 real, 358 MB, 1.00 load
[runlim] sample:		1249.89 time, 1250.01 real, 358 MB, 1.00 load
[runlim] sample:		1259.89 time, 1260.01 real, 358 MB, 1.00 load
[runlim] sample:		1269.88 time, 1270.01 real, 361 MB, 1.00 load
[runlim] sample:		1279.88 time, 1280.01 real, 361 MB, 1.00 load
[runlim] sample:		1289.88 time, 1290.01 real, 361 MB, 1.00 load
[runlim] sample:		1299.88 time, 1300.01 real, 360 MB, 1.00 load
[runlim] sample:		1309.88 time, 1310.01 real, 360 MB, 1.00 load
[runlim] sample:		1319.88 time, 1320.01 real, 360 MB, 1.00 load
[runlim] sample:		1329.88 time, 1330.01 real, 364 MB, 1.00 load
[runlim] sample:		1339.88 time, 1340.01 real, 364 MB, 1.00 load
[runlim] sample:		1349.88 time, 1350.01 real, 368 MB, 1.00 load
[runlim] sample:		1359.87 time, 1360.01 real, 368 MB, 1.00 load
[runlim] sample:		1369.87 time, 1370.01 real, 368 MB, 1.00 load
[runlim] sample:		1379.87 time, 1380.01 real, 365 MB, 1.00 load
[runlim] sample:		1389.87 time, 1390.01 real, 365 MB, 1.00 load
[runlim] sample:		1399.87 time, 1400.01 real, 365 MB, 1.00 load
[runlim] sample:		1409.87 time, 1410.01 real, 365 MB, 1.00 load
[runlim] sample:		1419.87 time, 1420.01 real, 365 MB, 1.00 load
[runlim] sample:		1429.87 time, 1430.01 real, 365 MB, 1.00 load
[runlim] sample:		1439.87 time, 1440.01 real, 357 MB, 1.00 load
[runlim] sample:		1449.87 time, 1450.01 real, 357 MB, 1.00 load
[runlim] sample:		1459.87 time, 1460.01 real, 355 MB, 1.00 load
[runlim] sample:		1469.87 time, 1470.01 real, 355 MB, 1.00 load
[runlim] sample:		1479.86 time, 1480.01 real, 356 MB, 1.00 load
[runlim] sample:		1489.86 time, 1490.01 real, 356 MB, 1.00 load
[runlim] sample:		1499.87 time, 1500.01 real, 432 MB, 1.00 load
[runlim] sample:		1509.87 time, 1510.01 real, 357 MB, 1.00 load
[runlim] sample:		1519.87 time, 1520.01 real, 357 MB, 1.00 load
[runlim] sample:		1529.87 time, 1530.01 real, 363 MB, 1.00 load
[runlim] sample:		1539.87 time, 1540.01 real, 363 MB, 1.00 load
[runlim] sample:		1549.87 time, 1550.01 real, 363 MB, 1.00 load
[runlim] sample:		1559.86 time, 1560.01 real, 363 MB, 1.00 load
[runlim] sample:		1569.86 time, 1570.01 real, 363 MB, 1.00 load
[runlim] sample:		1579.86 time, 1580.01 real, 363 MB, 1.00 load
[runlim] sample:		1589.86 time, 1590.01 real, 364 MB, 1.00 load
[runlim] sample:		1599.86 time, 1600.01 real, 364 MB, 1.00 load
[runlim] sample:		1609.86 time, 1610.01 real, 365 MB, 1.00 load
[runlim] sample:		1619.86 time, 1620.01 real, 365 MB, 1.00 load
[runlim] sample:		1629.86 time, 1630.01 real, 365 MB, 1.00 load
[runlim] sample:		1639.86 time, 1640.01 real, 327 MB, 1.00 load
[runlim] sample:		1649.86 time, 1650.01 real, 327 MB, 1.00 load
[runlim] sample:		1659.86 time, 1660.01 real, 327 MB, 1.00 load
[runlim] sample:		1669.85 time, 1670.01 real, 328 MB, 1.00 load
[runlim] sample:		1679.85 time, 1680.01 real, 328 MB, 1.00 load
[runlim] sample:		1689.85 time, 1690.01 real, 328 MB, 1.00 load
[runlim] sample:		1699.85 time, 1700.01 real, 329 MB, 1.00 load
[runlim] sample:		1709.85 time, 1710.01 real, 329 MB, 1.00 load
[runlim] sample:		1719.85 time, 1720.01 real, 329 MB, 1.00 load
[runlim] sample:		1729.85 time, 1730.01 real, 329 MB, 1.00 load
[runlim] sample:		1739.85 time, 1740.01 real, 329 MB, 1.00 load
[runlim] sample:		1749.85 time, 1750.01 real, 329 MB, 1.00 load
[runlim] sample:		1759.85 time, 1760.01 real, 334 MB, 1.00 load
[runlim] sample:		1769.85 time, 1770.01 real, 369 MB, 1.00 load
[runlim] sample:		1779.85 time, 1780.01 real, 369 MB, 1.00 load
SAT

=> TOTAL COMPLETION TIME (Makespan / UB): 631
Schedule is valid
 Time taken: 1786.04 seconds
[runlim] sample:		1789.85 time, 1790.01 real, 327 MB, 1.00 load
[runlim] sample:		1799.85 time, 1800.01 real, 327 MB, 1.00 load
[runlim] sample:		1809.85 time, 1810.01 real, 327 MB, 1.00 load
[runlim] sample:		1819.85 time, 1820.01 real, 321 MB, 1.00 load
[runlim] sample:		1829.84 time, 1830.01 real, 323 MB, 1.00 load
[runlim] sample:		1839.84 time, 1840.01 real, 323 MB, 1.00 load
[runlim] sample:		1849.85 time, 1850.01 real, 323 MB, 1.00 load
[runlim] sample:		1859.85 time, 1860.01 real, 323 MB, 1.00 load
[runlim] sample:		1869.85 time, 1870.01 real, 323 MB, 1.00 load
[runlim] sample:		1879.84 time, 1880.01 real, 324 MB, 1.00 load
[runlim] sample:		1889.85 time, 1890.01 real, 370 MB, 1.00 load
[runlim] sample:		1899.85 time, 1900.01 real, 370 MB, 1.00 load
[runlim] sample:		1909.84 time, 1910.01 real, 363 MB, 1.00 load
[runlim] sample:		1919.84 time, 1920.01 real, 363 MB, 1.00 load
[runlim] sample:		1929.84 time, 1930.01 real, 363 MB, 1.00 load
[runlim] sample:		1939.84 time, 1940.01 real, 364 MB, 1.00 load
[runlim] sample:		1949.84 time, 1950.01 real, 364 MB, 1.00 load
[runlim] sample:		1959.84 time, 1960.01 real, 364 MB, 1.00 load
[runlim] sample:		1969.83 time, 1970.01 real, 369 MB, 1.00 load
[runlim] sample:		1979.83 time, 1980.01 real, 369 MB, 1.00 load
[runlim] sample:		1989.83 time, 1990.01 real, 369 MB, 1.00 load
[runlim] sample:		1999.83 time, 2000.01 real, 378 MB, 1.00 load
[runlim] sample:		2009.84 time, 2010.01 real, 378 MB, 1.08 load
SAT

=> TOTAL COMPLETION TIME (Makespan / UB): 630
Schedule is valid
 Time taken: 2017.43 seconds
SAT

=> TOTAL COMPLETION TIME (Makespan / UB): 629
Schedule is valid
 Time taken: 2018.34 seconds
[runlim] sample:		2019.83 time, 2020.01 real, 393 MB, 1.07 load
[runlim] sample:		2029.84 time, 2030.01 real, 421 MB, 1.06 load
[runlim] sample:		2039.83 time, 2040.01 real, 318 MB, 1.05 load
[runlim] sample:		2049.84 time, 2050.01 real, 318 MB, 1.04 load
[runlim] sample:		2059.83 time, 2060.01 real, 318 MB, 1.03 load
[runlim] sample:		2069.83 time, 2070.01 real, 318 MB, 1.03 load
[runlim] sample:		2079.83 time, 2080.01 real, 318 MB, 1.02 load
[runlim] sample:		2089.83 time, 2090.01 real, 409 MB, 1.02 load
[runlim] sample:		2099.83 time, 2100.01 real, 338 MB, 1.02 load
[runlim] sample:		2109.83 time, 2110.01 real, 338 MB, 1.09 load
[runlim] sample:		2119.83 time, 2120.01 real, 333 MB, 1.08 load
[runlim] sample:		2129.83 time, 2130.01 real, 333 MB, 1.07 load
[runlim] sample:		2139.83 time, 2140.01 real, 333 MB, 1.06 load
[runlim] sample:		2149.82 time, 2150.01 real, 367 MB, 1.05 load
[runlim] sample:		2159.82 time, 2160.01 real, 365 MB, 1.04 load
[runlim] sample:		2169.82 time, 2170.01 real, 365 MB, 1.03 load
[runlim] sample:		2179.82 time, 2180.01 real, 365 MB, 1.03 load
[runlim] sample:		2189.82 time, 2190.01 real, 366 MB, 1.02 load
[runlim] sample:		2199.82 time, 2200.01 real, 366 MB, 1.02 load
[runlim] sample:		2209.82 time, 2210.01 real, 366 MB, 1.02 load
[runlim] sample:		2219.82 time, 2220.01 real, 378 MB, 1.01 load
[runlim] sample:		2229.82 time, 2230.01 real, 378 MB, 1.01 load
[runlim] sample:		2239.82 time, 2240.01 real, 378 MB, 1.01 load
[runlim] sample:		2249.82 time, 2250.01 real, 379 MB, 1.01 load
[runlim] sample:		2259.82 time, 2260.01 real, 377 MB, 1.00 load
[runlim] sample:		2269.82 time, 2270.01 real, 377 MB, 1.00 load
[runlim] sample:		2279.82 time, 2280.01 real, 377 MB, 1.00 load
[runlim] sample:		2289.82 time, 2290.01 real, 377 MB, 1.00 load
[runlim] sample:		2299.82 time, 2300.01 real, 377 MB, 1.00 load
[runlim] sample:		2309.81 time, 2310.01 real, 380 MB, 1.00 load
[runlim] sample:		2319.81 time, 2320.01 real, 380 MB, 1.00 load
[runlim] sample:		2329.81 time, 2330.01 real, 380 MB, 1.00 load
[runlim] sample:		2339.81 time, 2340.01 real, 381 MB, 1.00 load
[runlim] sample:		2349.81 time, 2350.01 real, 381 MB, 1.00 load
[runlim] sample:		2359.81 time, 2360.01 real, 381 MB, 1.00 load
SAT

=> TOTAL COMPLETION TIME (Makespan / UB): 628
Schedule is valid
 Time taken: 2362.78 seconds
SAT

=> TOTAL COMPLETION TIME (Makespan / UB): 627
Schedule is valid
 Time taken: 2362.90 seconds
[runlim] sample:		2369.81 time, 2370.01 real, 331 MB, 1.00 load
[runlim] sample:		2379.81 time, 2380.01 real, 331 MB, 1.00 load
[runlim] sample:		2389.81 time, 2390.01 real, 333 MB, 1.00 load
[runlim] sample:		2399.81 time, 2400.01 real, 418 MB, 1.00 load
[runlim] sample:		2409.81 time, 2410.01 real, 335 MB, 1.00 load
[runlim] sample:		2419.81 time, 2420.01 real, 335 MB, 1.00 load
[runlim] sample:		2429.81 time, 2430.01 real, 335 MB, 1.00 load
[runlim] sample:		2439.81 time, 2440.01 real, 338 MB, 1.00 load
[runlim] sample:		2449.81 time, 2450.01 real, 372 MB, 1.00 load
[runlim] sample:		2459.81 time, 2460.01 real, 372 MB, 1.00 load
[runlim] sample:		2469.81 time, 2470.01 real, 366 MB, 1.00 load
[runlim] sample:		2479.81 time, 2480.01 real, 366 MB, 1.00 load
[runlim] sample:		2489.81 time, 2490.01 real, 366 MB, 1.00 load
[runlim] sample:		2499.81 time, 2500.01 real, 366 MB, 1.00 load
[runlim] sample:		2509.80 time, 2510.01 real, 367 MB, 1.00 load
[runlim] sample:		2519.80 time, 2520.01 real, 367 MB, 1.00 load
[runlim] sample:		2529.80 time, 2530.01 real, 367 MB, 1.00 load
[runlim] sample:		2539.80 time, 2540.01 real, 371 MB, 1.00 load
[runlim] sample:		2549.80 time, 2550.01 real, 371 MB, 1.00 load
SAT

=> TOTAL COMPLETION TIME (Makespan / UB): 626
Schedule is valid
 Time taken: 2553.81 seconds
[runlim] sample:		2559.80 time, 2560.01 real, 322 MB, 1.00 load
[runlim] sample:		2569.80 time, 2570.01 real, 328 MB, 1.00 load
[runlim] sample:		2579.80 time, 2580.01 real, 330 MB, 1.00 load
[runlim] sample:		2589.79 time, 2590.01 real, 382 MB, 1.00 load
[runlim] sample:		2599.79 time, 2600.01 real, 382 MB, 1.00 load
[runlim] sample:		2609.80 time, 2610.01 real, 380 MB, 1.00 load
[runlim] sample:		2619.80 time, 2620.01 real, 380 MB, 1.00 load
[runlim] sample:		2629.80 time, 2630.01 real, 380 MB, 1.15 load
[runlim] sample:		2639.80 time, 2640.01 real, 404 MB, 1.12 load
[runlim] sample:		2649.79 time, 2650.01 real, 327 MB, 1.10 load
[runlim] sample:		2659.79 time, 2660.01 real, 327 MB, 1.09 load
[runlim] sample:		2669.79 time, 2670.01 real, 327 MB, 1.07 load
[runlim] sample:		2679.80 time, 2680.01 real, 323 MB, 1.06 load
[runlim] sample:		2689.80 time, 2690.01 real, 323 MB, 1.05 load
[runlim] sample:		2699.79 time, 2700.01 real, 323 MB, 1.04 load
[runlim] sample:		2709.79 time, 2710.01 real, 323 MB, 1.04 load
[runlim] sample:		2719.79 time, 2720.01 real, 322 MB, 1.03 load
[runlim] sample:		2729.79 time, 2730.01 real, 322 MB, 1.02 load
[runlim] sample:		2739.79 time, 2740.01 real, 322 MB, 1.02 load
[runlim] sample:		2749.79 time, 2750.01 real, 368 MB, 1.02 load
[runlim] sample:		2759.79 time, 2760.01 real, 374 MB, 1.01 load
[runlim] sample:		2769.79 time, 2770.01 real, 374 MB, 1.01 load
[runlim] sample:		2779.79 time, 2780.01 real, 374 MB, 1.01 load
[runlim] sample:		2789.78 time, 2790.01 real, 379 MB, 1.01 load
[runlim] sample:		2799.78 time, 2800.01 real, 379 MB, 1.01 load
[runlim] sample:		2809.78 time, 2810.01 real, 379 MB, 1.00 load
[runlim] sample:		2819.78 time, 2820.01 real, 379 MB, 1.00 load
[runlim] sample:		2829.79 time, 2830.01 real, 379 MB, 1.00 load
[runlim] sample:		2839.78 time, 2840.01 real, 387 MB, 1.00 load
[runlim] sample:		2849.78 time, 2850.01 real, 387 MB, 1.00 load
[runlim] sample:		2859.78 time, 2860.01 real, 387 MB, 1.00 load
[runlim] sample:		2869.78 time, 2870.01 real, 387 MB, 1.00 load
[runlim] sample:		2879.78 time, 2880.01 real, 387 MB, 1.00 load
[runlim] sample:		2889.78 time, 2890.01 real, 383 MB, 1.00 load
[runlim] sample:		2899.78 time, 2900.01 real, 383 MB, 1.00 load
[runlim] sample:		2909.78 time, 2910.01 real, 383 MB, 1.00 load
[runlim] sample:		2919.78 time, 2920.01 real, 383 MB, 1.00 load
[runlim] sample:		2929.78 time, 2930.01 real, 386 MB, 1.00 load
[runlim] sample:		2939.78 time, 2940.01 real, 386 MB, 1.00 load
[runlim] sample:		2949.77 time, 2950.01 real, 386 MB, 1.00 load
[runlim] sample:		2959.77 time, 2960.01 real, 386 MB, 1.00 load
[runlim] sample:		2969.77 time, 2970.01 real, 375 MB, 1.00 load
[runlim] sample:		2979.77 time, 2980.01 real, 375 MB, 1.00 load
[runlim] sample:		2989.77 time, 2990.01 real, 375 MB, 1.00 load
[runlim] sample:		2999.77 time, 3000.01 real, 375 MB, 1.00 load
[runlim] sample:		3009.77 time, 3010.01 real, 369 MB, 1.00 load
[runlim] sample:		3019.77 time, 3020.01 real, 369 MB, 1.00 load
[runlim] sample:		3029.77 time, 3030.01 real, 369 MB, 1.07 load
[runlim] sample:		3039.77 time, 3040.01 real, 369 MB, 1.06 load
[runlim] sample:		3049.77 time, 3050.01 real, 371 MB, 1.05 load
[runlim] sample:		3059.76 time, 3060.01 real, 371 MB, 1.04 load
[runlim] sample:		3069.76 time, 3070.01 real, 371 MB, 1.04 load
[runlim] sample:		3079.76 time, 3080.01 real, 371 MB, 1.03 load
[runlim] sample:		3089.76 time, 3090.01 real, 372 MB, 1.02 load
[runlim] sample:		3099.77 time, 3100.01 real, 372 MB, 1.02 load
[runlim] sample:		3109.77 time, 3110.01 real, 372 MB, 1.02 load
[runlim] sample:		3119.77 time, 3120.01 real, 372 MB, 1.01 load
[runlim] sample:		3129.77 time, 3130.01 real, 373 MB, 1.01 load
[runlim] sample:		3139.76 time, 3140.01 real, 375 MB, 1.01 load
[runlim] sample:		3149.76 time, 3150.01 real, 375 MB, 1.01 load
[runlim] sample:		3159.76 time, 3160.01 real, 375 MB, 1.01 load
[runlim] sample:		3169.76 time, 3170.01 real, 375 MB, 1.00 load
[runlim] sample:		3179.77 time, 3180.01 real, 376 MB, 1.00 load
[runlim] sample:		3189.77 time, 3190.01 real, 376 MB, 1.00 load
[runlim] sample:		3199.76 time, 3200.01 real, 376 MB, 1.00 load
[runlim] sample:		3209.76 time, 3210.01 real, 376 MB, 1.00 load
[runlim] sample:		3219.76 time, 3220.01 real, 376 MB, 1.00 load
[runlim] sample:		3229.76 time, 3230.01 real, 376 MB, 1.00 load
[runlim] sample:		3239.76 time, 3240.01 real, 376 MB, 1.00 load
[runlim] sample:		3249.76 time, 3250.01 real, 376 MB, 1.00 load
[runlim] sample:		3259.76 time, 3260.01 real, 376 MB, 1.00 load
[runlim] sample:		3269.76 time, 3270.01 real, 376 MB, 1.00 load
[runlim] sample:		3279.76 time, 3280.01 real, 377 MB, 1.00 load
[runlim] sample:		3289.76 time, 3290.01 real, 377 MB, 1.00 load
[runlim] sample:		3299.76 time, 3300.01 real, 380 MB, 1.00 load
[runlim] sample:		3309.76 time, 3310.01 real, 380 MB, 1.00 load
[runlim] sample:		3319.76 time, 3320.01 real, 380 MB, 1.00 load
[runlim] sample:		3329.75 time, 3330.01 real, 380 MB, 1.00 load
[runlim] sample:		3339.75 time, 3340.01 real, 380 MB, 1.00 load
[runlim] sample:		3349.75 time, 3350.01 real, 380 MB, 1.00 load
[runlim] sample:		3359.75 time, 3360.01 real, 380 MB, 1.00 load
[runlim] sample:		3369.75 time, 3370.01 real, 385 MB, 1.00 load
[runlim] sample:		3379.75 time, 3380.01 real, 385 MB, 1.00 load
[runlim] sample:		3389.75 time, 3390.01 real, 385 MB, 1.00 load
[runlim] sample:		3399.75 time, 3400.01 real, 385 MB, 1.00 load
[runlim] sample:		3409.75 time, 3410.01 real, 392 MB, 1.00 load
[runlim] sample:		3419.75 time, 3420.01 real, 392 MB, 1.00 load
[runlim] sample:		3429.75 time, 3430.01 real, 392 MB, 1.00 load
[runlim] sample:		3439.74 time, 3440.01 real, 392 MB, 1.00 load
[runlim] sample:		3449.74 time, 3450.01 real, 392 MB, 1.00 load
[runlim] sample:		3459.74 time, 3460.01 real, 388 MB, 1.00 load
[runlim] sample:		3469.74 time, 3470.01 real, 388 MB, 1.00 load
[runlim] sample:		3479.74 time, 3480.01 real, 388 MB, 1.00 load
[runlim] sample:		3489.74 time, 3490.01 real, 388 MB, 1.00 load
[runlim] sample:		3499.74 time, 3500.01 real, 355 MB, 1.00 load
[runlim] sample:		3509.74 time, 3510.01 real, 355 MB, 1.00 load
[runlim] sample:		3519.74 time, 3520.01 real, 353 MB, 1.00 load
[runlim] sample:		3529.74 time, 3530.01 real, 353 MB, 1.00 load
[runlim] sample:		3539.74 time, 3540.01 real, 353 MB, 1.00 load
[runlim] sample:		3549.74 time, 3550.01 real, 353 MB, 1.00 load
[runlim] sample:		3559.74 time, 3560.01 real, 356 MB, 1.00 load
[runlim] sample:		3569.74 time, 3570.01 real, 356 MB, 1.00 load
[runlim] sample:		3579.74 time, 3580.01 real, 356 MB, 1.00 load
[runlim] sample:		3589.74 time, 3590.01 real, 356 MB, 1.00 load
[runlim] sample:		3599.73 time, 3600.01 real, 356 MB, 1.00 load
[runlim] sample:		3609.73 time, 3610.01 real, 360 MB, 1.00 load
[runlim] sample:		3619.73 time, 3620.01 real, 360 MB, 1.00 load
[runlim] sample:		3629.73 time, 3630.01 real, 360 MB, 1.00 load
[runlim] sample:		3639.73 time, 3640.01 real, 360 MB, 1.00 load
[runlim] sample:		3649.73 time, 3650.01 real, 360 MB, 1.00 load
[runlim] sample:		3659.73 time, 3660.01 real, 358 MB, 1.00 load
[runlim] sample:		3669.73 time, 3670.01 real, 358 MB, 1.00 load
[runlim] sample:		3679.73 time, 3680.01 real, 358 MB, 1.00 load
[runlim] sample:		3689.73 time, 3690.01 real, 358 MB, 1.00 load
[runlim] sample:		3699.73 time, 3700.01 real, 358 MB, 1.00 load
[runlim] sample:		3709.73 time, 3710.01 real, 386 MB, 1.00 load
[runlim] sample:		3719.73 time, 3720.01 real, 384 MB, 1.00 load
[runlim] sample:		3729.73 time, 3730.01 real, 384 MB, 1.00 load
SAT

=> TOTAL COMPLETION TIME (Makespan / UB): 625
Schedule is valid
 Time taken: 3738.48 seconds
[runlim] sample:		3739.73 time, 3740.01 real, 408 MB, 1.00 load
[runlim] sample:		3749.73 time, 3750.01 real, 408 MB, 1.00 load
[runlim] sample:		3759.73 time, 3760.01 real, 387 MB, 1.00 load
[runlim] sample:		3769.72 time, 3770.01 real, 387 MB, 1.00 load
[runlim] sample:		3779.72 time, 3780.01 real, 387 MB, 1.00 load
[runlim] sample:		3789.72 time, 3790.01 real, 387 MB, 1.00 load
[runlim] sample:		3799.72 time, 3800.01 real, 386 MB, 1.00 load
[runlim] sample:		3809.72 time, 3810.01 real, 386 MB, 1.00 load
[runlim] sample:		3819.72 time, 3820.01 real, 386 MB, 1.00 load
[runlim] sample:		3829.72 time, 3830.01 real, 386 MB, 1.00 load
[runlim] sample:		3839.72 time, 3840.01 real, 390 MB, 1.00 load
[runlim] sample:		3849.72 time, 3850.01 real, 390 MB, 1.00 load
[runlim] sample:		3859.72 time, 3860.01 real, 390 MB, 1.00 load
[runlim] sample:		3869.72 time, 3870.01 real, 390 MB, 1.00 load
[runlim] sample:		3879.72 time, 3880.01 real, 382 MB, 1.00 load
[runlim] sample:		3889.72 time, 3890.01 real, 399 MB, 1.00 load
[runlim] sample:		3899.72 time, 3900.01 real, 399 MB, 1.00 load
[runlim] sample:		3909.72 time, 3910.01 real, 399 MB, 1.00 load
[runlim] sample:		3919.72 time, 3920.01 real, 399 MB, 1.00 load
SAT

=> TOTAL COMPLETION TIME (Makespan / UB): 624
Schedule is valid
 Time taken: 3920.37 seconds
[runlim] sample:		3929.72 time, 3930.01 real, 401 MB, 1.00 load
[runlim] sample:		3939.72 time, 3940.01 real, 401 MB, 1.00 load
[runlim] sample:		3949.72 time, 3950.01 real, 401 MB, 1.00 load
[runlim] sample:		3959.72 time, 3960.01 real, 401 MB, 1.00 load
[runlim] sample:		3969.72 time, 3970.01 real, 401 MB, 1.00 load
[runlim] sample:		3979.71 time, 3980.01 real, 406 MB, 1.00 load
[runlim] sample:		3989.71 time, 3990.01 real, 406 MB, 1.00 load
[runlim] sample:		3999.71 time, 4000.01 real, 406 MB, 1.00 load
[runlim] sample:		4009.71 time, 4010.01 real, 406 MB, 1.00 load
[runlim] sample:		4019.71 time, 4020.01 real, 406 MB, 1.00 load
[runlim] sample:		4029.72 time, 4030.01 real, 419 MB, 1.00 load
[runlim] sample:		4039.71 time, 4040.01 real, 419 MB, 1.00 load
[runlim] sample:		4049.71 time, 4050.01 real, 419 MB, 1.00 load
[runlim] sample:		4059.71 time, 4060.01 real, 419 MB, 1.00 load
[runlim] sample:		4069.71 time, 4070.01 real, 419 MB, 1.00 load
[runlim] sample:		4079.71 time, 4080.01 real, 401 MB, 1.00 load
[runlim] sample:		4089.71 time, 4090.01 real, 401 MB, 1.00 load
[runlim] sample:		4099.71 time, 4100.01 real, 369 MB, 1.00 load
[runlim] sample:		4109.71 time, 4110.01 real, 369 MB, 1.00 load
[runlim] sample:		4119.71 time, 4120.01 real, 369 MB, 1.00 load
[runlim] sample:		4129.70 time, 4130.01 real, 463 MB, 1.00 load
[runlim] sample:		4139.71 time, 4140.01 real, 371 MB, 1.00 load
SAT

=> TOTAL COMPLETION TIME (Makespan / UB): 623
Schedule is valid
 Time taken: 4142.13 seconds
SAT

=> TOTAL COMPLETION TIME (Makespan / UB): 622
Schedule is valid
 Time taken: 4142.25 seconds
[runlim] sample:		4149.71 time, 4150.01 real, 375 MB, 1.00 load
[runlim] sample:		4159.71 time, 4160.01 real, 375 MB, 1.00 load
[runlim] sample:		4169.71 time, 4170.01 real, 375 MB, 1.00 load
[runlim] sample:		4179.70 time, 4180.01 real, 381 MB, 1.00 load
[runlim] sample:		4189.70 time, 4190.01 real, 381 MB, 1.00 load
[runlim] sample:		4199.70 time, 4200.01 real, 381 MB, 1.00 load
[runlim] sample:		4209.70 time, 4210.01 real, 381 MB, 1.00 load
[runlim] sample:		4219.70 time, 4220.01 real, 387 MB, 1.00 load
[runlim] sample:		4229.70 time, 4230.01 real, 387 MB, 1.00 load
[runlim] sample:		4239.70 time, 4240.01 real, 387 MB, 1.00 load
[runlim] sample:		4249.70 time, 4250.01 real, 387 MB, 1.00 load
[runlim] sample:		4259.70 time, 4260.01 real, 387 MB, 1.00 load
[runlim] sample:		4269.70 time, 4270.01 real, 387 MB, 1.00 load
[runlim] sample:		4279.70 time, 4280.01 real, 379 MB, 1.07 load
[runlim] sample:		4289.70 time, 4290.01 real, 379 MB, 1.06 load
[runlim] sample:		4299.70 time, 4300.01 real, 379 MB, 1.05 load
[runlim] sample:		4309.70 time, 4310.01 real, 409 MB, 1.04 load
[runlim] sample:		4319.69 time, 4320.01 real, 409 MB, 1.04 load
[runlim] sample:		4329.69 time, 4330.01 real, 409 MB, 1.03 load
[runlim] sample:		4339.69 time, 4340.01 real, 404 MB, 1.02 load
[runlim] sample:		4349.69 time, 4350.01 real, 404 MB, 1.02 load
[runlim] sample:		4359.69 time, 4360.01 real, 404 MB, 1.02 load
[runlim] sample:		4369.69 time, 4370.01 real, 404 MB, 1.01 load
[runlim] sample:		4379.69 time, 4380.01 real, 404 MB, 1.01 load
[runlim] sample:		4389.69 time, 4390.01 real, 414 MB, 1.01 load
[runlim] sample:		4399.69 time, 4400.01 real, 414 MB, 1.01 load
[runlim] sample:		4409.69 time, 4410.01 real, 414 MB, 1.01 load
[runlim] sample:		4419.69 time, 4420.01 real, 414 MB, 1.00 load
[runlim] sample:		4429.69 time, 4430.01 real, 414 MB, 1.00 load
[runlim] sample:		4439.68 time, 4440.01 real, 415 MB, 1.00 load
[runlim] sample:		4449.68 time, 4450.01 real, 415 MB, 1.00 load
[runlim] sample:		4459.68 time, 4460.01 real, 415 MB, 1.00 load
[runlim] sample:		4469.68 time, 4470.01 real, 415 MB, 1.00 load
[runlim] sample:		4479.68 time, 4480.01 real, 415 MB, 1.00 load
[runlim] sample:		4489.68 time, 4490.01 real, 415 MB, 1.00 load
[runlim] sample:		4499.68 time, 4500.01 real, 412 MB, 1.00 load
[runlim] sample:		4509.68 time, 4510.01 real, 412 MB, 1.00 load
[runlim] sample:		4519.68 time, 4520.01 real, 412 MB, 1.00 load
[runlim] sample:		4529.68 time, 4530.01 real, 412 MB, 1.00 load
SAT

=> TOTAL COMPLETION TIME (Makespan / UB): 621
Schedule is valid
 Time taken: 4531.30 seconds
[runlim] sample:		4539.68 time, 4540.01 real, 411 MB, 1.00 load
[runlim] sample:		4549.67 time, 4550.01 real, 411 MB, 1.00 load
[runlim] sample:		4559.67 time, 4560.01 real, 411 MB, 1.00 load
[runlim] sample:		4569.67 time, 4570.01 real, 411 MB, 1.00 load
[runlim] sample:		4579.67 time, 4580.01 real, 411 MB, 1.00 load
[runlim] sample:		4589.67 time, 4590.01 real, 411 MB, 1.00 load
[runlim] sample:		4599.68 time, 4600.01 real, 408 MB, 1.00 load
[runlim] sample:		4609.68 time, 4610.01 real, 408 MB, 1.00 load
[runlim] sample:		4619.68 time, 4620.01 real, 408 MB, 1.00 load
[runlim] sample:		4629.68 time, 4630.01 real, 408 MB, 1.00 load
[runlim] sample:		4639.68 time, 4640.01 real, 410 MB, 1.00 load
[runlim] sample:		4649.68 time, 4650.01 real, 410 MB, 1.00 load
[runlim] sample:		4659.68 time, 4660.01 real, 410 MB, 1.00 load
[runlim] sample:		4669.67 time, 4670.01 real, 410 MB, 1.00 load
[runlim] sample:		4679.67 time, 4680.01 real, 410 MB, 1.00 load
[runlim] sample:		4689.67 time, 4690.01 real, 410 MB, 1.00 load
[runlim] sample:		4699.67 time, 4700.01 real, 405 MB, 1.00 load
[runlim] sample:		4709.67 time, 4710.01 real, 405 MB, 1.00 load
[runlim] sample:		4719.67 time, 4720.01 real, 405 MB, 1.00 load
[runlim] sample:		4729.67 time, 4730.01 real, 405 MB, 1.00 load
[runlim] sample:		4739.67 time, 4740.01 real, 405 MB, 1.00 load
[runlim] sample:		4749.67 time, 4750.01 real, 409 MB, 1.00 load
[runlim] sample:		4759.66 time, 4760.01 real, 409 MB, 1.00 load
[runlim] sample:		4769.66 time, 4770.01 real, 409 MB, 1.00 load
[runlim] sample:		4779.66 time, 4780.01 real, 409 MB, 1.00 load
[runlim] sample:		4789.66 time, 4790.01 real, 409 MB, 1.00 load
[runlim] sample:		4799.66 time, 4800.01 real, 413 MB, 1.00 load
[runlim] sample:		4809.66 time, 4810.01 real, 413 MB, 1.00 load
[runlim] sample:		4819.66 time, 4820.01 real, 413 MB, 1.07 load
[runlim] sample:		4829.66 time, 4830.01 real, 413 MB, 1.06 load
[runlim] sample:		4839.66 time, 4840.01 real, 413 MB, 1.05 load
[runlim] sample:		4849.65 time, 4850.01 real, 413 MB, 1.04 load
[runlim] sample:		4859.66 time, 4860.01 real, 415 MB, 1.04 load
[runlim] sample:		4869.66 time, 4870.01 real, 415 MB, 1.03 load
[runlim] sample:		4879.66 time, 4880.01 real, 415 MB, 1.02 load
[runlim] sample:		4889.66 time, 4890.01 real, 415 MB, 1.02 load
[runlim] sample:		4899.66 time, 4900.01 real, 415 MB, 1.02 load
[runlim] sample:		4909.66 time, 4910.01 real, 413 MB, 1.01 load
[runlim] sample:		4919.66 time, 4920.01 real, 413 MB, 1.01 load
[runlim] sample:		4929.66 time, 4930.01 real, 413 MB, 1.01 load
[runlim] sample:		4939.66 time, 4940.01 real, 413 MB, 1.01 load
[runlim] sample:		4949.66 time, 4950.01 real, 413 MB, 1.01 load
[runlim] sample:		4959.65 time, 4960.01 real, 413 MB, 1.00 load
[runlim] sample:		4969.66 time, 4970.01 real, 412 MB, 1.00 load
[runlim] sample:		4979.65 time, 4980.01 real, 412 MB, 1.00 load
[runlim] sample:		4989.65 time, 4990.01 real, 412 MB, 1.00 load
[runlim] sample:		4999.65 time, 5000.01 real, 412 MB, 1.00 load
[runlim] sample:		5009.65 time, 5010.01 real, 412 MB, 1.00 load
[runlim] sample:		5019.65 time, 5020.01 real, 412 MB, 1.00 load
[runlim] sample:		5029.65 time, 5030.01 real, 406 MB, 1.00 load
[runlim] sample:		5039.65 time, 5040.01 real, 406 MB, 1.00 load
[runlim] sample:		5049.65 time, 5050.01 real, 406 MB, 1.00 load
[runlim] sample:		5059.65 time, 5060.01 real, 406 MB, 1.00 load
[runlim] sample:		5069.65 time, 5070.01 real, 406 MB, 1.00 load
[runlim] sample:		5079.65 time, 5080.01 real, 407 MB, 1.00 load
[runlim] sample:		5089.65 time, 5090.01 real, 407 MB, 1.00 load
[runlim] sample:		5099.65 time, 5100.01 real, 407 MB, 1.00 load
[runlim] sample:		5109.65 time, 5110.01 real, 407 MB, 1.00 load
[runlim] sample:		5119.65 time, 5120.01 real, 407 MB, 1.00 load
[runlim] sample:		5129.65 time, 5130.01 real, 407 MB, 1.00 load
[runlim] sample:		5139.65 time, 5140.01 real, 407 MB, 1.00 load
[runlim] sample:		5149.64 time, 5150.01 real, 408 MB, 1.00 load
[runlim] sample:		5159.64 time, 5160.01 real, 408 MB, 1.07 load
[runlim] sample:		5169.64 time, 5170.01 real, 408 MB, 1.06 load
[runlim] sample:		5179.64 time, 5180.01 real, 408 MB, 1.05 load
[runlim] sample:		5189.64 time, 5190.01 real, 408 MB, 1.04 load
[runlim] sample:		5199.64 time, 5200.01 real, 408 MB, 1.04 load
[runlim] sample:		5209.64 time, 5210.01 real, 408 MB, 1.03 load
[runlim] sample:		5219.64 time, 5220.01 real, 408 MB, 1.02 load
[runlim] sample:		5229.64 time, 5230.01 real, 408 MB, 1.02 load
[runlim] sample:		5239.64 time, 5240.01 real, 408 MB, 1.02 load
[runlim] sample:		5249.64 time, 5250.01 real, 408 MB, 1.01 load
[runlim] sample:		5259.63 time, 5260.01 real, 408 MB, 1.01 load
[runlim] sample:		5269.63 time, 5270.01 real, 408 MB, 1.01 load
[runlim] sample:		5279.63 time, 5280.01 real, 408 MB, 1.01 load
[runlim] sample:		5289.64 time, 5290.01 real, 409 MB, 1.01 load
[runlim] sample:		5299.64 time, 5300.01 real, 409 MB, 1.00 load
[runlim] sample:		5309.63 time, 5310.01 real, 409 MB, 1.00 load
[runlim] sample:		5319.63 time, 5320.01 real, 409 MB, 1.00 load
[runlim] sample:		5329.63 time, 5330.01 real, 409 MB, 1.00 load
[runlim] sample:		5339.63 time, 5340.01 real, 409 MB, 1.00 load
[runlim] sample:		5349.63 time, 5350.01 real, 409 MB, 1.00 load
[runlim] sample:		5359.62 time, 5360.01 real, 410 MB, 1.00 load
[runlim] sample:		5369.62 time, 5370.01 real, 410 MB, 1.00 load
[runlim] sample:		5379.62 time, 5380.01 real, 410 MB, 1.00 load
[runlim] sample:		5389.62 time, 5390.01 real, 410 MB, 1.00 load
[runlim] sample:		5399.62 time, 5400.01 real, 410 MB, 1.00 load
[runlim] sample:		5409.62 time, 5410.01 real, 410 MB, 1.00 load
[runlim] sample:		5419.62 time, 5420.01 real, 410 MB, 1.08 load
[runlim] sample:		5429.62 time, 5430.01 real, 411 MB, 1.07 load
[runlim] sample:		5439.62 time, 5440.01 real, 411 MB, 1.06 load
[runlim] sample:		5449.62 time, 5450.01 real, 411 MB, 1.05 load
[runlim] sample:		5459.62 time, 5460.01 real, 411 MB, 1.04 load
[runlim] sample:		5469.62 time, 5470.01 real, 411 MB, 1.03 load
[runlim] sample:		5479.62 time, 5480.01 real, 424 MB, 1.03 load
[runlim] sample:		5489.62 time, 5490.01 real, 424 MB, 1.02 load
[runlim] sample:		5499.62 time, 5500.01 real, 424 MB, 1.02 load
SAT

=> TOTAL COMPLETION TIME (Makespan / UB): 620
Schedule is valid
 Time taken: 5508.44 seconds
[runlim] sample:		5509.62 time, 5510.01 real, 424 MB, 1.02 load
[runlim] sample:		5519.62 time, 5520.01 real, 424 MB, 1.01 load
[runlim] sample:		5529.62 time, 5530.01 real, 424 MB, 1.01 load
[runlim] sample:		5539.62 time, 5540.01 real, 451 MB, 1.01 load
[runlim] sample:		5549.61 time, 5550.01 real, 426 MB, 1.01 load
[runlim] sample:		5559.61 time, 5560.01 real, 426 MB, 1.00 load
[runlim] sample:		5569.61 time, 5570.01 real, 426 MB, 1.00 load
[runlim] sample:		5579.61 time, 5580.01 real, 426 MB, 1.00 load
[runlim] sample:		5589.61 time, 5590.01 real, 426 MB, 1.00 load
[runlim] sample:		5599.61 time, 5600.01 real, 426 MB, 1.00 load
[runlim] sample:		5609.61 time, 5610.01 real, 431 MB, 1.00 load
[runlim] sample:		5619.61 time, 5620.01 real, 431 MB, 1.00 load
[runlim] sample:		5629.61 time, 5630.01 real, 431 MB, 1.00 load
[runlim] sample:		5639.61 time, 5640.01 real, 431 MB, 1.00 load
[runlim] sample:		5649.61 time, 5650.01 real, 431 MB, 1.00 load
[runlim] sample:		5659.61 time, 5660.01 real, 431 MB, 1.00 load
[runlim] sample:		5669.61 time, 5670.01 real, 427 MB, 1.00 load
[runlim] sample:		5679.61 time, 5680.01 real, 427 MB, 1.00 load
[runlim] sample:		5689.61 time, 5690.01 real, 427 MB, 1.00 load
[runlim] sample:		5699.61 time, 5700.01 real, 427 MB, 1.00 load
[runlim] sample:		5709.61 time, 5710.01 real, 427 MB, 1.00 load
[runlim] sample:		5719.61 time, 5720.01 real, 427 MB, 1.00 load
[runlim] sample:		5729.61 time, 5730.01 real, 427 MB, 1.00 load
[runlim] sample:		5739.61 time, 5740.01 real, 427 MB, 1.00 load
[runlim] sample:		5749.61 time, 5750.01 real, 427 MB, 1.00 load
[runlim] sample:		5759.61 time, 5760.01 real, 427 MB, 1.00 load
[runlim] sample:		5769.61 time, 5770.01 real, 427 MB, 1.00 load
[runlim] sample:		5779.60 time, 5780.01 real, 427 MB, 1.00 load
[runlim] sample:		5789.60 time, 5790.01 real, 427 MB, 1.00 load
[runlim] sample:		5799.60 time, 5800.01 real, 438 MB, 1.00 load
[runlim] sample:		5809.60 time, 5810.01 real, 385 MB, 1.00 load
[runlim] sample:		5819.60 time, 5820.01 real, 385 MB, 1.00 load
[runlim] sample:		5829.60 time, 5830.01 real, 385 MB, 1.00 load
[runlim] sample:		5839.60 time, 5840.01 real, 385 MB, 1.00 load
[runlim] sample:		5849.60 time, 5850.01 real, 385 MB, 1.00 load
[runlim] sample:		5859.59 time, 5860.01 real, 392 MB, 1.00 load
[runlim] sample:		5869.59 time, 5870.01 real, 392 MB, 1.00 load
[runlim] sample:		5879.59 time, 5880.01 real, 392 MB, 1.00 load
[runlim] sample:		5889.59 time, 5890.01 real, 392 MB, 1.00 load
[runlim] sample:		5899.59 time, 5900.01 real, 392 MB, 1.00 load
[runlim] sample:		5909.59 time, 5910.01 real, 392 MB, 1.00 load
[runlim] sample:		5919.59 time, 5920.01 real, 394 MB, 1.00 load
[runlim] sample:		5929.59 time, 5930.01 real, 394 MB, 1.00 load
SAT

=> TOTAL COMPLETION TIME (Makespan / UB): 619
Schedule is valid
 Time taken: 5930.40 seconds
[runlim] sample:		5939.59 time, 5940.01 real, 394 MB, 1.00 load
[runlim] sample:		5949.59 time, 5950.01 real, 394 MB, 1.00 load
[runlim] sample:		5959.59 time, 5960.01 real, 394 MB, 1.00 load
[runlim] sample:		5969.59 time, 5970.01 real, 394 MB, 1.00 load
[runlim] sample:		5979.59 time, 5980.01 real, 384 MB, 1.00 load
[runlim] sample:		5989.59 time, 5990.01 real, 384 MB, 1.00 load
[runlim] sample:		5999.58 time, 6000.01 real, 384 MB, 1.00 load
[runlim] sample:		6009.58 time, 6010.01 real, 384 MB, 1.00 load
[runlim] sample:		6019.58 time, 6020.01 real, 384 MB, 1.00 load
[runlim] sample:		6029.58 time, 6030.01 real, 385 MB, 1.00 load
[runlim] sample:		6039.58 time, 6040.01 real, 385 MB, 1.00 load
[runlim] sample:		6049.58 time, 6050.01 real, 385 MB, 1.00 load
[runlim] sample:		6059.58 time, 6060.01 real, 420 MB, 1.00 load
[runlim] sample:		6069.58 time, 6070.01 real, 420 MB, 1.00 load
[runlim] sample:		6079.58 time, 6080.01 real, 420 MB, 1.00 load
[runlim] sample:		6089.58 time, 6090.01 real, 420 MB, 1.00 load
[runlim] sample:		6099.58 time, 6100.01 real, 413 MB, 1.00 load
[runlim] sample:		6109.58 time, 6110.01 real, 413 MB, 1.00 load
[runlim] sample:		6119.58 time, 6120.01 real, 413 MB, 1.00 load
[runlim] sample:		6129.58 time, 6130.01 real, 413 MB, 1.00 load
[runlim] sample:		6139.58 time, 6140.01 real, 413 MB, 1.00 load
[runlim] sample:		6149.58 time, 6150.01 real, 413 MB, 1.00 load
[runlim] sample:		6159.58 time, 6160.01 real, 413 MB, 1.00 load
[runlim] sample:		6169.58 time, 6170.01 real, 417 MB, 1.00 load
[runlim] sample:		6179.58 time, 6180.01 real, 417 MB, 1.00 load
[runlim] sample:		6189.58 time, 6190.01 real, 417 MB, 1.00 load
[runlim] sample:		6199.58 time, 6200.01 real, 417 MB, 1.00 load
[runlim] sample:		6209.58 time, 6210.01 real, 417 MB, 1.00 load
[runlim] sample:		6219.57 time, 6220.01 real, 430 MB, 1.00 load
[runlim] sample:		6229.57 time, 6230.01 real, 430 MB, 1.00 load
[runlim] sample:		6239.57 time, 6240.01 real, 430 MB, 1.00 load
[runlim] sample:		6249.57 time, 6250.01 real, 430 MB, 1.00 load
[runlim] sample:		6259.57 time, 6260.01 real, 430 MB, 1.00 load
[runlim] sample:		6269.57 time, 6270.01 real, 430 MB, 1.00 load
[runlim] sample:		6279.57 time, 6280.01 real, 430 MB, 1.00 load
[runlim] sample:		6289.57 time, 6290.01 real, 434 MB, 1.00 load
[runlim] sample:		6299.57 time, 6300.01 real, 434 MB, 1.00 load
[runlim] sample:		6309.57 time, 6310.01 real, 434 MB, 1.00 load
[runlim] sample:		6319.57 time, 6320.01 real, 434 MB, 1.00 load
[runlim] sample:		6329.56 time, 6330.01 real, 441 MB, 1.00 load
[runlim] sample:		6339.56 time, 6340.01 real, 441 MB, 1.00 load
[runlim] sample:		6349.56 time, 6350.01 real, 441 MB, 1.00 load
[runlim] sample:		6359.57 time, 6360.01 real, 430 MB, 1.00 load
[runlim] sample:		6369.57 time, 6370.01 real, 430 MB, 1.00 load
[runlim] sample:		6379.57 time, 6380.01 real, 430 MB, 1.00 load
[runlim] sample:		6389.56 time, 6390.01 real, 430 MB, 1.00 load
[runlim] sample:		6399.56 time, 6400.01 real, 430 MB, 1.00 load
[runlim] sample:		6409.56 time, 6410.01 real, 430 MB, 1.00 load
[runlim] sample:		6419.56 time, 6420.01 real, 430 MB, 1.00 load
[runlim] sample:		6429.56 time, 6430.01 real, 427 MB, 1.00 load
[runlim] sample:		6439.56 time, 6440.01 real, 427 MB, 1.00 load
[runlim] sample:		6449.56 time, 6450.01 real, 427 MB, 1.00 load
[runlim] sample:		6459.56 time, 6460.01 real, 427 MB, 1.00 load
[runlim] sample:		6469.56 time, 6470.01 real, 427 MB, 1.00 load
[runlim] sample:		6479.56 time, 6480.01 real, 427 MB, 1.00 load
[runlim] sample:		6489.56 time, 6490.01 real, 427 MB, 1.00 load
[runlim] sample:		6499.56 time, 6500.01 real, 427 MB, 1.00 load
[runlim] sample:		6509.56 time, 6510.01 real, 423 MB, 1.00 load
[runlim] sample:		6519.56 time, 6520.01 real, 423 MB, 1.00 load
[runlim] sample:		6529.56 time, 6530.01 real, 423 MB, 1.00 load
[runlim] sample:		6539.56 time, 6540.01 real, 423 MB, 1.00 load
[runlim] sample:		6549.56 time, 6550.01 real, 423 MB, 1.00 load
[runlim] sample:		6559.56 time, 6560.01 real, 423 MB, 1.00 load
[runlim] sample:		6569.56 time, 6570.01 real, 423 MB, 1.00 load
[runlim] sample:		6579.55 time, 6580.01 real, 424 MB, 1.00 load
[runlim] sample:		6589.55 time, 6590.01 real, 424 MB, 1.00 load
[runlim] sample:		6599.55 time, 6600.01 real, 424 MB, 1.00 load
[runlim] sample:		6609.55 time, 6610.01 real, 424 MB, 1.00 load
[runlim] sample:		6619.55 time, 6620.01 real, 424 MB, 1.00 load
[runlim] sample:		6629.55 time, 6630.01 real, 424 MB, 1.00 load
[runlim] sample:		6639.55 time, 6640.01 real, 424 MB, 1.00 load
[runlim] sample:		6649.55 time, 6650.01 real, 424 MB, 1.00 load
[runlim] sample:		6659.55 time, 6660.01 real, 425 MB, 1.00 load
[runlim] sample:		6669.55 time, 6670.01 real, 425 MB, 1.00 load
[runlim] sample:		6679.55 time, 6680.01 real, 425 MB, 1.00 load
[runlim] sample:		6689.55 time, 6690.01 real, 425 MB, 1.00 load
[runlim] sample:		6699.55 time, 6700.01 real, 425 MB, 1.00 load
[runlim] sample:		6709.55 time, 6710.01 real, 425 MB, 1.00 load
[runlim] sample:		6719.55 time, 6720.01 real, 425 MB, 1.00 load
[runlim] sample:		6729.55 time, 6730.01 real, 425 MB, 1.00 load
[runlim] sample:		6739.55 time, 6740.01 real, 425 MB, 1.00 load
[runlim] sample:		6749.55 time, 6750.01 real, 425 MB, 1.00 load
[runlim] sample:		6759.55 time, 6760.01 real, 425 MB, 1.00 load
[runlim] sample:		6769.54 time, 6770.01 real, 425 MB, 1.00 load
[runlim] sample:		6779.54 time, 6780.01 real, 425 MB, 1.00 load
[runlim] sample:		6789.54 time, 6790.01 real, 425 MB, 1.00 load
[runlim] sample:		6799.54 time, 6800.01 real, 425 MB, 1.00 load
[runlim] sample:		6809.54 time, 6810.01 real, 425 MB, 1.00 load
[runlim] sample:		6819.54 time, 6820.01 real, 426 MB, 1.00 load
[runlim] sample:		6829.54 time, 6830.01 real, 426 MB, 1.00 load
[runlim] sample:		6839.54 time, 6840.01 real, 426 MB, 1.00 load
[runlim] sample:		6849.54 time, 6850.01 real, 426 MB, 1.00 load
[runlim] sample:		6859.54 time, 6860.01 real, 426 MB, 1.00 load
[runlim] sample:		6869.54 time, 6870.01 real, 426 MB, 1.00 load
[runlim] sample:		6879.53 time, 6880.01 real, 426 MB, 1.00 load
[runlim] sample:		6889.53 time, 6890.01 real, 426 MB, 1.00 load
[runlim] sample:		6899.53 time, 6900.01 real, 426 MB, 1.00 load
[runlim] sample:		6909.53 time, 6910.01 real, 427 MB, 1.00 load
[runlim] sample:		6919.53 time, 6920.01 real, 427 MB, 1.00 load
[runlim] sample:		6929.53 time, 6930.01 real, 427 MB, 1.00 load
[runlim] sample:		6939.53 time, 6940.01 real, 427 MB, 1.00 load
[runlim] sample:		6949.53 time, 6950.01 real, 427 MB, 1.00 load
[runlim] sample:		6959.53 time, 6960.01 real, 427 MB, 1.00 load
[runlim] sample:		6969.53 time, 6970.01 real, 427 MB, 1.00 load
[runlim] sample:		6979.53 time, 6980.01 real, 437 MB, 1.00 load
[runlim] sample:		6989.53 time, 6990.01 real, 437 MB, 1.00 load
[runlim] sample:		6999.53 time, 7000.01 real, 437 MB, 1.00 load
[runlim] sample:		7009.53 time, 7010.01 real, 437 MB, 1.00 load
[runlim] sample:		7019.53 time, 7020.01 real, 437 MB, 1.00 load
[runlim] sample:		7029.53 time, 7030.01 real, 437 MB, 1.00 load
[runlim] sample:		7039.53 time, 7040.01 real, 437 MB, 1.00 load
[runlim] sample:		7049.52 time, 7050.01 real, 439 MB, 1.00 load
[runlim] sample:		7059.52 time, 7060.01 real, 439 MB, 1.00 load
[runlim] sample:		7069.52 time, 7070.01 real, 439 MB, 1.00 load
[runlim] sample:		7079.52 time, 7080.01 real, 439 MB, 1.00 load
[runlim] sample:		7089.52 time, 7090.01 real, 439 MB, 1.00 load
[runlim] sample:		7099.52 time, 7100.01 real, 439 MB, 1.00 load
[runlim] sample:		7109.52 time, 7110.01 real, 439 MB, 1.00 load
[runlim] sample:		7119.52 time, 7120.01 real, 434 MB, 1.00 load
[runlim] sample:		7129.52 time, 7130.01 real, 434 MB, 1.00 load
[runlim] sample:		7139.52 time, 7140.01 real, 434 MB, 1.00 load
[runlim] sample:		7149.52 time, 7150.01 real, 434 MB, 1.00 load
[runlim] sample:		7159.52 time, 7160.01 real, 434 MB, 1.00 load
[runlim] sample:		7169.52 time, 7170.01 real, 434 MB, 1.00 load
[runlim] sample:		7179.52 time, 7180.01 real, 428 MB, 1.00 load
[runlim] sample:		7189.52 time, 7190.01 real, 428 MB, 1.00 load
[runlim] sample:		7199.52 time, 7200.01 real, 428 MB, 1.00 load
[runlim] sample:		7209.52 time, 7210.01 real, 428 MB, 1.00 load
[runlim] sample:		7219.52 time, 7220.01 real, 428 MB, 1.00 load
[runlim] sample:		7229.52 time, 7230.01 real, 428 MB, 1.00 load
[runlim] sample:		7239.52 time, 7240.01 real, 433 MB, 1.00 load
[runlim] sample:		7249.52 time, 7250.01 real, 433 MB, 1.00 load
[runlim] sample:		7259.52 time, 7260.01 real, 433 MB, 1.00 load
[runlim] sample:		7269.51 time, 7270.01 real, 433 MB, 1.00 load
[runlim] sample:		7279.51 time, 7280.01 real, 433 MB, 1.00 load
[runlim] sample:		7289.51 time, 7290.01 real, 433 MB, 1.00 load
[runlim] sample:		7299.51 time, 7300.01 real, 433 MB, 1.00 load
[runlim] sample:		7309.51 time, 7310.01 real, 438 MB, 1.00 load
[runlim] sample:		7319.50 time, 7320.01 real, 438 MB, 1.00 load
[runlim] sample:		7329.50 time, 7330.01 real, 438 MB, 1.00 load
[runlim] sample:		7339.50 time, 7340.01 real, 438 MB, 1.00 load
[runlim] sample:		7349.50 time, 7350.01 real, 438 MB, 1.00 load
[runlim] sample:		7359.50 time, 7360.01 real, 438 MB, 1.00 load
[runlim] sample:		7369.50 time, 7370.01 real, 438 MB, 1.00 load
[runlim] sample:		7379.50 time, 7380.01 real, 431 MB, 1.00 load
[runlim] sample:		7389.50 time, 7390.01 real, 431 MB, 1.00 load
[runlim] sample:		7399.50 time, 7400.01 real, 431 MB, 1.00 load
[runlim] sample:		7409.50 time, 7410.01 real, 431 MB, 1.00 load
[runlim] sample:		7419.50 time, 7420.01 real, 431 MB, 1.00 load
[runlim] sample:		7429.50 time, 7430.01 real, 431 MB, 1.00 load
[runlim] sample:		7439.50 time, 7440.01 real, 431 MB, 1.00 load
[runlim] sample:		7449.50 time, 7450.01 real, 437 MB, 1.00 load
[runlim] sample:		7459.50 time, 7460.01 real, 437 MB, 1.00 load
[runlim] sample:		7469.50 time, 7470.01 real, 437 MB, 1.00 load
[runlim] sample:		7479.50 time, 7480.01 real, 437 MB, 1.00 load
[runlim] sample:		7489.50 time, 7490.01 real, 437 MB, 1.00 load
SAT

=> TOTAL COMPLETION TIME (Makespan / UB): 618
Schedule is valid
 Time taken: 7498.51 seconds
[runlim] sample:		7499.50 time, 7500.01 real, 438 MB, 1.00 load
[runlim] sample:		7509.50 time, 7510.01 real, 438 MB, 1.00 load
[runlim] sample:		7519.50 time, 7520.01 real, 428 MB, 1.00 load
[runlim] sample:		7529.50 time, 7530.01 real, 428 MB, 1.00 load
[runlim] sample:		7539.50 time, 7540.01 real, 428 MB, 1.00 load
[runlim] sample:		7549.50 time, 7550.01 real, 428 MB, 1.00 load
[runlim] sample:		7559.50 time, 7560.01 real, 428 MB, 1.07 load
[runlim] sample:		7569.50 time, 7570.01 real, 440 MB, 1.06 load
[runlim] sample:		7579.49 time, 7580.01 real, 440 MB, 1.05 load
[runlim] sample:		7589.49 time, 7590.01 real, 445 MB, 1.04 load
[runlim] sample:		7599.49 time, 7600.01 real, 445 MB, 1.04 load
[runlim] sample:		7609.49 time, 7610.01 real, 445 MB, 1.03 load
[runlim] sample:		7619.49 time, 7620.01 real, 445 MB, 1.02 load
[runlim] sample:		7629.49 time, 7630.01 real, 445 MB, 1.02 load
[runlim] sample:		7639.49 time, 7640.01 real, 445 MB, 1.02 load
[runlim] sample:		7649.49 time, 7650.01 real, 445 MB, 1.01 load
[runlim] sample:		7659.49 time, 7660.01 real, 445 MB, 1.01 load
[runlim] sample:		7669.49 time, 7670.01 real, 445 MB, 1.01 load
[runlim] sample:		7679.49 time, 7680.01 real, 445 MB, 1.01 load
[runlim] sample:		7689.49 time, 7690.01 real, 445 MB, 1.01 load
[runlim] sample:		7699.49 time, 7700.01 real, 445 MB, 1.00 load
[runlim] sample:		7709.49 time, 7710.01 real, 445 MB, 1.00 load
[runlim] sample:		7719.49 time, 7720.01 real, 445 MB, 1.00 load
[runlim] sample:		7729.49 time, 7730.01 real, 445 MB, 1.00 load
[runlim] sample:		7739.48 time, 7740.01 real, 445 MB, 1.00 load
[runlim] sample:		7749.48 time, 7750.01 real, 438 MB, 1.00 load
[runlim] sample:		7759.48 time, 7760.01 real, 438 MB, 1.00 load
[runlim] sample:		7769.48 time, 7770.01 real, 438 MB, 1.00 load
[runlim] sample:		7779.48 time, 7780.01 real, 438 MB, 1.00 load
[runlim] sample:		7789.48 time, 7790.01 real, 438 MB, 1.00 load
[runlim] sample:		7799.48 time, 7800.01 real, 438 MB, 1.00 load
[runlim] sample:		7809.47 time, 7810.01 real, 452 MB, 1.00 load
[runlim] sample:		7819.47 time, 7820.01 real, 452 MB, 1.00 load
[runlim] sample:		7829.47 time, 7830.01 real, 452 MB, 1.00 load
[runlim] sample:		7839.47 time, 7840.01 real, 452 MB, 1.00 load
[runlim] sample:		7849.47 time, 7850.01 real, 452 MB, 1.00 load
[runlim] sample:		7859.47 time, 7860.01 real, 452 MB, 1.00 load
[runlim] sample:		7869.48 time, 7870.01 real, 452 MB, 1.00 load
[runlim] sample:		7879.47 time, 7880.01 real, 457 MB, 1.00 load
[runlim] sample:		7889.47 time, 7890.01 real, 457 MB, 1.00 load
[runlim] sample:		7899.47 time, 7900.01 real, 457 MB, 1.00 load
[runlim] sample:		7909.47 time, 7910.01 real, 457 MB, 1.00 load
[runlim] sample:		7919.47 time, 7920.01 real, 457 MB, 1.00 load
[runlim] sample:		7929.47 time, 7930.01 real, 457 MB, 1.00 load
[runlim] sample:		7939.47 time, 7940.01 real, 457 MB, 1.00 load
[runlim] sample:		7949.46 time, 7950.01 real, 449 MB, 1.00 load
[runlim] sample:		7959.46 time, 7960.01 real, 449 MB, 1.00 load
[runlim] sample:		7969.46 time, 7970.01 real, 449 MB, 1.00 load
[runlim] sample:		7979.46 time, 7980.01 real, 449 MB, 1.00 load
[runlim] sample:		7989.46 time, 7990.01 real, 449 MB, 1.00 load
[runlim] sample:		7999.46 time, 8000.01 real, 449 MB, 1.00 load
[runlim] sample:		8009.46 time, 8010.01 real, 449 MB, 1.00 load
[runlim] sample:		8019.46 time, 8020.01 real, 449 MB, 1.00 load
[runlim] sample:		8029.47 time, 8030.01 real, 445 MB, 1.00 load
[runlim] sample:		8039.46 time, 8040.01 real, 445 MB, 1.00 load
[runlim] sample:		8049.46 time, 8050.01 real, 445 MB, 1.00 load
[runlim] sample:		8059.46 time, 8060.01 real, 445 MB, 1.00 load
[runlim] sample:		8069.46 time, 8070.01 real, 445 MB, 1.00 load
[runlim] sample:		8079.46 time, 8080.01 real, 445 MB, 1.00 load
[runlim] sample:		8089.46 time, 8090.01 real, 445 MB, 1.00 load
[runlim] sample:		8099.46 time, 8100.01 real, 445 MB, 1.00 load
[runlim] sample:		8109.46 time, 8110.01 real, 445 MB, 1.00 load
[runlim] sample:		8119.46 time, 8120.01 real, 439 MB, 1.00 load
[runlim] sample:		8129.46 time, 8130.01 real, 439 MB, 1.00 load
[runlim] sample:		8139.46 time, 8140.01 real, 439 MB, 1.00 load
[runlim] sample:		8149.46 time, 8150.01 real, 439 MB, 1.00 load
[runlim] sample:		8159.46 time, 8160.01 real, 439 MB, 1.00 load
[runlim] sample:		8169.46 time, 8170.01 real, 439 MB, 1.00 load
[runlim] sample:		8179.46 time, 8180.01 real, 439 MB, 1.00 load
[runlim] sample:		8189.46 time, 8190.01 real, 439 MB, 1.00 load
[runlim] sample:		8199.46 time, 8200.01 real, 439 MB, 1.00 load
[runlim] sample:		8209.46 time, 8210.01 real, 441 MB, 1.00 load
[runlim] sample:		8219.45 time, 8220.01 real, 441 MB, 1.00 load
[runlim] sample:		8229.45 time, 8230.01 real, 441 MB, 1.00 load
[runlim] sample:		8239.45 time, 8240.01 real, 441 MB, 1.00 load
[runlim] sample:		8249.45 time, 8250.01 real, 441 MB, 1.00 load
[runlim] sample:		8259.45 time, 8260.01 real, 441 MB, 1.00 load
[runlim] sample:		8269.45 time, 8270.01 real, 441 MB, 1.00 load
[runlim] sample:		8279.45 time, 8280.01 real, 441 MB, 1.00 load
[runlim] sample:		8289.45 time, 8290.01 real, 441 MB, 1.00 load
[runlim] sample:		8299.45 time, 8300.01 real, 441 MB, 1.00 load
[runlim] sample:		8309.45 time, 8310.01 real, 444 MB, 1.00 load
[runlim] sample:		8319.45 time, 8320.01 real, 444 MB, 1.00 load
[runlim] sample:		8329.45 time, 8330.01 real, 444 MB, 1.00 load
[runlim] sample:		8339.45 time, 8340.01 real, 444 MB, 1.00 load
[runlim] sample:		8349.45 time, 8350.01 real, 444 MB, 1.00 load
[runlim] sample:		8359.45 time, 8360.01 real, 444 MB, 1.00 load
[runlim] sample:		8369.45 time, 8370.01 real, 444 MB, 1.00 load
[runlim] sample:		8379.44 time, 8380.01 real, 444 MB, 1.00 load
[runlim] sample:		8389.44 time, 8390.01 real, 444 MB, 1.00 load
[runlim] sample:		8399.44 time, 8400.01 real, 443 MB, 1.00 load
[runlim] sample:		8409.44 time, 8410.01 real, 443 MB, 1.00 load
[runlim] sample:		8419.44 time, 8420.01 real, 443 MB, 1.00 load
[runlim] sample:		8429.44 time, 8430.01 real, 443 MB, 1.00 load
[runlim] sample:		8439.44 time, 8440.01 real, 443 MB, 1.00 load
[runlim] sample:		8449.44 time, 8450.01 real, 443 MB, 1.00 load
[runlim] sample:		8459.44 time, 8460.01 real, 443 MB, 1.00 load
[runlim] sample:		8469.44 time, 8470.01 real, 443 MB, 1.00 load
[runlim] sample:		8479.43 time, 8480.01 real, 443 MB, 1.00 load
[runlim] sample:		8489.43 time, 8490.01 real, 443 MB, 1.00 load
[runlim] sample:		8499.43 time, 8500.01 real, 443 MB, 1.00 load
[runlim] sample:		8509.43 time, 8510.01 real, 443 MB, 1.00 load
[runlim] sample:		8519.43 time, 8520.01 real, 443 MB, 1.00 load
[runlim] sample:		8529.43 time, 8530.01 real, 443 MB, 1.00 load
[runlim] sample:		8539.43 time, 8540.01 real, 443 MB, 1.00 load
[runlim] sample:		8549.43 time, 8550.01 real, 443 MB, 1.00 load
[runlim] sample:		8559.43 time, 8560.01 real, 443 MB, 1.00 load
[runlim] sample:		8569.42 time, 8570.01 real, 443 MB, 1.00 load
[runlim] sample:		8579.43 time, 8580.01 real, 447 MB, 1.00 load
[runlim] sample:		8589.43 time, 8590.01 real, 447 MB, 1.00 load
[runlim] sample:		8599.43 time, 8600.01 real, 447 MB, 1.00 load
[runlim] sample:		8609.43 time, 8610.01 real, 447 MB, 1.00 load
[runlim] sample:		8619.43 time, 8620.01 real, 447 MB, 1.00 load
[runlim] sample:		8629.43 time, 8630.01 real, 447 MB, 1.00 load
[runlim] sample:		8639.43 time, 8640.01 real, 447 MB, 1.00 load
[runlim] sample:		8649.43 time, 8650.01 real, 458 MB, 1.00 load
[runlim] sample:		8659.43 time, 8660.01 real, 458 MB, 1.00 load
[runlim] sample:		8669.43 time, 8670.01 real, 458 MB, 1.00 load
[runlim] sample:		8679.43 time, 8680.01 real, 458 MB, 1.00 load
[runlim] sample:		8689.43 time, 8690.01 real, 458 MB, 1.00 load
[runlim] sample:		8699.43 time, 8700.01 real, 458 MB, 1.00 load
[runlim] sample:		8709.42 time, 8710.01 real, 458 MB, 1.00 load
[runlim] sample:		8719.42 time, 8720.01 real, 458 MB, 1.00 load
[runlim] sample:		8729.42 time, 8730.01 real, 464 MB, 1.00 load
[runlim] sample:		8739.42 time, 8740.01 real, 464 MB, 1.00 load
[runlim] sample:		8749.42 time, 8750.01 real, 464 MB, 1.00 load
[runlim] sample:		8759.42 time, 8760.01 real, 464 MB, 1.00 load
[runlim] sample:		8769.42 time, 8770.01 real, 464 MB, 1.00 load
[runlim] sample:		8779.42 time, 8780.01 real, 464 MB, 1.00 load
[runlim] sample:		8789.42 time, 8790.01 real, 464 MB, 1.00 load
[runlim] sample:		8799.42 time, 8800.01 real, 450 MB, 1.00 load
[runlim] sample:		8809.42 time, 8810.01 real, 450 MB, 1.00 load
[runlim] sample:		8819.42 time, 8820.01 real, 450 MB, 1.00 load
[runlim] sample:		8829.42 time, 8830.01 real, 450 MB, 1.00 load
[runlim] sample:		8839.42 time, 8840.01 real, 450 MB, 1.00 load
[runlim] sample:		8849.42 time, 8850.01 real, 450 MB, 1.00 load
[runlim] sample:		8859.41 time, 8860.01 real, 450 MB, 1.00 load
[runlim] sample:		8869.41 time, 8870.01 real, 450 MB, 1.00 load
[runlim] sample:		8879.41 time, 8880.01 real, 451 MB, 1.00 load
[runlim] sample:		8889.41 time, 8890.01 real, 451 MB, 1.00 load
[runlim] sample:		8899.41 time, 8900.01 real, 451 MB, 1.00 load
[runlim] sample:		8909.41 time, 8910.01 real, 451 MB, 1.00 load
[runlim] sample:		8919.41 time, 8920.01 real, 451 MB, 1.00 load
[runlim] sample:		8929.41 time, 8930.01 real, 451 MB, 1.00 load
[runlim] sample:		8939.41 time, 8940.01 real, 451 MB, 1.00 load
[runlim] sample:		8949.41 time, 8950.01 real, 451 MB, 1.00 load
[runlim] sample:		8959.41 time, 8960.01 real, 454 MB, 1.00 load
[runlim] sample:		8969.41 time, 8970.01 real, 454 MB, 1.00 load
[runlim] sample:		8979.41 time, 8980.01 real, 454 MB, 1.00 load
[runlim] sample:		8989.41 time, 8990.01 real, 454 MB, 1.00 load
[runlim] sample:		8999.40 time, 9000.01 real, 454 MB, 1.00 load
[runlim] sample:		9009.40 time, 9010.01 real, 454 MB, 1.00 load
[runlim] sample:		9019.40 time, 9020.01 real, 454 MB, 1.00 load
[runlim] sample:		9029.40 time, 9030.01 real, 445 MB, 1.08 load
[runlim] sample:		9039.40 time, 9040.01 real, 445 MB, 1.07 load
[runlim] sample:		9049.40 time, 9050.01 real, 445 MB, 1.06 load
[runlim] sample:		9059.40 time, 9060.01 real, 445 MB, 1.05 load
[runlim] sample:		9069.40 time, 9070.01 real, 445 MB, 1.04 load
[runlim] sample:		9079.40 time, 9080.01 real, 445 MB, 1.03 load
[runlim] sample:		9089.40 time, 9090.01 real, 445 MB, 1.03 load
[runlim] sample:		9099.40 time, 9100.01 real, 455 MB, 1.02 load
[runlim] sample:		9109.40 time, 9110.01 real, 455 MB, 1.02 load
[runlim] sample:		9119.40 time, 9120.01 real, 455 MB, 1.02 load
[runlim] sample:		9129.40 time, 9130.01 real, 455 MB, 1.01 load
[runlim] sample:		9139.40 time, 9140.01 real, 455 MB, 1.01 load
[runlim] sample:		9149.40 time, 9150.01 real, 455 MB, 1.01 load
[runlim] sample:		9159.39 time, 9160.01 real, 455 MB, 1.08 load
[runlim] sample:		9169.39 time, 9170.01 real, 455 MB, 1.07 load
[runlim] sample:		9179.39 time, 9180.01 real, 461 MB, 1.06 load
[runlim] sample:		9189.39 time, 9190.01 real, 461 MB, 1.05 load
[runlim] sample:		9199.39 time, 9200.01 real, 461 MB, 1.04 load
[runlim] sample:		9209.39 time, 9210.01 real, 461 MB, 1.03 load
[runlim] sample:		9219.39 time, 9220.01 real, 461 MB, 1.03 load
[runlim] sample:		9229.39 time, 9230.01 real, 461 MB, 1.02 load
[runlim] sample:		9239.39 time, 9240.01 real, 461 MB, 1.02 load
[runlim] sample:		9249.39 time, 9250.01 real, 461 MB, 1.02 load
[runlim] sample:		9259.38 time, 9260.01 real, 461 MB, 1.01 load
[runlim] sample:		9269.39 time, 9270.01 real, 454 MB, 1.01 load
[runlim] sample:		9279.39 time, 9280.01 real, 454 MB, 1.01 load
[runlim] sample:		9289.39 time, 9290.01 real, 454 MB, 1.01 load
[runlim] sample:		9299.39 time, 9300.01 real, 454 MB, 1.00 load
[runlim] sample:		9309.39 time, 9310.01 real, 454 MB, 1.00 load
[runlim] sample:		9319.38 time, 9320.01 real, 454 MB, 1.00 load
[runlim] sample:		9329.38 time, 9330.01 real, 454 MB, 1.00 load
[runlim] sample:		9339.38 time, 9340.01 real, 455 MB, 1.00 load
[runlim] sample:		9349.38 time, 9350.01 real, 455 MB, 1.00 load
[runlim] sample:		9359.38 time, 9360.01 real, 455 MB, 1.00 load
[runlim] sample:		9369.37 time, 9370.01 real, 455 MB, 1.00 load
[runlim] sample:		9379.37 time, 9380.01 real, 455 MB, 1.00 load
[runlim] sample:		9389.37 time, 9390.01 real, 455 MB, 1.00 load
[runlim] sample:		9399.37 time, 9400.01 real, 455 MB, 1.00 load
[runlim] sample:		9409.37 time, 9410.01 real, 455 MB, 1.00 load
[runlim] sample:		9419.37 time, 9420.01 real, 459 MB, 1.00 load
[runlim] sample:		9429.37 time, 9430.01 real, 459 MB, 1.00 load
[runlim] sample:		9439.37 time, 9440.01 real, 459 MB, 1.00 load
[runlim] sample:		9449.38 time, 9450.01 real, 459 MB, 1.00 load
[runlim] sample:		9459.38 time, 9460.01 real, 459 MB, 1.00 load
[runlim] sample:		9469.38 time, 9470.01 real, 459 MB, 1.00 load
[runlim] sample:		9479.38 time, 9480.01 real, 459 MB, 1.00 load
[runlim] sample:		9489.38 time, 9490.01 real, 459 MB, 1.00 load
[runlim] sample:		9499.38 time, 9500.01 real, 459 MB, 1.00 load
[runlim] sample:		9509.37 time, 9510.01 real, 459 MB, 1.00 load
[runlim] sample:		9519.37 time, 9520.01 real, 459 MB, 1.00 load
[runlim] sample:		9529.37 time, 9530.01 real, 459 MB, 1.00 load
[runlim] sample:		9539.37 time, 9540.01 real, 459 MB, 1.00 load
[runlim] sample:		9549.37 time, 9550.01 real, 459 MB, 1.00 load
[runlim] sample:		9559.37 time, 9560.01 real, 459 MB, 1.00 load
[runlim] sample:		9569.37 time, 9570.01 real, 459 MB, 1.00 load
[runlim] sample:		9579.37 time, 9580.01 real, 459 MB, 1.00 load
[runlim] sample:		9589.37 time, 9590.01 real, 459 MB, 1.00 load
[runlim] sample:		9599.37 time, 9600.01 real, 444 MB, 1.00 load
[runlim] sample:		9609.36 time, 9610.01 real, 444 MB, 1.00 load
[runlim] sample:		9619.36 time, 9620.01 real, 444 MB, 1.00 load
[runlim] sample:		9629.36 time, 9630.01 real, 444 MB, 1.00 load
[runlim] sample:		9639.36 time, 9640.01 real, 444 MB, 1.00 load
[runlim] sample:		9649.36 time, 9650.01 real, 444 MB, 1.00 load
[runlim] sample:		9659.36 time, 9660.01 real, 444 MB, 1.00 load
[runlim] sample:		9669.36 time, 9670.01 real, 444 MB, 1.00 load
[runlim] sample:		9679.36 time, 9680.01 real, 444 MB, 1.00 load
[runlim] sample:		9689.36 time, 9690.01 real, 444 MB, 1.00 load
[runlim] sample:		9699.36 time, 9700.01 real, 552 MB, 1.00 load
[runlim] sample:		9709.36 time, 9710.01 real, 445 MB, 1.00 load
[runlim] sample:		9719.36 time, 9720.01 real, 445 MB, 1.00 load
[runlim] sample:		9729.35 time, 9730.01 real, 445 MB, 1.00 load
[runlim] sample:		9739.35 time, 9740.01 real, 445 MB, 1.00 load
[runlim] sample:		9749.35 time, 9750.01 real, 445 MB, 1.00 load
[runlim] sample:		9759.35 time, 9760.01 real, 445 MB, 1.00 load
[runlim] sample:		9769.35 time, 9770.01 real, 445 MB, 1.00 load
[runlim] sample:		9779.35 time, 9780.01 real, 445 MB, 1.08 load
[runlim] sample:		9789.35 time, 9790.01 real, 445 MB, 1.07 load
[runlim] sample:		9799.35 time, 9800.01 real, 445 MB, 1.06 load
[runlim] sample:		9809.36 time, 9810.01 real, 446 MB, 1.05 load
[runlim] sample:		9819.36 time, 9820.01 real, 446 MB, 1.04 load
[runlim] sample:		9829.35 time, 9830.01 real, 446 MB, 1.03 load
[runlim] sample:		9839.35 time, 9840.01 real, 446 MB, 1.03 load
[runlim] sample:		9849.35 time, 9850.01 real, 446 MB, 1.02 load
[runlim] sample:		9859.35 time, 9860.01 real, 446 MB, 1.02 load
[runlim] sample:		9869.35 time, 9870.01 real, 446 MB, 1.02 load
[runlim] sample:		9879.35 time, 9880.01 real, 446 MB, 1.01 load
[runlim] sample:		9889.35 time, 9890.01 real, 446 MB, 1.01 load
[runlim] sample:		9899.35 time, 9900.01 real, 446 MB, 1.01 load
[runlim] sample:		9909.35 time, 9910.01 real, 447 MB, 1.01 load
[runlim] sample:		9919.35 time, 9920.01 real, 447 MB, 1.00 load
[runlim] sample:		9929.35 time, 9930.01 real, 447 MB, 1.00 load
[runlim] sample:		9939.35 time, 9940.01 real, 447 MB, 1.00 load
[runlim] sample:		9949.35 time, 9950.01 real, 447 MB, 1.00 load
[runlim] sample:		9959.35 time, 9960.01 real, 447 MB, 1.00 load
[runlim] sample:		9969.35 time, 9970.01 real, 447 MB, 1.00 load
[runlim] sample:		9979.35 time, 9980.01 real, 447 MB, 1.00 load
[runlim] sample:		9989.35 time, 9990.01 real, 447 MB, 1.00 load
[runlim] sample:		9999.35 time, 10000.01 real, 447 MB, 1.00 load
[runlim] sample:		10009.34 time, 10010.01 real, 448 MB, 1.00 load
[runlim] sample:		10019.34 time, 10020.01 real, 448 MB, 1.00 load
[runlim] sample:		10029.34 time, 10030.01 real, 448 MB, 1.08 load
[runlim] sample:		10039.34 time, 10040.01 real, 448 MB, 1.07 load
[runlim] sample:		10049.34 time, 10050.01 real, 448 MB, 1.06 load
[runlim] sample:		10059.34 time, 10060.01 real, 470 MB, 1.05 load
[runlim] sample:		10069.34 time, 10070.01 real, 470 MB, 1.04 load
[runlim] sample:		10079.34 time, 10080.01 real, 470 MB, 1.03 load
[runlim] sample:		10089.34 time, 10090.01 real, 470 MB, 1.03 load
[runlim] sample:		10099.34 time, 10100.01 real, 470 MB, 1.02 load
[runlim] sample:		10109.33 time, 10110.01 real, 470 MB, 1.02 load
[runlim] sample:		10119.33 time, 10120.01 real, 470 MB, 1.02 load
[runlim] sample:		10129.33 time, 10130.01 real, 470 MB, 1.01 load
[runlim] sample:		10139.33 time, 10140.01 real, 470 MB, 1.01 load
[runlim] sample:		10149.33 time, 10150.01 real, 470 MB, 1.01 load
[runlim] sample:		10159.33 time, 10160.01 real, 470 MB, 1.01 load
[runlim] sample:		10169.33 time, 10170.01 real, 470 MB, 1.00 load
[runlim] sample:		10179.33 time, 10180.01 real, 470 MB, 1.00 load
[runlim] sample:		10189.33 time, 10190.01 real, 470 MB, 1.00 load
[runlim] sample:		10199.32 time, 10200.01 real, 470 MB, 1.00 load
[runlim] sample:		10209.32 time, 10210.01 real, 470 MB, 1.00 load
[runlim] sample:		10219.32 time, 10220.01 real, 470 MB, 1.00 load
[runlim] sample:		10229.32 time, 10230.01 real, 470 MB, 1.00 load
[runlim] sample:		10239.33 time, 10240.01 real, 470 MB, 1.00 load
[runlim] sample:		10249.33 time, 10250.01 real, 470 MB, 1.00 load
[runlim] sample:		10259.32 time, 10260.01 real, 470 MB, 1.00 load
[runlim] sample:		10269.32 time, 10270.01 real, 470 MB, 1.00 load
[runlim] sample:		10279.32 time, 10280.01 real, 470 MB, 1.00 load
[runlim] sample:		10289.32 time, 10290.01 real, 470 MB, 1.00 load
[runlim] sample:		10299.32 time, 10300.01 real, 470 MB, 1.00 load
[runlim] sample:		10309.32 time, 10310.01 real, 470 MB, 1.00 load
[runlim] sample:		10319.32 time, 10320.01 real, 470 MB, 1.00 load
[runlim] sample:		10329.32 time, 10330.01 real, 470 MB, 1.00 load
[runlim] sample:		10339.32 time, 10340.01 real, 470 MB, 1.00 load
[runlim] sample:		10349.32 time, 10350.01 real, 474 MB, 1.00 load
[runlim] sample:		10359.32 time, 10360.01 real, 474 MB, 1.00 load
[runlim] sample:		10369.32 time, 10370.01 real, 474 MB, 1.00 load
[runlim] sample:		10379.32 time, 10380.01 real, 474 MB, 1.00 load
[runlim] sample:		10389.32 time, 10390.01 real, 474 MB, 1.00 load
[runlim] sample:		10399.32 time, 10400.01 real, 474 MB, 1.00 load
[runlim] sample:		10409.32 time, 10410.01 real, 474 MB, 1.00 load
[runlim] sample:		10419.32 time, 10420.01 real, 474 MB, 1.00 load
[runlim] sample:		10429.32 time, 10430.01 real, 474 MB, 1.00 load
[runlim] sample:		10439.31 time, 10440.01 real, 474 MB, 1.00 load
[runlim] sample:		10449.31 time, 10450.01 real, 474 MB, 1.00 load
[runlim] sample:		10459.31 time, 10460.01 real, 472 MB, 1.00 load
[runlim] sample:		10469.31 time, 10470.01 real, 472 MB, 1.00 load
[runlim] sample:		10479.31 time, 10480.01 real, 472 MB, 1.00 load
[runlim] sample:		10489.31 time, 10490.01 real, 472 MB, 1.00 load
[runlim] sample:		10499.31 time, 10500.01 real, 472 MB, 1.00 load
[runlim] sample:		10509.31 time, 10510.01 real, 472 MB, 1.00 load
[runlim] sample:		10519.31 time, 10520.01 real, 472 MB, 1.00 load
[runlim] sample:		10529.31 time, 10530.01 real, 429 MB, 1.08 load
[runlim] sample:		10539.31 time, 10540.01 real, 429 MB, 1.07 load
[runlim] sample:		10549.31 time, 10550.01 real, 429 MB, 1.06 load
[runlim] sample:		10559.31 time, 10560.01 real, 429 MB, 1.05 load
[runlim] sample:		10569.30 time, 10570.01 real, 429 MB, 1.04 load
[runlim] sample:		10579.30 time, 10580.01 real, 429 MB, 1.03 load
[runlim] sample:		10589.30 time, 10590.01 real, 429 MB, 1.03 load
[runlim] sample:		10599.30 time, 10600.01 real, 429 MB, 1.02 load
[runlim] sample:		10609.30 time, 10610.01 real, 429 MB, 1.02 load
[runlim] sample:		10619.30 time, 10620.01 real, 429 MB, 1.02 load
[runlim] sample:		10629.30 time, 10630.01 real, 429 MB, 1.01 load
[runlim] sample:		10639.30 time, 10640.01 real, 429 MB, 1.01 load
[runlim] sample:		10649.30 time, 10650.01 real, 429 MB, 1.01 load
[runlim] sample:		10659.29 time, 10660.01 real, 429 MB, 1.08 load
[runlim] sample:		10669.29 time, 10670.01 real, 429 MB, 1.07 load
[runlim] sample:		10679.29 time, 10680.01 real, 429 MB, 1.06 load
[runlim] sample:		10689.30 time, 10690.01 real, 430 MB, 1.05 load
[runlim] sample:		10699.30 time, 10700.01 real, 430 MB, 1.04 load
[runlim] sample:		10709.30 time, 10710.01 real, 430 MB, 1.03 load
[runlim] sample:		10719.30 time, 10720.01 real, 430 MB, 1.03 load
[runlim] sample:		10729.30 time, 10730.01 real, 430 MB, 1.02 load
[runlim] sample:		10739.29 time, 10740.01 real, 430 MB, 1.02 load
[runlim] sample:		10749.29 time, 10750.01 real, 430 MB, 1.09 load
[runlim] sample:		10759.29 time, 10760.01 real, 430 MB, 1.08 load
[runlim] sample:		10769.29 time, 10770.01 real, 430 MB, 1.06 load
[runlim] sample:		10779.29 time, 10780.01 real, 430 MB, 1.05 load
[runlim] sample:		10789.29 time, 10790.01 real, 430 MB, 1.04 load
[runlim] sample:		10799.28 time, 10800.01 real, 533 MB, 1.04 load
[runlim] end:			Fri Jul 17 00:28:02 2026
[runlim] status:		out of time
[runlim] result:		2
[runlim] children:		1
[runlim] processes:		2
[runlim] real:			10801.04 seconds
[runlim] time:			10799.28 seconds
[runlim] space:			586 MB
[runlim] load:			1.16 maximum
[runlim] samples:		108000
