[runlim] version:		2.0.0rc12
[runlim] host:			ap-Precision-7550
[runlim] time limit:		311040000 seconds
[runlim] real time limit:	10800 seconds
[runlim] space limit:		15624 MB
[runlim] argv[0]:		python3
[runlim] argv[1]:		-u
[runlim] argv[2]:		t.py
[runlim] argv[3]:		datasets/dafjs/DAFJS09
[runlim] start:			Wed May 20 10:22:32 2026
[runlim] child:			8510
Operations: 45, Edges: 42, Machines: 5
Greedy Schedule UB: 553
Building constraints took 0.74 seconds.
SAT

=> TOTAL COMPLETION TIME (Makespan / UB): 552
Schedule is valid
 Time taken: 0.88 seconds
SAT

=> TOTAL COMPLETION TIME (Makespan / UB): 551
Schedule is valid
 Time taken: 0.89 seconds
SAT

=> TOTAL COMPLETION TIME (Makespan / UB): 550
Schedule is valid
 Time taken: 0.89 seconds
SAT

=> TOTAL COMPLETION TIME (Makespan / UB): 549
Schedule is valid
 Time taken: 0.90 seconds
SAT

=> TOTAL COMPLETION TIME (Makespan / UB): 548
Schedule is valid
 Time taken: 0.90 seconds
SAT

=> TOTAL COMPLETION TIME (Makespan / UB): 547
Schedule is valid
 Time taken: 0.91 seconds
SAT

=> TOTAL COMPLETION TIME (Makespan / UB): 546
Schedule is valid
 Time taken: 0.91 seconds
SAT

=> TOTAL COMPLETION TIME (Makespan / UB): 545
Schedule is valid
 Time taken: 0.91 seconds
SAT

=> TOTAL COMPLETION TIME (Makespan / UB): 544
Schedule is valid
 Time taken: 1.00 seconds
SAT

=> TOTAL COMPLETION TIME (Makespan / UB): 543
Schedule is valid
 Time taken: 1.01 seconds
SAT

=> TOTAL COMPLETION TIME (Makespan / UB): 542
Schedule is valid
 Time taken: 1.01 seconds
SAT

=> TOTAL COMPLETION TIME (Makespan / UB): 541
Schedule is valid
 Time taken: 1.02 seconds
SAT

=> TOTAL COMPLETION TIME (Makespan / UB): 540
Schedule is valid
 Time taken: 1.02 seconds
SAT

=> TOTAL COMPLETION TIME (Makespan / UB): 539
Schedule is valid
 Time taken: 1.02 seconds
SAT

=> TOTAL COMPLETION TIME (Makespan / UB): 538
Schedule is valid
 Time taken: 1.03 seconds
SAT

=> TOTAL COMPLETION TIME (Makespan / UB): 537
Schedule is valid
 Time taken: 1.03 seconds
SAT

=> TOTAL COMPLETION TIME (Makespan / UB): 536
Schedule is valid
 Time taken: 1.04 seconds
SAT

=> TOTAL COMPLETION TIME (Makespan / UB): 535
Schedule is valid
 Time taken: 1.04 seconds
SAT

=> TOTAL COMPLETION TIME (Makespan / UB): 534
Schedule is valid
 Time taken: 1.04 seconds
SAT

=> TOTAL COMPLETION TIME (Makespan / UB): 533
Schedule is valid
 Time taken: 1.05 seconds
SAT

=> TOTAL COMPLETION TIME (Makespan / UB): 532
Schedule is valid
 Time taken: 1.05 seconds
SAT

=> TOTAL COMPLETION TIME (Makespan / UB): 531
Schedule is valid
 Time taken: 1.05 seconds
SAT

=> TOTAL COMPLETION TIME (Makespan / UB): 530
Schedule is valid
 Time taken: 1.06 seconds
SAT

=> TOTAL COMPLETION TIME (Makespan / UB): 529
Schedule is valid
 Time taken: 1.06 seconds
SAT

=> TOTAL COMPLETION TIME (Makespan / UB): 528
Schedule is valid
 Time taken: 1.16 seconds
SAT

=> TOTAL COMPLETION TIME (Makespan / UB): 527
Schedule is valid
 Time taken: 1.16 seconds
SAT

=> TOTAL COMPLETION TIME (Makespan / UB): 526
Schedule is valid
 Time taken: 1.16 seconds
SAT

=> TOTAL COMPLETION TIME (Makespan / UB): 525
Schedule is valid
 Time taken: 1.16 seconds
SAT

=> TOTAL COMPLETION TIME (Makespan / UB): 524
Schedule is valid
 Time taken: 1.17 seconds
SAT

=> TOTAL COMPLETION TIME (Makespan / UB): 523
Schedule is valid
 Time taken: 1.17 seconds
SAT

=> TOTAL COMPLETION TIME (Makespan / UB): 522
Schedule is valid
 Time taken: 1.17 seconds
SAT

=> TOTAL COMPLETION TIME (Makespan / UB): 521
Schedule is valid
 Time taken: 1.18 seconds
SAT

=> TOTAL COMPLETION TIME (Makespan / UB): 520
Schedule is valid
 Time taken: 1.26 seconds
SAT

=> TOTAL COMPLETION TIME (Makespan / UB): 519
Schedule is valid
 Time taken: 1.60 seconds
SAT

=> TOTAL COMPLETION TIME (Makespan / UB): 518
Schedule is valid
 Time taken: 4.15 seconds
SAT

=> TOTAL COMPLETION TIME (Makespan / UB): 517
Schedule is valid
 Time taken: 4.21 seconds
SAT

=> TOTAL COMPLETION TIME (Makespan / UB): 516
Schedule is valid
 Time taken: 4.22 seconds
SAT

=> TOTAL COMPLETION TIME (Makespan / UB): 515
Schedule is valid
 Time taken: 4.22 seconds
SAT

=> TOTAL COMPLETION TIME (Makespan / UB): 514
Schedule is valid
 Time taken: 4.23 seconds
SAT

=> TOTAL COMPLETION TIME (Makespan / UB): 513
Schedule is valid
 Time taken: 4.40 seconds
SAT

=> TOTAL COMPLETION TIME (Makespan / UB): 512
Schedule is valid
 Time taken: 4.40 seconds
SAT

=> TOTAL COMPLETION TIME (Makespan / UB): 511
Schedule is valid
 Time taken: 4.41 seconds
SAT

=> TOTAL COMPLETION TIME (Makespan / UB): 510
Schedule is valid
 Time taken: 4.41 seconds
SAT

=> TOTAL COMPLETION TIME (Makespan / UB): 509
Schedule is valid
 Time taken: 4.41 seconds
SAT

=> TOTAL COMPLETION TIME (Makespan / UB): 508
Schedule is valid
 Time taken: 4.42 seconds
SAT

=> TOTAL COMPLETION TIME (Makespan / UB): 507
Schedule is valid
 Time taken: 4.85 seconds
SAT

=> TOTAL COMPLETION TIME (Makespan / UB): 506
Schedule is valid
 Time taken: 4.85 seconds
SAT

=> TOTAL COMPLETION TIME (Makespan / UB): 505
Schedule is valid
 Time taken: 4.86 seconds
SAT

=> TOTAL COMPLETION TIME (Makespan / UB): 504
Schedule is valid
 Time taken: 5.82 seconds
SAT

=> TOTAL COMPLETION TIME (Makespan / UB): 503
Schedule is valid
 Time taken: 5.82 seconds
SAT

=> TOTAL COMPLETION TIME (Makespan / UB): 502
Schedule is valid
 Time taken: 5.83 seconds
SAT

=> TOTAL COMPLETION TIME (Makespan / UB): 501
Schedule is valid
 Time taken: 5.83 seconds
SAT

=> TOTAL COMPLETION TIME (Makespan / UB): 500
Schedule is valid
 Time taken: 7.47 seconds
SAT

=> TOTAL COMPLETION TIME (Makespan / UB): 499
Schedule is valid
 Time taken: 8.51 seconds
SAT

=> TOTAL COMPLETION TIME (Makespan / UB): 498
Schedule is valid
 Time taken: 8.52 seconds
SAT

=> TOTAL COMPLETION TIME (Makespan / UB): 497
Schedule is valid
 Time taken: 8.52 seconds
[runlim] sample:		9.99 time, 10.01 real, 191 MB, 0.66 load
SAT

=> TOTAL COMPLETION TIME (Makespan / UB): 496
Schedule is valid
 Time taken: 13.20 seconds
SAT

=> TOTAL COMPLETION TIME (Makespan / UB): 495
Schedule is valid
 Time taken: 13.44 seconds
SAT

=> TOTAL COMPLETION TIME (Makespan / UB): 494
Schedule is valid
 Time taken: 13.63 seconds
SAT

=> TOTAL COMPLETION TIME (Makespan / UB): 493
Schedule is valid
 Time taken: 15.03 seconds
SAT

=> TOTAL COMPLETION TIME (Makespan / UB): 492
Schedule is valid
 Time taken: 15.04 seconds
SAT

=> TOTAL COMPLETION TIME (Makespan / UB): 491
Schedule is valid
 Time taken: 19.80 seconds
[runlim] sample:		19.98 time, 20.01 real, 191 MB, 0.71 load
SAT

=> TOTAL COMPLETION TIME (Makespan / UB): 490
Schedule is valid
 Time taken: 24.90 seconds
SAT

=> TOTAL COMPLETION TIME (Makespan / UB): 489
Schedule is valid
 Time taken: 25.82 seconds
SAT

=> TOTAL COMPLETION TIME (Makespan / UB): 488
Schedule is valid
 Time taken: 26.99 seconds
SAT

=> TOTAL COMPLETION TIME (Makespan / UB): 487
Schedule is valid
 Time taken: 27.57 seconds
[runlim] sample:		29.98 time, 30.01 real, 192 MB, 0.76 load
[runlim] sample:		39.97 time, 40.01 real, 194 MB, 0.80 load
SAT

=> TOTAL COMPLETION TIME (Makespan / UB): 486
Schedule is valid
 Time taken: 47.38 seconds
SAT

=> TOTAL COMPLETION TIME (Makespan / UB): 485
Schedule is valid
 Time taken: 47.79 seconds
SAT

=> TOTAL COMPLETION TIME (Makespan / UB): 484
Schedule is valid
 Time taken: 47.79 seconds
SAT

=> TOTAL COMPLETION TIME (Makespan / UB): 483
Schedule is valid
 Time taken: 47.80 seconds
[runlim] sample:		49.97 time, 50.01 real, 194 MB, 0.91 load
[runlim] sample:		59.97 time, 60.01 real, 132 MB, 0.92 load
SAT

=> TOTAL COMPLETION TIME (Makespan / UB): 482
Schedule is valid
 Time taken: 68.26 seconds
SAT

=> TOTAL COMPLETION TIME (Makespan / UB): 481
Schedule is valid
 Time taken: 68.52 seconds
[runlim] sample:		69.96 time, 70.01 real, 160 MB, 0.93 load
[runlim] sample:		79.96 time, 80.01 real, 138 MB, 0.94 load
[runlim] sample:		89.95 time, 90.01 real, 162 MB, 0.95 load
SAT

=> TOTAL COMPLETION TIME (Makespan / UB): 480
Schedule is valid
 Time taken: 92.24 seconds
SAT

=> TOTAL COMPLETION TIME (Makespan / UB): 479
Schedule is valid
 Time taken: 92.29 seconds
[runlim] sample:		99.95 time, 100.01 real, 183 MB, 0.96 load
[runlim] sample:		109.95 time, 110.01 real, 183 MB, 0.97 load
SAT

=> TOTAL COMPLETION TIME (Makespan / UB): 478
Schedule is valid
 Time taken: 116.85 seconds
[runlim] sample:		119.95 time, 120.01 real, 183 MB, 0.97 load
[runlim] sample:		129.94 time, 130.01 real, 183 MB, 0.98 load
[runlim] sample:		139.94 time, 140.01 real, 183 MB, 0.98 load
[runlim] sample:		149.93 time, 150.01 real, 183 MB, 0.98 load
SAT

=> TOTAL COMPLETION TIME (Makespan / UB): 477
Schedule is valid
 Time taken: 157.31 seconds
[runlim] sample:		159.93 time, 160.01 real, 183 MB, 0.99 load
SAT

=> TOTAL COMPLETION TIME (Makespan / UB): 476
Schedule is valid
 Time taken: 163.14 seconds
SAT

=> TOTAL COMPLETION TIME (Makespan / UB): 475
Schedule is valid
 Time taken: 169.29 seconds
SAT

=> TOTAL COMPLETION TIME (Makespan / UB): 474
Schedule is valid
 Time taken: 169.29 seconds
SAT

=> TOTAL COMPLETION TIME (Makespan / UB): 473
Schedule is valid
 Time taken: 169.30 seconds
[runlim] sample:		169.92 time, 170.01 real, 183 MB, 0.99 load
[runlim] sample:		179.92 time, 180.01 real, 183 MB, 0.99 load
[runlim] sample:		189.91 time, 190.01 real, 183 MB, 0.99 load
[runlim] sample:		199.91 time, 200.01 real, 183 MB, 1.00 load
[runlim] sample:		209.90 time, 210.01 real, 183 MB, 1.07 load
[runlim] sample:		219.90 time, 220.01 real, 183 MB, 1.06 load
[runlim] sample:		229.89 time, 230.01 real, 183 MB, 1.05 load
[runlim] sample:		239.89 time, 240.01 real, 183 MB, 1.04 load
[runlim] sample:		249.89 time, 250.01 real, 183 MB, 1.03 load
[runlim] sample:		259.88 time, 260.01 real, 183 MB, 1.03 load
[runlim] sample:		269.88 time, 270.01 real, 183 MB, 1.02 load
[runlim] sample:		279.87 time, 280.01 real, 183 MB, 1.02 load
SAT

=> TOTAL COMPLETION TIME (Makespan / UB): 472
Schedule is valid
 Time taken: 281.13 seconds
[runlim] sample:		289.87 time, 290.01 real, 183 MB, 1.02 load
[runlim] sample:		299.86 time, 300.01 real, 183 MB, 1.01 load
[runlim] sample:		309.86 time, 310.01 real, 183 MB, 1.01 load
[runlim] sample:		319.85 time, 320.01 real, 183 MB, 1.09 load
[runlim] sample:		329.85 time, 330.01 real, 141 MB, 1.15 load
[runlim] sample:		339.84 time, 340.01 real, 146 MB, 1.13 load
[runlim] sample:		349.83 time, 350.01 real, 147 MB, 1.11 load
[runlim] sample:		359.83 time, 360.01 real, 145 MB, 1.09 load
[runlim] sample:		369.82 time, 370.01 real, 161 MB, 1.08 load
[runlim] sample:		379.81 time, 380.01 real, 162 MB, 1.06 load
[runlim] sample:		389.81 time, 390.01 real, 162 MB, 1.05 load
[runlim] sample:		399.81 time, 400.01 real, 162 MB, 1.04 load
SAT

=> TOTAL COMPLETION TIME (Makespan / UB): 471
Schedule is valid
 Time taken: 405.71 seconds
[runlim] sample:		409.80 time, 410.01 real, 163 MB, 1.04 load
[runlim] sample:		419.79 time, 420.01 real, 178 MB, 1.03 load
[runlim] sample:		429.79 time, 430.01 real, 151 MB, 1.03 load
[runlim] sample:		439.79 time, 440.01 real, 151 MB, 1.02 load
[runlim] sample:		449.78 time, 450.01 real, 185 MB, 1.10 load
[runlim] sample:		459.77 time, 460.01 real, 151 MB, 1.08 load
[runlim] sample:		469.78 time, 470.01 real, 187 MB, 1.07 load
[runlim] sample:		479.77 time, 480.01 real, 152 MB, 1.06 load
[runlim] sample:		489.77 time, 490.01 real, 185 MB, 1.05 load
[runlim] sample:		499.77 time, 500.01 real, 185 MB, 1.04 load
[runlim] sample:		509.76 time, 510.01 real, 152 MB, 1.03 load
[runlim] sample:		519.76 time, 520.01 real, 186 MB, 1.03 load
[runlim] sample:		529.75 time, 530.01 real, 186 MB, 1.10 load
[runlim] sample:		539.75 time, 540.01 real, 152 MB, 1.08 load
[runlim] sample:		549.74 time, 550.01 real, 188 MB, 1.07 load
[runlim] sample:		559.74 time, 560.01 real, 188 MB, 1.06 load
[runlim] sample:		569.73 time, 570.01 real, 155 MB, 1.05 load
[runlim] sample:		579.73 time, 580.01 real, 192 MB, 1.04 load
[runlim] sample:		589.72 time, 590.01 real, 155 MB, 1.03 load
[runlim] sample:		599.71 time, 600.01 real, 173 MB, 1.03 load
[runlim] sample:		609.71 time, 610.01 real, 149 MB, 1.02 load
[runlim] sample:		619.71 time, 620.01 real, 149 MB, 1.02 load
[runlim] sample:		629.70 time, 630.01 real, 155 MB, 1.02 load
[runlim] sample:		639.70 time, 640.01 real, 156 MB, 1.01 load
[runlim] sample:		649.70 time, 650.01 real, 157 MB, 1.01 load
[runlim] sample:		659.69 time, 660.01 real, 172 MB, 1.01 load
SAT

=> TOTAL COMPLETION TIME (Makespan / UB): 470
Schedule is valid
 Time taken: 668.48 seconds
[runlim] sample:		669.68 time, 670.01 real, 172 MB, 1.01 load
[runlim] sample:		679.68 time, 680.01 real, 172 MB, 1.09 load
[runlim] sample:		689.67 time, 690.01 real, 171 MB, 1.07 load
[runlim] sample:		699.67 time, 700.01 real, 171 MB, 1.06 load
[runlim] sample:		709.67 time, 710.01 real, 170 MB, 1.05 load
[runlim] sample:		719.66 time, 720.01 real, 170 MB, 1.04 load
[runlim] sample:		729.66 time, 730.01 real, 178 MB, 1.04 load
[runlim] sample:		739.65 time, 740.01 real, 178 MB, 1.03 load
[runlim] sample:		749.65 time, 750.01 real, 179 MB, 1.02 load
[runlim] sample:		759.64 time, 760.01 real, 176 MB, 1.02 load
[runlim] sample:		769.64 time, 770.01 real, 176 MB, 1.02 load
[runlim] sample:		779.63 time, 780.01 real, 177 MB, 1.01 load
[runlim] sample:		789.63 time, 790.01 real, 177 MB, 1.01 load
[runlim] sample:		799.63 time, 800.01 real, 178 MB, 1.01 load
[runlim] sample:		809.62 time, 810.01 real, 180 MB, 1.01 load
[runlim] sample:		819.62 time, 820.01 real, 180 MB, 1.09 load
[runlim] sample:		829.61 time, 830.01 real, 180 MB, 1.15 load
[runlim] sample:		839.60 time, 840.01 real, 181 MB, 1.12 load
[runlim] sample:		849.60 time, 850.01 real, 181 MB, 1.10 load
[runlim] sample:		859.59 time, 860.01 real, 182 MB, 1.09 load
[runlim] sample:		869.59 time, 870.01 real, 182 MB, 1.07 load
[runlim] sample:		879.59 time, 880.01 real, 183 MB, 1.06 load
[runlim] sample:		889.58 time, 890.01 real, 183 MB, 1.05 load
[runlim] sample:		899.58 time, 900.01 real, 183 MB, 1.04 load
[runlim] sample:		909.57 time, 910.01 real, 183 MB, 1.04 load
[runlim] sample:		919.57 time, 920.01 real, 184 MB, 1.03 load
[runlim] sample:		929.57 time, 930.01 real, 184 MB, 1.02 load
[runlim] sample:		939.56 time, 940.01 real, 184 MB, 1.02 load
[runlim] sample:		949.56 time, 950.01 real, 181 MB, 1.02 load
[runlim] sample:		959.55 time, 960.01 real, 181 MB, 1.01 load
[runlim] sample:		969.54 time, 970.01 real, 181 MB, 1.01 load
[runlim] sample:		979.54 time, 980.01 real, 181 MB, 1.01 load
[runlim] sample:		989.53 time, 990.01 real, 185 MB, 1.01 load
[runlim] sample:		999.53 time, 1000.01 real, 185 MB, 1.17 load
[runlim] sample:		1009.53 time, 1010.01 real, 181 MB, 1.14 load
[runlim] sample:		1019.52 time, 1020.01 real, 181 MB, 1.12 load
[runlim] sample:		1029.52 time, 1030.01 real, 181 MB, 1.10 load
[runlim] sample:		1039.51 time, 1040.01 real, 181 MB, 1.08 load
[runlim] sample:		1049.51 time, 1050.01 real, 182 MB, 1.07 load
[runlim] sample:		1059.51 time, 1060.01 real, 182 MB, 1.06 load
[runlim] sample:		1069.50 time, 1070.01 real, 183 MB, 1.05 load
[runlim] sample:		1079.49 time, 1080.01 real, 187 MB, 1.04 load
[runlim] sample:		1089.49 time, 1090.01 real, 187 MB, 1.04 load
[runlim] sample:		1099.49 time, 1100.01 real, 188 MB, 1.03 load
[runlim] sample:		1109.48 time, 1110.01 real, 188 MB, 1.02 load
[runlim] sample:		1119.47 time, 1120.01 real, 188 MB, 1.02 load
[runlim] sample:		1129.46 time, 1130.01 real, 188 MB, 1.02 load
[runlim] sample:		1139.46 time, 1140.01 real, 188 MB, 1.01 load
[runlim] sample:		1149.46 time, 1150.01 real, 189 MB, 1.01 load
[runlim] sample:		1159.46 time, 1160.01 real, 189 MB, 1.08 load
[runlim] sample:		1169.44 time, 1170.01 real, 189 MB, 1.07 load
[runlim] sample:		1179.44 time, 1180.01 real, 189 MB, 1.06 load
[runlim] sample:		1189.44 time, 1190.01 real, 194 MB, 1.05 load
[runlim] sample:		1199.43 time, 1200.01 real, 194 MB, 1.04 load
[runlim] sample:		1209.43 time, 1210.01 real, 194 MB, 1.03 load
[runlim] sample:		1219.42 time, 1220.01 real, 194 MB, 1.03 load
[runlim] sample:		1229.42 time, 1230.01 real, 194 MB, 1.02 load
[runlim] sample:		1239.41 time, 1240.01 real, 194 MB, 1.02 load
[runlim] sample:		1249.41 time, 1250.01 real, 194 MB, 1.02 load
[runlim] sample:		1259.40 time, 1260.01 real, 195 MB, 1.01 load
[runlim] sample:		1269.40 time, 1270.01 real, 195 MB, 1.01 load
[runlim] sample:		1279.40 time, 1280.01 real, 195 MB, 1.01 load
[runlim] sample:		1289.39 time, 1290.01 real, 195 MB, 1.01 load
[runlim] sample:		1299.39 time, 1300.01 real, 195 MB, 1.01 load
[runlim] sample:		1309.38 time, 1310.01 real, 196 MB, 1.00 load
[runlim] sample:		1319.38 time, 1320.01 real, 196 MB, 1.08 load
[runlim] sample:		1329.37 time, 1330.01 real, 196 MB, 1.15 load
[runlim] sample:		1339.37 time, 1340.01 real, 197 MB, 1.28 load
[runlim] sample:		1349.36 time, 1350.01 real, 197 MB, 1.24 load
[runlim] sample:		1359.36 time, 1360.01 real, 197 MB, 1.20 load
[runlim] sample:		1369.35 time, 1370.01 real, 197 MB, 1.17 load
[runlim] sample:		1379.35 time, 1380.01 real, 197 MB, 1.14 load
[runlim] sample:		1389.34 time, 1390.01 real, 199 MB, 1.20 load
[runlim] sample:		1399.34 time, 1400.01 real, 199 MB, 1.17 load
[runlim] sample:		1409.33 time, 1410.01 real, 199 MB, 1.22 load
[runlim] sample:		1419.34 time, 1420.01 real, 199 MB, 1.19 load
[runlim] sample:		1429.33 time, 1430.01 real, 202 MB, 1.16 load
[runlim] sample:		1439.32 time, 1440.01 real, 202 MB, 1.13 load
[runlim] sample:		1449.32 time, 1450.01 real, 199 MB, 1.11 load
[runlim] sample:		1459.32 time, 1460.01 real, 199 MB, 1.10 load
[runlim] sample:		1469.30 time, 1470.01 real, 201 MB, 1.08 load
[runlim] sample:		1479.30 time, 1480.01 real, 201 MB, 1.21 load
[runlim] sample:		1489.30 time, 1490.01 real, 201 MB, 1.18 load
[runlim] sample:		1499.30 time, 1500.01 real, 202 MB, 1.15 load
SAT

=> TOTAL COMPLETION TIME (Makespan / UB): 469
Schedule is valid
 Time taken: 1509.02 seconds
[runlim] sample:		1509.30 time, 1510.01 real, 202 MB, 1.21 load
[runlim] sample:		1519.29 time, 1520.01 real, 203 MB, 1.18 load
[runlim] sample:		1529.29 time, 1530.01 real, 203 MB, 1.15 load
[runlim] sample:		1539.28 time, 1540.01 real, 201 MB, 1.13 load
[runlim] sample:		1549.27 time, 1550.01 real, 230 MB, 1.11 load
[runlim] sample:		1559.27 time, 1560.01 real, 230 MB, 1.09 load
[runlim] sample:		1569.26 time, 1570.01 real, 230 MB, 1.08 load
[runlim] sample:		1579.26 time, 1580.01 real, 230 MB, 1.06 load
[runlim] sample:		1589.25 time, 1590.01 real, 230 MB, 1.05 load
[runlim] sample:		1599.26 time, 1600.01 real, 230 MB, 1.04 load
[runlim] sample:		1609.25 time, 1610.01 real, 230 MB, 1.04 load
[runlim] sample:		1619.24 time, 1620.01 real, 230 MB, 1.03 load
[runlim] sample:		1629.23 time, 1630.01 real, 230 MB, 1.19 load
[runlim] sample:		1639.23 time, 1640.01 real, 230 MB, 1.16 load
[runlim] sample:		1649.22 time, 1650.01 real, 229 MB, 1.13 load
[runlim] sample:		1659.22 time, 1660.01 real, 229 MB, 1.11 load
[runlim] sample:		1669.21 time, 1670.01 real, 230 MB, 1.09 load
[runlim] sample:		1679.21 time, 1680.01 real, 230 MB, 1.08 load
[runlim] sample:		1689.21 time, 1690.01 real, 230 MB, 1.07 load
[runlim] sample:		1699.21 time, 1700.01 real, 230 MB, 1.06 load
[runlim] sample:		1709.20 time, 1710.01 real, 234 MB, 1.05 load
[runlim] sample:		1719.19 time, 1720.01 real, 234 MB, 1.04 load
[runlim] sample:		1729.19 time, 1730.01 real, 236 MB, 1.03 load
[runlim] sample:		1739.18 time, 1740.01 real, 236 MB, 1.03 load
SAT

=> TOTAL COMPLETION TIME (Makespan / UB): 468
Schedule is valid
 Time taken: 1743.96 seconds
[runlim] sample:		1749.18 time, 1750.01 real, 236 MB, 1.02 load
[runlim] sample:		1759.17 time, 1760.01 real, 235 MB, 1.02 load
[runlim] sample:		1769.17 time, 1770.01 real, 235 MB, 1.02 load
[runlim] sample:		1779.16 time, 1780.01 real, 235 MB, 1.01 load
[runlim] sample:		1789.15 time, 1790.01 real, 232 MB, 1.01 load
[runlim] sample:		1799.15 time, 1800.01 real, 232 MB, 1.01 load
[runlim] sample:		1809.15 time, 1810.01 real, 235 MB, 1.01 load
[runlim] sample:		1819.14 time, 1820.01 real, 235 MB, 1.09 load
[runlim] sample:		1829.14 time, 1830.01 real, 235 MB, 1.15 load
[runlim] sample:		1839.13 time, 1840.01 real, 235 MB, 1.12 load
[runlim] sample:		1849.12 time, 1850.01 real, 235 MB, 1.10 load
[runlim] sample:		1859.12 time, 1860.01 real, 235 MB, 1.09 load
[runlim] sample:		1869.11 time, 1870.01 real, 235 MB, 1.07 load
[runlim] sample:		1879.11 time, 1880.01 real, 231 MB, 1.06 load
[runlim] sample:		1889.10 time, 1890.01 real, 231 MB, 1.05 load
[runlim] sample:		1899.10 time, 1900.01 real, 231 MB, 1.04 load
[runlim] sample:		1909.09 time, 1910.01 real, 231 MB, 1.04 load
[runlim] sample:		1919.09 time, 1920.01 real, 232 MB, 1.03 load
[runlim] sample:		1929.09 time, 1930.01 real, 232 MB, 1.02 load
[runlim] sample:		1939.08 time, 1940.01 real, 232 MB, 1.02 load
[runlim] sample:		1949.08 time, 1950.01 real, 232 MB, 1.18 load
[runlim] sample:		1959.07 time, 1960.01 real, 233 MB, 1.15 load
[runlim] sample:		1969.06 time, 1970.01 real, 233 MB, 1.13 load
[runlim] sample:		1979.06 time, 1980.01 real, 233 MB, 1.11 load
[runlim] sample:		1989.06 time, 1990.01 real, 234 MB, 1.09 load
[runlim] sample:		1999.05 time, 2000.01 real, 234 MB, 1.08 load
[runlim] sample:		2009.05 time, 2010.01 real, 234 MB, 1.06 load
[runlim] sample:		2019.04 time, 2020.01 real, 234 MB, 1.05 load
[runlim] sample:		2029.04 time, 2030.01 real, 234 MB, 1.04 load
[runlim] sample:		2039.03 time, 2040.01 real, 234 MB, 1.04 load
[runlim] sample:		2049.03 time, 2050.01 real, 234 MB, 1.03 load
[runlim] sample:		2059.02 time, 2060.01 real, 234 MB, 1.03 load
[runlim] sample:		2069.02 time, 2070.01 real, 234 MB, 1.02 load
[runlim] sample:		2079.01 time, 2080.01 real, 237 MB, 1.02 load
[runlim] sample:		2089.01 time, 2090.01 real, 237 MB, 1.01 load
[runlim] sample:		2099.00 time, 2100.01 real, 237 MB, 1.01 load
[runlim] sample:		2109.00 time, 2110.01 real, 233 MB, 1.01 load
[runlim] sample:		2118.99 time, 2120.01 real, 233 MB, 1.01 load
[runlim] sample:		2128.99 time, 2130.01 real, 233 MB, 1.01 load
SAT

=> TOTAL COMPLETION TIME (Makespan / UB): 467
Schedule is valid
 Time taken: 2137.47 seconds
[runlim] sample:		2138.98 time, 2140.01 real, 237 MB, 1.00 load
[runlim] sample:		2148.98 time, 2150.01 real, 237 MB, 1.00 load
[runlim] sample:		2158.97 time, 2160.01 real, 237 MB, 1.00 load
[runlim] sample:		2168.96 time, 2170.01 real, 234 MB, 1.00 load
[runlim] sample:		2178.96 time, 2180.01 real, 234 MB, 1.00 load
[runlim] sample:		2188.95 time, 2190.01 real, 234 MB, 1.00 load
[runlim] sample:		2198.95 time, 2200.01 real, 233 MB, 1.00 load
[runlim] sample:		2208.94 time, 2210.01 real, 233 MB, 1.00 load
[runlim] sample:		2218.94 time, 2220.01 real, 233 MB, 1.00 load
[runlim] sample:		2228.93 time, 2230.01 real, 235 MB, 1.00 load
[runlim] sample:		2238.92 time, 2240.01 real, 235 MB, 1.00 load
[runlim] sample:		2248.92 time, 2250.01 real, 235 MB, 1.00 load
[runlim] sample:		2258.91 time, 2260.01 real, 235 MB, 1.00 load
[runlim] sample:		2268.91 time, 2270.01 real, 234 MB, 1.00 load
[runlim] sample:		2278.90 time, 2280.01 real, 234 MB, 1.00 load
[runlim] sample:		2288.90 time, 2290.01 real, 234 MB, 1.00 load
[runlim] sample:		2298.90 time, 2300.01 real, 234 MB, 1.00 load
[runlim] sample:		2308.89 time, 2310.01 real, 233 MB, 1.00 load
[runlim] sample:		2318.88 time, 2320.01 real, 233 MB, 1.08 load
[runlim] sample:		2328.88 time, 2330.01 real, 233 MB, 1.14 load
[runlim] sample:		2338.87 time, 2340.01 real, 233 MB, 1.12 load
[runlim] sample:		2348.87 time, 2350.01 real, 234 MB, 1.10 load
[runlim] sample:		2358.86 time, 2360.01 real, 234 MB, 1.08 load
[runlim] sample:		2368.86 time, 2370.01 real, 234 MB, 1.07 load
[runlim] sample:		2378.85 time, 2380.01 real, 240 MB, 1.13 load
[runlim] sample:		2388.84 time, 2390.01 real, 240 MB, 1.11 load
[runlim] sample:		2398.84 time, 2400.01 real, 240 MB, 1.17 load
[runlim] sample:		2408.83 time, 2410.01 real, 240 MB, 1.14 load
[runlim] sample:		2418.84 time, 2420.01 real, 238 MB, 1.12 load
[runlim] sample:		2428.83 time, 2430.01 real, 238 MB, 1.18 load
[runlim] sample:		2438.83 time, 2440.01 real, 238 MB, 1.15 load
[runlim] sample:		2448.81 time, 2450.01 real, 238 MB, 1.21 load
[runlim] sample:		2458.80 time, 2460.01 real, 238 MB, 1.17 load
[runlim] sample:		2468.80 time, 2470.01 real, 234 MB, 1.15 load
[runlim] sample:		2478.79 time, 2480.01 real, 234 MB, 1.12 load
[runlim] sample:		2488.79 time, 2490.01 real, 234 MB, 1.10 load
[runlim] sample:		2498.77 time, 2500.01 real, 239 MB, 1.09 load
[runlim] sample:		2508.77 time, 2510.01 real, 239 MB, 1.07 load
[runlim] sample:		2518.76 time, 2520.01 real, 239 MB, 1.06 load
[runlim] sample:		2528.76 time, 2530.01 real, 239 MB, 1.05 load
[runlim] sample:		2538.76 time, 2540.01 real, 239 MB, 1.04 load
SAT

=> TOTAL COMPLETION TIME (Makespan / UB): 466
Schedule is valid
 Time taken: 2545.55 seconds
[runlim] sample:		2548.75 time, 2550.01 real, 239 MB, 1.04 load
[runlim] sample:		2558.75 time, 2560.01 real, 239 MB, 1.03 load
[runlim] sample:		2568.74 time, 2570.01 real, 238 MB, 1.02 load
[runlim] sample:		2578.73 time, 2580.01 real, 238 MB, 1.02 load
[runlim] sample:		2588.73 time, 2590.01 real, 238 MB, 1.02 load
[runlim] sample:		2598.72 time, 2600.01 real, 237 MB, 1.01 load
[runlim] sample:		2608.72 time, 2610.01 real, 237 MB, 1.01 load
[runlim] sample:		2618.71 time, 2620.01 real, 237 MB, 1.01 load
[runlim] sample:		2628.71 time, 2630.01 real, 237 MB, 1.01 load
[runlim] sample:		2638.71 time, 2640.01 real, 233 MB, 1.01 load
[runlim] sample:		2648.70 time, 2650.01 real, 233 MB, 1.00 load
[runlim] sample:		2658.70 time, 2660.01 real, 233 MB, 1.00 load
[runlim] sample:		2668.70 time, 2670.01 real, 233 MB, 1.00 load
[runlim] sample:		2678.69 time, 2680.01 real, 235 MB, 1.00 load
[runlim] sample:		2688.69 time, 2690.01 real, 235 MB, 1.00 load
[runlim] sample:		2698.68 time, 2700.01 real, 235 MB, 1.00 load
[runlim] sample:		2708.68 time, 2710.01 real, 235 MB, 1.08 load
[runlim] sample:		2718.67 time, 2720.01 real, 235 MB, 1.07 load
[runlim] sample:		2728.67 time, 2730.01 real, 235 MB, 1.06 load
[runlim] sample:		2738.67 time, 2740.01 real, 235 MB, 1.05 load
[runlim] sample:		2748.66 time, 2750.01 real, 235 MB, 1.04 load
[runlim] sample:		2758.65 time, 2760.01 real, 235 MB, 1.03 load
[runlim] sample:		2768.64 time, 2770.01 real, 234 MB, 1.03 load
[runlim] sample:		2778.64 time, 2780.01 real, 234 MB, 1.02 load
[runlim] sample:		2788.63 time, 2790.01 real, 234 MB, 1.02 load
[runlim] sample:		2798.62 time, 2800.01 real, 240 MB, 1.02 load
[runlim] sample:		2808.62 time, 2810.01 real, 240 MB, 1.01 load
[runlim] sample:		2818.61 time, 2820.01 real, 240 MB, 1.09 load
[runlim] sample:		2828.60 time, 2830.01 real, 242 MB, 1.22 load
[runlim] sample:		2838.60 time, 2840.01 real, 242 MB, 1.19 load
[runlim] sample:		2848.59 time, 2850.01 real, 242 MB, 1.16 load
[runlim] sample:		2858.59 time, 2860.01 real, 242 MB, 1.13 load
[runlim] sample:		2868.58 time, 2870.01 real, 243 MB, 1.11 load
[runlim] sample:		2878.58 time, 2880.01 real, 243 MB, 1.10 load
[runlim] sample:		2888.57 time, 2890.01 real, 243 MB, 1.08 load
[runlim] sample:		2898.57 time, 2900.01 real, 243 MB, 1.07 load
[runlim] sample:		2908.56 time, 2910.01 real, 243 MB, 1.06 load
[runlim] sample:		2918.56 time, 2920.01 real, 241 MB, 1.05 load
[runlim] sample:		2928.55 time, 2930.01 real, 241 MB, 1.04 load
[runlim] sample:		2938.54 time, 2940.01 real, 241 MB, 1.03 load
[runlim] sample:		2948.54 time, 2950.01 real, 243 MB, 1.03 load
[runlim] sample:		2958.53 time, 2960.01 real, 243 MB, 1.02 load
[runlim] sample:		2968.53 time, 2970.01 real, 243 MB, 1.02 load
[runlim] sample:		2978.52 time, 2980.01 real, 243 MB, 1.02 load
[runlim] sample:		2988.52 time, 2990.01 real, 240 MB, 1.01 load
[runlim] sample:		2998.51 time, 3000.01 real, 240 MB, 1.01 load
[runlim] sample:		3008.50 time, 3010.01 real, 240 MB, 1.01 load
[runlim] sample:		3018.50 time, 3020.01 real, 240 MB, 1.01 load
[runlim] sample:		3028.49 time, 3030.01 real, 236 MB, 1.00 load
[runlim] sample:		3038.49 time, 3040.01 real, 236 MB, 1.00 load
[runlim] sample:		3048.48 time, 3050.01 real, 236 MB, 1.00 load
[runlim] sample:		3058.48 time, 3060.01 real, 236 MB, 1.00 load
[runlim] sample:		3068.47 time, 3070.01 real, 236 MB, 1.00 load
[runlim] sample:		3078.46 time, 3080.01 real, 237 MB, 1.00 load
[runlim] sample:		3088.45 time, 3090.01 real, 244 MB, 1.00 load
[runlim] sample:		3098.45 time, 3100.01 real, 244 MB, 1.00 load
[runlim] sample:		3108.44 time, 3110.01 real, 244 MB, 1.00 load
[runlim] sample:		3118.44 time, 3120.01 real, 244 MB, 1.00 load
[runlim] sample:		3128.43 time, 3130.01 real, 244 MB, 1.00 load
[runlim] sample:		3138.43 time, 3140.01 real, 244 MB, 1.00 load
[runlim] sample:		3148.42 time, 3150.01 real, 244 MB, 1.08 load
[runlim] sample:		3158.42 time, 3160.01 real, 244 MB, 1.07 load
[runlim] sample:		3168.41 time, 3170.01 real, 244 MB, 1.06 load
[runlim] sample:		3178.41 time, 3180.01 real, 244 MB, 1.05 load
[runlim] sample:		3188.39 time, 3190.01 real, 244 MB, 1.04 load
[runlim] sample:		3198.39 time, 3200.01 real, 244 MB, 1.03 load
[runlim] sample:		3208.38 time, 3210.01 real, 244 MB, 1.03 load
[runlim] sample:		3218.38 time, 3220.01 real, 244 MB, 1.02 load
[runlim] sample:		3228.37 time, 3230.01 real, 244 MB, 1.02 load
[runlim] sample:		3238.37 time, 3240.01 real, 244 MB, 1.02 load
[runlim] sample:		3248.36 time, 3250.01 real, 245 MB, 1.01 load
[runlim] sample:		3258.36 time, 3260.01 real, 245 MB, 1.01 load
[runlim] sample:		3268.35 time, 3270.01 real, 245 MB, 1.01 load
[runlim] sample:		3278.35 time, 3280.01 real, 245 MB, 1.08 load
[runlim] sample:		3288.34 time, 3290.01 real, 245 MB, 1.07 load
[runlim] sample:		3298.33 time, 3300.01 real, 246 MB, 1.06 load
[runlim] sample:		3308.33 time, 3310.01 real, 246 MB, 1.05 load
[runlim] sample:		3318.32 time, 3320.01 real, 246 MB, 1.12 load
[runlim] sample:		3328.32 time, 3330.01 real, 250 MB, 1.17 load
[runlim] sample:		3338.31 time, 3340.01 real, 250 MB, 1.15 load
[runlim] sample:		3348.31 time, 3350.01 real, 250 MB, 1.12 load
[runlim] sample:		3358.30 time, 3360.01 real, 250 MB, 1.10 load
[runlim] sample:		3368.30 time, 3370.01 real, 250 MB, 1.09 load
[runlim] sample:		3378.29 time, 3380.01 real, 250 MB, 1.07 load
[runlim] sample:		3388.28 time, 3390.01 real, 250 MB, 1.06 load
[runlim] sample:		3398.28 time, 3400.01 real, 250 MB, 1.05 load
[runlim] sample:		3408.27 time, 3410.01 real, 250 MB, 1.04 load
[runlim] sample:		3418.27 time, 3420.01 real, 251 MB, 1.04 load
[runlim] sample:		3428.27 time, 3430.01 real, 251 MB, 1.03 load
[runlim] sample:		3438.26 time, 3440.01 real, 251 MB, 1.02 load
[runlim] sample:		3448.26 time, 3450.01 real, 251 MB, 1.02 load
[runlim] sample:		3458.25 time, 3460.01 real, 251 MB, 1.02 load
[runlim] sample:		3468.24 time, 3470.01 real, 252 MB, 1.01 load
[runlim] sample:		3478.24 time, 3480.01 real, 252 MB, 1.01 load
[runlim] sample:		3488.23 time, 3490.01 real, 252 MB, 1.01 load
[runlim] sample:		3498.23 time, 3500.01 real, 252 MB, 1.01 load
[runlim] sample:		3508.22 time, 3510.01 real, 252 MB, 1.01 load
[runlim] sample:		3518.21 time, 3520.01 real, 252 MB, 1.00 load
[runlim] sample:		3528.21 time, 3530.01 real, 252 MB, 1.00 load
[runlim] sample:		3538.20 time, 3540.01 real, 252 MB, 1.00 load
[runlim] sample:		3548.20 time, 3550.01 real, 252 MB, 1.00 load
[runlim] sample:		3558.19 time, 3560.01 real, 252 MB, 1.00 load
[runlim] sample:		3568.20 time, 3570.01 real, 256 MB, 1.00 load
[runlim] sample:		3578.19 time, 3580.01 real, 256 MB, 1.00 load
[runlim] sample:		3588.18 time, 3590.01 real, 256 MB, 1.00 load
[runlim] sample:		3598.18 time, 3600.01 real, 256 MB, 1.00 load
[runlim] sample:		3608.18 time, 3610.01 real, 256 MB, 1.00 load
[runlim] sample:		3618.17 time, 3620.01 real, 258 MB, 1.00 load
[runlim] sample:		3628.16 time, 3630.01 real, 258 MB, 1.00 load
[runlim] sample:		3638.16 time, 3640.01 real, 258 MB, 1.00 load
[runlim] sample:		3648.15 time, 3650.01 real, 258 MB, 1.00 load
[runlim] sample:		3658.15 time, 3660.01 real, 258 MB, 1.00 load
[runlim] sample:		3668.14 time, 3670.01 real, 254 MB, 1.00 load
[runlim] sample:		3678.14 time, 3680.01 real, 254 MB, 1.00 load
[runlim] sample:		3688.13 time, 3690.01 real, 254 MB, 1.00 load
[runlim] sample:		3698.13 time, 3700.01 real, 254 MB, 1.00 load
SAT

=> TOTAL COMPLETION TIME (Makespan / UB): 465
Schedule is valid
 Time taken: 3705.68 seconds
[runlim] sample:		3708.12 time, 3710.01 real, 261 MB, 1.00 load
[runlim] sample:		3718.11 time, 3720.01 real, 261 MB, 1.00 load
[runlim] sample:		3728.11 time, 3730.01 real, 261 MB, 1.00 load
[runlim] sample:		3738.11 time, 3740.01 real, 261 MB, 1.00 load
[runlim] sample:		3748.10 time, 3750.01 real, 261 MB, 1.00 load
[runlim] sample:		3758.10 time, 3760.01 real, 252 MB, 1.00 load
[runlim] sample:		3768.09 time, 3770.01 real, 252 MB, 1.00 load
[runlim] sample:		3778.09 time, 3780.01 real, 265 MB, 1.00 load
[runlim] sample:		3788.08 time, 3790.01 real, 265 MB, 1.00 load
[runlim] sample:		3798.08 time, 3800.01 real, 265 MB, 1.00 load
[runlim] sample:		3808.07 time, 3810.01 real, 266 MB, 1.00 load
[runlim] sample:		3818.07 time, 3820.01 real, 266 MB, 1.08 load
[runlim] sample:		3828.06 time, 3830.01 real, 266 MB, 1.14 load
[runlim] sample:		3838.06 time, 3840.01 real, 266 MB, 1.12 load
[runlim] sample:		3848.05 time, 3850.01 real, 266 MB, 1.10 load
[runlim] sample:		3858.04 time, 3860.01 real, 265 MB, 1.08 load
[runlim] sample:		3868.04 time, 3870.01 real, 265 MB, 1.07 load
[runlim] sample:		3878.03 time, 3880.01 real, 265 MB, 1.06 load
[runlim] sample:		3888.03 time, 3890.01 real, 265 MB, 1.05 load
[runlim] sample:		3898.02 time, 3900.01 real, 265 MB, 1.04 load
[runlim] sample:		3908.02 time, 3910.01 real, 265 MB, 1.04 load
[runlim] sample:		3918.01 time, 3920.01 real, 265 MB, 1.03 load
[runlim] sample:		3928.01 time, 3930.01 real, 265 MB, 1.02 load
[runlim] sample:		3938.00 time, 3940.01 real, 265 MB, 1.02 load
[runlim] sample:		3948.00 time, 3950.01 real, 265 MB, 1.02 load
[runlim] sample:		3957.99 time, 3960.01 real, 265 MB, 1.01 load
[runlim] sample:		3967.99 time, 3970.01 real, 265 MB, 1.01 load
[runlim] sample:		3977.98 time, 3980.01 real, 266 MB, 1.01 load
[runlim] sample:		3987.97 time, 3990.01 real, 266 MB, 1.01 load
[runlim] sample:		3997.97 time, 4000.01 real, 266 MB, 1.01 load
[runlim] sample:		4007.96 time, 4010.01 real, 266 MB, 1.00 load
[runlim] sample:		4017.96 time, 4020.01 real, 271 MB, 1.00 load
[runlim] sample:		4027.95 time, 4030.01 real, 271 MB, 1.00 load
[runlim] sample:		4037.95 time, 4040.01 real, 271 MB, 1.00 load
[runlim] sample:		4047.94 time, 4050.01 real, 271 MB, 1.00 load
[runlim] sample:		4057.94 time, 4060.01 real, 271 MB, 1.15 load
[runlim] sample:		4067.93 time, 4070.01 real, 270 MB, 1.12 load
[runlim] sample:		4077.93 time, 4080.01 real, 270 MB, 1.10 load
[runlim] sample:		4087.92 time, 4090.01 real, 270 MB, 1.09 load
[runlim] sample:		4097.92 time, 4100.01 real, 270 MB, 1.07 load
[runlim] sample:		4107.91 time, 4110.01 real, 270 MB, 1.06 load
[runlim] sample:		4117.91 time, 4120.01 real, 268 MB, 1.05 load
[runlim] sample:		4127.91 time, 4130.01 real, 268 MB, 1.04 load
[runlim] sample:		4137.90 time, 4140.01 real, 268 MB, 1.04 load
[runlim] sample:		4147.90 time, 4150.01 real, 268 MB, 1.03 load
[runlim] sample:		4157.89 time, 4160.01 real, 274 MB, 1.02 load
[runlim] sample:		4167.88 time, 4170.01 real, 274 MB, 1.02 load
[runlim] sample:		4177.88 time, 4180.01 real, 274 MB, 1.02 load
[runlim] sample:		4187.87 time, 4190.01 real, 274 MB, 1.01 load
[runlim] sample:		4197.87 time, 4200.01 real, 274 MB, 1.01 load
[runlim] sample:		4207.86 time, 4210.01 real, 269 MB, 1.01 load
[runlim] sample:		4217.86 time, 4220.01 real, 269 MB, 1.01 load
[runlim] sample:		4227.85 time, 4230.01 real, 269 MB, 1.01 load
[runlim] sample:		4237.85 time, 4240.01 real, 269 MB, 1.00 load
[runlim] sample:		4247.84 time, 4250.01 real, 269 MB, 1.00 load
[runlim] sample:		4257.84 time, 4260.01 real, 269 MB, 1.00 load
[runlim] sample:		4267.84 time, 4270.01 real, 265 MB, 1.00 load
[runlim] sample:		4277.83 time, 4280.01 real, 265 MB, 1.00 load
[runlim] sample:		4287.83 time, 4290.01 real, 265 MB, 1.00 load
[runlim] sample:		4297.82 time, 4300.01 real, 265 MB, 1.00 load
[runlim] sample:		4307.82 time, 4310.01 real, 265 MB, 1.00 load
[runlim] sample:		4317.81 time, 4320.01 real, 265 MB, 1.08 load
[runlim] sample:		4327.81 time, 4330.01 real, 266 MB, 1.14 load
[runlim] sample:		4337.80 time, 4340.01 real, 266 MB, 1.12 load
[runlim] sample:		4347.80 time, 4350.01 real, 266 MB, 1.34 load
[runlim] sample:		4357.79 time, 4360.01 real, 266 MB, 1.29 load
[runlim] sample:		4367.79 time, 4370.01 real, 266 MB, 1.24 load
[runlim] sample:		4377.78 time, 4380.01 real, 266 MB, 1.21 load
[runlim] sample:		4387.78 time, 4390.01 real, 266 MB, 1.17 load
[runlim] sample:		4397.77 time, 4400.01 real, 267 MB, 1.15 load
[runlim] sample:		4407.76 time, 4410.01 real, 267 MB, 1.20 load
[runlim] sample:		4417.76 time, 4420.01 real, 267 MB, 1.17 load
[runlim] sample:		4427.75 time, 4430.01 real, 267 MB, 1.23 load
[runlim] sample:		4437.75 time, 4440.01 real, 267 MB, 1.19 load
[runlim] sample:		4447.74 time, 4450.01 real, 267 MB, 1.16 load
[runlim] sample:		4457.74 time, 4460.01 real, 268 MB, 1.14 load
[runlim] sample:		4467.74 time, 4470.01 real, 268 MB, 1.11 load
[runlim] sample:		4477.73 time, 4480.01 real, 268 MB, 1.10 load
[runlim] sample:		4487.73 time, 4490.01 real, 268 MB, 1.08 load
[runlim] sample:		4497.72 time, 4500.01 real, 268 MB, 1.07 load
[runlim] sample:		4507.72 time, 4510.01 real, 268 MB, 1.06 load
[runlim] sample:		4517.71 time, 4520.01 real, 268 MB, 1.05 load
[runlim] sample:		4527.70 time, 4530.01 real, 268 MB, 1.04 load
[runlim] sample:		4537.70 time, 4540.01 real, 268 MB, 1.03 load
[runlim] sample:		4547.69 time, 4550.01 real, 268 MB, 1.03 load
[runlim] sample:		4557.69 time, 4560.01 real, 268 MB, 1.02 load
[runlim] sample:		4567.68 time, 4570.01 real, 268 MB, 1.02 load
[runlim] sample:		4577.67 time, 4580.01 real, 268 MB, 1.02 load
[runlim] sample:		4587.67 time, 4590.01 real, 268 MB, 1.01 load
[runlim] sample:		4597.67 time, 4600.01 real, 269 MB, 1.01 load
[runlim] sample:		4607.67 time, 4610.01 real, 269 MB, 1.01 load
[runlim] sample:		4617.66 time, 4620.01 real, 269 MB, 1.01 load
[runlim] sample:		4627.66 time, 4630.01 real, 269 MB, 1.00 load
[runlim] sample:		4637.65 time, 4640.01 real, 269 MB, 1.00 load
[runlim] sample:		4647.65 time, 4650.01 real, 269 MB, 1.00 load
[runlim] sample:		4657.64 time, 4660.01 real, 269 MB, 1.00 load
[runlim] sample:		4667.64 time, 4670.01 real, 269 MB, 1.00 load
[runlim] sample:		4677.63 time, 4680.01 real, 269 MB, 1.00 load
[runlim] sample:		4687.63 time, 4690.01 real, 269 MB, 1.00 load
[runlim] sample:		4697.62 time, 4700.01 real, 269 MB, 1.00 load
[runlim] sample:		4707.61 time, 4710.01 real, 269 MB, 1.00 load
[runlim] sample:		4717.61 time, 4720.01 real, 269 MB, 1.00 load
[runlim] sample:		4727.60 time, 4730.01 real, 269 MB, 1.00 load
[runlim] sample:		4737.60 time, 4740.01 real, 269 MB, 1.00 load
[runlim] sample:		4747.59 time, 4750.01 real, 269 MB, 1.00 load
[runlim] sample:		4757.59 time, 4760.01 real, 269 MB, 1.00 load
[runlim] sample:		4767.58 time, 4770.01 real, 269 MB, 1.00 load
[runlim] sample:		4777.58 time, 4780.01 real, 269 MB, 1.00 load
[runlim] sample:		4787.57 time, 4790.01 real, 269 MB, 1.00 load
[runlim] sample:		4797.57 time, 4800.01 real, 269 MB, 1.00 load
[runlim] sample:		4807.56 time, 4810.01 real, 270 MB, 1.00 load
[runlim] sample:		4817.55 time, 4820.01 real, 270 MB, 1.08 load
[runlim] sample:		4827.55 time, 4830.01 real, 270 MB, 1.29 load
[runlim] sample:		4837.55 time, 4840.01 real, 270 MB, 1.24 load
[runlim] sample:		4847.55 time, 4850.01 real, 280 MB, 1.21 load
SAT

=> TOTAL COMPLETION TIME (Makespan / UB): 464
Schedule is valid
 Time taken: 4855.83 seconds
SAT

=> TOTAL COMPLETION TIME (Makespan / UB): 463
Schedule is valid
 Time taken: 4855.93 seconds
[runlim] sample:		4857.54 time, 4860.01 real, 280 MB, 1.17 load
[runlim] sample:		4867.53 time, 4870.01 real, 284 MB, 1.15 load
[runlim] sample:		4877.53 time, 4880.01 real, 284 MB, 1.12 load
[runlim] sample:		4887.52 time, 4890.01 real, 284 MB, 1.10 load
[runlim] sample:		4897.52 time, 4900.01 real, 284 MB, 1.09 load
[runlim] sample:		4907.51 time, 4910.01 real, 284 MB, 1.07 load
[runlim] sample:		4917.51 time, 4920.01 real, 284 MB, 1.06 load
[runlim] sample:		4927.50 time, 4930.01 real, 279 MB, 1.05 load
[runlim] sample:		4937.50 time, 4940.01 real, 279 MB, 1.04 load
[runlim] sample:		4947.49 time, 4950.01 real, 279 MB, 1.04 load
[runlim] sample:		4957.49 time, 4960.01 real, 279 MB, 1.03 load
[runlim] sample:		4967.48 time, 4970.01 real, 280 MB, 1.02 load
[runlim] sample:		4977.48 time, 4980.01 real, 280 MB, 1.02 load
[runlim] sample:		4987.47 time, 4990.01 real, 280 MB, 1.02 load
[runlim] sample:		4997.47 time, 5000.01 real, 280 MB, 1.01 load
[runlim] sample:		5007.47 time, 5010.01 real, 280 MB, 1.01 load
[runlim] sample:		5017.46 time, 5020.01 real, 280 MB, 1.01 load
[runlim] sample:		5027.46 time, 5030.01 real, 280 MB, 1.01 load
[runlim] sample:		5037.45 time, 5040.01 real, 280 MB, 1.01 load
[runlim] sample:		5047.45 time, 5050.01 real, 280 MB, 1.00 load
[runlim] sample:		5057.45 time, 5060.01 real, 280 MB, 1.00 load
[runlim] sample:		5067.44 time, 5070.01 real, 280 MB, 1.00 load
[runlim] sample:		5077.43 time, 5080.01 real, 280 MB, 1.00 load
[runlim] sample:		5087.43 time, 5090.01 real, 280 MB, 1.00 load
[runlim] sample:		5097.43 time, 5100.01 real, 280 MB, 1.00 load
[runlim] sample:		5107.42 time, 5110.01 real, 281 MB, 1.00 load
[runlim] sample:		5117.41 time, 5120.01 real, 281 MB, 1.00 load
[runlim] sample:		5127.41 time, 5130.01 real, 281 MB, 1.00 load
[runlim] sample:		5137.40 time, 5140.01 real, 281 MB, 1.00 load
[runlim] sample:		5147.40 time, 5150.01 real, 281 MB, 1.00 load
[runlim] sample:		5157.39 time, 5160.01 real, 281 MB, 1.00 load
[runlim] sample:		5167.39 time, 5170.01 real, 283 MB, 1.00 load
[runlim] sample:		5177.39 time, 5180.01 real, 283 MB, 1.00 load
[runlim] sample:		5187.38 time, 5190.01 real, 283 MB, 1.00 load
[runlim] sample:		5197.38 time, 5200.01 real, 283 MB, 1.00 load
[runlim] sample:		5207.37 time, 5210.01 real, 283 MB, 1.00 load
[runlim] sample:		5217.37 time, 5220.01 real, 287 MB, 1.00 load
[runlim] sample:		5227.36 time, 5230.01 real, 287 MB, 1.00 load
[runlim] sample:		5237.36 time, 5240.01 real, 287 MB, 1.00 load
[runlim] sample:		5247.35 time, 5250.01 real, 287 MB, 1.00 load
[runlim] sample:		5257.35 time, 5260.01 real, 287 MB, 1.00 load
[runlim] sample:		5267.34 time, 5270.01 real, 289 MB, 1.00 load
[runlim] sample:		5277.33 time, 5280.01 real, 289 MB, 1.00 load
[runlim] sample:		5287.33 time, 5290.01 real, 289 MB, 1.00 load
[runlim] sample:		5297.32 time, 5300.01 real, 289 MB, 1.16 load
[runlim] sample:		5307.32 time, 5310.01 real, 289 MB, 1.13 load
[runlim] sample:		5317.31 time, 5320.01 real, 289 MB, 1.19 load
[runlim] sample:		5327.31 time, 5330.01 real, 289 MB, 1.24 load
[runlim] sample:		5337.31 time, 5340.01 real, 287 MB, 1.20 load
[runlim] sample:		5347.30 time, 5350.01 real, 287 MB, 1.17 load
[runlim] sample:		5357.30 time, 5360.01 real, 287 MB, 1.14 load
[runlim] sample:		5367.29 time, 5370.01 real, 287 MB, 1.12 load
[runlim] sample:		5377.29 time, 5380.01 real, 287 MB, 1.18 load
[runlim] sample:		5387.28 time, 5390.01 real, 287 MB, 1.15 load
[runlim] sample:		5397.28 time, 5400.01 real, 289 MB, 1.13 load
[runlim] sample:		5407.27 time, 5410.01 real, 289 MB, 1.11 load
[runlim] sample:		5417.27 time, 5420.01 real, 289 MB, 1.09 load
[runlim] sample:		5427.26 time, 5430.01 real, 289 MB, 1.08 load
[runlim] sample:		5437.26 time, 5440.01 real, 289 MB, 1.06 load
[runlim] sample:		5447.25 time, 5450.01 real, 289 MB, 1.05 load
[runlim] sample:		5457.25 time, 5460.01 real, 289 MB, 1.04 load
[runlim] sample:		5467.24 time, 5470.01 real, 280 MB, 1.04 load
[runlim] sample:		5477.23 time, 5480.01 real, 280 MB, 1.03 load
[runlim] sample:		5487.23 time, 5490.01 real, 280 MB, 1.03 load
[runlim] sample:		5497.22 time, 5500.01 real, 280 MB, 1.02 load
[runlim] sample:		5507.22 time, 5510.01 real, 280 MB, 1.02 load
[runlim] sample:		5517.22 time, 5520.01 real, 280 MB, 1.01 load
[runlim] sample:		5527.21 time, 5530.01 real, 280 MB, 1.01 load
[runlim] sample:		5537.21 time, 5540.01 real, 281 MB, 1.01 load
[runlim] sample:		5547.21 time, 5550.01 real, 281 MB, 1.01 load
[runlim] sample:		5557.20 time, 5560.01 real, 281 MB, 1.01 load
[runlim] sample:		5567.20 time, 5570.01 real, 281 MB, 1.00 load
[runlim] sample:		5577.19 time, 5580.01 real, 281 MB, 1.00 load
[runlim] sample:		5587.19 time, 5590.01 real, 281 MB, 1.00 load
[runlim] sample:		5597.19 time, 5600.01 real, 281 MB, 1.00 load
[runlim] sample:		5607.18 time, 5610.01 real, 281 MB, 1.00 load
[runlim] sample:		5617.17 time, 5620.01 real, 282 MB, 1.16 load
[runlim] sample:		5627.17 time, 5630.01 real, 282 MB, 1.13 load
[runlim] sample:		5637.16 time, 5640.01 real, 282 MB, 1.11 load
[runlim] sample:		5647.16 time, 5650.01 real, 282 MB, 1.10 load
[runlim] sample:		5657.15 time, 5660.01 real, 282 MB, 1.08 load
[runlim] sample:		5667.15 time, 5670.01 real, 282 MB, 1.07 load
[runlim] sample:		5677.14 time, 5680.01 real, 282 MB, 1.06 load
[runlim] sample:		5687.14 time, 5690.01 real, 282 MB, 1.05 load
[runlim] sample:		5697.13 time, 5700.01 real, 282 MB, 1.04 load
[runlim] sample:		5707.13 time, 5710.01 real, 282 MB, 1.03 load
[runlim] sample:		5717.12 time, 5720.01 real, 282 MB, 1.03 load
[runlim] sample:		5727.12 time, 5730.01 real, 282 MB, 1.02 load
[runlim] sample:		5737.11 time, 5740.01 real, 282 MB, 1.02 load
[runlim] sample:		5747.11 time, 5750.01 real, 282 MB, 1.02 load
[runlim] sample:		5757.10 time, 5760.01 real, 282 MB, 1.01 load
[runlim] sample:		5767.10 time, 5770.01 real, 282 MB, 1.01 load
[runlim] sample:		5777.10 time, 5780.01 real, 284 MB, 1.08 load
[runlim] sample:		5787.10 time, 5790.01 real, 284 MB, 1.07 load
[runlim] sample:		5797.09 time, 5800.01 real, 284 MB, 1.06 load
[runlim] sample:		5807.09 time, 5810.01 real, 284 MB, 1.05 load
[runlim] sample:		5817.08 time, 5820.01 real, 284 MB, 1.12 load
[runlim] sample:		5827.08 time, 5830.01 real, 284 MB, 1.18 load
[runlim] sample:		5837.07 time, 5840.01 real, 284 MB, 1.15 load
[runlim] sample:		5847.07 time, 5850.01 real, 284 MB, 1.13 load
[runlim] sample:		5857.06 time, 5860.01 real, 284 MB, 1.11 load
[runlim] sample:		5867.05 time, 5870.01 real, 283 MB, 1.09 load
[runlim] sample:		5877.05 time, 5880.01 real, 283 MB, 1.08 load
[runlim] sample:		5887.04 time, 5890.01 real, 283 MB, 1.06 load
[runlim] sample:		5897.04 time, 5900.01 real, 283 MB, 1.05 load
[runlim] sample:		5907.03 time, 5910.01 real, 283 MB, 1.04 load
[runlim] sample:		5917.03 time, 5920.01 real, 283 MB, 1.04 load
[runlim] sample:		5927.02 time, 5930.01 real, 283 MB, 1.03 load
[runlim] sample:		5937.02 time, 5940.01 real, 283 MB, 1.03 load
[runlim] sample:		5947.02 time, 5950.01 real, 284 MB, 1.02 load
[runlim] sample:		5957.01 time, 5960.01 real, 284 MB, 1.02 load
[runlim] sample:		5967.01 time, 5970.01 real, 284 MB, 1.01 load
[runlim] sample:		5977.00 time, 5980.01 real, 284 MB, 1.01 load
[runlim] sample:		5987.00 time, 5990.01 real, 284 MB, 1.01 load
[runlim] sample:		5996.99 time, 6000.01 real, 284 MB, 1.01 load
[runlim] sample:		6006.99 time, 6010.01 real, 284 MB, 1.01 load
[runlim] sample:		6016.98 time, 6020.01 real, 284 MB, 1.00 load
[runlim] sample:		6026.97 time, 6030.01 real, 284 MB, 1.00 load
[runlim] sample:		6036.97 time, 6040.01 real, 284 MB, 1.00 load
[runlim] sample:		6046.96 time, 6050.01 real, 284 MB, 1.00 load
[runlim] sample:		6056.96 time, 6060.01 real, 284 MB, 1.00 load
[runlim] sample:		6066.95 time, 6070.01 real, 284 MB, 1.00 load
[runlim] sample:		6076.95 time, 6080.01 real, 285 MB, 1.00 load
[runlim] sample:		6086.94 time, 6090.01 real, 285 MB, 1.00 load
[runlim] sample:		6096.94 time, 6100.01 real, 285 MB, 1.00 load
[runlim] sample:		6106.93 time, 6110.01 real, 285 MB, 1.00 load
[runlim] sample:		6116.93 time, 6120.01 real, 287 MB, 1.00 load
[runlim] sample:		6126.93 time, 6130.01 real, 287 MB, 1.00 load
[runlim] sample:		6136.92 time, 6140.01 real, 287 MB, 1.00 load
[runlim] sample:		6146.92 time, 6150.01 real, 287 MB, 1.00 load
[runlim] sample:		6156.91 time, 6160.01 real, 287 MB, 1.00 load
[runlim] sample:		6166.90 time, 6170.01 real, 287 MB, 1.00 load
[runlim] sample:		6176.90 time, 6180.01 real, 290 MB, 1.00 load
[runlim] sample:		6186.90 time, 6190.01 real, 290 MB, 1.00 load
[runlim] sample:		6196.89 time, 6200.01 real, 290 MB, 1.00 load
[runlim] sample:		6206.89 time, 6210.01 real, 290 MB, 1.00 load
[runlim] sample:		6216.88 time, 6220.01 real, 290 MB, 1.00 load
[runlim] sample:		6226.87 time, 6230.01 real, 294 MB, 1.00 load
[runlim] sample:		6236.87 time, 6240.01 real, 294 MB, 1.00 load
[runlim] sample:		6246.86 time, 6250.01 real, 294 MB, 1.00 load
[runlim] sample:		6256.86 time, 6260.01 real, 294 MB, 1.00 load
[runlim] sample:		6266.85 time, 6270.01 real, 294 MB, 1.00 load
[runlim] sample:		6276.85 time, 6280.01 real, 294 MB, 1.00 load
[runlim] sample:		6286.85 time, 6290.01 real, 292 MB, 1.00 load
[runlim] sample:		6296.84 time, 6300.01 real, 292 MB, 1.00 load
[runlim] sample:		6306.84 time, 6310.01 real, 292 MB, 1.00 load
[runlim] sample:		6316.83 time, 6320.01 real, 292 MB, 1.00 load
[runlim] sample:		6326.83 time, 6330.01 real, 292 MB, 1.15 load
[runlim] sample:		6336.82 time, 6340.01 real, 292 MB, 1.20 load
[runlim] sample:		6346.82 time, 6350.01 real, 292 MB, 1.32 load
[runlim] sample:		6356.81 time, 6360.01 real, 291 MB, 1.34 load
[runlim] sample:		6366.80 time, 6370.01 real, 291 MB, 1.29 load
[runlim] sample:		6376.80 time, 6380.01 real, 291 MB, 1.25 load
[runlim] sample:		6386.80 time, 6390.01 real, 291 MB, 1.21 load
[runlim] sample:		6396.79 time, 6400.01 real, 291 MB, 1.17 load
[runlim] sample:		6406.79 time, 6410.01 real, 291 MB, 1.15 load
[runlim] sample:		6416.78 time, 6420.01 real, 291 MB, 1.20 load
[runlim] sample:		6426.77 time, 6430.01 real, 287 MB, 1.24 load
[runlim] sample:		6436.77 time, 6440.01 real, 287 MB, 1.20 load
[runlim] sample:		6446.76 time, 6450.01 real, 287 MB, 1.17 load
[runlim] sample:		6456.76 time, 6460.01 real, 287 MB, 1.15 load
[runlim] sample:		6466.75 time, 6470.01 real, 287 MB, 1.12 load
[runlim] sample:		6476.75 time, 6480.01 real, 287 MB, 1.10 load
[runlim] sample:		6486.74 time, 6490.01 real, 287 MB, 1.09 load
[runlim] sample:		6496.74 time, 6500.01 real, 291 MB, 1.07 load
[runlim] sample:		6506.73 time, 6510.01 real, 291 MB, 1.06 load
[runlim] sample:		6516.73 time, 6520.01 real, 291 MB, 1.05 load
[runlim] sample:		6526.71 time, 6530.01 real, 291 MB, 1.12 load
[runlim] sample:		6536.71 time, 6540.01 real, 291 MB, 1.10 load
[runlim] sample:		6546.70 time, 6550.01 real, 291 MB, 1.09 load
[runlim] sample:		6556.70 time, 6560.01 real, 291 MB, 1.07 load
[runlim] sample:		6566.69 time, 6570.01 real, 291 MB, 1.06 load
[runlim] sample:		6576.69 time, 6580.01 real, 291 MB, 1.05 load
[runlim] sample:		6586.68 time, 6590.01 real, 291 MB, 1.04 load
[runlim] sample:		6596.68 time, 6600.01 real, 291 MB, 1.04 load
[runlim] sample:		6606.67 time, 6610.01 real, 291 MB, 1.03 load
[runlim] sample:		6616.67 time, 6620.01 real, 291 MB, 1.02 load
[runlim] sample:		6626.66 time, 6630.01 real, 291 MB, 1.02 load
[runlim] sample:		6636.66 time, 6640.01 real, 288 MB, 1.02 load
[runlim] sample:		6646.66 time, 6650.01 real, 288 MB, 1.01 load
[runlim] sample:		6656.65 time, 6660.01 real, 288 MB, 1.01 load
[runlim] sample:		6666.65 time, 6670.01 real, 288 MB, 1.01 load
[runlim] sample:		6676.64 time, 6680.01 real, 288 MB, 1.01 load
[runlim] sample:		6686.64 time, 6690.01 real, 288 MB, 1.01 load
[runlim] sample:		6696.64 time, 6700.01 real, 295 MB, 1.00 load
[runlim] sample:		6706.63 time, 6710.01 real, 295 MB, 1.00 load
[runlim] sample:		6716.63 time, 6720.01 real, 295 MB, 1.00 load
[runlim] sample:		6726.62 time, 6730.01 real, 295 MB, 1.00 load
[runlim] sample:		6736.61 time, 6740.01 real, 295 MB, 1.00 load
[runlim] sample:		6746.61 time, 6750.01 real, 295 MB, 1.00 load
[runlim] sample:		6756.61 time, 6760.01 real, 294 MB, 1.00 load
[runlim] sample:		6766.60 time, 6770.01 real, 294 MB, 1.00 load
[runlim] sample:		6776.60 time, 6780.01 real, 294 MB, 1.00 load
[runlim] sample:		6786.59 time, 6790.01 real, 294 MB, 1.00 load
[runlim] sample:		6796.59 time, 6800.01 real, 294 MB, 1.00 load
[runlim] sample:		6806.57 time, 6810.01 real, 294 MB, 1.00 load
SAT

=> TOTAL COMPLETION TIME (Makespan / UB): 462
Schedule is valid
 Time taken: 6812.60 seconds
[runlim] sample:		6816.57 time, 6820.01 real, 294 MB, 1.00 load
[runlim] sample:		6826.57 time, 6830.01 real, 294 MB, 1.15 load
[runlim] sample:		6836.56 time, 6840.01 real, 294 MB, 1.13 load
[runlim] sample:		6846.56 time, 6850.01 real, 294 MB, 1.11 load
[runlim] sample:		6856.55 time, 6860.01 real, 294 MB, 1.17 load
[runlim] sample:		6866.55 time, 6870.01 real, 286 MB, 1.15 load
[runlim] sample:		6876.55 time, 6880.01 real, 286 MB, 1.12 load
[runlim] sample:		6886.55 time, 6890.01 real, 286 MB, 1.10 load
[runlim] sample:		6896.54 time, 6900.01 real, 286 MB, 1.09 load
[runlim] sample:		6906.54 time, 6910.01 real, 286 MB, 1.07 load
[runlim] sample:		6916.53 time, 6920.01 real, 286 MB, 1.06 load
[runlim] sample:		6926.53 time, 6930.01 real, 288 MB, 1.05 load
[runlim] sample:		6936.52 time, 6940.01 real, 289 MB, 1.12 load
[runlim] sample:		6946.52 time, 6950.01 real, 289 MB, 1.10 load
[runlim] sample:		6956.51 time, 6960.01 real, 289 MB, 1.09 load
[runlim] sample:		6966.51 time, 6970.01 real, 289 MB, 1.07 load
[runlim] sample:		6976.51 time, 6980.01 real, 289 MB, 1.06 load
[runlim] sample:		6986.50 time, 6990.01 real, 289 MB, 1.05 load
[runlim] sample:		6996.50 time, 7000.01 real, 289 MB, 1.04 load
[runlim] sample:		7006.49 time, 7010.01 real, 289 MB, 1.04 load
[runlim] sample:		7016.49 time, 7020.01 real, 289 MB, 1.03 load
[runlim] sample:		7026.48 time, 7030.01 real, 286 MB, 1.02 load
[runlim] sample:		7036.48 time, 7040.01 real, 286 MB, 1.02 load
[runlim] sample:		7046.47 time, 7050.01 real, 286 MB, 1.09 load
[runlim] sample:		7056.47 time, 7060.01 real, 286 MB, 1.08 load
[runlim] sample:		7066.46 time, 7070.01 real, 286 MB, 1.06 load
[runlim] sample:		7076.46 time, 7080.01 real, 286 MB, 1.05 load
[runlim] sample:		7086.45 time, 7090.01 real, 286 MB, 1.13 load
[runlim] sample:		7096.45 time, 7100.01 real, 286 MB, 1.11 load
[runlim] sample:		7106.45 time, 7110.01 real, 286 MB, 1.09 load
[runlim] sample:		7116.45 time, 7120.01 real, 286 MB, 1.08 load
[runlim] sample:		7126.44 time, 7130.01 real, 286 MB, 1.06 load
[runlim] sample:		7136.44 time, 7140.01 real, 286 MB, 1.05 load
[runlim] sample:		7146.43 time, 7150.01 real, 286 MB, 1.04 load
[runlim] sample:		7156.43 time, 7160.01 real, 286 MB, 1.04 load
[runlim] sample:		7166.42 time, 7170.01 real, 286 MB, 1.03 load
[runlim] sample:		7176.41 time, 7180.01 real, 296 MB, 1.03 load
[runlim] sample:		7186.41 time, 7190.01 real, 296 MB, 1.02 load
[runlim] sample:		7196.41 time, 7200.01 real, 296 MB, 1.02 load
[runlim] sample:		7206.40 time, 7210.01 real, 296 MB, 1.01 load
[runlim] sample:		7216.40 time, 7220.01 real, 296 MB, 1.01 load
[runlim] sample:		7226.39 time, 7230.01 real, 296 MB, 1.01 load
[runlim] sample:		7236.39 time, 7240.01 real, 297 MB, 1.09 load
[runlim] sample:		7246.39 time, 7250.01 real, 297 MB, 1.07 load
[runlim] sample:		7256.38 time, 7260.01 real, 297 MB, 1.06 load
[runlim] sample:		7266.38 time, 7270.01 real, 297 MB, 1.05 load
[runlim] sample:		7276.37 time, 7280.01 real, 297 MB, 1.04 load
[runlim] sample:		7286.37 time, 7290.01 real, 297 MB, 1.04 load
[runlim] sample:		7296.37 time, 7300.01 real, 297 MB, 1.03 load
[runlim] sample:		7306.36 time, 7310.01 real, 297 MB, 1.02 load
[runlim] sample:		7316.36 time, 7320.01 real, 287 MB, 1.02 load
[runlim] sample:		7326.36 time, 7330.01 real, 287 MB, 1.17 load
[runlim] sample:		7336.35 time, 7340.01 real, 287 MB, 1.14 load
[runlim] sample:		7346.35 time, 7350.01 real, 287 MB, 1.12 load
[runlim] sample:		7356.35 time, 7360.01 real, 287 MB, 1.10 load
[runlim] sample:		7366.34 time, 7370.01 real, 287 MB, 1.09 load
[runlim] sample:		7376.34 time, 7380.01 real, 287 MB, 1.07 load
[runlim] sample:		7386.33 time, 7390.01 real, 288 MB, 1.14 load
[runlim] sample:		7396.32 time, 7400.01 real, 288 MB, 1.12 load
[runlim] sample:		7406.32 time, 7410.01 real, 288 MB, 1.17 load
[runlim] sample:		7416.32 time, 7420.01 real, 288 MB, 1.15 load
[runlim] sample:		7426.31 time, 7430.01 real, 288 MB, 1.20 load
[runlim] sample:		7436.31 time, 7440.01 real, 288 MB, 1.17 load
[runlim] sample:		7446.30 time, 7450.01 real, 288 MB, 1.22 load
[runlim] sample:		7456.30 time, 7460.01 real, 288 MB, 1.18 load
[runlim] sample:		7466.29 time, 7470.01 real, 288 MB, 1.15 load
[runlim] sample:		7476.29 time, 7480.01 real, 288 MB, 1.13 load
[runlim] sample:		7486.28 time, 7490.01 real, 288 MB, 1.11 load
[runlim] sample:		7496.28 time, 7500.01 real, 288 MB, 1.09 load
[runlim] sample:		7506.27 time, 7510.01 real, 288 MB, 1.08 load
[runlim] sample:		7516.27 time, 7520.01 real, 288 MB, 1.15 load
[runlim] sample:		7526.26 time, 7530.01 real, 288 MB, 1.20 load
[runlim] sample:		7536.26 time, 7540.01 real, 288 MB, 1.17 load
[runlim] sample:		7546.26 time, 7550.01 real, 288 MB, 1.14 load
[runlim] sample:		7556.25 time, 7560.01 real, 288 MB, 1.12 load
[runlim] sample:		7566.25 time, 7570.01 real, 288 MB, 1.17 load
[runlim] sample:		7576.25 time, 7580.01 real, 288 MB, 1.15 load
[runlim] sample:		7586.24 time, 7590.01 real, 288 MB, 1.12 load
[runlim] sample:		7596.24 time, 7600.01 real, 288 MB, 1.10 load
[runlim] sample:		7606.23 time, 7610.01 real, 288 MB, 1.09 load
[runlim] sample:		7616.23 time, 7620.01 real, 288 MB, 1.07 load
[runlim] sample:		7626.22 time, 7630.01 real, 288 MB, 1.06 load
[runlim] sample:		7636.22 time, 7640.01 real, 288 MB, 1.05 load
[runlim] sample:		7646.21 time, 7650.01 real, 288 MB, 1.12 load
[runlim] sample:		7656.20 time, 7660.01 real, 289 MB, 1.10 load
[runlim] sample:		7666.20 time, 7670.01 real, 293 MB, 1.17 load
[runlim] sample:		7676.19 time, 7680.01 real, 293 MB, 1.14 load
[runlim] sample:		7686.19 time, 7690.01 real, 293 MB, 1.12 load
[runlim] sample:		7696.18 time, 7700.01 real, 293 MB, 1.10 load
[runlim] sample:		7706.18 time, 7710.01 real, 293 MB, 1.08 load
[runlim] sample:		7716.17 time, 7720.01 real, 293 MB, 1.07 load
[runlim] sample:		7726.17 time, 7730.01 real, 293 MB, 1.06 load
[runlim] sample:		7736.16 time, 7740.01 real, 293 MB, 1.05 load
[runlim] sample:		7746.16 time, 7750.01 real, 293 MB, 1.04 load
[runlim] sample:		7756.15 time, 7760.01 real, 293 MB, 1.04 load
[runlim] sample:		7766.15 time, 7770.01 real, 293 MB, 1.03 load
[runlim] sample:		7776.15 time, 7780.01 real, 293 MB, 1.02 load
[runlim] sample:		7786.14 time, 7790.01 real, 293 MB, 1.02 load
[runlim] sample:		7796.14 time, 7800.01 real, 293 MB, 1.10 load
[runlim] sample:		7806.13 time, 7810.01 real, 293 MB, 1.08 load
[runlim] sample:		7816.12 time, 7820.01 real, 293 MB, 1.15 load
[runlim] sample:		7826.11 time, 7830.01 real, 293 MB, 1.28 load
[runlim] sample:		7836.11 time, 7840.01 real, 293 MB, 1.24 load
[runlim] sample:		7846.10 time, 7850.01 real, 293 MB, 1.20 load
[runlim] sample:		7856.09 time, 7860.01 real, 293 MB, 1.17 load
[runlim] sample:		7866.09 time, 7870.01 real, 294 MB, 1.14 load
[runlim] sample:		7876.09 time, 7880.01 real, 294 MB, 1.12 load
[runlim] sample:		7886.08 time, 7890.01 real, 294 MB, 1.10 load
[runlim] sample:		7896.07 time, 7900.01 real, 294 MB, 1.08 load
[runlim] sample:		7906.07 time, 7910.01 real, 294 MB, 1.07 load
[runlim] sample:		7916.06 time, 7920.01 real, 294 MB, 1.06 load
[runlim] sample:		7926.06 time, 7930.01 real, 294 MB, 1.05 load
[runlim] sample:		7936.05 time, 7940.01 real, 294 MB, 1.04 load
[runlim] sample:		7946.05 time, 7950.01 real, 294 MB, 1.12 load
[runlim] sample:		7956.04 time, 7960.01 real, 294 MB, 1.10 load
[runlim] sample:		7966.04 time, 7970.01 real, 294 MB, 1.08 load
[runlim] sample:		7976.02 time, 7980.01 real, 294 MB, 1.07 load
[runlim] sample:		7986.02 time, 7990.01 real, 294 MB, 1.06 load
[runlim] sample:		7996.01 time, 8000.01 real, 294 MB, 1.13 load
[runlim] sample:		8006.01 time, 8010.01 real, 294 MB, 1.11 load
[runlim] sample:		8016.00 time, 8020.01 real, 294 MB, 1.09 load
[runlim] sample:		8026.00 time, 8030.01 real, 294 MB, 1.08 load
[runlim] sample:		8035.99 time, 8040.01 real, 294 MB, 1.06 load
[runlim] sample:		8045.97 time, 8050.01 real, 294 MB, 1.05 load
[runlim] sample:		8055.97 time, 8060.01 real, 294 MB, 1.05 load
[runlim] sample:		8065.96 time, 8070.01 real, 294 MB, 1.04 load
[runlim] sample:		8075.96 time, 8080.01 real, 295 MB, 1.11 load
[runlim] sample:		8085.96 time, 8090.01 real, 295 MB, 1.10 load
[runlim] sample:		8095.95 time, 8100.01 real, 295 MB, 1.08 load
[runlim] sample:		8105.95 time, 8110.01 real, 295 MB, 1.07 load
[runlim] sample:		8115.94 time, 8120.01 real, 295 MB, 1.06 load
[runlim] sample:		8125.94 time, 8130.01 real, 295 MB, 1.05 load
[runlim] sample:		8135.93 time, 8140.01 real, 298 MB, 1.04 load
[runlim] sample:		8145.92 time, 8150.01 real, 298 MB, 1.03 load
[runlim] sample:		8155.92 time, 8160.01 real, 298 MB, 1.03 load
[runlim] sample:		8165.91 time, 8170.01 real, 298 MB, 1.02 load
[runlim] sample:		8175.91 time, 8180.01 real, 298 MB, 1.02 load
[runlim] sample:		8185.90 time, 8190.01 real, 296 MB, 1.02 load
[runlim] sample:		8195.89 time, 8200.01 real, 296 MB, 1.01 load
[runlim] sample:		8205.89 time, 8210.01 real, 296 MB, 1.01 load
[runlim] sample:		8215.88 time, 8220.01 real, 296 MB, 1.01 load
[runlim] sample:		8225.88 time, 8230.01 real, 296 MB, 1.09 load
[runlim] sample:		8235.87 time, 8240.01 real, 296 MB, 1.07 load
[runlim] sample:		8245.87 time, 8250.01 real, 296 MB, 1.14 load
[runlim] sample:		8255.86 time, 8260.01 real, 305 MB, 1.12 load
[runlim] sample:		8265.86 time, 8270.01 real, 305 MB, 1.10 load
[runlim] sample:		8275.85 time, 8280.01 real, 305 MB, 1.08 load
[runlim] sample:		8285.85 time, 8290.01 real, 305 MB, 1.07 load
[runlim] sample:		8295.84 time, 8300.01 real, 305 MB, 1.06 load
[runlim] sample:		8305.84 time, 8310.01 real, 305 MB, 1.05 load
[runlim] sample:		8315.83 time, 8320.01 real, 305 MB, 1.12 load
[runlim] sample:		8325.83 time, 8330.01 real, 310 MB, 1.34 load
[runlim] sample:		8335.82 time, 8340.01 real, 310 MB, 1.29 load
[runlim] sample:		8345.82 time, 8350.01 real, 310 MB, 1.24 load
[runlim] sample:		8355.81 time, 8360.01 real, 310 MB, 1.28 load
[runlim] sample:		8365.81 time, 8370.01 real, 310 MB, 1.24 load
[runlim] sample:		8375.80 time, 8380.01 real, 310 MB, 1.20 load
[runlim] sample:		8385.80 time, 8390.01 real, 310 MB, 1.17 load
[runlim] sample:		8395.79 time, 8400.01 real, 310 MB, 1.14 load
[runlim] sample:		8405.78 time, 8410.01 real, 304 MB, 1.12 load
[runlim] sample:		8415.77 time, 8420.01 real, 304 MB, 1.18 load
[runlim] sample:		8425.77 time, 8430.01 real, 304 MB, 1.15 load
[runlim] sample:		8435.76 time, 8440.01 real, 304 MB, 1.21 load
[runlim] sample:		8445.76 time, 8450.01 real, 304 MB, 1.18 load
[runlim] sample:		8455.75 time, 8460.01 real, 304 MB, 1.15 load
[runlim] sample:		8465.74 time, 8470.01 real, 304 MB, 1.13 load
[runlim] sample:		8475.74 time, 8480.01 real, 303 MB, 1.25 load
[runlim] sample:		8485.73 time, 8490.01 real, 303 MB, 1.21 load
[runlim] sample:		8495.73 time, 8500.01 real, 303 MB, 1.18 load
[runlim] sample:		8505.72 time, 8510.01 real, 303 MB, 1.23 load
[runlim] sample:		8515.72 time, 8520.01 real, 303 MB, 1.20 load
[runlim] sample:		8525.71 time, 8530.01 real, 303 MB, 1.25 load
[runlim] sample:		8535.70 time, 8540.01 real, 303 MB, 1.21 load
[runlim] sample:		8545.71 time, 8550.01 real, 305 MB, 1.18 load
[runlim] sample:		8555.70 time, 8560.01 real, 305 MB, 1.15 load
[runlim] sample:		8565.69 time, 8570.01 real, 305 MB, 1.12 load
[runlim] sample:		8575.69 time, 8580.01 real, 305 MB, 1.10 load
[runlim] sample:		8585.68 time, 8590.01 real, 305 MB, 1.09 load
[runlim] sample:		8595.68 time, 8600.01 real, 305 MB, 1.07 load
[runlim] sample:		8605.67 time, 8610.01 real, 305 MB, 1.06 load
[runlim] sample:		8615.67 time, 8620.01 real, 305 MB, 1.05 load
[runlim] sample:		8625.66 time, 8630.01 real, 300 MB, 1.04 load
[runlim] sample:		8635.65 time, 8640.01 real, 300 MB, 1.04 load
[runlim] sample:		8645.65 time, 8650.01 real, 300 MB, 1.03 load
[runlim] sample:		8655.64 time, 8660.01 real, 300 MB, 1.03 load
[runlim] sample:		8665.64 time, 8670.01 real, 300 MB, 1.02 load
[runlim] sample:		8675.63 time, 8680.01 real, 300 MB, 1.02 load
[runlim] sample:		8685.63 time, 8690.01 real, 300 MB, 1.01 load
[runlim] sample:		8695.62 time, 8700.01 real, 300 MB, 1.01 load
[runlim] sample:		8705.62 time, 8710.01 real, 303 MB, 1.01 load
[runlim] sample:		8715.61 time, 8720.01 real, 303 MB, 1.01 load
[runlim] sample:		8725.61 time, 8730.01 real, 303 MB, 1.01 load
[runlim] sample:		8735.60 time, 8740.01 real, 303 MB, 1.00 load
[runlim] sample:		8745.60 time, 8750.01 real, 303 MB, 1.00 load
[runlim] sample:		8755.59 time, 8760.01 real, 303 MB, 1.00 load
[runlim] sample:		8765.58 time, 8770.01 real, 303 MB, 1.00 load
[runlim] sample:		8775.58 time, 8780.01 real, 303 MB, 1.00 load
[runlim] sample:		8785.57 time, 8790.01 real, 306 MB, 1.08 load
[runlim] sample:		8795.57 time, 8800.01 real, 306 MB, 1.07 load
[runlim] sample:		8805.54 time, 8810.01 real, 306 MB, 1.14 load
[runlim] sample:		8815.54 time, 8820.01 real, 306 MB, 1.12 load
[runlim] sample:		8825.53 time, 8830.01 real, 306 MB, 1.25 load
[runlim] sample:		8835.53 time, 8840.01 real, 306 MB, 1.21 load
[runlim] sample:		8845.52 time, 8850.01 real, 306 MB, 1.18 load
[runlim] sample:		8855.51 time, 8860.01 real, 306 MB, 1.15 load
[runlim] sample:		8865.51 time, 8870.01 real, 310 MB, 1.13 load
[runlim] sample:		8875.50 time, 8880.01 real, 310 MB, 1.11 load
[runlim] sample:		8885.50 time, 8890.01 real, 310 MB, 1.09 load
[runlim] sample:		8895.49 time, 8900.01 real, 310 MB, 1.08 load
[runlim] sample:		8905.49 time, 8910.01 real, 310 MB, 1.06 load
[runlim] sample:		8915.48 time, 8920.01 real, 310 MB, 1.05 load
[runlim] sample:		8925.47 time, 8930.01 real, 393 MB, 1.05 load
[runlim] sample:		8935.46 time, 8940.01 real, 312 MB, 1.12 load
[runlim] sample:		8945.46 time, 8950.01 real, 312 MB, 1.10 load
[runlim] sample:		8955.45 time, 8960.01 real, 312 MB, 1.08 load
[runlim] sample:		8965.45 time, 8970.01 real, 312 MB, 1.07 load
[runlim] sample:		8975.44 time, 8980.01 real, 312 MB, 1.06 load
[runlim] sample:		8985.43 time, 8990.01 real, 312 MB, 1.05 load
[runlim] sample:		8995.43 time, 9000.01 real, 312 MB, 1.04 load
[runlim] sample:		9005.42 time, 9010.01 real, 312 MB, 1.04 load
[runlim] sample:		9015.42 time, 9020.01 real, 310 MB, 1.03 load
[runlim] sample:		9025.41 time, 9030.01 real, 310 MB, 1.02 load
[runlim] sample:		9035.40 time, 9040.01 real, 310 MB, 1.02 load
[runlim] sample:		9045.40 time, 9050.01 real, 310 MB, 1.02 load
[runlim] sample:		9055.39 time, 9060.01 real, 310 MB, 1.01 load
[runlim] sample:		9065.38 time, 9070.01 real, 310 MB, 1.01 load
[runlim] sample:		9075.38 time, 9080.01 real, 310 MB, 1.01 load
[runlim] sample:		9085.37 time, 9090.01 real, 310 MB, 1.09 load
[runlim] sample:		9095.36 time, 9100.01 real, 310 MB, 1.07 load
[runlim] sample:		9105.36 time, 9110.01 real, 310 MB, 1.06 load
[runlim] sample:		9115.35 time, 9120.01 real, 310 MB, 1.05 load
[runlim] sample:		9125.35 time, 9130.01 real, 310 MB, 1.04 load
[runlim] sample:		9135.34 time, 9140.01 real, 310 MB, 1.04 load
[runlim] sample:		9145.33 time, 9150.01 real, 310 MB, 1.03 load
[runlim] sample:		9155.32 time, 9160.01 real, 310 MB, 1.02 load
[runlim] sample:		9165.32 time, 9170.01 real, 310 MB, 1.02 load
[runlim] sample:		9175.31 time, 9180.01 real, 301 MB, 1.02 load
[runlim] sample:		9185.31 time, 9190.01 real, 301 MB, 1.01 load
[runlim] sample:		9195.30 time, 9200.01 real, 301 MB, 1.01 load
[runlim] sample:		9205.30 time, 9210.01 real, 301 MB, 1.01 load
[runlim] sample:		9215.29 time, 9220.01 real, 301 MB, 1.09 load
[runlim] sample:		9225.29 time, 9230.01 real, 301 MB, 1.07 load
[runlim] sample:		9235.28 time, 9240.01 real, 301 MB, 1.14 load
[runlim] sample:		9245.27 time, 9250.01 real, 301 MB, 1.11 load
[runlim] sample:		9255.27 time, 9260.01 real, 302 MB, 1.10 load
[runlim] sample:		9265.27 time, 9270.01 real, 302 MB, 1.08 load
[runlim] sample:		9275.26 time, 9280.01 real, 302 MB, 1.07 load
[runlim] sample:		9285.26 time, 9290.01 real, 302 MB, 1.06 load
[runlim] sample:		9295.25 time, 9300.01 real, 302 MB, 1.05 load
[runlim] sample:		9305.25 time, 9310.01 real, 302 MB, 1.04 load
[runlim] sample:		9315.24 time, 9320.01 real, 302 MB, 1.03 load
[runlim] sample:		9325.24 time, 9330.01 real, 308 MB, 1.18 load
[runlim] sample:		9335.23 time, 9340.01 real, 308 MB, 1.15 load
[runlim] sample:		9345.23 time, 9350.01 real, 308 MB, 1.13 load
[runlim] sample:		9355.22 time, 9360.01 real, 308 MB, 1.33 load
[runlim] sample:		9365.22 time, 9370.01 real, 308 MB, 1.36 load
[runlim] sample:		9375.21 time, 9380.01 real, 308 MB, 1.30 load
[runlim] sample:		9385.21 time, 9390.01 real, 308 MB, 1.26 load
[runlim] sample:		9395.20 time, 9400.01 real, 308 MB, 1.22 load
[runlim] sample:		9405.20 time, 9410.01 real, 308 MB, 1.18 load
[runlim] sample:		9415.19 time, 9420.01 real, 308 MB, 1.23 load
[runlim] sample:		9425.19 time, 9430.01 real, 308 MB, 1.19 load
[runlim] sample:		9435.18 time, 9440.01 real, 299 MB, 1.16 load
[runlim] sample:		9445.18 time, 9450.01 real, 299 MB, 1.14 load
[runlim] sample:		9455.17 time, 9460.01 real, 299 MB, 1.12 load
[runlim] sample:		9465.17 time, 9470.01 real, 299 MB, 1.10 load
[runlim] sample:		9475.16 time, 9480.01 real, 299 MB, 1.08 load
[runlim] sample:		9485.16 time, 9490.01 real, 299 MB, 1.07 load
[runlim] sample:		9495.15 time, 9500.01 real, 299 MB, 1.06 load
[runlim] sample:		9505.15 time, 9510.01 real, 299 MB, 1.05 load
[runlim] sample:		9515.14 time, 9520.01 real, 299 MB, 1.04 load
[runlim] sample:		9525.14 time, 9530.01 real, 299 MB, 1.03 load
[runlim] sample:		9535.13 time, 9540.01 real, 299 MB, 1.03 load
[runlim] sample:		9545.12 time, 9550.01 real, 299 MB, 1.02 load
[runlim] sample:		9555.12 time, 9560.01 real, 299 MB, 1.09 load
[runlim] sample:		9565.11 time, 9570.01 real, 299 MB, 1.08 load
[runlim] sample:		9575.11 time, 9580.01 real, 299 MB, 1.07 load
[runlim] sample:		9585.11 time, 9590.01 real, 299 MB, 1.06 load
[runlim] sample:		9595.10 time, 9600.01 real, 299 MB, 1.05 load
[runlim] sample:		9605.09 time, 9610.01 real, 303 MB, 1.04 load
[runlim] sample:		9615.09 time, 9620.01 real, 303 MB, 1.03 load
[runlim] sample:		9625.09 time, 9630.01 real, 303 MB, 1.03 load
[runlim] sample:		9635.09 time, 9640.01 real, 303 MB, 1.02 load
[runlim] sample:		9645.08 time, 9650.01 real, 303 MB, 1.02 load
[runlim] sample:		9655.08 time, 9660.01 real, 303 MB, 1.02 load
[runlim] sample:		9665.06 time, 9670.01 real, 304 MB, 1.01 load
[runlim] sample:		9675.06 time, 9680.01 real, 304 MB, 1.01 load
[runlim] sample:		9685.05 time, 9690.01 real, 304 MB, 1.01 load
[runlim] sample:		9695.05 time, 9700.01 real, 304 MB, 1.01 load
[runlim] sample:		9705.04 time, 9710.01 real, 304 MB, 1.09 load
[runlim] sample:		9715.03 time, 9720.01 real, 304 MB, 1.07 load
[runlim] sample:		9725.03 time, 9730.01 real, 304 MB, 1.06 load
[runlim] sample:		9735.02 time, 9740.01 real, 304 MB, 1.05 load
[runlim] sample:		9745.02 time, 9750.01 real, 304 MB, 1.04 load
[runlim] sample:		9755.01 time, 9760.01 real, 304 MB, 1.04 load
[runlim] sample:		9765.01 time, 9770.01 real, 304 MB, 1.03 load
[runlim] sample:		9775.00 time, 9780.01 real, 305 MB, 1.02 load
[runlim] sample:		9784.98 time, 9790.01 real, 305 MB, 1.02 load
[runlim] sample:		9794.98 time, 9800.01 real, 305 MB, 1.02 load
[runlim] sample:		9804.97 time, 9810.01 real, 305 MB, 1.01 load
[runlim] sample:		9814.97 time, 9820.01 real, 305 MB, 1.01 load
[runlim] sample:		9824.96 time, 9830.01 real, 305 MB, 1.40 load
[runlim] sample:		9834.95 time, 9840.01 real, 305 MB, 2.08 load
[runlim] sample:		9844.95 time, 9850.01 real, 305 MB, 1.91 load
[runlim] sample:		9854.94 time, 9860.01 real, 305 MB, 1.77 load
[runlim] sample:		9864.94 time, 9870.01 real, 305 MB, 1.65 load
[runlim] sample:		9874.93 time, 9880.01 real, 305 MB, 1.55 load
[runlim] sample:		9884.92 time, 9890.01 real, 305 MB, 1.47 load
[runlim] sample:		9894.91 time, 9900.01 real, 305 MB, 1.56 load
