[runlim] version:		2.0.0rc12
[runlim] host:			DESKTOP-8K0D0PT
[runlim] time limit:		311040000 seconds
[runlim] real time limit:	600 seconds
[runlim] space limit:		80035 MB
[runlim] argv[0]:		python3
[runlim] argv[1]:		-u
[runlim] argv[2]:		main.py
[runlim] argv[3]:		datasets/yfjs/YFJS11
[runlim] start:			Tue Apr 14 13:01:18 2026
[runlim] child:			7320
Operations: 50, Edges: 40, Machines: 10
Greedy Schedule UB: 616
Building constraints took 5.14 seconds.
[runlim] sample:		10.23 time, 10.01 real, 821 MB, 1.07 load
SATISFIABLE: Tìm thấy lịch trình hợp lệ!

=> THỜI GIAN HOÀN THÀNH TỔNG (Makespan / UB): 616
UB 616 hợp lệ và được cải thiện xuống 616!
SATISFIABLE: Tìm thấy lịch trình hợp lệ!

=> THỜI GIAN HOÀN THÀNH TỔNG (Makespan / UB): 615
UB 615 hợp lệ và được cải thiện xuống 615!
SATISFIABLE: Tìm thấy lịch trình hợp lệ!

=> THỜI GIAN HOÀN THÀNH TỔNG (Makespan / UB): 614
UB 614 hợp lệ và được cải thiện xuống 614!
[runlim] sample:		20.45 time, 20.01 real, 904 MB, 1.06 load
SATISFIABLE: Tìm thấy lịch trình hợp lệ!

=> THỜI GIAN HOÀN THÀNH TỔNG (Makespan / UB): 613
UB 613 hợp lệ và được cải thiện xuống 613!
SATISFIABLE: Tìm thấy lịch trình hợp lệ!

=> THỜI GIAN HOÀN THÀNH TỔNG (Makespan / UB): 612
UB 612 hợp lệ và được cải thiện xuống 612!
SATISFIABLE: Tìm thấy lịch trình hợp lệ!

=> THỜI GIAN HOÀN THÀNH TỔNG (Makespan / UB): 611
UB 611 hợp lệ và được cải thiện xuống 611!
SATISFIABLE: Tìm thấy lịch trình hợp lệ!

=> THỜI GIAN HOÀN THÀNH TỔNG (Makespan / UB): 610
UB 610 hợp lệ và được cải thiện xuống 610!
SATISFIABLE: Tìm thấy lịch trình hợp lệ!

=> THỜI GIAN HOÀN THÀNH TỔNG (Makespan / UB): 609
UB 609 hợp lệ và được cải thiện xuống 609!
SATISFIABLE: Tìm thấy lịch trình hợp lệ!

=> THỜI GIAN HOÀN THÀNH TỔNG (Makespan / UB): 608
UB 608 hợp lệ và được cải thiện xuống 608!
SATISFIABLE: Tìm thấy lịch trình hợp lệ!

=> THỜI GIAN HOÀN THÀNH TỔNG (Makespan / UB): 607
UB 607 hợp lệ và được cải thiện xuống 607!
SATISFIABLE: Tìm thấy lịch trình hợp lệ!

=> THỜI GIAN HOÀN THÀNH TỔNG (Makespan / UB): 606
UB 606 hợp lệ và được cải thiện xuống 606!
SATISFIABLE: Tìm thấy lịch trình hợp lệ!

=> THỜI GIAN HOÀN THÀNH TỔNG (Makespan / UB): 605
UB 605 hợp lệ và được cải thiện xuống 605!
[runlim] sample:		30.53 time, 30.01 real, 776 MB, 1.05 load
SATISFIABLE: Tìm thấy lịch trình hợp lệ!

=> THỜI GIAN HOÀN THÀNH TỔNG (Makespan / UB): 604
UB 604 hợp lệ và được cải thiện xuống 604!
SATISFIABLE: Tìm thấy lịch trình hợp lệ!

=> THỜI GIAN HOÀN THÀNH TỔNG (Makespan / UB): 603
UB 603 hợp lệ và được cải thiện xuống 603!
SATISFIABLE: Tìm thấy lịch trình hợp lệ!

=> THỜI GIAN HOÀN THÀNH TỔNG (Makespan / UB): 602
UB 602 hợp lệ và được cải thiện xuống 602!
SATISFIABLE: Tìm thấy lịch trình hợp lệ!

=> THỜI GIAN HOÀN THÀNH TỔNG (Makespan / UB): 601
UB 601 hợp lệ và được cải thiện xuống 601!
SATISFIABLE: Tìm thấy lịch trình hợp lệ!

=> THỜI GIAN HOÀN THÀNH TỔNG (Makespan / UB): 600
UB 600 hợp lệ và được cải thiện xuống 600!
SATISFIABLE: Tìm thấy lịch trình hợp lệ!

=> THỜI GIAN HOÀN THÀNH TỔNG (Makespan / UB): 599
UB 599 hợp lệ và được cải thiện xuống 599!
SATISFIABLE: Tìm thấy lịch trình hợp lệ!

=> THỜI GIAN HOÀN THÀNH TỔNG (Makespan / UB): 598
UB 598 hợp lệ và được cải thiện xuống 598!
[runlim] sample:		40.70 time, 40.61 real, 773 MB, 1.04 load
SATISFIABLE: Tìm thấy lịch trình hợp lệ!

=> THỜI GIAN HOÀN THÀNH TỔNG (Makespan / UB): 597
UB 597 hợp lệ và được cải thiện xuống 597!
SATISFIABLE: Tìm thấy lịch trình hợp lệ!

=> THỜI GIAN HOÀN THÀNH TỔNG (Makespan / UB): 596
UB 596 hợp lệ và được cải thiện xuống 596!
SATISFIABLE: Tìm thấy lịch trình hợp lệ!

=> THỜI GIAN HOÀN THÀNH TỔNG (Makespan / UB): 595
UB 595 hợp lệ và được cải thiện xuống 595!
SATISFIABLE: Tìm thấy lịch trình hợp lệ!

=> THỜI GIAN HOÀN THÀNH TỔNG (Makespan / UB): 594
UB 594 hợp lệ và được cải thiện xuống 594!
SATISFIABLE: Tìm thấy lịch trình hợp lệ!

=> THỜI GIAN HOÀN THÀNH TỔNG (Makespan / UB): 593
UB 593 hợp lệ và được cải thiện xuống 593!
SATISFIABLE: Tìm thấy lịch trình hợp lệ!

=> THỜI GIAN HOÀN THÀNH TỔNG (Makespan / UB): 592
UB 592 hợp lệ và được cải thiện xuống 592!
SATISFIABLE: Tìm thấy lịch trình hợp lệ!

=> THỜI GIAN HOÀN THÀNH TỔNG (Makespan / UB): 591
UB 591 hợp lệ và được cải thiện xuống 591!
SATISFIABLE: Tìm thấy lịch trình hợp lệ!

=> THỜI GIAN HOÀN THÀNH TỔNG (Makespan / UB): 590
UB 590 hợp lệ và được cải thiện xuống 590!
SATISFIABLE: Tìm thấy lịch trình hợp lệ!

=> THỜI GIAN HOÀN THÀNH TỔNG (Makespan / UB): 589
UB 589 hợp lệ và được cải thiện xuống 589!
SATISFIABLE: Tìm thấy lịch trình hợp lệ!

=> THỜI GIAN HOÀN THÀNH TỔNG (Makespan / UB): 588
UB 588 hợp lệ và được cải thiện xuống 588!
[runlim] sample:		50.90 time, 50.61 real, 772 MB, 1.03 load
SATISFIABLE: Tìm thấy lịch trình hợp lệ!

=> THỜI GIAN HOÀN THÀNH TỔNG (Makespan / UB): 587
UB 587 hợp lệ và được cải thiện xuống 587!
SATISFIABLE: Tìm thấy lịch trình hợp lệ!

=> THỜI GIAN HOÀN THÀNH TỔNG (Makespan / UB): 586
UB 586 hợp lệ và được cải thiện xuống 586!
SATISFIABLE: Tìm thấy lịch trình hợp lệ!

=> THỜI GIAN HOÀN THÀNH TỔNG (Makespan / UB): 585
UB 585 hợp lệ và được cải thiện xuống 585!
SATISFIABLE: Tìm thấy lịch trình hợp lệ!

=> THỜI GIAN HOÀN THÀNH TỔNG (Makespan / UB): 584
UB 584 hợp lệ và được cải thiện xuống 584!
SATISFIABLE: Tìm thấy lịch trình hợp lệ!

=> THỜI GIAN HOÀN THÀNH TỔNG (Makespan / UB): 583
UB 583 hợp lệ và được cải thiện xuống 583!
SATISFIABLE: Tìm thấy lịch trình hợp lệ!

=> THỜI GIAN HOÀN THÀNH TỔNG (Makespan / UB): 582
UB 582 hợp lệ và được cải thiện xuống 582!
SATISFIABLE: Tìm thấy lịch trình hợp lệ!

=> THỜI GIAN HOÀN THÀNH TỔNG (Makespan / UB): 581
UB 581 hợp lệ và được cải thiện xuống 581!
SATISFIABLE: Tìm thấy lịch trình hợp lệ!

=> THỜI GIAN HOÀN THÀNH TỔNG (Makespan / UB): 580
UB 580 hợp lệ và được cải thiện xuống 580!
SATISFIABLE: Tìm thấy lịch trình hợp lệ!

=> THỜI GIAN HOÀN THÀNH TỔNG (Makespan / UB): 579
UB 579 hợp lệ và được cải thiện xuống 579!
SATISFIABLE: Tìm thấy lịch trình hợp lệ!

=> THỜI GIAN HOÀN THÀNH TỔNG (Makespan / UB): 578
UB 578 hợp lệ và được cải thiện xuống 578!
SATISFIABLE: Tìm thấy lịch trình hợp lệ!

=> THỜI GIAN HOÀN THÀNH TỔNG (Makespan / UB): 577
UB 577 hợp lệ và được cải thiện xuống 577!
SATISFIABLE: Tìm thấy lịch trình hợp lệ!

=> THỜI GIAN HOÀN THÀNH TỔNG (Makespan / UB): 576
UB 576 hợp lệ và được cải thiện xuống 576!
SATISFIABLE: Tìm thấy lịch trình hợp lệ!

=> THỜI GIAN HOÀN THÀNH TỔNG (Makespan / UB): 575
UB 575 hợp lệ và được cải thiện xuống 575!
SATISFIABLE: Tìm thấy lịch trình hợp lệ!

=> THỜI GIAN HOÀN THÀNH TỔNG (Makespan / UB): 574
UB 574 hợp lệ và được cải thiện xuống 574!
[runlim] sample:		61.07 time, 60.61 real, 770 MB, 1.03 load
SATISFIABLE: Tìm thấy lịch trình hợp lệ!

=> THỜI GIAN HOÀN THÀNH TỔNG (Makespan / UB): 573
UB 573 hợp lệ và được cải thiện xuống 573!
SATISFIABLE: Tìm thấy lịch trình hợp lệ!

=> THỜI GIAN HOÀN THÀNH TỔNG (Makespan / UB): 572
UB 572 hợp lệ và được cải thiện xuống 572!
SATISFIABLE: Tìm thấy lịch trình hợp lệ!

=> THỜI GIAN HOÀN THÀNH TỔNG (Makespan / UB): 571
UB 571 hợp lệ và được cải thiện xuống 571!
SATISFIABLE: Tìm thấy lịch trình hợp lệ!

=> THỜI GIAN HOÀN THÀNH TỔNG (Makespan / UB): 570
UB 570 hợp lệ và được cải thiện xuống 570!
SATISFIABLE: Tìm thấy lịch trình hợp lệ!

=> THỜI GIAN HOÀN THÀNH TỔNG (Makespan / UB): 569
UB 569 hợp lệ và được cải thiện xuống 569!
SATISFIABLE: Tìm thấy lịch trình hợp lệ!

=> THỜI GIAN HOÀN THÀNH TỔNG (Makespan / UB): 568
UB 568 hợp lệ và được cải thiện xuống 568!
SATISFIABLE: Tìm thấy lịch trình hợp lệ!

=> THỜI GIAN HOÀN THÀNH TỔNG (Makespan / UB): 567
UB 567 hợp lệ và được cải thiện xuống 567!
SATISFIABLE: Tìm thấy lịch trình hợp lệ!

=> THỜI GIAN HOÀN THÀNH TỔNG (Makespan / UB): 566
UB 566 hợp lệ và được cải thiện xuống 566!
[runlim] sample:		71.18 time, 71.19 real, 754 MB, 1.02 load
SATISFIABLE: Tìm thấy lịch trình hợp lệ!

=> THỜI GIAN HOÀN THÀNH TỔNG (Makespan / UB): 565
UB 565 hợp lệ và được cải thiện xuống 565!
SATISFIABLE: Tìm thấy lịch trình hợp lệ!

=> THỜI GIAN HOÀN THÀNH TỔNG (Makespan / UB): 564
UB 564 hợp lệ và được cải thiện xuống 564!
SATISFIABLE: Tìm thấy lịch trình hợp lệ!

=> THỜI GIAN HOÀN THÀNH TỔNG (Makespan / UB): 563
UB 563 hợp lệ và được cải thiện xuống 563!
SATISFIABLE: Tìm thấy lịch trình hợp lệ!

=> THỜI GIAN HOÀN THÀNH TỔNG (Makespan / UB): 562
UB 562 hợp lệ và được cải thiện xuống 562!
SATISFIABLE: Tìm thấy lịch trình hợp lệ!

=> THỜI GIAN HOÀN THÀNH TỔNG (Makespan / UB): 561
UB 561 hợp lệ và được cải thiện xuống 561!
SATISFIABLE: Tìm thấy lịch trình hợp lệ!

=> THỜI GIAN HOÀN THÀNH TỔNG (Makespan / UB): 560
UB 560 hợp lệ và được cải thiện xuống 560!
SATISFIABLE: Tìm thấy lịch trình hợp lệ!

=> THỜI GIAN HOÀN THÀNH TỔNG (Makespan / UB): 559
UB 559 hợp lệ và được cải thiện xuống 559!
SATISFIABLE: Tìm thấy lịch trình hợp lệ!

=> THỜI GIAN HOÀN THÀNH TỔNG (Makespan / UB): 558
UB 558 hợp lệ và được cải thiện xuống 558!
SATISFIABLE: Tìm thấy lịch trình hợp lệ!

=> THỜI GIAN HOÀN THÀNH TỔNG (Makespan / UB): 557
UB 557 hợp lệ và được cải thiện xuống 557!
SATISFIABLE: Tìm thấy lịch trình hợp lệ!

=> THỜI GIAN HOÀN THÀNH TỔNG (Makespan / UB): 556
UB 556 hợp lệ và được cải thiện xuống 556!
SATISFIABLE: Tìm thấy lịch trình hợp lệ!

=> THỜI GIAN HOÀN THÀNH TỔNG (Makespan / UB): 555
UB 555 hợp lệ và được cải thiện xuống 555!
SATISFIABLE: Tìm thấy lịch trình hợp lệ!

=> THỜI GIAN HOÀN THÀNH TỔNG (Makespan / UB): 554
UB 554 hợp lệ và được cải thiện xuống 554!
SATISFIABLE: Tìm thấy lịch trình hợp lệ!

=> THỜI GIAN HOÀN THÀNH TỔNG (Makespan / UB): 553
UB 553 hợp lệ và được cải thiện xuống 553!
SATISFIABLE: Tìm thấy lịch trình hợp lệ!

=> THỜI GIAN HOÀN THÀNH TỔNG (Makespan / UB): 552
UB 552 hợp lệ và được cải thiện xuống 552!
SATISFIABLE: Tìm thấy lịch trình hợp lệ!

=> THỜI GIAN HOÀN THÀNH TỔNG (Makespan / UB): 551
UB 551 hợp lệ và được cải thiện xuống 551!
SATISFIABLE: Tìm thấy lịch trình hợp lệ!

=> THỜI GIAN HOÀN THÀNH TỔNG (Makespan / UB): 550
UB 550 hợp lệ và được cải thiện xuống 550!
[runlim] sample:		81.45 time, 81.19 real, 745 MB, 1.02 load
SATISFIABLE: Tìm thấy lịch trình hợp lệ!

=> THỜI GIAN HOÀN THÀNH TỔNG (Makespan / UB): 549
UB 549 hợp lệ và được cải thiện xuống 549!
SATISFIABLE: Tìm thấy lịch trình hợp lệ!

=> THỜI GIAN HOÀN THÀNH TỔNG (Makespan / UB): 548
UB 548 hợp lệ và được cải thiện xuống 548!
SATISFIABLE: Tìm thấy lịch trình hợp lệ!

=> THỜI GIAN HOÀN THÀNH TỔNG (Makespan / UB): 547
UB 547 hợp lệ và được cải thiện xuống 547!
SATISFIABLE: Tìm thấy lịch trình hợp lệ!

=> THỜI GIAN HOÀN THÀNH TỔNG (Makespan / UB): 546
UB 546 hợp lệ và được cải thiện xuống 546!
SATISFIABLE: Tìm thấy lịch trình hợp lệ!

=> THỜI GIAN HOÀN THÀNH TỔNG (Makespan / UB): 545
UB 545 hợp lệ và được cải thiện xuống 545!
SATISFIABLE: Tìm thấy lịch trình hợp lệ!

=> THỜI GIAN HOÀN THÀNH TỔNG (Makespan / UB): 544
UB 544 hợp lệ và được cải thiện xuống 544!
SATISFIABLE: Tìm thấy lịch trình hợp lệ!

=> THỜI GIAN HOÀN THÀNH TỔNG (Makespan / UB): 543
UB 543 hợp lệ và được cải thiện xuống 543!
SATISFIABLE: Tìm thấy lịch trình hợp lệ!

=> THỜI GIAN HOÀN THÀNH TỔNG (Makespan / UB): 542
UB 542 hợp lệ và được cải thiện xuống 542!
SATISFIABLE: Tìm thấy lịch trình hợp lệ!

=> THỜI GIAN HOÀN THÀNH TỔNG (Makespan / UB): 541
UB 541 hợp lệ và được cải thiện xuống 541!
SATISFIABLE: Tìm thấy lịch trình hợp lệ!

=> THỜI GIAN HOÀN THÀNH TỔNG (Makespan / UB): 540
UB 540 hợp lệ và được cải thiện xuống 540!
SATISFIABLE: Tìm thấy lịch trình hợp lệ!

=> THỜI GIAN HOÀN THÀNH TỔNG (Makespan / UB): 539
UB 539 hợp lệ và được cải thiện xuống 539!
SATISFIABLE: Tìm thấy lịch trình hợp lệ!

=> THỜI GIAN HOÀN THÀNH TỔNG (Makespan / UB): 538
UB 538 hợp lệ và được cải thiện xuống 538!
SATISFIABLE: Tìm thấy lịch trình hợp lệ!

=> THỜI GIAN HOÀN THÀNH TỔNG (Makespan / UB): 537
UB 537 hợp lệ và được cải thiện xuống 537!
SATISFIABLE: Tìm thấy lịch trình hợp lệ!

=> THỜI GIAN HOÀN THÀNH TỔNG (Makespan / UB): 536
UB 536 hợp lệ và được cải thiện xuống 536!
SATISFIABLE: Tìm thấy lịch trình hợp lệ!

=> THỜI GIAN HOÀN THÀNH TỔNG (Makespan / UB): 535
UB 535 hợp lệ và được cải thiện xuống 535!
[runlim] sample:		91.66 time, 91.19 real, 738 MB, 1.02 load
SATISFIABLE: Tìm thấy lịch trình hợp lệ!

=> THỜI GIAN HOÀN THÀNH TỔNG (Makespan / UB): 534
UB 534 hợp lệ và được cải thiện xuống 534!
SATISFIABLE: Tìm thấy lịch trình hợp lệ!

=> THỜI GIAN HOÀN THÀNH TỔNG (Makespan / UB): 533
UB 533 hợp lệ và được cải thiện xuống 533!
SATISFIABLE: Tìm thấy lịch trình hợp lệ!

=> THỜI GIAN HOÀN THÀNH TỔNG (Makespan / UB): 532
UB 532 hợp lệ và được cải thiện xuống 532!
SATISFIABLE: Tìm thấy lịch trình hợp lệ!

=> THỜI GIAN HOÀN THÀNH TỔNG (Makespan / UB): 531
UB 531 hợp lệ và được cải thiện xuống 531!
SATISFIABLE: Tìm thấy lịch trình hợp lệ!

=> THỜI GIAN HOÀN THÀNH TỔNG (Makespan / UB): 530
UB 530 hợp lệ và được cải thiện xuống 530!
SATISFIABLE: Tìm thấy lịch trình hợp lệ!

=> THỜI GIAN HOÀN THÀNH TỔNG (Makespan / UB): 529
UB 529 hợp lệ và được cải thiện xuống 529!
SATISFIABLE: Tìm thấy lịch trình hợp lệ!

=> THỜI GIAN HOÀN THÀNH TỔNG (Makespan / UB): 528
UB 528 hợp lệ và được cải thiện xuống 528!
SATISFIABLE: Tìm thấy lịch trình hợp lệ!

=> THỜI GIAN HOÀN THÀNH TỔNG (Makespan / UB): 527
UB 527 hợp lệ và được cải thiện xuống 527!
SATISFIABLE: Tìm thấy lịch trình hợp lệ!

=> THỜI GIAN HOÀN THÀNH TỔNG (Makespan / UB): 526
UB 526 hợp lệ và được cải thiện xuống 526!
UNSATISFIABLE: Không thể đạt được UB bằng cách thêm ràng buộc, UB trước đó là tối ưu!
[runlim] end:			Tue Apr 14 13:02:52 2026
[runlim] status:		ok
[runlim] result:		0
[runlim] children:		1
[runlim] processes:		2
[runlim] real:			94.34 seconds
[runlim] time:			94.80 seconds
[runlim] space:			1069 MB
[runlim] load:			1.08 maximum
[runlim] samples:		932
