[runlim] version:		2.0.0rc12
[runlim] host:			DESKTOP-8K0D0PT
[runlim] time limit:		311040000 seconds
[runlim] real time limit:	600 seconds
[runlim] space limit:		80035 MB
[runlim] argv[0]:		python3
[runlim] argv[1]:		-u
[runlim] argv[2]:		main.py
[runlim] argv[3]:		datasets/yfjs/YFJS03
[runlim] start:			Tue Apr 14 12:55:37 2026
[runlim] child:			4895
Operations: 24, Edges: 18, Machines: 7
Greedy Schedule UB: 445
Building constraints took 1.44 seconds.
SATISFIABLE: Tìm thấy lịch trình hợp lệ!

=> THỜI GIAN HOÀN THÀNH TỔNG (Makespan / UB): 445
UB 445 hợp lệ và được cải thiện xuống 445!
SATISFIABLE: Tìm thấy lịch trình hợp lệ!

=> THỜI GIAN HOÀN THÀNH TỔNG (Makespan / UB): 444
UB 444 hợp lệ và được cải thiện xuống 444!
SATISFIABLE: Tìm thấy lịch trình hợp lệ!

=> THỜI GIAN HOÀN THÀNH TỔNG (Makespan / UB): 440
UB 443 hợp lệ và được cải thiện xuống 440!
SATISFIABLE: Tìm thấy lịch trình hợp lệ!

=> THỜI GIAN HOÀN THÀNH TỔNG (Makespan / UB): 439
UB 439 hợp lệ và được cải thiện xuống 439!
SATISFIABLE: Tìm thấy lịch trình hợp lệ!

=> THỜI GIAN HOÀN THÀNH TỔNG (Makespan / UB): 438
UB 438 hợp lệ và được cải thiện xuống 438!
SATISFIABLE: Tìm thấy lịch trình hợp lệ!

=> THỜI GIAN HOÀN THÀNH TỔNG (Makespan / UB): 437
UB 437 hợp lệ và được cải thiện xuống 437!
SATISFIABLE: Tìm thấy lịch trình hợp lệ!

=> THỜI GIAN HOÀN THÀNH TỔNG (Makespan / UB): 436
UB 436 hợp lệ và được cải thiện xuống 436!
SATISFIABLE: Tìm thấy lịch trình hợp lệ!

=> THỜI GIAN HOÀN THÀNH TỔNG (Makespan / UB): 435
UB 435 hợp lệ và được cải thiện xuống 435!
SATISFIABLE: Tìm thấy lịch trình hợp lệ!

=> THỜI GIAN HOÀN THÀNH TỔNG (Makespan / UB): 434
UB 434 hợp lệ và được cải thiện xuống 434!
SATISFIABLE: Tìm thấy lịch trình hợp lệ!

=> THỜI GIAN HOÀN THÀNH TỔNG (Makespan / UB): 433
UB 433 hợp lệ và được cải thiện xuống 433!
SATISFIABLE: Tìm thấy lịch trình hợp lệ!

=> THỜI GIAN HOÀN THÀNH TỔNG (Makespan / UB): 432
UB 432 hợp lệ và được cải thiện xuống 432!
SATISFIABLE: Tìm thấy lịch trình hợp lệ!

=> THỜI GIAN HOÀN THÀNH TỔNG (Makespan / UB): 431
UB 431 hợp lệ và được cải thiện xuống 431!
SATISFIABLE: Tìm thấy lịch trình hợp lệ!

=> THỜI GIAN HOÀN THÀNH TỔNG (Makespan / UB): 430
UB 430 hợp lệ và được cải thiện xuống 430!
SATISFIABLE: Tìm thấy lịch trình hợp lệ!

=> THỜI GIAN HOÀN THÀNH TỔNG (Makespan / UB): 429
UB 429 hợp lệ và được cải thiện xuống 429!
SATISFIABLE: Tìm thấy lịch trình hợp lệ!

=> THỜI GIAN HOÀN THÀNH TỔNG (Makespan / UB): 428
UB 428 hợp lệ và được cải thiện xuống 428!
SATISFIABLE: Tìm thấy lịch trình hợp lệ!

=> THỜI GIAN HOÀN THÀNH TỔNG (Makespan / UB): 427
UB 427 hợp lệ và được cải thiện xuống 427!
SATISFIABLE: Tìm thấy lịch trình hợp lệ!

=> THỜI GIAN HOÀN THÀNH TỔNG (Makespan / UB): 426
UB 426 hợp lệ và được cải thiện xuống 426!
SATISFIABLE: Tìm thấy lịch trình hợp lệ!

=> THỜI GIAN HOÀN THÀNH TỔNG (Makespan / UB): 425
UB 425 hợp lệ và được cải thiện xuống 425!
SATISFIABLE: Tìm thấy lịch trình hợp lệ!

=> THỜI GIAN HOÀN THÀNH TỔNG (Makespan / UB): 424
UB 424 hợp lệ và được cải thiện xuống 424!
SATISFIABLE: Tìm thấy lịch trình hợp lệ!

=> THỜI GIAN HOÀN THÀNH TỔNG (Makespan / UB): 423
UB 423 hợp lệ và được cải thiện xuống 423!
SATISFIABLE: Tìm thấy lịch trình hợp lệ!

=> THỜI GIAN HOÀN THÀNH TỔNG (Makespan / UB): 422
UB 422 hợp lệ và được cải thiện xuống 422!
SATISFIABLE: Tìm thấy lịch trình hợp lệ!

=> THỜI GIAN HOÀN THÀNH TỔNG (Makespan / UB): 421
UB 421 hợp lệ và được cải thiện xuống 421!
SATISFIABLE: Tìm thấy lịch trình hợp lệ!

=> THỜI GIAN HOÀN THÀNH TỔNG (Makespan / UB): 420
UB 420 hợp lệ và được cải thiện xuống 420!
SATISFIABLE: Tìm thấy lịch trình hợp lệ!

=> THỜI GIAN HOÀN THÀNH TỔNG (Makespan / UB): 419
UB 419 hợp lệ và được cải thiện xuống 419!
SATISFIABLE: Tìm thấy lịch trình hợp lệ!

=> THỜI GIAN HOÀN THÀNH TỔNG (Makespan / UB): 418
UB 418 hợp lệ và được cải thiện xuống 418!
SATISFIABLE: Tìm thấy lịch trình hợp lệ!

=> THỜI GIAN HOÀN THÀNH TỔNG (Makespan / UB): 417
UB 417 hợp lệ và được cải thiện xuống 417!
SATISFIABLE: Tìm thấy lịch trình hợp lệ!

=> THỜI GIAN HOÀN THÀNH TỔNG (Makespan / UB): 416
UB 416 hợp lệ và được cải thiện xuống 416!
SATISFIABLE: Tìm thấy lịch trình hợp lệ!

=> THỜI GIAN HOÀN THÀNH TỔNG (Makespan / UB): 415
UB 415 hợp lệ và được cải thiện xuống 415!
SATISFIABLE: Tìm thấy lịch trình hợp lệ!

=> THỜI GIAN HOÀN THÀNH TỔNG (Makespan / UB): 414
UB 414 hợp lệ và được cải thiện xuống 414!
SATISFIABLE: Tìm thấy lịch trình hợp lệ!

=> THỜI GIAN HOÀN THÀNH TỔNG (Makespan / UB): 413
UB 413 hợp lệ và được cải thiện xuống 413!
SATISFIABLE: Tìm thấy lịch trình hợp lệ!

=> THỜI GIAN HOÀN THÀNH TỔNG (Makespan / UB): 412
UB 412 hợp lệ và được cải thiện xuống 412!
SATISFIABLE: Tìm thấy lịch trình hợp lệ!

=> THỜI GIAN HOÀN THÀNH TỔNG (Makespan / UB): 411
UB 411 hợp lệ và được cải thiện xuống 411!
SATISFIABLE: Tìm thấy lịch trình hợp lệ!

=> THỜI GIAN HOÀN THÀNH TỔNG (Makespan / UB): 408
UB 410 hợp lệ và được cải thiện xuống 408!
SATISFIABLE: Tìm thấy lịch trình hợp lệ!

=> THỜI GIAN HOÀN THÀNH TỔNG (Makespan / UB): 407
UB 407 hợp lệ và được cải thiện xuống 407!
SATISFIABLE: Tìm thấy lịch trình hợp lệ!

=> THỜI GIAN HOÀN THÀNH TỔNG (Makespan / UB): 406
UB 406 hợp lệ và được cải thiện xuống 406!
SATISFIABLE: Tìm thấy lịch trình hợp lệ!

=> THỜI GIAN HOÀN THÀNH TỔNG (Makespan / UB): 399
UB 405 hợp lệ và được cải thiện xuống 399!
SATISFIABLE: Tìm thấy lịch trình hợp lệ!

=> THỜI GIAN HOÀN THÀNH TỔNG (Makespan / UB): 398
UB 398 hợp lệ và được cải thiện xuống 398!
SATISFIABLE: Tìm thấy lịch trình hợp lệ!

=> THỜI GIAN HOÀN THÀNH TỔNG (Makespan / UB): 397
UB 397 hợp lệ và được cải thiện xuống 397!
SATISFIABLE: Tìm thấy lịch trình hợp lệ!

=> THỜI GIAN HOÀN THÀNH TỔNG (Makespan / UB): 395
UB 396 hợp lệ và được cải thiện xuống 395!
SATISFIABLE: Tìm thấy lịch trình hợp lệ!

=> THỜI GIAN HOÀN THÀNH TỔNG (Makespan / UB): 394
UB 394 hợp lệ và được cải thiện xuống 394!
SATISFIABLE: Tìm thấy lịch trình hợp lệ!

=> THỜI GIAN HOÀN THÀNH TỔNG (Makespan / UB): 393
UB 393 hợp lệ và được cải thiện xuống 393!
SATISFIABLE: Tìm thấy lịch trình hợp lệ!

=> THỜI GIAN HOÀN THÀNH TỔNG (Makespan / UB): 392
UB 392 hợp lệ và được cải thiện xuống 392!
SATISFIABLE: Tìm thấy lịch trình hợp lệ!

=> THỜI GIAN HOÀN THÀNH TỔNG (Makespan / UB): 391
UB 391 hợp lệ và được cải thiện xuống 391!
SATISFIABLE: Tìm thấy lịch trình hợp lệ!

=> THỜI GIAN HOÀN THÀNH TỔNG (Makespan / UB): 390
UB 390 hợp lệ và được cải thiện xuống 390!
SATISFIABLE: Tìm thấy lịch trình hợp lệ!

=> THỜI GIAN HOÀN THÀNH TỔNG (Makespan / UB): 389
UB 389 hợp lệ và được cải thiện xuống 389!
SATISFIABLE: Tìm thấy lịch trình hợp lệ!

=> THỜI GIAN HOÀN THÀNH TỔNG (Makespan / UB): 385
UB 388 hợp lệ và được cải thiện xuống 385!
SATISFIABLE: Tìm thấy lịch trình hợp lệ!

=> THỜI GIAN HOÀN THÀNH TỔNG (Makespan / UB): 384
UB 384 hợp lệ và được cải thiện xuống 384!
SATISFIABLE: Tìm thấy lịch trình hợp lệ!

=> THỜI GIAN HOÀN THÀNH TỔNG (Makespan / UB): 383
UB 383 hợp lệ và được cải thiện xuống 383!
SATISFIABLE: Tìm thấy lịch trình hợp lệ!

=> THỜI GIAN HOÀN THÀNH TỔNG (Makespan / UB): 382
UB 382 hợp lệ và được cải thiện xuống 382!
SATISFIABLE: Tìm thấy lịch trình hợp lệ!

=> THỜI GIAN HOÀN THÀNH TỔNG (Makespan / UB): 381
UB 381 hợp lệ và được cải thiện xuống 381!
SATISFIABLE: Tìm thấy lịch trình hợp lệ!

=> THỜI GIAN HOÀN THÀNH TỔNG (Makespan / UB): 380
UB 380 hợp lệ và được cải thiện xuống 380!
SATISFIABLE: Tìm thấy lịch trình hợp lệ!

=> THỜI GIAN HOÀN THÀNH TỔNG (Makespan / UB): 379
UB 379 hợp lệ và được cải thiện xuống 379!
SATISFIABLE: Tìm thấy lịch trình hợp lệ!

=> THỜI GIAN HOÀN THÀNH TỔNG (Makespan / UB): 378
UB 378 hợp lệ và được cải thiện xuống 378!
SATISFIABLE: Tìm thấy lịch trình hợp lệ!

=> THỜI GIAN HOÀN THÀNH TỔNG (Makespan / UB): 377
UB 377 hợp lệ và được cải thiện xuống 377!
SATISFIABLE: Tìm thấy lịch trình hợp lệ!

=> THỜI GIAN HOÀN THÀNH TỔNG (Makespan / UB): 376
UB 376 hợp lệ và được cải thiện xuống 376!
SATISFIABLE: Tìm thấy lịch trình hợp lệ!

=> THỜI GIAN HOÀN THÀNH TỔNG (Makespan / UB): 375
UB 375 hợp lệ và được cải thiện xuống 375!
SATISFIABLE: Tìm thấy lịch trình hợp lệ!

=> THỜI GIAN HOÀN THÀNH TỔNG (Makespan / UB): 374
UB 374 hợp lệ và được cải thiện xuống 374!
SATISFIABLE: Tìm thấy lịch trình hợp lệ!

=> THỜI GIAN HOÀN THÀNH TỔNG (Makespan / UB): 373
UB 373 hợp lệ và được cải thiện xuống 373!
SATISFIABLE: Tìm thấy lịch trình hợp lệ!

=> THỜI GIAN HOÀN THÀNH TỔNG (Makespan / UB): 372
UB 372 hợp lệ và được cải thiện xuống 372!
SATISFIABLE: Tìm thấy lịch trình hợp lệ!

=> THỜI GIAN HOÀN THÀNH TỔNG (Makespan / UB): 371
UB 371 hợp lệ và được cải thiện xuống 371!
SATISFIABLE: Tìm thấy lịch trình hợp lệ!

=> THỜI GIAN HOÀN THÀNH TỔNG (Makespan / UB): 370
UB 370 hợp lệ và được cải thiện xuống 370!
[runlim] sample:		10.16 time, 10.54 real, 251 MB, 1.02 load
SATISFIABLE: Tìm thấy lịch trình hợp lệ!

=> THỜI GIAN HOÀN THÀNH TỔNG (Makespan / UB): 367
UB 369 hợp lệ và được cải thiện xuống 367!
SATISFIABLE: Tìm thấy lịch trình hợp lệ!

=> THỜI GIAN HOÀN THÀNH TỔNG (Makespan / UB): 366
UB 366 hợp lệ và được cải thiện xuống 366!
SATISFIABLE: Tìm thấy lịch trình hợp lệ!

=> THỜI GIAN HOÀN THÀNH TỔNG (Makespan / UB): 365
UB 365 hợp lệ và được cải thiện xuống 365!
SATISFIABLE: Tìm thấy lịch trình hợp lệ!

=> THỜI GIAN HOÀN THÀNH TỔNG (Makespan / UB): 364
UB 364 hợp lệ và được cải thiện xuống 364!
SATISFIABLE: Tìm thấy lịch trình hợp lệ!

=> THỜI GIAN HOÀN THÀNH TỔNG (Makespan / UB): 363
UB 363 hợp lệ và được cải thiện xuống 363!
SATISFIABLE: Tìm thấy lịch trình hợp lệ!

=> THỜI GIAN HOÀN THÀNH TỔNG (Makespan / UB): 362
UB 362 hợp lệ và được cải thiện xuống 362!
SATISFIABLE: Tìm thấy lịch trình hợp lệ!

=> THỜI GIAN HOÀN THÀNH TỔNG (Makespan / UB): 361
UB 361 hợp lệ và được cải thiện xuống 361!
SATISFIABLE: Tìm thấy lịch trình hợp lệ!

=> THỜI GIAN HOÀN THÀNH TỔNG (Makespan / UB): 360
UB 360 hợp lệ và được cải thiện xuống 360!
SATISFIABLE: Tìm thấy lịch trình hợp lệ!

=> THỜI GIAN HOÀN THÀNH TỔNG (Makespan / UB): 359
UB 359 hợp lệ và được cải thiện xuống 359!
SATISFIABLE: Tìm thấy lịch trình hợp lệ!

=> THỜI GIAN HOÀN THÀNH TỔNG (Makespan / UB): 357
UB 358 hợp lệ và được cải thiện xuống 357!
SATISFIABLE: Tìm thấy lịch trình hợp lệ!

=> THỜI GIAN HOÀN THÀNH TỔNG (Makespan / UB): 356
UB 356 hợp lệ và được cải thiện xuống 356!
SATISFIABLE: Tìm thấy lịch trình hợp lệ!

=> THỜI GIAN HOÀN THÀNH TỔNG (Makespan / UB): 355
UB 355 hợp lệ và được cải thiện xuống 355!
SATISFIABLE: Tìm thấy lịch trình hợp lệ!

=> THỜI GIAN HOÀN THÀNH TỔNG (Makespan / UB): 354
UB 354 hợp lệ và được cải thiện xuống 354!
SATISFIABLE: Tìm thấy lịch trình hợp lệ!

=> THỜI GIAN HOÀN THÀNH TỔNG (Makespan / UB): 353
UB 353 hợp lệ và được cải thiện xuống 353!
SATISFIABLE: Tìm thấy lịch trình hợp lệ!

=> THỜI GIAN HOÀN THÀNH TỔNG (Makespan / UB): 352
UB 352 hợp lệ và được cải thiện xuống 352!
SATISFIABLE: Tìm thấy lịch trình hợp lệ!

=> THỜI GIAN HOÀN THÀNH TỔNG (Makespan / UB): 351
UB 351 hợp lệ và được cải thiện xuống 351!
SATISFIABLE: Tìm thấy lịch trình hợp lệ!

=> THỜI GIAN HOÀN THÀNH TỔNG (Makespan / UB): 350
UB 350 hợp lệ và được cải thiện xuống 350!
SATISFIABLE: Tìm thấy lịch trình hợp lệ!

=> THỜI GIAN HOÀN THÀNH TỔNG (Makespan / UB): 349
UB 349 hợp lệ và được cải thiện xuống 349!
SATISFIABLE: Tìm thấy lịch trình hợp lệ!

=> THỜI GIAN HOÀN THÀNH TỔNG (Makespan / UB): 348
UB 348 hợp lệ và được cải thiện xuống 348!
SATISFIABLE: Tìm thấy lịch trình hợp lệ!

=> THỜI GIAN HOÀN THÀNH TỔNG (Makespan / UB): 347
UB 347 hợp lệ và được cải thiện xuống 347!
UNSATISFIABLE: Không thể đạt được UB bằng cách thêm ràng buộc, UB trước đó là tối ưu!
[runlim] end:			Tue Apr 14 12:55:49 2026
[runlim] status:		ok
[runlim] result:		0
[runlim] children:		1
[runlim] processes:		2
[runlim] real:			12.01 seconds
[runlim] time:			11.58 seconds
[runlim] space:			330 MB
[runlim] load:			1.03 maximum
[runlim] samples:		115
