[runlim] version:		2.0.0rc12
[runlim] host:			ap-Precision-7550
[runlim] time limit:		311040000 seconds
[runlim] real time limit:	1800 seconds
[runlim] space limit:		14000 MB
[runlim] argv[0]:		python3
[runlim] argv[1]:		-u
[runlim] argv[2]:		sm_var.py
[runlim] argv[3]:		datasets/yfjs/YFJS14
[runlim] start:			Wed Apr 22 23:57:30 2026
[runlim] child:			23215
Operations: 221, Edges: 208, Machines: 26
Greedy Schedule UB: 1517
Building constraints took 6.10 seconds.
SAT

=> TOTAL COMPLETION TIME (Makespan / UB): 1516
Schedule is valid
 Time taken: 8.73 seconds
SAT

=> TOTAL COMPLETION TIME (Makespan / UB): 1515
Schedule is valid
 Time taken: 8.80 seconds
SAT

=> TOTAL COMPLETION TIME (Makespan / UB): 1514
Schedule is valid
 Time taken: 8.84 seconds
SAT

=> TOTAL COMPLETION TIME (Makespan / UB): 1513
Schedule is valid
 Time taken: 8.88 seconds
SAT

=> TOTAL COMPLETION TIME (Makespan / UB): 1512
Schedule is valid
 Time taken: 8.93 seconds
SAT

=> TOTAL COMPLETION TIME (Makespan / UB): 1511
Schedule is valid
 Time taken: 8.97 seconds
SAT

=> TOTAL COMPLETION TIME (Makespan / UB): 1510
Schedule is valid
 Time taken: 9.01 seconds
SAT

=> TOTAL COMPLETION TIME (Makespan / UB): 1509
Schedule is valid
 Time taken: 9.05 seconds
[runlim] sample:		10.00 time, 10.01 real, 799 MB, 1.12 load
[runlim] sample:		20.00 time, 20.01 real, 848 MB, 1.10 load
SAT

=> TOTAL COMPLETION TIME (Makespan / UB): 1508
Schedule is valid
 Time taken: 29.66 seconds
[runlim] sample:		29.99 time, 30.01 real, 844 MB, 1.08 load
SAT

=> TOTAL COMPLETION TIME (Makespan / UB): 1507
Schedule is valid
 Time taken: 30.31 seconds
SAT

=> TOTAL COMPLETION TIME (Makespan / UB): 1506
Schedule is valid
 Time taken: 30.76 seconds
SAT

=> TOTAL COMPLETION TIME (Makespan / UB): 1505
Schedule is valid
 Time taken: 31.15 seconds
SAT

=> TOTAL COMPLETION TIME (Makespan / UB): 1504
Schedule is valid
 Time taken: 31.51 seconds
SAT

=> TOTAL COMPLETION TIME (Makespan / UB): 1503
Schedule is valid
 Time taken: 31.86 seconds
SAT

=> TOTAL COMPLETION TIME (Makespan / UB): 1502
Schedule is valid
 Time taken: 32.72 seconds
SAT

=> TOTAL COMPLETION TIME (Makespan / UB): 1501
Schedule is valid
 Time taken: 33.17 seconds
SAT

=> TOTAL COMPLETION TIME (Makespan / UB): 1500
Schedule is valid
 Time taken: 33.65 seconds
SAT

=> TOTAL COMPLETION TIME (Makespan / UB): 1499
Schedule is valid
 Time taken: 34.22 seconds
SAT

=> TOTAL COMPLETION TIME (Makespan / UB): 1498
Schedule is valid
 Time taken: 34.63 seconds
SAT

=> TOTAL COMPLETION TIME (Makespan / UB): 1497
Schedule is valid
 Time taken: 35.10 seconds
SAT

=> TOTAL COMPLETION TIME (Makespan / UB): 1496
Schedule is valid
 Time taken: 35.14 seconds
SAT

=> TOTAL COMPLETION TIME (Makespan / UB): 1495
Schedule is valid
 Time taken: 35.18 seconds
SAT

=> TOTAL COMPLETION TIME (Makespan / UB): 1494
Schedule is valid
 Time taken: 35.21 seconds
SAT

=> TOTAL COMPLETION TIME (Makespan / UB): 1493
Schedule is valid
 Time taken: 35.25 seconds
SAT

=> TOTAL COMPLETION TIME (Makespan / UB): 1492
Schedule is valid
 Time taken: 35.29 seconds
SAT

=> TOTAL COMPLETION TIME (Makespan / UB): 1491
Schedule is valid
 Time taken: 35.33 seconds
SAT

=> TOTAL COMPLETION TIME (Makespan / UB): 1490
Schedule is valid
 Time taken: 35.36 seconds
SAT

=> TOTAL COMPLETION TIME (Makespan / UB): 1489
Schedule is valid
 Time taken: 35.40 seconds
SAT

=> TOTAL COMPLETION TIME (Makespan / UB): 1488
Schedule is valid
 Time taken: 35.43 seconds
SAT

=> TOTAL COMPLETION TIME (Makespan / UB): 1487
Schedule is valid
 Time taken: 35.47 seconds
SAT

=> TOTAL COMPLETION TIME (Makespan / UB): 1486
Schedule is valid
 Time taken: 35.51 seconds
SAT

=> TOTAL COMPLETION TIME (Makespan / UB): 1485
Schedule is valid
 Time taken: 35.54 seconds
SAT

=> TOTAL COMPLETION TIME (Makespan / UB): 1484
Schedule is valid
 Time taken: 35.58 seconds
SAT

=> TOTAL COMPLETION TIME (Makespan / UB): 1483
Schedule is valid
 Time taken: 35.61 seconds
SAT

=> TOTAL COMPLETION TIME (Makespan / UB): 1482
Schedule is valid
 Time taken: 35.65 seconds
SAT

=> TOTAL COMPLETION TIME (Makespan / UB): 1481
Schedule is valid
 Time taken: 35.69 seconds
SAT

=> TOTAL COMPLETION TIME (Makespan / UB): 1480
Schedule is valid
 Time taken: 35.73 seconds
SAT

=> TOTAL COMPLETION TIME (Makespan / UB): 1479
Schedule is valid
 Time taken: 35.76 seconds
SAT

=> TOTAL COMPLETION TIME (Makespan / UB): 1478
Schedule is valid
 Time taken: 35.80 seconds
SAT

=> TOTAL COMPLETION TIME (Makespan / UB): 1477
Schedule is valid
 Time taken: 35.84 seconds
SAT

=> TOTAL COMPLETION TIME (Makespan / UB): 1476
Schedule is valid
 Time taken: 35.89 seconds
SAT

=> TOTAL COMPLETION TIME (Makespan / UB): 1475
Schedule is valid
 Time taken: 35.93 seconds
SAT

=> TOTAL COMPLETION TIME (Makespan / UB): 1474
Schedule is valid
 Time taken: 35.99 seconds
SAT

=> TOTAL COMPLETION TIME (Makespan / UB): 1473
Schedule is valid
 Time taken: 36.04 seconds
SAT

=> TOTAL COMPLETION TIME (Makespan / UB): 1472
Schedule is valid
 Time taken: 36.08 seconds
SAT

=> TOTAL COMPLETION TIME (Makespan / UB): 1471
Schedule is valid
 Time taken: 36.12 seconds
SAT

=> TOTAL COMPLETION TIME (Makespan / UB): 1470
Schedule is valid
 Time taken: 36.16 seconds
SAT

=> TOTAL COMPLETION TIME (Makespan / UB): 1469
Schedule is valid
 Time taken: 36.20 seconds
SAT

=> TOTAL COMPLETION TIME (Makespan / UB): 1468
Schedule is valid
 Time taken: 36.24 seconds
SAT

=> TOTAL COMPLETION TIME (Makespan / UB): 1467
Schedule is valid
 Time taken: 36.28 seconds
SAT

=> TOTAL COMPLETION TIME (Makespan / UB): 1466
Schedule is valid
 Time taken: 36.34 seconds
SAT

=> TOTAL COMPLETION TIME (Makespan / UB): 1465
Schedule is valid
 Time taken: 36.53 seconds
SAT

=> TOTAL COMPLETION TIME (Makespan / UB): 1464
Schedule is valid
 Time taken: 36.57 seconds
SAT

=> TOTAL COMPLETION TIME (Makespan / UB): 1463
Schedule is valid
 Time taken: 36.60 seconds
SAT

=> TOTAL COMPLETION TIME (Makespan / UB): 1462
Schedule is valid
 Time taken: 37.34 seconds
SAT

=> TOTAL COMPLETION TIME (Makespan / UB): 1461
Schedule is valid
 Time taken: 37.39 seconds
SAT

=> TOTAL COMPLETION TIME (Makespan / UB): 1460
Schedule is valid
 Time taken: 37.43 seconds
SAT

=> TOTAL COMPLETION TIME (Makespan / UB): 1459
Schedule is valid
 Time taken: 37.46 seconds
SAT

=> TOTAL COMPLETION TIME (Makespan / UB): 1458
Schedule is valid
 Time taken: 37.50 seconds
SAT

=> TOTAL COMPLETION TIME (Makespan / UB): 1457
Schedule is valid
 Time taken: 37.54 seconds
SAT

=> TOTAL COMPLETION TIME (Makespan / UB): 1456
Schedule is valid
 Time taken: 37.57 seconds
SAT

=> TOTAL COMPLETION TIME (Makespan / UB): 1455
Schedule is valid
 Time taken: 37.60 seconds
SAT

=> TOTAL COMPLETION TIME (Makespan / UB): 1454
Schedule is valid
 Time taken: 37.64 seconds
SAT

=> TOTAL COMPLETION TIME (Makespan / UB): 1453
Schedule is valid
 Time taken: 37.67 seconds
SAT

=> TOTAL COMPLETION TIME (Makespan / UB): 1452
Schedule is valid
 Time taken: 37.72 seconds
SAT

=> TOTAL COMPLETION TIME (Makespan / UB): 1451
Schedule is valid
 Time taken: 37.76 seconds
SAT

=> TOTAL COMPLETION TIME (Makespan / UB): 1450
Schedule is valid
 Time taken: 37.80 seconds
SAT

=> TOTAL COMPLETION TIME (Makespan / UB): 1449
Schedule is valid
 Time taken: 37.83 seconds
SAT

=> TOTAL COMPLETION TIME (Makespan / UB): 1448
Schedule is valid
 Time taken: 37.87 seconds
SAT

=> TOTAL COMPLETION TIME (Makespan / UB): 1447
Schedule is valid
 Time taken: 37.90 seconds
SAT

=> TOTAL COMPLETION TIME (Makespan / UB): 1446
Schedule is valid
 Time taken: 37.94 seconds
SAT

=> TOTAL COMPLETION TIME (Makespan / UB): 1445
Schedule is valid
 Time taken: 37.97 seconds
SAT

=> TOTAL COMPLETION TIME (Makespan / UB): 1444
Schedule is valid
 Time taken: 38.00 seconds
SAT

=> TOTAL COMPLETION TIME (Makespan / UB): 1443
Schedule is valid
 Time taken: 38.04 seconds
SAT

=> TOTAL COMPLETION TIME (Makespan / UB): 1442
Schedule is valid
 Time taken: 38.07 seconds
SAT

=> TOTAL COMPLETION TIME (Makespan / UB): 1441
Schedule is valid
 Time taken: 38.13 seconds
SAT

=> TOTAL COMPLETION TIME (Makespan / UB): 1440
Schedule is valid
 Time taken: 38.18 seconds
SAT

=> TOTAL COMPLETION TIME (Makespan / UB): 1439
Schedule is valid
 Time taken: 38.23 seconds
SAT

=> TOTAL COMPLETION TIME (Makespan / UB): 1438
Schedule is valid
 Time taken: 38.28 seconds
SAT

=> TOTAL COMPLETION TIME (Makespan / UB): 1437
Schedule is valid
 Time taken: 38.32 seconds
SAT

=> TOTAL COMPLETION TIME (Makespan / UB): 1436
Schedule is valid
 Time taken: 38.36 seconds
SAT

=> TOTAL COMPLETION TIME (Makespan / UB): 1435
Schedule is valid
 Time taken: 38.41 seconds
SAT

=> TOTAL COMPLETION TIME (Makespan / UB): 1434
Schedule is valid
 Time taken: 38.46 seconds
SAT

=> TOTAL COMPLETION TIME (Makespan / UB): 1433
Schedule is valid
 Time taken: 38.51 seconds
SAT

=> TOTAL COMPLETION TIME (Makespan / UB): 1432
Schedule is valid
 Time taken: 38.56 seconds
SAT

=> TOTAL COMPLETION TIME (Makespan / UB): 1431
Schedule is valid
 Time taken: 38.60 seconds
SAT

=> TOTAL COMPLETION TIME (Makespan / UB): 1430
Schedule is valid
 Time taken: 38.64 seconds
SAT

=> TOTAL COMPLETION TIME (Makespan / UB): 1429
Schedule is valid
 Time taken: 38.67 seconds
SAT

=> TOTAL COMPLETION TIME (Makespan / UB): 1428
Schedule is valid
 Time taken: 38.71 seconds
SAT

=> TOTAL COMPLETION TIME (Makespan / UB): 1427
Schedule is valid
 Time taken: 38.75 seconds
SAT

=> TOTAL COMPLETION TIME (Makespan / UB): 1426
Schedule is valid
 Time taken: 38.79 seconds
SAT

=> TOTAL COMPLETION TIME (Makespan / UB): 1425
Schedule is valid
 Time taken: 38.83 seconds
SAT

=> TOTAL COMPLETION TIME (Makespan / UB): 1424
Schedule is valid
 Time taken: 38.87 seconds
SAT

=> TOTAL COMPLETION TIME (Makespan / UB): 1423
Schedule is valid
 Time taken: 38.90 seconds
SAT

=> TOTAL COMPLETION TIME (Makespan / UB): 1422
Schedule is valid
 Time taken: 38.94 seconds
SAT

=> TOTAL COMPLETION TIME (Makespan / UB): 1421
Schedule is valid
 Time taken: 38.98 seconds
SAT

=> TOTAL COMPLETION TIME (Makespan / UB): 1420
Schedule is valid
 Time taken: 39.02 seconds
SAT

=> TOTAL COMPLETION TIME (Makespan / UB): 1419
Schedule is valid
 Time taken: 39.06 seconds
SAT

=> TOTAL COMPLETION TIME (Makespan / UB): 1418
Schedule is valid
 Time taken: 39.09 seconds
SAT

=> TOTAL COMPLETION TIME (Makespan / UB): 1417
Schedule is valid
 Time taken: 39.13 seconds
SAT

=> TOTAL COMPLETION TIME (Makespan / UB): 1416
Schedule is valid
 Time taken: 39.17 seconds
SAT

=> TOTAL COMPLETION TIME (Makespan / UB): 1415
Schedule is valid
 Time taken: 39.21 seconds
SAT

=> TOTAL COMPLETION TIME (Makespan / UB): 1414
Schedule is valid
 Time taken: 39.25 seconds
SAT

=> TOTAL COMPLETION TIME (Makespan / UB): 1413
Schedule is valid
 Time taken: 39.28 seconds
SAT

=> TOTAL COMPLETION TIME (Makespan / UB): 1412
Schedule is valid
 Time taken: 39.32 seconds
SAT

=> TOTAL COMPLETION TIME (Makespan / UB): 1411
Schedule is valid
 Time taken: 39.37 seconds
SAT

=> TOTAL COMPLETION TIME (Makespan / UB): 1410
Schedule is valid
 Time taken: 39.41 seconds
SAT

=> TOTAL COMPLETION TIME (Makespan / UB): 1409
Schedule is valid
 Time taken: 39.46 seconds
SAT

=> TOTAL COMPLETION TIME (Makespan / UB): 1408
Schedule is valid
 Time taken: 39.50 seconds
SAT

=> TOTAL COMPLETION TIME (Makespan / UB): 1407
Schedule is valid
 Time taken: 39.54 seconds
SAT

=> TOTAL COMPLETION TIME (Makespan / UB): 1406
Schedule is valid
 Time taken: 39.59 seconds
SAT

=> TOTAL COMPLETION TIME (Makespan / UB): 1405
Schedule is valid
 Time taken: 39.63 seconds
SAT

=> TOTAL COMPLETION TIME (Makespan / UB): 1404
Schedule is valid
 Time taken: 39.67 seconds
SAT

=> TOTAL COMPLETION TIME (Makespan / UB): 1403
Schedule is valid
 Time taken: 39.72 seconds
SAT

=> TOTAL COMPLETION TIME (Makespan / UB): 1402
Schedule is valid
 Time taken: 39.78 seconds
SAT

=> TOTAL COMPLETION TIME (Makespan / UB): 1401
Schedule is valid
 Time taken: 39.81 seconds
SAT

=> TOTAL COMPLETION TIME (Makespan / UB): 1400
Schedule is valid
 Time taken: 39.85 seconds
SAT

=> TOTAL COMPLETION TIME (Makespan / UB): 1399
Schedule is valid
 Time taken: 39.88 seconds
SAT

=> TOTAL COMPLETION TIME (Makespan / UB): 1398
Schedule is valid
 Time taken: 39.92 seconds
SAT

=> TOTAL COMPLETION TIME (Makespan / UB): 1397
Schedule is valid
 Time taken: 39.95 seconds
SAT
[runlim] sample:		39.96 time, 40.01 real, 852 MB, 1.07 load

=> TOTAL COMPLETION TIME (Makespan / UB): 1396
Schedule is valid
 Time taken: 39.99 seconds
SAT

=> TOTAL COMPLETION TIME (Makespan / UB): 1395
Schedule is valid
 Time taken: 40.03 seconds
SAT

=> TOTAL COMPLETION TIME (Makespan / UB): 1394
Schedule is valid
 Time taken: 40.06 seconds
SAT

=> TOTAL COMPLETION TIME (Makespan / UB): 1393
Schedule is valid
 Time taken: 40.10 seconds
SAT

=> TOTAL COMPLETION TIME (Makespan / UB): 1392
Schedule is valid
 Time taken: 40.14 seconds
SAT

=> TOTAL COMPLETION TIME (Makespan / UB): 1391
Schedule is valid
 Time taken: 40.18 seconds
SAT

=> TOTAL COMPLETION TIME (Makespan / UB): 1390
Schedule is valid
 Time taken: 40.22 seconds
SAT

=> TOTAL COMPLETION TIME (Makespan / UB): 1389
Schedule is valid
 Time taken: 40.26 seconds
SAT

=> TOTAL COMPLETION TIME (Makespan / UB): 1388
Schedule is valid
 Time taken: 40.30 seconds
SAT

=> TOTAL COMPLETION TIME (Makespan / UB): 1387
Schedule is valid
 Time taken: 40.34 seconds
SAT

=> TOTAL COMPLETION TIME (Makespan / UB): 1386
Schedule is valid
 Time taken: 40.39 seconds
SAT

=> TOTAL COMPLETION TIME (Makespan / UB): 1385
Schedule is valid
 Time taken: 40.43 seconds
SAT

=> TOTAL COMPLETION TIME (Makespan / UB): 1384
Schedule is valid
 Time taken: 45.55 seconds
SAT

=> TOTAL COMPLETION TIME (Makespan / UB): 1383
Schedule is valid
 Time taken: 46.89 seconds
SAT

=> TOTAL COMPLETION TIME (Makespan / UB): 1382
Schedule is valid
 Time taken: 47.34 seconds
SAT

=> TOTAL COMPLETION TIME (Makespan / UB): 1381
Schedule is valid
 Time taken: 47.41 seconds
SAT

=> TOTAL COMPLETION TIME (Makespan / UB): 1380
Schedule is valid
 Time taken: 47.64 seconds
SAT

=> TOTAL COMPLETION TIME (Makespan / UB): 1379
Schedule is valid
 Time taken: 47.69 seconds
SAT

=> TOTAL COMPLETION TIME (Makespan / UB): 1378
Schedule is valid
 Time taken: 47.80 seconds
SAT

=> TOTAL COMPLETION TIME (Makespan / UB): 1377
Schedule is valid
 Time taken: 47.84 seconds
SAT

=> TOTAL COMPLETION TIME (Makespan / UB): 1376
Schedule is valid
 Time taken: 47.88 seconds
SAT

=> TOTAL COMPLETION TIME (Makespan / UB): 1375
Schedule is valid
 Time taken: 47.91 seconds
SAT

=> TOTAL COMPLETION TIME (Makespan / UB): 1374
Schedule is valid
 Time taken: 47.95 seconds
SAT

=> TOTAL COMPLETION TIME (Makespan / UB): 1373
Schedule is valid
 Time taken: 47.99 seconds
SAT

=> TOTAL COMPLETION TIME (Makespan / UB): 1372
Schedule is valid
 Time taken: 48.02 seconds
SAT

=> TOTAL COMPLETION TIME (Makespan / UB): 1371
Schedule is valid
 Time taken: 48.06 seconds
SAT

=> TOTAL COMPLETION TIME (Makespan / UB): 1370
Schedule is valid
 Time taken: 48.10 seconds
SAT

=> TOTAL COMPLETION TIME (Makespan / UB): 1369
Schedule is valid
 Time taken: 48.76 seconds
SAT

=> TOTAL COMPLETION TIME (Makespan / UB): 1368
Schedule is valid
 Time taken: 49.86 seconds
[runlim] sample:		49.96 time, 50.01 real, 803 MB, 1.06 load
SAT

=> TOTAL COMPLETION TIME (Makespan / UB): 1367
Schedule is valid
 Time taken: 58.11 seconds
SAT

=> TOTAL COMPLETION TIME (Makespan / UB): 1366
Schedule is valid
 Time taken: 59.20 seconds
SAT

=> TOTAL COMPLETION TIME (Makespan / UB): 1365
Schedule is valid
 Time taken: 59.50 seconds
SAT

=> TOTAL COMPLETION TIME (Makespan / UB): 1364
Schedule is valid
 Time taken: 59.75 seconds
SAT

=> TOTAL COMPLETION TIME (Makespan / UB): 1363
Schedule is valid
 Time taken: 59.98 seconds
[runlim] sample:		59.95 time, 60.01 real, 778 MB, 1.05 load
SAT

=> TOTAL COMPLETION TIME (Makespan / UB): 1362
Schedule is valid
 Time taken: 60.21 seconds
SAT

=> TOTAL COMPLETION TIME (Makespan / UB): 1361
Schedule is valid
 Time taken: 60.44 seconds
SAT

=> TOTAL COMPLETION TIME (Makespan / UB): 1360
Schedule is valid
 Time taken: 60.67 seconds
SAT

=> TOTAL COMPLETION TIME (Makespan / UB): 1359
Schedule is valid
 Time taken: 64.62 seconds
SAT

=> TOTAL COMPLETION TIME (Makespan / UB): 1358
Schedule is valid
 Time taken: 65.02 seconds
SAT

=> TOTAL COMPLETION TIME (Makespan / UB): 1357
Schedule is valid
 Time taken: 65.41 seconds
SAT

=> TOTAL COMPLETION TIME (Makespan / UB): 1356
Schedule is valid
 Time taken: 65.72 seconds
SAT

=> TOTAL COMPLETION TIME (Makespan / UB): 1355
Schedule is valid
 Time taken: 66.00 seconds
SAT

=> TOTAL COMPLETION TIME (Makespan / UB): 1354
Schedule is valid
 Time taken: 66.27 seconds
SAT

=> TOTAL COMPLETION TIME (Makespan / UB): 1353
Schedule is valid
 Time taken: 66.53 seconds
SAT

=> TOTAL COMPLETION TIME (Makespan / UB): 1352
Schedule is valid
 Time taken: 67.36 seconds
SAT

=> TOTAL COMPLETION TIME (Makespan / UB): 1351
Schedule is valid
 Time taken: 67.68 seconds
SAT

=> TOTAL COMPLETION TIME (Makespan / UB): 1350
Schedule is valid
 Time taken: 67.96 seconds
SAT

=> TOTAL COMPLETION TIME (Makespan / UB): 1349
Schedule is valid
 Time taken: 69.21 seconds
SAT

=> TOTAL COMPLETION TIME (Makespan / UB): 1348
Schedule is valid
 Time taken: 69.40 seconds
SAT

=> TOTAL COMPLETION TIME (Makespan / UB): 1347
Schedule is valid
 Time taken: 69.44 seconds
SAT

=> TOTAL COMPLETION TIME (Makespan / UB): 1346
Schedule is valid
 Time taken: 69.47 seconds
SAT

=> TOTAL COMPLETION TIME (Makespan / UB): 1345
Schedule is valid
 Time taken: 69.51 seconds
[runlim] sample:		69.95 time, 70.01 real, 773 MB, 1.04 load
SAT

=> TOTAL COMPLETION TIME (Makespan / UB): 1344
Schedule is valid
 Time taken: 70.05 seconds
SAT

=> TOTAL COMPLETION TIME (Makespan / UB): 1343
Schedule is valid
 Time taken: 70.10 seconds
SAT

=> TOTAL COMPLETION TIME (Makespan / UB): 1342
Schedule is valid
 Time taken: 70.14 seconds
SAT

=> TOTAL COMPLETION TIME (Makespan / UB): 1341
Schedule is valid
 Time taken: 70.48 seconds
SAT

=> TOTAL COMPLETION TIME (Makespan / UB): 1340
Schedule is valid
 Time taken: 70.52 seconds
SAT

=> TOTAL COMPLETION TIME (Makespan / UB): 1339
Schedule is valid
 Time taken: 70.56 seconds
SAT

=> TOTAL COMPLETION TIME (Makespan / UB): 1338
Schedule is valid
 Time taken: 70.60 seconds
SAT

=> TOTAL COMPLETION TIME (Makespan / UB): 1337
Schedule is valid
 Time taken: 70.64 seconds
SAT

=> TOTAL COMPLETION TIME (Makespan / UB): 1336
Schedule is valid
 Time taken: 70.68 seconds
SAT

=> TOTAL COMPLETION TIME (Makespan / UB): 1335
Schedule is valid
 Time taken: 70.72 seconds
SAT

=> TOTAL COMPLETION TIME (Makespan / UB): 1334
Schedule is valid
 Time taken: 70.76 seconds
SAT

=> TOTAL COMPLETION TIME (Makespan / UB): 1333
Schedule is valid
 Time taken: 70.80 seconds
SAT

=> TOTAL COMPLETION TIME (Makespan / UB): 1332
Schedule is valid
 Time taken: 71.73 seconds
SAT

=> TOTAL COMPLETION TIME (Makespan / UB): 1331
Schedule is valid
 Time taken: 72.39 seconds
SAT

=> TOTAL COMPLETION TIME (Makespan / UB): 1330
Schedule is valid
 Time taken: 72.64 seconds
SAT

=> TOTAL COMPLETION TIME (Makespan / UB): 1329
Schedule is valid
 Time taken: 72.68 seconds
SAT

=> TOTAL COMPLETION TIME (Makespan / UB): 1328
Schedule is valid
 Time taken: 72.71 seconds
SAT

=> TOTAL COMPLETION TIME (Makespan / UB): 1327
Schedule is valid
 Time taken: 72.75 seconds
SAT

=> TOTAL COMPLETION TIME (Makespan / UB): 1326
Schedule is valid
 Time taken: 73.25 seconds
SAT

=> TOTAL COMPLETION TIME (Makespan / UB): 1325
Schedule is valid
 Time taken: 73.31 seconds
SAT

=> TOTAL COMPLETION TIME (Makespan / UB): 1324
Schedule is valid
 Time taken: 73.38 seconds
SAT

=> TOTAL COMPLETION TIME (Makespan / UB): 1323
Schedule is valid
 Time taken: 73.44 seconds
SAT

=> TOTAL COMPLETION TIME (Makespan / UB): 1322
Schedule is valid
 Time taken: 73.50 seconds
SAT

=> TOTAL COMPLETION TIME (Makespan / UB): 1321
Schedule is valid
 Time taken: 73.56 seconds
SAT

=> TOTAL COMPLETION TIME (Makespan / UB): 1320
Schedule is valid
 Time taken: 73.62 seconds
SAT

=> TOTAL COMPLETION TIME (Makespan / UB): 1319
Schedule is valid
 Time taken: 74.01 seconds
SAT

=> TOTAL COMPLETION TIME (Makespan / UB): 1318
Schedule is valid
 Time taken: 78.14 seconds
SAT

=> TOTAL COMPLETION TIME (Makespan / UB): 1317
Schedule is valid
 Time taken: 78.21 seconds
UNSAT
status: optimal
Time taken: 78.21 seconds
[runlim] end:			Wed Apr 22 23:58:49 2026
[runlim] status:		ok
[runlim] result:		0
[runlim] children:		1
[runlim] processes:		2
[runlim] real:			78.38 seconds
[runlim] time:			78.23 seconds
[runlim] space:			1061 MB
[runlim] load:			1.14 maximum
[runlim] samples:		784
