[runlim] version:		2.0.0rc12
[runlim] host:			ap-Precision-7550
[runlim] time limit:		311040000 seconds
[runlim] real time limit:	1800 seconds
[runlim] space limit:		14000 MB
[runlim] argv[0]:		python3
[runlim] argv[1]:		-u
[runlim] argv[2]:		sm_var.py
[runlim] argv[3]:		datasets/yfjs/YFJS16
[runlim] start:			Thu Apr 23 00:00:49 2026
[runlim] child:			23269
Operations: 221, Edges: 208, Machines: 26
Greedy Schedule UB: 1498
Building constraints took 4.38 seconds.
SAT

=> TOTAL COMPLETION TIME (Makespan / UB): 1497
Schedule is valid
 Time taken: 5.77 seconds
SAT

=> TOTAL COMPLETION TIME (Makespan / UB): 1496
Schedule is valid
 Time taken: 5.80 seconds
SAT

=> TOTAL COMPLETION TIME (Makespan / UB): 1495
Schedule is valid
 Time taken: 5.82 seconds
SAT

=> TOTAL COMPLETION TIME (Makespan / UB): 1494
Schedule is valid
 Time taken: 5.85 seconds
SAT

=> TOTAL COMPLETION TIME (Makespan / UB): 1493
Schedule is valid
 Time taken: 5.87 seconds
SAT

=> TOTAL COMPLETION TIME (Makespan / UB): 1492
Schedule is valid
 Time taken: 5.90 seconds
SAT

=> TOTAL COMPLETION TIME (Makespan / UB): 1491
Schedule is valid
 Time taken: 5.93 seconds
[runlim] sample:		10.00 time, 10.01 real, 611 MB, 1.15 load
[runlim] sample:		20.00 time, 20.01 real, 643 MB, 1.13 load
SAT

=> TOTAL COMPLETION TIME (Makespan / UB): 1490
Schedule is valid
 Time taken: 21.17 seconds
SAT

=> TOTAL COMPLETION TIME (Makespan / UB): 1489
Schedule is valid
 Time taken: 22.83 seconds
SAT

=> TOTAL COMPLETION TIME (Makespan / UB): 1488
Schedule is valid
 Time taken: 23.79 seconds
SAT

=> TOTAL COMPLETION TIME (Makespan / UB): 1487
Schedule is valid
 Time taken: 27.45 seconds
SAT

=> TOTAL COMPLETION TIME (Makespan / UB): 1486
Schedule is valid
 Time taken: 28.58 seconds
SAT

=> TOTAL COMPLETION TIME (Makespan / UB): 1485
Schedule is valid
 Time taken: 29.17 seconds
[runlim] sample:		29.99 time, 30.01 real, 744 MB, 1.11 load
SAT

=> TOTAL COMPLETION TIME (Makespan / UB): 1484
Schedule is valid
 Time taken: 30.46 seconds
SAT

=> TOTAL COMPLETION TIME (Makespan / UB): 1483
Schedule is valid
 Time taken: 31.08 seconds
SAT

=> TOTAL COMPLETION TIME (Makespan / UB): 1482
Schedule is valid
 Time taken: 31.71 seconds
SAT

=> TOTAL COMPLETION TIME (Makespan / UB): 1481
Schedule is valid
 Time taken: 32.66 seconds
SAT

=> TOTAL COMPLETION TIME (Makespan / UB): 1480
Schedule is valid
 Time taken: 39.40 seconds
[runlim] sample:		39.99 time, 40.01 real, 667 MB, 1.17 load
SAT

=> TOTAL COMPLETION TIME (Makespan / UB): 1479
Schedule is valid
 Time taken: 40.06 seconds
SAT

=> TOTAL COMPLETION TIME (Makespan / UB): 1478
Schedule is valid
 Time taken: 42.73 seconds
SAT

=> TOTAL COMPLETION TIME (Makespan / UB): 1477
Schedule is valid
 Time taken: 43.34 seconds
SAT

=> TOTAL COMPLETION TIME (Makespan / UB): 1476
Schedule is valid
 Time taken: 44.21 seconds
SAT

=> TOTAL COMPLETION TIME (Makespan / UB): 1475
Schedule is valid
 Time taken: 45.56 seconds
SAT

=> TOTAL COMPLETION TIME (Makespan / UB): 1474
Schedule is valid
 Time taken: 46.13 seconds
SAT

=> TOTAL COMPLETION TIME (Makespan / UB): 1473
Schedule is valid
 Time taken: 47.14 seconds
SAT

=> TOTAL COMPLETION TIME (Makespan / UB): 1472
Schedule is valid
 Time taken: 47.63 seconds
SAT

=> TOTAL COMPLETION TIME (Makespan / UB): 1471
Schedule is valid
 Time taken: 48.27 seconds
SAT

=> TOTAL COMPLETION TIME (Makespan / UB): 1470
Schedule is valid
 Time taken: 48.74 seconds
SAT

=> TOTAL COMPLETION TIME (Makespan / UB): 1469
Schedule is valid
 Time taken: 49.96 seconds
[runlim] sample:		49.98 time, 50.01 real, 628 MB, 1.14 load
SAT

=> TOTAL COMPLETION TIME (Makespan / UB): 1468
Schedule is valid
 Time taken: 50.27 seconds
SAT

=> TOTAL COMPLETION TIME (Makespan / UB): 1467
Schedule is valid
 Time taken: 50.63 seconds
SAT

=> TOTAL COMPLETION TIME (Makespan / UB): 1466
Schedule is valid
 Time taken: 50.90 seconds
SAT

=> TOTAL COMPLETION TIME (Makespan / UB): 1465
Schedule is valid
 Time taken: 51.15 seconds
SAT

=> TOTAL COMPLETION TIME (Makespan / UB): 1464
Schedule is valid
 Time taken: 51.38 seconds
SAT

=> TOTAL COMPLETION TIME (Makespan / UB): 1463
Schedule is valid
 Time taken: 51.60 seconds
SAT

=> TOTAL COMPLETION TIME (Makespan / UB): 1462
Schedule is valid
 Time taken: 51.83 seconds
SAT

=> TOTAL COMPLETION TIME (Makespan / UB): 1461
Schedule is valid
 Time taken: 52.05 seconds
SAT

=> TOTAL COMPLETION TIME (Makespan / UB): 1460
Schedule is valid
 Time taken: 52.91 seconds
SAT

=> TOTAL COMPLETION TIME (Makespan / UB): 1459
Schedule is valid
 Time taken: 53.62 seconds
SAT

=> TOTAL COMPLETION TIME (Makespan / UB): 1458
Schedule is valid
 Time taken: 54.39 seconds
SAT

=> TOTAL COMPLETION TIME (Makespan / UB): 1457
Schedule is valid
 Time taken: 57.51 seconds
SAT

=> TOTAL COMPLETION TIME (Makespan / UB): 1456
Schedule is valid
 Time taken: 58.37 seconds
[runlim] sample:		59.98 time, 60.01 real, 655 MB, 1.12 load
SAT

=> TOTAL COMPLETION TIME (Makespan / UB): 1455
Schedule is valid
 Time taken: 66.26 seconds
SAT

=> TOTAL COMPLETION TIME (Makespan / UB): 1454
Schedule is valid
 Time taken: 67.15 seconds
SAT

=> TOTAL COMPLETION TIME (Makespan / UB): 1453
Schedule is valid
 Time taken: 68.11 seconds
SAT

=> TOTAL COMPLETION TIME (Makespan / UB): 1452
Schedule is valid
 Time taken: 68.94 seconds
SAT

=> TOTAL COMPLETION TIME (Makespan / UB): 1451
Schedule is valid
 Time taken: 69.18 seconds
SAT

=> TOTAL COMPLETION TIME (Makespan / UB): 1450
Schedule is valid
 Time taken: 69.40 seconds
SAT

=> TOTAL COMPLETION TIME (Makespan / UB): 1449
Schedule is valid
 Time taken: 69.61 seconds
SAT

=> TOTAL COMPLETION TIME (Makespan / UB): 1448
Schedule is valid
 Time taken: 69.81 seconds
[runlim] sample:		69.97 time, 70.01 real, 633 MB, 1.10 load
SAT

=> TOTAL COMPLETION TIME (Makespan / UB): 1447
Schedule is valid
 Time taken: 70.02 seconds
SAT

=> TOTAL COMPLETION TIME (Makespan / UB): 1446
Schedule is valid
 Time taken: 70.23 seconds
SAT

=> TOTAL COMPLETION TIME (Makespan / UB): 1445
Schedule is valid
 Time taken: 70.43 seconds
SAT

=> TOTAL COMPLETION TIME (Makespan / UB): 1444
Schedule is valid
 Time taken: 70.64 seconds
SAT

=> TOTAL COMPLETION TIME (Makespan / UB): 1443
Schedule is valid
 Time taken: 70.84 seconds
SAT

=> TOTAL COMPLETION TIME (Makespan / UB): 1442
Schedule is valid
 Time taken: 71.05 seconds
SAT

=> TOTAL COMPLETION TIME (Makespan / UB): 1441
Schedule is valid
 Time taken: 71.25 seconds
SAT

=> TOTAL COMPLETION TIME (Makespan / UB): 1440
Schedule is valid
 Time taken: 71.46 seconds
SAT

=> TOTAL COMPLETION TIME (Makespan / UB): 1439
Schedule is valid
 Time taken: 71.67 seconds
SAT

=> TOTAL COMPLETION TIME (Makespan / UB): 1438
Schedule is valid
 Time taken: 71.89 seconds
SAT

=> TOTAL COMPLETION TIME (Makespan / UB): 1437
Schedule is valid
 Time taken: 72.09 seconds
SAT

=> TOTAL COMPLETION TIME (Makespan / UB): 1436
Schedule is valid
 Time taken: 72.30 seconds
SAT

=> TOTAL COMPLETION TIME (Makespan / UB): 1435
Schedule is valid
 Time taken: 72.50 seconds
SAT

=> TOTAL COMPLETION TIME (Makespan / UB): 1434
Schedule is valid
 Time taken: 72.71 seconds
SAT

=> TOTAL COMPLETION TIME (Makespan / UB): 1433
Schedule is valid
 Time taken: 72.92 seconds
SAT

=> TOTAL COMPLETION TIME (Makespan / UB): 1432
Schedule is valid
 Time taken: 73.13 seconds
SAT

=> TOTAL COMPLETION TIME (Makespan / UB): 1431
Schedule is valid
 Time taken: 73.34 seconds
SAT

=> TOTAL COMPLETION TIME (Makespan / UB): 1430
Schedule is valid
 Time taken: 73.55 seconds
SAT

=> TOTAL COMPLETION TIME (Makespan / UB): 1429
Schedule is valid
 Time taken: 73.75 seconds
SAT

=> TOTAL COMPLETION TIME (Makespan / UB): 1428
Schedule is valid
 Time taken: 73.96 seconds
SAT

=> TOTAL COMPLETION TIME (Makespan / UB): 1427
Schedule is valid
 Time taken: 74.17 seconds
SAT

=> TOTAL COMPLETION TIME (Makespan / UB): 1426
Schedule is valid
 Time taken: 74.37 seconds
SAT

=> TOTAL COMPLETION TIME (Makespan / UB): 1425
Schedule is valid
 Time taken: 74.58 seconds
SAT

=> TOTAL COMPLETION TIME (Makespan / UB): 1424
Schedule is valid
 Time taken: 74.83 seconds
SAT

=> TOTAL COMPLETION TIME (Makespan / UB): 1423
Schedule is valid
 Time taken: 75.65 seconds
SAT

=> TOTAL COMPLETION TIME (Makespan / UB): 1422
Schedule is valid
 Time taken: 76.73 seconds
SAT

=> TOTAL COMPLETION TIME (Makespan / UB): 1421
Schedule is valid
 Time taken: 77.36 seconds
SAT

=> TOTAL COMPLETION TIME (Makespan / UB): 1420
Schedule is valid
 Time taken: 77.82 seconds
SAT

=> TOTAL COMPLETION TIME (Makespan / UB): 1419
Schedule is valid
 Time taken: 78.36 seconds
SAT

=> TOTAL COMPLETION TIME (Makespan / UB): 1418
Schedule is valid
 Time taken: 78.75 seconds
SAT

=> TOTAL COMPLETION TIME (Makespan / UB): 1417
Schedule is valid
 Time taken: 79.38 seconds
SAT

=> TOTAL COMPLETION TIME (Makespan / UB): 1416
Schedule is valid
 Time taken: 79.41 seconds
SAT

=> TOTAL COMPLETION TIME (Makespan / UB): 1415
Schedule is valid
 Time taken: 79.43 seconds
SAT

=> TOTAL COMPLETION TIME (Makespan / UB): 1414
Schedule is valid
 Time taken: 79.46 seconds
SAT

=> TOTAL COMPLETION TIME (Makespan / UB): 1413
Schedule is valid
 Time taken: 79.49 seconds
SAT

=> TOTAL COMPLETION TIME (Makespan / UB): 1412
Schedule is valid
 Time taken: 79.51 seconds
SAT

=> TOTAL COMPLETION TIME (Makespan / UB): 1411
Schedule is valid
 Time taken: 79.55 seconds
SAT

=> TOTAL COMPLETION TIME (Makespan / UB): 1410
Schedule is valid
 Time taken: 79.57 seconds
SAT

=> TOTAL COMPLETION TIME (Makespan / UB): 1409
Schedule is valid
 Time taken: 79.59 seconds
SAT

=> TOTAL COMPLETION TIME (Makespan / UB): 1408
Schedule is valid
 Time taken: 79.62 seconds
SAT

=> TOTAL COMPLETION TIME (Makespan / UB): 1407
Schedule is valid
 Time taken: 79.65 seconds
SAT

=> TOTAL COMPLETION TIME (Makespan / UB): 1406
Schedule is valid
 Time taken: 79.68 seconds
SAT

=> TOTAL COMPLETION TIME (Makespan / UB): 1405
Schedule is valid
 Time taken: 79.71 seconds
SAT

=> TOTAL COMPLETION TIME (Makespan / UB): 1404
Schedule is valid
 Time taken: 79.74 seconds
SAT

=> TOTAL COMPLETION TIME (Makespan / UB): 1403
Schedule is valid
 Time taken: 79.77 seconds
SAT

=> TOTAL COMPLETION TIME (Makespan / UB): 1402
Schedule is valid
 Time taken: 79.80 seconds
SAT

=> TOTAL COMPLETION TIME (Makespan / UB): 1401
Schedule is valid
 Time taken: 79.83 seconds
SAT

=> TOTAL COMPLETION TIME (Makespan / UB): 1400
Schedule is valid
 Time taken: 79.86 seconds
SAT

=> TOTAL COMPLETION TIME (Makespan / UB): 1399
Schedule is valid
 Time taken: 79.89 seconds
SAT

=> TOTAL COMPLETION TIME (Makespan / UB): 1398
Schedule is valid
 Time taken: 79.93 seconds
SAT

=> TOTAL COMPLETION TIME (Makespan / UB): 1397
Schedule is valid
 Time taken: 79.96 seconds
SAT

=> TOTAL COMPLETION TIME (Makespan / UB): 1396
[runlim] sample:		79.97 time, 80.01 real, 600 MB, 1.08 load
Schedule is valid
 Time taken: 79.99 seconds
SAT

=> TOTAL COMPLETION TIME (Makespan / UB): 1395
Schedule is valid
 Time taken: 80.63 seconds
SAT

=> TOTAL COMPLETION TIME (Makespan / UB): 1394
Schedule is valid
 Time taken: 81.10 seconds
SAT

=> TOTAL COMPLETION TIME (Makespan / UB): 1393
Schedule is valid
 Time taken: 81.68 seconds
SAT

=> TOTAL COMPLETION TIME (Makespan / UB): 1392
Schedule is valid
 Time taken: 84.97 seconds
SAT

=> TOTAL COMPLETION TIME (Makespan / UB): 1391
Schedule is valid
 Time taken: 85.01 seconds
SAT

=> TOTAL COMPLETION TIME (Makespan / UB): 1390
Schedule is valid
 Time taken: 85.04 seconds
SAT

=> TOTAL COMPLETION TIME (Makespan / UB): 1389
Schedule is valid
 Time taken: 85.07 seconds
SAT

=> TOTAL COMPLETION TIME (Makespan / UB): 1388
Schedule is valid
 Time taken: 85.10 seconds
SAT

=> TOTAL COMPLETION TIME (Makespan / UB): 1387
Schedule is valid
 Time taken: 85.20 seconds
SAT

=> TOTAL COMPLETION TIME (Makespan / UB): 1386
Schedule is valid
 Time taken: 86.27 seconds
SAT

=> TOTAL COMPLETION TIME (Makespan / UB): 1385
Schedule is valid
 Time taken: 86.49 seconds
SAT

=> TOTAL COMPLETION TIME (Makespan / UB): 1384
Schedule is valid
 Time taken: 86.95 seconds
SAT

=> TOTAL COMPLETION TIME (Makespan / UB): 1383
Schedule is valid
 Time taken: 87.09 seconds
SAT

=> TOTAL COMPLETION TIME (Makespan / UB): 1382
Schedule is valid
 Time taken: 87.12 seconds
SAT

=> TOTAL COMPLETION TIME (Makespan / UB): 1381
Schedule is valid
 Time taken: 87.15 seconds
SAT

=> TOTAL COMPLETION TIME (Makespan / UB): 1380
Schedule is valid
 Time taken: 87.18 seconds
SAT

=> TOTAL COMPLETION TIME (Makespan / UB): 1379
Schedule is valid
 Time taken: 87.21 seconds
SAT

=> TOTAL COMPLETION TIME (Makespan / UB): 1378
Schedule is valid
 Time taken: 87.25 seconds
SAT

=> TOTAL COMPLETION TIME (Makespan / UB): 1377
Schedule is valid
 Time taken: 87.28 seconds
SAT

=> TOTAL COMPLETION TIME (Makespan / UB): 1376
Schedule is valid
 Time taken: 87.31 seconds
SAT

=> TOTAL COMPLETION TIME (Makespan / UB): 1375
Schedule is valid
 Time taken: 87.35 seconds
SAT

=> TOTAL COMPLETION TIME (Makespan / UB): 1374
Schedule is valid
 Time taken: 87.38 seconds
SAT

=> TOTAL COMPLETION TIME (Makespan / UB): 1373
Schedule is valid
 Time taken: 87.48 seconds
SAT

=> TOTAL COMPLETION TIME (Makespan / UB): 1372
Schedule is valid
 Time taken: 87.94 seconds
SAT

=> TOTAL COMPLETION TIME (Makespan / UB): 1371
Schedule is valid
 Time taken: 88.23 seconds
SAT

=> TOTAL COMPLETION TIME (Makespan / UB): 1370
Schedule is valid
 Time taken: 88.26 seconds
SAT

=> TOTAL COMPLETION TIME (Makespan / UB): 1369
Schedule is valid
 Time taken: 88.29 seconds
SAT

=> TOTAL COMPLETION TIME (Makespan / UB): 1368
Schedule is valid
 Time taken: 88.33 seconds
SAT

=> TOTAL COMPLETION TIME (Makespan / UB): 1367
Schedule is valid
 Time taken: 88.37 seconds
SAT

=> TOTAL COMPLETION TIME (Makespan / UB): 1366
Schedule is valid
 Time taken: 88.90 seconds
SAT

=> TOTAL COMPLETION TIME (Makespan / UB): 1365
Schedule is valid
 Time taken: 88.94 seconds
SAT

=> TOTAL COMPLETION TIME (Makespan / UB): 1364
Schedule is valid
 Time taken: 88.97 seconds
SAT

=> TOTAL COMPLETION TIME (Makespan / UB): 1363
Schedule is valid
 Time taken: 89.00 seconds
SAT

=> TOTAL COMPLETION TIME (Makespan / UB): 1362
Schedule is valid
 Time taken: 89.03 seconds
SAT

=> TOTAL COMPLETION TIME (Makespan / UB): 1361
Schedule is valid
 Time taken: 89.06 seconds
SAT

=> TOTAL COMPLETION TIME (Makespan / UB): 1360
Schedule is valid
 Time taken: 89.91 seconds
SAT

=> TOTAL COMPLETION TIME (Makespan / UB): 1359
Schedule is valid
 Time taken: 89.94 seconds
SAT

=> TOTAL COMPLETION TIME (Makespan / UB): 1358
Schedule is valid
 Time taken: 89.98 seconds
[runlim] sample:		89.96 time, 90.01 real, 586 MB, 1.07 load
SAT

=> TOTAL COMPLETION TIME (Makespan / UB): 1357
Schedule is valid
 Time taken: 90.01 seconds
SAT

=> TOTAL COMPLETION TIME (Makespan / UB): 1356
Schedule is valid
 Time taken: 94.50 seconds
SAT

=> TOTAL COMPLETION TIME (Makespan / UB): 1355
Schedule is valid
 Time taken: 95.25 seconds
SAT

=> TOTAL COMPLETION TIME (Makespan / UB): 1354
Schedule is valid
 Time taken: 95.72 seconds
SAT

=> TOTAL COMPLETION TIME (Makespan / UB): 1353
Schedule is valid
 Time taken: 96.18 seconds
SAT

=> TOTAL COMPLETION TIME (Makespan / UB): 1352
Schedule is valid
 Time taken: 96.80 seconds
SAT

=> TOTAL COMPLETION TIME (Makespan / UB): 1351
Schedule is valid
 Time taken: 97.60 seconds
SAT

=> TOTAL COMPLETION TIME (Makespan / UB): 1350
Schedule is valid
 Time taken: 98.02 seconds
SAT

=> TOTAL COMPLETION TIME (Makespan / UB): 1349
Schedule is valid
 Time taken: 98.14 seconds
SAT

=> TOTAL COMPLETION TIME (Makespan / UB): 1348
Schedule is valid
 Time taken: 98.18 seconds
SAT

=> TOTAL COMPLETION TIME (Makespan / UB): 1347
Schedule is valid
 Time taken: 98.21 seconds
SAT

=> TOTAL COMPLETION TIME (Makespan / UB): 1346
Schedule is valid
 Time taken: 98.67 seconds
SAT

=> TOTAL COMPLETION TIME (Makespan / UB): 1345
Schedule is valid
 Time taken: 99.14 seconds
[runlim] sample:		99.95 time, 100.01 real, 579 MB, 1.06 load
SAT

=> TOTAL COMPLETION TIME (Makespan / UB): 1344
Schedule is valid
 Time taken: 102.14 seconds
SAT

=> TOTAL COMPLETION TIME (Makespan / UB): 1343
Schedule is valid
 Time taken: 102.71 seconds
SAT

=> TOTAL COMPLETION TIME (Makespan / UB): 1342
Schedule is valid
 Time taken: 102.77 seconds
SAT

=> TOTAL COMPLETION TIME (Makespan / UB): 1341
Schedule is valid
 Time taken: 103.10 seconds
SAT

=> TOTAL COMPLETION TIME (Makespan / UB): 1340
Schedule is valid
 Time taken: 103.66 seconds
SAT

=> TOTAL COMPLETION TIME (Makespan / UB): 1339
Schedule is valid
 Time taken: 104.53 seconds
SAT

=> TOTAL COMPLETION TIME (Makespan / UB): 1338
Schedule is valid
 Time taken: 104.98 seconds
SAT

=> TOTAL COMPLETION TIME (Makespan / UB): 1337
Schedule is valid
 Time taken: 105.41 seconds
SAT

=> TOTAL COMPLETION TIME (Makespan / UB): 1336
Schedule is valid
 Time taken: 105.95 seconds
SAT

=> TOTAL COMPLETION TIME (Makespan / UB): 1335
Schedule is valid
 Time taken: 106.43 seconds
SAT

=> TOTAL COMPLETION TIME (Makespan / UB): 1334
Schedule is valid
 Time taken: 106.72 seconds
SAT

=> TOTAL COMPLETION TIME (Makespan / UB): 1333
Schedule is valid
 Time taken: 107.20 seconds
SAT

=> TOTAL COMPLETION TIME (Makespan / UB): 1332
Schedule is valid
 Time taken: 107.23 seconds
SAT

=> TOTAL COMPLETION TIME (Makespan / UB): 1331
Schedule is valid
 Time taken: 107.73 seconds
SAT

=> TOTAL COMPLETION TIME (Makespan / UB): 1330
Schedule is valid
 Time taken: 108.66 seconds
SAT

=> TOTAL COMPLETION TIME (Makespan / UB): 1329
Schedule is valid
 Time taken: 109.14 seconds
SAT

=> TOTAL COMPLETION TIME (Makespan / UB): 1328
Schedule is valid
 Time taken: 109.59 seconds
[runlim] sample:		109.95 time, 110.01 real, 586 MB, 1.05 load
SAT

=> TOTAL COMPLETION TIME (Makespan / UB): 1327
Schedule is valid
 Time taken: 110.33 seconds
SAT

=> TOTAL COMPLETION TIME (Makespan / UB): 1326
Schedule is valid
 Time taken: 110.42 seconds
SAT

=> TOTAL COMPLETION TIME (Makespan / UB): 1325
Schedule is valid
 Time taken: 110.67 seconds
SAT

=> TOTAL COMPLETION TIME (Makespan / UB): 1324
Schedule is valid
 Time taken: 115.59 seconds
SAT

=> TOTAL COMPLETION TIME (Makespan / UB): 1323
Schedule is valid
 Time taken: 116.28 seconds
SAT

=> TOTAL COMPLETION TIME (Makespan / UB): 1322
Schedule is valid
 Time taken: 116.93 seconds
SAT

=> TOTAL COMPLETION TIME (Makespan / UB): 1321
Schedule is valid
 Time taken: 117.09 seconds
SAT

=> TOTAL COMPLETION TIME (Makespan / UB): 1320
Schedule is valid
 Time taken: 117.24 seconds
SAT

=> TOTAL COMPLETION TIME (Makespan / UB): 1319
Schedule is valid
 Time taken: 118.11 seconds
SAT

=> TOTAL COMPLETION TIME (Makespan / UB): 1318
Schedule is valid
 Time taken: 118.69 seconds
SAT

=> TOTAL COMPLETION TIME (Makespan / UB): 1317
Schedule is valid
 Time taken: 119.21 seconds
SAT

=> TOTAL COMPLETION TIME (Makespan / UB): 1316
Schedule is valid
 Time taken: 119.36 seconds
SAT

=> TOTAL COMPLETION TIME (Makespan / UB): 1315
Schedule is valid
 Time taken: 119.59 seconds
[runlim] sample:		119.93 time, 120.01 real, 552 MB, 1.20 load
SAT

=> TOTAL COMPLETION TIME (Makespan / UB): 1314
Schedule is valid
 Time taken: 122.78 seconds
SAT

=> TOTAL COMPLETION TIME (Makespan / UB): 1313
Schedule is valid
 Time taken: 123.47 seconds
SAT

=> TOTAL COMPLETION TIME (Makespan / UB): 1312
Schedule is valid
 Time taken: 124.27 seconds
SAT

=> TOTAL COMPLETION TIME (Makespan / UB): 1311
Schedule is valid
 Time taken: 124.56 seconds
SAT

=> TOTAL COMPLETION TIME (Makespan / UB): 1310
Schedule is valid
 Time taken: 124.86 seconds
SAT

=> TOTAL COMPLETION TIME (Makespan / UB): 1309
Schedule is valid
 Time taken: 125.65 seconds
SAT

=> TOTAL COMPLETION TIME (Makespan / UB): 1308
Schedule is valid
 Time taken: 126.05 seconds
SAT

=> TOTAL COMPLETION TIME (Makespan / UB): 1307
Schedule is valid
 Time taken: 126.78 seconds
SAT

=> TOTAL COMPLETION TIME (Makespan / UB): 1306
Schedule is valid
 Time taken: 127.71 seconds
SAT

=> TOTAL COMPLETION TIME (Makespan / UB): 1305
Schedule is valid
 Time taken: 128.38 seconds
SAT

=> TOTAL COMPLETION TIME (Makespan / UB): 1304
Schedule is valid
 Time taken: 129.17 seconds
SAT

=> TOTAL COMPLETION TIME (Makespan / UB): 1303
Schedule is valid
 Time taken: 129.91 seconds
[runlim] sample:		129.93 time, 130.01 real, 523 MB, 1.17 load
SAT

=> TOTAL COMPLETION TIME (Makespan / UB): 1302
Schedule is valid
 Time taken: 130.60 seconds
SAT

=> TOTAL COMPLETION TIME (Makespan / UB): 1301
Schedule is valid
 Time taken: 131.07 seconds
SAT

=> TOTAL COMPLETION TIME (Makespan / UB): 1300
Schedule is valid
 Time taken: 131.23 seconds
SAT

=> TOTAL COMPLETION TIME (Makespan / UB): 1299
Schedule is valid
 Time taken: 131.36 seconds
SAT

=> TOTAL COMPLETION TIME (Makespan / UB): 1298
Schedule is valid
 Time taken: 131.50 seconds
SAT

=> TOTAL COMPLETION TIME (Makespan / UB): 1297
Schedule is valid
 Time taken: 131.64 seconds
SAT

=> TOTAL COMPLETION TIME (Makespan / UB): 1296
Schedule is valid
 Time taken: 131.77 seconds
SAT

=> TOTAL COMPLETION TIME (Makespan / UB): 1295
Schedule is valid
 Time taken: 131.90 seconds
SAT

=> TOTAL COMPLETION TIME (Makespan / UB): 1294
Schedule is valid
 Time taken: 132.03 seconds
SAT

=> TOTAL COMPLETION TIME (Makespan / UB): 1293
Schedule is valid
 Time taken: 132.16 seconds
SAT

=> TOTAL COMPLETION TIME (Makespan / UB): 1292
Schedule is valid
 Time taken: 132.29 seconds
SAT

=> TOTAL COMPLETION TIME (Makespan / UB): 1291
Schedule is valid
 Time taken: 132.32 seconds
SAT

=> TOTAL COMPLETION TIME (Makespan / UB): 1290
Schedule is valid
 Time taken: 132.75 seconds
SAT

=> TOTAL COMPLETION TIME (Makespan / UB): 1289
Schedule is valid
 Time taken: 133.27 seconds
SAT

=> TOTAL COMPLETION TIME (Makespan / UB): 1288
Schedule is valid
 Time taken: 133.78 seconds
SAT

=> TOTAL COMPLETION TIME (Makespan / UB): 1287
Schedule is valid
 Time taken: 134.54 seconds
SAT

=> TOTAL COMPLETION TIME (Makespan / UB): 1286
Schedule is valid
 Time taken: 135.09 seconds
SAT

=> TOTAL COMPLETION TIME (Makespan / UB): 1285
Schedule is valid
 Time taken: 135.62 seconds
SAT

=> TOTAL COMPLETION TIME (Makespan / UB): 1284
Schedule is valid
 Time taken: 135.65 seconds
SAT

=> TOTAL COMPLETION TIME (Makespan / UB): 1283
Schedule is valid
 Time taken: 135.68 seconds
SAT

=> TOTAL COMPLETION TIME (Makespan / UB): 1282
Schedule is valid
 Time taken: 136.10 seconds
SAT

=> TOTAL COMPLETION TIME (Makespan / UB): 1281
Schedule is valid
 Time taken: 136.21 seconds
SAT

=> TOTAL COMPLETION TIME (Makespan / UB): 1280
Schedule is valid
 Time taken: 136.24 seconds
SAT

=> TOTAL COMPLETION TIME (Makespan / UB): 1279
Schedule is valid
 Time taken: 136.26 seconds
SAT

=> TOTAL COMPLETION TIME (Makespan / UB): 1278
Schedule is valid
 Time taken: 136.30 seconds
SAT

=> TOTAL COMPLETION TIME (Makespan / UB): 1277
Schedule is valid
 Time taken: 136.33 seconds
SAT

=> TOTAL COMPLETION TIME (Makespan / UB): 1276
Schedule is valid
 Time taken: 136.35 seconds
SAT

=> TOTAL COMPLETION TIME (Makespan / UB): 1275
Schedule is valid
 Time taken: 136.76 seconds
SAT

=> TOTAL COMPLETION TIME (Makespan / UB): 1274
Schedule is valid
 Time taken: 137.22 seconds
SAT

=> TOTAL COMPLETION TIME (Makespan / UB): 1273
Schedule is valid
 Time taken: 138.16 seconds
SAT

=> TOTAL COMPLETION TIME (Makespan / UB): 1272
Schedule is valid
 Time taken: 138.19 seconds
SAT

=> TOTAL COMPLETION TIME (Makespan / UB): 1271
Schedule is valid
 Time taken: 138.61 seconds
SAT

=> TOTAL COMPLETION TIME (Makespan / UB): 1270
Schedule is valid
 Time taken: 138.79 seconds
SAT

=> TOTAL COMPLETION TIME (Makespan / UB): 1269
Schedule is valid
 Time taken: 139.24 seconds
SAT

=> TOTAL COMPLETION TIME (Makespan / UB): 1268
Schedule is valid
 Time taken: 139.27 seconds
SAT

=> TOTAL COMPLETION TIME (Makespan / UB): 1267
Schedule is valid
 Time taken: 139.30 seconds
SAT

=> TOTAL COMPLETION TIME (Makespan / UB): 1266
Schedule is valid
 Time taken: 139.91 seconds
[runlim] sample:		139.92 time, 140.01 real, 515 MB, 1.14 load
SAT

=> TOTAL COMPLETION TIME (Makespan / UB): 1265
Schedule is valid
 Time taken: 142.62 seconds
SAT

=> TOTAL COMPLETION TIME (Makespan / UB): 1264
Schedule is valid
 Time taken: 149.15 seconds
[runlim] sample:		149.91 time, 150.01 real, 566 MB, 1.12 load
SAT

=> TOTAL COMPLETION TIME (Makespan / UB): 1263
Schedule is valid
 Time taken: 150.05 seconds
SAT

=> TOTAL COMPLETION TIME (Makespan / UB): 1262
Schedule is valid
 Time taken: 150.98 seconds
SAT

=> TOTAL COMPLETION TIME (Makespan / UB): 1261
Schedule is valid
 Time taken: 151.82 seconds
SAT

=> TOTAL COMPLETION TIME (Makespan / UB): 1260
Schedule is valid
 Time taken: 152.69 seconds
SAT

=> TOTAL COMPLETION TIME (Makespan / UB): 1259
Schedule is valid
 Time taken: 153.61 seconds
SAT

=> TOTAL COMPLETION TIME (Makespan / UB): 1258
Schedule is valid
 Time taken: 154.11 seconds
SAT

=> TOTAL COMPLETION TIME (Makespan / UB): 1257
Schedule is valid
 Time taken: 155.00 seconds
SAT

=> TOTAL COMPLETION TIME (Makespan / UB): 1256
Schedule is valid
 Time taken: 155.16 seconds
SAT

=> TOTAL COMPLETION TIME (Makespan / UB): 1255
Schedule is valid
 Time taken: 155.87 seconds
SAT

=> TOTAL COMPLETION TIME (Makespan / UB): 1254
Schedule is valid
 Time taken: 156.38 seconds
SAT

=> TOTAL COMPLETION TIME (Makespan / UB): 1253
Schedule is valid
 Time taken: 157.03 seconds
SAT

=> TOTAL COMPLETION TIME (Makespan / UB): 1252
Schedule is valid
 Time taken: 157.54 seconds
SAT

=> TOTAL COMPLETION TIME (Makespan / UB): 1251
Schedule is valid
 Time taken: 158.12 seconds
SAT

=> TOTAL COMPLETION TIME (Makespan / UB): 1250
Schedule is valid
 Time taken: 158.16 seconds
SAT

=> TOTAL COMPLETION TIME (Makespan / UB): 1249
Schedule is valid
 Time taken: 158.69 seconds
SAT

=> TOTAL COMPLETION TIME (Makespan / UB): 1248
Schedule is valid
 Time taken: 159.27 seconds
SAT

=> TOTAL COMPLETION TIME (Makespan / UB): 1247
Schedule is valid
 Time taken: 159.79 seconds
[runlim] sample:		159.91 time, 160.01 real, 559 MB, 1.17 load
SAT

=> TOTAL COMPLETION TIME (Makespan / UB): 1246
Schedule is valid
 Time taken: 160.58 seconds
SAT

=> TOTAL COMPLETION TIME (Makespan / UB): 1245
Schedule is valid
 Time taken: 161.20 seconds
SAT

=> TOTAL COMPLETION TIME (Makespan / UB): 1244
Schedule is valid
 Time taken: 161.35 seconds
SAT

=> TOTAL COMPLETION TIME (Makespan / UB): 1243
Schedule is valid
 Time taken: 161.40 seconds
SAT

=> TOTAL COMPLETION TIME (Makespan / UB): 1242
Schedule is valid
 Time taken: 161.44 seconds
SAT

=> TOTAL COMPLETION TIME (Makespan / UB): 1241
Schedule is valid
 Time taken: 161.47 seconds
SAT

=> TOTAL COMPLETION TIME (Makespan / UB): 1240
Schedule is valid
 Time taken: 161.51 seconds
SAT

=> TOTAL COMPLETION TIME (Makespan / UB): 1239
Schedule is valid
 Time taken: 161.55 seconds
SAT

=> TOTAL COMPLETION TIME (Makespan / UB): 1238
Schedule is valid
 Time taken: 162.15 seconds
SAT

=> TOTAL COMPLETION TIME (Makespan / UB): 1237
Schedule is valid
 Time taken: 162.68 seconds
SAT

=> TOTAL COMPLETION TIME (Makespan / UB): 1236
Schedule is valid
 Time taken: 163.19 seconds
SAT

=> TOTAL COMPLETION TIME (Makespan / UB): 1235
Schedule is valid
 Time taken: 163.59 seconds
SAT

=> TOTAL COMPLETION TIME (Makespan / UB): 1234
Schedule is valid
 Time taken: 164.08 seconds
SAT

=> TOTAL COMPLETION TIME (Makespan / UB): 1233
Schedule is valid
 Time taken: 164.45 seconds
SAT

=> TOTAL COMPLETION TIME (Makespan / UB): 1232
Schedule is valid
 Time taken: 164.64 seconds
SAT

=> TOTAL COMPLETION TIME (Makespan / UB): 1231
Schedule is valid
 Time taken: 164.67 seconds
SAT

=> TOTAL COMPLETION TIME (Makespan / UB): 1230
Schedule is valid
 Time taken: 164.72 seconds
SAT

=> TOTAL COMPLETION TIME (Makespan / UB): 1229
Schedule is valid
 Time taken: 164.75 seconds
SAT

=> TOTAL COMPLETION TIME (Makespan / UB): 1228
Schedule is valid
 Time taken: 165.23 seconds
SAT

=> TOTAL COMPLETION TIME (Makespan / UB): 1227
Schedule is valid
 Time taken: 165.91 seconds
SAT

=> TOTAL COMPLETION TIME (Makespan / UB): 1226
Schedule is valid
 Time taken: 165.95 seconds
SAT

=> TOTAL COMPLETION TIME (Makespan / UB): 1225
Schedule is valid
 Time taken: 166.29 seconds
SAT

=> TOTAL COMPLETION TIME (Makespan / UB): 1224
Schedule is valid
 Time taken: 166.59 seconds
SAT

=> TOTAL COMPLETION TIME (Makespan / UB): 1223
Schedule is valid
 Time taken: 168.87 seconds
SAT

=> TOTAL COMPLETION TIME (Makespan / UB): 1222
Schedule is valid
 Time taken: 169.06 seconds
UNSAT
status: optimal
Time taken: 169.06 seconds
[runlim] end:			Thu Apr 23 00:03:38 2026
[runlim] status:		ok
[runlim] result:		0
[runlim] children:		1
[runlim] processes:		2
[runlim] real:			169.19 seconds
[runlim] time:			169.00 seconds
[runlim] space:			778 MB
[runlim] load:			1.24 maximum
[runlim] samples:		1692
