[runlim] version:		2.0.0rc12
[runlim] host:			ap-Precision-7550
[runlim] time limit:		311040000 seconds
[runlim] real time limit:	1800 seconds
[runlim] space limit:		14000 MB
[runlim] argv[0]:		python3
[runlim] argv[1]:		-u
[runlim] argv[2]:		sm_var.py
[runlim] argv[3]:		datasets/yfjs/YFJS11
[runlim] start:			Wed Apr 22 23:57:15 2026
[runlim] child:			23205
Operations: 50, Edges: 40, Machines: 10
Greedy Schedule UB: 616
Building constraints took 0.33 seconds.
SAT

=> TOTAL COMPLETION TIME (Makespan / UB): 615
Schedule is valid
 Time taken: 0.39 seconds
SAT

=> TOTAL COMPLETION TIME (Makespan / UB): 614
Schedule is valid
 Time taken: 0.39 seconds
SAT

=> TOTAL COMPLETION TIME (Makespan / UB): 613
Schedule is valid
 Time taken: 0.40 seconds
SAT

=> TOTAL COMPLETION TIME (Makespan / UB): 612
Schedule is valid
 Time taken: 0.40 seconds
SAT

=> TOTAL COMPLETION TIME (Makespan / UB): 611
Schedule is valid
 Time taken: 0.41 seconds
SAT

=> TOTAL COMPLETION TIME (Makespan / UB): 610
Schedule is valid
 Time taken: 0.41 seconds
SAT

=> TOTAL COMPLETION TIME (Makespan / UB): 609
Schedule is valid
 Time taken: 0.42 seconds
SAT

=> TOTAL COMPLETION TIME (Makespan / UB): 608
Schedule is valid
 Time taken: 0.42 seconds
SAT

=> TOTAL COMPLETION TIME (Makespan / UB): 607
Schedule is valid
 Time taken: 0.43 seconds
SAT

=> TOTAL COMPLETION TIME (Makespan / UB): 606
Schedule is valid
 Time taken: 0.43 seconds
SAT

=> TOTAL COMPLETION TIME (Makespan / UB): 605
Schedule is valid
 Time taken: 0.44 seconds
SAT

=> TOTAL COMPLETION TIME (Makespan / UB): 604
Schedule is valid
 Time taken: 0.44 seconds
SAT

=> TOTAL COMPLETION TIME (Makespan / UB): 603
Schedule is valid
 Time taken: 0.45 seconds
SAT

=> TOTAL COMPLETION TIME (Makespan / UB): 602
Schedule is valid
 Time taken: 0.45 seconds
SAT

=> TOTAL COMPLETION TIME (Makespan / UB): 601
Schedule is valid
 Time taken: 0.46 seconds
SAT

=> TOTAL COMPLETION TIME (Makespan / UB): 600
Schedule is valid
 Time taken: 0.46 seconds
SAT

=> TOTAL COMPLETION TIME (Makespan / UB): 599
Schedule is valid
 Time taken: 0.47 seconds
SAT

=> TOTAL COMPLETION TIME (Makespan / UB): 598
Schedule is valid
 Time taken: 0.47 seconds
SAT

=> TOTAL COMPLETION TIME (Makespan / UB): 597
Schedule is valid
 Time taken: 0.48 seconds
SAT

=> TOTAL COMPLETION TIME (Makespan / UB): 596
Schedule is valid
 Time taken: 0.48 seconds
SAT

=> TOTAL COMPLETION TIME (Makespan / UB): 595
Schedule is valid
 Time taken: 0.49 seconds
SAT

=> TOTAL COMPLETION TIME (Makespan / UB): 594
Schedule is valid
 Time taken: 0.49 seconds
SAT

=> TOTAL COMPLETION TIME (Makespan / UB): 593
Schedule is valid
 Time taken: 0.50 seconds
SAT

=> TOTAL COMPLETION TIME (Makespan / UB): 592
Schedule is valid
 Time taken: 0.52 seconds
SAT

=> TOTAL COMPLETION TIME (Makespan / UB): 591
Schedule is valid
 Time taken: 0.58 seconds
SAT

=> TOTAL COMPLETION TIME (Makespan / UB): 590
Schedule is valid
 Time taken: 0.59 seconds
SAT

=> TOTAL COMPLETION TIME (Makespan / UB): 589
Schedule is valid
 Time taken: 0.60 seconds
SAT

=> TOTAL COMPLETION TIME (Makespan / UB): 588
Schedule is valid
 Time taken: 0.60 seconds
SAT

=> TOTAL COMPLETION TIME (Makespan / UB): 587
Schedule is valid
 Time taken: 0.61 seconds
SAT

=> TOTAL COMPLETION TIME (Makespan / UB): 586
Schedule is valid
 Time taken: 0.61 seconds
SAT

=> TOTAL COMPLETION TIME (Makespan / UB): 585
Schedule is valid
 Time taken: 0.62 seconds
SAT

=> TOTAL COMPLETION TIME (Makespan / UB): 584
Schedule is valid
 Time taken: 0.63 seconds
SAT

=> TOTAL COMPLETION TIME (Makespan / UB): 583
Schedule is valid
 Time taken: 0.63 seconds
SAT

=> TOTAL COMPLETION TIME (Makespan / UB): 582
Schedule is valid
 Time taken: 0.63 seconds
SAT

=> TOTAL COMPLETION TIME (Makespan / UB): 581
Schedule is valid
 Time taken: 0.64 seconds
SAT

=> TOTAL COMPLETION TIME (Makespan / UB): 580
Schedule is valid
 Time taken: 0.65 seconds
SAT

=> TOTAL COMPLETION TIME (Makespan / UB): 579
Schedule is valid
 Time taken: 0.65 seconds
SAT

=> TOTAL COMPLETION TIME (Makespan / UB): 578
Schedule is valid
 Time taken: 0.66 seconds
SAT

=> TOTAL COMPLETION TIME (Makespan / UB): 577
Schedule is valid
 Time taken: 0.66 seconds
SAT

=> TOTAL COMPLETION TIME (Makespan / UB): 576
Schedule is valid
 Time taken: 0.66 seconds
SAT

=> TOTAL COMPLETION TIME (Makespan / UB): 575
Schedule is valid
 Time taken: 0.67 seconds
SAT

=> TOTAL COMPLETION TIME (Makespan / UB): 574
Schedule is valid
 Time taken: 0.67 seconds
SAT

=> TOTAL COMPLETION TIME (Makespan / UB): 573
Schedule is valid
 Time taken: 0.68 seconds
SAT

=> TOTAL COMPLETION TIME (Makespan / UB): 572
Schedule is valid
 Time taken: 0.68 seconds
SAT

=> TOTAL COMPLETION TIME (Makespan / UB): 571
Schedule is valid
 Time taken: 0.69 seconds
SAT

=> TOTAL COMPLETION TIME (Makespan / UB): 570
Schedule is valid
 Time taken: 0.72 seconds
SAT

=> TOTAL COMPLETION TIME (Makespan / UB): 569
Schedule is valid
 Time taken: 0.89 seconds
SAT

=> TOTAL COMPLETION TIME (Makespan / UB): 568
Schedule is valid
 Time taken: 0.90 seconds
SAT

=> TOTAL COMPLETION TIME (Makespan / UB): 567
Schedule is valid
 Time taken: 0.90 seconds
SAT

=> TOTAL COMPLETION TIME (Makespan / UB): 566
Schedule is valid
 Time taken: 1.22 seconds
SAT

=> TOTAL COMPLETION TIME (Makespan / UB): 565
Schedule is valid
 Time taken: 1.26 seconds
SAT

=> TOTAL COMPLETION TIME (Makespan / UB): 564
Schedule is valid
 Time taken: 1.26 seconds
SAT

=> TOTAL COMPLETION TIME (Makespan / UB): 563
Schedule is valid
 Time taken: 1.33 seconds
SAT

=> TOTAL COMPLETION TIME (Makespan / UB): 562
Schedule is valid
 Time taken: 1.34 seconds
SAT

=> TOTAL COMPLETION TIME (Makespan / UB): 561
Schedule is valid
 Time taken: 2.00 seconds
SAT

=> TOTAL COMPLETION TIME (Makespan / UB): 560
Schedule is valid
 Time taken: 2.12 seconds
SAT

=> TOTAL COMPLETION TIME (Makespan / UB): 559
Schedule is valid
 Time taken: 2.35 seconds
SAT

=> TOTAL COMPLETION TIME (Makespan / UB): 558
Schedule is valid
 Time taken: 2.37 seconds
SAT

=> TOTAL COMPLETION TIME (Makespan / UB): 557
Schedule is valid
 Time taken: 2.39 seconds
SAT

=> TOTAL COMPLETION TIME (Makespan / UB): 556
Schedule is valid
 Time taken: 2.42 seconds
SAT

=> TOTAL COMPLETION TIME (Makespan / UB): 555
Schedule is valid
 Time taken: 2.49 seconds
SAT

=> TOTAL COMPLETION TIME (Makespan / UB): 554
Schedule is valid
 Time taken: 2.51 seconds
SAT

=> TOTAL COMPLETION TIME (Makespan / UB): 553
Schedule is valid
 Time taken: 2.64 seconds
SAT

=> TOTAL COMPLETION TIME (Makespan / UB): 552
Schedule is valid
 Time taken: 2.66 seconds
SAT

=> TOTAL COMPLETION TIME (Makespan / UB): 551
Schedule is valid
 Time taken: 2.70 seconds
SAT

=> TOTAL COMPLETION TIME (Makespan / UB): 550
Schedule is valid
 Time taken: 2.72 seconds
SAT

=> TOTAL COMPLETION TIME (Makespan / UB): 549
Schedule is valid
 Time taken: 2.82 seconds
SAT

=> TOTAL COMPLETION TIME (Makespan / UB): 548
Schedule is valid
 Time taken: 2.87 seconds
SAT

=> TOTAL COMPLETION TIME (Makespan / UB): 547
Schedule is valid
 Time taken: 2.90 seconds
SAT

=> TOTAL COMPLETION TIME (Makespan / UB): 546
Schedule is valid
 Time taken: 2.97 seconds
SAT

=> TOTAL COMPLETION TIME (Makespan / UB): 545
Schedule is valid
 Time taken: 3.48 seconds
SAT

=> TOTAL COMPLETION TIME (Makespan / UB): 544
Schedule is valid
 Time taken: 3.54 seconds
SAT

=> TOTAL COMPLETION TIME (Makespan / UB): 543
Schedule is valid
 Time taken: 3.64 seconds
SAT

=> TOTAL COMPLETION TIME (Makespan / UB): 542
Schedule is valid
 Time taken: 3.66 seconds
SAT

=> TOTAL COMPLETION TIME (Makespan / UB): 541
Schedule is valid
 Time taken: 3.69 seconds
SAT

=> TOTAL COMPLETION TIME (Makespan / UB): 540
Schedule is valid
 Time taken: 3.80 seconds
SAT

=> TOTAL COMPLETION TIME (Makespan / UB): 539
Schedule is valid
 Time taken: 3.95 seconds
SAT

=> TOTAL COMPLETION TIME (Makespan / UB): 538
Schedule is valid
 Time taken: 4.01 seconds
SAT

=> TOTAL COMPLETION TIME (Makespan / UB): 537
Schedule is valid
 Time taken: 4.03 seconds
SAT

=> TOTAL COMPLETION TIME (Makespan / UB): 536
Schedule is valid
 Time taken: 4.04 seconds
SAT

=> TOTAL COMPLETION TIME (Makespan / UB): 535
Schedule is valid
 Time taken: 4.06 seconds
SAT

=> TOTAL COMPLETION TIME (Makespan / UB): 534
Schedule is valid
 Time taken: 4.06 seconds
SAT

=> TOTAL COMPLETION TIME (Makespan / UB): 533
Schedule is valid
 Time taken: 4.08 seconds
SAT

=> TOTAL COMPLETION TIME (Makespan / UB): 532
Schedule is valid
 Time taken: 4.10 seconds
SAT

=> TOTAL COMPLETION TIME (Makespan / UB): 531
Schedule is valid
 Time taken: 4.11 seconds
SAT

=> TOTAL COMPLETION TIME (Makespan / UB): 530
Schedule is valid
 Time taken: 4.13 seconds
SAT

=> TOTAL COMPLETION TIME (Makespan / UB): 529
Schedule is valid
 Time taken: 4.14 seconds
SAT

=> TOTAL COMPLETION TIME (Makespan / UB): 528
Schedule is valid
 Time taken: 4.17 seconds
SAT

=> TOTAL COMPLETION TIME (Makespan / UB): 527
Schedule is valid
 Time taken: 4.19 seconds
SAT

=> TOTAL COMPLETION TIME (Makespan / UB): 526
Schedule is valid
 Time taken: 4.20 seconds
UNSAT
status: optimal
Time taken: 4.20 seconds
[runlim] end:			Wed Apr 22 23:57:20 2026
[runlim] status:		ok
[runlim] result:		0
[runlim] children:		1
[runlim] processes:		2
[runlim] real:			4.25 seconds
[runlim] time:			4.19 seconds
[runlim] space:			104 MB
[runlim] load:			1.18 maximum
[runlim] samples:		43
