[runlim] version:		2.0.0rc12
[runlim] host:			ap-Precision-7550
[runlim] time limit:		311040000 seconds
[runlim] real time limit:	1800 seconds
[runlim] space limit:		14000 MB
[runlim] argv[0]:		python3
[runlim] argv[1]:		-u
[runlim] argv[2]:		top_down.py
[runlim] argv[3]:		datasets/brandimarte/MK03
[runlim] start:			Mon Apr 20 14:53:54 2026
[runlim] child:			5178
Operations: 150, Edges: 135, Machines: 8
Greedy Schedule UB: 222
Building constraints took 2.58 seconds.
[runlim] sample:		10.00 time, 10.01 real, 428 MB, 1.09 load
SAT

=> TOTAL COMPLETION TIME (Makespan / UB): 221
Schedule is valid
 Time taken: 10.62 seconds
SAT

=> TOTAL COMPLETION TIME (Makespan / UB): 220
Schedule is valid
 Time taken: 12.98 seconds
SAT

=> TOTAL COMPLETION TIME (Makespan / UB): 219
Schedule is valid
 Time taken: 14.11 seconds
SAT

=> TOTAL COMPLETION TIME (Makespan / UB): 218
Schedule is valid
 Time taken: 14.32 seconds
SAT

=> TOTAL COMPLETION TIME (Makespan / UB): 217
Schedule is valid
 Time taken: 14.75 seconds
SAT

=> TOTAL COMPLETION TIME (Makespan / UB): 216
Schedule is valid
 Time taken: 16.30 seconds
SAT

=> TOTAL COMPLETION TIME (Makespan / UB): 215
Schedule is valid
 Time taken: 16.98 seconds
SAT

=> TOTAL COMPLETION TIME (Makespan / UB): 214
Schedule is valid
 Time taken: 17.01 seconds
SAT

=> TOTAL COMPLETION TIME (Makespan / UB): 213
Schedule is valid
 Time taken: 17.38 seconds
[runlim] sample:		19.99 time, 20.01 real, 492 MB, 1.08 load
SAT

=> TOTAL COMPLETION TIME (Makespan / UB): 212
Schedule is valid
 Time taken: 20.52 seconds
SAT

=> TOTAL COMPLETION TIME (Makespan / UB): 211
Schedule is valid
 Time taken: 22.18 seconds
SAT

=> TOTAL COMPLETION TIME (Makespan / UB): 210
Schedule is valid
 Time taken: 23.20 seconds
SAT

=> TOTAL COMPLETION TIME (Makespan / UB): 209
Schedule is valid
 Time taken: 23.23 seconds
SAT

=> TOTAL COMPLETION TIME (Makespan / UB): 208
Schedule is valid
 Time taken: 23.89 seconds
[runlim] sample:		29.99 time, 30.01 real, 430 MB, 1.06 load
SAT

=> TOTAL COMPLETION TIME (Makespan / UB): 207
Schedule is valid
 Time taken: 30.83 seconds
SAT

=> TOTAL COMPLETION TIME (Makespan / UB): 206
Schedule is valid
 Time taken: 32.62 seconds
SAT

=> TOTAL COMPLETION TIME (Makespan / UB): 205
Schedule is valid
 Time taken: 36.45 seconds
SAT

=> TOTAL COMPLETION TIME (Makespan / UB): 204
Schedule is valid
 Time taken: 36.49 seconds
[runlim] sample:		39.99 time, 40.01 real, 429 MB, 1.05 load
[runlim] sample:		49.98 time, 50.01 real, 502 MB, 1.05 load
[runlim] sample:		59.98 time, 60.01 real, 427 MB, 1.04 load
[runlim] sample:		69.97 time, 70.01 real, 503 MB, 1.03 load
[runlim] sample:		79.96 time, 80.01 real, 426 MB, 1.03 load
[runlim] sample:		89.97 time, 90.01 real, 426 MB, 1.02 load
[runlim] sample:		99.96 time, 100.01 real, 481 MB, 1.02 load
[runlim] sample:		109.95 time, 110.01 real, 486 MB, 1.02 load
[runlim] sample:		119.95 time, 120.01 real, 486 MB, 1.01 load
[runlim] sample:		129.95 time, 130.01 real, 486 MB, 1.01 load
UNSAT
status: optimal
[runlim] end:			Mon Apr 20 14:56:13 2026
[runlim] status:		ok
[runlim] result:		0
[runlim] children:		1
[runlim] processes:		2
[runlim] real:			138.83 seconds
[runlim] time:			138.75 seconds
[runlim] space:			574 MB
[runlim] load:			1.11 maximum
[runlim] samples:		1389
