[runlim] version:		2.0.0rc12
[runlim] host:			ap-Precision-7550
[runlim] time limit:		311040000 seconds
[runlim] real time limit:	1800 seconds
[runlim] space limit:		14000 MB
[runlim] argv[0]:		python3
[runlim] argv[1]:		-u
[runlim] argv[2]:		top_down.py
[runlim] argv[3]:		datasets/brandimarte/MK07
[runlim] start:			Mon Apr 20 15:50:12 2026
[runlim] child:			5449
Operations: 100, Edges: 80, Machines: 5
Greedy Schedule UB: 170
Building constraints took 1.38 seconds.
SAT

=> TOTAL COMPLETION TIME (Makespan / UB): 169
Schedule is valid
 Time taken: 2.53 seconds
SAT

=> TOTAL COMPLETION TIME (Makespan / UB): 168
Schedule is valid
 Time taken: 5.25 seconds
SAT

=> TOTAL COMPLETION TIME (Makespan / UB): 167
Schedule is valid
 Time taken: 6.72 seconds
SAT

=> TOTAL COMPLETION TIME (Makespan / UB): 166
Schedule is valid
 Time taken: 9.22 seconds
[runlim] sample:		9.99 time, 10.01 real, 231 MB, 1.09 load
SAT

=> TOTAL COMPLETION TIME (Makespan / UB): 165
Schedule is valid
 Time taken: 10.52 seconds
SAT

=> TOTAL COMPLETION TIME (Makespan / UB): 164
Schedule is valid
 Time taken: 11.42 seconds
SAT

=> TOTAL COMPLETION TIME (Makespan / UB): 163
Schedule is valid
 Time taken: 16.46 seconds
SAT

=> TOTAL COMPLETION TIME (Makespan / UB): 162
Schedule is valid
 Time taken: 16.54 seconds
SAT

=> TOTAL COMPLETION TIME (Makespan / UB): 161
Schedule is valid
 Time taken: 18.04 seconds
[runlim] sample:		19.99 time, 20.01 real, 237 MB, 1.08 load
SAT

=> TOTAL COMPLETION TIME (Makespan / UB): 160
Schedule is valid
 Time taken: 24.40 seconds
[runlim] sample:		29.99 time, 30.01 real, 205 MB, 1.06 load
[runlim] sample:		39.98 time, 40.01 real, 236 MB, 1.05 load
SAT

=> TOTAL COMPLETION TIME (Makespan / UB): 159
Schedule is valid
 Time taken: 43.35 seconds
SAT

=> TOTAL COMPLETION TIME (Makespan / UB): 158
Schedule is valid
 Time taken: 47.33 seconds
[runlim] sample:		49.98 time, 50.01 real, 238 MB, 1.13 load
SAT

=> TOTAL COMPLETION TIME (Makespan / UB): 157
Schedule is valid
 Time taken: 54.97 seconds
[runlim] sample:		59.98 time, 60.01 real, 237 MB, 1.11 load
SAT

=> TOTAL COMPLETION TIME (Makespan / UB): 156
Schedule is valid
 Time taken: 61.81 seconds
SAT

=> TOTAL COMPLETION TIME (Makespan / UB): 155
Schedule is valid
 Time taken: 62.69 seconds
SAT

=> TOTAL COMPLETION TIME (Makespan / UB): 154
Schedule is valid
 Time taken: 68.90 seconds
[runlim] sample:		69.97 time, 70.01 real, 209 MB, 1.09 load
[runlim] sample:		79.97 time, 80.01 real, 207 MB, 1.15 load
SAT

=> TOTAL COMPLETION TIME (Makespan / UB): 153
Schedule is valid
 Time taken: 89.36 seconds
[runlim] sample:		89.96 time, 90.01 real, 206 MB, 1.13 load
[runlim] sample:		99.96 time, 100.01 real, 209 MB, 1.11 load
SAT

=> TOTAL COMPLETION TIME (Makespan / UB): 152
Schedule is valid
 Time taken: 109.43 seconds
[runlim] sample:		109.95 time, 110.01 real, 206 MB, 1.09 load
SAT

=> TOTAL COMPLETION TIME (Makespan / UB): 151
Schedule is valid
 Time taken: 113.98 seconds
[runlim] sample:		119.96 time, 120.01 real, 216 MB, 1.08 load
[runlim] sample:		129.94 time, 130.01 real, 237 MB, 1.06 load
SAT

=> TOTAL COMPLETION TIME (Makespan / UB): 150
Schedule is valid
 Time taken: 132.68 seconds
SAT

=> TOTAL COMPLETION TIME (Makespan / UB): 149
Schedule is valid
 Time taken: 138.02 seconds
[runlim] sample:		139.95 time, 140.01 real, 208 MB, 1.05 load
[runlim] sample:		149.94 time, 150.01 real, 208 MB, 1.04 load
[runlim] sample:		159.94 time, 160.01 real, 207 MB, 1.04 load
SAT

=> TOTAL COMPLETION TIME (Makespan / UB): 148
Schedule is valid
 Time taken: 160.92 seconds
SAT

=> TOTAL COMPLETION TIME (Makespan / UB): 147
Schedule is valid
 Time taken: 167.66 seconds
[runlim] sample:		169.93 time, 170.01 real, 209 MB, 1.03 load
[runlim] sample:		179.93 time, 180.01 real, 208 MB, 1.03 load
[runlim] sample:		189.92 time, 190.01 real, 238 MB, 1.02 load
[runlim] sample:		199.92 time, 200.01 real, 242 MB, 1.02 load
[runlim] sample:		209.92 time, 210.01 real, 236 MB, 1.01 load
[runlim] sample:		219.91 time, 220.01 real, 237 MB, 1.01 load
[runlim] sample:		229.90 time, 230.01 real, 238 MB, 1.01 load
[runlim] sample:		239.90 time, 240.01 real, 238 MB, 1.01 load
[runlim] sample:		249.90 time, 250.01 real, 238 MB, 1.01 load
[runlim] sample:		259.89 time, 260.01 real, 242 MB, 1.17 load
[runlim] sample:		269.89 time, 270.01 real, 240 MB, 1.14 load
[runlim] sample:		279.89 time, 280.01 real, 245 MB, 1.19 load
SAT

=> TOTAL COMPLETION TIME (Makespan / UB): 146
Schedule is valid
 Time taken: 289.34 seconds
[runlim] sample:		289.88 time, 290.01 real, 223 MB, 1.16 load
[runlim] sample:		299.88 time, 300.01 real, 212 MB, 1.14 load
[runlim] sample:		309.87 time, 310.01 real, 261 MB, 1.20 load
[runlim] sample:		319.87 time, 320.01 real, 246 MB, 1.16 load
[runlim] sample:		329.87 time, 330.01 real, 242 MB, 1.14 load
[runlim] sample:		339.87 time, 340.01 real, 239 MB, 1.12 load
[runlim] sample:		349.86 time, 350.01 real, 239 MB, 1.10 load
[runlim] sample:		359.86 time, 360.01 real, 240 MB, 1.08 load
[runlim] sample:		369.85 time, 370.01 real, 241 MB, 1.07 load
[runlim] sample:		379.85 time, 380.01 real, 241 MB, 1.06 load
[runlim] sample:		389.84 time, 390.01 real, 246 MB, 1.05 load
[runlim] sample:		399.84 time, 400.01 real, 249 MB, 1.04 load
[runlim] sample:		409.84 time, 410.01 real, 251 MB, 1.03 load
[runlim] sample:		419.84 time, 420.01 real, 248 MB, 1.03 load
SAT

=> TOTAL COMPLETION TIME (Makespan / UB): 145
Schedule is valid
 Time taken: 422.41 seconds
[runlim] sample:		429.83 time, 430.01 real, 218 MB, 1.02 load
[runlim] sample:		439.83 time, 440.01 real, 214 MB, 1.02 load
[runlim] sample:		449.81 time, 450.01 real, 221 MB, 1.10 load
[runlim] sample:		459.81 time, 460.01 real, 236 MB, 1.24 load
[runlim] sample:		469.80 time, 470.01 real, 227 MB, 1.20 load
[runlim] sample:		479.80 time, 480.01 real, 227 MB, 1.17 load
[runlim] sample:		489.79 time, 490.01 real, 227 MB, 1.14 load
[runlim] sample:		499.77 time, 500.01 real, 227 MB, 1.12 load
[runlim] sample:		509.77 time, 510.01 real, 228 MB, 1.10 load
[runlim] sample:		519.77 time, 520.01 real, 228 MB, 1.08 load
[runlim] sample:		529.77 time, 530.01 real, 229 MB, 1.07 load
[runlim] sample:		539.76 time, 540.01 real, 234 MB, 1.06 load
[runlim] sample:		549.76 time, 550.01 real, 238 MB, 1.05 load
[runlim] sample:		559.76 time, 560.01 real, 239 MB, 1.20 load
[runlim] sample:		569.75 time, 570.01 real, 237 MB, 1.25 load
[runlim] sample:		579.75 time, 580.01 real, 243 MB, 1.28 load
[runlim] sample:		589.74 time, 590.01 real, 230 MB, 1.32 load
[runlim] sample:		599.74 time, 600.01 real, 230 MB, 1.34 load
[runlim] sample:		609.74 time, 610.01 real, 230 MB, 1.37 load
[runlim] sample:		619.74 time, 620.01 real, 229 MB, 1.39 load
[runlim] sample:		629.74 time, 630.01 real, 229 MB, 1.33 load
[runlim] sample:		639.73 time, 640.01 real, 230 MB, 1.35 load
[runlim] sample:		649.73 time, 650.01 real, 230 MB, 1.37 load
[runlim] sample:		659.72 time, 660.01 real, 230 MB, 1.39 load
[runlim] sample:		669.72 time, 670.01 real, 235 MB, 1.33 load
[runlim] sample:		679.72 time, 680.01 real, 230 MB, 1.28 load
[runlim] sample:		689.71 time, 690.01 real, 230 MB, 1.23 load
[runlim] sample:		699.71 time, 700.01 real, 231 MB, 1.20 load
[runlim] sample:		709.70 time, 710.01 real, 231 MB, 1.17 load
[runlim] sample:		719.70 time, 720.01 real, 286 MB, 1.21 load
[runlim] sample:		729.70 time, 730.01 real, 231 MB, 1.18 load
[runlim] sample:		739.69 time, 740.01 real, 231 MB, 1.23 load
[runlim] sample:		749.68 time, 750.01 real, 232 MB, 1.20 load
[runlim] sample:		759.68 time, 760.01 real, 232 MB, 1.17 load
[runlim] sample:		769.68 time, 770.01 real, 232 MB, 1.14 load
[runlim] sample:		779.67 time, 780.01 real, 232 MB, 1.12 load
[runlim] sample:		789.68 time, 790.01 real, 288 MB, 1.10 load
[runlim] sample:		799.67 time, 800.01 real, 232 MB, 1.08 load
[runlim] sample:		809.67 time, 810.01 real, 232 MB, 1.07 load
[runlim] sample:		819.66 time, 820.01 real, 233 MB, 1.06 load
[runlim] sample:		829.66 time, 830.01 real, 233 MB, 1.05 load
[runlim] sample:		839.65 time, 840.01 real, 233 MB, 1.04 load
[runlim] sample:		849.65 time, 850.01 real, 233 MB, 1.03 load
[runlim] sample:		859.65 time, 860.01 real, 233 MB, 1.03 load
[runlim] sample:		869.65 time, 870.01 real, 233 MB, 1.10 load
[runlim] sample:		879.65 time, 880.01 real, 233 MB, 1.09 load
[runlim] sample:		889.64 time, 890.01 real, 234 MB, 1.07 load
[runlim] sample:		899.64 time, 900.01 real, 296 MB, 1.06 load
[runlim] sample:		909.63 time, 910.01 real, 223 MB, 1.05 load
[runlim] sample:		919.63 time, 920.01 real, 236 MB, 1.04 load
[runlim] sample:		929.62 time, 930.01 real, 244 MB, 1.04 load
[runlim] sample:		939.61 time, 940.01 real, 247 MB, 1.03 load
[runlim] sample:		949.61 time, 950.01 real, 231 MB, 1.11 load
[runlim] sample:		959.61 time, 960.01 real, 226 MB, 1.16 load
[runlim] sample:		969.61 time, 970.01 real, 246 MB, 1.14 load
[runlim] sample:		979.60 time, 980.01 real, 236 MB, 1.12 load
[runlim] sample:		989.60 time, 990.01 real, 227 MB, 1.10 load
[runlim] sample:		999.60 time, 1000.01 real, 229 MB, 1.08 load
[runlim] sample:		1009.59 time, 1010.01 real, 228 MB, 1.07 load
[runlim] sample:		1019.59 time, 1020.01 real, 243 MB, 1.06 load
[runlim] sample:		1029.58 time, 1030.01 real, 241 MB, 1.05 load
[runlim] sample:		1039.58 time, 1040.01 real, 240 MB, 1.11 load
[runlim] sample:		1049.58 time, 1050.01 real, 246 MB, 1.10 load
[runlim] sample:		1059.58 time, 1060.01 real, 243 MB, 1.08 load
[runlim] sample:		1069.57 time, 1070.01 real, 239 MB, 1.07 load
[runlim] sample:		1079.57 time, 1080.01 real, 235 MB, 1.06 load
[runlim] sample:		1089.57 time, 1090.01 real, 235 MB, 1.05 load
[runlim] sample:		1099.56 time, 1100.01 real, 232 MB, 1.04 load
[runlim] sample:		1109.56 time, 1110.01 real, 261 MB, 1.03 load
[runlim] sample:		1119.55 time, 1120.01 real, 266 MB, 1.03 load
[runlim] sample:		1129.55 time, 1130.01 real, 260 MB, 1.02 load
[runlim] sample:		1139.55 time, 1140.01 real, 260 MB, 1.10 load
[runlim] sample:		1149.55 time, 1150.01 real, 260 MB, 1.08 load
[runlim] sample:		1159.54 time, 1160.01 real, 253 MB, 1.07 load
[runlim] sample:		1169.54 time, 1170.01 real, 253 MB, 1.06 load
[runlim] sample:		1179.54 time, 1180.01 real, 253 MB, 1.05 load
[runlim] sample:		1189.53 time, 1190.01 real, 254 MB, 1.12 load
[runlim] sample:		1199.52 time, 1200.01 real, 254 MB, 1.10 load
[runlim] sample:		1209.52 time, 1210.01 real, 254 MB, 1.09 load
[runlim] sample:		1219.51 time, 1220.01 real, 255 MB, 1.07 load
[runlim] sample:		1229.51 time, 1230.01 real, 255 MB, 1.06 load
[runlim] sample:		1239.51 time, 1240.01 real, 255 MB, 1.05 load
[runlim] sample:		1249.51 time, 1250.01 real, 256 MB, 1.04 load
[runlim] sample:		1259.51 time, 1260.01 real, 256 MB, 1.04 load
[runlim] sample:		1269.50 time, 1270.01 real, 256 MB, 1.03 load
[runlim] sample:		1279.50 time, 1280.01 real, 256 MB, 1.02 load
[runlim] sample:		1289.49 time, 1290.01 real, 256 MB, 1.02 load
[runlim] sample:		1299.49 time, 1300.01 real, 256 MB, 1.02 load
[runlim] sample:		1309.48 time, 1310.01 real, 256 MB, 1.01 load
[runlim] sample:		1319.48 time, 1320.01 real, 257 MB, 1.01 load
[runlim] sample:		1329.48 time, 1330.01 real, 257 MB, 1.01 load
[runlim] sample:		1339.47 time, 1340.01 real, 257 MB, 1.01 load
[runlim] sample:		1349.47 time, 1350.01 real, 257 MB, 1.01 load
[runlim] sample:		1359.47 time, 1360.01 real, 258 MB, 1.00 load
[runlim] sample:		1369.47 time, 1370.01 real, 258 MB, 1.00 load
[runlim] sample:		1379.46 time, 1380.01 real, 258 MB, 1.00 load
[runlim] sample:		1389.46 time, 1390.01 real, 258 MB, 1.00 load
[runlim] sample:		1399.45 time, 1400.01 real, 258 MB, 1.00 load
[runlim] sample:		1409.45 time, 1410.01 real, 258 MB, 1.00 load
[runlim] sample:		1419.45 time, 1420.01 real, 258 MB, 1.00 load
[runlim] sample:		1429.45 time, 1430.01 real, 259 MB, 1.00 load
[runlim] sample:		1439.45 time, 1440.01 real, 259 MB, 1.00 load
[runlim] sample:		1449.44 time, 1450.01 real, 259 MB, 1.08 load
[runlim] sample:		1459.43 time, 1460.01 real, 259 MB, 1.14 load
[runlim] sample:		1469.43 time, 1470.01 real, 259 MB, 1.12 load
[runlim] sample:		1479.42 time, 1480.01 real, 259 MB, 1.10 load
[runlim] sample:		1489.42 time, 1490.01 real, 259 MB, 1.08 load
[runlim] sample:		1499.42 time, 1500.01 real, 259 MB, 1.07 load
[runlim] sample:		1509.42 time, 1510.01 real, 259 MB, 1.30 load
[runlim] sample:		1519.41 time, 1520.01 real, 262 MB, 1.25 load
[runlim] sample:		1529.40 time, 1530.01 real, 262 MB, 1.21 load
[runlim] sample:		1539.40 time, 1540.01 real, 263 MB, 1.18 load
[runlim] sample:		1549.40 time, 1550.01 real, 263 MB, 1.15 load
[runlim] sample:		1559.39 time, 1560.01 real, 263 MB, 1.13 load
[runlim] sample:		1569.39 time, 1570.01 real, 263 MB, 1.19 load
[runlim] sample:		1579.39 time, 1580.01 real, 263 MB, 1.16 load
[runlim] sample:		1589.39 time, 1590.01 real, 263 MB, 1.21 load
[runlim] sample:		1599.38 time, 1600.01 real, 263 MB, 1.18 load
[runlim] sample:		1609.38 time, 1610.01 real, 263 MB, 1.23 load
[runlim] sample:		1619.37 time, 1620.01 real, 263 MB, 1.20 load
[runlim] sample:		1629.37 time, 1630.01 real, 263 MB, 1.17 load
[runlim] sample:		1639.37 time, 1640.01 real, 263 MB, 1.14 load
[runlim] sample:		1649.36 time, 1650.01 real, 263 MB, 1.12 load
[runlim] sample:		1659.36 time, 1660.01 real, 264 MB, 1.10 load
[runlim] sample:		1669.35 time, 1670.01 real, 264 MB, 1.16 load
[runlim] sample:		1679.35 time, 1680.01 real, 264 MB, 1.13 load
[runlim] sample:		1689.35 time, 1690.01 real, 264 MB, 1.11 load
[runlim] sample:		1699.33 time, 1700.01 real, 232 MB, 1.09 load
[runlim] sample:		1709.33 time, 1710.01 real, 232 MB, 1.08 load
[runlim] sample:		1719.33 time, 1720.01 real, 232 MB, 1.07 load
[runlim] sample:		1729.32 time, 1730.01 real, 232 MB, 1.06 load
[runlim] sample:		1739.32 time, 1740.01 real, 242 MB, 1.05 load
[runlim] sample:		1749.32 time, 1750.01 real, 242 MB, 1.04 load
[runlim] sample:		1759.32 time, 1760.01 real, 242 MB, 1.03 load
[runlim] sample:		1769.32 time, 1770.01 real, 242 MB, 1.03 load
[runlim] sample:		1779.32 time, 1780.01 real, 244 MB, 1.02 load
[runlim] sample:		1789.31 time, 1790.01 real, 244 MB, 1.02 load
[runlim] sample:		1799.31 time, 1800.01 real, 244 MB, 1.02 load
[runlim] end:			Mon Apr 20 16:20:13 2026
[runlim] status:		out of time
[runlim] result:		2
[runlim] children:		1
[runlim] processes:		2
[runlim] real:			1801.06 seconds
[runlim] time:			1799.31 seconds
[runlim] space:			334 MB
[runlim] load:			1.42 maximum
[runlim] samples:		18000
