[runlim] version:		2.0.0rc12
[runlim] host:			ap-Precision-7550
[runlim] time limit:		311040000 seconds
[runlim] real time limit:	1800 seconds
[runlim] space limit:		14000 MB
[runlim] argv[0]:		python3
[runlim] argv[1]:		-u
[runlim] argv[2]:		top_down.py
[runlim] argv[3]:		datasets/brandimarte/MK09
[runlim] start:			Mon Apr 20 16:50:14 2026
[runlim] child:			5606
Operations: 240, Edges: 220, Machines: 10
Greedy Schedule UB: 371
Building constraints took 6.62 seconds.
[runlim] sample:		10.00 time, 10.01 real, 898 MB, 1.03 load
[runlim] sample:		20.00 time, 20.01 real, 1128 MB, 1.02 load
[runlim] sample:		30.00 time, 30.01 real, 955 MB, 1.02 load
SAT

=> TOTAL COMPLETION TIME (Makespan / UB): 370
Schedule is valid
 Time taken: 32.34 seconds
SAT

=> TOTAL COMPLETION TIME (Makespan / UB): 369
Schedule is valid
 Time taken: 36.04 seconds
SAT

=> TOTAL COMPLETION TIME (Makespan / UB): 368
Schedule is valid
 Time taken: 39.82 seconds
[runlim] sample:		39.99 time, 40.01 real, 921 MB, 1.02 load
SAT

=> TOTAL COMPLETION TIME (Makespan / UB): 367
Schedule is valid
 Time taken: 42.48 seconds
[runlim] sample:		49.98 time, 50.01 real, 926 MB, 1.01 load
SAT

=> TOTAL COMPLETION TIME (Makespan / UB): 366
Schedule is valid
 Time taken: 51.16 seconds
SAT

=> TOTAL COMPLETION TIME (Makespan / UB): 365
Schedule is valid
 Time taken: 56.97 seconds
SAT

=> TOTAL COMPLETION TIME (Makespan / UB): 364
Schedule is valid
 Time taken: 57.35 seconds
SAT

=> TOTAL COMPLETION TIME (Makespan / UB): 363
Schedule is valid
 Time taken: 57.38 seconds
SAT

=> TOTAL COMPLETION TIME (Makespan / UB): 362
Schedule is valid
 Time taken: 57.41 seconds
SAT

=> TOTAL COMPLETION TIME (Makespan / UB): 361
Schedule is valid
 Time taken: 59.03 seconds
[runlim] sample:		59.98 time, 60.01 real, 925 MB, 1.01 load
SAT

=> TOTAL COMPLETION TIME (Makespan / UB): 360
Schedule is valid
 Time taken: 62.88 seconds
SAT

=> TOTAL COMPLETION TIME (Makespan / UB): 359
Schedule is valid
 Time taken: 65.35 seconds
[runlim] sample:		69.98 time, 70.01 real, 925 MB, 1.01 load
SAT

=> TOTAL COMPLETION TIME (Makespan / UB): 358
Schedule is valid
 Time taken: 74.97 seconds
SAT

=> TOTAL COMPLETION TIME (Makespan / UB): 357
Schedule is valid
 Time taken: 77.27 seconds
[runlim] sample:		79.97 time, 80.01 real, 923 MB, 1.01 load
SAT

=> TOTAL COMPLETION TIME (Makespan / UB): 356
Schedule is valid
 Time taken: 81.55 seconds
SAT

=> TOTAL COMPLETION TIME (Makespan / UB): 355
Schedule is valid
 Time taken: 85.04 seconds
SAT

=> TOTAL COMPLETION TIME (Makespan / UB): 354
Schedule is valid
 Time taken: 87.99 seconds
[runlim] sample:		89.97 time, 90.01 real, 922 MB, 1.01 load
SAT

=> TOTAL COMPLETION TIME (Makespan / UB): 353
Schedule is valid
 Time taken: 96.22 seconds
[runlim] sample:		99.96 time, 100.01 real, 1124 MB, 1.00 load
SAT

=> TOTAL COMPLETION TIME (Makespan / UB): 352
Schedule is valid
 Time taken: 100.42 seconds
SAT

=> TOTAL COMPLETION TIME (Makespan / UB): 351
Schedule is valid
 Time taken: 103.60 seconds
SAT

=> TOTAL COMPLETION TIME (Makespan / UB): 350
Schedule is valid
 Time taken: 106.45 seconds
SAT

=> TOTAL COMPLETION TIME (Makespan / UB): 349
Schedule is valid
 Time taken: 109.00 seconds
[runlim] sample:		109.96 time, 110.01 real, 919 MB, 1.00 load
SAT

=> TOTAL COMPLETION TIME (Makespan / UB): 348
Schedule is valid
 Time taken: 112.16 seconds
SAT

=> TOTAL COMPLETION TIME (Makespan / UB): 347
Schedule is valid
 Time taken: 115.53 seconds
SAT

=> TOTAL COMPLETION TIME (Makespan / UB): 346
Schedule is valid
 Time taken: 117.85 seconds
SAT

=> TOTAL COMPLETION TIME (Makespan / UB): 345
Schedule is valid
 Time taken: 118.64 seconds
[runlim] sample:		119.96 time, 120.01 real, 978 MB, 1.00 load
SAT

=> TOTAL COMPLETION TIME (Makespan / UB): 344
Schedule is valid
 Time taken: 126.59 seconds
SAT

=> TOTAL COMPLETION TIME (Makespan / UB): 343
Schedule is valid
 Time taken: 129.67 seconds
[runlim] sample:		129.95 time, 130.01 real, 914 MB, 1.08 load
SAT

=> TOTAL COMPLETION TIME (Makespan / UB): 342
Schedule is valid
 Time taken: 132.31 seconds
SAT

=> TOTAL COMPLETION TIME (Makespan / UB): 341
Schedule is valid
 Time taken: 136.23 seconds
SAT

=> TOTAL COMPLETION TIME (Makespan / UB): 340
Schedule is valid
 Time taken: 138.06 seconds
SAT

=> TOTAL COMPLETION TIME (Makespan / UB): 339
Schedule is valid
 Time taken: 139.63 seconds
[runlim] sample:		139.94 time, 140.01 real, 1110 MB, 1.06 load
SAT

=> TOTAL COMPLETION TIME (Makespan / UB): 338
Schedule is valid
 Time taken: 142.18 seconds
SAT

=> TOTAL COMPLETION TIME (Makespan / UB): 337
Schedule is valid
 Time taken: 143.86 seconds
[runlim] sample:		149.94 time, 150.01 real, 911 MB, 1.05 load
SAT

=> TOTAL COMPLETION TIME (Makespan / UB): 336
Schedule is valid
 Time taken: 153.16 seconds
SAT

=> TOTAL COMPLETION TIME (Makespan / UB): 335
Schedule is valid
 Time taken: 155.71 seconds
SAT

=> TOTAL COMPLETION TIME (Makespan / UB): 334
Schedule is valid
 Time taken: 158.62 seconds
[runlim] sample:		159.94 time, 160.01 real, 910 MB, 1.04 load
SAT

=> TOTAL COMPLETION TIME (Makespan / UB): 333
Schedule is valid
 Time taken: 160.79 seconds
[runlim] sample:		169.93 time, 170.01 real, 908 MB, 1.04 load
SAT

=> TOTAL COMPLETION TIME (Makespan / UB): 332
Schedule is valid
 Time taken: 170.12 seconds
SAT

=> TOTAL COMPLETION TIME (Makespan / UB): 331
Schedule is valid
 Time taken: 173.01 seconds
SAT

=> TOTAL COMPLETION TIME (Makespan / UB): 330
Schedule is valid
 Time taken: 179.97 seconds
[runlim] sample:		179.93 time, 180.01 real, 909 MB, 1.03 load
SAT

=> TOTAL COMPLETION TIME (Makespan / UB): 329
Schedule is valid
 Time taken: 182.22 seconds
SAT

=> TOTAL COMPLETION TIME (Makespan / UB): 328
Schedule is valid
 Time taken: 184.76 seconds
SAT

=> TOTAL COMPLETION TIME (Makespan / UB): 327
Schedule is valid
 Time taken: 187.70 seconds
[runlim] sample:		189.93 time, 190.01 real, 905 MB, 1.03 load
SAT

=> TOTAL COMPLETION TIME (Makespan / UB): 326
Schedule is valid
 Time taken: 190.88 seconds
SAT

=> TOTAL COMPLETION TIME (Makespan / UB): 325
Schedule is valid
 Time taken: 192.87 seconds
SAT

=> TOTAL COMPLETION TIME (Makespan / UB): 324
Schedule is valid
 Time taken: 195.26 seconds
SAT

=> TOTAL COMPLETION TIME (Makespan / UB): 323
Schedule is valid
 Time taken: 198.06 seconds
[runlim] sample:		199.92 time, 200.01 real, 902 MB, 1.02 load
SAT

=> TOTAL COMPLETION TIME (Makespan / UB): 322
Schedule is valid
 Time taken: 200.11 seconds
[runlim] sample:		209.91 time, 210.01 real, 914 MB, 1.02 load
SAT

=> TOTAL COMPLETION TIME (Makespan / UB): 321
Schedule is valid
 Time taken: 212.92 seconds
[runlim] sample:		219.92 time, 220.01 real, 913 MB, 1.01 load
SAT

=> TOTAL COMPLETION TIME (Makespan / UB): 320
Schedule is valid
 Time taken: 220.69 seconds
SAT

=> TOTAL COMPLETION TIME (Makespan / UB): 319
Schedule is valid
 Time taken: 224.97 seconds
SAT

=> TOTAL COMPLETION TIME (Makespan / UB): 318
Schedule is valid
 Time taken: 227.76 seconds
[runlim] sample:		229.91 time, 230.01 real, 939 MB, 1.01 load
SAT

=> TOTAL COMPLETION TIME (Makespan / UB): 317
Schedule is valid
 Time taken: 230.09 seconds
[runlim] sample:		239.91 time, 240.01 real, 1119 MB, 1.01 load
SAT

=> TOTAL COMPLETION TIME (Makespan / UB): 316
Schedule is valid
 Time taken: 243.31 seconds
[runlim] sample:		249.91 time, 250.01 real, 966 MB, 1.01 load
[runlim] sample:		259.90 time, 260.01 real, 967 MB, 1.01 load
[runlim] sample:		269.90 time, 270.01 real, 967 MB, 1.00 load
[runlim] sample:		279.89 time, 280.01 real, 967 MB, 1.00 load
SAT

=> TOTAL COMPLETION TIME (Makespan / UB): 315
Schedule is valid
 Time taken: 284.60 seconds
SAT

=> TOTAL COMPLETION TIME (Makespan / UB): 314
Schedule is valid
 Time taken: 287.44 seconds
[runlim] sample:		289.89 time, 290.01 real, 903 MB, 1.00 load
[runlim] sample:		299.88 time, 300.01 real, 903 MB, 1.00 load
SAT

=> TOTAL COMPLETION TIME (Makespan / UB): 313
Schedule is valid
 Time taken: 300.56 seconds
SAT

=> TOTAL COMPLETION TIME (Makespan / UB): 312
Schedule is valid
 Time taken: 309.92 seconds
[runlim] sample:		309.88 time, 310.01 real, 901 MB, 1.00 load
SAT

=> TOTAL COMPLETION TIME (Makespan / UB): 311
Schedule is valid
 Time taken: 312.68 seconds
[runlim] sample:		319.89 time, 320.01 real, 901 MB, 1.00 load
SAT

=> TOTAL COMPLETION TIME (Makespan / UB): 310
Schedule is valid
 Time taken: 320.17 seconds
SAT

=> TOTAL COMPLETION TIME (Makespan / UB): 309
Schedule is valid
 Time taken: 323.06 seconds
SAT

=> TOTAL COMPLETION TIME (Makespan / UB): 308
Schedule is valid
 Time taken: 326.51 seconds
SAT

=> TOTAL COMPLETION TIME (Makespan / UB): 307
Schedule is valid
 Time taken: 329.19 seconds
[runlim] sample:		329.87 time, 330.01 real, 899 MB, 1.00 load
[runlim] sample:		339.87 time, 340.01 real, 898 MB, 1.00 load
[runlim] sample:		349.87 time, 350.01 real, 899 MB, 1.00 load
[runlim] sample:		359.87 time, 360.01 real, 899 MB, 1.00 load
[runlim] sample:		369.86 time, 370.01 real, 927 MB, 1.00 load
[runlim] sample:		379.86 time, 380.01 real, 926 MB, 1.00 load
[runlim] sample:		389.86 time, 390.01 real, 926 MB, 1.00 load
[runlim] sample:		399.84 time, 400.01 real, 926 MB, 1.00 load
[runlim] sample:		409.84 time, 410.01 real, 927 MB, 1.00 load
[runlim] sample:		419.84 time, 420.01 real, 897 MB, 1.00 load
[runlim] sample:		429.84 time, 430.01 real, 897 MB, 1.15 load
[runlim] sample:		439.83 time, 440.01 real, 928 MB, 1.13 load
[runlim] sample:		449.83 time, 450.01 real, 928 MB, 1.11 load
[runlim] sample:		459.82 time, 460.01 real, 928 MB, 1.09 load
[runlim] sample:		469.82 time, 470.01 real, 928 MB, 1.08 load
[runlim] sample:		479.81 time, 480.01 real, 929 MB, 1.06 load
[runlim] sample:		489.81 time, 490.01 real, 929 MB, 1.05 load
[runlim] sample:		499.81 time, 500.01 real, 930 MB, 1.05 load
[runlim] sample:		509.81 time, 510.01 real, 930 MB, 1.04 load
[runlim] sample:		519.81 time, 520.01 real, 929 MB, 1.03 load
[runlim] sample:		529.81 time, 530.01 real, 929 MB, 1.03 load
[runlim] sample:		539.80 time, 540.01 real, 930 MB, 1.02 load
[runlim] sample:		549.79 time, 550.01 real, 1106 MB, 1.02 load
[runlim] sample:		559.79 time, 560.01 real, 930 MB, 1.02 load
[runlim] sample:		569.79 time, 570.01 real, 930 MB, 1.01 load
[runlim] sample:		579.79 time, 580.01 real, 929 MB, 1.01 load
[runlim] sample:		589.78 time, 590.01 real, 929 MB, 1.01 load
[runlim] sample:		599.77 time, 600.01 real, 929 MB, 1.09 load
[runlim] sample:		609.78 time, 610.01 real, 929 MB, 1.07 load
[runlim] sample:		619.77 time, 620.01 real, 930 MB, 1.06 load
[runlim] sample:		629.77 time, 630.01 real, 930 MB, 1.05 load
[runlim] sample:		639.77 time, 640.01 real, 931 MB, 1.04 load
[runlim] sample:		649.76 time, 650.01 real, 931 MB, 1.04 load
[runlim] sample:		659.76 time, 660.01 real, 933 MB, 1.03 load
[runlim] sample:		669.75 time, 670.01 real, 933 MB, 1.02 load
[runlim] sample:		679.75 time, 680.01 real, 934 MB, 1.02 load
[runlim] sample:		689.74 time, 690.01 real, 934 MB, 1.02 load
[runlim] sample:		699.74 time, 700.01 real, 934 MB, 1.01 load
[runlim] sample:		709.74 time, 710.01 real, 935 MB, 1.01 load
[runlim] sample:		719.73 time, 720.01 real, 935 MB, 1.01 load
[runlim] sample:		729.73 time, 730.01 real, 939 MB, 1.01 load
[runlim] sample:		739.73 time, 740.01 real, 939 MB, 1.01 load
[runlim] sample:		749.72 time, 750.01 real, 936 MB, 1.00 load
[runlim] sample:		759.72 time, 760.01 real, 936 MB, 1.15 load
[runlim] sample:		769.72 time, 770.01 real, 936 MB, 1.13 load
[runlim] sample:		779.72 time, 780.01 real, 936 MB, 1.11 load
[runlim] sample:		789.71 time, 790.01 real, 936 MB, 1.09 load
[runlim] sample:		799.71 time, 800.01 real, 937 MB, 1.08 load
[runlim] sample:		809.70 time, 810.01 real, 937 MB, 1.06 load
[runlim] sample:		819.70 time, 820.01 real, 937 MB, 1.05 load
[runlim] sample:		829.70 time, 830.01 real, 938 MB, 1.05 load
[runlim] sample:		839.69 time, 840.01 real, 938 MB, 1.04 load
[runlim] sample:		849.69 time, 850.01 real, 938 MB, 1.03 load
[runlim] sample:		859.68 time, 860.01 real, 938 MB, 1.03 load
[runlim] sample:		869.68 time, 870.01 real, 938 MB, 1.02 load
[runlim] sample:		879.68 time, 880.01 real, 938 MB, 1.02 load
[runlim] sample:		889.68 time, 890.01 real, 939 MB, 1.02 load
[runlim] sample:		899.67 time, 900.01 real, 939 MB, 1.01 load
[runlim] sample:		909.67 time, 910.01 real, 939 MB, 1.01 load
[runlim] sample:		919.66 time, 920.01 real, 940 MB, 1.01 load
[runlim] sample:		929.66 time, 930.01 real, 940 MB, 1.16 load
[runlim] sample:		939.66 time, 940.01 real, 940 MB, 1.14 load
[runlim] sample:		949.66 time, 950.01 real, 940 MB, 1.11 load
[runlim] sample:		959.65 time, 960.01 real, 939 MB, 1.10 load
[runlim] sample:		969.65 time, 970.01 real, 939 MB, 1.08 load
[runlim] sample:		979.64 time, 980.01 real, 939 MB, 1.07 load
[runlim] sample:		989.64 time, 990.01 real, 940 MB, 1.06 load
[runlim] sample:		999.64 time, 1000.01 real, 940 MB, 1.05 load
[runlim] sample:		1009.64 time, 1010.01 real, 940 MB, 1.04 load
[runlim] sample:		1019.63 time, 1020.01 real, 940 MB, 1.03 load
[runlim] sample:		1029.63 time, 1030.01 real, 941 MB, 1.03 load
[runlim] sample:		1039.63 time, 1040.01 real, 941 MB, 1.02 load
[runlim] sample:		1049.62 time, 1050.01 real, 941 MB, 1.02 load
[runlim] sample:		1059.62 time, 1060.01 real, 941 MB, 1.02 load
[runlim] sample:		1069.62 time, 1070.01 real, 941 MB, 1.01 load
[runlim] sample:		1079.61 time, 1080.01 real, 941 MB, 1.08 load
[runlim] sample:		1089.61 time, 1090.01 real, 941 MB, 1.07 load
[runlim] sample:		1099.60 time, 1100.01 real, 942 MB, 1.06 load
[runlim] sample:		1109.60 time, 1110.01 real, 942 MB, 1.05 load
[runlim] sample:		1119.60 time, 1120.01 real, 942 MB, 1.12 load
[runlim] sample:		1129.59 time, 1130.01 real, 942 MB, 1.17 load
[runlim] sample:		1139.59 time, 1140.01 real, 942 MB, 1.15 load
[runlim] sample:		1149.59 time, 1150.01 real, 1129 MB, 1.20 load
[runlim] sample:		1159.58 time, 1160.01 real, 940 MB, 1.17 load
[runlim] sample:		1169.58 time, 1170.01 real, 939 MB, 1.14 load
[runlim] sample:		1179.57 time, 1180.01 real, 939 MB, 1.12 load
[runlim] sample:		1189.57 time, 1190.01 real, 941 MB, 1.10 load
[runlim] sample:		1199.56 time, 1200.01 real, 945 MB, 1.08 load
[runlim] sample:		1209.56 time, 1210.01 real, 940 MB, 1.07 load
[runlim] sample:		1219.55 time, 1220.01 real, 940 MB, 1.06 load
[runlim] sample:		1229.55 time, 1230.01 real, 940 MB, 1.05 load
[runlim] sample:		1239.54 time, 1240.01 real, 940 MB, 1.04 load
[runlim] sample:		1249.54 time, 1250.01 real, 941 MB, 1.12 load
[runlim] sample:		1259.54 time, 1260.01 real, 941 MB, 1.10 load
[runlim] sample:		1269.53 time, 1270.01 real, 941 MB, 1.08 load
[runlim] sample:		1279.53 time, 1280.01 real, 946 MB, 1.07 load
[runlim] sample:		1289.51 time, 1290.01 real, 1132 MB, 1.13 load
[runlim] sample:		1299.50 time, 1300.01 real, 940 MB, 1.11 load
[runlim] sample:		1309.49 time, 1310.01 real, 1127 MB, 1.17 load
[runlim] sample:		1319.49 time, 1320.01 real, 941 MB, 1.15 load
[runlim] sample:		1329.48 time, 1330.01 real, 940 MB, 1.12 load
[runlim] sample:		1339.48 time, 1340.01 real, 940 MB, 1.10 load
[runlim] sample:		1349.47 time, 1350.01 real, 942 MB, 1.09 load
[runlim] sample:		1359.47 time, 1360.01 real, 942 MB, 1.07 load
[runlim] sample:		1369.46 time, 1370.01 real, 942 MB, 1.06 load
[runlim] sample:		1379.46 time, 1380.01 real, 941 MB, 1.05 load
[runlim] sample:		1389.45 time, 1390.01 real, 941 MB, 1.04 load
[runlim] sample:		1399.45 time, 1400.01 real, 939 MB, 1.04 load
[runlim] sample:		1409.45 time, 1410.01 real, 939 MB, 1.03 load
[runlim] sample:		1419.44 time, 1420.01 real, 942 MB, 1.02 load
[runlim] sample:		1429.44 time, 1430.01 real, 942 MB, 1.18 load
[runlim] sample:		1439.44 time, 1440.01 real, 941 MB, 1.15 load
[runlim] sample:		1449.43 time, 1450.01 real, 941 MB, 1.20 load
[runlim] sample:		1459.43 time, 1460.01 real, 941 MB, 1.17 load
[runlim] sample:		1469.43 time, 1470.01 real, 941 MB, 1.14 load
[runlim] sample:		1479.43 time, 1480.01 real, 941 MB, 1.12 load
[runlim] sample:		1489.42 time, 1490.01 real, 941 MB, 1.10 load
[runlim] sample:		1499.42 time, 1500.01 real, 941 MB, 1.08 load
[runlim] sample:		1509.42 time, 1510.01 real, 941 MB, 1.07 load
[runlim] sample:		1519.41 time, 1520.01 real, 942 MB, 1.06 load
[runlim] sample:		1529.41 time, 1530.01 real, 942 MB, 1.13 load
[runlim] sample:		1539.40 time, 1540.01 real, 944 MB, 1.11 load
[runlim] sample:		1549.40 time, 1550.01 real, 944 MB, 1.25 load
[runlim] sample:		1559.40 time, 1560.01 real, 951 MB, 1.21 load
[runlim] sample:		1569.39 time, 1570.01 real, 941 MB, 1.26 load
[runlim] sample:		1579.39 time, 1580.01 real, 941 MB, 1.22 load
[runlim] sample:		1589.37 time, 1590.01 real, 941 MB, 1.27 load
[runlim] sample:		1599.37 time, 1600.01 real, 941 MB, 1.22 load
[runlim] sample:		1609.37 time, 1610.01 real, 942 MB, 1.27 load
[runlim] sample:		1619.37 time, 1620.01 real, 942 MB, 1.23 load
[runlim] sample:		1629.36 time, 1630.01 real, 942 MB, 1.19 load
[runlim] sample:		1639.36 time, 1640.01 real, 942 MB, 1.16 load
[runlim] sample:		1649.36 time, 1650.01 real, 942 MB, 1.14 load
[runlim] sample:		1659.35 time, 1660.01 real, 948 MB, 1.12 load
[runlim] sample:		1669.35 time, 1670.01 real, 940 MB, 1.10 load
[runlim] sample:		1679.35 time, 1680.01 real, 940 MB, 1.08 load
[runlim] sample:		1689.34 time, 1690.01 real, 940 MB, 1.07 load
[runlim] sample:		1699.33 time, 1700.01 real, 940 MB, 1.06 load
[runlim] sample:		1709.33 time, 1710.01 real, 940 MB, 1.05 load
[runlim] sample:		1719.32 time, 1720.01 real, 940 MB, 1.04 load
[runlim] sample:		1729.32 time, 1730.01 real, 940 MB, 1.03 load
[runlim] sample:		1739.31 time, 1740.01 real, 940 MB, 1.03 load
[runlim] sample:		1749.31 time, 1750.01 real, 940 MB, 1.02 load
[runlim] sample:		1759.31 time, 1760.01 real, 940 MB, 1.02 load
[runlim] sample:		1769.30 time, 1770.01 real, 940 MB, 1.02 load
[runlim] sample:		1779.30 time, 1780.01 real, 942 MB, 1.01 load
[runlim] sample:		1789.28 time, 1790.01 real, 942 MB, 1.09 load
[runlim] sample:		1799.27 time, 1800.01 real, 942 MB, 1.08 load
[runlim] end:			Mon Apr 20 17:20:15 2026
[runlim] status:		out of time
[runlim] result:		2
[runlim] children:		1
[runlim] processes:		2
[runlim] real:			1801.05 seconds
[runlim] time:			1799.27 seconds
[runlim] space:			1171 MB
[runlim] load:			1.27 maximum
[runlim] samples:		18000
