[runlim] version:		2.0.0rc12
[runlim] host:			ap-Precision-7550
[runlim] time limit:		311040000 seconds
[runlim] real time limit:	1800 seconds
[runlim] space limit:		14000 MB
[runlim] argv[0]:		python3
[runlim] argv[1]:		-u
[runlim] argv[2]:		top_down.py
[runlim] argv[3]:		datasets/brandimarte/MK10
[runlim] start:			Mon Apr 20 17:20:15 2026
[runlim] child:			5674
Operations: 240, Edges: 220, Machines: 15
Greedy Schedule UB: 268
Building constraints took 5.87 seconds.
[runlim] sample:		10.00 time, 10.01 real, 778 MB, 1.15 load
[runlim] sample:		19.98 time, 20.01 real, 755 MB, 1.12 load
SAT

=> TOTAL COMPLETION TIME (Makespan / UB): 267
Schedule is valid
 Time taken: 27.63 seconds
[runlim] sample:		29.97 time, 30.01 real, 823 MB, 1.10 load
[runlim] sample:		39.96 time, 40.01 real, 823 MB, 1.09 load
SAT

=> TOTAL COMPLETION TIME (Makespan / UB): 266
Schedule is valid
 Time taken: 42.07 seconds
SAT

=> TOTAL COMPLETION TIME (Makespan / UB): 265
Schedule is valid
 Time taken: 45.28 seconds
SAT

=> TOTAL COMPLETION TIME (Makespan / UB): 264
Schedule is valid
 Time taken: 47.78 seconds
[runlim] sample:		49.96 time, 50.01 real, 822 MB, 1.15 load
SAT

=> TOTAL COMPLETION TIME (Makespan / UB): 263
Schedule is valid
 Time taken: 50.95 seconds
SAT

=> TOTAL COMPLETION TIME (Makespan / UB): 262
Schedule is valid
 Time taken: 59.15 seconds
[runlim] sample:		59.96 time, 60.01 real, 820 MB, 1.12 load
SAT

=> TOTAL COMPLETION TIME (Makespan / UB): 261
Schedule is valid
 Time taken: 61.63 seconds
[runlim] sample:		69.95 time, 70.01 real, 911 MB, 1.10 load
SAT

=> TOTAL COMPLETION TIME (Makespan / UB): 260
Schedule is valid
 Time taken: 70.73 seconds
SAT

=> TOTAL COMPLETION TIME (Makespan / UB): 259
Schedule is valid
 Time taken: 72.69 seconds
[runlim] sample:		79.95 time, 80.01 real, 819 MB, 1.09 load
SAT

=> TOTAL COMPLETION TIME (Makespan / UB): 258
Schedule is valid
 Time taken: 81.58 seconds
SAT

=> TOTAL COMPLETION TIME (Makespan / UB): 257
Schedule is valid
 Time taken: 84.34 seconds
SAT

=> TOTAL COMPLETION TIME (Makespan / UB): 256
Schedule is valid
 Time taken: 86.65 seconds
SAT

=> TOTAL COMPLETION TIME (Makespan / UB): 255
Schedule is valid
 Time taken: 89.20 seconds
[runlim] sample:		89.95 time, 90.01 real, 817 MB, 1.07 load
SAT

=> TOTAL COMPLETION TIME (Makespan / UB): 254
Schedule is valid
 Time taken: 92.38 seconds
[runlim] sample:		99.94 time, 100.01 real, 814 MB, 1.14 load
SAT

=> TOTAL COMPLETION TIME (Makespan / UB): 253
Schedule is valid
 Time taken: 104.33 seconds
SAT

=> TOTAL COMPLETION TIME (Makespan / UB): 252
Schedule is valid
 Time taken: 108.67 seconds
[runlim] sample:		109.94 time, 110.01 real, 814 MB, 1.11 load
SAT

=> TOTAL COMPLETION TIME (Makespan / UB): 251
Schedule is valid
 Time taken: 110.38 seconds
SAT

=> TOTAL COMPLETION TIME (Makespan / UB): 250
Schedule is valid
 Time taken: 112.66 seconds
[runlim] sample:		119.93 time, 120.01 real, 812 MB, 1.10 load
SAT

=> TOTAL COMPLETION TIME (Makespan / UB): 249
Schedule is valid
 Time taken: 127.05 seconds
[runlim] sample:		129.92 time, 130.01 real, 812 MB, 1.08 load
SAT

=> TOTAL COMPLETION TIME (Makespan / UB): 248
Schedule is valid
 Time taken: 137.82 seconds
[runlim] sample:		139.92 time, 140.01 real, 810 MB, 1.07 load
SAT

=> TOTAL COMPLETION TIME (Makespan / UB): 247
Schedule is valid
 Time taken: 140.01 seconds
SAT

=> TOTAL COMPLETION TIME (Makespan / UB): 246
Schedule is valid
 Time taken: 142.65 seconds
[runlim] sample:		149.91 time, 150.01 real, 808 MB, 1.06 load
SAT

=> TOTAL COMPLETION TIME (Makespan / UB): 245
Schedule is valid
 Time taken: 156.42 seconds
[runlim] sample:		159.91 time, 160.01 real, 807 MB, 1.05 load
SAT

=> TOTAL COMPLETION TIME (Makespan / UB): 244
Schedule is valid
 Time taken: 167.97 seconds
[runlim] sample:		169.90 time, 170.01 real, 809 MB, 1.04 load
SAT

=> TOTAL COMPLETION TIME (Makespan / UB): 243
Schedule is valid
 Time taken: 171.26 seconds
[runlim] sample:		179.88 time, 180.01 real, 806 MB, 1.03 load
SAT

=> TOTAL COMPLETION TIME (Makespan / UB): 242
Schedule is valid
 Time taken: 185.53 seconds
[runlim] sample:		189.87 time, 190.01 real, 800 MB, 1.03 load
SAT

=> TOTAL COMPLETION TIME (Makespan / UB): 241
Schedule is valid
 Time taken: 197.18 seconds
SAT

=> TOTAL COMPLETION TIME (Makespan / UB): 240
Schedule is valid
 Time taken: 199.38 seconds
[runlim] sample:		199.86 time, 200.01 real, 800 MB, 1.10 load
SAT

=> TOTAL COMPLETION TIME (Makespan / UB): 239
Schedule is valid
 Time taken: 202.34 seconds
[runlim] sample:		209.85 time, 210.01 real, 851 MB, 1.09 load
SAT

=> TOTAL COMPLETION TIME (Makespan / UB): 238
Schedule is valid
 Time taken: 217.90 seconds
[runlim] sample:		219.84 time, 220.01 real, 799 MB, 1.07 load
SAT

=> TOTAL COMPLETION TIME (Makespan / UB): 237
Schedule is valid
 Time taken: 226.07 seconds
[runlim] sample:		229.85 time, 230.01 real, 796 MB, 1.06 load
SAT

=> TOTAL COMPLETION TIME (Makespan / UB): 236
Schedule is valid
 Time taken: 236.51 seconds
SAT

=> TOTAL COMPLETION TIME (Makespan / UB): 235
Schedule is valid
 Time taken: 238.61 seconds
[runlim] sample:		239.84 time, 240.01 real, 795 MB, 1.05 load
[runlim] sample:		249.83 time, 250.01 real, 795 MB, 1.04 load
SAT

=> TOTAL COMPLETION TIME (Makespan / UB): 234
Schedule is valid
 Time taken: 252.87 seconds
[runlim] sample:		259.81 time, 260.01 real, 794 MB, 1.19 load
SAT

=> TOTAL COMPLETION TIME (Makespan / UB): 233
Schedule is valid
 Time taken: 263.39 seconds
[runlim] sample:		269.81 time, 270.01 real, 793 MB, 1.16 load
[runlim] sample:		279.81 time, 280.01 real, 794 MB, 1.14 load
[runlim] sample:		289.80 time, 290.01 real, 794 MB, 1.11 load
[runlim] sample:		299.80 time, 300.01 real, 791 MB, 1.10 load
SAT

=> TOTAL COMPLETION TIME (Makespan / UB): 232
Schedule is valid
 Time taken: 304.92 seconds
[runlim] sample:		309.79 time, 310.01 real, 795 MB, 1.08 load
SAT

=> TOTAL COMPLETION TIME (Makespan / UB): 231
Schedule is valid
 Time taken: 315.16 seconds
[runlim] sample:		319.78 time, 320.01 real, 792 MB, 1.07 load
[runlim] sample:		329.78 time, 330.01 real, 791 MB, 1.06 load
[runlim] sample:		339.77 time, 340.01 real, 765 MB, 1.05 load
[runlim] sample:		349.77 time, 350.01 real, 765 MB, 1.04 load
SAT

=> TOTAL COMPLETION TIME (Makespan / UB): 230
Schedule is valid
 Time taken: 355.03 seconds
[runlim] sample:		359.76 time, 360.01 real, 761 MB, 1.03 load
SAT

=> TOTAL COMPLETION TIME (Makespan / UB): 229
Schedule is valid
 Time taken: 369.83 seconds
[runlim] sample:		369.76 time, 370.01 real, 761 MB, 1.03 load
[runlim] sample:		379.75 time, 380.01 real, 752 MB, 1.02 load
[runlim] sample:		389.75 time, 390.01 real, 752 MB, 1.02 load
[runlim] sample:		399.75 time, 400.01 real, 752 MB, 1.02 load
[runlim] sample:		409.74 time, 410.01 real, 751 MB, 1.17 load
SAT

=> TOTAL COMPLETION TIME (Makespan / UB): 228
Schedule is valid
 Time taken: 415.36 seconds
[runlim] sample:		419.74 time, 420.01 real, 752 MB, 1.14 load
[runlim] sample:		429.73 time, 430.01 real, 751 MB, 1.12 load
[runlim] sample:		439.73 time, 440.01 real, 751 MB, 1.10 load
[runlim] sample:		449.72 time, 450.01 real, 748 MB, 1.08 load
[runlim] sample:		459.71 time, 460.01 real, 755 MB, 1.07 load
SAT

=> TOTAL COMPLETION TIME (Makespan / UB): 227
Schedule is valid
 Time taken: 461.14 seconds
[runlim] sample:		469.71 time, 470.01 real, 763 MB, 1.06 load
SAT

=> TOTAL COMPLETION TIME (Makespan / UB): 226
Schedule is valid
 Time taken: 471.27 seconds
[runlim] sample:		479.70 time, 480.01 real, 749 MB, 1.05 load
[runlim] sample:		489.70 time, 490.01 real, 750 MB, 1.04 load
[runlim] sample:		499.70 time, 500.01 real, 770 MB, 1.12 load
[runlim] sample:		509.69 time, 510.01 real, 772 MB, 1.10 load
SAT

=> TOTAL COMPLETION TIME (Makespan / UB): 225
Schedule is valid
 Time taken: 512.18 seconds
[runlim] sample:		519.68 time, 520.01 real, 779 MB, 1.08 load
[runlim] sample:		529.68 time, 530.01 real, 771 MB, 1.07 load
[runlim] sample:		539.68 time, 540.01 real, 772 MB, 1.06 load
SAT

=> TOTAL COMPLETION TIME (Makespan / UB): 224
Schedule is valid
 Time taken: 548.91 seconds
[runlim] sample:		549.67 time, 550.01 real, 768 MB, 1.05 load
[runlim] sample:		559.66 time, 560.01 real, 771 MB, 1.11 load
[runlim] sample:		569.66 time, 570.01 real, 772 MB, 1.10 load
[runlim] sample:		579.66 time, 580.01 real, 772 MB, 1.08 load
SAT

=> TOTAL COMPLETION TIME (Makespan / UB): 223
Schedule is valid
 Time taken: 580.89 seconds
SAT

=> TOTAL COMPLETION TIME (Makespan / UB): 222
Schedule is valid
 Time taken: 589.51 seconds
[runlim] sample:		589.65 time, 590.01 real, 771 MB, 1.07 load
[runlim] sample:		599.65 time, 600.01 real, 744 MB, 1.06 load
[runlim] sample:		609.64 time, 610.01 real, 745 MB, 1.05 load
[runlim] sample:		619.64 time, 620.01 real, 745 MB, 1.04 load
SAT

=> TOTAL COMPLETION TIME (Makespan / UB): 221
Schedule is valid
 Time taken: 624.13 seconds
[runlim] sample:		629.64 time, 630.01 real, 717 MB, 1.03 load
[runlim] sample:		639.64 time, 640.01 real, 744 MB, 1.03 load
[runlim] sample:		649.63 time, 650.01 real, 782 MB, 1.02 load
[runlim] sample:		659.62 time, 660.01 real, 742 MB, 1.02 load
[runlim] sample:		669.62 time, 670.01 real, 747 MB, 1.02 load
[runlim] sample:		679.62 time, 680.01 real, 750 MB, 1.01 load
[runlim] sample:		689.61 time, 690.01 real, 748 MB, 1.01 load
[runlim] sample:		699.61 time, 700.01 real, 748 MB, 1.01 load
[runlim] sample:		709.60 time, 710.01 real, 740 MB, 1.01 load
[runlim] sample:		719.59 time, 720.01 real, 740 MB, 1.00 load
[runlim] sample:		729.59 time, 730.01 real, 740 MB, 1.00 load
[runlim] sample:		739.59 time, 740.01 real, 740 MB, 1.00 load
[runlim] sample:		749.59 time, 750.01 real, 741 MB, 1.00 load
[runlim] sample:		759.59 time, 760.01 real, 741 MB, 1.00 load
[runlim] sample:		769.58 time, 770.01 real, 751 MB, 1.00 load
[runlim] sample:		779.58 time, 780.01 real, 788 MB, 1.00 load
[runlim] sample:		789.57 time, 790.01 real, 794 MB, 1.00 load
[runlim] sample:		799.57 time, 800.01 real, 794 MB, 1.00 load
[runlim] sample:		809.57 time, 810.01 real, 800 MB, 1.00 load
SAT

=> TOTAL COMPLETION TIME (Makespan / UB): 220
Schedule is valid
 Time taken: 814.97 seconds
[runlim] sample:		819.56 time, 820.01 real, 775 MB, 1.00 load
[runlim] sample:		829.55 time, 830.01 real, 767 MB, 1.00 load
[runlim] sample:		839.55 time, 840.01 real, 767 MB, 1.00 load
[runlim] sample:		849.55 time, 850.01 real, 740 MB, 1.00 load
[runlim] sample:		859.54 time, 860.01 real, 751 MB, 1.00 load
[runlim] sample:		869.53 time, 870.01 real, 747 MB, 1.00 load
[runlim] sample:		879.53 time, 880.01 real, 747 MB, 1.00 load
[runlim] sample:		889.52 time, 890.01 real, 747 MB, 1.00 load
[runlim] sample:		899.52 time, 900.01 real, 740 MB, 1.00 load
[runlim] sample:		909.52 time, 910.01 real, 740 MB, 1.15 load
[runlim] sample:		919.50 time, 920.01 real, 741 MB, 1.13 load
[runlim] sample:		929.50 time, 930.01 real, 741 MB, 1.11 load
[runlim] sample:		939.49 time, 940.01 real, 741 MB, 1.09 load
[runlim] sample:		949.49 time, 950.01 real, 741 MB, 1.08 load
[runlim] sample:		959.48 time, 960.01 real, 768 MB, 1.06 load
[runlim] sample:		969.48 time, 970.01 real, 763 MB, 1.05 load
[runlim] sample:		979.47 time, 980.01 real, 800 MB, 1.05 load
SAT

=> TOTAL COMPLETION TIME (Makespan / UB): 219
Schedule is valid
 Time taken: 988.62 seconds
[runlim] sample:		989.47 time, 990.01 real, 772 MB, 1.11 load
[runlim] sample:		999.47 time, 1000.01 real, 755 MB, 1.09 load
[runlim] sample:		1009.47 time, 1010.01 real, 755 MB, 1.08 load
SAT

=> TOTAL COMPLETION TIME (Makespan / UB): 218
Schedule is valid
 Time taken: 1019.70 seconds
[runlim] sample:		1019.46 time, 1020.01 real, 756 MB, 1.07 load
[runlim] sample:		1029.45 time, 1030.01 real, 758 MB, 1.06 load
[runlim] sample:		1039.45 time, 1040.01 real, 758 MB, 1.05 load
[runlim] sample:		1049.44 time, 1050.01 real, 758 MB, 1.04 load
[runlim] sample:		1059.44 time, 1060.01 real, 763 MB, 1.03 load
[runlim] sample:		1069.43 time, 1070.01 real, 777 MB, 1.03 load
[runlim] sample:		1079.43 time, 1080.01 real, 770 MB, 1.02 load
[runlim] sample:		1089.43 time, 1090.01 real, 770 MB, 1.02 load
[runlim] sample:		1099.42 time, 1100.01 real, 762 MB, 1.02 load
[runlim] sample:		1109.41 time, 1110.01 real, 762 MB, 1.01 load
[runlim] sample:		1119.41 time, 1120.01 real, 762 MB, 1.01 load
[runlim] sample:		1129.39 time, 1130.01 real, 762 MB, 1.01 load
[runlim] sample:		1139.39 time, 1140.01 real, 762 MB, 1.01 load
[runlim] sample:		1149.38 time, 1150.01 real, 762 MB, 1.00 load
SAT

=> TOTAL COMPLETION TIME (Makespan / UB): 217
Schedule is valid
 Time taken: 1159.40 seconds
[runlim] sample:		1159.38 time, 1160.01 real, 721 MB, 1.00 load
[runlim] sample:		1169.38 time, 1170.01 real, 748 MB, 1.00 load
[runlim] sample:		1179.37 time, 1180.01 real, 748 MB, 1.00 load
[runlim] sample:		1189.37 time, 1190.01 real, 742 MB, 1.00 load
[runlim] sample:		1199.37 time, 1200.01 real, 742 MB, 1.00 load
[runlim] sample:		1209.37 time, 1210.01 real, 751 MB, 1.00 load
[runlim] sample:		1219.36 time, 1220.01 real, 750 MB, 1.00 load
[runlim] sample:		1229.35 time, 1230.01 real, 750 MB, 1.00 load
[runlim] sample:		1239.35 time, 1240.01 real, 751 MB, 1.00 load
[runlim] sample:		1249.34 time, 1250.01 real, 738 MB, 1.00 load
[runlim] sample:		1259.34 time, 1260.01 real, 738 MB, 1.00 load
[runlim] sample:		1269.34 time, 1270.01 real, 740 MB, 1.16 load
[runlim] sample:		1279.34 time, 1280.01 real, 740 MB, 1.13 load
[runlim] sample:		1289.33 time, 1290.01 real, 740 MB, 1.11 load
[runlim] sample:		1299.33 time, 1300.01 real, 753 MB, 1.10 load
[runlim] sample:		1309.33 time, 1310.01 real, 757 MB, 1.08 load
[runlim] sample:		1319.32 time, 1320.01 real, 757 MB, 1.07 load
[runlim] sample:		1329.32 time, 1330.01 real, 762 MB, 1.06 load
[runlim] sample:		1339.31 time, 1340.01 real, 779 MB, 1.05 load
[runlim] sample:		1349.31 time, 1350.01 real, 759 MB, 1.04 load
[runlim] sample:		1359.30 time, 1360.01 real, 759 MB, 1.03 load
[runlim] sample:		1369.30 time, 1370.01 real, 762 MB, 1.03 load
[runlim] sample:		1379.29 time, 1380.01 real, 762 MB, 1.02 load
[runlim] sample:		1389.29 time, 1390.01 real, 754 MB, 1.02 load
[runlim] sample:		1399.28 time, 1400.01 real, 759 MB, 1.02 load
[runlim] sample:		1409.28 time, 1410.01 real, 759 MB, 1.17 load
[runlim] sample:		1419.28 time, 1420.01 real, 741 MB, 1.30 load
[runlim] sample:		1429.27 time, 1430.01 real, 741 MB, 1.25 load
[runlim] sample:		1439.27 time, 1440.01 real, 787 MB, 1.21 load
[runlim] sample:		1449.26 time, 1450.01 real, 742 MB, 1.18 load
[runlim] sample:		1459.26 time, 1460.01 real, 742 MB, 1.15 load
[runlim] sample:		1469.25 time, 1470.01 real, 742 MB, 1.13 load
[runlim] sample:		1479.25 time, 1480.01 real, 743 MB, 1.11 load
[runlim] sample:		1489.25 time, 1490.01 real, 743 MB, 1.09 load
[runlim] sample:		1499.24 time, 1500.01 real, 743 MB, 1.08 load
[runlim] sample:		1509.23 time, 1510.01 real, 743 MB, 1.06 load
[runlim] sample:		1519.22 time, 1520.01 real, 743 MB, 1.05 load
[runlim] sample:		1529.22 time, 1530.01 real, 743 MB, 1.05 load
[runlim] sample:		1539.21 time, 1540.01 real, 743 MB, 1.04 load
[runlim] sample:		1549.21 time, 1550.01 real, 744 MB, 1.03 load
[runlim] sample:		1559.21 time, 1560.01 real, 744 MB, 1.03 load
[runlim] sample:		1569.20 time, 1570.01 real, 744 MB, 1.02 load
[runlim] sample:		1579.20 time, 1580.01 real, 744 MB, 1.02 load
[runlim] sample:		1589.19 time, 1590.01 real, 745 MB, 1.02 load
[runlim] sample:		1599.19 time, 1600.01 real, 745 MB, 1.01 load
[runlim] sample:		1609.18 time, 1610.01 real, 745 MB, 1.01 load
[runlim] sample:		1619.18 time, 1620.01 real, 746 MB, 1.01 load
[runlim] sample:		1629.17 time, 1630.01 real, 746 MB, 1.01 load
[runlim] sample:		1639.17 time, 1640.01 real, 746 MB, 1.00 load
[runlim] sample:		1649.17 time, 1650.01 real, 746 MB, 1.00 load
[runlim] sample:		1659.16 time, 1660.01 real, 746 MB, 1.00 load
[runlim] sample:		1669.16 time, 1670.01 real, 746 MB, 1.00 load
[runlim] sample:		1679.15 time, 1680.01 real, 746 MB, 1.00 load
[runlim] sample:		1689.13 time, 1690.01 real, 746 MB, 1.00 load
[runlim] sample:		1699.12 time, 1700.01 real, 746 MB, 1.00 load
[runlim] sample:		1709.10 time, 1710.01 real, 746 MB, 1.00 load
[runlim] sample:		1719.09 time, 1720.01 real, 746 MB, 1.00 load
[runlim] sample:		1729.09 time, 1730.01 real, 747 MB, 1.00 load
[runlim] sample:		1739.08 time, 1740.01 real, 747 MB, 1.00 load
[runlim] sample:		1749.07 time, 1750.01 real, 764 MB, 1.00 load
[runlim] sample:		1759.08 time, 1760.01 real, 782 MB, 1.00 load
[runlim] sample:		1769.07 time, 1770.01 real, 782 MB, 1.00 load
[runlim] sample:		1779.06 time, 1780.01 real, 786 MB, 1.00 load
[runlim] sample:		1789.06 time, 1790.01 real, 786 MB, 1.00 load
[runlim] sample:		1799.05 time, 1800.01 real, 791 MB, 1.00 load
[runlim] end:			Mon Apr 20 17:50:16 2026
[runlim] status:		out of time
[runlim] result:		2
[runlim] children:		1
[runlim] processes:		2
[runlim] real:			1801.05 seconds
[runlim] time:			1799.05 seconds
[runlim] space:			1008 MB
[runlim] load:			1.30 maximum
[runlim] samples:		18000
