[runlim] version:		2.0.0rc12
[runlim] host:			ap-Precision-7550
[runlim] time limit:		311040000 seconds
[runlim] real time limit:	1800 seconds
[runlim] space limit:		14000 MB
[runlim] argv[0]:		python3
[runlim] argv[1]:		-u
[runlim] argv[2]:		multi_process.py
[runlim] argv[3]:		datasets/yfjs/YFJS16
[runlim] start:			Mon Apr 20 01:23:53 2026
[runlim] child:			115661
Loading data from: datasets/yfjs/YFJS16
Operations: 221, Edges: 208, Machines: 26
Greedy Schedule UB: 1498
Lower Bound: 1189 (precedence=1189, avg_load=543, mandatory=0)
Complete preprocessing! Greedy UB = 1498
Initial UB = 1497, LB = 1189
--------------------------------------------------
 Start MULTIPROCESSING search with 4 CPU Cores...
--------------------------------------------------
[BottomUp] Trying with at most 1189, LB = 1189, UB = 1497
[TopDown] Trying with at most 1497, LB = 1189, UB = 1497
[IndepBinary] New iteration: LB=1189, UB=1497 => Target=1343
[CoopBinary] New iteration: LB=1189, UB=1497 => Target=1343
[BottomUp] UNSAT in 1189. Tăng LB.
[BottomUp] Trying with at most 1190, LB = 1190, UB = 1497
[BottomUp] UNSAT in 1190. Tăng LB.
[BottomUp] Trying with at most 1191, LB = 1191, UB = 1497
[BottomUp] UNSAT in 1191. Tăng LB.
[BottomUp] Trying with at most 1192, LB = 1192, UB = 1497
[runlim] sample:		39.88 time, 10.01 real, 1788 MB, 3.11 load
[BottomUp] UNSAT in 1192. Tăng LB.
[BottomUp] Trying with at most 1193, LB = 1193, UB = 1497
[BottomUp] UNSAT in 1193. Tăng LB.
[BottomUp] Trying with at most 1194, LB = 1194, UB = 1497
[BottomUp] UNSAT in 1194. Tăng LB.
[BottomUp] Trying with at most 1195, LB = 1195, UB = 1497
[IndepBinary] SAT in 1343! Updating UB.
Time taken: 16.10 seconds
[IndepBinary] New iteration: LB=1195, UB=1342 => Target=1268
[CoopBinary-Watchdog] UB (1342) under target 1343. Interrupt!
Exception in thread Thread-1 (watchdog_both):
Traceback (most recent call last):
  File "/usr/lib/python3.12/threading.py", line 1073, in _bootstrap_inner
    self.run()
  File "/usr/lib/python3.12/threading.py", line 1010, in run
    self._target(*self._args, **self._kwargs)
  File "/home/ap/Desktop/FJSSP-sequencial-flexibility/multi_process.py", line 761, in watchdog_both
    if solver is not None: solver.interrupt()
                           ^^^^^^^^^^^^^^^^^^
  File "/home/ap/.local/lib/python3.12/site-packages/pysat/solvers.py", line 979, in interrupt
    self.solver.interrupt()
  File "/home/ap/.local/lib/python3.12/site-packages/pysat/solvers.py", line 2504, in interrupt
    raise NotImplementedError('Limited solve is currently unsupported by CaDiCaL.')
NotImplementedError: Limited solve is currently unsupported by CaDiCaL.
[CoopBinary] Bị ngắt! Giữ lại Solver để chờ xem Target vòng sau đi lên hay xuống.
[CoopBinary] New iteration: LB=1195, UB=1342 => Target=1268
[CoopBinary] Đi XUỐNG (Target 1268 < Bound 1343) -> Dùng Incremental SAT
[BottomUp] UNSAT in 1195. Tăng LB.
[BottomUp] Trying with at most 1196, LB = 1196, UB = 1342
[runlim] sample:		79.93 time, 20.01 real, 1952 MB, 3.33 load
[BottomUp] UNSAT in 1196. Tăng LB.
[BottomUp] Trying with at most 1197, LB = 1197, UB = 1342
[TopDown-Watchdog] Phát hiện UB (1342) < Target (1497). INTERRUPT!
Exception in thread Thread-1 (watchdog_ub):
Traceback (most recent call last):
  File "/usr/lib/python3.12/threading.py", line 1073, in _bootstrap_inner
    self.run()
  File "/usr/lib/python3.12/threading.py", line 1010, in run
    self._target(*self._args, **self._kwargs)
  File "/home/ap/Desktop/FJSSP-sequencial-flexibility/multi_process.py", line 508, in watchdog_ub
    solver.interrupt()  # Bóp cò ngắt CaDiCaL
    ^^^^^^^^^^^^^^^^^^
  File "/home/ap/.local/lib/python3.12/site-packages/pysat/solvers.py", line 979, in interrupt
    self.solver.interrupt()
  File "/home/ap/.local/lib/python3.12/site-packages/pysat/solvers.py", line 2504, in interrupt
    raise NotImplementedError('Limited solve is currently unsupported by CaDiCaL.')
NotImplementedError: Limited solve is currently unsupported by CaDiCaL.
[TopDown] Bị ngắt (Interrupt). Chuyển sang Target mới và GIỮ LẠI Learned Clauses!
[TopDown] Trying with at most 1342, LB = 1197, UB = 1342
[BottomUp] UNSAT in 1197. Tăng LB.
[BottomUp] Trying with at most 1198, LB = 1198, UB = 1342
[BottomUp] UNSAT in 1198. Tăng LB.
[BottomUp] Trying with at most 1199, LB = 1199, UB = 1342
[BottomUp] UNSAT in 1199. Tăng LB.
[BottomUp] Trying with at most 1200, LB = 1200, UB = 1342
[IndepBinary] SAT in 1268! Updating UB.
Time taken: 29.90 seconds
[IndepBinary] New iteration: LB=1200, UB=1267 => Target=1233
[runlim] sample:		119.98 time, 30.01 real, 1840 MB, 3.43 load
[CoopBinary-Watchdog] UB (1267) under target 1268. Interrupt!
Exception in thread Thread-2 (watchdog_both):
Traceback (most recent call last):
  File "/usr/lib/python3.12/threading.py", line 1073, in _bootstrap_inner
    self.run()
  File "/usr/lib/python3.12/threading.py", line 1010, in run
    self._target(*self._args, **self._kwargs)
  File "/home/ap/Desktop/FJSSP-sequencial-flexibility/multi_process.py", line 761, in watchdog_both
    if solver is not None: solver.interrupt()
                           ^^^^^^^^^^^^^^^^^^
  File "/home/ap/.local/lib/python3.12/site-packages/pysat/solvers.py", line 979, in interrupt
    self.solver.interrupt()
  File "/home/ap/.local/lib/python3.12/site-packages/pysat/solvers.py", line 2504, in interrupt
    raise NotImplementedError('Limited solve is currently unsupported by CaDiCaL.')
NotImplementedError: Limited solve is currently unsupported by CaDiCaL.
[CoopBinary] Bị ngắt! Giữ lại Solver để chờ xem Target vòng sau đi lên hay xuống.
[CoopBinary] New iteration: LB=1200, UB=1267 => Target=1233
[CoopBinary] Đi XUỐNG (Target 1233 < Bound 1268) -> Dùng Incremental SAT
[BottomUp] UNSAT in 1200. Tăng LB.
[BottomUp] Trying with at most 1201, LB = 1201, UB = 1267
[BottomUp] UNSAT in 1201. Tăng LB.
[BottomUp] Trying with at most 1202, LB = 1202, UB = 1267
[BottomUp] UNSAT in 1202. Tăng LB.
[BottomUp] Trying with at most 1203, LB = 1203, UB = 1267
[runlim] sample:		160.06 time, 40.01 real, 1901 MB, 3.52 load
[IndepBinary] SAT in 1233! Updating UB.
Time taken: 40.35 seconds
[IndepBinary] New iteration: LB=1203, UB=1232 => Target=1217
[CoopBinary-Watchdog] UB (1232) under target 1233. Interrupt!
Exception in thread Thread-3 (watchdog_both):
Traceback (most recent call last):
  File "/usr/lib/python3.12/threading.py", line 1073, in _bootstrap_inner
    self.run()
  File "/usr/lib/python3.12/threading.py", line 1010, in run
    self._target(*self._args, **self._kwargs)
  File "/home/ap/Desktop/FJSSP-sequencial-flexibility/multi_process.py", line 761, in watchdog_both
    if solver is not None: solver.interrupt()
                           ^^^^^^^^^^^^^^^^^^
  File "/home/ap/.local/lib/python3.12/site-packages/pysat/solvers.py", line 979, in interrupt
    self.solver.interrupt()
  File "/home/ap/.local/lib/python3.12/site-packages/pysat/solvers.py", line 2504, in interrupt
    raise NotImplementedError('Limited solve is currently unsupported by CaDiCaL.')
NotImplementedError: Limited solve is currently unsupported by CaDiCaL.
[CoopBinary] Bị ngắt! Giữ lại Solver để chờ xem Target vòng sau đi lên hay xuống.
[CoopBinary] New iteration: LB=1203, UB=1232 => Target=1217
[CoopBinary] Đi XUỐNG (Target 1217 < Bound 1233) -> Dùng Incremental SAT
[BottomUp] UNSAT in 1203. Tăng LB.
[BottomUp] Trying with at most 1204, LB = 1204, UB = 1232
[IndepBinary] UNSAT in 1217. Incrementing LB.
[IndepBinary] New iteration: LB=1218, UB=1232 => Target=1225
[CoopBinary-Watchdog] LB (1218) over target 1217. Interrupt!
Exception in thread Thread-4 (watchdog_both):
Traceback (most recent call last):
  File "/usr/lib/python3.12/threading.py", line 1073, in _bootstrap_inner
    self.run()
  File "/usr/lib/python3.12/threading.py", line 1010, in run
    self._target(*self._args, **self._kwargs)
  File "/home/ap/Desktop/FJSSP-sequencial-flexibility/multi_process.py", line 754, in watchdog_both
    if solver is not None: solver.interrupt()
                           ^^^^^^^^^^^^^^^^^^
  File "/home/ap/.local/lib/python3.12/site-packages/pysat/solvers.py", line 979, in interrupt
    self.solver.interrupt()
  File "/home/ap/.local/lib/python3.12/site-packages/pysat/solvers.py", line 2504, in interrupt
    raise NotImplementedError('Limited solve is currently unsupported by CaDiCaL.')
NotImplementedError: Limited solve is currently unsupported by CaDiCaL.
[CoopBinary] Bị ngắt! Giữ lại Solver để chờ xem Target vòng sau đi lên hay xuống.
[CoopBinary] New iteration: LB=1218, UB=1232 => Target=1225
[CoopBinary] Đi LÊN (Target 1225 >= Bound 1217) -> Re-init Solver
[BottomUp] Target 1204 đã lỗi thời sau khi init. Bỏ qua vòng này.
[BottomUp] Trying with at most 1218, LB = 1218, UB = 1232
[TopDown-Watchdog] Phát hiện UB (1232) < Target (1342). INTERRUPT!
Exception in thread Thread-2 (watchdog_ub):
Traceback (most recent call last):
  File "/usr/lib/python3.12/threading.py", line 1073, in _bootstrap_inner
    self.run()
  File "/usr/lib/python3.12/threading.py", line 1010, in run
    self._target(*self._args, **self._kwargs)
  File "/home/ap/Desktop/FJSSP-sequencial-flexibility/multi_process.py", line 508, in watchdog_ub
    solver.interrupt()  # Bóp cò ngắt CaDiCaL
    ^^^^^^^^^^^^^^^^^^
  File "/home/ap/.local/lib/python3.12/site-packages/pysat/solvers.py", line 979, in interrupt
    self.solver.interrupt()
  File "/home/ap/.local/lib/python3.12/site-packages/pysat/solvers.py", line 2504, in interrupt
    raise NotImplementedError('Limited solve is currently unsupported by CaDiCaL.')
NotImplementedError: Limited solve is currently unsupported by CaDiCaL.
[TopDown] Bị ngắt (Interrupt). Chuyển sang Target mới và GIỮ LẠI Learned Clauses!
[TopDown] Trying with at most 1232, LB = 1218, UB = 1232
[BottomUp] UNSAT in 1218. Tăng LB.
[BottomUp] Trying with at most 1219, LB = 1219, UB = 1232
[BottomUp] UNSAT in 1219. Tăng LB.
[BottomUp] Trying with at most 1220, LB = 1220, UB = 1232
[runlim] sample:		200.11 time, 50.01 real, 1677 MB, 3.60 load
[BottomUp] UNSAT in 1220. Tăng LB.
[BottomUp] Trying with at most 1221, LB = 1221, UB = 1232
[BottomUp] UNSAT in 1221. Tăng LB.
[BottomUp] Trying with at most 1222, LB = 1222, UB = 1232
[runlim] sample:		240.18 time, 60.01 real, 1770 MB, 3.66 load
[CoopBinary] SAT in 1225! Updating UB.
Time taken: 61.83 seconds
[CoopBinary] New iteration: LB=1222, UB=1224 => Target=1223
[CoopBinary] Đi XUỐNG (Target 1223 < Bound 1225) -> Dùng Incremental SAT
[IndepBinary] New iteration: LB=1222, UB=1224 => Target=1223
[CoopBinary] SAT in 1223! Updating UB.
Time taken: 62.55 seconds
[CoopBinary] New iteration: LB=1222, UB=1222 => Target=1222
[CoopBinary] Đi XUỐNG (Target 1222 < Bound 1223) -> Dùng Incremental SAT
[IndepBinary] New iteration: LB=1222, UB=1222 => Target=1222
[CoopBinary] SAT in 1222! Updating UB.
Time taken: 64.29 seconds
[CoopBinary] UB < LB => OPTIMAL

Found optimal solution or received stop signal. Cleaning up processes...
--------------------------------------------------
   FINAL RESULT:
   Status: Optimal
   Proved by: CoopBinary
   Optimal Makespan: 1222
   Total time: 64.40 seconds
[runlim] end:			Mon Apr 20 01:24:58 2026
[runlim] status:		ok
[runlim] result:		0
[runlim] children:		6
[runlim] processes:		7
[runlim] real:			64.45 seconds
[runlim] time:			257.71 seconds
[runlim] space:			2079 MB
[runlim] load:			3.69 maximum
[runlim] samples:		645
