[runlim] version:		2.0.0rc12
[runlim] host:			fjssp-instance
[runlim] time limit:		311040000 seconds
[runlim] real time limit:	10800 seconds
[runlim] space limit:		14000 MB
[runlim] argv[0]:		python3
[runlim] argv[1]:		-u
[runlim] argv[2]:		temp.py
[runlim] argv[3]:		datasets/dafjs/DAFJS29
[runlim] start:			Mon Jul 20 14:59:50 2026
[runlim] child:			113700
Operations: 95, Edges: 94, Machines: 10
Greedy Schedule UB: 802
Building constraints took 2.56 seconds.
SAT

=> TOTAL COMPLETION TIME (Makespan / UB): 801
Schedule is valid
 Time taken: 3.36 seconds
SAT

=> TOTAL COMPLETION TIME (Makespan / UB): 800
Schedule is valid
 Time taken: 3.51 seconds
SAT

=> TOTAL COMPLETION TIME (Makespan / UB): 799
Schedule is valid
 Time taken: 3.52 seconds
SAT

=> TOTAL COMPLETION TIME (Makespan / UB): 798
Schedule is valid
 Time taken: 3.53 seconds
SAT

=> TOTAL COMPLETION TIME (Makespan / UB): 797
Schedule is valid
 Time taken: 3.54 seconds
SAT

=> TOTAL COMPLETION TIME (Makespan / UB): 796
Schedule is valid
 Time taken: 3.54 seconds
SAT

=> TOTAL COMPLETION TIME (Makespan / UB): 795
Schedule is valid
 Time taken: 3.55 seconds
SAT

=> TOTAL COMPLETION TIME (Makespan / UB): 794
Schedule is valid
 Time taken: 3.63 seconds
SAT

=> TOTAL COMPLETION TIME (Makespan / UB): 793
Schedule is valid
 Time taken: 4.84 seconds
SAT

=> TOTAL COMPLETION TIME (Makespan / UB): 792
Schedule is valid
 Time taken: 5.00 seconds
SAT

=> TOTAL COMPLETION TIME (Makespan / UB): 791
Schedule is valid
 Time taken: 5.02 seconds
SAT

=> TOTAL COMPLETION TIME (Makespan / UB): 790
Schedule is valid
 Time taken: 5.03 seconds
SAT

=> TOTAL COMPLETION TIME (Makespan / UB): 789
Schedule is valid
 Time taken: 5.04 seconds
SAT

=> TOTAL COMPLETION TIME (Makespan / UB): 788
Schedule is valid
 Time taken: 5.04 seconds
SAT

=> TOTAL COMPLETION TIME (Makespan / UB): 787
Schedule is valid
 Time taken: 5.05 seconds
SAT

=> TOTAL COMPLETION TIME (Makespan / UB): 786
Schedule is valid
 Time taken: 5.05 seconds
SAT

=> TOTAL COMPLETION TIME (Makespan / UB): 785
Schedule is valid
 Time taken: 5.06 seconds
SAT

=> TOTAL COMPLETION TIME (Makespan / UB): 784
Schedule is valid
 Time taken: 5.07 seconds
SAT

=> TOTAL COMPLETION TIME (Makespan / UB): 783
Schedule is valid
 Time taken: 5.07 seconds
SAT

=> TOTAL COMPLETION TIME (Makespan / UB): 782
Schedule is valid
 Time taken: 5.17 seconds
SAT

=> TOTAL COMPLETION TIME (Makespan / UB): 781
Schedule is valid
 Time taken: 5.61 seconds
SAT

=> TOTAL COMPLETION TIME (Makespan / UB): 780
Schedule is valid
 Time taken: 5.65 seconds
SAT

=> TOTAL COMPLETION TIME (Makespan / UB): 779
Schedule is valid
 Time taken: 5.80 seconds
SAT

=> TOTAL COMPLETION TIME (Makespan / UB): 778
Schedule is valid
 Time taken: 8.81 seconds
[runlim] sample:		9.99 time, 10.01 real, 534 MB, 0.32 load
SAT

=> TOTAL COMPLETION TIME (Makespan / UB): 777
Schedule is valid
 Time taken: 10.77 seconds
SAT

=> TOTAL COMPLETION TIME (Makespan / UB): 776
Schedule is valid
 Time taken: 10.78 seconds
SAT

=> TOTAL COMPLETION TIME (Makespan / UB): 775
Schedule is valid
 Time taken: 10.79 seconds
SAT

=> TOTAL COMPLETION TIME (Makespan / UB): 774
Schedule is valid
 Time taken: 10.79 seconds
SAT

=> TOTAL COMPLETION TIME (Makespan / UB): 773
Schedule is valid
 Time taken: 11.39 seconds
SAT

=> TOTAL COMPLETION TIME (Makespan / UB): 772
Schedule is valid
 Time taken: 11.63 seconds
SAT

=> TOTAL COMPLETION TIME (Makespan / UB): 771
Schedule is valid
 Time taken: 11.88 seconds
SAT

=> TOTAL COMPLETION TIME (Makespan / UB): 770
Schedule is valid
 Time taken: 12.09 seconds
SAT

=> TOTAL COMPLETION TIME (Makespan / UB): 769
Schedule is valid
 Time taken: 12.73 seconds
SAT

=> TOTAL COMPLETION TIME (Makespan / UB): 768
Schedule is valid
 Time taken: 13.01 seconds
SAT

=> TOTAL COMPLETION TIME (Makespan / UB): 767
Schedule is valid
 Time taken: 13.94 seconds
SAT

=> TOTAL COMPLETION TIME (Makespan / UB): 766
Schedule is valid
 Time taken: 14.55 seconds
SAT

=> TOTAL COMPLETION TIME (Makespan / UB): 765
Schedule is valid
 Time taken: 17.53 seconds
SAT

=> TOTAL COMPLETION TIME (Makespan / UB): 764
Schedule is valid
 Time taken: 17.93 seconds
SAT

=> TOTAL COMPLETION TIME (Makespan / UB): 763
Schedule is valid
 Time taken: 18.15 seconds
SAT

=> TOTAL COMPLETION TIME (Makespan / UB): 762
Schedule is valid
 Time taken: 18.41 seconds
SAT

=> TOTAL COMPLETION TIME (Makespan / UB): 761
Schedule is valid
 Time taken: 19.72 seconds
SAT

=> TOTAL COMPLETION TIME (Makespan / UB): 760
Schedule is valid
 Time taken: 19.76 seconds
SAT

=> TOTAL COMPLETION TIME (Makespan / UB): 759
Schedule is valid
 Time taken: 19.77 seconds
SAT

=> TOTAL COMPLETION TIME (Makespan / UB): 758
Schedule is valid
 Time taken: 19.78 seconds
SAT

=> TOTAL COMPLETION TIME (Makespan / UB): 757
Schedule is valid
 Time taken: 19.79 seconds
SAT

=> TOTAL COMPLETION TIME (Makespan / UB): 756
Schedule is valid
 Time taken: 19.79 seconds
SAT

=> TOTAL COMPLETION TIME (Makespan / UB): 755
Schedule is valid
 Time taken: 19.80 seconds
SAT

=> TOTAL COMPLETION TIME (Makespan / UB): 754
Schedule is valid
 Time taken: 19.81 seconds
SAT

=> TOTAL COMPLETION TIME (Makespan / UB): 753
Schedule is valid
 Time taken: 19.81 seconds
[runlim] sample:		20.00 time, 20.01 real, 609 MB, 0.43 load
SAT

=> TOTAL COMPLETION TIME (Makespan / UB): 752
Schedule is valid
 Time taken: 20.42 seconds
SAT

=> TOTAL COMPLETION TIME (Makespan / UB): 751
Schedule is valid
 Time taken: 21.44 seconds
SAT

=> TOTAL COMPLETION TIME (Makespan / UB): 750
Schedule is valid
 Time taken: 21.62 seconds
SAT

=> TOTAL COMPLETION TIME (Makespan / UB): 749
Schedule is valid
 Time taken: 21.88 seconds
SAT

=> TOTAL COMPLETION TIME (Makespan / UB): 748
Schedule is valid
 Time taken: 21.96 seconds
SAT

=> TOTAL COMPLETION TIME (Makespan / UB): 747
Schedule is valid
 Time taken: 22.49 seconds
SAT

=> TOTAL COMPLETION TIME (Makespan / UB): 746
Schedule is valid
 Time taken: 22.80 seconds
SAT

=> TOTAL COMPLETION TIME (Makespan / UB): 745
Schedule is valid
 Time taken: 22.81 seconds
SAT

=> TOTAL COMPLETION TIME (Makespan / UB): 744
Schedule is valid
 Time taken: 25.94 seconds
SAT

=> TOTAL COMPLETION TIME (Makespan / UB): 743
Schedule is valid
 Time taken: 26.21 seconds
SAT

=> TOTAL COMPLETION TIME (Makespan / UB): 742
Schedule is valid
 Time taken: 26.23 seconds
SAT

=> TOTAL COMPLETION TIME (Makespan / UB): 741
Schedule is valid
 Time taken: 26.24 seconds
SAT

=> TOTAL COMPLETION TIME (Makespan / UB): 740
Schedule is valid
 Time taken: 26.24 seconds
SAT

=> TOTAL COMPLETION TIME (Makespan / UB): 739
Schedule is valid
 Time taken: 26.25 seconds
SAT

=> TOTAL COMPLETION TIME (Makespan / UB): 738
Schedule is valid
 Time taken: 26.26 seconds
SAT

=> TOTAL COMPLETION TIME (Makespan / UB): 737
Schedule is valid
 Time taken: 26.26 seconds
SAT

=> TOTAL COMPLETION TIME (Makespan / UB): 736
Schedule is valid
 Time taken: 26.27 seconds
SAT

=> TOTAL COMPLETION TIME (Makespan / UB): 735
Schedule is valid
 Time taken: 26.52 seconds
SAT

=> TOTAL COMPLETION TIME (Makespan / UB): 734
Schedule is valid
 Time taken: 28.19 seconds
SAT

=> TOTAL COMPLETION TIME (Makespan / UB): 733
Schedule is valid
 Time taken: 28.51 seconds
SAT

=> TOTAL COMPLETION TIME (Makespan / UB): 732
Schedule is valid
 Time taken: 28.65 seconds
SAT

=> TOTAL COMPLETION TIME (Makespan / UB): 731
Schedule is valid
 Time taken: 29.17 seconds
SAT

=> TOTAL COMPLETION TIME (Makespan / UB): 730
Schedule is valid
 Time taken: 29.37 seconds
SAT

=> TOTAL COMPLETION TIME (Makespan / UB): 729
Schedule is valid
 Time taken: 29.61 seconds
SAT

=> TOTAL COMPLETION TIME (Makespan / UB): 728
Schedule is valid
 Time taken: 29.92 seconds
[runlim] sample:		29.99 time, 30.01 real, 507 MB, 0.52 load
SAT

=> TOTAL COMPLETION TIME (Makespan / UB): 727
Schedule is valid
 Time taken: 30.12 seconds
SAT

=> TOTAL COMPLETION TIME (Makespan / UB): 726
Schedule is valid
 Time taken: 30.34 seconds
SAT

=> TOTAL COMPLETION TIME (Makespan / UB): 725
Schedule is valid
 Time taken: 30.52 seconds
SAT

=> TOTAL COMPLETION TIME (Makespan / UB): 724
Schedule is valid
 Time taken: 31.01 seconds
SAT

=> TOTAL COMPLETION TIME (Makespan / UB): 723
Schedule is valid
 Time taken: 31.19 seconds
SAT

=> TOTAL COMPLETION TIME (Makespan / UB): 722
Schedule is valid
 Time taken: 31.39 seconds
SAT

=> TOTAL COMPLETION TIME (Makespan / UB): 721
Schedule is valid
 Time taken: 31.59 seconds
SAT

=> TOTAL COMPLETION TIME (Makespan / UB): 720
Schedule is valid
 Time taken: 32.53 seconds
SAT

=> TOTAL COMPLETION TIME (Makespan / UB): 719
Schedule is valid
 Time taken: 32.80 seconds
SAT

=> TOTAL COMPLETION TIME (Makespan / UB): 718
Schedule is valid
 Time taken: 33.23 seconds
SAT

=> TOTAL COMPLETION TIME (Makespan / UB): 717
Schedule is valid
 Time taken: 33.46 seconds
SAT

=> TOTAL COMPLETION TIME (Makespan / UB): 716
Schedule is valid
 Time taken: 35.75 seconds
SAT

=> TOTAL COMPLETION TIME (Makespan / UB): 715
Schedule is valid
 Time taken: 36.92 seconds
SAT

=> TOTAL COMPLETION TIME (Makespan / UB): 714
Schedule is valid
 Time taken: 37.16 seconds
SAT

=> TOTAL COMPLETION TIME (Makespan / UB): 713
Schedule is valid
 Time taken: 37.17 seconds
SAT

=> TOTAL COMPLETION TIME (Makespan / UB): 712
Schedule is valid
 Time taken: 37.39 seconds
SAT

=> TOTAL COMPLETION TIME (Makespan / UB): 711
Schedule is valid
 Time taken: 37.40 seconds
SAT

=> TOTAL COMPLETION TIME (Makespan / UB): 710
Schedule is valid
 Time taken: 37.95 seconds
SAT

=> TOTAL COMPLETION TIME (Makespan / UB): 709
Schedule is valid
 Time taken: 39.64 seconds
[runlim] sample:		40.00 time, 40.01 real, 499 MB, 0.59 load
SAT

=> TOTAL COMPLETION TIME (Makespan / UB): 708
Schedule is valid
 Time taken: 40.74 seconds
SAT

=> TOTAL COMPLETION TIME (Makespan / UB): 707
Schedule is valid
 Time taken: 40.97 seconds
SAT

=> TOTAL COMPLETION TIME (Makespan / UB): 706
Schedule is valid
 Time taken: 41.25 seconds
SAT

=> TOTAL COMPLETION TIME (Makespan / UB): 705
Schedule is valid
 Time taken: 41.46 seconds
SAT

=> TOTAL COMPLETION TIME (Makespan / UB): 704
Schedule is valid
 Time taken: 42.53 seconds
SAT

=> TOTAL COMPLETION TIME (Makespan / UB): 703
Schedule is valid
 Time taken: 42.54 seconds
SAT

=> TOTAL COMPLETION TIME (Makespan / UB): 702
Schedule is valid
 Time taken: 45.69 seconds
SAT

=> TOTAL COMPLETION TIME (Makespan / UB): 701
Schedule is valid
 Time taken: 47.41 seconds
SAT

=> TOTAL COMPLETION TIME (Makespan / UB): 700
Schedule is valid
 Time taken: 47.69 seconds
SAT

=> TOTAL COMPLETION TIME (Makespan / UB): 699
Schedule is valid
 Time taken: 47.84 seconds
SAT

=> TOTAL COMPLETION TIME (Makespan / UB): 698
Schedule is valid
 Time taken: 48.04 seconds
SAT

=> TOTAL COMPLETION TIME (Makespan / UB): 697
Schedule is valid
 Time taken: 48.31 seconds
SAT

=> TOTAL COMPLETION TIME (Makespan / UB): 696
Schedule is valid
 Time taken: 48.51 seconds
SAT

=> TOTAL COMPLETION TIME (Makespan / UB): 695
Schedule is valid
 Time taken: 49.02 seconds
SAT

=> TOTAL COMPLETION TIME (Makespan / UB): 694
Schedule is valid
 Time taken: 49.03 seconds
SAT

=> TOTAL COMPLETION TIME (Makespan / UB): 693
Schedule is valid
 Time taken: 49.22 seconds
SAT

=> TOTAL COMPLETION TIME (Makespan / UB): 692
Schedule is valid
 Time taken: 49.97 seconds
[runlim] sample:		49.99 time, 50.01 real, 475 MB, 0.65 load
SAT

=> TOTAL COMPLETION TIME (Makespan / UB): 691
Schedule is valid
 Time taken: 50.99 seconds
SAT

=> TOTAL COMPLETION TIME (Makespan / UB): 690
Schedule is valid
 Time taken: 51.24 seconds
SAT

=> TOTAL COMPLETION TIME (Makespan / UB): 689
Schedule is valid
 Time taken: 51.67 seconds
SAT

=> TOTAL COMPLETION TIME (Makespan / UB): 688
Schedule is valid
 Time taken: 51.95 seconds
SAT

=> TOTAL COMPLETION TIME (Makespan / UB): 687
Schedule is valid
 Time taken: 54.20 seconds
SAT

=> TOTAL COMPLETION TIME (Makespan / UB): 686
Schedule is valid
 Time taken: 57.76 seconds
SAT

=> TOTAL COMPLETION TIME (Makespan / UB): 685
Schedule is valid
 Time taken: 58.18 seconds
SAT

=> TOTAL COMPLETION TIME (Makespan / UB): 684
Schedule is valid
 Time taken: 58.70 seconds
SAT

=> TOTAL COMPLETION TIME (Makespan / UB): 683
Schedule is valid
 Time taken: 58.71 seconds
SAT

=> TOTAL COMPLETION TIME (Makespan / UB): 682
Schedule is valid
 Time taken: 58.71 seconds
SAT

=> TOTAL COMPLETION TIME (Makespan / UB): 681
Schedule is valid
 Time taken: 58.99 seconds
SAT

=> TOTAL COMPLETION TIME (Makespan / UB): 680
Schedule is valid
 Time taken: 59.93 seconds
[runlim] sample:		59.99 time, 60.01 real, 441 MB, 0.71 load
SAT

=> TOTAL COMPLETION TIME (Makespan / UB): 679
Schedule is valid
 Time taken: 60.21 seconds
SAT

=> TOTAL COMPLETION TIME (Makespan / UB): 678
Schedule is valid
 Time taken: 60.48 seconds
SAT

=> TOTAL COMPLETION TIME (Makespan / UB): 677
Schedule is valid
 Time taken: 60.48 seconds
SAT

=> TOTAL COMPLETION TIME (Makespan / UB): 676
Schedule is valid
 Time taken: 60.49 seconds
SAT

=> TOTAL COMPLETION TIME (Makespan / UB): 675
Schedule is valid
 Time taken: 60.49 seconds
SAT

=> TOTAL COMPLETION TIME (Makespan / UB): 674
Schedule is valid
 Time taken: 61.56 seconds
SAT

=> TOTAL COMPLETION TIME (Makespan / UB): 673
Schedule is valid
 Time taken: 63.72 seconds
SAT

=> TOTAL COMPLETION TIME (Makespan / UB): 672
Schedule is valid
 Time taken: 65.42 seconds
SAT

=> TOTAL COMPLETION TIME (Makespan / UB): 671
Schedule is valid
 Time taken: 66.76 seconds
[runlim] sample:		69.99 time, 70.01 real, 435 MB, 0.75 load
SAT

=> TOTAL COMPLETION TIME (Makespan / UB): 670
Schedule is valid
 Time taken: 70.49 seconds
SAT

=> TOTAL COMPLETION TIME (Makespan / UB): 669
Schedule is valid
 Time taken: 72.68 seconds
SAT

=> TOTAL COMPLETION TIME (Makespan / UB): 668
Schedule is valid
 Time taken: 78.75 seconds
SAT

=> TOTAL COMPLETION TIME (Makespan / UB): 667
Schedule is valid
 Time taken: 79.85 seconds
[runlim] sample:		79.99 time, 80.01 real, 433 MB, 1.01 load
SAT

=> TOTAL COMPLETION TIME (Makespan / UB): 666
Schedule is valid
 Time taken: 80.22 seconds
SAT

=> TOTAL COMPLETION TIME (Makespan / UB): 665
Schedule is valid
 Time taken: 82.14 seconds
SAT

=> TOTAL COMPLETION TIME (Makespan / UB): 664
Schedule is valid
 Time taken: 83.51 seconds
SAT

=> TOTAL COMPLETION TIME (Makespan / UB): 663
Schedule is valid
 Time taken: 88.07 seconds
[runlim] sample:		90.00 time, 90.01 real, 431 MB, 1.01 load
SAT

=> TOTAL COMPLETION TIME (Makespan / UB): 662
Schedule is valid
 Time taken: 90.45 seconds
SAT

=> TOTAL COMPLETION TIME (Makespan / UB): 661
Schedule is valid
 Time taken: 97.21 seconds
SAT

=> TOTAL COMPLETION TIME (Makespan / UB): 660
Schedule is valid
 Time taken: 98.64 seconds
[runlim] sample:		99.99 time, 100.01 real, 432 MB, 1.08 load
SAT

=> TOTAL COMPLETION TIME (Makespan / UB): 659
Schedule is valid
 Time taken: 100.26 seconds
SAT

=> TOTAL COMPLETION TIME (Makespan / UB): 658
Schedule is valid
 Time taken: 101.66 seconds
SAT

=> TOTAL COMPLETION TIME (Makespan / UB): 657
Schedule is valid
 Time taken: 102.71 seconds
[runlim] sample:		109.99 time, 110.01 real, 429 MB, 1.07 load
[runlim] sample:		119.99 time, 120.01 real, 432 MB, 1.46 load
[runlim] sample:		129.99 time, 130.01 real, 477 MB, 1.39 load
SAT

=> TOTAL COMPLETION TIME (Makespan / UB): 656
Schedule is valid
 Time taken: 131.23 seconds
SAT

=> TOTAL COMPLETION TIME (Makespan / UB): 655
Schedule is valid
 Time taken: 139.24 seconds
[runlim] sample:		139.99 time, 140.01 real, 432 MB, 1.33 load
SAT

=> TOTAL COMPLETION TIME (Makespan / UB): 654
Schedule is valid
 Time taken: 146.08 seconds
SAT

=> TOTAL COMPLETION TIME (Makespan / UB): 653
Schedule is valid
 Time taken: 148.66 seconds
[runlim] sample:		149.99 time, 150.01 real, 431 MB, 1.28 load
SAT

=> TOTAL COMPLETION TIME (Makespan / UB): 652
Schedule is valid
 Time taken: 152.08 seconds
[runlim] sample:		159.99 time, 160.01 real, 434 MB, 1.23 load
SAT

=> TOTAL COMPLETION TIME (Makespan / UB): 651
Schedule is valid
 Time taken: 160.96 seconds
SAT

=> TOTAL COMPLETION TIME (Makespan / UB): 650
Schedule is valid
 Time taken: 163.54 seconds
SAT

=> TOTAL COMPLETION TIME (Makespan / UB): 649
Schedule is valid
 Time taken: 169.71 seconds
[runlim] sample:		169.99 time, 170.01 real, 433 MB, 1.20 load
SAT

=> TOTAL COMPLETION TIME (Makespan / UB): 648
Schedule is valid
 Time taken: 179.89 seconds
[runlim] sample:		179.99 time, 180.01 real, 440 MB, 1.17 load
[runlim] sample:		189.98 time, 190.01 real, 434 MB, 1.14 load
[runlim] sample:		199.98 time, 200.01 real, 437 MB, 1.12 load
[runlim] sample:		209.99 time, 210.01 real, 431 MB, 1.10 load
SAT

=> TOTAL COMPLETION TIME (Makespan / UB): 647
Schedule is valid
 Time taken: 217.75 seconds
[runlim] sample:		219.99 time, 220.01 real, 458 MB, 1.08 load
SAT

=> TOTAL COMPLETION TIME (Makespan / UB): 646
Schedule is valid
 Time taken: 225.43 seconds
[runlim] sample:		229.99 time, 230.01 real, 459 MB, 1.07 load
SAT

=> TOTAL COMPLETION TIME (Makespan / UB): 645
Schedule is valid
 Time taken: 234.45 seconds
SAT

=> TOTAL COMPLETION TIME (Makespan / UB): 644
Schedule is valid
 Time taken: 236.00 seconds
SAT

=> TOTAL COMPLETION TIME (Makespan / UB): 643
Schedule is valid
 Time taken: 238.88 seconds
[runlim] sample:		239.99 time, 240.01 real, 457 MB, 1.06 load
SAT

=> TOTAL COMPLETION TIME (Makespan / UB): 642
Schedule is valid
 Time taken: 240.33 seconds
[runlim] sample:		249.98 time, 250.01 real, 413 MB, 1.05 load
SAT

=> TOTAL COMPLETION TIME (Makespan / UB): 641
Schedule is valid
 Time taken: 252.20 seconds
SAT

=> TOTAL COMPLETION TIME (Makespan / UB): 640
Schedule is valid
 Time taken: 255.07 seconds
[runlim] sample:		259.98 time, 260.01 real, 430 MB, 1.04 load
SAT

=> TOTAL COMPLETION TIME (Makespan / UB): 639
Schedule is valid
 Time taken: 264.67 seconds
SAT

=> TOTAL COMPLETION TIME (Makespan / UB): 638
Schedule is valid
 Time taken: 267.27 seconds
SAT

=> TOTAL COMPLETION TIME (Makespan / UB): 637
Schedule is valid
 Time taken: 269.00 seconds
[runlim] sample:		269.98 time, 270.01 real, 428 MB, 1.04 load
SAT

=> TOTAL COMPLETION TIME (Makespan / UB): 636
Schedule is valid
 Time taken: 272.22 seconds
[runlim] sample:		279.98 time, 280.01 real, 427 MB, 1.03 load
SAT

=> TOTAL COMPLETION TIME (Makespan / UB): 635
Schedule is valid
 Time taken: 281.74 seconds
[runlim] sample:		289.98 time, 290.01 real, 475 MB, 1.02 load
SAT

=> TOTAL COMPLETION TIME (Makespan / UB): 634
Schedule is valid
 Time taken: 295.57 seconds
[runlim] sample:		299.98 time, 300.01 real, 523 MB, 1.02 load
[runlim] sample:		309.98 time, 310.01 real, 462 MB, 1.02 load
[runlim] sample:		319.98 time, 320.01 real, 454 MB, 1.01 load
[runlim] sample:		329.97 time, 330.01 real, 475 MB, 1.01 load
[runlim] sample:		339.98 time, 340.01 real, 471 MB, 1.01 load
[runlim] sample:		349.98 time, 350.01 real, 478 MB, 1.01 load
[runlim] sample:		359.98 time, 360.01 real, 478 MB, 1.01 load
[runlim] sample:		369.98 time, 370.01 real, 477 MB, 1.00 load
[runlim] sample:		379.97 time, 380.01 real, 472 MB, 1.00 load
[runlim] sample:		389.98 time, 390.01 real, 468 MB, 1.00 load
[runlim] sample:		399.97 time, 400.01 real, 469 MB, 1.00 load
[runlim] sample:		409.97 time, 410.01 real, 470 MB, 1.00 load
[runlim] sample:		419.97 time, 420.01 real, 470 MB, 1.00 load
[runlim] sample:		429.97 time, 430.01 real, 472 MB, 1.00 load
[runlim] sample:		439.97 time, 440.01 real, 472 MB, 1.00 load
SAT

=> TOTAL COMPLETION TIME (Makespan / UB): 633
Schedule is valid
 Time taken: 448.88 seconds
[runlim] sample:		449.97 time, 450.01 real, 479 MB, 1.00 load
[runlim] sample:		459.97 time, 460.01 real, 476 MB, 1.00 load
[runlim] sample:		469.97 time, 470.01 real, 475 MB, 1.00 load
[runlim] sample:		479.97 time, 480.01 real, 471 MB, 1.00 load
[runlim] sample:		489.97 time, 490.01 real, 471 MB, 1.00 load
[runlim] sample:		499.97 time, 500.01 real, 479 MB, 1.00 load
[runlim] sample:		509.97 time, 510.01 real, 479 MB, 1.00 load
[runlim] sample:		519.97 time, 520.01 real, 479 MB, 1.00 load
[runlim] sample:		529.96 time, 530.01 real, 475 MB, 1.00 load
[runlim] sample:		539.97 time, 540.01 real, 471 MB, 1.00 load
[runlim] sample:		549.97 time, 550.01 real, 471 MB, 1.00 load
[runlim] sample:		559.97 time, 560.01 real, 472 MB, 1.00 load
[runlim] sample:		569.96 time, 570.01 real, 473 MB, 1.00 load
[runlim] sample:		579.97 time, 580.01 real, 474 MB, 1.00 load
[runlim] sample:		589.97 time, 590.01 real, 474 MB, 1.00 load
[runlim] sample:		599.96 time, 600.01 real, 483 MB, 1.00 load
[runlim] sample:		609.96 time, 610.01 real, 483 MB, 1.00 load
[runlim] sample:		619.96 time, 620.01 real, 483 MB, 1.00 load
[runlim] sample:		629.96 time, 630.01 real, 483 MB, 1.00 load
[runlim] sample:		639.96 time, 640.01 real, 483 MB, 1.00 load
[runlim] sample:		649.96 time, 650.01 real, 483 MB, 1.00 load
[runlim] sample:		659.96 time, 660.01 real, 481 MB, 1.00 load
[runlim] sample:		669.96 time, 670.01 real, 481 MB, 1.00 load
[runlim] sample:		679.96 time, 680.01 real, 482 MB, 1.00 load
SAT

=> TOTAL COMPLETION TIME (Makespan / UB): 632
Schedule is valid
 Time taken: 687.42 seconds
[runlim] sample:		689.96 time, 690.01 real, 482 MB, 1.00 load
[runlim] sample:		699.96 time, 700.01 real, 481 MB, 1.00 load
[runlim] sample:		709.96 time, 710.01 real, 480 MB, 1.00 load
[runlim] sample:		719.95 time, 720.01 real, 474 MB, 1.00 load
[runlim] sample:		729.95 time, 730.01 real, 474 MB, 1.00 load
[runlim] sample:		739.95 time, 740.01 real, 480 MB, 1.00 load
[runlim] sample:		749.95 time, 750.01 real, 480 MB, 1.00 load
[runlim] sample:		759.95 time, 760.01 real, 481 MB, 1.00 load
[runlim] sample:		769.95 time, 770.01 real, 476 MB, 1.00 load
[runlim] sample:		779.95 time, 780.01 real, 476 MB, 1.00 load
[runlim] sample:		789.95 time, 790.01 real, 475 MB, 1.00 load
[runlim] sample:		799.95 time, 800.01 real, 476 MB, 1.00 load
[runlim] sample:		809.95 time, 810.01 real, 476 MB, 1.00 load
[runlim] sample:		819.95 time, 820.01 real, 477 MB, 1.00 load
[runlim] sample:		829.95 time, 830.01 real, 477 MB, 1.00 load
[runlim] sample:		839.94 time, 840.01 real, 484 MB, 1.00 load
[runlim] sample:		849.94 time, 850.01 real, 484 MB, 1.00 load
[runlim] sample:		859.95 time, 860.01 real, 487 MB, 1.00 load
[runlim] sample:		869.95 time, 870.01 real, 487 MB, 1.00 load
[runlim] sample:		879.95 time, 880.01 real, 487 MB, 1.00 load
[runlim] sample:		889.94 time, 890.01 real, 491 MB, 1.00 load
[runlim] sample:		899.95 time, 900.01 real, 491 MB, 1.00 load
[runlim] sample:		909.95 time, 910.01 real, 491 MB, 1.00 load
[runlim] sample:		919.94 time, 920.01 real, 491 MB, 1.00 load
[runlim] sample:		929.94 time, 930.01 real, 491 MB, 1.00 load
[runlim] sample:		939.94 time, 940.01 real, 492 MB, 1.00 load
[runlim] sample:		949.94 time, 950.01 real, 492 MB, 1.00 load
[runlim] sample:		959.94 time, 960.01 real, 486 MB, 1.00 load
[runlim] sample:		969.94 time, 970.01 real, 486 MB, 1.00 load
[runlim] sample:		979.94 time, 980.01 real, 486 MB, 1.00 load
[runlim] sample:		989.94 time, 990.01 real, 489 MB, 1.00 load
SAT

=> TOTAL COMPLETION TIME (Makespan / UB): 631
Schedule is valid
 Time taken: 996.42 seconds
[runlim] sample:		999.94 time, 1000.01 real, 489 MB, 1.00 load
[runlim] sample:		1009.94 time, 1010.01 real, 486 MB, 1.00 load
[runlim] sample:		1019.94 time, 1020.01 real, 486 MB, 1.00 load
[runlim] sample:		1029.93 time, 1030.01 real, 475 MB, 1.00 load
[runlim] sample:		1039.94 time, 1040.01 real, 486 MB, 1.00 load
[runlim] sample:		1049.94 time, 1050.01 real, 486 MB, 1.00 load
[runlim] sample:		1059.94 time, 1060.01 real, 486 MB, 1.00 load
[runlim] sample:		1069.94 time, 1070.01 real, 489 MB, 1.00 load
[runlim] sample:		1079.94 time, 1080.01 real, 561 MB, 1.00 load
[runlim] sample:		1089.94 time, 1090.01 real, 480 MB, 1.00 load
[runlim] sample:		1099.93 time, 1100.01 real, 479 MB, 1.00 load
[runlim] sample:		1109.93 time, 1110.01 real, 479 MB, 1.00 load
[runlim] sample:		1119.93 time, 1120.01 real, 479 MB, 1.00 load
[runlim] sample:		1129.93 time, 1130.01 real, 479 MB, 1.00 load
[runlim] sample:		1139.93 time, 1140.01 real, 484 MB, 1.00 load
[runlim] sample:		1149.93 time, 1150.01 real, 484 MB, 1.07 load
[runlim] sample:		1159.93 time, 1160.01 real, 484 MB, 1.06 load
[runlim] sample:		1169.93 time, 1170.01 real, 493 MB, 1.05 load
[runlim] sample:		1179.93 time, 1180.01 real, 493 MB, 1.04 load
[runlim] sample:		1189.93 time, 1190.01 real, 495 MB, 1.04 load
[runlim] sample:		1199.92 time, 1200.01 real, 495 MB, 1.03 load
[runlim] sample:		1209.92 time, 1210.01 real, 495 MB, 1.02 load
[runlim] sample:		1219.93 time, 1220.01 real, 495 MB, 1.10 load
[runlim] sample:		1229.92 time, 1230.01 real, 495 MB, 1.08 load
[runlim] sample:		1239.92 time, 1240.01 real, 495 MB, 1.07 load
[runlim] sample:		1249.92 time, 1250.01 real, 493 MB, 1.06 load
[runlim] sample:		1259.92 time, 1260.01 real, 493 MB, 1.05 load
[runlim] sample:		1269.93 time, 1270.01 real, 494 MB, 1.04 load
[runlim] sample:		1279.92 time, 1280.01 real, 494 MB, 1.04 load
[runlim] sample:		1289.92 time, 1290.01 real, 494 MB, 1.03 load
[runlim] sample:		1299.93 time, 1300.01 real, 494 MB, 1.02 load
[runlim] sample:		1309.92 time, 1310.01 real, 494 MB, 1.02 load
[runlim] sample:		1319.92 time, 1320.01 real, 489 MB, 1.02 load
[runlim] sample:		1329.92 time, 1330.01 real, 489 MB, 1.57 load
[runlim] sample:		1339.92 time, 1340.01 real, 480 MB, 1.49 load
[runlim] sample:		1349.91 time, 1350.01 real, 480 MB, 1.48 load
[runlim] sample:		1359.91 time, 1360.01 real, 482 MB, 1.41 load
[runlim] sample:		1369.91 time, 1370.01 real, 482 MB, 1.35 load
[runlim] sample:		1379.91 time, 1380.01 real, 483 MB, 1.29 load
[runlim] sample:		1389.91 time, 1390.01 real, 483 MB, 1.25 load
[runlim] sample:		1399.91 time, 1400.01 real, 483 MB, 1.21 load
[runlim] sample:		1409.91 time, 1410.01 real, 484 MB, 1.18 load
[runlim] sample:		1419.91 time, 1420.01 real, 484 MB, 1.15 load
[runlim] sample:		1429.91 time, 1430.01 real, 484 MB, 1.12 load
[runlim] sample:		1439.91 time, 1440.01 real, 484 MB, 1.11 load
[runlim] sample:		1449.91 time, 1450.01 real, 485 MB, 1.09 load
[runlim] sample:		1459.91 time, 1460.01 real, 485 MB, 1.07 load
[runlim] sample:		1469.91 time, 1470.01 real, 485 MB, 1.06 load
[runlim] sample:		1479.91 time, 1480.01 real, 486 MB, 1.05 load
[runlim] sample:		1489.91 time, 1490.01 real, 486 MB, 1.04 load
[runlim] sample:		1499.91 time, 1500.01 real, 486 MB, 1.04 load
[runlim] sample:		1509.91 time, 1510.01 real, 487 MB, 1.03 load
[runlim] sample:		1519.91 time, 1520.01 real, 487 MB, 1.03 load
[runlim] sample:		1529.90 time, 1530.01 real, 488 MB, 1.02 load
[runlim] sample:		1539.91 time, 1540.01 real, 488 MB, 1.02 load
[runlim] sample:		1549.91 time, 1550.01 real, 488 MB, 1.01 load
[runlim] sample:		1559.90 time, 1560.01 real, 488 MB, 1.01 load
[runlim] sample:		1569.90 time, 1570.01 real, 488 MB, 1.01 load
[runlim] sample:		1579.90 time, 1580.01 real, 489 MB, 1.01 load
[runlim] sample:		1589.90 time, 1590.01 real, 489 MB, 1.01 load
[runlim] sample:		1599.90 time, 1600.01 real, 489 MB, 1.00 load
[runlim] sample:		1609.90 time, 1610.01 real, 489 MB, 1.00 load
[runlim] sample:		1619.90 time, 1620.01 real, 489 MB, 1.00 load
[runlim] sample:		1629.89 time, 1630.01 real, 489 MB, 1.00 load
[runlim] sample:		1639.89 time, 1640.01 real, 498 MB, 1.00 load
[runlim] sample:		1649.89 time, 1650.01 real, 498 MB, 1.00 load
[runlim] sample:		1659.89 time, 1660.01 real, 498 MB, 1.00 load
[runlim] sample:		1669.89 time, 1670.01 real, 498 MB, 1.00 load
[runlim] sample:		1679.89 time, 1680.01 real, 498 MB, 1.00 load
SAT

=> TOTAL COMPLETION TIME (Makespan / UB): 630
Schedule is valid
 Time taken: 1683.79 seconds
[runlim] sample:		1689.89 time, 1690.01 real, 498 MB, 1.00 load
[runlim] sample:		1699.89 time, 1700.01 real, 496 MB, 1.00 load
[runlim] sample:		1709.89 time, 1710.01 real, 496 MB, 1.00 load
[runlim] sample:		1719.89 time, 1720.01 real, 496 MB, 1.00 load
[runlim] sample:		1729.89 time, 1730.01 real, 490 MB, 1.00 load
[runlim] sample:		1739.89 time, 1740.01 real, 490 MB, 1.00 load
[runlim] sample:		1749.89 time, 1750.01 real, 490 MB, 1.00 load
[runlim] sample:		1759.89 time, 1760.01 real, 496 MB, 1.00 load
[runlim] sample:		1769.89 time, 1770.01 real, 496 MB, 1.00 load
[runlim] sample:		1779.89 time, 1780.01 real, 490 MB, 1.00 load
[runlim] sample:		1789.88 time, 1790.01 real, 490 MB, 1.00 load
[runlim] sample:		1799.88 time, 1800.01 real, 490 MB, 1.00 load
[runlim] sample:		1809.88 time, 1810.01 real, 488 MB, 1.00 load
[runlim] sample:		1819.88 time, 1820.01 real, 488 MB, 1.00 load
[runlim] sample:		1829.88 time, 1830.01 real, 488 MB, 1.00 load
[runlim] sample:		1839.88 time, 1840.01 real, 489 MB, 1.00 load
[runlim] sample:		1849.88 time, 1850.01 real, 489 MB, 1.07 load
[runlim] sample:		1859.88 time, 1860.01 real, 489 MB, 1.06 load
[runlim] sample:		1869.88 time, 1870.01 real, 498 MB, 1.05 load
[runlim] sample:		1879.88 time, 1880.01 real, 498 MB, 1.04 load
[runlim] sample:		1889.88 time, 1890.01 real, 498 MB, 1.04 load
[runlim] sample:		1899.88 time, 1900.01 real, 499 MB, 1.03 load
[runlim] sample:		1909.88 time, 1910.01 real, 499 MB, 1.02 load
[runlim] sample:		1919.88 time, 1920.01 real, 499 MB, 1.02 load
[runlim] sample:		1929.88 time, 1930.01 real, 499 MB, 1.02 load
[runlim] sample:		1939.88 time, 1940.01 real, 504 MB, 1.01 load
[runlim] sample:		1949.88 time, 1950.01 real, 504 MB, 1.01 load
[runlim] sample:		1959.88 time, 1960.01 real, 504 MB, 1.01 load
[runlim] sample:		1969.88 time, 1970.01 real, 504 MB, 1.01 load
