[runlim] version:		2.0.0rc12
[runlim] host:			fjssp-instance1
[runlim] time limit:		311040000 seconds
[runlim] real time limit:	10800 seconds
[runlim] space limit:		14000 MB
[runlim] argv[0]:		python3
[runlim] argv[1]:		-u
[runlim] argv[2]:		temp.py
[runlim] argv[3]:		datasets/brandimarte/MK06
[runlim] start:			Fri Jul 17 08:17:21 2026
[runlim] child:			65654
Operations: 150, Edges: 140, Machines: 15
Greedy Schedule UB: 77
Building constraints took 0.54 seconds.
SAT

=> TOTAL COMPLETION TIME (Makespan / UB): 76
Schedule is valid
 Time taken: 0.70 seconds
SAT

=> TOTAL COMPLETION TIME (Makespan / UB): 75
Schedule is valid
 Time taken: 0.73 seconds
SAT

=> TOTAL COMPLETION TIME (Makespan / UB): 74
Schedule is valid
 Time taken: 1.16 seconds
SAT

=> TOTAL COMPLETION TIME (Makespan / UB): 73
Schedule is valid
 Time taken: 1.24 seconds
SAT

=> TOTAL COMPLETION TIME (Makespan / UB): 72
Schedule is valid
 Time taken: 2.39 seconds
SAT

=> TOTAL COMPLETION TIME (Makespan / UB): 71
Schedule is valid
 Time taken: 2.48 seconds
SAT

=> TOTAL COMPLETION TIME (Makespan / UB): 70
Schedule is valid
 Time taken: 2.60 seconds
SAT

=> TOTAL COMPLETION TIME (Makespan / UB): 69
Schedule is valid
 Time taken: 2.67 seconds
SAT

=> TOTAL COMPLETION TIME (Makespan / UB): 68
Schedule is valid
 Time taken: 2.95 seconds
SAT

=> TOTAL COMPLETION TIME (Makespan / UB): 67
Schedule is valid
 Time taken: 3.01 seconds
SAT

=> TOTAL COMPLETION TIME (Makespan / UB): 66
Schedule is valid
 Time taken: 3.38 seconds
SAT

=> TOTAL COMPLETION TIME (Makespan / UB): 65
Schedule is valid
 Time taken: 3.46 seconds
SAT

=> TOTAL COMPLETION TIME (Makespan / UB): 64
Schedule is valid
 Time taken: 3.58 seconds
SAT

=> TOTAL COMPLETION TIME (Makespan / UB): 63
Schedule is valid
 Time taken: 4.66 seconds
SAT

=> TOTAL COMPLETION TIME (Makespan / UB): 62
Schedule is valid
 Time taken: 4.98 seconds
SAT

=> TOTAL COMPLETION TIME (Makespan / UB): 61
Schedule is valid
 Time taken: 7.33 seconds
[runlim] sample:		10.00 time, 10.01 real, 133 MB, 1.00 load
SAT

=> TOTAL COMPLETION TIME (Makespan / UB): 60
Schedule is valid
 Time taken: 10.32 seconds
SAT

=> TOTAL COMPLETION TIME (Makespan / UB): 59
Schedule is valid
 Time taken: 10.65 seconds
[runlim] sample:		19.99 time, 20.01 real, 133 MB, 1.00 load
SAT

=> TOTAL COMPLETION TIME (Makespan / UB): 58
Schedule is valid
 Time taken: 22.81 seconds
[runlim] sample:		29.99 time, 30.01 real, 133 MB, 1.00 load
[runlim] sample:		39.99 time, 40.01 real, 136 MB, 1.00 load
[runlim] sample:		49.99 time, 50.01 real, 136 MB, 1.00 load
[runlim] sample:		59.99 time, 60.01 real, 136 MB, 1.00 load
[runlim] sample:		69.99 time, 70.01 real, 138 MB, 1.00 load
[runlim] sample:		79.99 time, 80.01 real, 142 MB, 1.00 load
[runlim] sample:		89.99 time, 90.01 real, 109 MB, 1.00 load
[runlim] sample:		99.99 time, 100.01 real, 127 MB, 1.00 load
[runlim] sample:		109.99 time, 110.01 real, 142 MB, 1.00 load
[runlim] sample:		119.99 time, 120.01 real, 148 MB, 1.00 load
[runlim] sample:		129.99 time, 130.01 real, 148 MB, 1.00 load
[runlim] sample:		139.99 time, 140.01 real, 148 MB, 1.00 load
[runlim] sample:		149.99 time, 150.01 real, 148 MB, 1.00 load
[runlim] sample:		159.98 time, 160.01 real, 148 MB, 1.00 load
[runlim] sample:		169.98 time, 170.01 real, 148 MB, 1.00 load
[runlim] sample:		179.98 time, 180.01 real, 148 MB, 1.00 load
[runlim] sample:		189.98 time, 190.01 real, 109 MB, 1.00 load
[runlim] sample:		199.98 time, 200.01 real, 151 MB, 1.00 load
[runlim] sample:		209.98 time, 210.01 real, 151 MB, 1.00 load
[runlim] sample:		219.98 time, 220.01 real, 153 MB, 1.00 load
[runlim] sample:		229.98 time, 230.01 real, 153 MB, 1.00 load
[runlim] sample:		239.98 time, 240.01 real, 110 MB, 1.00 load
[runlim] sample:		249.98 time, 250.01 real, 118 MB, 1.00 load
[runlim] sample:		259.98 time, 260.01 real, 133 MB, 1.00 load
[runlim] sample:		269.97 time, 270.01 real, 136 MB, 1.00 load
[runlim] sample:		279.98 time, 280.01 real, 140 MB, 1.00 load
[runlim] sample:		289.98 time, 290.01 real, 167 MB, 1.00 load
[runlim] sample:		299.98 time, 300.01 real, 140 MB, 1.00 load
[runlim] sample:		309.97 time, 310.01 real, 140 MB, 1.00 load
[runlim] sample:		319.98 time, 320.01 real, 169 MB, 1.00 load
[runlim] sample:		329.98 time, 330.01 real, 169 MB, 1.00 load
[runlim] sample:		339.97 time, 340.01 real, 169 MB, 1.00 load
[runlim] sample:		349.97 time, 350.01 real, 169 MB, 1.00 load
[runlim] sample:		359.98 time, 360.01 real, 169 MB, 1.00 load
[runlim] sample:		369.98 time, 370.01 real, 169 MB, 1.08 load
[runlim] sample:		379.97 time, 380.01 real, 127 MB, 1.07 load
SAT

=> TOTAL COMPLETION TIME (Makespan / UB): 57
Schedule is valid
 Time taken: 381.80 seconds
[runlim] sample:		389.97 time, 390.01 real, 149 MB, 1.06 load
[runlim] sample:		399.97 time, 400.01 real, 149 MB, 1.05 load
[runlim] sample:		409.97 time, 410.01 real, 168 MB, 1.04 load
[runlim] sample:		419.96 time, 420.01 real, 168 MB, 1.03 load
[runlim] sample:		429.96 time, 430.01 real, 168 MB, 1.03 load
[runlim] sample:		439.96 time, 440.01 real, 168 MB, 1.02 load
[runlim] sample:		449.96 time, 450.01 real, 168 MB, 1.02 load
[runlim] sample:		459.96 time, 460.01 real, 168 MB, 1.02 load
[runlim] sample:		469.96 time, 470.01 real, 168 MB, 1.01 load
[runlim] sample:		479.96 time, 480.01 real, 172 MB, 1.01 load
[runlim] sample:		489.96 time, 490.01 real, 172 MB, 1.01 load
[runlim] sample:		499.96 time, 500.01 real, 172 MB, 1.01 load
[runlim] sample:		509.96 time, 510.01 real, 176 MB, 1.00 load
[runlim] sample:		519.96 time, 520.01 real, 176 MB, 1.00 load
[runlim] sample:		529.96 time, 530.01 real, 176 MB, 1.00 load
[runlim] sample:		539.96 time, 540.01 real, 176 MB, 1.00 load
[runlim] sample:		549.96 time, 550.01 real, 176 MB, 1.00 load
[runlim] sample:		559.96 time, 560.01 real, 176 MB, 1.00 load
[runlim] sample:		569.96 time, 570.01 real, 176 MB, 1.00 load
[runlim] sample:		579.95 time, 580.01 real, 176 MB, 1.00 load
[runlim] sample:		589.95 time, 590.01 real, 176 MB, 1.00 load
[runlim] sample:		599.95 time, 600.01 real, 176 MB, 1.07 load
[runlim] sample:		609.96 time, 610.01 real, 176 MB, 1.06 load
[runlim] sample:		619.95 time, 620.01 real, 176 MB, 1.05 load
[runlim] sample:		629.95 time, 630.01 real, 176 MB, 1.04 load
[runlim] sample:		639.95 time, 640.01 real, 176 MB, 1.04 load
[runlim] sample:		649.95 time, 650.01 real, 176 MB, 1.03 load
[runlim] sample:		659.95 time, 660.01 real, 176 MB, 1.02 load
[runlim] sample:		669.95 time, 670.01 real, 176 MB, 1.02 load
[runlim] sample:		679.95 time, 680.01 real, 176 MB, 1.02 load
[runlim] sample:		689.95 time, 690.01 real, 176 MB, 1.01 load
[runlim] sample:		699.95 time, 700.01 real, 176 MB, 1.01 load
[runlim] sample:		709.95 time, 710.01 real, 176 MB, 1.01 load
[runlim] sample:		719.95 time, 720.01 real, 177 MB, 1.09 load
[runlim] sample:		729.94 time, 730.01 real, 177 MB, 1.07 load
[runlim] sample:		739.94 time, 740.01 real, 177 MB, 1.06 load
[runlim] sample:		749.94 time, 750.01 real, 177 MB, 1.05 load
[runlim] sample:		759.94 time, 760.01 real, 178 MB, 1.04 load
[runlim] sample:		769.94 time, 770.01 real, 178 MB, 1.04 load
[runlim] sample:		779.94 time, 780.01 real, 178 MB, 1.03 load
[runlim] sample:		789.94 time, 790.01 real, 178 MB, 1.02 load
[runlim] sample:		799.94 time, 800.01 real, 178 MB, 1.02 load
[runlim] sample:		809.94 time, 810.01 real, 178 MB, 1.02 load
[runlim] sample:		819.94 time, 820.01 real, 124 MB, 1.01 load
[runlim] sample:		829.94 time, 830.01 real, 144 MB, 1.01 load
[runlim] sample:		839.94 time, 840.01 real, 124 MB, 1.01 load
[runlim] sample:		849.94 time, 850.01 real, 153 MB, 1.08 load
[runlim] sample:		859.93 time, 860.01 real, 184 MB, 1.07 load
[runlim] sample:		869.93 time, 870.01 real, 184 MB, 1.06 load
[runlim] sample:		879.93 time, 880.01 real, 184 MB, 1.05 load
[runlim] sample:		889.92 time, 890.01 real, 184 MB, 1.04 load
[runlim] sample:		899.92 time, 900.01 real, 184 MB, 1.03 load
[runlim] sample:		909.92 time, 910.01 real, 184 MB, 1.03 load
[runlim] sample:		919.92 time, 920.01 real, 184 MB, 1.02 load
[runlim] sample:		929.92 time, 930.01 real, 184 MB, 1.02 load
[runlim] sample:		939.92 time, 940.01 real, 184 MB, 1.02 load
[runlim] sample:		949.92 time, 950.01 real, 215 MB, 1.01 load
[runlim] sample:		959.92 time, 960.01 real, 184 MB, 1.01 load
[runlim] sample:		969.92 time, 970.01 real, 187 MB, 1.01 load
[runlim] sample:		979.92 time, 980.01 real, 188 MB, 1.01 load
[runlim] sample:		989.92 time, 990.01 real, 188 MB, 1.00 load
[runlim] sample:		999.92 time, 1000.01 real, 188 MB, 1.00 load
[runlim] sample:		1009.92 time, 1010.01 real, 128 MB, 1.00 load
[runlim] sample:		1019.91 time, 1020.01 real, 128 MB, 1.00 load
[runlim] sample:		1029.91 time, 1030.01 real, 128 MB, 1.00 load
[runlim] sample:		1039.91 time, 1040.01 real, 146 MB, 1.00 load
[runlim] sample:		1049.91 time, 1050.01 real, 145 MB, 1.00 load
[runlim] sample:		1059.91 time, 1060.01 real, 126 MB, 1.00 load
[runlim] sample:		1069.91 time, 1070.01 real, 126 MB, 1.00 load
[runlim] sample:		1079.91 time, 1080.01 real, 159 MB, 1.00 load
[runlim] sample:		1089.91 time, 1090.01 real, 126 MB, 1.00 load
[runlim] sample:		1099.91 time, 1100.01 real, 126 MB, 1.00 load
[runlim] sample:		1109.90 time, 1110.01 real, 147 MB, 1.00 load
[runlim] sample:		1119.90 time, 1120.01 real, 147 MB, 1.00 load
[runlim] sample:		1129.90 time, 1130.01 real, 147 MB, 1.00 load
UNSAT
status: optimal
Time taken: 1136.97 seconds
[runlim] end:			Fri Jul 17 08:36:18 2026
[runlim] status:		ok
[runlim] result:		0
[runlim] children:		1
[runlim] processes:		2
[runlim] real:			1137.01 seconds
[runlim] time:			1136.80 seconds
[runlim] space:			221 MB
[runlim] load:			1.09 maximum
[runlim] samples:		11370
