[runlim] version:		2.0.0rc12
[runlim] host:			ap-Precision-7550
[runlim] time limit:		311040000 seconds
[runlim] real time limit:	1800 seconds
[runlim] space limit:		14000 MB
[runlim] argv[0]:		python3
[runlim] argv[1]:		-u
[runlim] argv[2]:		sm_var.py
[runlim] argv[3]:		datasets/dafjs/DAFJS16
[runlim] start:			Thu Apr 23 04:08:20 2026
[runlim] child:			25555
Operations: 120, Edges: 114, Machines: 10
Greedy Schedule UB: 897
Building constraints took 9.52 seconds.
[runlim] sample:		9.95 time, 10.01 real, 843 MB, 1.32 load
SAT

=> TOTAL COMPLETION TIME (Makespan / UB): 896
Schedule is valid
 Time taken: 10.24 seconds
SAT

=> TOTAL COMPLETION TIME (Makespan / UB): 895
Schedule is valid
 Time taken: 10.27 seconds
SAT

=> TOTAL COMPLETION TIME (Makespan / UB): 894
Schedule is valid
 Time taken: 11.39 seconds
SAT

=> TOTAL COMPLETION TIME (Makespan / UB): 893
Schedule is valid
 Time taken: 11.50 seconds
SAT

=> TOTAL COMPLETION TIME (Makespan / UB): 892
Schedule is valid
 Time taken: 11.51 seconds
SAT

=> TOTAL COMPLETION TIME (Makespan / UB): 891
Schedule is valid
 Time taken: 11.52 seconds
SAT

=> TOTAL COMPLETION TIME (Makespan / UB): 890
Schedule is valid
 Time taken: 11.54 seconds
SAT

=> TOTAL COMPLETION TIME (Makespan / UB): 889
Schedule is valid
 Time taken: 11.55 seconds
SAT

=> TOTAL COMPLETION TIME (Makespan / UB): 888
Schedule is valid
 Time taken: 11.56 seconds
SAT

=> TOTAL COMPLETION TIME (Makespan / UB): 887
Schedule is valid
 Time taken: 11.57 seconds
SAT

=> TOTAL COMPLETION TIME (Makespan / UB): 886
Schedule is valid
 Time taken: 11.65 seconds
SAT

=> TOTAL COMPLETION TIME (Makespan / UB): 885
Schedule is valid
 Time taken: 11.67 seconds
SAT

=> TOTAL COMPLETION TIME (Makespan / UB): 884
Schedule is valid
 Time taken: 11.68 seconds
SAT

=> TOTAL COMPLETION TIME (Makespan / UB): 883
Schedule is valid
 Time taken: 11.69 seconds
SAT

=> TOTAL COMPLETION TIME (Makespan / UB): 882
Schedule is valid
 Time taken: 11.71 seconds
SAT

=> TOTAL COMPLETION TIME (Makespan / UB): 881
Schedule is valid
 Time taken: 11.74 seconds
SAT

=> TOTAL COMPLETION TIME (Makespan / UB): 880
Schedule is valid
 Time taken: 11.75 seconds
SAT

=> TOTAL COMPLETION TIME (Makespan / UB): 879
Schedule is valid
 Time taken: 11.77 seconds
SAT

=> TOTAL COMPLETION TIME (Makespan / UB): 878
Schedule is valid
 Time taken: 11.79 seconds
SAT

=> TOTAL COMPLETION TIME (Makespan / UB): 877
Schedule is valid
 Time taken: 11.81 seconds
SAT

=> TOTAL COMPLETION TIME (Makespan / UB): 876
Schedule is valid
 Time taken: 11.82 seconds
SAT

=> TOTAL COMPLETION TIME (Makespan / UB): 875
Schedule is valid
 Time taken: 11.84 seconds
SAT

=> TOTAL COMPLETION TIME (Makespan / UB): 874
Schedule is valid
 Time taken: 11.85 seconds
SAT

=> TOTAL COMPLETION TIME (Makespan / UB): 873
Schedule is valid
 Time taken: 11.87 seconds
SAT

=> TOTAL COMPLETION TIME (Makespan / UB): 872
Schedule is valid
 Time taken: 11.88 seconds
SAT

=> TOTAL COMPLETION TIME (Makespan / UB): 871
Schedule is valid
 Time taken: 11.90 seconds
SAT

=> TOTAL COMPLETION TIME (Makespan / UB): 870
Schedule is valid
 Time taken: 11.91 seconds
SAT

=> TOTAL COMPLETION TIME (Makespan / UB): 869
Schedule is valid
 Time taken: 11.93 seconds
SAT

=> TOTAL COMPLETION TIME (Makespan / UB): 868
Schedule is valid
 Time taken: 11.95 seconds
SAT

=> TOTAL COMPLETION TIME (Makespan / UB): 867
Schedule is valid
 Time taken: 11.97 seconds
SAT

=> TOTAL COMPLETION TIME (Makespan / UB): 866
Schedule is valid
 Time taken: 11.98 seconds
SAT

=> TOTAL COMPLETION TIME (Makespan / UB): 865
Schedule is valid
 Time taken: 12.00 seconds
SAT

=> TOTAL COMPLETION TIME (Makespan / UB): 864
Schedule is valid
 Time taken: 12.01 seconds
SAT

=> TOTAL COMPLETION TIME (Makespan / UB): 863
Schedule is valid
 Time taken: 12.12 seconds
SAT

=> TOTAL COMPLETION TIME (Makespan / UB): 862
Schedule is valid
 Time taken: 14.49 seconds
SAT

=> TOTAL COMPLETION TIME (Makespan / UB): 861
Schedule is valid
 Time taken: 14.84 seconds
SAT

=> TOTAL COMPLETION TIME (Makespan / UB): 860
Schedule is valid
 Time taken: 14.86 seconds
SAT

=> TOTAL COMPLETION TIME (Makespan / UB): 859
Schedule is valid
 Time taken: 15.80 seconds
SAT

=> TOTAL COMPLETION TIME (Makespan / UB): 858
Schedule is valid
 Time taken: 15.85 seconds
SAT

=> TOTAL COMPLETION TIME (Makespan / UB): 857
Schedule is valid
 Time taken: 15.87 seconds
SAT

=> TOTAL COMPLETION TIME (Makespan / UB): 856
Schedule is valid
 Time taken: 15.89 seconds
SAT

=> TOTAL COMPLETION TIME (Makespan / UB): 855
Schedule is valid
 Time taken: 15.90 seconds
SAT

=> TOTAL COMPLETION TIME (Makespan / UB): 854
Schedule is valid
 Time taken: 15.92 seconds
SAT

=> TOTAL COMPLETION TIME (Makespan / UB): 853
Schedule is valid
 Time taken: 15.94 seconds
SAT

=> TOTAL COMPLETION TIME (Makespan / UB): 852
Schedule is valid
 Time taken: 15.96 seconds
SAT

=> TOTAL COMPLETION TIME (Makespan / UB): 851
Schedule is valid
 Time taken: 15.98 seconds
SAT

=> TOTAL COMPLETION TIME (Makespan / UB): 850
Schedule is valid
 Time taken: 16.00 seconds
SAT

=> TOTAL COMPLETION TIME (Makespan / UB): 849
Schedule is valid
 Time taken: 16.02 seconds
SAT

=> TOTAL COMPLETION TIME (Makespan / UB): 848
Schedule is valid
 Time taken: 16.04 seconds
SAT

=> TOTAL COMPLETION TIME (Makespan / UB): 847
Schedule is valid
 Time taken: 16.06 seconds
SAT

=> TOTAL COMPLETION TIME (Makespan / UB): 846
Schedule is valid
 Time taken: 16.08 seconds
SAT

=> TOTAL COMPLETION TIME (Makespan / UB): 845
Schedule is valid
 Time taken: 16.10 seconds
SAT

=> TOTAL COMPLETION TIME (Makespan / UB): 844
Schedule is valid
 Time taken: 16.12 seconds
SAT

=> TOTAL COMPLETION TIME (Makespan / UB): 843
Schedule is valid
 Time taken: 16.14 seconds
SAT

=> TOTAL COMPLETION TIME (Makespan / UB): 842
Schedule is valid
 Time taken: 16.16 seconds
SAT

=> TOTAL COMPLETION TIME (Makespan / UB): 841
Schedule is valid
 Time taken: 16.51 seconds
[runlim] sample:		19.94 time, 20.01 real, 1164 MB, 1.27 load
SAT

=> TOTAL COMPLETION TIME (Makespan / UB): 840
Schedule is valid
 Time taken: 25.10 seconds
SAT

=> TOTAL COMPLETION TIME (Makespan / UB): 839
Schedule is valid
 Time taken: 26.30 seconds
SAT

=> TOTAL COMPLETION TIME (Makespan / UB): 838
Schedule is valid
 Time taken: 28.17 seconds
SAT

=> TOTAL COMPLETION TIME (Makespan / UB): 837
Schedule is valid
 Time taken: 28.65 seconds
SAT

=> TOTAL COMPLETION TIME (Makespan / UB): 836
Schedule is valid
 Time taken: 29.76 seconds
SAT

=> TOTAL COMPLETION TIME (Makespan / UB): 835
Schedule is valid
 Time taken: 29.78 seconds
SAT

=> TOTAL COMPLETION TIME (Makespan / UB): 834
Schedule is valid
 Time taken: 29.80 seconds
[runlim] sample:		29.94 time, 30.01 real, 1084 MB, 1.23 load
SAT

=> TOTAL COMPLETION TIME (Makespan / UB): 833
Schedule is valid
 Time taken: 30.09 seconds
SAT

=> TOTAL COMPLETION TIME (Makespan / UB): 832
Schedule is valid
 Time taken: 30.62 seconds
SAT

=> TOTAL COMPLETION TIME (Makespan / UB): 831
Schedule is valid
 Time taken: 31.68 seconds
SAT

=> TOTAL COMPLETION TIME (Makespan / UB): 830
Schedule is valid
 Time taken: 32.00 seconds
SAT

=> TOTAL COMPLETION TIME (Makespan / UB): 829
Schedule is valid
 Time taken: 32.03 seconds
SAT

=> TOTAL COMPLETION TIME (Makespan / UB): 828
Schedule is valid
 Time taken: 32.53 seconds
SAT

=> TOTAL COMPLETION TIME (Makespan / UB): 827
Schedule is valid
 Time taken: 34.89 seconds
SAT

=> TOTAL COMPLETION TIME (Makespan / UB): 826
Schedule is valid
 Time taken: 35.54 seconds
SAT

=> TOTAL COMPLETION TIME (Makespan / UB): 825
Schedule is valid
 Time taken: 35.87 seconds
SAT

=> TOTAL COMPLETION TIME (Makespan / UB): 824
Schedule is valid
 Time taken: 35.89 seconds
SAT

=> TOTAL COMPLETION TIME (Makespan / UB): 823
Schedule is valid
 Time taken: 36.22 seconds
[runlim] sample:		39.93 time, 40.01 real, 1122 MB, 1.19 load
SAT

=> TOTAL COMPLETION TIME (Makespan / UB): 822
Schedule is valid
 Time taken: 43.86 seconds
SAT

=> TOTAL COMPLETION TIME (Makespan / UB): 821
Schedule is valid
 Time taken: 45.10 seconds
SAT

=> TOTAL COMPLETION TIME (Makespan / UB): 820
Schedule is valid
 Time taken: 45.59 seconds
SAT

=> TOTAL COMPLETION TIME (Makespan / UB): 819
Schedule is valid
 Time taken: 45.62 seconds
SAT

=> TOTAL COMPLETION TIME (Makespan / UB): 818
Schedule is valid
 Time taken: 45.64 seconds
SAT

=> TOTAL COMPLETION TIME (Makespan / UB): 817
Schedule is valid
 Time taken: 46.18 seconds
SAT

=> TOTAL COMPLETION TIME (Makespan / UB): 816
Schedule is valid
 Time taken: 46.20 seconds
SAT

=> TOTAL COMPLETION TIME (Makespan / UB): 815
Schedule is valid
 Time taken: 46.67 seconds
SAT

=> TOTAL COMPLETION TIME (Makespan / UB): 814
Schedule is valid
 Time taken: 46.71 seconds
SAT

=> TOTAL COMPLETION TIME (Makespan / UB): 813
Schedule is valid
 Time taken: 47.20 seconds
SAT

=> TOTAL COMPLETION TIME (Makespan / UB): 812
Schedule is valid
 Time taken: 47.25 seconds
SAT

=> TOTAL COMPLETION TIME (Makespan / UB): 811
Schedule is valid
 Time taken: 48.49 seconds
SAT

=> TOTAL COMPLETION TIME (Makespan / UB): 810
Schedule is valid
 Time taken: 48.61 seconds
[runlim] sample:		49.93 time, 50.01 real, 1066 MB, 1.16 load
SAT

=> TOTAL COMPLETION TIME (Makespan / UB): 809
Schedule is valid
 Time taken: 50.53 seconds
SAT

=> TOTAL COMPLETION TIME (Makespan / UB): 808
Schedule is valid
 Time taken: 50.92 seconds
SAT

=> TOTAL COMPLETION TIME (Makespan / UB): 807
Schedule is valid
 Time taken: 51.18 seconds
SAT

=> TOTAL COMPLETION TIME (Makespan / UB): 806
Schedule is valid
 Time taken: 51.22 seconds
SAT

=> TOTAL COMPLETION TIME (Makespan / UB): 805
Schedule is valid
 Time taken: 51.24 seconds
SAT

=> TOTAL COMPLETION TIME (Makespan / UB): 804
Schedule is valid
 Time taken: 52.31 seconds
SAT

=> TOTAL COMPLETION TIME (Makespan / UB): 803
Schedule is valid
 Time taken: 52.70 seconds
SAT

=> TOTAL COMPLETION TIME (Makespan / UB): 802
Schedule is valid
 Time taken: 53.26 seconds
SAT

=> TOTAL COMPLETION TIME (Makespan / UB): 801
Schedule is valid
 Time taken: 55.32 seconds
SAT

=> TOTAL COMPLETION TIME (Makespan / UB): 800
Schedule is valid
 Time taken: 55.72 seconds
[runlim] sample:		59.91 time, 60.01 real, 1098 MB, 1.14 load
SAT

=> TOTAL COMPLETION TIME (Makespan / UB): 799
Schedule is valid
 Time taken: 67.83 seconds
SAT

=> TOTAL COMPLETION TIME (Makespan / UB): 798
Schedule is valid
 Time taken: 67.87 seconds
SAT

=> TOTAL COMPLETION TIME (Makespan / UB): 797
Schedule is valid
 Time taken: 68.43 seconds
SAT

=> TOTAL COMPLETION TIME (Makespan / UB): 796
Schedule is valid
 Time taken: 68.78 seconds
SAT

=> TOTAL COMPLETION TIME (Makespan / UB): 795
Schedule is valid
 Time taken: 69.16 seconds
[runlim] sample:		69.91 time, 70.01 real, 1267 MB, 1.12 load
SAT

=> TOTAL COMPLETION TIME (Makespan / UB): 794
Schedule is valid
 Time taken: 71.55 seconds
SAT

=> TOTAL COMPLETION TIME (Makespan / UB): 793
Schedule is valid
 Time taken: 71.92 seconds
SAT

=> TOTAL COMPLETION TIME (Makespan / UB): 792
Schedule is valid
 Time taken: 72.45 seconds
SAT

=> TOTAL COMPLETION TIME (Makespan / UB): 791
Schedule is valid
 Time taken: 76.33 seconds
SAT

=> TOTAL COMPLETION TIME (Makespan / UB): 790
Schedule is valid
 Time taken: 76.74 seconds
SAT

=> TOTAL COMPLETION TIME (Makespan / UB): 789
Schedule is valid
 Time taken: 77.27 seconds
SAT

=> TOTAL COMPLETION TIME (Makespan / UB): 788
Schedule is valid
 Time taken: 78.30 seconds
SAT

=> TOTAL COMPLETION TIME (Makespan / UB): 787
Schedule is valid
 Time taken: 78.89 seconds
SAT

=> TOTAL COMPLETION TIME (Makespan / UB): 786
Schedule is valid
 Time taken: 79.52 seconds
[runlim] sample:		79.90 time, 80.01 real, 1126 MB, 1.18 load
SAT

=> TOTAL COMPLETION TIME (Makespan / UB): 785
Schedule is valid
 Time taken: 85.93 seconds
SAT

=> TOTAL COMPLETION TIME (Makespan / UB): 784
Schedule is valid
 Time taken: 86.59 seconds
SAT

=> TOTAL COMPLETION TIME (Makespan / UB): 783
Schedule is valid
 Time taken: 87.21 seconds
SAT

=> TOTAL COMPLETION TIME (Makespan / UB): 782
Schedule is valid
 Time taken: 88.41 seconds
SAT

=> TOTAL COMPLETION TIME (Makespan / UB): 781
Schedule is valid
 Time taken: 88.98 seconds
SAT

=> TOTAL COMPLETION TIME (Makespan / UB): 780
Schedule is valid
 Time taken: 89.49 seconds
[runlim] sample:		89.89 time, 90.01 real, 1040 MB, 1.16 load
SAT

=> TOTAL COMPLETION TIME (Makespan / UB): 779
Schedule is valid
 Time taken: 93.04 seconds
SAT

=> TOTAL COMPLETION TIME (Makespan / UB): 778
Schedule is valid
 Time taken: 94.10 seconds
SAT

=> TOTAL COMPLETION TIME (Makespan / UB): 777
Schedule is valid
 Time taken: 94.55 seconds
SAT

=> TOTAL COMPLETION TIME (Makespan / UB): 776
Schedule is valid
 Time taken: 95.07 seconds
SAT

=> TOTAL COMPLETION TIME (Makespan / UB): 775
Schedule is valid
 Time taken: 95.55 seconds
SAT

=> TOTAL COMPLETION TIME (Makespan / UB): 774
Schedule is valid
 Time taken: 96.07 seconds
SAT

=> TOTAL COMPLETION TIME (Makespan / UB): 773
Schedule is valid
 Time taken: 98.11 seconds
SAT

=> TOTAL COMPLETION TIME (Makespan / UB): 772
Schedule is valid
 Time taken: 98.47 seconds
[runlim] sample:		99.88 time, 100.01 real, 1033 MB, 1.14 load
SAT

=> TOTAL COMPLETION TIME (Makespan / UB): 771
Schedule is valid
 Time taken: 100.18 seconds
SAT

=> TOTAL COMPLETION TIME (Makespan / UB): 770
Schedule is valid
 Time taken: 102.31 seconds
SAT

=> TOTAL COMPLETION TIME (Makespan / UB): 769
Schedule is valid
 Time taken: 108.85 seconds
SAT

=> TOTAL COMPLETION TIME (Makespan / UB): 768
Schedule is valid
 Time taken: 108.87 seconds
[runlim] sample:		109.88 time, 110.01 real, 1033 MB, 1.12 load
SAT

=> TOTAL COMPLETION TIME (Makespan / UB): 767
Schedule is valid
 Time taken: 110.84 seconds
SAT

=> TOTAL COMPLETION TIME (Makespan / UB): 766
Schedule is valid
 Time taken: 110.87 seconds
SAT

=> TOTAL COMPLETION TIME (Makespan / UB): 765
Schedule is valid
 Time taken: 110.89 seconds
SAT

=> TOTAL COMPLETION TIME (Makespan / UB): 764
Schedule is valid
 Time taken: 110.90 seconds
SAT

=> TOTAL COMPLETION TIME (Makespan / UB): 763
Schedule is valid
 Time taken: 110.92 seconds
SAT

=> TOTAL COMPLETION TIME (Makespan / UB): 762
Schedule is valid
 Time taken: 112.01 seconds
SAT

=> TOTAL COMPLETION TIME (Makespan / UB): 761
Schedule is valid
 Time taken: 112.42 seconds
SAT

=> TOTAL COMPLETION TIME (Makespan / UB): 760
Schedule is valid
 Time taken: 114.29 seconds
SAT

=> TOTAL COMPLETION TIME (Makespan / UB): 759
Schedule is valid
 Time taken: 114.74 seconds
SAT

=> TOTAL COMPLETION TIME (Makespan / UB): 758
Schedule is valid
 Time taken: 114.77 seconds
SAT

=> TOTAL COMPLETION TIME (Makespan / UB): 757
Schedule is valid
 Time taken: 115.76 seconds
SAT

=> TOTAL COMPLETION TIME (Makespan / UB): 756
Schedule is valid
 Time taken: 117.52 seconds
SAT

=> TOTAL COMPLETION TIME (Makespan / UB): 755
Schedule is valid
 Time taken: 118.99 seconds
SAT

=> TOTAL COMPLETION TIME (Makespan / UB): 754
Schedule is valid
 Time taken: 119.00 seconds
SAT

=> TOTAL COMPLETION TIME (Makespan / UB): 753
Schedule is valid
 Time taken: 119.02 seconds
SAT

=> TOTAL COMPLETION TIME (Makespan / UB): 752
Schedule is valid
 Time taken: 119.04 seconds
SAT

=> TOTAL COMPLETION TIME (Makespan / UB): 751
Schedule is valid
 Time taken: 119.06 seconds
[runlim] sample:		119.87 time, 120.01 real, 1025 MB, 1.10 load
SAT

=> TOTAL COMPLETION TIME (Makespan / UB): 750
Schedule is valid
 Time taken: 122.46 seconds
SAT

=> TOTAL COMPLETION TIME (Makespan / UB): 749
Schedule is valid
 Time taken: 122.81 seconds
SAT

=> TOTAL COMPLETION TIME (Makespan / UB): 748
Schedule is valid
 Time taken: 123.09 seconds
SAT

=> TOTAL COMPLETION TIME (Makespan / UB): 747
Schedule is valid
 Time taken: 123.50 seconds
SAT

=> TOTAL COMPLETION TIME (Makespan / UB): 746
Schedule is valid
 Time taken: 123.91 seconds
SAT

=> TOTAL COMPLETION TIME (Makespan / UB): 745
Schedule is valid
 Time taken: 124.30 seconds
SAT

=> TOTAL COMPLETION TIME (Makespan / UB): 744
Schedule is valid
 Time taken: 124.73 seconds
SAT

=> TOTAL COMPLETION TIME (Makespan / UB): 743
Schedule is valid
 Time taken: 125.14 seconds
[runlim] sample:		129.87 time, 130.01 real, 1010 MB, 1.08 load
SAT

=> TOTAL COMPLETION TIME (Makespan / UB): 742
Schedule is valid
 Time taken: 131.47 seconds
SAT

=> TOTAL COMPLETION TIME (Makespan / UB): 741
Schedule is valid
 Time taken: 132.03 seconds
SAT

=> TOTAL COMPLETION TIME (Makespan / UB): 740
Schedule is valid
 Time taken: 133.49 seconds
SAT

=> TOTAL COMPLETION TIME (Makespan / UB): 739
Schedule is valid
 Time taken: 136.02 seconds
SAT

=> TOTAL COMPLETION TIME (Makespan / UB): 738
Schedule is valid
 Time taken: 139.45 seconds
SAT

=> TOTAL COMPLETION TIME (Makespan / UB): 737
Schedule is valid
 Time taken: 139.92 seconds
[runlim] sample:		139.86 time, 140.01 real, 1010 MB, 1.07 load
SAT

=> TOTAL COMPLETION TIME (Makespan / UB): 736
Schedule is valid
 Time taken: 142.09 seconds
SAT

=> TOTAL COMPLETION TIME (Makespan / UB): 735
Schedule is valid
 Time taken: 143.65 seconds
SAT

=> TOTAL COMPLETION TIME (Makespan / UB): 734
Schedule is valid
 Time taken: 144.09 seconds
SAT

=> TOTAL COMPLETION TIME (Makespan / UB): 733
Schedule is valid
 Time taken: 146.03 seconds
SAT

=> TOTAL COMPLETION TIME (Makespan / UB): 732
Schedule is valid
 Time taken: 148.15 seconds
[runlim] sample:		149.85 time, 150.01 real, 1174 MB, 1.21 load
SAT

=> TOTAL COMPLETION TIME (Makespan / UB): 731
Schedule is valid
 Time taken: 152.20 seconds
SAT

=> TOTAL COMPLETION TIME (Makespan / UB): 730
Schedule is valid
 Time taken: 158.37 seconds
SAT

=> TOTAL COMPLETION TIME (Makespan / UB): 729
Schedule is valid
 Time taken: 158.91 seconds
SAT

=> TOTAL COMPLETION TIME (Makespan / UB): 728
Schedule is valid
 Time taken: 159.48 seconds
[runlim] sample:		159.85 time, 160.01 real, 1005 MB, 1.25 load
SAT

=> TOTAL COMPLETION TIME (Makespan / UB): 727
Schedule is valid
 Time taken: 161.14 seconds
SAT

=> TOTAL COMPLETION TIME (Makespan / UB): 726
Schedule is valid
 Time taken: 163.33 seconds
SAT

=> TOTAL COMPLETION TIME (Makespan / UB): 725
Schedule is valid
 Time taken: 164.77 seconds
SAT

=> TOTAL COMPLETION TIME (Makespan / UB): 724
Schedule is valid
 Time taken: 167.31 seconds
SAT

=> TOTAL COMPLETION TIME (Makespan / UB): 723
Schedule is valid
 Time taken: 168.99 seconds
[runlim] sample:		169.84 time, 170.01 real, 996 MB, 1.45 load
SAT

=> TOTAL COMPLETION TIME (Makespan / UB): 722
Schedule is valid
 Time taken: 172.94 seconds
SAT

=> TOTAL COMPLETION TIME (Makespan / UB): 721
Schedule is valid
 Time taken: 173.47 seconds
SAT

=> TOTAL COMPLETION TIME (Makespan / UB): 720
Schedule is valid
 Time taken: 173.51 seconds
SAT

=> TOTAL COMPLETION TIME (Makespan / UB): 719
Schedule is valid
 Time taken: 175.72 seconds
[runlim] sample:		179.84 time, 180.01 real, 992 MB, 1.53 load
SAT

=> TOTAL COMPLETION TIME (Makespan / UB): 718
Schedule is valid
 Time taken: 187.39 seconds
SAT

=> TOTAL COMPLETION TIME (Makespan / UB): 717
Schedule is valid
 Time taken: 189.03 seconds
[runlim] sample:		189.83 time, 190.01 real, 1123 MB, 1.52 load
SAT

=> TOTAL COMPLETION TIME (Makespan / UB): 716
Schedule is valid
 Time taken: 193.35 seconds
SAT

=> TOTAL COMPLETION TIME (Makespan / UB): 715
Schedule is valid
 Time taken: 195.21 seconds
SAT

=> TOTAL COMPLETION TIME (Makespan / UB): 714
Schedule is valid
 Time taken: 197.13 seconds
SAT

=> TOTAL COMPLETION TIME (Makespan / UB): 713
Schedule is valid
 Time taken: 199.30 seconds
[runlim] sample:		199.82 time, 200.01 real, 990 MB, 1.51 load
SAT

=> TOTAL COMPLETION TIME (Makespan / UB): 712
Schedule is valid
 Time taken: 201.02 seconds
SAT

=> TOTAL COMPLETION TIME (Makespan / UB): 711
Schedule is valid
 Time taken: 201.46 seconds
SAT

=> TOTAL COMPLETION TIME (Makespan / UB): 710
Schedule is valid
 Time taken: 204.07 seconds
SAT

=> TOTAL COMPLETION TIME (Makespan / UB): 709
Schedule is valid
 Time taken: 205.69 seconds
[runlim] sample:		209.81 time, 210.01 real, 991 MB, 1.51 load
SAT

=> TOTAL COMPLETION TIME (Makespan / UB): 708
Schedule is valid
 Time taken: 210.34 seconds
SAT

=> TOTAL COMPLETION TIME (Makespan / UB): 707
Schedule is valid
 Time taken: 217.10 seconds
SAT

=> TOTAL COMPLETION TIME (Makespan / UB): 706
Schedule is valid
 Time taken: 219.11 seconds
SAT

=> TOTAL COMPLETION TIME (Makespan / UB): 705
Schedule is valid
 Time taken: 219.49 seconds
[runlim] sample:		219.81 time, 220.01 real, 985 MB, 1.50 load
SAT

=> TOTAL COMPLETION TIME (Makespan / UB): 704
Schedule is valid
 Time taken: 221.23 seconds
SAT

=> TOTAL COMPLETION TIME (Makespan / UB): 703
Schedule is valid
 Time taken: 223.61 seconds
SAT

=> TOTAL COMPLETION TIME (Makespan / UB): 702
Schedule is valid
 Time taken: 225.22 seconds
SAT

=> TOTAL COMPLETION TIME (Makespan / UB): 701
Schedule is valid
 Time taken: 227.04 seconds
[runlim] sample:		229.80 time, 230.01 real, 980 MB, 1.50 load
SAT

=> TOTAL COMPLETION TIME (Makespan / UB): 700
Schedule is valid
 Time taken: 238.32 seconds
[runlim] sample:		239.81 time, 240.01 real, 990 MB, 1.50 load
SAT

=> TOTAL COMPLETION TIME (Makespan / UB): 699
Schedule is valid
 Time taken: 240.26 seconds
SAT

=> TOTAL COMPLETION TIME (Makespan / UB): 698
Schedule is valid
 Time taken: 242.40 seconds
SAT

=> TOTAL COMPLETION TIME (Makespan / UB): 697
Schedule is valid
 Time taken: 248.78 seconds
[runlim] sample:		249.80 time, 250.01 real, 982 MB, 1.49 load
SAT

=> TOTAL COMPLETION TIME (Makespan / UB): 696
Schedule is valid
 Time taken: 250.93 seconds
SAT

=> TOTAL COMPLETION TIME (Makespan / UB): 695
Schedule is valid
 Time taken: 255.15 seconds
SAT

=> TOTAL COMPLETION TIME (Makespan / UB): 694
Schedule is valid
 Time taken: 257.62 seconds
SAT

=> TOTAL COMPLETION TIME (Makespan / UB): 693
Schedule is valid
 Time taken: 259.86 seconds
[runlim] sample:		259.79 time, 260.01 real, 982 MB, 1.49 load
SAT

=> TOTAL COMPLETION TIME (Makespan / UB): 692
Schedule is valid
 Time taken: 268.11 seconds
[runlim] sample:		269.79 time, 270.01 real, 980 MB, 1.42 load
[runlim] sample:		279.79 time, 280.01 real, 983 MB, 1.35 load
SAT

=> TOTAL COMPLETION TIME (Makespan / UB): 691
Schedule is valid
 Time taken: 283.72 seconds
SAT

=> TOTAL COMPLETION TIME (Makespan / UB): 690
Schedule is valid
 Time taken: 284.85 seconds
[runlim] sample:		289.79 time, 290.01 real, 978 MB, 1.30 load
SAT

=> TOTAL COMPLETION TIME (Makespan / UB): 689
Schedule is valid
 Time taken: 293.17 seconds
SAT

=> TOTAL COMPLETION TIME (Makespan / UB): 688
Schedule is valid
 Time taken: 295.09 seconds
[runlim] sample:		299.78 time, 300.01 real, 977 MB, 1.25 load
SAT

=> TOTAL COMPLETION TIME (Makespan / UB): 687
Schedule is valid
 Time taken: 305.58 seconds
SAT

=> TOTAL COMPLETION TIME (Makespan / UB): 686
Schedule is valid
 Time taken: 308.13 seconds
[runlim] sample:		309.77 time, 310.01 real, 1007 MB, 1.21 load
[runlim] sample:		319.78 time, 320.01 real, 976 MB, 1.18 load
[runlim] sample:		329.76 time, 330.01 real, 946 MB, 1.15 load
[runlim] sample:		339.77 time, 340.01 real, 947 MB, 1.13 load
[runlim] sample:		349.76 time, 350.01 real, 945 MB, 1.11 load
SAT

=> TOTAL COMPLETION TIME (Makespan / UB): 685
Schedule is valid
 Time taken: 350.36 seconds
SAT

=> TOTAL COMPLETION TIME (Makespan / UB): 684
Schedule is valid
 Time taken: 352.81 seconds
SAT

=> TOTAL COMPLETION TIME (Makespan / UB): 683
Schedule is valid
 Time taken: 355.65 seconds
[runlim] sample:		359.75 time, 360.01 real, 947 MB, 1.09 load
[runlim] sample:		369.75 time, 370.01 real, 947 MB, 1.08 load
SAT

=> TOTAL COMPLETION TIME (Makespan / UB): 682
Schedule is valid
 Time taken: 374.36 seconds
[runlim] sample:		379.74 time, 380.01 real, 946 MB, 1.06 load
SAT

=> TOTAL COMPLETION TIME (Makespan / UB): 681
Schedule is valid
 Time taken: 387.14 seconds
[runlim] sample:		389.73 time, 390.01 real, 947 MB, 1.05 load
SAT

=> TOTAL COMPLETION TIME (Makespan / UB): 680
Schedule is valid
 Time taken: 391.56 seconds
[runlim] sample:		399.73 time, 400.01 real, 974 MB, 1.05 load
[runlim] sample:		409.72 time, 410.01 real, 973 MB, 1.04 load
[runlim] sample:		419.72 time, 420.01 real, 972 MB, 1.03 load
[runlim] sample:		429.72 time, 430.01 real, 972 MB, 1.03 load
SAT

=> TOTAL COMPLETION TIME (Makespan / UB): 679
Schedule is valid
 Time taken: 437.09 seconds
[runlim] sample:		439.71 time, 440.01 real, 970 MB, 1.02 load
SAT

=> TOTAL COMPLETION TIME (Makespan / UB): 678
Schedule is valid
 Time taken: 447.76 seconds
[runlim] sample:		449.71 time, 450.01 real, 972 MB, 1.02 load
SAT

=> TOTAL COMPLETION TIME (Makespan / UB): 677
Schedule is valid
 Time taken: 450.13 seconds
SAT

=> TOTAL COMPLETION TIME (Makespan / UB): 676
Schedule is valid
 Time taken: 452.78 seconds
SAT

=> TOTAL COMPLETION TIME (Makespan / UB): 675
Schedule is valid
 Time taken: 454.78 seconds
SAT

=> TOTAL COMPLETION TIME (Makespan / UB): 674
Schedule is valid
 Time taken: 459.48 seconds
[runlim] sample:		459.70 time, 460.01 real, 970 MB, 1.02 load
SAT

=> TOTAL COMPLETION TIME (Makespan / UB): 673
Schedule is valid
 Time taken: 462.05 seconds
SAT

=> TOTAL COMPLETION TIME (Makespan / UB): 672
Schedule is valid
 Time taken: 464.21 seconds
[runlim] sample:		469.71 time, 470.01 real, 970 MB, 1.09 load
SAT

=> TOTAL COMPLETION TIME (Makespan / UB): 671
Schedule is valid
 Time taken: 478.05 seconds
[runlim] sample:		479.70 time, 480.01 real, 966 MB, 1.08 load
SAT

=> TOTAL COMPLETION TIME (Makespan / UB): 670
Schedule is valid
 Time taken: 480.88 seconds
SAT

=> TOTAL COMPLETION TIME (Makespan / UB): 669
Schedule is valid
 Time taken: 483.80 seconds
[runlim] sample:		489.69 time, 490.01 real, 966 MB, 1.07 load
SAT

=> TOTAL COMPLETION TIME (Makespan / UB): 668
Schedule is valid
 Time taken: 496.47 seconds
[runlim] sample:		499.68 time, 500.01 real, 965 MB, 1.06 load
SAT

=> TOTAL COMPLETION TIME (Makespan / UB): 667
Schedule is valid
 Time taken: 507.37 seconds
[runlim] sample:		509.68 time, 510.01 real, 1103 MB, 1.05 load
[runlim] sample:		519.67 time, 520.01 real, 964 MB, 1.04 load
SAT

=> TOTAL COMPLETION TIME (Makespan / UB): 666
Schedule is valid
 Time taken: 520.34 seconds
[runlim] sample:		529.67 time, 530.01 real, 963 MB, 1.03 load
SAT

=> TOTAL COMPLETION TIME (Makespan / UB): 665
Schedule is valid
 Time taken: 532.08 seconds
[runlim] sample:		539.66 time, 540.01 real, 963 MB, 1.03 load
SAT

=> TOTAL COMPLETION TIME (Makespan / UB): 664
Schedule is valid
 Time taken: 542.28 seconds
[runlim] sample:		549.66 time, 550.01 real, 962 MB, 1.02 load
SAT

=> TOTAL COMPLETION TIME (Makespan / UB): 663
Schedule is valid
 Time taken: 551.23 seconds
SAT

=> TOTAL COMPLETION TIME (Makespan / UB): 662
Schedule is valid
 Time taken: 559.66 seconds
[runlim] sample:		559.66 time, 560.01 real, 1101 MB, 1.02 load
SAT

=> TOTAL COMPLETION TIME (Makespan / UB): 661
Schedule is valid
 Time taken: 563.23 seconds
SAT

=> TOTAL COMPLETION TIME (Makespan / UB): 660
Schedule is valid
 Time taken: 568.22 seconds
[runlim] sample:		569.66 time, 570.01 real, 960 MB, 1.02 load
[runlim] sample:		579.64 time, 580.01 real, 960 MB, 1.01 load
SAT

=> TOTAL COMPLETION TIME (Makespan / UB): 659
Schedule is valid
 Time taken: 580.21 seconds
[runlim] sample:		589.65 time, 590.01 real, 960 MB, 1.01 load
SAT

=> TOTAL COMPLETION TIME (Makespan / UB): 658
Schedule is valid
 Time taken: 593.37 seconds
[runlim] sample:		599.64 time, 600.01 real, 962 MB, 1.01 load
SAT

=> TOTAL COMPLETION TIME (Makespan / UB): 657
Schedule is valid
 Time taken: 605.92 seconds
[runlim] sample:		609.64 time, 610.01 real, 962 MB, 1.01 load
SAT

=> TOTAL COMPLETION TIME (Makespan / UB): 656
Schedule is valid
 Time taken: 618.48 seconds
[runlim] sample:		619.63 time, 620.01 real, 961 MB, 1.00 load
[runlim] sample:		629.62 time, 630.01 real, 959 MB, 1.00 load
[runlim] sample:		639.62 time, 640.01 real, 959 MB, 1.00 load
[runlim] sample:		649.61 time, 650.01 real, 961 MB, 1.16 load
[runlim] sample:		659.61 time, 660.01 real, 961 MB, 1.13 load
[runlim] sample:		669.61 time, 670.01 real, 955 MB, 1.11 load
SAT

=> TOTAL COMPLETION TIME (Makespan / UB): 655
Schedule is valid
 Time taken: 671.20 seconds
[runlim] sample:		679.60 time, 680.01 real, 962 MB, 1.09 load
[runlim] sample:		689.60 time, 690.01 real, 962 MB, 1.08 load
[runlim] sample:		699.59 time, 700.01 real, 962 MB, 1.07 load
[runlim] sample:		709.59 time, 710.01 real, 963 MB, 1.06 load
[runlim] sample:		719.58 time, 720.01 real, 963 MB, 1.05 load
SAT

=> TOTAL COMPLETION TIME (Makespan / UB): 654
Schedule is valid
 Time taken: 723.51 seconds
[runlim] sample:		729.58 time, 730.01 real, 958 MB, 1.04 load
SAT

=> TOTAL COMPLETION TIME (Makespan / UB): 653
Schedule is valid
 Time taken: 738.33 seconds
[runlim] sample:		739.58 time, 740.01 real, 963 MB, 1.03 load
[runlim] sample:		749.57 time, 750.01 real, 963 MB, 1.03 load
SAT

=> TOTAL COMPLETION TIME (Makespan / UB): 652
Schedule is valid
 Time taken: 752.31 seconds
[runlim] sample:		759.56 time, 760.01 real, 960 MB, 1.02 load
SAT

=> TOTAL COMPLETION TIME (Makespan / UB): 651
Schedule is valid
 Time taken: 765.16 seconds
[runlim] sample:		769.56 time, 770.01 real, 960 MB, 1.02 load
[runlim] sample:		779.56 time, 780.01 real, 955 MB, 1.02 load
[runlim] sample:		789.55 time, 790.01 real, 955 MB, 1.01 load
[runlim] sample:		799.55 time, 800.01 real, 957 MB, 1.01 load
[runlim] sample:		809.55 time, 810.01 real, 957 MB, 1.01 load
[runlim] sample:		819.54 time, 820.01 real, 957 MB, 1.01 load
SAT

=> TOTAL COMPLETION TIME (Makespan / UB): 650
Schedule is valid
 Time taken: 828.56 seconds
[runlim] sample:		829.54 time, 830.01 real, 957 MB, 1.00 load
[runlim] sample:		839.53 time, 840.01 real, 962 MB, 1.00 load
[runlim] sample:		849.53 time, 850.01 real, 962 MB, 1.00 load
[runlim] sample:		859.52 time, 860.01 real, 962 MB, 1.00 load
[runlim] sample:		869.52 time, 870.01 real, 959 MB, 1.00 load
[runlim] sample:		879.51 time, 880.01 real, 959 MB, 1.00 load
[runlim] sample:		889.51 time, 890.01 real, 959 MB, 1.00 load
[runlim] sample:		899.50 time, 900.01 real, 963 MB, 1.00 load
[runlim] sample:		909.50 time, 910.01 real, 963 MB, 1.00 load
[runlim] sample:		919.50 time, 920.01 real, 967 MB, 1.00 load
[runlim] sample:		929.49 time, 930.01 real, 967 MB, 1.00 load
[runlim] sample:		939.49 time, 940.01 real, 967 MB, 1.00 load
[runlim] sample:		949.48 time, 950.01 real, 962 MB, 1.00 load
[runlim] sample:		959.48 time, 960.01 real, 962 MB, 1.00 load
[runlim] sample:		969.47 time, 970.01 real, 953 MB, 1.00 load
[runlim] sample:		979.47 time, 980.01 real, 953 MB, 1.00 load
[runlim] sample:		989.47 time, 990.01 real, 954 MB, 1.00 load
[runlim] sample:		999.46 time, 1000.01 real, 954 MB, 1.00 load
[runlim] sample:		1009.46 time, 1010.01 real, 954 MB, 1.00 load
[runlim] sample:		1019.45 time, 1020.01 real, 956 MB, 1.00 load
[runlim] sample:		1029.45 time, 1030.01 real, 956 MB, 1.00 load
[runlim] sample:		1039.45 time, 1040.01 real, 964 MB, 1.00 load
[runlim] sample:		1049.44 time, 1050.01 real, 964 MB, 1.00 load
[runlim] sample:		1059.44 time, 1060.01 real, 964 MB, 1.00 load
[runlim] sample:		1069.43 time, 1070.01 real, 964 MB, 1.00 load
[runlim] sample:		1079.43 time, 1080.01 real, 976 MB, 1.07 load
[runlim] sample:		1089.42 time, 1090.01 real, 976 MB, 1.06 load
[runlim] sample:		1099.42 time, 1100.01 real, 976 MB, 1.05 load
[runlim] sample:		1109.42 time, 1110.01 real, 976 MB, 1.04 load
[runlim] sample:		1119.42 time, 1120.01 real, 973 MB, 1.04 load
[runlim] sample:		1129.41 time, 1130.01 real, 973 MB, 1.03 load
[runlim] sample:		1139.41 time, 1140.01 real, 973 MB, 1.02 load
[runlim] sample:		1149.40 time, 1150.01 real, 982 MB, 1.18 load
[runlim] sample:		1159.40 time, 1160.01 real, 982 MB, 1.15 load
[runlim] sample:		1169.39 time, 1170.01 real, 982 MB, 1.12 load
[runlim] sample:		1179.39 time, 1180.01 real, 982 MB, 1.10 load
[runlim] sample:		1189.39 time, 1190.01 real, 982 MB, 1.09 load
[runlim] sample:		1199.39 time, 1200.01 real, 982 MB, 1.07 load
[runlim] sample:		1209.38 time, 1210.01 real, 982 MB, 1.06 load
[runlim] sample:		1219.38 time, 1220.01 real, 982 MB, 1.05 load
[runlim] sample:		1229.37 time, 1230.01 real, 978 MB, 1.04 load
[runlim] sample:		1239.37 time, 1240.01 real, 978 MB, 1.04 load
[runlim] sample:		1249.37 time, 1250.01 real, 978 MB, 1.03 load
[runlim] sample:		1259.36 time, 1260.01 real, 974 MB, 1.10 load
[runlim] sample:		1269.36 time, 1270.01 real, 974 MB, 1.08 load
[runlim] sample:		1279.35 time, 1280.01 real, 974 MB, 1.15 load
[runlim] sample:		1289.35 time, 1290.01 real, 974 MB, 1.12 load
[runlim] sample:		1299.35 time, 1300.01 real, 978 MB, 1.18 load
[runlim] sample:		1309.34 time, 1310.01 real, 978 MB, 1.15 load
[runlim] sample:		1319.34 time, 1320.01 real, 956 MB, 1.20 load
[runlim] sample:		1329.34 time, 1330.01 real, 956 MB, 1.17 load
[runlim] sample:		1339.33 time, 1340.01 real, 1087 MB, 1.22 load
[runlim] sample:		1349.33 time, 1350.01 real, 957 MB, 1.18 load
[runlim] sample:		1359.33 time, 1360.01 real, 957 MB, 1.23 load
[runlim] sample:		1369.32 time, 1370.01 real, 1089 MB, 1.19 load
[runlim] sample:		1379.32 time, 1380.01 real, 958 MB, 1.16 load
[runlim] sample:		1389.32 time, 1390.01 real, 958 MB, 1.14 load
[runlim] sample:		1399.31 time, 1400.01 real, 959 MB, 1.12 load
[runlim] sample:		1409.31 time, 1410.01 real, 959 MB, 1.10 load
[runlim] sample:		1419.30 time, 1420.01 real, 959 MB, 1.08 load
[runlim] sample:		1429.30 time, 1430.01 real, 959 MB, 1.07 load
[runlim] sample:		1439.30 time, 1440.01 real, 960 MB, 1.06 load
[runlim] sample:		1449.29 time, 1450.01 real, 960 MB, 1.05 load
[runlim] sample:		1459.29 time, 1460.01 real, 960 MB, 1.19 load
[runlim] sample:		1469.28 time, 1470.01 real, 961 MB, 1.16 load
[runlim] sample:		1479.28 time, 1480.01 real, 961 MB, 1.13 load
[runlim] sample:		1489.28 time, 1490.01 real, 961 MB, 1.11 load
[runlim] sample:		1499.27 time, 1500.01 real, 1096 MB, 1.10 load
[runlim] sample:		1509.27 time, 1510.01 real, 961 MB, 1.08 load
[runlim] sample:		1519.27 time, 1520.01 real, 961 MB, 1.07 load
[runlim] sample:		1529.26 time, 1530.01 real, 961 MB, 1.06 load
[runlim] sample:		1539.26 time, 1540.01 real, 961 MB, 1.05 load
[runlim] sample:		1549.25 time, 1550.01 real, 961 MB, 1.12 load
[runlim] sample:		1559.25 time, 1560.01 real, 961 MB, 1.10 load
[runlim] sample:		1569.24 time, 1570.01 real, 962 MB, 1.08 load
[runlim] sample:		1579.24 time, 1580.01 real, 962 MB, 1.07 load
[runlim] sample:		1589.23 time, 1590.01 real, 962 MB, 1.06 load
[runlim] sample:		1599.23 time, 1600.01 real, 962 MB, 1.05 load
[runlim] sample:		1609.22 time, 1610.01 real, 963 MB, 1.04 load
[runlim] sample:		1619.22 time, 1620.01 real, 963 MB, 1.04 load
[runlim] sample:		1629.21 time, 1630.01 real, 963 MB, 1.03 load
[runlim] sample:		1639.21 time, 1640.01 real, 963 MB, 1.02 load
[runlim] sample:		1649.20 time, 1650.01 real, 963 MB, 1.17 load
[runlim] sample:		1659.20 time, 1660.01 real, 963 MB, 1.15 load
[runlim] sample:		1669.19 time, 1670.01 real, 963 MB, 1.12 load
[runlim] sample:		1679.19 time, 1680.01 real, 964 MB, 1.10 load
[runlim] sample:		1689.18 time, 1690.01 real, 980 MB, 1.16 load
[runlim] sample:		1699.18 time, 1700.01 real, 980 MB, 1.14 load
[runlim] sample:		1709.17 time, 1710.01 real, 980 MB, 1.12 load
[runlim] sample:		1719.17 time, 1720.01 real, 965 MB, 1.10 load
[runlim] sample:		1729.17 time, 1730.01 real, 965 MB, 1.08 load
[runlim] sample:		1739.16 time, 1740.01 real, 965 MB, 1.07 load
[runlim] sample:		1749.16 time, 1750.01 real, 975 MB, 1.06 load
[runlim] sample:		1759.16 time, 1760.01 real, 975 MB, 1.05 load
[runlim] sample:		1769.15 time, 1770.01 real, 975 MB, 1.04 load
[runlim] sample:		1779.15 time, 1780.01 real, 975 MB, 1.03 load
SAT

=> TOTAL COMPLETION TIME (Makespan / UB): 649
Schedule is valid
 Time taken: 1784.93 seconds
[runlim] sample:		1789.14 time, 1790.01 real, 986 MB, 1.03 load
[runlim] sample:		1799.14 time, 1800.01 real, 986 MB, 1.02 load
[runlim] end:			Thu Apr 23 04:38:21 2026
[runlim] status:		out of time
[runlim] result:		2
[runlim] children:		1
[runlim] processes:		2
[runlim] real:			1801.06 seconds
[runlim] time:			1799.14 seconds
[runlim] space:			1464 MB
[runlim] load:			1.57 maximum
[runlim] samples:		18000
