[runlim] version:		2.0.0rc12
[runlim] host:			ap-Precision-7550
[runlim] time limit:		311040000 seconds
[runlim] real time limit:	1800 seconds
[runlim] space limit:		14000 MB
[runlim] argv[0]:		python3
[runlim] argv[1]:		-u
[runlim] argv[2]:		sm_var.py
[runlim] argv[3]:		datasets/dafjs/DAFJS12
[runlim] start:			Thu Apr 23 02:08:15 2026
[runlim] child:			25281
Operations: 117, Edges: 114, Machines: 10
Greedy Schedule UB: 791
Building constraints took 8.64 seconds.
SAT

=> TOTAL COMPLETION TIME (Makespan / UB): 790
Schedule is valid
 Time taken: 9.50 seconds
[runlim] sample:		9.99 time, 10.01 real, 828 MB, 1.13 load
SAT

=> TOTAL COMPLETION TIME (Makespan / UB): 789
Schedule is valid
 Time taken: 11.18 seconds
SAT

=> TOTAL COMPLETION TIME (Makespan / UB): 788
Schedule is valid
 Time taken: 11.19 seconds
SAT

=> TOTAL COMPLETION TIME (Makespan / UB): 787
Schedule is valid
 Time taken: 11.21 seconds
SAT

=> TOTAL COMPLETION TIME (Makespan / UB): 786
Schedule is valid
 Time taken: 11.22 seconds
SAT

=> TOTAL COMPLETION TIME (Makespan / UB): 785
Schedule is valid
 Time taken: 11.23 seconds
SAT

=> TOTAL COMPLETION TIME (Makespan / UB): 784
Schedule is valid
 Time taken: 11.25 seconds
SAT

=> TOTAL COMPLETION TIME (Makespan / UB): 783
Schedule is valid
 Time taken: 13.81 seconds
SAT

=> TOTAL COMPLETION TIME (Makespan / UB): 782
Schedule is valid
 Time taken: 14.64 seconds
SAT

=> TOTAL COMPLETION TIME (Makespan / UB): 781
Schedule is valid
 Time taken: 14.91 seconds
SAT

=> TOTAL COMPLETION TIME (Makespan / UB): 780
Schedule is valid
 Time taken: 14.92 seconds
SAT

=> TOTAL COMPLETION TIME (Makespan / UB): 779
Schedule is valid
 Time taken: 14.93 seconds
SAT

=> TOTAL COMPLETION TIME (Makespan / UB): 778
Schedule is valid
 Time taken: 14.94 seconds
SAT

=> TOTAL COMPLETION TIME (Makespan / UB): 777
Schedule is valid
 Time taken: 14.96 seconds
SAT

=> TOTAL COMPLETION TIME (Makespan / UB): 776
Schedule is valid
 Time taken: 14.97 seconds
SAT

=> TOTAL COMPLETION TIME (Makespan / UB): 775
Schedule is valid
 Time taken: 14.98 seconds
SAT

=> TOTAL COMPLETION TIME (Makespan / UB): 774
Schedule is valid
 Time taken: 14.99 seconds
SAT

=> TOTAL COMPLETION TIME (Makespan / UB): 773
Schedule is valid
 Time taken: 16.07 seconds
[runlim] sample:		19.99 time, 20.01 real, 1102 MB, 1.11 load
SAT

=> TOTAL COMPLETION TIME (Makespan / UB): 772
Schedule is valid
 Time taken: 24.76 seconds
[runlim] sample:		29.98 time, 30.01 real, 1047 MB, 1.10 load
SAT

=> TOTAL COMPLETION TIME (Makespan / UB): 771
Schedule is valid
 Time taken: 30.41 seconds
SAT

=> TOTAL COMPLETION TIME (Makespan / UB): 770
Schedule is valid
 Time taken: 31.39 seconds
SAT

=> TOTAL COMPLETION TIME (Makespan / UB): 769
Schedule is valid
 Time taken: 32.62 seconds
SAT

=> TOTAL COMPLETION TIME (Makespan / UB): 768
Schedule is valid
 Time taken: 33.16 seconds
SAT

=> TOTAL COMPLETION TIME (Makespan / UB): 767
Schedule is valid
 Time taken: 37.31 seconds
[runlim] sample:		39.98 time, 40.01 real, 1044 MB, 1.08 load
SAT

=> TOTAL COMPLETION TIME (Makespan / UB): 766
Schedule is valid
 Time taken: 48.74 seconds
SAT

=> TOTAL COMPLETION TIME (Makespan / UB): 765
Schedule is valid
 Time taken: 48.75 seconds
SAT

=> TOTAL COMPLETION TIME (Makespan / UB): 764
Schedule is valid
 Time taken: 48.78 seconds
SAT

=> TOTAL COMPLETION TIME (Makespan / UB): 763
Schedule is valid
 Time taken: 49.41 seconds
[runlim] sample:		49.98 time, 50.01 real, 1285 MB, 1.07 load
SAT

=> TOTAL COMPLETION TIME (Makespan / UB): 762
Schedule is valid
 Time taken: 50.50 seconds
SAT

=> TOTAL COMPLETION TIME (Makespan / UB): 761
Schedule is valid
 Time taken: 51.00 seconds
SAT

=> TOTAL COMPLETION TIME (Makespan / UB): 760
Schedule is valid
 Time taken: 53.18 seconds
SAT

=> TOTAL COMPLETION TIME (Makespan / UB): 759
Schedule is valid
 Time taken: 53.71 seconds
SAT

=> TOTAL COMPLETION TIME (Makespan / UB): 758
Schedule is valid
 Time taken: 54.96 seconds
SAT

=> TOTAL COMPLETION TIME (Makespan / UB): 757
Schedule is valid
 Time taken: 55.40 seconds
SAT

=> TOTAL COMPLETION TIME (Makespan / UB): 756
Schedule is valid
 Time taken: 55.80 seconds
SAT

=> TOTAL COMPLETION TIME (Makespan / UB): 755
Schedule is valid
 Time taken: 58.45 seconds
SAT

=> TOTAL COMPLETION TIME (Makespan / UB): 754
Schedule is valid
 Time taken: 58.48 seconds
SAT

=> TOTAL COMPLETION TIME (Makespan / UB): 753
Schedule is valid
 Time taken: 58.87 seconds
SAT

=> TOTAL COMPLETION TIME (Makespan / UB): 752
Schedule is valid
 Time taken: 59.20 seconds
[runlim] sample:		59.97 time, 60.01 real, 1127 MB, 1.14 load
SAT

=> TOTAL COMPLETION TIME (Makespan / UB): 751
Schedule is valid
 Time taken: 66.89 seconds
SAT

=> TOTAL COMPLETION TIME (Makespan / UB): 750
Schedule is valid
 Time taken: 66.92 seconds
SAT

=> TOTAL COMPLETION TIME (Makespan / UB): 749
Schedule is valid
 Time taken: 66.94 seconds
SAT

=> TOTAL COMPLETION TIME (Makespan / UB): 748
Schedule is valid
 Time taken: 69.02 seconds
[runlim] sample:		69.97 time, 70.01 real, 1029 MB, 1.12 load
SAT

=> TOTAL COMPLETION TIME (Makespan / UB): 747
Schedule is valid
 Time taken: 71.99 seconds
SAT

=> TOTAL COMPLETION TIME (Makespan / UB): 746
Schedule is valid
 Time taken: 72.02 seconds
SAT

=> TOTAL COMPLETION TIME (Makespan / UB): 745
Schedule is valid
 Time taken: 72.03 seconds
SAT

=> TOTAL COMPLETION TIME (Makespan / UB): 744
Schedule is valid
 Time taken: 74.77 seconds
SAT

=> TOTAL COMPLETION TIME (Makespan / UB): 743
Schedule is valid
 Time taken: 75.20 seconds
SAT

=> TOTAL COMPLETION TIME (Makespan / UB): 742
Schedule is valid
 Time taken: 75.69 seconds
SAT

=> TOTAL COMPLETION TIME (Makespan / UB): 741
Schedule is valid
 Time taken: 76.07 seconds
[runlim] sample:		79.96 time, 80.01 real, 1023 MB, 1.10 load
SAT

=> TOTAL COMPLETION TIME (Makespan / UB): 740
Schedule is valid
 Time taken: 80.23 seconds
SAT

=> TOTAL COMPLETION TIME (Makespan / UB): 739
Schedule is valid
 Time taken: 81.06 seconds
SAT

=> TOTAL COMPLETION TIME (Makespan / UB): 738
Schedule is valid
 Time taken: 83.90 seconds
SAT

=> TOTAL COMPLETION TIME (Makespan / UB): 737
Schedule is valid
 Time taken: 84.30 seconds
SAT

=> TOTAL COMPLETION TIME (Makespan / UB): 736
Schedule is valid
 Time taken: 84.34 seconds
SAT

=> TOTAL COMPLETION TIME (Makespan / UB): 735
Schedule is valid
 Time taken: 84.37 seconds
[runlim] sample:		89.96 time, 90.01 real, 1022 MB, 1.08 load
SAT

=> TOTAL COMPLETION TIME (Makespan / UB): 734
Schedule is valid
 Time taken: 91.79 seconds
SAT

=> TOTAL COMPLETION TIME (Makespan / UB): 733
Schedule is valid
 Time taken: 95.30 seconds
SAT

=> TOTAL COMPLETION TIME (Makespan / UB): 732
Schedule is valid
 Time taken: 95.74 seconds
SAT

=> TOTAL COMPLETION TIME (Makespan / UB): 731
Schedule is valid
 Time taken: 99.46 seconds
[runlim] sample:		99.95 time, 100.01 real, 1236 MB, 1.07 load
SAT

=> TOTAL COMPLETION TIME (Makespan / UB): 730
Schedule is valid
 Time taken: 100.72 seconds
SAT

=> TOTAL COMPLETION TIME (Makespan / UB): 729
Schedule is valid
 Time taken: 101.21 seconds
SAT

=> TOTAL COMPLETION TIME (Makespan / UB): 728
Schedule is valid
 Time taken: 101.64 seconds
SAT

=> TOTAL COMPLETION TIME (Makespan / UB): 727
Schedule is valid
 Time taken: 102.18 seconds
SAT

=> TOTAL COMPLETION TIME (Makespan / UB): 726
Schedule is valid
 Time taken: 102.66 seconds
SAT

=> TOTAL COMPLETION TIME (Makespan / UB): 725
Schedule is valid
 Time taken: 103.14 seconds
SAT

=> TOTAL COMPLETION TIME (Makespan / UB): 724
Schedule is valid
 Time taken: 104.57 seconds
SAT

=> TOTAL COMPLETION TIME (Makespan / UB): 723
Schedule is valid
 Time taken: 106.93 seconds
SAT

=> TOTAL COMPLETION TIME (Makespan / UB): 722
Schedule is valid
 Time taken: 106.96 seconds
SAT

=> TOTAL COMPLETION TIME (Makespan / UB): 721
Schedule is valid
 Time taken: 107.41 seconds
SAT

=> TOTAL COMPLETION TIME (Makespan / UB): 720
Schedule is valid
 Time taken: 109.23 seconds
[runlim] sample:		109.94 time, 110.01 real, 1008 MB, 1.06 load
SAT

=> TOTAL COMPLETION TIME (Makespan / UB): 719
Schedule is valid
 Time taken: 118.72 seconds
SAT

=> TOTAL COMPLETION TIME (Makespan / UB): 718
Schedule is valid
 Time taken: 119.62 seconds
SAT

=> TOTAL COMPLETION TIME (Makespan / UB): 717
Schedule is valid
 Time taken: 119.64 seconds
[runlim] sample:		119.95 time, 120.01 real, 1008 MB, 1.05 load
SAT

=> TOTAL COMPLETION TIME (Makespan / UB): 716
Schedule is valid
 Time taken: 122.04 seconds
SAT

=> TOTAL COMPLETION TIME (Makespan / UB): 715
Schedule is valid
 Time taken: 122.44 seconds
SAT

=> TOTAL COMPLETION TIME (Makespan / UB): 714
Schedule is valid
 Time taken: 122.46 seconds
SAT

=> TOTAL COMPLETION TIME (Makespan / UB): 713
Schedule is valid
 Time taken: 122.48 seconds
SAT

=> TOTAL COMPLETION TIME (Makespan / UB): 712
Schedule is valid
 Time taken: 122.97 seconds
SAT

=> TOTAL COMPLETION TIME (Makespan / UB): 711
Schedule is valid
 Time taken: 124.69 seconds
SAT

=> TOTAL COMPLETION TIME (Makespan / UB): 710
Schedule is valid
 Time taken: 125.28 seconds
SAT

=> TOTAL COMPLETION TIME (Makespan / UB): 709
Schedule is valid
 Time taken: 127.56 seconds
SAT

=> TOTAL COMPLETION TIME (Makespan / UB): 708
Schedule is valid
 Time taken: 127.98 seconds
[runlim] sample:		129.94 time, 130.01 real, 998 MB, 1.04 load
SAT

=> TOTAL COMPLETION TIME (Makespan / UB): 707
Schedule is valid
 Time taken: 131.32 seconds
SAT

=> TOTAL COMPLETION TIME (Makespan / UB): 706
Schedule is valid
 Time taken: 132.75 seconds
SAT

=> TOTAL COMPLETION TIME (Makespan / UB): 705
Schedule is valid
 Time taken: 133.11 seconds
SAT

=> TOTAL COMPLETION TIME (Makespan / UB): 704
Schedule is valid
 Time taken: 135.22 seconds
[runlim] sample:		139.94 time, 140.01 real, 1030 MB, 1.11 load
SAT

=> TOTAL COMPLETION TIME (Makespan / UB): 703
Schedule is valid
 Time taken: 144.43 seconds
SAT

=> TOTAL COMPLETION TIME (Makespan / UB): 702
Schedule is valid
 Time taken: 145.28 seconds
SAT

=> TOTAL COMPLETION TIME (Makespan / UB): 701
Schedule is valid
 Time taken: 147.09 seconds
SAT

=> TOTAL COMPLETION TIME (Makespan / UB): 700
Schedule is valid
 Time taken: 149.54 seconds
[runlim] sample:		149.93 time, 150.01 real, 991 MB, 1.09 load
SAT

=> TOTAL COMPLETION TIME (Makespan / UB): 699
Schedule is valid
 Time taken: 152.88 seconds
SAT

=> TOTAL COMPLETION TIME (Makespan / UB): 698
Schedule is valid
 Time taken: 155.37 seconds
SAT

=> TOTAL COMPLETION TIME (Makespan / UB): 697
Schedule is valid
 Time taken: 157.17 seconds
SAT

=> TOTAL COMPLETION TIME (Makespan / UB): 696
Schedule is valid
 Time taken: 158.60 seconds
[runlim] sample:		159.93 time, 160.01 real, 988 MB, 1.16 load
SAT

=> TOTAL COMPLETION TIME (Makespan / UB): 695
Schedule is valid
 Time taken: 161.01 seconds
SAT

=> TOTAL COMPLETION TIME (Makespan / UB): 694
Schedule is valid
 Time taken: 162.85 seconds
SAT

=> TOTAL COMPLETION TIME (Makespan / UB): 693
Schedule is valid
 Time taken: 163.28 seconds
SAT

=> TOTAL COMPLETION TIME (Makespan / UB): 692
Schedule is valid
 Time taken: 166.82 seconds
[runlim] sample:		169.92 time, 170.01 real, 983 MB, 1.13 load
SAT

=> TOTAL COMPLETION TIME (Makespan / UB): 691
Schedule is valid
 Time taken: 175.92 seconds
SAT

=> TOTAL COMPLETION TIME (Makespan / UB): 690
Schedule is valid
 Time taken: 176.75 seconds
SAT

=> TOTAL COMPLETION TIME (Makespan / UB): 689
Schedule is valid
 Time taken: 179.09 seconds
SAT

=> TOTAL COMPLETION TIME (Makespan / UB): 688
Schedule is valid
 Time taken: 179.65 seconds
[runlim] sample:		179.92 time, 180.01 real, 982 MB, 1.11 load
SAT

=> TOTAL COMPLETION TIME (Makespan / UB): 687
Schedule is valid
 Time taken: 181.63 seconds
SAT

=> TOTAL COMPLETION TIME (Makespan / UB): 686
Schedule is valid
 Time taken: 183.39 seconds
SAT

=> TOTAL COMPLETION TIME (Makespan / UB): 685
Schedule is valid
 Time taken: 186.39 seconds
SAT

=> TOTAL COMPLETION TIME (Makespan / UB): 684
Schedule is valid
 Time taken: 189.48 seconds
[runlim] sample:		189.91 time, 190.01 real, 981 MB, 1.09 load
SAT

=> TOTAL COMPLETION TIME (Makespan / UB): 683
Schedule is valid
 Time taken: 191.45 seconds
SAT

=> TOTAL COMPLETION TIME (Makespan / UB): 682
Schedule is valid
 Time taken: 193.87 seconds
SAT

=> TOTAL COMPLETION TIME (Makespan / UB): 681
Schedule is valid
 Time taken: 195.88 seconds
[runlim] sample:		199.90 time, 200.01 real, 978 MB, 1.08 load
SAT

=> TOTAL COMPLETION TIME (Makespan / UB): 680
Schedule is valid
 Time taken: 204.64 seconds
SAT

=> TOTAL COMPLETION TIME (Makespan / UB): 679
Schedule is valid
 Time taken: 207.02 seconds
SAT

=> TOTAL COMPLETION TIME (Makespan / UB): 678
Schedule is valid
 Time taken: 208.84 seconds
[runlim] sample:		209.90 time, 210.01 real, 976 MB, 1.22 load
SAT

=> TOTAL COMPLETION TIME (Makespan / UB): 677
Schedule is valid
 Time taken: 212.80 seconds
SAT

=> TOTAL COMPLETION TIME (Makespan / UB): 676
Schedule is valid
 Time taken: 214.74 seconds
SAT

=> TOTAL COMPLETION TIME (Makespan / UB): 675
Schedule is valid
 Time taken: 216.67 seconds
SAT

=> TOTAL COMPLETION TIME (Makespan / UB): 674
Schedule is valid
 Time taken: 219.35 seconds
SAT

=> TOTAL COMPLETION TIME (Makespan / UB): 673
Schedule is valid
 Time taken: 219.77 seconds
[runlim] sample:		219.90 time, 220.01 real, 971 MB, 1.19 load
SAT

=> TOTAL COMPLETION TIME (Makespan / UB): 672
Schedule is valid
 Time taken: 221.56 seconds
SAT

=> TOTAL COMPLETION TIME (Makespan / UB): 671
Schedule is valid
 Time taken: 223.96 seconds
SAT

=> TOTAL COMPLETION TIME (Makespan / UB): 670
Schedule is valid
 Time taken: 227.23 seconds
SAT

=> TOTAL COMPLETION TIME (Makespan / UB): 669
Schedule is valid
 Time taken: 229.45 seconds
SAT

=> TOTAL COMPLETION TIME (Makespan / UB): 668
Schedule is valid
 Time taken: 229.46 seconds
[runlim] sample:		229.88 time, 230.01 real, 1037 MB, 1.16 load
SAT

=> TOTAL COMPLETION TIME (Makespan / UB): 667
Schedule is valid
 Time taken: 236.57 seconds
SAT

=> TOTAL COMPLETION TIME (Makespan / UB): 666
Schedule is valid
 Time taken: 239.13 seconds
[runlim] sample:		239.88 time, 240.01 real, 966 MB, 1.13 load
SAT

=> TOTAL COMPLETION TIME (Makespan / UB): 665
Schedule is valid
 Time taken: 242.26 seconds
SAT

=> TOTAL COMPLETION TIME (Makespan / UB): 664
Schedule is valid
 Time taken: 244.87 seconds
SAT

=> TOTAL COMPLETION TIME (Makespan / UB): 663
Schedule is valid
 Time taken: 246.67 seconds
[runlim] sample:		249.87 time, 250.01 real, 963 MB, 1.11 load
SAT

=> TOTAL COMPLETION TIME (Makespan / UB): 662
Schedule is valid
 Time taken: 256.37 seconds
SAT

=> TOTAL COMPLETION TIME (Makespan / UB): 661
Schedule is valid
 Time taken: 258.52 seconds
[runlim] sample:		259.87 time, 260.01 real, 962 MB, 1.09 load
SAT

=> TOTAL COMPLETION TIME (Makespan / UB): 660
Schedule is valid
 Time taken: 264.83 seconds
SAT

=> TOTAL COMPLETION TIME (Makespan / UB): 659
Schedule is valid
 Time taken: 267.99 seconds
[runlim] sample:		269.87 time, 270.01 real, 961 MB, 1.08 load
SAT

=> TOTAL COMPLETION TIME (Makespan / UB): 658
Schedule is valid
 Time taken: 277.48 seconds
[runlim] sample:		279.86 time, 280.01 real, 960 MB, 1.14 load
SAT

=> TOTAL COMPLETION TIME (Makespan / UB): 657
Schedule is valid
 Time taken: 285.58 seconds
SAT

=> TOTAL COMPLETION TIME (Makespan / UB): 656
Schedule is valid
 Time taken: 289.87 seconds
[runlim] sample:		289.86 time, 290.01 real, 959 MB, 1.20 load
[runlim] sample:		299.86 time, 300.01 real, 960 MB, 1.17 load
SAT

=> TOTAL COMPLETION TIME (Makespan / UB): 655
Schedule is valid
 Time taken: 301.88 seconds
[runlim] sample:		309.85 time, 310.01 real, 958 MB, 1.22 load
SAT

=> TOTAL COMPLETION TIME (Makespan / UB): 654
Schedule is valid
 Time taken: 310.14 seconds
[runlim] sample:		319.84 time, 320.01 real, 957 MB, 1.19 load
SAT

=> TOTAL COMPLETION TIME (Makespan / UB): 653
Schedule is valid
 Time taken: 322.61 seconds
SAT

=> TOTAL COMPLETION TIME (Makespan / UB): 652
Schedule is valid
 Time taken: 325.77 seconds
[runlim] sample:		329.85 time, 330.01 real, 1019 MB, 1.24 load
[runlim] sample:		339.84 time, 340.01 real, 955 MB, 1.20 load
SAT

=> TOTAL COMPLETION TIME (Makespan / UB): 651
Schedule is valid
 Time taken: 341.83 seconds
SAT

=> TOTAL COMPLETION TIME (Makespan / UB): 650
Schedule is valid
 Time taken: 349.75 seconds
[runlim] sample:		349.83 time, 350.01 real, 955 MB, 1.25 load
SAT

=> TOTAL COMPLETION TIME (Makespan / UB): 649
Schedule is valid
 Time taken: 351.95 seconds
[runlim] sample:		359.83 time, 360.01 real, 954 MB, 1.21 load
SAT

=> TOTAL COMPLETION TIME (Makespan / UB): 648
Schedule is valid
 Time taken: 360.32 seconds
[runlim] sample:		369.82 time, 370.01 real, 1017 MB, 1.18 load
SAT

=> TOTAL COMPLETION TIME (Makespan / UB): 647
Schedule is valid
 Time taken: 377.68 seconds
[runlim] sample:		379.82 time, 380.01 real, 954 MB, 1.15 load
SAT

=> TOTAL COMPLETION TIME (Makespan / UB): 646
Schedule is valid
 Time taken: 386.09 seconds
[runlim] sample:		389.82 time, 390.01 real, 954 MB, 1.13 load
SAT

=> TOTAL COMPLETION TIME (Makespan / UB): 645
Schedule is valid
 Time taken: 396.36 seconds
SAT

=> TOTAL COMPLETION TIME (Makespan / UB): 644
Schedule is valid
 Time taken: 398.86 seconds
[runlim] sample:		399.80 time, 400.01 real, 952 MB, 1.11 load
[runlim] sample:		409.80 time, 410.01 real, 952 MB, 1.09 load
[runlim] sample:		419.80 time, 420.01 real, 952 MB, 1.08 load
[runlim] sample:		429.79 time, 430.01 real, 950 MB, 1.06 load
[runlim] sample:		439.79 time, 440.01 real, 951 MB, 1.05 load
SAT

=> TOTAL COMPLETION TIME (Makespan / UB): 643
Schedule is valid
 Time taken: 445.14 seconds
SAT

=> TOTAL COMPLETION TIME (Makespan / UB): 642
Schedule is valid
 Time taken: 445.36 seconds
[runlim] sample:		449.78 time, 450.01 real, 1126 MB, 1.04 load
SAT

=> TOTAL COMPLETION TIME (Makespan / UB): 641
Schedule is valid
 Time taken: 455.96 seconds
[runlim] sample:		459.78 time, 460.01 real, 960 MB, 1.04 load
SAT

=> TOTAL COMPLETION TIME (Makespan / UB): 640
Schedule is valid
 Time taken: 469.65 seconds
[runlim] sample:		469.77 time, 470.01 real, 950 MB, 1.03 load
SAT

=> TOTAL COMPLETION TIME (Makespan / UB): 639
Schedule is valid
 Time taken: 478.61 seconds
[runlim] sample:		479.77 time, 480.01 real, 949 MB, 1.03 load
[runlim] sample:		489.77 time, 490.01 real, 949 MB, 1.02 load
SAT

=> TOTAL COMPLETION TIME (Makespan / UB): 638
Schedule is valid
 Time taken: 491.08 seconds
[runlim] sample:		499.76 time, 500.01 real, 950 MB, 1.02 load
[runlim] sample:		509.76 time, 510.01 real, 950 MB, 1.18 load
[runlim] sample:		519.75 time, 520.01 real, 951 MB, 1.15 load
[runlim] sample:		529.75 time, 530.01 real, 948 MB, 1.27 load
[runlim] sample:		539.75 time, 540.01 real, 948 MB, 1.23 load
[runlim] sample:		549.74 time, 550.01 real, 958 MB, 1.19 load
SAT

=> TOTAL COMPLETION TIME (Makespan / UB): 637
Schedule is valid
 Time taken: 554.13 seconds
[runlim] sample:		559.74 time, 560.01 real, 956 MB, 1.16 load
SAT

=> TOTAL COMPLETION TIME (Makespan / UB): 636
Schedule is valid
 Time taken: 567.36 seconds
[runlim] sample:		569.73 time, 570.01 real, 952 MB, 1.14 load
[runlim] sample:		579.73 time, 580.01 real, 952 MB, 1.12 load
SAT

=> TOTAL COMPLETION TIME (Makespan / UB): 635
Schedule is valid
 Time taken: 582.48 seconds
[runlim] sample:		589.73 time, 590.01 real, 951 MB, 1.10 load
[runlim] sample:		599.72 time, 600.01 real, 952 MB, 1.08 load
[runlim] sample:		609.72 time, 610.01 real, 952 MB, 1.07 load
[runlim] sample:		619.71 time, 620.01 real, 945 MB, 1.06 load
[runlim] sample:		629.72 time, 630.01 real, 957 MB, 1.05 load
[runlim] sample:		639.71 time, 640.01 real, 957 MB, 1.04 load
SAT

=> TOTAL COMPLETION TIME (Makespan / UB): 634
Schedule is valid
 Time taken: 649.55 seconds
[runlim] sample:		649.70 time, 650.01 real, 957 MB, 1.03 load
[runlim] sample:		659.70 time, 660.01 real, 953 MB, 1.03 load
[runlim] sample:		669.70 time, 670.01 real, 954 MB, 1.02 load
[runlim] sample:		679.69 time, 680.01 real, 954 MB, 1.02 load
SAT

=> TOTAL COMPLETION TIME (Makespan / UB): 633
Schedule is valid
 Time taken: 686.75 seconds
[runlim] sample:		689.69 time, 690.01 real, 945 MB, 1.02 load
[runlim] sample:		699.68 time, 700.01 real, 951 MB, 1.01 load
SAT

=> TOTAL COMPLETION TIME (Makespan / UB): 632
Schedule is valid
 Time taken: 705.73 seconds
[runlim] sample:		709.68 time, 710.01 real, 951 MB, 1.17 load
[runlim] sample:		719.67 time, 720.01 real, 954 MB, 1.14 load
SAT

=> TOTAL COMPLETION TIME (Makespan / UB): 631
Schedule is valid
 Time taken: 722.26 seconds
[runlim] sample:		729.67 time, 730.01 real, 954 MB, 1.12 load
[runlim] sample:		739.67 time, 740.01 real, 954 MB, 1.10 load
[runlim] sample:		749.67 time, 750.01 real, 952 MB, 1.08 load
[runlim] sample:		759.66 time, 760.01 real, 952 MB, 1.07 load
[runlim] sample:		769.66 time, 770.01 real, 960 MB, 1.06 load
[runlim] sample:		779.66 time, 780.01 real, 960 MB, 1.05 load
[runlim] sample:		789.65 time, 790.01 real, 960 MB, 1.04 load
[runlim] sample:		799.65 time, 800.01 real, 970 MB, 1.03 load
[runlim] sample:		809.65 time, 810.01 real, 970 MB, 1.03 load
[runlim] sample:		819.64 time, 820.01 real, 970 MB, 1.02 load
[runlim] sample:		829.64 time, 830.01 real, 965 MB, 1.02 load
[runlim] sample:		839.64 time, 840.01 real, 965 MB, 1.02 load
[runlim] sample:		849.63 time, 850.01 real, 952 MB, 1.01 load
[runlim] sample:		859.63 time, 860.01 real, 952 MB, 1.01 load
[runlim] sample:		869.62 time, 870.01 real, 953 MB, 1.01 load
[runlim] sample:		879.62 time, 880.01 real, 953 MB, 1.01 load
[runlim] sample:		889.62 time, 890.01 real, 954 MB, 1.01 load
[runlim] sample:		899.61 time, 900.01 real, 954 MB, 1.15 load
[runlim] sample:		909.61 time, 910.01 real, 961 MB, 1.13 load
[runlim] sample:		919.60 time, 920.01 real, 961 MB, 1.11 load
[runlim] sample:		929.60 time, 930.01 real, 971 MB, 1.17 load
[runlim] sample:		939.60 time, 940.01 real, 971 MB, 1.14 load
[runlim] sample:		949.59 time, 950.01 real, 971 MB, 1.12 load
[runlim] sample:		959.58 time, 960.01 real, 973 MB, 1.10 load
[runlim] sample:		969.58 time, 970.01 real, 973 MB, 1.08 load
[runlim] sample:		979.58 time, 980.01 real, 973 MB, 1.07 load
[runlim] sample:		989.57 time, 990.01 real, 978 MB, 1.06 load
[runlim] sample:		999.57 time, 1000.01 real, 978 MB, 1.05 load
[runlim] sample:		1009.56 time, 1010.01 real, 978 MB, 1.04 load
[runlim] sample:		1019.56 time, 1020.01 real, 978 MB, 1.03 load
[runlim] sample:		1029.55 time, 1030.01 real, 984 MB, 1.03 load
[runlim] sample:		1039.55 time, 1040.01 real, 984 MB, 1.02 load
[runlim] sample:		1049.55 time, 1050.01 real, 984 MB, 1.02 load
[runlim] sample:		1059.54 time, 1060.01 real, 982 MB, 1.02 load
[runlim] sample:		1069.54 time, 1070.01 real, 982 MB, 1.01 load
[runlim] sample:		1079.54 time, 1080.01 real, 982 MB, 1.01 load
[runlim] sample:		1089.53 time, 1090.01 real, 982 MB, 1.01 load
[runlim] sample:		1099.53 time, 1100.01 real, 986 MB, 1.01 load
[runlim] sample:		1109.52 time, 1110.01 real, 986 MB, 1.01 load
[runlim] sample:		1119.52 time, 1120.01 real, 986 MB, 1.00 load
[runlim] sample:		1129.51 time, 1130.01 real, 986 MB, 1.00 load
[runlim] sample:		1139.51 time, 1140.01 real, 990 MB, 1.00 load
[runlim] sample:		1149.50 time, 1150.01 real, 990 MB, 1.00 load
[runlim] sample:		1159.50 time, 1160.01 real, 958 MB, 1.00 load
[runlim] sample:		1169.50 time, 1170.01 real, 958 MB, 1.00 load
[runlim] sample:		1179.50 time, 1180.01 real, 956 MB, 1.00 load
[runlim] sample:		1189.49 time, 1190.01 real, 956 MB, 1.00 load
[runlim] sample:		1199.49 time, 1200.01 real, 956 MB, 1.00 load
[runlim] sample:		1209.48 time, 1210.01 real, 957 MB, 1.15 load
[runlim] sample:		1219.47 time, 1220.01 real, 957 MB, 1.13 load
[runlim] sample:		1229.47 time, 1230.01 real, 957 MB, 1.11 load
[runlim] sample:		1239.48 time, 1240.01 real, 958 MB, 1.09 load
[runlim] sample:		1249.47 time, 1250.01 real, 958 MB, 1.15 load
[runlim] sample:		1259.47 time, 1260.01 real, 959 MB, 1.13 load
[runlim] sample:		1269.46 time, 1270.01 real, 959 MB, 1.18 load
[runlim] sample:		1279.46 time, 1280.01 real, 959 MB, 1.15 load
[runlim] sample:		1289.45 time, 1290.01 real, 959 MB, 1.20 load
[runlim] sample:		1299.45 time, 1300.01 real, 959 MB, 1.17 load
[runlim] sample:		1309.45 time, 1310.01 real, 959 MB, 1.22 load
[runlim] sample:		1319.45 time, 1320.01 real, 960 MB, 1.19 load
[runlim] sample:		1329.44 time, 1330.01 real, 960 MB, 1.23 load
[runlim] sample:		1339.44 time, 1340.01 real, 960 MB, 1.19 load
[runlim] sample:		1349.43 time, 1350.01 real, 960 MB, 1.24 load
[runlim] sample:		1359.43 time, 1360.01 real, 960 MB, 1.20 load
[runlim] sample:		1369.42 time, 1370.01 real, 961 MB, 1.17 load
[runlim] sample:		1379.42 time, 1380.01 real, 961 MB, 1.14 load
[runlim] sample:		1389.41 time, 1390.01 real, 961 MB, 1.12 load
[runlim] sample:		1399.41 time, 1400.01 real, 962 MB, 1.18 load
[runlim] sample:		1409.40 time, 1410.01 real, 1009 MB, 1.15 load
[runlim] sample:		1419.39 time, 1420.01 real, 962 MB, 1.13 load
[runlim] sample:		1429.39 time, 1430.01 real, 1099 MB, 1.11 load
[runlim] sample:		1439.38 time, 1440.01 real, 962 MB, 1.09 load
[runlim] sample:		1449.37 time, 1450.01 real, 962 MB, 1.08 load
[runlim] sample:		1459.38 time, 1460.01 real, 963 MB, 1.07 load
[runlim] sample:		1469.37 time, 1470.01 real, 963 MB, 1.06 load
[runlim] sample:		1479.37 time, 1480.01 real, 963 MB, 1.05 load
[runlim] sample:		1489.36 time, 1490.01 real, 963 MB, 1.04 load
[runlim] sample:		1499.36 time, 1500.01 real, 963 MB, 1.03 load
SAT

=> TOTAL COMPLETION TIME (Makespan / UB): 630
Schedule is valid
 Time taken: 1504.47 seconds
[runlim] sample:		1509.34 time, 1510.01 real, 963 MB, 1.03 load
[runlim] sample:		1519.35 time, 1520.01 real, 968 MB, 1.02 load
[runlim] sample:		1529.34 time, 1530.01 real, 968 MB, 1.02 load
[runlim] sample:		1539.34 time, 1540.01 real, 969 MB, 1.02 load
[runlim] sample:		1549.33 time, 1550.01 real, 970 MB, 1.01 load
[runlim] sample:		1559.33 time, 1560.01 real, 971 MB, 1.01 load
[runlim] sample:		1569.32 time, 1570.01 real, 971 MB, 1.01 load
[runlim] sample:		1579.31 time, 1580.01 real, 989 MB, 1.01 load
[runlim] sample:		1589.31 time, 1590.01 real, 989 MB, 1.00 load
[runlim] sample:		1599.30 time, 1600.01 real, 989 MB, 1.00 load
[runlim] sample:		1609.30 time, 1610.01 real, 979 MB, 1.00 load
[runlim] sample:		1619.29 time, 1620.01 real, 979 MB, 1.00 load
[runlim] sample:		1629.29 time, 1630.01 real, 979 MB, 1.00 load
[runlim] sample:		1639.29 time, 1640.01 real, 963 MB, 1.00 load
[runlim] sample:		1649.28 time, 1650.01 real, 963 MB, 1.00 load
[runlim] sample:		1659.28 time, 1660.01 real, 963 MB, 1.00 load
[runlim] sample:		1669.26 time, 1670.01 real, 964 MB, 1.00 load
[runlim] sample:		1679.26 time, 1680.01 real, 964 MB, 1.00 load
[runlim] sample:		1689.26 time, 1690.01 real, 964 MB, 1.07 load
[runlim] sample:		1699.25 time, 1700.01 real, 977 MB, 1.06 load
SAT

=> TOTAL COMPLETION TIME (Makespan / UB): 629
Schedule is valid
 Time taken: 1701.90 seconds
[runlim] sample:		1709.24 time, 1710.01 real, 977 MB, 1.21 load
[runlim] sample:		1719.24 time, 1720.01 real, 977 MB, 1.17 load
[runlim] sample:		1729.24 time, 1730.01 real, 978 MB, 1.15 load
[runlim] sample:		1739.23 time, 1740.01 real, 978 MB, 1.12 load
SAT

=> TOTAL COMPLETION TIME (Makespan / UB): 628
Schedule is valid
 Time taken: 1748.51 seconds
[runlim] sample:		1749.23 time, 1750.01 real, 978 MB, 1.10 load
[runlim] sample:		1759.23 time, 1760.01 real, 971 MB, 1.09 load
[runlim] sample:		1769.22 time, 1770.01 real, 969 MB, 1.07 load
[runlim] sample:		1779.21 time, 1780.01 real, 969 MB, 1.06 load
[runlim] sample:		1789.21 time, 1790.01 real, 970 MB, 1.05 load
[runlim] sample:		1799.21 time, 1800.01 real, 970 MB, 1.04 load
[runlim] end:			Thu Apr 23 02:38:16 2026
[runlim] status:		out of time
[runlim] result:		2
[runlim] children:		1
[runlim] processes:		2
[runlim] real:			1801.06 seconds
[runlim] time:			1799.21 seconds
[runlim] space:			1369 MB
[runlim] load:			1.30 maximum
[runlim] samples:		18000
