[runlim] version:		2.0.0rc12
[runlim] host:			ap-Precision-7550
[runlim] time limit:		311040000 seconds
[runlim] real time limit:	1800 seconds
[runlim] space limit:		14000 MB
[runlim] argv[0]:		python3
[runlim] argv[1]:		-u
[runlim] argv[2]:		sm_var.py
[runlim] argv[3]:		datasets/dafjs/DAFJS08
[runlim] start:			Thu Apr 23 01:05:01 2026
[runlim] child:			25145
Operations: 85, Edges: 82, Machines: 10
Greedy Schedule UB: 670
Building constraints took 1.64 seconds.
SAT

=> TOTAL COMPLETION TIME (Makespan / UB): 669
Schedule is valid
 Time taken: 1.75 seconds
SAT

=> TOTAL COMPLETION TIME (Makespan / UB): 668
Schedule is valid
 Time taken: 1.76 seconds
SAT

=> TOTAL COMPLETION TIME (Makespan / UB): 667
Schedule is valid
 Time taken: 1.76 seconds
SAT

=> TOTAL COMPLETION TIME (Makespan / UB): 666
Schedule is valid
 Time taken: 1.77 seconds
SAT

=> TOTAL COMPLETION TIME (Makespan / UB): 665
Schedule is valid
 Time taken: 1.78 seconds
SAT

=> TOTAL COMPLETION TIME (Makespan / UB): 664
Schedule is valid
 Time taken: 1.78 seconds
SAT

=> TOTAL COMPLETION TIME (Makespan / UB): 663
Schedule is valid
 Time taken: 1.79 seconds
SAT

=> TOTAL COMPLETION TIME (Makespan / UB): 662
Schedule is valid
 Time taken: 1.80 seconds
SAT

=> TOTAL COMPLETION TIME (Makespan / UB): 661
Schedule is valid
 Time taken: 1.80 seconds
SAT

=> TOTAL COMPLETION TIME (Makespan / UB): 660
Schedule is valid
 Time taken: 1.81 seconds
SAT

=> TOTAL COMPLETION TIME (Makespan / UB): 659
Schedule is valid
 Time taken: 1.81 seconds
SAT

=> TOTAL COMPLETION TIME (Makespan / UB): 658
Schedule is valid
 Time taken: 1.82 seconds
SAT

=> TOTAL COMPLETION TIME (Makespan / UB): 657
Schedule is valid
 Time taken: 1.83 seconds
SAT

=> TOTAL COMPLETION TIME (Makespan / UB): 656
Schedule is valid
 Time taken: 1.83 seconds
SAT

=> TOTAL COMPLETION TIME (Makespan / UB): 655
Schedule is valid
 Time taken: 1.84 seconds
SAT

=> TOTAL COMPLETION TIME (Makespan / UB): 654
Schedule is valid
 Time taken: 1.84 seconds
SAT

=> TOTAL COMPLETION TIME (Makespan / UB): 653
Schedule is valid
 Time taken: 1.85 seconds
SAT

=> TOTAL COMPLETION TIME (Makespan / UB): 652
Schedule is valid
 Time taken: 1.86 seconds
SAT

=> TOTAL COMPLETION TIME (Makespan / UB): 651
Schedule is valid
 Time taken: 1.86 seconds
SAT

=> TOTAL COMPLETION TIME (Makespan / UB): 650
Schedule is valid
 Time taken: 1.87 seconds
SAT

=> TOTAL COMPLETION TIME (Makespan / UB): 649
Schedule is valid
 Time taken: 1.87 seconds
SAT

=> TOTAL COMPLETION TIME (Makespan / UB): 648
Schedule is valid
 Time taken: 1.88 seconds
SAT

=> TOTAL COMPLETION TIME (Makespan / UB): 647
Schedule is valid
 Time taken: 1.88 seconds
SAT

=> TOTAL COMPLETION TIME (Makespan / UB): 646
Schedule is valid
 Time taken: 1.89 seconds
SAT

=> TOTAL COMPLETION TIME (Makespan / UB): 645
Schedule is valid
 Time taken: 1.90 seconds
SAT

=> TOTAL COMPLETION TIME (Makespan / UB): 644
Schedule is valid
 Time taken: 1.90 seconds
SAT

=> TOTAL COMPLETION TIME (Makespan / UB): 643
Schedule is valid
 Time taken: 1.91 seconds
SAT

=> TOTAL COMPLETION TIME (Makespan / UB): 642
Schedule is valid
 Time taken: 1.91 seconds
SAT

=> TOTAL COMPLETION TIME (Makespan / UB): 641
Schedule is valid
 Time taken: 1.92 seconds
SAT

=> TOTAL COMPLETION TIME (Makespan / UB): 640
Schedule is valid
 Time taken: 1.97 seconds
SAT

=> TOTAL COMPLETION TIME (Makespan / UB): 639
Schedule is valid
 Time taken: 1.98 seconds
SAT

=> TOTAL COMPLETION TIME (Makespan / UB): 638
Schedule is valid
 Time taken: 1.98 seconds
SAT

=> TOTAL COMPLETION TIME (Makespan / UB): 637
Schedule is valid
 Time taken: 1.99 seconds
SAT

=> TOTAL COMPLETION TIME (Makespan / UB): 636
Schedule is valid
 Time taken: 1.99 seconds
SAT

=> TOTAL COMPLETION TIME (Makespan / UB): 635
Schedule is valid
 Time taken: 2.00 seconds
SAT

=> TOTAL COMPLETION TIME (Makespan / UB): 634
Schedule is valid
 Time taken: 2.01 seconds
SAT

=> TOTAL COMPLETION TIME (Makespan / UB): 633
Schedule is valid
 Time taken: 2.41 seconds
SAT

=> TOTAL COMPLETION TIME (Makespan / UB): 632
Schedule is valid
 Time taken: 2.55 seconds
SAT

=> TOTAL COMPLETION TIME (Makespan / UB): 631
Schedule is valid
 Time taken: 2.56 seconds
SAT

=> TOTAL COMPLETION TIME (Makespan / UB): 630
Schedule is valid
 Time taken: 2.57 seconds
SAT

=> TOTAL COMPLETION TIME (Makespan / UB): 629
Schedule is valid
 Time taken: 2.58 seconds
SAT

=> TOTAL COMPLETION TIME (Makespan / UB): 628
Schedule is valid
 Time taken: 2.59 seconds
UNSAT
status: optimal
Time taken: 2.59 seconds
[runlim] end:			Thu Apr 23 01:05:03 2026
[runlim] status:		ok
[runlim] result:		0
[runlim] children:		1
[runlim] processes:		2
[runlim] real:			2.64 seconds
[runlim] time:			2.59 seconds
[runlim] space:			249 MB
[runlim] load:			1.53 maximum
[runlim] samples:		27
