[runlim] version:		2.0.0rc12
[runlim] host:			ap-Precision-7550
[runlim] time limit:		311040000 seconds
[runlim] real time limit:	1800 seconds
[runlim] space limit:		14000 MB
[runlim] argv[0]:		python3
[runlim] argv[1]:		-u
[runlim] argv[2]:		sm_var.py
[runlim] argv[3]:		datasets/dafjs/DAFJS23
[runlim] start:			Thu Apr 23 07:16:08 2026
[runlim] child:			37171
Operations: 76, Edges: 71, Machines: 9
Greedy Schedule UB: 659
Building constraints took 2.44 seconds.
SAT

=> TOTAL COMPLETION TIME (Makespan / UB): 658
Schedule is valid
 Time taken: 2.63 seconds
SAT

=> TOTAL COMPLETION TIME (Makespan / UB): 657
Schedule is valid
 Time taken: 2.64 seconds
SAT

=> TOTAL COMPLETION TIME (Makespan / UB): 656
Schedule is valid
 Time taken: 2.64 seconds
SAT

=> TOTAL COMPLETION TIME (Makespan / UB): 655
Schedule is valid
 Time taken: 2.65 seconds
SAT

=> TOTAL COMPLETION TIME (Makespan / UB): 654
Schedule is valid
 Time taken: 2.65 seconds
SAT

=> TOTAL COMPLETION TIME (Makespan / UB): 653
Schedule is valid
 Time taken: 2.66 seconds
SAT

=> TOTAL COMPLETION TIME (Makespan / UB): 652
Schedule is valid
 Time taken: 2.66 seconds
SAT

=> TOTAL COMPLETION TIME (Makespan / UB): 651
Schedule is valid
 Time taken: 2.67 seconds
SAT

=> TOTAL COMPLETION TIME (Makespan / UB): 650
Schedule is valid
 Time taken: 2.68 seconds
SAT

=> TOTAL COMPLETION TIME (Makespan / UB): 649
Schedule is valid
 Time taken: 2.68 seconds
SAT

=> TOTAL COMPLETION TIME (Makespan / UB): 648
Schedule is valid
 Time taken: 2.69 seconds
SAT

=> TOTAL COMPLETION TIME (Makespan / UB): 647
Schedule is valid
 Time taken: 2.70 seconds
SAT

=> TOTAL COMPLETION TIME (Makespan / UB): 646
Schedule is valid
 Time taken: 2.70 seconds
SAT

=> TOTAL COMPLETION TIME (Makespan / UB): 645
Schedule is valid
 Time taken: 2.71 seconds
SAT

=> TOTAL COMPLETION TIME (Makespan / UB): 644
Schedule is valid
 Time taken: 2.71 seconds
SAT

=> TOTAL COMPLETION TIME (Makespan / UB): 643
Schedule is valid
 Time taken: 2.72 seconds
SAT

=> TOTAL COMPLETION TIME (Makespan / UB): 642
Schedule is valid
 Time taken: 2.72 seconds
SAT

=> TOTAL COMPLETION TIME (Makespan / UB): 641
Schedule is valid
 Time taken: 2.73 seconds
SAT

=> TOTAL COMPLETION TIME (Makespan / UB): 640
Schedule is valid
 Time taken: 2.74 seconds
SAT

=> TOTAL COMPLETION TIME (Makespan / UB): 639
Schedule is valid
 Time taken: 2.76 seconds
SAT

=> TOTAL COMPLETION TIME (Makespan / UB): 638
Schedule is valid
 Time taken: 2.77 seconds
SAT

=> TOTAL COMPLETION TIME (Makespan / UB): 637
Schedule is valid
 Time taken: 2.78 seconds
SAT

=> TOTAL COMPLETION TIME (Makespan / UB): 636
Schedule is valid
 Time taken: 2.78 seconds
SAT

=> TOTAL COMPLETION TIME (Makespan / UB): 635
Schedule is valid
 Time taken: 2.79 seconds
SAT

=> TOTAL COMPLETION TIME (Makespan / UB): 634
Schedule is valid
 Time taken: 2.79 seconds
SAT

=> TOTAL COMPLETION TIME (Makespan / UB): 633
Schedule is valid
 Time taken: 2.80 seconds
SAT

=> TOTAL COMPLETION TIME (Makespan / UB): 632
Schedule is valid
 Time taken: 2.80 seconds
SAT

=> TOTAL COMPLETION TIME (Makespan / UB): 631
Schedule is valid
 Time taken: 2.81 seconds
SAT

=> TOTAL COMPLETION TIME (Makespan / UB): 630
Schedule is valid
 Time taken: 3.12 seconds
SAT

=> TOTAL COMPLETION TIME (Makespan / UB): 629
Schedule is valid
 Time taken: 3.13 seconds
SAT

=> TOTAL COMPLETION TIME (Makespan / UB): 628
Schedule is valid
 Time taken: 3.13 seconds
SAT

=> TOTAL COMPLETION TIME (Makespan / UB): 627
Schedule is valid
 Time taken: 3.14 seconds
SAT

=> TOTAL COMPLETION TIME (Makespan / UB): 626
Schedule is valid
 Time taken: 3.15 seconds
SAT

=> TOTAL COMPLETION TIME (Makespan / UB): 625
Schedule is valid
 Time taken: 3.16 seconds
SAT

=> TOTAL COMPLETION TIME (Makespan / UB): 624
Schedule is valid
 Time taken: 3.16 seconds
SAT

=> TOTAL COMPLETION TIME (Makespan / UB): 623
Schedule is valid
 Time taken: 3.17 seconds
SAT

=> TOTAL COMPLETION TIME (Makespan / UB): 622
Schedule is valid
 Time taken: 3.17 seconds
SAT

=> TOTAL COMPLETION TIME (Makespan / UB): 621
Schedule is valid
 Time taken: 3.18 seconds
SAT

=> TOTAL COMPLETION TIME (Makespan / UB): 620
Schedule is valid
 Time taken: 3.19 seconds
SAT

=> TOTAL COMPLETION TIME (Makespan / UB): 619
Schedule is valid
 Time taken: 3.20 seconds
SAT

=> TOTAL COMPLETION TIME (Makespan / UB): 618
Schedule is valid
 Time taken: 3.21 seconds
SAT

=> TOTAL COMPLETION TIME (Makespan / UB): 617
Schedule is valid
 Time taken: 3.22 seconds
SAT

=> TOTAL COMPLETION TIME (Makespan / UB): 616
Schedule is valid
 Time taken: 3.22 seconds
SAT

=> TOTAL COMPLETION TIME (Makespan / UB): 615
Schedule is valid
 Time taken: 3.23 seconds
SAT

=> TOTAL COMPLETION TIME (Makespan / UB): 614
Schedule is valid
 Time taken: 3.24 seconds
SAT

=> TOTAL COMPLETION TIME (Makespan / UB): 613
Schedule is valid
 Time taken: 3.24 seconds
SAT

=> TOTAL COMPLETION TIME (Makespan / UB): 612
Schedule is valid
 Time taken: 3.25 seconds
SAT

=> TOTAL COMPLETION TIME (Makespan / UB): 611
Schedule is valid
 Time taken: 3.25 seconds
SAT

=> TOTAL COMPLETION TIME (Makespan / UB): 610
Schedule is valid
 Time taken: 3.26 seconds
SAT

=> TOTAL COMPLETION TIME (Makespan / UB): 609
Schedule is valid
 Time taken: 3.27 seconds
SAT

=> TOTAL COMPLETION TIME (Makespan / UB): 608
Schedule is valid
 Time taken: 3.27 seconds
SAT

=> TOTAL COMPLETION TIME (Makespan / UB): 607
Schedule is valid
 Time taken: 3.28 seconds
SAT

=> TOTAL COMPLETION TIME (Makespan / UB): 606
Schedule is valid
 Time taken: 3.28 seconds
SAT

=> TOTAL COMPLETION TIME (Makespan / UB): 605
Schedule is valid
 Time taken: 3.29 seconds
SAT

=> TOTAL COMPLETION TIME (Makespan / UB): 604
Schedule is valid
 Time taken: 3.30 seconds
SAT

=> TOTAL COMPLETION TIME (Makespan / UB): 603
Schedule is valid
 Time taken: 3.30 seconds
SAT

=> TOTAL COMPLETION TIME (Makespan / UB): 602
Schedule is valid
 Time taken: 3.31 seconds
SAT

=> TOTAL COMPLETION TIME (Makespan / UB): 601
Schedule is valid
 Time taken: 3.31 seconds
SAT

=> TOTAL COMPLETION TIME (Makespan / UB): 600
Schedule is valid
 Time taken: 3.32 seconds
SAT

=> TOTAL COMPLETION TIME (Makespan / UB): 599
Schedule is valid
 Time taken: 3.32 seconds
SAT

=> TOTAL COMPLETION TIME (Makespan / UB): 598
Schedule is valid
 Time taken: 3.33 seconds
SAT

=> TOTAL COMPLETION TIME (Makespan / UB): 597
Schedule is valid
 Time taken: 3.34 seconds
SAT

=> TOTAL COMPLETION TIME (Makespan / UB): 596
Schedule is valid
 Time taken: 3.37 seconds
SAT

=> TOTAL COMPLETION TIME (Makespan / UB): 595
Schedule is valid
 Time taken: 3.37 seconds
SAT

=> TOTAL COMPLETION TIME (Makespan / UB): 594
Schedule is valid
 Time taken: 3.38 seconds
SAT

=> TOTAL COMPLETION TIME (Makespan / UB): 593
Schedule is valid
 Time taken: 3.39 seconds
SAT

=> TOTAL COMPLETION TIME (Makespan / UB): 592
Schedule is valid
 Time taken: 3.39 seconds
SAT

=> TOTAL COMPLETION TIME (Makespan / UB): 591
Schedule is valid
 Time taken: 3.40 seconds
SAT

=> TOTAL COMPLETION TIME (Makespan / UB): 590
Schedule is valid
 Time taken: 3.99 seconds
SAT

=> TOTAL COMPLETION TIME (Makespan / UB): 589
Schedule is valid
 Time taken: 4.00 seconds
SAT

=> TOTAL COMPLETION TIME (Makespan / UB): 588
Schedule is valid
 Time taken: 4.01 seconds
SAT

=> TOTAL COMPLETION TIME (Makespan / UB): 587
Schedule is valid
 Time taken: 4.01 seconds
SAT

=> TOTAL COMPLETION TIME (Makespan / UB): 586
Schedule is valid
 Time taken: 4.02 seconds
SAT

=> TOTAL COMPLETION TIME (Makespan / UB): 585
Schedule is valid
 Time taken: 4.02 seconds
SAT

=> TOTAL COMPLETION TIME (Makespan / UB): 584
Schedule is valid
 Time taken: 4.03 seconds
SAT

=> TOTAL COMPLETION TIME (Makespan / UB): 583
Schedule is valid
 Time taken: 4.03 seconds
SAT

=> TOTAL COMPLETION TIME (Makespan / UB): 582
Schedule is valid
 Time taken: 4.04 seconds
SAT

=> TOTAL COMPLETION TIME (Makespan / UB): 581
Schedule is valid
 Time taken: 4.05 seconds
SAT

=> TOTAL COMPLETION TIME (Makespan / UB): 580
Schedule is valid
 Time taken: 4.05 seconds
SAT

=> TOTAL COMPLETION TIME (Makespan / UB): 579
Schedule is valid
 Time taken: 4.06 seconds
SAT

=> TOTAL COMPLETION TIME (Makespan / UB): 578
Schedule is valid
 Time taken: 4.06 seconds
SAT

=> TOTAL COMPLETION TIME (Makespan / UB): 577
Schedule is valid
 Time taken: 4.07 seconds
SAT

=> TOTAL COMPLETION TIME (Makespan / UB): 576
Schedule is valid
 Time taken: 4.07 seconds
SAT

=> TOTAL COMPLETION TIME (Makespan / UB): 575
Schedule is valid
 Time taken: 4.08 seconds
SAT

=> TOTAL COMPLETION TIME (Makespan / UB): 574
Schedule is valid
 Time taken: 4.09 seconds
SAT

=> TOTAL COMPLETION TIME (Makespan / UB): 573
Schedule is valid
 Time taken: 4.95 seconds
SAT

=> TOTAL COMPLETION TIME (Makespan / UB): 572
Schedule is valid
 Time taken: 5.34 seconds
SAT

=> TOTAL COMPLETION TIME (Makespan / UB): 571
Schedule is valid
 Time taken: 5.34 seconds
SAT

=> TOTAL COMPLETION TIME (Makespan / UB): 570
Schedule is valid
 Time taken: 7.65 seconds
SAT

=> TOTAL COMPLETION TIME (Makespan / UB): 569
Schedule is valid
 Time taken: 7.66 seconds
SAT

=> TOTAL COMPLETION TIME (Makespan / UB): 568
Schedule is valid
 Time taken: 8.08 seconds
SAT

=> TOTAL COMPLETION TIME (Makespan / UB): 567
Schedule is valid
 Time taken: 8.33 seconds
SAT

=> TOTAL COMPLETION TIME (Makespan / UB): 566
Schedule is valid
 Time taken: 8.34 seconds
SAT

=> TOTAL COMPLETION TIME (Makespan / UB): 565
Schedule is valid
 Time taken: 8.34 seconds
SAT

=> TOTAL COMPLETION TIME (Makespan / UB): 564
Schedule is valid
 Time taken: 8.35 seconds
SAT

=> TOTAL COMPLETION TIME (Makespan / UB): 563
Schedule is valid
 Time taken: 8.35 seconds
SAT

=> TOTAL COMPLETION TIME (Makespan / UB): 562
Schedule is valid
 Time taken: 8.36 seconds
SAT

=> TOTAL COMPLETION TIME (Makespan / UB): 561
Schedule is valid
 Time taken: 8.36 seconds
SAT

=> TOTAL COMPLETION TIME (Makespan / UB): 560
Schedule is valid
 Time taken: 8.37 seconds
SAT

=> TOTAL COMPLETION TIME (Makespan / UB): 559
Schedule is valid
 Time taken: 8.38 seconds
SAT

=> TOTAL COMPLETION TIME (Makespan / UB): 558
Schedule is valid
 Time taken: 9.04 seconds
SAT

=> TOTAL COMPLETION TIME (Makespan / UB): 557
Schedule is valid
 Time taken: 9.21 seconds
SAT

=> TOTAL COMPLETION TIME (Makespan / UB): 556
Schedule is valid
 Time taken: 9.22 seconds
SAT

=> TOTAL COMPLETION TIME (Makespan / UB): 555
Schedule is valid
 Time taken: 9.23 seconds
SAT

=> TOTAL COMPLETION TIME (Makespan / UB): 554
Schedule is valid
 Time taken: 9.24 seconds
SAT

=> TOTAL COMPLETION TIME (Makespan / UB): 553
Schedule is valid
 Time taken: 9.25 seconds
SAT

=> TOTAL COMPLETION TIME (Makespan / UB): 552
Schedule is valid
 Time taken: 9.27 seconds
SAT

=> TOTAL COMPLETION TIME (Makespan / UB): 551
Schedule is valid
 Time taken: 9.53 seconds
SAT

=> TOTAL COMPLETION TIME (Makespan / UB): 550
Schedule is valid
 Time taken: 9.71 seconds
SAT

=> TOTAL COMPLETION TIME (Makespan / UB): 549
Schedule is valid
 Time taken: 9.71 seconds
SAT
[runlim] sample:		9.99 time, 10.01 real, 310 MB, 1.12 load

=> TOTAL COMPLETION TIME (Makespan / UB): 548
Schedule is valid
 Time taken: 9.98 seconds
SAT

=> TOTAL COMPLETION TIME (Makespan / UB): 547
Schedule is valid
 Time taken: 9.99 seconds
SAT

=> TOTAL COMPLETION TIME (Makespan / UB): 546
Schedule is valid
 Time taken: 9.99 seconds
SAT

=> TOTAL COMPLETION TIME (Makespan / UB): 545
Schedule is valid
 Time taken: 10.00 seconds
SAT

=> TOTAL COMPLETION TIME (Makespan / UB): 544
Schedule is valid
 Time taken: 10.23 seconds
SAT

=> TOTAL COMPLETION TIME (Makespan / UB): 543
Schedule is valid
 Time taken: 10.40 seconds
SAT

=> TOTAL COMPLETION TIME (Makespan / UB): 542
Schedule is valid
 Time taken: 11.25 seconds
SAT

=> TOTAL COMPLETION TIME (Makespan / UB): 541
Schedule is valid
 Time taken: 13.08 seconds
SAT

=> TOTAL COMPLETION TIME (Makespan / UB): 540
Schedule is valid
 Time taken: 13.47 seconds
SAT

=> TOTAL COMPLETION TIME (Makespan / UB): 539
Schedule is valid
 Time taken: 13.70 seconds
SAT

=> TOTAL COMPLETION TIME (Makespan / UB): 538
Schedule is valid
 Time taken: 15.59 seconds
SAT

=> TOTAL COMPLETION TIME (Makespan / UB): 537
Schedule is valid
 Time taken: 15.76 seconds
SAT

=> TOTAL COMPLETION TIME (Makespan / UB): 536
Schedule is valid
 Time taken: 15.77 seconds
SAT

=> TOTAL COMPLETION TIME (Makespan / UB): 535
Schedule is valid
 Time taken: 15.78 seconds
SAT

=> TOTAL COMPLETION TIME (Makespan / UB): 534
Schedule is valid
 Time taken: 16.05 seconds
SAT

=> TOTAL COMPLETION TIME (Makespan / UB): 533
Schedule is valid
 Time taken: 16.39 seconds
SAT

=> TOTAL COMPLETION TIME (Makespan / UB): 532
Schedule is valid
 Time taken: 16.57 seconds
SAT

=> TOTAL COMPLETION TIME (Makespan / UB): 531
Schedule is valid
 Time taken: 16.78 seconds
SAT

=> TOTAL COMPLETION TIME (Makespan / UB): 530
Schedule is valid
 Time taken: 17.02 seconds
SAT

=> TOTAL COMPLETION TIME (Makespan / UB): 529
Schedule is valid
 Time taken: 18.26 seconds
SAT

=> TOTAL COMPLETION TIME (Makespan / UB): 528
Schedule is valid
 Time taken: 18.44 seconds
SAT

=> TOTAL COMPLETION TIME (Makespan / UB): 527
Schedule is valid
 Time taken: 18.66 seconds
SAT

=> TOTAL COMPLETION TIME (Makespan / UB): 526
Schedule is valid
 Time taken: 18.89 seconds
SAT

=> TOTAL COMPLETION TIME (Makespan / UB): 525
Schedule is valid
 Time taken: 19.82 seconds
[runlim] sample:		19.98 time, 20.01 real, 324 MB, 1.18 load
SAT

=> TOTAL COMPLETION TIME (Makespan / UB): 524
Schedule is valid
 Time taken: 20.09 seconds
SAT

=> TOTAL COMPLETION TIME (Makespan / UB): 523
Schedule is valid
 Time taken: 20.37 seconds
SAT

=> TOTAL COMPLETION TIME (Makespan / UB): 522
Schedule is valid
 Time taken: 21.19 seconds
SAT

=> TOTAL COMPLETION TIME (Makespan / UB): 521
Schedule is valid
 Time taken: 22.00 seconds
SAT

=> TOTAL COMPLETION TIME (Makespan / UB): 520
Schedule is valid
 Time taken: 23.50 seconds
SAT

=> TOTAL COMPLETION TIME (Makespan / UB): 519
Schedule is valid
 Time taken: 23.71 seconds
SAT

=> TOTAL COMPLETION TIME (Makespan / UB): 518
Schedule is valid
 Time taken: 25.68 seconds
SAT

=> TOTAL COMPLETION TIME (Makespan / UB): 517
Schedule is valid
 Time taken: 26.69 seconds
SAT

=> TOTAL COMPLETION TIME (Makespan / UB): 516
Schedule is valid
 Time taken: 27.42 seconds
SAT

=> TOTAL COMPLETION TIME (Makespan / UB): 515
Schedule is valid
 Time taken: 27.43 seconds
SAT

=> TOTAL COMPLETION TIME (Makespan / UB): 514
Schedule is valid
 Time taken: 27.43 seconds
SAT

=> TOTAL COMPLETION TIME (Makespan / UB): 513
Schedule is valid
 Time taken: 27.44 seconds
SAT

=> TOTAL COMPLETION TIME (Makespan / UB): 512
Schedule is valid
 Time taken: 28.32 seconds
SAT

=> TOTAL COMPLETION TIME (Makespan / UB): 511
Schedule is valid
 Time taken: 29.12 seconds
[runlim] sample:		29.96 time, 30.01 real, 281 MB, 1.16 load
SAT

=> TOTAL COMPLETION TIME (Makespan / UB): 510
Schedule is valid
 Time taken: 30.64 seconds
SAT

=> TOTAL COMPLETION TIME (Makespan / UB): 509
Schedule is valid
 Time taken: 30.84 seconds
SAT

=> TOTAL COMPLETION TIME (Makespan / UB): 508
Schedule is valid
 Time taken: 31.08 seconds
SAT

=> TOTAL COMPLETION TIME (Makespan / UB): 507
Schedule is valid
 Time taken: 31.40 seconds
SAT

=> TOTAL COMPLETION TIME (Makespan / UB): 506
Schedule is valid
 Time taken: 31.67 seconds
SAT

=> TOTAL COMPLETION TIME (Makespan / UB): 505
Schedule is valid
 Time taken: 31.81 seconds
SAT

=> TOTAL COMPLETION TIME (Makespan / UB): 504
Schedule is valid
 Time taken: 31.82 seconds
SAT

=> TOTAL COMPLETION TIME (Makespan / UB): 503
Schedule is valid
 Time taken: 32.04 seconds
SAT

=> TOTAL COMPLETION TIME (Makespan / UB): 502
Schedule is valid
 Time taken: 32.05 seconds
SAT

=> TOTAL COMPLETION TIME (Makespan / UB): 501
Schedule is valid
 Time taken: 32.05 seconds
SAT

=> TOTAL COMPLETION TIME (Makespan / UB): 500
Schedule is valid
 Time taken: 32.06 seconds
SAT

=> TOTAL COMPLETION TIME (Makespan / UB): 499
Schedule is valid
 Time taken: 32.26 seconds
SAT

=> TOTAL COMPLETION TIME (Makespan / UB): 498
Schedule is valid
 Time taken: 38.34 seconds
SAT

=> TOTAL COMPLETION TIME (Makespan / UB): 497
Schedule is valid
 Time taken: 39.36 seconds
[runlim] sample:		39.96 time, 40.01 real, 291 MB, 1.13 load
SAT

=> TOTAL COMPLETION TIME (Makespan / UB): 496
Schedule is valid
 Time taken: 40.91 seconds
SAT

=> TOTAL COMPLETION TIME (Makespan / UB): 495
Schedule is valid
 Time taken: 43.99 seconds
SAT

=> TOTAL COMPLETION TIME (Makespan / UB): 494
Schedule is valid
 Time taken: 48.86 seconds
SAT

=> TOTAL COMPLETION TIME (Makespan / UB): 493
Schedule is valid
 Time taken: 49.94 seconds
[runlim] sample:		49.96 time, 50.01 real, 298 MB, 1.11 load
SAT

=> TOTAL COMPLETION TIME (Makespan / UB): 492
Schedule is valid
 Time taken: 50.32 seconds
SAT

=> TOTAL COMPLETION TIME (Makespan / UB): 491
Schedule is valid
 Time taken: 52.20 seconds
SAT

=> TOTAL COMPLETION TIME (Makespan / UB): 490
Schedule is valid
 Time taken: 52.51 seconds
SAT

=> TOTAL COMPLETION TIME (Makespan / UB): 489
Schedule is valid
 Time taken: 54.02 seconds
SAT

=> TOTAL COMPLETION TIME (Makespan / UB): 488
Schedule is valid
 Time taken: 55.08 seconds
[runlim] sample:		59.95 time, 60.01 real, 297 MB, 1.17 load
SAT

=> TOTAL COMPLETION TIME (Makespan / UB): 487
Schedule is valid
 Time taken: 64.48 seconds
SAT

=> TOTAL COMPLETION TIME (Makespan / UB): 486
Schedule is valid
 Time taken: 64.49 seconds
[runlim] sample:		69.95 time, 70.01 real, 264 MB, 1.15 load
SAT

=> TOTAL COMPLETION TIME (Makespan / UB): 485
Schedule is valid
 Time taken: 72.71 seconds
SAT

=> TOTAL COMPLETION TIME (Makespan / UB): 484
Schedule is valid
 Time taken: 75.08 seconds
SAT

=> TOTAL COMPLETION TIME (Makespan / UB): 483
Schedule is valid
 Time taken: 76.47 seconds
SAT

=> TOTAL COMPLETION TIME (Makespan / UB): 482
Schedule is valid
 Time taken: 78.40 seconds
[runlim] sample:		79.94 time, 80.01 real, 274 MB, 1.12 load
SAT

=> TOTAL COMPLETION TIME (Makespan / UB): 481
Schedule is valid
 Time taken: 86.00 seconds
SAT

=> TOTAL COMPLETION TIME (Makespan / UB): 480
Schedule is valid
 Time taken: 87.80 seconds
[runlim] sample:		89.94 time, 90.01 real, 274 MB, 1.10 load
SAT

=> TOTAL COMPLETION TIME (Makespan / UB): 479
Schedule is valid
 Time taken: 91.25 seconds
SAT

=> TOTAL COMPLETION TIME (Makespan / UB): 478
Schedule is valid
 Time taken: 93.22 seconds
[runlim] sample:		99.92 time, 100.01 real, 274 MB, 1.09 load
SAT

=> TOTAL COMPLETION TIME (Makespan / UB): 477
Schedule is valid
 Time taken: 102.43 seconds
[runlim] sample:		109.92 time, 110.01 real, 274 MB, 1.07 load
SAT

=> TOTAL COMPLETION TIME (Makespan / UB): 476
Schedule is valid
 Time taken: 110.85 seconds
[runlim] sample:		119.92 time, 120.01 real, 293 MB, 1.06 load
[runlim] sample:		129.91 time, 130.01 real, 293 MB, 1.05 load
[runlim] sample:		139.91 time, 140.01 real, 294 MB, 1.04 load
SAT

=> TOTAL COMPLETION TIME (Makespan / UB): 475
Schedule is valid
 Time taken: 147.27 seconds
[runlim] sample:		149.90 time, 150.01 real, 294 MB, 1.04 load
[runlim] sample:		159.90 time, 160.01 real, 265 MB, 1.03 load
SAT

=> TOTAL COMPLETION TIME (Makespan / UB): 474
Schedule is valid
 Time taken: 160.90 seconds
[runlim] sample:		169.90 time, 170.01 real, 265 MB, 1.02 load
[runlim] sample:		179.89 time, 180.01 real, 275 MB, 1.02 load
[runlim] sample:		189.89 time, 190.01 real, 304 MB, 1.02 load
[runlim] sample:		199.88 time, 200.01 real, 275 MB, 1.17 load
[runlim] sample:		209.88 time, 210.01 real, 277 MB, 1.14 load
[runlim] sample:		219.88 time, 220.01 real, 295 MB, 1.12 load
[runlim] sample:		229.87 time, 230.01 real, 295 MB, 1.10 load
[runlim] sample:		239.86 time, 240.01 real, 297 MB, 1.08 load
[runlim] sample:		249.86 time, 250.01 real, 294 MB, 1.07 load
[runlim] sample:		259.86 time, 260.01 real, 294 MB, 1.06 load
[runlim] sample:		269.85 time, 270.01 real, 295 MB, 1.05 load
[runlim] sample:		279.84 time, 280.01 real, 295 MB, 1.12 load
[runlim] sample:		289.84 time, 290.01 real, 296 MB, 1.10 load
[runlim] sample:		299.84 time, 300.01 real, 296 MB, 1.08 load
[runlim] sample:		309.83 time, 310.01 real, 296 MB, 1.07 load
[runlim] sample:		319.83 time, 320.01 real, 297 MB, 1.06 load
SAT

=> TOTAL COMPLETION TIME (Makespan / UB): 473
Schedule is valid
 Time taken: 324.28 seconds
[runlim] sample:		329.82 time, 330.01 real, 301 MB, 1.05 load
[runlim] sample:		339.82 time, 340.01 real, 298 MB, 1.04 load
[runlim] sample:		349.82 time, 350.01 real, 300 MB, 1.03 load
[runlim] sample:		359.81 time, 360.01 real, 297 MB, 1.03 load
[runlim] sample:		369.81 time, 370.01 real, 298 MB, 1.02 load
[runlim] sample:		379.80 time, 380.01 real, 298 MB, 1.02 load
[runlim] sample:		389.80 time, 390.01 real, 297 MB, 1.02 load
[runlim] sample:		399.80 time, 400.01 real, 298 MB, 1.01 load
[runlim] sample:		409.79 time, 410.01 real, 297 MB, 1.01 load
[runlim] sample:		419.79 time, 420.01 real, 297 MB, 1.01 load
[runlim] sample:		429.78 time, 430.01 real, 298 MB, 1.01 load
[runlim] sample:		439.78 time, 440.01 real, 298 MB, 1.00 load
[runlim] sample:		449.77 time, 450.01 real, 299 MB, 1.08 load
[runlim] sample:		459.77 time, 460.01 real, 299 MB, 1.07 load
[runlim] sample:		469.76 time, 470.01 real, 299 MB, 1.06 load
[runlim] sample:		479.76 time, 480.01 real, 300 MB, 1.05 load
[runlim] sample:		489.76 time, 490.01 real, 301 MB, 1.04 load
[runlim] sample:		499.75 time, 500.01 real, 301 MB, 1.03 load
[runlim] sample:		509.75 time, 510.01 real, 301 MB, 1.03 load
[runlim] sample:		519.75 time, 520.01 real, 300 MB, 1.02 load
[runlim] sample:		529.74 time, 530.01 real, 300 MB, 1.02 load
[runlim] sample:		539.73 time, 540.01 real, 301 MB, 1.02 load
[runlim] sample:		549.73 time, 550.01 real, 300 MB, 1.01 load
[runlim] sample:		559.73 time, 560.01 real, 301 MB, 1.01 load
[runlim] sample:		569.72 time, 570.01 real, 301 MB, 1.01 load
[runlim] sample:		579.72 time, 580.01 real, 301 MB, 1.01 load
SAT

=> TOTAL COMPLETION TIME (Makespan / UB): 472
Schedule is valid
 Time taken: 587.13 seconds
[runlim] sample:		589.71 time, 590.01 real, 303 MB, 1.00 load
[runlim] sample:		599.71 time, 600.01 real, 303 MB, 1.08 load
[runlim] sample:		609.71 time, 610.01 real, 300 MB, 1.07 load
[runlim] sample:		619.70 time, 620.01 real, 300 MB, 1.06 load
[runlim] sample:		629.70 time, 630.01 real, 301 MB, 1.05 load
[runlim] sample:		639.69 time, 640.01 real, 301 MB, 1.04 load
[runlim] sample:		649.69 time, 650.01 real, 302 MB, 1.04 load
[runlim] sample:		659.69 time, 660.01 real, 302 MB, 1.03 load
[runlim] sample:		669.69 time, 670.01 real, 302 MB, 1.02 load
[runlim] sample:		679.69 time, 680.01 real, 301 MB, 1.02 load
[runlim] sample:		689.68 time, 690.01 real, 301 MB, 1.02 load
[runlim] sample:		699.67 time, 700.01 real, 301 MB, 1.17 load
[runlim] sample:		709.66 time, 710.01 real, 301 MB, 1.14 load
[runlim] sample:		719.66 time, 720.01 real, 302 MB, 1.12 load
[runlim] sample:		729.65 time, 730.01 real, 302 MB, 1.10 load
[runlim] sample:		739.65 time, 740.01 real, 300 MB, 1.08 load
[runlim] sample:		749.65 time, 750.01 real, 300 MB, 1.15 load
[runlim] sample:		759.65 time, 760.01 real, 304 MB, 1.12 load
SAT

=> TOTAL COMPLETION TIME (Makespan / UB): 471
Schedule is valid
 Time taken: 761.58 seconds
[runlim] sample:		769.64 time, 770.01 real, 304 MB, 1.18 load
[runlim] sample:		779.63 time, 780.01 real, 303 MB, 1.15 load
[runlim] sample:		789.63 time, 790.01 real, 302 MB, 1.20 load
[runlim] sample:		799.63 time, 800.01 real, 302 MB, 1.17 load
[runlim] sample:		809.63 time, 810.01 real, 303 MB, 1.22 load
[runlim] sample:		819.62 time, 820.01 real, 305 MB, 1.18 load
[runlim] sample:		829.62 time, 830.01 real, 305 MB, 1.23 load
[runlim] sample:		839.62 time, 840.01 real, 305 MB, 1.19 load
[runlim] sample:		849.61 time, 850.01 real, 301 MB, 1.24 load
[runlim] sample:		859.61 time, 860.01 real, 301 MB, 1.20 load
[runlim] sample:		869.61 time, 870.01 real, 302 MB, 1.17 load
[runlim] sample:		879.60 time, 880.01 real, 302 MB, 1.14 load
[runlim] sample:		889.60 time, 890.01 real, 302 MB, 1.12 load
[runlim] sample:		899.58 time, 900.01 real, 303 MB, 1.10 load
[runlim] sample:		909.58 time, 910.01 real, 303 MB, 1.16 load
[runlim] sample:		919.58 time, 920.01 real, 303 MB, 1.13 load
[runlim] sample:		929.57 time, 930.01 real, 303 MB, 1.11 load
[runlim] sample:		939.57 time, 940.01 real, 305 MB, 1.10 load
[runlim] sample:		949.57 time, 950.01 real, 305 MB, 1.08 load
[runlim] sample:		959.56 time, 960.01 real, 307 MB, 1.14 load
SAT

=> TOTAL COMPLETION TIME (Makespan / UB): 470
Schedule is valid
 Time taken: 962.22 seconds
SAT

=> TOTAL COMPLETION TIME (Makespan / UB): 469
Schedule is valid
 Time taken: 962.28 seconds
[runlim] sample:		969.56 time, 970.01 real, 307 MB, 1.12 load
[runlim] sample:		979.56 time, 980.01 real, 306 MB, 1.10 load
[runlim] sample:		989.55 time, 990.01 real, 306 MB, 1.08 load
[runlim] sample:		999.55 time, 1000.01 real, 305 MB, 1.07 load
[runlim] sample:		1009.54 time, 1010.01 real, 305 MB, 1.06 load
[runlim] sample:		1019.54 time, 1020.01 real, 304 MB, 1.05 load
[runlim] sample:		1029.53 time, 1030.01 real, 304 MB, 1.04 load
[runlim] sample:		1039.53 time, 1040.01 real, 308 MB, 1.04 load
[runlim] sample:		1049.52 time, 1050.01 real, 304 MB, 1.03 load
[runlim] sample:		1059.52 time, 1060.01 real, 304 MB, 1.02 load
[runlim] sample:		1069.52 time, 1070.01 real, 303 MB, 1.02 load
[runlim] sample:		1079.52 time, 1080.01 real, 303 MB, 1.02 load
[runlim] sample:		1089.51 time, 1090.01 real, 303 MB, 1.01 load
[runlim] sample:		1099.51 time, 1100.01 real, 304 MB, 1.01 load
[runlim] sample:		1109.51 time, 1110.01 real, 304 MB, 1.01 load
[runlim] sample:		1119.50 time, 1120.01 real, 304 MB, 1.01 load
[runlim] sample:		1129.50 time, 1130.01 real, 304 MB, 1.01 load
[runlim] sample:		1139.49 time, 1140.01 real, 305 MB, 1.00 load
[runlim] sample:		1149.48 time, 1150.01 real, 305 MB, 1.00 load
[runlim] sample:		1159.48 time, 1160.01 real, 308 MB, 1.00 load
[runlim] sample:		1169.48 time, 1170.01 real, 315 MB, 1.00 load
SAT

=> TOTAL COMPLETION TIME (Makespan / UB): 468
Schedule is valid
 Time taken: 1176.82 seconds
[runlim] sample:		1179.47 time, 1180.01 real, 306 MB, 1.00 load
[runlim] sample:		1189.47 time, 1190.01 real, 306 MB, 1.00 load
[runlim] sample:		1199.47 time, 1200.01 real, 305 MB, 1.15 load
[runlim] sample:		1209.46 time, 1210.01 real, 305 MB, 1.13 load
[runlim] sample:		1219.45 time, 1220.01 real, 304 MB, 1.11 load
[runlim] sample:		1229.45 time, 1230.01 real, 304 MB, 1.09 load
[runlim] sample:		1239.45 time, 1240.01 real, 304 MB, 1.08 load
[runlim] sample:		1249.44 time, 1250.01 real, 304 MB, 1.06 load
[runlim] sample:		1259.44 time, 1260.01 real, 305 MB, 1.05 load
[runlim] sample:		1269.43 time, 1270.01 real, 305 MB, 1.05 load
[runlim] sample:		1279.43 time, 1280.01 real, 305 MB, 1.04 load
[runlim] sample:		1289.42 time, 1290.01 real, 303 MB, 1.03 load
[runlim] sample:		1299.42 time, 1300.01 real, 303 MB, 1.03 load
[runlim] sample:		1309.42 time, 1310.01 real, 303 MB, 1.02 load
[runlim] sample:		1319.41 time, 1320.01 real, 303 MB, 1.02 load
[runlim] sample:		1329.41 time, 1330.01 real, 304 MB, 1.02 load
[runlim] sample:		1339.40 time, 1340.01 real, 304 MB, 1.01 load
[runlim] sample:		1349.40 time, 1350.01 real, 304 MB, 1.01 load
[runlim] sample:		1359.40 time, 1360.01 real, 304 MB, 1.01 load
SAT

=> TOTAL COMPLETION TIME (Makespan / UB): 467
Schedule is valid
 Time taken: 1369.54 seconds
SAT

=> TOTAL COMPLETION TIME (Makespan / UB): 466
Schedule is valid
 Time taken: 1369.58 seconds
[runlim] sample:		1369.40 time, 1370.01 real, 304 MB, 1.01 load
[runlim] sample:		1379.40 time, 1380.01 real, 295 MB, 1.00 load
[runlim] sample:		1389.39 time, 1390.01 real, 295 MB, 1.00 load
[runlim] sample:		1399.39 time, 1400.01 real, 303 MB, 1.08 load
[runlim] sample:		1409.39 time, 1410.01 real, 303 MB, 1.06 load
[runlim] sample:		1419.38 time, 1420.01 real, 304 MB, 1.05 load
[runlim] sample:		1429.38 time, 1430.01 real, 304 MB, 1.05 load
[runlim] sample:		1439.38 time, 1440.01 real, 308 MB, 1.04 load
[runlim] sample:		1449.38 time, 1450.01 real, 308 MB, 1.03 load
[runlim] sample:		1459.37 time, 1460.01 real, 307 MB, 1.03 load
[runlim] sample:		1469.37 time, 1470.01 real, 307 MB, 1.02 load
[runlim] sample:		1479.37 time, 1480.01 real, 307 MB, 1.02 load
[runlim] sample:		1489.36 time, 1490.01 real, 303 MB, 1.02 load
[runlim] sample:		1499.36 time, 1500.01 real, 303 MB, 1.01 load
[runlim] sample:		1509.35 time, 1510.01 real, 303 MB, 1.01 load
[runlim] sample:		1519.35 time, 1520.01 real, 304 MB, 1.01 load
[runlim] sample:		1529.34 time, 1530.01 real, 304 MB, 1.01 load
[runlim] sample:		1539.34 time, 1540.01 real, 304 MB, 1.00 load
[runlim] sample:		1549.34 time, 1550.01 real, 304 MB, 1.00 load
SAT

=> TOTAL COMPLETION TIME (Makespan / UB): 465
Schedule is valid
 Time taken: 1556.36 seconds
[runlim] sample:		1559.34 time, 1560.01 real, 304 MB, 1.00 load
[runlim] sample:		1569.33 time, 1570.01 real, 304 MB, 1.00 load
[runlim] sample:		1579.33 time, 1580.01 real, 304 MB, 1.00 load
[runlim] sample:		1589.33 time, 1590.01 real, 304 MB, 1.00 load
[runlim] sample:		1599.32 time, 1600.01 real, 306 MB, 1.00 load
[runlim] sample:		1609.32 time, 1610.01 real, 306 MB, 1.00 load
[runlim] sample:		1619.32 time, 1620.01 real, 304 MB, 1.00 load
[runlim] sample:		1629.31 time, 1630.01 real, 304 MB, 1.00 load
[runlim] sample:		1639.31 time, 1640.01 real, 304 MB, 1.00 load
[runlim] sample:		1649.31 time, 1650.01 real, 305 MB, 1.00 load
[runlim] sample:		1659.31 time, 1660.01 real, 305 MB, 1.00 load
[runlim] sample:		1669.30 time, 1670.01 real, 304 MB, 1.00 load
[runlim] sample:		1679.30 time, 1680.01 real, 304 MB, 1.00 load
[runlim] sample:		1689.30 time, 1690.01 real, 304 MB, 1.00 load
[runlim] sample:		1699.29 time, 1700.01 real, 304 MB, 1.15 load
[runlim] sample:		1709.29 time, 1710.01 real, 304 MB, 1.13 load
[runlim] sample:		1719.29 time, 1720.01 real, 304 MB, 1.11 load
[runlim] sample:		1729.28 time, 1730.01 real, 304 MB, 1.09 load
[runlim] sample:		1739.28 time, 1740.01 real, 304 MB, 1.08 load
[runlim] sample:		1749.28 time, 1750.01 real, 304 MB, 1.06 load
[runlim] sample:		1759.28 time, 1760.01 real, 304 MB, 1.05 load
[runlim] sample:		1769.28 time, 1770.01 real, 307 MB, 1.05 load
[runlim] sample:		1779.28 time, 1780.01 real, 307 MB, 1.04 load
[runlim] sample:		1789.27 time, 1790.01 real, 307 MB, 1.03 load
[runlim] sample:		1799.27 time, 1800.01 real, 307 MB, 1.03 load
[runlim] end:			Thu Apr 23 07:46:09 2026
[runlim] status:		out of time
[runlim] result:		2
[runlim] children:		1
[runlim] processes:		2
[runlim] real:			1801.06 seconds
[runlim] time:			1799.27 seconds
[runlim] space:			429 MB
[runlim] load:			1.26 maximum
[runlim] samples:		18000
