[runlim] version:		2.0.0rc12
[runlim] host:			ap-Precision-7550
[runlim] time limit:		311040000 seconds
[runlim] real time limit:	600 seconds
[runlim] space limit:		15624 MB
[runlim] argv[0]:		python3
[runlim] argv[1]:		-u
[runlim] argv[2]:		main.py
[runlim] argv[3]:		datasets/hurink/edata/abz6.txt
[runlim] start:			Sun May  3 01:59:50 2026
[runlim] child:			13386
Greedy Schedule UB: 1158
Building constraints took 0.60 seconds.
SAT

=> TOTAL COMPLETION TIME (Makespan / UB): 1157
Schedule is valid
 Time taken: 0.69 seconds
SAT

=> TOTAL COMPLETION TIME (Makespan / UB): 1156
Schedule is valid
 Time taken: 0.73 seconds
SAT

=> TOTAL COMPLETION TIME (Makespan / UB): 1155
Schedule is valid
 Time taken: 0.76 seconds
SAT

=> TOTAL COMPLETION TIME (Makespan / UB): 1154
Schedule is valid
 Time taken: 0.80 seconds
SAT

=> TOTAL COMPLETION TIME (Makespan / UB): 1153
Schedule is valid
 Time taken: 0.83 seconds
SAT

=> TOTAL COMPLETION TIME (Makespan / UB): 1152
Schedule is valid
 Time taken: 0.86 seconds
SAT

=> TOTAL COMPLETION TIME (Makespan / UB): 1151
Schedule is valid
 Time taken: 0.90 seconds
SAT

=> TOTAL COMPLETION TIME (Makespan / UB): 1150
Schedule is valid
 Time taken: 0.93 seconds
SAT

=> TOTAL COMPLETION TIME (Makespan / UB): 1149
Schedule is valid
 Time taken: 0.97 seconds
SAT

=> TOTAL COMPLETION TIME (Makespan / UB): 1148
Schedule is valid
 Time taken: 1.00 seconds
SAT

=> TOTAL COMPLETION TIME (Makespan / UB): 1147
Schedule is valid
 Time taken: 1.03 seconds
SAT

=> TOTAL COMPLETION TIME (Makespan / UB): 1146
Schedule is valid
 Time taken: 1.07 seconds
SAT

=> TOTAL COMPLETION TIME (Makespan / UB): 1145
Schedule is valid
 Time taken: 1.10 seconds
SAT

=> TOTAL COMPLETION TIME (Makespan / UB): 1144
Schedule is valid
 Time taken: 1.13 seconds
SAT

=> TOTAL COMPLETION TIME (Makespan / UB): 1143
Schedule is valid
 Time taken: 1.17 seconds
SAT

=> TOTAL COMPLETION TIME (Makespan / UB): 1142
Schedule is valid
 Time taken: 1.20 seconds
SAT

=> TOTAL COMPLETION TIME (Makespan / UB): 1141
Schedule is valid
 Time taken: 1.23 seconds
SAT

=> TOTAL COMPLETION TIME (Makespan / UB): 1140
Schedule is valid
 Time taken: 1.27 seconds
SAT

=> TOTAL COMPLETION TIME (Makespan / UB): 1139
Schedule is valid
 Time taken: 1.30 seconds
SAT

=> TOTAL COMPLETION TIME (Makespan / UB): 1138
Schedule is valid
 Time taken: 1.33 seconds
SAT

=> TOTAL COMPLETION TIME (Makespan / UB): 1137
Schedule is valid
 Time taken: 1.37 seconds
SAT

=> TOTAL COMPLETION TIME (Makespan / UB): 1136
Schedule is valid
 Time taken: 1.40 seconds
SAT

=> TOTAL COMPLETION TIME (Makespan / UB): 1135
Schedule is valid
 Time taken: 1.43 seconds
SAT

=> TOTAL COMPLETION TIME (Makespan / UB): 1134
Schedule is valid
 Time taken: 1.47 seconds
SAT

=> TOTAL COMPLETION TIME (Makespan / UB): 1133
Schedule is valid
 Time taken: 1.50 seconds
SAT

=> TOTAL COMPLETION TIME (Makespan / UB): 1132
Schedule is valid
 Time taken: 1.53 seconds
SAT

=> TOTAL COMPLETION TIME (Makespan / UB): 1131
Schedule is valid
 Time taken: 1.57 seconds
SAT

=> TOTAL COMPLETION TIME (Makespan / UB): 1130
Schedule is valid
 Time taken: 1.60 seconds
SAT

=> TOTAL COMPLETION TIME (Makespan / UB): 1129
Schedule is valid
 Time taken: 1.70 seconds
SAT

=> TOTAL COMPLETION TIME (Makespan / UB): 1128
Schedule is valid
 Time taken: 1.73 seconds
SAT

=> TOTAL COMPLETION TIME (Makespan / UB): 1127
Schedule is valid
 Time taken: 1.78 seconds
SAT

=> TOTAL COMPLETION TIME (Makespan / UB): 1126
Schedule is valid
 Time taken: 1.82 seconds
SAT

=> TOTAL COMPLETION TIME (Makespan / UB): 1125
Schedule is valid
 Time taken: 1.85 seconds
SAT

=> TOTAL COMPLETION TIME (Makespan / UB): 1124
Schedule is valid
 Time taken: 1.92 seconds
SAT

=> TOTAL COMPLETION TIME (Makespan / UB): 1123
Schedule is valid
 Time taken: 1.95 seconds
SAT

=> TOTAL COMPLETION TIME (Makespan / UB): 1122
Schedule is valid
 Time taken: 1.98 seconds
SAT

=> TOTAL COMPLETION TIME (Makespan / UB): 1121
Schedule is valid
 Time taken: 2.01 seconds
SAT

=> TOTAL COMPLETION TIME (Makespan / UB): 1120
Schedule is valid
 Time taken: 2.04 seconds
SAT

=> TOTAL COMPLETION TIME (Makespan / UB): 1119
Schedule is valid
 Time taken: 2.08 seconds
SAT

=> TOTAL COMPLETION TIME (Makespan / UB): 1118
Schedule is valid
 Time taken: 2.11 seconds
SAT

=> TOTAL COMPLETION TIME (Makespan / UB): 1117
Schedule is valid
 Time taken: 2.14 seconds
SAT

=> TOTAL COMPLETION TIME (Makespan / UB): 1116
Schedule is valid
 Time taken: 2.17 seconds
SAT

=> TOTAL COMPLETION TIME (Makespan / UB): 1115
Schedule is valid
 Time taken: 2.20 seconds
SAT

=> TOTAL COMPLETION TIME (Makespan / UB): 1114
Schedule is valid
 Time taken: 2.23 seconds
SAT

=> TOTAL COMPLETION TIME (Makespan / UB): 1113
Schedule is valid
 Time taken: 2.26 seconds
SAT

=> TOTAL COMPLETION TIME (Makespan / UB): 1112
Schedule is valid
 Time taken: 2.29 seconds
SAT

=> TOTAL COMPLETION TIME (Makespan / UB): 1111
Schedule is valid
 Time taken: 2.32 seconds
SAT

=> TOTAL COMPLETION TIME (Makespan / UB): 1110
Schedule is valid
 Time taken: 2.35 seconds
SAT

=> TOTAL COMPLETION TIME (Makespan / UB): 1109
Schedule is valid
 Time taken: 2.38 seconds
SAT

=> TOTAL COMPLETION TIME (Makespan / UB): 1108
Schedule is valid
 Time taken: 2.42 seconds
SAT

=> TOTAL COMPLETION TIME (Makespan / UB): 1107
Schedule is valid
 Time taken: 2.47 seconds
SAT

=> TOTAL COMPLETION TIME (Makespan / UB): 1106
Schedule is valid
 Time taken: 2.50 seconds
SAT

=> TOTAL COMPLETION TIME (Makespan / UB): 1105
Schedule is valid
 Time taken: 2.53 seconds
SAT

=> TOTAL COMPLETION TIME (Makespan / UB): 1104
Schedule is valid
 Time taken: 2.57 seconds
SAT

=> TOTAL COMPLETION TIME (Makespan / UB): 1103
Schedule is valid
 Time taken: 2.88 seconds
SAT

=> TOTAL COMPLETION TIME (Makespan / UB): 1102
Schedule is valid
 Time taken: 2.91 seconds
SAT

=> TOTAL COMPLETION TIME (Makespan / UB): 1101
Schedule is valid
 Time taken: 2.94 seconds
SAT

=> TOTAL COMPLETION TIME (Makespan / UB): 1100
Schedule is valid
 Time taken: 2.97 seconds
SAT

=> TOTAL COMPLETION TIME (Makespan / UB): 1099
Schedule is valid
 Time taken: 3.00 seconds
SAT

=> TOTAL COMPLETION TIME (Makespan / UB): 1098
Schedule is valid
 Time taken: 3.03 seconds
SAT

=> TOTAL COMPLETION TIME (Makespan / UB): 1097
Schedule is valid
 Time taken: 3.06 seconds
SAT

=> TOTAL COMPLETION TIME (Makespan / UB): 1096
Schedule is valid
 Time taken: 3.08 seconds
SAT

=> TOTAL COMPLETION TIME (Makespan / UB): 1095
Schedule is valid
 Time taken: 3.11 seconds
SAT

=> TOTAL COMPLETION TIME (Makespan / UB): 1094
Schedule is valid
 Time taken: 3.14 seconds
SAT

=> TOTAL COMPLETION TIME (Makespan / UB): 1093
Schedule is valid
 Time taken: 3.17 seconds
SAT

=> TOTAL COMPLETION TIME (Makespan / UB): 1092
Schedule is valid
 Time taken: 3.20 seconds
SAT

=> TOTAL COMPLETION TIME (Makespan / UB): 1091
Schedule is valid
 Time taken: 3.22 seconds
SAT

=> TOTAL COMPLETION TIME (Makespan / UB): 1090
Schedule is valid
 Time taken: 3.25 seconds
SAT

=> TOTAL COMPLETION TIME (Makespan / UB): 1089
Schedule is valid
 Time taken: 3.28 seconds
SAT

=> TOTAL COMPLETION TIME (Makespan / UB): 1088
Schedule is valid
 Time taken: 3.31 seconds
SAT

=> TOTAL COMPLETION TIME (Makespan / UB): 1087
Schedule is valid
 Time taken: 3.34 seconds
SAT

=> TOTAL COMPLETION TIME (Makespan / UB): 1086
Schedule is valid
 Time taken: 3.37 seconds
SAT

=> TOTAL COMPLETION TIME (Makespan / UB): 1085
Schedule is valid
 Time taken: 3.39 seconds
SAT

=> TOTAL COMPLETION TIME (Makespan / UB): 1084
Schedule is valid
 Time taken: 3.42 seconds
SAT

=> TOTAL COMPLETION TIME (Makespan / UB): 1083
Schedule is valid
 Time taken: 3.45 seconds
SAT

=> TOTAL COMPLETION TIME (Makespan / UB): 1082
Schedule is valid
 Time taken: 3.47 seconds
SAT

=> TOTAL COMPLETION TIME (Makespan / UB): 1081
Schedule is valid
 Time taken: 3.50 seconds
SAT

=> TOTAL COMPLETION TIME (Makespan / UB): 1080
Schedule is valid
 Time taken: 3.53 seconds
SAT

=> TOTAL COMPLETION TIME (Makespan / UB): 1079
Schedule is valid
 Time taken: 3.56 seconds
SAT

=> TOTAL COMPLETION TIME (Makespan / UB): 1078
Schedule is valid
 Time taken: 3.58 seconds
SAT

=> TOTAL COMPLETION TIME (Makespan / UB): 1077
Schedule is valid
 Time taken: 3.61 seconds
SAT

=> TOTAL COMPLETION TIME (Makespan / UB): 1076
Schedule is valid
 Time taken: 3.63 seconds
SAT

=> TOTAL COMPLETION TIME (Makespan / UB): 1075
Schedule is valid
 Time taken: 3.66 seconds
SAT

=> TOTAL COMPLETION TIME (Makespan / UB): 1074
Schedule is valid
 Time taken: 3.69 seconds
SAT

=> TOTAL COMPLETION TIME (Makespan / UB): 1073
Schedule is valid
 Time taken: 3.71 seconds
SAT

=> TOTAL COMPLETION TIME (Makespan / UB): 1072
Schedule is valid
 Time taken: 3.74 seconds
SAT

=> TOTAL COMPLETION TIME (Makespan / UB): 1071
Schedule is valid
 Time taken: 3.77 seconds
SAT

=> TOTAL COMPLETION TIME (Makespan / UB): 1070
Schedule is valid
 Time taken: 3.79 seconds
SAT

=> TOTAL COMPLETION TIME (Makespan / UB): 1069
Schedule is valid
 Time taken: 3.82 seconds
SAT

=> TOTAL COMPLETION TIME (Makespan / UB): 1068
Schedule is valid
 Time taken: 3.84 seconds
SAT

=> TOTAL COMPLETION TIME (Makespan / UB): 1067
Schedule is valid
 Time taken: 3.87 seconds
SAT

=> TOTAL COMPLETION TIME (Makespan / UB): 1066
Schedule is valid
 Time taken: 3.90 seconds
SAT

=> TOTAL COMPLETION TIME (Makespan / UB): 1065
Schedule is valid
 Time taken: 3.92 seconds
SAT

=> TOTAL COMPLETION TIME (Makespan / UB): 1064
Schedule is valid
 Time taken: 3.95 seconds
SAT

=> TOTAL COMPLETION TIME (Makespan / UB): 1063
Schedule is valid
 Time taken: 3.98 seconds
SAT

=> TOTAL COMPLETION TIME (Makespan / UB): 1062
Schedule is valid
 Time taken: 4.00 seconds
SAT

=> TOTAL COMPLETION TIME (Makespan / UB): 1061
Schedule is valid
 Time taken: 4.03 seconds
SAT

=> TOTAL COMPLETION TIME (Makespan / UB): 1060
Schedule is valid
 Time taken: 4.06 seconds
SAT

=> TOTAL COMPLETION TIME (Makespan / UB): 1059
Schedule is valid
 Time taken: 4.08 seconds
SAT

=> TOTAL COMPLETION TIME (Makespan / UB): 1058
Schedule is valid
 Time taken: 4.11 seconds
SAT

=> TOTAL COMPLETION TIME (Makespan / UB): 1057
Schedule is valid
 Time taken: 4.13 seconds
SAT

=> TOTAL COMPLETION TIME (Makespan / UB): 1056
Schedule is valid
 Time taken: 4.16 seconds
SAT

=> TOTAL COMPLETION TIME (Makespan / UB): 1055
Schedule is valid
 Time taken: 4.19 seconds
SAT

=> TOTAL COMPLETION TIME (Makespan / UB): 1054
Schedule is valid
 Time taken: 4.21 seconds
SAT

=> TOTAL COMPLETION TIME (Makespan / UB): 1053
Schedule is valid
 Time taken: 4.24 seconds
SAT

=> TOTAL COMPLETION TIME (Makespan / UB): 1052
Schedule is valid
 Time taken: 4.26 seconds
SAT

=> TOTAL COMPLETION TIME (Makespan / UB): 1051
Schedule is valid
 Time taken: 4.29 seconds
SAT

=> TOTAL COMPLETION TIME (Makespan / UB): 1050
Schedule is valid
 Time taken: 4.32 seconds
SAT

=> TOTAL COMPLETION TIME (Makespan / UB): 1049
Schedule is valid
 Time taken: 4.34 seconds
SAT

=> TOTAL COMPLETION TIME (Makespan / UB): 1048
Schedule is valid
 Time taken: 4.37 seconds
SAT

=> TOTAL COMPLETION TIME (Makespan / UB): 1047
Schedule is valid
 Time taken: 4.39 seconds
SAT

=> TOTAL COMPLETION TIME (Makespan / UB): 1046
Schedule is valid
 Time taken: 4.42 seconds
SAT

=> TOTAL COMPLETION TIME (Makespan / UB): 1045
Schedule is valid
 Time taken: 4.60 seconds
SAT

=> TOTAL COMPLETION TIME (Makespan / UB): 1044
Schedule is valid
 Time taken: 4.62 seconds
SAT

=> TOTAL COMPLETION TIME (Makespan / UB): 1043
Schedule is valid
 Time taken: 4.65 seconds
SAT

=> TOTAL COMPLETION TIME (Makespan / UB): 1042
Schedule is valid
 Time taken: 4.67 seconds
SAT

=> TOTAL COMPLETION TIME (Makespan / UB): 1041
Schedule is valid
 Time taken: 4.70 seconds
SAT

=> TOTAL COMPLETION TIME (Makespan / UB): 1040
Schedule is valid
 Time taken: 4.73 seconds
SAT

=> TOTAL COMPLETION TIME (Makespan / UB): 1039
Schedule is valid
 Time taken: 4.75 seconds
SAT

=> TOTAL COMPLETION TIME (Makespan / UB): 1038
Schedule is valid
 Time taken: 4.78 seconds
SAT

=> TOTAL COMPLETION TIME (Makespan / UB): 1037
Schedule is valid
 Time taken: 4.86 seconds
SAT

=> TOTAL COMPLETION TIME (Makespan / UB): 1036
Schedule is valid
 Time taken: 5.02 seconds
SAT

=> TOTAL COMPLETION TIME (Makespan / UB): 1035
Schedule is valid
 Time taken: 5.05 seconds
SAT

=> TOTAL COMPLETION TIME (Makespan / UB): 1034
Schedule is valid
 Time taken: 5.07 seconds
SAT

=> TOTAL COMPLETION TIME (Makespan / UB): 1033
Schedule is valid
 Time taken: 5.13 seconds
SAT

=> TOTAL COMPLETION TIME (Makespan / UB): 1032
Schedule is valid
 Time taken: 5.15 seconds
SAT

=> TOTAL COMPLETION TIME (Makespan / UB): 1031
Schedule is valid
 Time taken: 5.18 seconds
SAT

=> TOTAL COMPLETION TIME (Makespan / UB): 1030
Schedule is valid
 Time taken: 5.20 seconds
SAT

=> TOTAL COMPLETION TIME (Makespan / UB): 1029
Schedule is valid
 Time taken: 5.22 seconds
SAT

=> TOTAL COMPLETION TIME (Makespan / UB): 1028
Schedule is valid
 Time taken: 5.25 seconds
SAT

=> TOTAL COMPLETION TIME (Makespan / UB): 1027
Schedule is valid
 Time taken: 5.27 seconds
SAT

=> TOTAL COMPLETION TIME (Makespan / UB): 1026
Schedule is valid
 Time taken: 5.30 seconds
SAT

=> TOTAL COMPLETION TIME (Makespan / UB): 1025
Schedule is valid
 Time taken: 5.32 seconds
SAT

=> TOTAL COMPLETION TIME (Makespan / UB): 1024
Schedule is valid
 Time taken: 5.35 seconds
SAT

=> TOTAL COMPLETION TIME (Makespan / UB): 1023
Schedule is valid
 Time taken: 5.37 seconds
SAT

=> TOTAL COMPLETION TIME (Makespan / UB): 1022
Schedule is valid
 Time taken: 5.40 seconds
SAT

=> TOTAL COMPLETION TIME (Makespan / UB): 1021
Schedule is valid
 Time taken: 5.42 seconds
SAT

=> TOTAL COMPLETION TIME (Makespan / UB): 1020
Schedule is valid
 Time taken: 5.45 seconds
SAT

=> TOTAL COMPLETION TIME (Makespan / UB): 1019
Schedule is valid
 Time taken: 5.47 seconds
SAT

=> TOTAL COMPLETION TIME (Makespan / UB): 1018
Schedule is valid
 Time taken: 5.50 seconds
SAT

=> TOTAL COMPLETION TIME (Makespan / UB): 1017
Schedule is valid
 Time taken: 5.52 seconds
SAT

=> TOTAL COMPLETION TIME (Makespan / UB): 1016
Schedule is valid
 Time taken: 5.54 seconds
SAT

=> TOTAL COMPLETION TIME (Makespan / UB): 1015
Schedule is valid
 Time taken: 5.57 seconds
SAT

=> TOTAL COMPLETION TIME (Makespan / UB): 1014
Schedule is valid
 Time taken: 6.98 seconds
SAT

=> TOTAL COMPLETION TIME (Makespan / UB): 1013
Schedule is valid
 Time taken: 7.04 seconds
SAT

=> TOTAL COMPLETION TIME (Makespan / UB): 1012
Schedule is valid
 Time taken: 7.09 seconds
SAT

=> TOTAL COMPLETION TIME (Makespan / UB): 1011
Schedule is valid
 Time taken: 7.15 seconds
SAT

=> TOTAL COMPLETION TIME (Makespan / UB): 1010
Schedule is valid
 Time taken: 7.20 seconds
SAT

=> TOTAL COMPLETION TIME (Makespan / UB): 1009
Schedule is valid
 Time taken: 7.25 seconds
SAT

=> TOTAL COMPLETION TIME (Makespan / UB): 1008
Schedule is valid
 Time taken: 7.30 seconds
SAT

=> TOTAL COMPLETION TIME (Makespan / UB): 1007
Schedule is valid
 Time taken: 7.35 seconds
SAT

=> TOTAL COMPLETION TIME (Makespan / UB): 1006
Schedule is valid
 Time taken: 7.40 seconds
SAT

=> TOTAL COMPLETION TIME (Makespan / UB): 1005
Schedule is valid
 Time taken: 7.92 seconds
SAT

=> TOTAL COMPLETION TIME (Makespan / UB): 1004
Schedule is valid
 Time taken: 7.97 seconds
SAT

=> TOTAL COMPLETION TIME (Makespan / UB): 1003
Schedule is valid
 Time taken: 8.02 seconds
SAT

=> TOTAL COMPLETION TIME (Makespan / UB): 1002
Schedule is valid
 Time taken: 8.06 seconds
SAT

=> TOTAL COMPLETION TIME (Makespan / UB): 1001
Schedule is valid
 Time taken: 8.15 seconds
SAT

=> TOTAL COMPLETION TIME (Makespan / UB): 1000
Schedule is valid
 Time taken: 8.24 seconds
SAT

=> TOTAL COMPLETION TIME (Makespan / UB): 999
Schedule is valid
 Time taken: 8.39 seconds
SAT

=> TOTAL COMPLETION TIME (Makespan / UB): 998
Schedule is valid
 Time taken: 8.44 seconds
SAT

=> TOTAL COMPLETION TIME (Makespan / UB): 997
Schedule is valid
 Time taken: 8.49 seconds
SAT

=> TOTAL COMPLETION TIME (Makespan / UB): 996
Schedule is valid
 Time taken: 8.61 seconds
SAT

=> TOTAL COMPLETION TIME (Makespan / UB): 995
Schedule is valid
 Time taken: 8.66 seconds
SAT

=> TOTAL COMPLETION TIME (Makespan / UB): 994
Schedule is valid
 Time taken: 8.71 seconds
SAT

=> TOTAL COMPLETION TIME (Makespan / UB): 993
Schedule is valid
 Time taken: 8.79 seconds
SAT

=> TOTAL COMPLETION TIME (Makespan / UB): 992
Schedule is valid
 Time taken: 8.89 seconds
SAT

=> TOTAL COMPLETION TIME (Makespan / UB): 991
Schedule is valid
 Time taken: 9.26 seconds
SAT

=> TOTAL COMPLETION TIME (Makespan / UB): 990
Schedule is valid
 Time taken: 9.41 seconds
SAT

=> TOTAL COMPLETION TIME (Makespan / UB): 989
Schedule is valid
 Time taken: 9.46 seconds
SAT

=> TOTAL COMPLETION TIME (Makespan / UB): 988
Schedule is valid
 Time taken: 9.51 seconds
SAT

=> TOTAL COMPLETION TIME (Makespan / UB): 987
Schedule is valid
 Time taken: 9.55 seconds
[runlim] sample:		9.96 time, 10.01 real, 152 MB, 4.70 load
SAT

=> TOTAL COMPLETION TIME (Makespan / UB): 986
Schedule is valid
 Time taken: 10.49 seconds
SAT

=> TOTAL COMPLETION TIME (Makespan / UB): 985
Schedule is valid
 Time taken: 10.54 seconds
SAT

=> TOTAL COMPLETION TIME (Makespan / UB): 984
Schedule is valid
 Time taken: 10.59 seconds
SAT

=> TOTAL COMPLETION TIME (Makespan / UB): 983
Schedule is valid
 Time taken: 10.73 seconds
SAT

=> TOTAL COMPLETION TIME (Makespan / UB): 982
Schedule is valid
 Time taken: 10.80 seconds
SAT

=> TOTAL COMPLETION TIME (Makespan / UB): 981
Schedule is valid
 Time taken: 11.19 seconds
SAT

=> TOTAL COMPLETION TIME (Makespan / UB): 980
Schedule is valid
 Time taken: 11.29 seconds
SAT

=> TOTAL COMPLETION TIME (Makespan / UB): 979
Schedule is valid
 Time taken: 11.34 seconds
SAT

=> TOTAL COMPLETION TIME (Makespan / UB): 978
Schedule is valid
 Time taken: 11.49 seconds
SAT

=> TOTAL COMPLETION TIME (Makespan / UB): 977
Schedule is valid
 Time taken: 11.54 seconds
SAT

=> TOTAL COMPLETION TIME (Makespan / UB): 976
Schedule is valid
 Time taken: 11.70 seconds
SAT

=> TOTAL COMPLETION TIME (Makespan / UB): 975
Schedule is valid
 Time taken: 11.74 seconds
SAT

=> TOTAL COMPLETION TIME (Makespan / UB): 974
Schedule is valid
 Time taken: 12.04 seconds
SAT

=> TOTAL COMPLETION TIME (Makespan / UB): 973
Schedule is valid
 Time taken: 12.09 seconds
SAT

=> TOTAL COMPLETION TIME (Makespan / UB): 972
Schedule is valid
 Time taken: 12.26 seconds
SAT

=> TOTAL COMPLETION TIME (Makespan / UB): 971
Schedule is valid
 Time taken: 12.30 seconds
SAT

=> TOTAL COMPLETION TIME (Makespan / UB): 970
Schedule is valid
 Time taken: 12.46 seconds
SAT

=> TOTAL COMPLETION TIME (Makespan / UB): 969
Schedule is valid
 Time taken: 12.50 seconds
SAT

=> TOTAL COMPLETION TIME (Makespan / UB): 968
Schedule is valid
 Time taken: 12.62 seconds
SAT

=> TOTAL COMPLETION TIME (Makespan / UB): 967
Schedule is valid
 Time taken: 12.67 seconds
SAT

=> TOTAL COMPLETION TIME (Makespan / UB): 966
Schedule is valid
 Time taken: 13.13 seconds
SAT

=> TOTAL COMPLETION TIME (Makespan / UB): 965
Schedule is valid
 Time taken: 13.39 seconds
SAT

=> TOTAL COMPLETION TIME (Makespan / UB): 964
Schedule is valid
 Time taken: 14.06 seconds
SAT

=> TOTAL COMPLETION TIME (Makespan / UB): 963
Schedule is valid
 Time taken: 14.11 seconds
SAT

=> TOTAL COMPLETION TIME (Makespan / UB): 962
Schedule is valid
 Time taken: 14.16 seconds
SAT

=> TOTAL COMPLETION TIME (Makespan / UB): 961
Schedule is valid
 Time taken: 14.22 seconds
SAT

=> TOTAL COMPLETION TIME (Makespan / UB): 960
Schedule is valid
 Time taken: 14.78 seconds
SAT

=> TOTAL COMPLETION TIME (Makespan / UB): 959
Schedule is valid
 Time taken: 14.83 seconds
SAT

=> TOTAL COMPLETION TIME (Makespan / UB): 958
Schedule is valid
 Time taken: 15.01 seconds
SAT

=> TOTAL COMPLETION TIME (Makespan / UB): 957
Schedule is valid
 Time taken: 15.07 seconds
SAT

=> TOTAL COMPLETION TIME (Makespan / UB): 956
Schedule is valid
 Time taken: 15.12 seconds
SAT

=> TOTAL COMPLETION TIME (Makespan / UB): 955
Schedule is valid
 Time taken: 15.18 seconds
SAT

=> TOTAL COMPLETION TIME (Makespan / UB): 954
Schedule is valid
 Time taken: 15.25 seconds
SAT

=> TOTAL COMPLETION TIME (Makespan / UB): 953
Schedule is valid
 Time taken: 15.29 seconds
SAT

=> TOTAL COMPLETION TIME (Makespan / UB): 952
Schedule is valid
 Time taken: 15.33 seconds
SAT

=> TOTAL COMPLETION TIME (Makespan / UB): 951
Schedule is valid
 Time taken: 15.59 seconds
SAT

=> TOTAL COMPLETION TIME (Makespan / UB): 950
Schedule is valid
 Time taken: 15.67 seconds
SAT

=> TOTAL COMPLETION TIME (Makespan / UB): 949
Schedule is valid
 Time taken: 15.71 seconds
SAT

=> TOTAL COMPLETION TIME (Makespan / UB): 948
Schedule is valid
 Time taken: 15.75 seconds
SAT

=> TOTAL COMPLETION TIME (Makespan / UB): 947
Schedule is valid
 Time taken: 15.89 seconds
SAT

=> TOTAL COMPLETION TIME (Makespan / UB): 946
Schedule is valid
 Time taken: 15.93 seconds
SAT

=> TOTAL COMPLETION TIME (Makespan / UB): 945
Schedule is valid
 Time taken: 16.28 seconds
SAT

=> TOTAL COMPLETION TIME (Makespan / UB): 944
Schedule is valid
 Time taken: 16.48 seconds
SAT

=> TOTAL COMPLETION TIME (Makespan / UB): 943
Schedule is valid
 Time taken: 16.74 seconds
SAT

=> TOTAL COMPLETION TIME (Makespan / UB): 942
Schedule is valid
 Time taken: 17.04 seconds
SAT

=> TOTAL COMPLETION TIME (Makespan / UB): 941
Schedule is valid
 Time taken: 17.07 seconds
SAT

=> TOTAL COMPLETION TIME (Makespan / UB): 940
Schedule is valid
 Time taken: 17.20 seconds
SAT

=> TOTAL COMPLETION TIME (Makespan / UB): 939
Schedule is valid
 Time taken: 17.25 seconds
SAT

=> TOTAL COMPLETION TIME (Makespan / UB): 938
Schedule is valid
 Time taken: 17.30 seconds
SAT

=> TOTAL COMPLETION TIME (Makespan / UB): 937
Schedule is valid
 Time taken: 17.36 seconds
SAT

=> TOTAL COMPLETION TIME (Makespan / UB): 936
Schedule is valid
 Time taken: 17.40 seconds
SAT

=> TOTAL COMPLETION TIME (Makespan / UB): 935
Schedule is valid
 Time taken: 17.43 seconds
SAT

=> TOTAL COMPLETION TIME (Makespan / UB): 934
Schedule is valid
 Time taken: 17.53 seconds
SAT

=> TOTAL COMPLETION TIME (Makespan / UB): 933
Schedule is valid
 Time taken: 17.56 seconds
SAT

=> TOTAL COMPLETION TIME (Makespan / UB): 932
Schedule is valid
 Time taken: 17.58 seconds
SAT

=> TOTAL COMPLETION TIME (Makespan / UB): 931
Schedule is valid
 Time taken: 17.61 seconds
SAT

=> TOTAL COMPLETION TIME (Makespan / UB): 930
Schedule is valid
 Time taken: 17.64 seconds
SAT

=> TOTAL COMPLETION TIME (Makespan / UB): 929
Schedule is valid
 Time taken: 17.66 seconds
SAT

=> TOTAL COMPLETION TIME (Makespan / UB): 928
Schedule is valid
 Time taken: 17.69 seconds
SAT

=> TOTAL COMPLETION TIME (Makespan / UB): 927
Schedule is valid
 Time taken: 17.75 seconds
SAT

=> TOTAL COMPLETION TIME (Makespan / UB): 926
Schedule is valid
 Time taken: 17.78 seconds
SAT

=> TOTAL COMPLETION TIME (Makespan / UB): 925
Schedule is valid
 Time taken: 17.81 seconds
UNSAT
status: optimal
[runlim] end:			Sun May  3 02:00:08 2026
[runlim] status:		ok
[runlim] result:		0
[runlim] children:		1
[runlim] processes:		2
[runlim] real:			17.89 seconds
[runlim] time:			17.75 seconds
[runlim] space:			167 MB
[runlim] load:			5.29 maximum
[runlim] samples:		179
