[runlim] version:		2.0.0rc12
[runlim] host:			ap-Precision-7550
[runlim] time limit:		311040000 seconds
[runlim] real time limit:	600 seconds
[runlim] space limit:		15624 MB
[runlim] argv[0]:		python3
[runlim] argv[1]:		-u
[runlim] argv[2]:		main.py
[runlim] argv[3]:		datasets/hurink/edata/la17.txt
[runlim] start:			Sun May  3 05:19:56 2026
[runlim] child:			13954
Greedy Schedule UB: 874
Building constraints took 0.40 seconds.
SAT

=> TOTAL COMPLETION TIME (Makespan / UB): 873
Schedule is valid
 Time taken: 0.46 seconds
SAT

=> TOTAL COMPLETION TIME (Makespan / UB): 872
Schedule is valid
 Time taken: 0.48 seconds
SAT

=> TOTAL COMPLETION TIME (Makespan / UB): 871
Schedule is valid
 Time taken: 0.50 seconds
SAT

=> TOTAL COMPLETION TIME (Makespan / UB): 870
Schedule is valid
 Time taken: 0.51 seconds
SAT

=> TOTAL COMPLETION TIME (Makespan / UB): 869
Schedule is valid
 Time taken: 0.53 seconds
SAT

=> TOTAL COMPLETION TIME (Makespan / UB): 868
Schedule is valid
 Time taken: 0.55 seconds
SAT

=> TOTAL COMPLETION TIME (Makespan / UB): 867
Schedule is valid
 Time taken: 0.56 seconds
SAT

=> TOTAL COMPLETION TIME (Makespan / UB): 866
Schedule is valid
 Time taken: 0.58 seconds
SAT

=> TOTAL COMPLETION TIME (Makespan / UB): 865
Schedule is valid
 Time taken: 0.60 seconds
SAT

=> TOTAL COMPLETION TIME (Makespan / UB): 864
Schedule is valid
 Time taken: 0.61 seconds
SAT

=> TOTAL COMPLETION TIME (Makespan / UB): 863
Schedule is valid
 Time taken: 0.67 seconds
SAT

=> TOTAL COMPLETION TIME (Makespan / UB): 862
Schedule is valid
 Time taken: 0.69 seconds
SAT

=> TOTAL COMPLETION TIME (Makespan / UB): 861
Schedule is valid
 Time taken: 0.73 seconds
SAT

=> TOTAL COMPLETION TIME (Makespan / UB): 860
Schedule is valid
 Time taken: 0.75 seconds
SAT

=> TOTAL COMPLETION TIME (Makespan / UB): 859
Schedule is valid
 Time taken: 0.77 seconds
SAT

=> TOTAL COMPLETION TIME (Makespan / UB): 858
Schedule is valid
 Time taken: 0.79 seconds
SAT

=> TOTAL COMPLETION TIME (Makespan / UB): 857
Schedule is valid
 Time taken: 0.81 seconds
SAT

=> TOTAL COMPLETION TIME (Makespan / UB): 856
Schedule is valid
 Time taken: 0.82 seconds
SAT

=> TOTAL COMPLETION TIME (Makespan / UB): 855
Schedule is valid
 Time taken: 0.84 seconds
SAT

=> TOTAL COMPLETION TIME (Makespan / UB): 854
Schedule is valid
 Time taken: 0.86 seconds
SAT

=> TOTAL COMPLETION TIME (Makespan / UB): 853
Schedule is valid
 Time taken: 0.88 seconds
SAT

=> TOTAL COMPLETION TIME (Makespan / UB): 852
Schedule is valid
 Time taken: 0.90 seconds
SAT

=> TOTAL COMPLETION TIME (Makespan / UB): 851
Schedule is valid
 Time taken: 0.91 seconds
SAT

=> TOTAL COMPLETION TIME (Makespan / UB): 850
Schedule is valid
 Time taken: 0.93 seconds
SAT

=> TOTAL COMPLETION TIME (Makespan / UB): 849
Schedule is valid
 Time taken: 0.95 seconds
SAT

=> TOTAL COMPLETION TIME (Makespan / UB): 848
Schedule is valid
 Time taken: 0.97 seconds
SAT

=> TOTAL COMPLETION TIME (Makespan / UB): 847
Schedule is valid
 Time taken: 0.99 seconds
SAT

=> TOTAL COMPLETION TIME (Makespan / UB): 846
Schedule is valid
 Time taken: 1.01 seconds
SAT

=> TOTAL COMPLETION TIME (Makespan / UB): 845
Schedule is valid
 Time taken: 1.02 seconds
SAT

=> TOTAL COMPLETION TIME (Makespan / UB): 844
Schedule is valid
 Time taken: 1.04 seconds
SAT

=> TOTAL COMPLETION TIME (Makespan / UB): 843
Schedule is valid
 Time taken: 1.06 seconds
SAT

=> TOTAL COMPLETION TIME (Makespan / UB): 842
Schedule is valid
 Time taken: 1.08 seconds
SAT

=> TOTAL COMPLETION TIME (Makespan / UB): 841
Schedule is valid
 Time taken: 1.10 seconds
SAT

=> TOTAL COMPLETION TIME (Makespan / UB): 840
Schedule is valid
 Time taken: 1.11 seconds
SAT

=> TOTAL COMPLETION TIME (Makespan / UB): 839
Schedule is valid
 Time taken: 1.13 seconds
SAT

=> TOTAL COMPLETION TIME (Makespan / UB): 838
Schedule is valid
 Time taken: 1.15 seconds
SAT

=> TOTAL COMPLETION TIME (Makespan / UB): 837
Schedule is valid
 Time taken: 1.16 seconds
SAT

=> TOTAL COMPLETION TIME (Makespan / UB): 836
Schedule is valid
 Time taken: 1.18 seconds
SAT

=> TOTAL COMPLETION TIME (Makespan / UB): 835
Schedule is valid
 Time taken: 1.20 seconds
SAT

=> TOTAL COMPLETION TIME (Makespan / UB): 834
Schedule is valid
 Time taken: 1.22 seconds
SAT

=> TOTAL COMPLETION TIME (Makespan / UB): 833
Schedule is valid
 Time taken: 1.23 seconds
SAT

=> TOTAL COMPLETION TIME (Makespan / UB): 832
Schedule is valid
 Time taken: 1.25 seconds
SAT

=> TOTAL COMPLETION TIME (Makespan / UB): 831
Schedule is valid
 Time taken: 1.27 seconds
SAT

=> TOTAL COMPLETION TIME (Makespan / UB): 830
Schedule is valid
 Time taken: 1.29 seconds
SAT

=> TOTAL COMPLETION TIME (Makespan / UB): 829
Schedule is valid
 Time taken: 1.31 seconds
SAT

=> TOTAL COMPLETION TIME (Makespan / UB): 828
Schedule is valid
 Time taken: 1.32 seconds
SAT

=> TOTAL COMPLETION TIME (Makespan / UB): 827
Schedule is valid
 Time taken: 1.34 seconds
SAT

=> TOTAL COMPLETION TIME (Makespan / UB): 826
Schedule is valid
 Time taken: 1.36 seconds
SAT

=> TOTAL COMPLETION TIME (Makespan / UB): 825
Schedule is valid
 Time taken: 1.37 seconds
SAT

=> TOTAL COMPLETION TIME (Makespan / UB): 824
Schedule is valid
 Time taken: 1.39 seconds
SAT

=> TOTAL COMPLETION TIME (Makespan / UB): 823
Schedule is valid
 Time taken: 1.41 seconds
SAT

=> TOTAL COMPLETION TIME (Makespan / UB): 822
Schedule is valid
 Time taken: 1.43 seconds
SAT

=> TOTAL COMPLETION TIME (Makespan / UB): 821
Schedule is valid
 Time taken: 1.44 seconds
SAT

=> TOTAL COMPLETION TIME (Makespan / UB): 820
Schedule is valid
 Time taken: 1.46 seconds
SAT

=> TOTAL COMPLETION TIME (Makespan / UB): 819
Schedule is valid
 Time taken: 1.48 seconds
SAT

=> TOTAL COMPLETION TIME (Makespan / UB): 818
Schedule is valid
 Time taken: 1.49 seconds
SAT

=> TOTAL COMPLETION TIME (Makespan / UB): 817
Schedule is valid
 Time taken: 1.51 seconds
SAT

=> TOTAL COMPLETION TIME (Makespan / UB): 816
Schedule is valid
 Time taken: 1.53 seconds
SAT

=> TOTAL COMPLETION TIME (Makespan / UB): 815
Schedule is valid
 Time taken: 1.54 seconds
SAT

=> TOTAL COMPLETION TIME (Makespan / UB): 814
Schedule is valid
 Time taken: 1.56 seconds
SAT

=> TOTAL COMPLETION TIME (Makespan / UB): 813
Schedule is valid
 Time taken: 1.58 seconds
SAT

=> TOTAL COMPLETION TIME (Makespan / UB): 812
Schedule is valid
 Time taken: 1.59 seconds
SAT

=> TOTAL COMPLETION TIME (Makespan / UB): 811
Schedule is valid
 Time taken: 1.61 seconds
SAT

=> TOTAL COMPLETION TIME (Makespan / UB): 810
Schedule is valid
 Time taken: 1.63 seconds
SAT

=> TOTAL COMPLETION TIME (Makespan / UB): 809
Schedule is valid
 Time taken: 1.64 seconds
SAT

=> TOTAL COMPLETION TIME (Makespan / UB): 808
Schedule is valid
 Time taken: 1.66 seconds
SAT

=> TOTAL COMPLETION TIME (Makespan / UB): 807
Schedule is valid
 Time taken: 1.68 seconds
SAT

=> TOTAL COMPLETION TIME (Makespan / UB): 806
Schedule is valid
 Time taken: 1.69 seconds
SAT

=> TOTAL COMPLETION TIME (Makespan / UB): 805
Schedule is valid
 Time taken: 1.71 seconds
SAT

=> TOTAL COMPLETION TIME (Makespan / UB): 804
Schedule is valid
 Time taken: 1.73 seconds
SAT

=> TOTAL COMPLETION TIME (Makespan / UB): 803
Schedule is valid
 Time taken: 1.74 seconds
SAT

=> TOTAL COMPLETION TIME (Makespan / UB): 802
Schedule is valid
 Time taken: 1.76 seconds
SAT

=> TOTAL COMPLETION TIME (Makespan / UB): 801
Schedule is valid
 Time taken: 1.78 seconds
SAT

=> TOTAL COMPLETION TIME (Makespan / UB): 800
Schedule is valid
 Time taken: 1.79 seconds
SAT

=> TOTAL COMPLETION TIME (Makespan / UB): 799
Schedule is valid
 Time taken: 1.81 seconds
SAT

=> TOTAL COMPLETION TIME (Makespan / UB): 798
Schedule is valid
 Time taken: 1.83 seconds
SAT

=> TOTAL COMPLETION TIME (Makespan / UB): 797
Schedule is valid
 Time taken: 1.84 seconds
SAT

=> TOTAL COMPLETION TIME (Makespan / UB): 796
Schedule is valid
 Time taken: 1.86 seconds
SAT

=> TOTAL COMPLETION TIME (Makespan / UB): 795
Schedule is valid
 Time taken: 1.88 seconds
SAT

=> TOTAL COMPLETION TIME (Makespan / UB): 794
Schedule is valid
 Time taken: 1.89 seconds
SAT

=> TOTAL COMPLETION TIME (Makespan / UB): 793
Schedule is valid
 Time taken: 2.02 seconds
SAT

=> TOTAL COMPLETION TIME (Makespan / UB): 792
Schedule is valid
 Time taken: 2.13 seconds
SAT

=> TOTAL COMPLETION TIME (Makespan / UB): 791
Schedule is valid
 Time taken: 2.15 seconds
SAT

=> TOTAL COMPLETION TIME (Makespan / UB): 790
Schedule is valid
 Time taken: 2.16 seconds
SAT

=> TOTAL COMPLETION TIME (Makespan / UB): 789
Schedule is valid
 Time taken: 2.18 seconds
SAT

=> TOTAL COMPLETION TIME (Makespan / UB): 788
Schedule is valid
 Time taken: 2.19 seconds
SAT

=> TOTAL COMPLETION TIME (Makespan / UB): 787
Schedule is valid
 Time taken: 2.21 seconds
SAT

=> TOTAL COMPLETION TIME (Makespan / UB): 786
Schedule is valid
 Time taken: 2.22 seconds
SAT

=> TOTAL COMPLETION TIME (Makespan / UB): 785
Schedule is valid
 Time taken: 2.24 seconds
SAT

=> TOTAL COMPLETION TIME (Makespan / UB): 784
Schedule is valid
 Time taken: 2.25 seconds
SAT

=> TOTAL COMPLETION TIME (Makespan / UB): 783
Schedule is valid
 Time taken: 2.27 seconds
SAT

=> TOTAL COMPLETION TIME (Makespan / UB): 782
Schedule is valid
 Time taken: 2.36 seconds
SAT

=> TOTAL COMPLETION TIME (Makespan / UB): 781
Schedule is valid
 Time taken: 2.50 seconds
SAT

=> TOTAL COMPLETION TIME (Makespan / UB): 780
Schedule is valid
 Time taken: 3.34 seconds
SAT

=> TOTAL COMPLETION TIME (Makespan / UB): 779
Schedule is valid
 Time taken: 3.42 seconds
SAT

=> TOTAL COMPLETION TIME (Makespan / UB): 778
Schedule is valid
 Time taken: 3.48 seconds
SAT

=> TOTAL COMPLETION TIME (Makespan / UB): 777
Schedule is valid
 Time taken: 3.52 seconds
SAT

=> TOTAL COMPLETION TIME (Makespan / UB): 776
Schedule is valid
 Time taken: 3.67 seconds
SAT

=> TOTAL COMPLETION TIME (Makespan / UB): 775
Schedule is valid
 Time taken: 3.71 seconds
SAT

=> TOTAL COMPLETION TIME (Makespan / UB): 774
Schedule is valid
 Time taken: 3.74 seconds
SAT

=> TOTAL COMPLETION TIME (Makespan / UB): 773
Schedule is valid
 Time taken: 3.77 seconds
SAT

=> TOTAL COMPLETION TIME (Makespan / UB): 772
Schedule is valid
 Time taken: 3.79 seconds
SAT

=> TOTAL COMPLETION TIME (Makespan / UB): 771
Schedule is valid
 Time taken: 3.82 seconds
SAT

=> TOTAL COMPLETION TIME (Makespan / UB): 770
Schedule is valid
 Time taken: 3.84 seconds
SAT

=> TOTAL COMPLETION TIME (Makespan / UB): 769
Schedule is valid
 Time taken: 3.87 seconds
SAT

=> TOTAL COMPLETION TIME (Makespan / UB): 768
Schedule is valid
 Time taken: 3.89 seconds
SAT

=> TOTAL COMPLETION TIME (Makespan / UB): 767
Schedule is valid
 Time taken: 3.92 seconds
SAT

=> TOTAL COMPLETION TIME (Makespan / UB): 766
Schedule is valid
 Time taken: 3.94 seconds
SAT

=> TOTAL COMPLETION TIME (Makespan / UB): 765
Schedule is valid
 Time taken: 3.97 seconds
SAT

=> TOTAL COMPLETION TIME (Makespan / UB): 764
Schedule is valid
 Time taken: 4.00 seconds
SAT

=> TOTAL COMPLETION TIME (Makespan / UB): 763
Schedule is valid
 Time taken: 4.02 seconds
SAT

=> TOTAL COMPLETION TIME (Makespan / UB): 762
Schedule is valid
 Time taken: 4.05 seconds
SAT

=> TOTAL COMPLETION TIME (Makespan / UB): 761
Schedule is valid
 Time taken: 4.09 seconds
SAT

=> TOTAL COMPLETION TIME (Makespan / UB): 760
Schedule is valid
 Time taken: 4.12 seconds
SAT

=> TOTAL COMPLETION TIME (Makespan / UB): 759
Schedule is valid
 Time taken: 4.20 seconds
SAT

=> TOTAL COMPLETION TIME (Makespan / UB): 758
Schedule is valid
 Time taken: 4.25 seconds
SAT

=> TOTAL COMPLETION TIME (Makespan / UB): 757
Schedule is valid
 Time taken: 4.64 seconds
SAT

=> TOTAL COMPLETION TIME (Makespan / UB): 756
Schedule is valid
 Time taken: 4.70 seconds
SAT

=> TOTAL COMPLETION TIME (Makespan / UB): 755
Schedule is valid
 Time taken: 4.75 seconds
SAT

=> TOTAL COMPLETION TIME (Makespan / UB): 754
Schedule is valid
 Time taken: 4.78 seconds
SAT

=> TOTAL COMPLETION TIME (Makespan / UB): 753
Schedule is valid
 Time taken: 4.83 seconds
SAT

=> TOTAL COMPLETION TIME (Makespan / UB): 752
Schedule is valid
 Time taken: 4.88 seconds
SAT

=> TOTAL COMPLETION TIME (Makespan / UB): 751
Schedule is valid
 Time taken: 4.96 seconds
SAT

=> TOTAL COMPLETION TIME (Makespan / UB): 750
Schedule is valid
 Time taken: 5.28 seconds
SAT

=> TOTAL COMPLETION TIME (Makespan / UB): 749
Schedule is valid
 Time taken: 5.32 seconds
SAT

=> TOTAL COMPLETION TIME (Makespan / UB): 748
Schedule is valid
 Time taken: 5.36 seconds
SAT

=> TOTAL COMPLETION TIME (Makespan / UB): 747
Schedule is valid
 Time taken: 5.55 seconds
SAT

=> TOTAL COMPLETION TIME (Makespan / UB): 746
Schedule is valid
 Time taken: 5.61 seconds
SAT

=> TOTAL COMPLETION TIME (Makespan / UB): 745
Schedule is valid
 Time taken: 5.64 seconds
SAT

=> TOTAL COMPLETION TIME (Makespan / UB): 744
Schedule is valid
 Time taken: 5.74 seconds
SAT

=> TOTAL COMPLETION TIME (Makespan / UB): 743
Schedule is valid
 Time taken: 5.81 seconds
SAT

=> TOTAL COMPLETION TIME (Makespan / UB): 742
Schedule is valid
 Time taken: 5.86 seconds
SAT

=> TOTAL COMPLETION TIME (Makespan / UB): 741
Schedule is valid
 Time taken: 5.93 seconds
SAT

=> TOTAL COMPLETION TIME (Makespan / UB): 740
Schedule is valid
 Time taken: 5.99 seconds
SAT

=> TOTAL COMPLETION TIME (Makespan / UB): 739
Schedule is valid
 Time taken: 6.14 seconds
SAT

=> TOTAL COMPLETION TIME (Makespan / UB): 738
Schedule is valid
 Time taken: 6.21 seconds
SAT

=> TOTAL COMPLETION TIME (Makespan / UB): 737
Schedule is valid
 Time taken: 6.24 seconds
SAT

=> TOTAL COMPLETION TIME (Makespan / UB): 736
Schedule is valid
 Time taken: 6.34 seconds
SAT

=> TOTAL COMPLETION TIME (Makespan / UB): 735
Schedule is valid
 Time taken: 6.39 seconds
SAT

=> TOTAL COMPLETION TIME (Makespan / UB): 734
Schedule is valid
 Time taken: 6.47 seconds
SAT

=> TOTAL COMPLETION TIME (Makespan / UB): 733
Schedule is valid
 Time taken: 6.51 seconds
SAT

=> TOTAL COMPLETION TIME (Makespan / UB): 732
Schedule is valid
 Time taken: 6.56 seconds
SAT

=> TOTAL COMPLETION TIME (Makespan / UB): 731
Schedule is valid
 Time taken: 6.59 seconds
SAT

=> TOTAL COMPLETION TIME (Makespan / UB): 730
Schedule is valid
 Time taken: 6.62 seconds
SAT

=> TOTAL COMPLETION TIME (Makespan / UB): 729
Schedule is valid
 Time taken: 6.65 seconds
SAT

=> TOTAL COMPLETION TIME (Makespan / UB): 728
Schedule is valid
 Time taken: 6.71 seconds
SAT

=> TOTAL COMPLETION TIME (Makespan / UB): 727
Schedule is valid
 Time taken: 6.74 seconds
SAT

=> TOTAL COMPLETION TIME (Makespan / UB): 726
Schedule is valid
 Time taken: 6.78 seconds
SAT

=> TOTAL COMPLETION TIME (Makespan / UB): 725
Schedule is valid
 Time taken: 6.84 seconds
SAT

=> TOTAL COMPLETION TIME (Makespan / UB): 724
Schedule is valid
 Time taken: 6.87 seconds
SAT

=> TOTAL COMPLETION TIME (Makespan / UB): 723
Schedule is valid
 Time taken: 6.91 seconds
SAT

=> TOTAL COMPLETION TIME (Makespan / UB): 722
Schedule is valid
 Time taken: 6.94 seconds
SAT

=> TOTAL COMPLETION TIME (Makespan / UB): 721
Schedule is valid
 Time taken: 6.96 seconds
SAT

=> TOTAL COMPLETION TIME (Makespan / UB): 720
Schedule is valid
 Time taken: 7.02 seconds
SAT

=> TOTAL COMPLETION TIME (Makespan / UB): 719
Schedule is valid
 Time taken: 7.04 seconds
SAT

=> TOTAL COMPLETION TIME (Makespan / UB): 718
Schedule is valid
 Time taken: 7.07 seconds
SAT

=> TOTAL COMPLETION TIME (Makespan / UB): 717
Schedule is valid
 Time taken: 7.10 seconds
SAT

=> TOTAL COMPLETION TIME (Makespan / UB): 716
Schedule is valid
 Time taken: 7.13 seconds
SAT

=> TOTAL COMPLETION TIME (Makespan / UB): 715
Schedule is valid
 Time taken: 7.15 seconds
SAT

=> TOTAL COMPLETION TIME (Makespan / UB): 714
Schedule is valid
 Time taken: 7.17 seconds
SAT

=> TOTAL COMPLETION TIME (Makespan / UB): 713
Schedule is valid
 Time taken: 7.19 seconds
SAT

=> TOTAL COMPLETION TIME (Makespan / UB): 712
Schedule is valid
 Time taken: 7.22 seconds
SAT

=> TOTAL COMPLETION TIME (Makespan / UB): 711
Schedule is valid
 Time taken: 7.27 seconds
SAT

=> TOTAL COMPLETION TIME (Makespan / UB): 710
Schedule is valid
 Time taken: 7.34 seconds
SAT

=> TOTAL COMPLETION TIME (Makespan / UB): 709
Schedule is valid
 Time taken: 7.36 seconds
SAT

=> TOTAL COMPLETION TIME (Makespan / UB): 708
Schedule is valid
 Time taken: 7.38 seconds
SAT

=> TOTAL COMPLETION TIME (Makespan / UB): 707
Schedule is valid
 Time taken: 7.41 seconds
UNSAT
status: optimal
[runlim] end:			Sun May  3 05:20:03 2026
[runlim] status:		ok
[runlim] result:		0
[runlim] children:		1
[runlim] processes:		2
[runlim] real:			7.48 seconds
[runlim] time:			7.38 seconds
[runlim] space:			119 MB
[runlim] load:			1.59 maximum
[runlim] samples:		75
