[runlim] version:		2.0.0rc12
[runlim] host:			ap-Precision-7550
[runlim] time limit:		311040000 seconds
[runlim] real time limit:	600 seconds
[runlim] space limit:		15624 MB
[runlim] argv[0]:		python3
[runlim] argv[1]:		-u
[runlim] argv[2]:		main.py
[runlim] argv[3]:		datasets/hurink/edata/la34.txt
[runlim] start:			Sun May  3 07:20:57 2026
[runlim] child:			14548
Greedy Schedule UB: 2230
[runlim] sample:		9.98 time, 10.01 real, 1170 MB, 1.36 load
Building constraints took 14.92 seconds.
[runlim] sample:		19.97 time, 20.01 real, 2163 MB, 1.30 load
SAT

=> TOTAL COMPLETION TIME (Makespan / UB): 2229
Schedule is valid
 Time taken: 21.70 seconds
SAT

=> TOTAL COMPLETION TIME (Makespan / UB): 2228
Schedule is valid
 Time taken: 22.17 seconds
SAT

=> TOTAL COMPLETION TIME (Makespan / UB): 2227
Schedule is valid
 Time taken: 22.53 seconds
SAT

=> TOTAL COMPLETION TIME (Makespan / UB): 2226
Schedule is valid
 Time taken: 22.89 seconds
SAT

=> TOTAL COMPLETION TIME (Makespan / UB): 2225
Schedule is valid
 Time taken: 23.25 seconds
SAT

=> TOTAL COMPLETION TIME (Makespan / UB): 2224
Schedule is valid
 Time taken: 23.61 seconds
SAT

=> TOTAL COMPLETION TIME (Makespan / UB): 2223
Schedule is valid
 Time taken: 24.06 seconds
SAT

=> TOTAL COMPLETION TIME (Makespan / UB): 2222
Schedule is valid
 Time taken: 24.43 seconds
SAT

=> TOTAL COMPLETION TIME (Makespan / UB): 2221
Schedule is valid
 Time taken: 24.79 seconds
SAT

=> TOTAL COMPLETION TIME (Makespan / UB): 2220
Schedule is valid
 Time taken: 25.15 seconds
SAT

=> TOTAL COMPLETION TIME (Makespan / UB): 2219
Schedule is valid
 Time taken: 25.51 seconds
SAT

=> TOTAL COMPLETION TIME (Makespan / UB): 2218
Schedule is valid
 Time taken: 25.87 seconds
SAT

=> TOTAL COMPLETION TIME (Makespan / UB): 2217
Schedule is valid
 Time taken: 26.24 seconds
SAT

=> TOTAL COMPLETION TIME (Makespan / UB): 2216
Schedule is valid
 Time taken: 26.59 seconds
SAT

=> TOTAL COMPLETION TIME (Makespan / UB): 2215
Schedule is valid
 Time taken: 26.94 seconds
SAT

=> TOTAL COMPLETION TIME (Makespan / UB): 2214
Schedule is valid
 Time taken: 27.30 seconds
SAT

=> TOTAL COMPLETION TIME (Makespan / UB): 2213
Schedule is valid
 Time taken: 27.65 seconds
SAT

=> TOTAL COMPLETION TIME (Makespan / UB): 2212
Schedule is valid
 Time taken: 28.01 seconds
SAT

=> TOTAL COMPLETION TIME (Makespan / UB): 2211
Schedule is valid
 Time taken: 28.37 seconds
SAT

=> TOTAL COMPLETION TIME (Makespan / UB): 2210
Schedule is valid
 Time taken: 28.72 seconds
SAT

=> TOTAL COMPLETION TIME (Makespan / UB): 2209
Schedule is valid
 Time taken: 29.07 seconds
SAT

=> TOTAL COMPLETION TIME (Makespan / UB): 2208
Schedule is valid
 Time taken: 29.43 seconds
SAT

=> TOTAL COMPLETION TIME (Makespan / UB): 2207
Schedule is valid
 Time taken: 29.78 seconds
[runlim] sample:		29.95 time, 30.01 real, 2166 MB, 1.26 load
SAT

=> TOTAL COMPLETION TIME (Makespan / UB): 2206
Schedule is valid
 Time taken: 30.14 seconds
SAT

=> TOTAL COMPLETION TIME (Makespan / UB): 2205
Schedule is valid
 Time taken: 30.50 seconds
SAT

=> TOTAL COMPLETION TIME (Makespan / UB): 2204
Schedule is valid
 Time taken: 30.86 seconds
SAT

=> TOTAL COMPLETION TIME (Makespan / UB): 2203
Schedule is valid
 Time taken: 31.21 seconds
SAT

=> TOTAL COMPLETION TIME (Makespan / UB): 2202
Schedule is valid
 Time taken: 31.57 seconds
SAT

=> TOTAL COMPLETION TIME (Makespan / UB): 2201
Schedule is valid
 Time taken: 31.92 seconds
SAT

=> TOTAL COMPLETION TIME (Makespan / UB): 2200
Schedule is valid
 Time taken: 32.28 seconds
SAT

=> TOTAL COMPLETION TIME (Makespan / UB): 2199
Schedule is valid
 Time taken: 32.63 seconds
SAT

=> TOTAL COMPLETION TIME (Makespan / UB): 2198
Schedule is valid
 Time taken: 32.99 seconds
SAT

=> TOTAL COMPLETION TIME (Makespan / UB): 2197
Schedule is valid
 Time taken: 33.34 seconds
SAT

=> TOTAL COMPLETION TIME (Makespan / UB): 2196
Schedule is valid
 Time taken: 33.70 seconds
SAT

=> TOTAL COMPLETION TIME (Makespan / UB): 2195
Schedule is valid
 Time taken: 34.06 seconds
SAT

=> TOTAL COMPLETION TIME (Makespan / UB): 2194
Schedule is valid
 Time taken: 34.41 seconds
SAT

=> TOTAL COMPLETION TIME (Makespan / UB): 2193
Schedule is valid
 Time taken: 34.77 seconds
SAT

=> TOTAL COMPLETION TIME (Makespan / UB): 2192
Schedule is valid
 Time taken: 35.13 seconds
SAT

=> TOTAL COMPLETION TIME (Makespan / UB): 2191
Schedule is valid
 Time taken: 35.48 seconds
SAT

=> TOTAL COMPLETION TIME (Makespan / UB): 2190
Schedule is valid
 Time taken: 35.84 seconds
SAT

=> TOTAL COMPLETION TIME (Makespan / UB): 2189
Schedule is valid
 Time taken: 36.19 seconds
SAT

=> TOTAL COMPLETION TIME (Makespan / UB): 2188
Schedule is valid
 Time taken: 36.55 seconds
SAT

=> TOTAL COMPLETION TIME (Makespan / UB): 2187
Schedule is valid
 Time taken: 36.91 seconds
SAT

=> TOTAL COMPLETION TIME (Makespan / UB): 2186
Schedule is valid
 Time taken: 37.26 seconds
SAT

=> TOTAL COMPLETION TIME (Makespan / UB): 2185
Schedule is valid
 Time taken: 37.62 seconds
SAT

=> TOTAL COMPLETION TIME (Makespan / UB): 2184
Schedule is valid
 Time taken: 37.97 seconds
SAT

=> TOTAL COMPLETION TIME (Makespan / UB): 2183
Schedule is valid
 Time taken: 38.33 seconds
SAT

=> TOTAL COMPLETION TIME (Makespan / UB): 2182
Schedule is valid
 Time taken: 38.68 seconds
SAT

=> TOTAL COMPLETION TIME (Makespan / UB): 2181
Schedule is valid
 Time taken: 39.04 seconds
SAT

=> TOTAL COMPLETION TIME (Makespan / UB): 2180
Schedule is valid
 Time taken: 39.40 seconds
SAT

=> TOTAL COMPLETION TIME (Makespan / UB): 2179
Schedule is valid
 Time taken: 39.75 seconds
[runlim] sample:		39.93 time, 40.01 real, 2166 MB, 1.22 load
SAT

=> TOTAL COMPLETION TIME (Makespan / UB): 2178
Schedule is valid
 Time taken: 40.12 seconds
SAT

=> TOTAL COMPLETION TIME (Makespan / UB): 2177
Schedule is valid
 Time taken: 41.72 seconds
SAT

=> TOTAL COMPLETION TIME (Makespan / UB): 2176
Schedule is valid
 Time taken: 42.10 seconds
SAT

=> TOTAL COMPLETION TIME (Makespan / UB): 2175
Schedule is valid
 Time taken: 42.45 seconds
SAT

=> TOTAL COMPLETION TIME (Makespan / UB): 2174
Schedule is valid
 Time taken: 42.80 seconds
SAT

=> TOTAL COMPLETION TIME (Makespan / UB): 2173
Schedule is valid
 Time taken: 43.15 seconds
SAT

=> TOTAL COMPLETION TIME (Makespan / UB): 2172
Schedule is valid
 Time taken: 43.50 seconds
SAT

=> TOTAL COMPLETION TIME (Makespan / UB): 2171
Schedule is valid
 Time taken: 43.85 seconds
SAT

=> TOTAL COMPLETION TIME (Makespan / UB): 2170
Schedule is valid
 Time taken: 44.21 seconds
SAT

=> TOTAL COMPLETION TIME (Makespan / UB): 2169
Schedule is valid
 Time taken: 44.56 seconds
SAT

=> TOTAL COMPLETION TIME (Makespan / UB): 2168
Schedule is valid
 Time taken: 44.91 seconds
SAT

=> TOTAL COMPLETION TIME (Makespan / UB): 2167
Schedule is valid
 Time taken: 45.26 seconds
SAT

=> TOTAL COMPLETION TIME (Makespan / UB): 2166
Schedule is valid
 Time taken: 45.61 seconds
SAT

=> TOTAL COMPLETION TIME (Makespan / UB): 2165
Schedule is valid
 Time taken: 45.96 seconds
SAT

=> TOTAL COMPLETION TIME (Makespan / UB): 2164
Schedule is valid
 Time taken: 46.33 seconds
SAT

=> TOTAL COMPLETION TIME (Makespan / UB): 2163
Schedule is valid
 Time taken: 46.69 seconds
SAT

=> TOTAL COMPLETION TIME (Makespan / UB): 2162
Schedule is valid
 Time taken: 47.04 seconds
SAT

=> TOTAL COMPLETION TIME (Makespan / UB): 2161
Schedule is valid
 Time taken: 47.39 seconds
SAT

=> TOTAL COMPLETION TIME (Makespan / UB): 2160
Schedule is valid
 Time taken: 47.73 seconds
SAT

=> TOTAL COMPLETION TIME (Makespan / UB): 2159
Schedule is valid
 Time taken: 48.09 seconds
[runlim] sample:		49.91 time, 50.01 real, 2233 MB, 1.18 load
SAT

=> TOTAL COMPLETION TIME (Makespan / UB): 2158
Schedule is valid
 Time taken: 55.57 seconds
SAT

=> TOTAL COMPLETION TIME (Makespan / UB): 2157
Schedule is valid
 Time taken: 56.91 seconds
SAT

=> TOTAL COMPLETION TIME (Makespan / UB): 2156
Schedule is valid
 Time taken: 57.23 seconds
SAT

=> TOTAL COMPLETION TIME (Makespan / UB): 2155
Schedule is valid
 Time taken: 57.55 seconds
SAT

=> TOTAL COMPLETION TIME (Makespan / UB): 2154
Schedule is valid
 Time taken: 57.87 seconds
SAT

=> TOTAL COMPLETION TIME (Makespan / UB): 2153
Schedule is valid
 Time taken: 58.20 seconds
SAT

=> TOTAL COMPLETION TIME (Makespan / UB): 2152
Schedule is valid
 Time taken: 58.52 seconds
SAT

=> TOTAL COMPLETION TIME (Makespan / UB): 2151
Schedule is valid
 Time taken: 58.84 seconds
SAT

=> TOTAL COMPLETION TIME (Makespan / UB): 2150
Schedule is valid
 Time taken: 59.16 seconds
SAT

=> TOTAL COMPLETION TIME (Makespan / UB): 2149
Schedule is valid
 Time taken: 59.48 seconds
SAT

=> TOTAL COMPLETION TIME (Makespan / UB): 2148
Schedule is valid
 Time taken: 59.81 seconds
[runlim] sample:		59.89 time, 60.01 real, 2210 MB, 1.15 load
SAT

=> TOTAL COMPLETION TIME (Makespan / UB): 2147
Schedule is valid
 Time taken: 60.13 seconds
SAT

=> TOTAL COMPLETION TIME (Makespan / UB): 2146
Schedule is valid
 Time taken: 60.45 seconds
SAT

=> TOTAL COMPLETION TIME (Makespan / UB): 2145
Schedule is valid
 Time taken: 60.77 seconds
SAT

=> TOTAL COMPLETION TIME (Makespan / UB): 2144
Schedule is valid
 Time taken: 61.09 seconds
SAT

=> TOTAL COMPLETION TIME (Makespan / UB): 2143
Schedule is valid
 Time taken: 61.41 seconds
SAT

=> TOTAL COMPLETION TIME (Makespan / UB): 2142
Schedule is valid
 Time taken: 61.72 seconds
SAT

=> TOTAL COMPLETION TIME (Makespan / UB): 2141
Schedule is valid
 Time taken: 62.04 seconds
SAT

=> TOTAL COMPLETION TIME (Makespan / UB): 2140
Schedule is valid
 Time taken: 62.35 seconds
SAT

=> TOTAL COMPLETION TIME (Makespan / UB): 2139
Schedule is valid
 Time taken: 62.67 seconds
SAT

=> TOTAL COMPLETION TIME (Makespan / UB): 2138
Schedule is valid
 Time taken: 62.98 seconds
SAT

=> TOTAL COMPLETION TIME (Makespan / UB): 2137
Schedule is valid
 Time taken: 63.29 seconds
SAT

=> TOTAL COMPLETION TIME (Makespan / UB): 2136
Schedule is valid
 Time taken: 63.61 seconds
SAT

=> TOTAL COMPLETION TIME (Makespan / UB): 2135
Schedule is valid
 Time taken: 64.06 seconds
SAT

=> TOTAL COMPLETION TIME (Makespan / UB): 2134
Schedule is valid
 Time taken: 64.38 seconds
SAT

=> TOTAL COMPLETION TIME (Makespan / UB): 2133
Schedule is valid
 Time taken: 64.70 seconds
SAT

=> TOTAL COMPLETION TIME (Makespan / UB): 2132
Schedule is valid
 Time taken: 65.01 seconds
SAT

=> TOTAL COMPLETION TIME (Makespan / UB): 2131
Schedule is valid
 Time taken: 65.32 seconds
SAT

=> TOTAL COMPLETION TIME (Makespan / UB): 2130
Schedule is valid
 Time taken: 65.64 seconds
SAT

=> TOTAL COMPLETION TIME (Makespan / UB): 2129
Schedule is valid
 Time taken: 65.95 seconds
SAT

=> TOTAL COMPLETION TIME (Makespan / UB): 2128
Schedule is valid
 Time taken: 66.27 seconds
SAT

=> TOTAL COMPLETION TIME (Makespan / UB): 2127
Schedule is valid
 Time taken: 66.58 seconds
SAT

=> TOTAL COMPLETION TIME (Makespan / UB): 2126
Schedule is valid
 Time taken: 66.89 seconds
SAT

=> TOTAL COMPLETION TIME (Makespan / UB): 2125
Schedule is valid
 Time taken: 67.21 seconds
SAT

=> TOTAL COMPLETION TIME (Makespan / UB): 2124
Schedule is valid
 Time taken: 67.52 seconds
SAT

=> TOTAL COMPLETION TIME (Makespan / UB): 2123
Schedule is valid
 Time taken: 67.83 seconds
SAT

=> TOTAL COMPLETION TIME (Makespan / UB): 2122
Schedule is valid
 Time taken: 68.22 seconds
SAT

=> TOTAL COMPLETION TIME (Makespan / UB): 2121
Schedule is valid
 Time taken: 68.54 seconds
SAT

=> TOTAL COMPLETION TIME (Makespan / UB): 2120
Schedule is valid
 Time taken: 68.85 seconds
SAT

=> TOTAL COMPLETION TIME (Makespan / UB): 2119
Schedule is valid
 Time taken: 69.17 seconds
SAT

=> TOTAL COMPLETION TIME (Makespan / UB): 2118
Schedule is valid
 Time taken: 69.48 seconds
SAT

=> TOTAL COMPLETION TIME (Makespan / UB): 2117
Schedule is valid
 Time taken: 69.79 seconds
[runlim] sample:		69.88 time, 70.01 real, 2210 MB, 1.13 load
SAT

=> TOTAL COMPLETION TIME (Makespan / UB): 2116
Schedule is valid
 Time taken: 70.11 seconds
SAT

=> TOTAL COMPLETION TIME (Makespan / UB): 2115
Schedule is valid
 Time taken: 70.42 seconds
SAT

=> TOTAL COMPLETION TIME (Makespan / UB): 2114
Schedule is valid
 Time taken: 70.73 seconds
SAT

=> TOTAL COMPLETION TIME (Makespan / UB): 2113
Schedule is valid
 Time taken: 71.05 seconds
SAT

=> TOTAL COMPLETION TIME (Makespan / UB): 2112
Schedule is valid
 Time taken: 71.36 seconds
SAT

=> TOTAL COMPLETION TIME (Makespan / UB): 2111
Schedule is valid
 Time taken: 71.68 seconds
SAT

=> TOTAL COMPLETION TIME (Makespan / UB): 2110
Schedule is valid
 Time taken: 71.99 seconds
SAT

=> TOTAL COMPLETION TIME (Makespan / UB): 2109
Schedule is valid
 Time taken: 72.30 seconds
SAT

=> TOTAL COMPLETION TIME (Makespan / UB): 2108
Schedule is valid
 Time taken: 72.61 seconds
SAT

=> TOTAL COMPLETION TIME (Makespan / UB): 2107
Schedule is valid
 Time taken: 72.92 seconds
SAT

=> TOTAL COMPLETION TIME (Makespan / UB): 2106
Schedule is valid
 Time taken: 73.23 seconds
SAT

=> TOTAL COMPLETION TIME (Makespan / UB): 2105
Schedule is valid
 Time taken: 73.54 seconds
SAT

=> TOTAL COMPLETION TIME (Makespan / UB): 2104
Schedule is valid
 Time taken: 73.85 seconds
SAT

=> TOTAL COMPLETION TIME (Makespan / UB): 2103
Schedule is valid
 Time taken: 74.16 seconds
SAT

=> TOTAL COMPLETION TIME (Makespan / UB): 2102
Schedule is valid
 Time taken: 74.47 seconds
SAT

=> TOTAL COMPLETION TIME (Makespan / UB): 2101
Schedule is valid
 Time taken: 74.78 seconds
SAT

=> TOTAL COMPLETION TIME (Makespan / UB): 2100
Schedule is valid
 Time taken: 75.10 seconds
SAT

=> TOTAL COMPLETION TIME (Makespan / UB): 2099
Schedule is valid
 Time taken: 75.42 seconds
SAT

=> TOTAL COMPLETION TIME (Makespan / UB): 2098
Schedule is valid
 Time taken: 75.73 seconds
SAT

=> TOTAL COMPLETION TIME (Makespan / UB): 2097
Schedule is valid
 Time taken: 76.04 seconds
SAT

=> TOTAL COMPLETION TIME (Makespan / UB): 2096
Schedule is valid
 Time taken: 76.36 seconds
SAT

=> TOTAL COMPLETION TIME (Makespan / UB): 2095
Schedule is valid
 Time taken: 76.67 seconds
SAT

=> TOTAL COMPLETION TIME (Makespan / UB): 2094
Schedule is valid
 Time taken: 76.98 seconds
SAT

=> TOTAL COMPLETION TIME (Makespan / UB): 2093
Schedule is valid
 Time taken: 77.29 seconds
SAT

=> TOTAL COMPLETION TIME (Makespan / UB): 2092
Schedule is valid
 Time taken: 77.60 seconds
SAT

=> TOTAL COMPLETION TIME (Makespan / UB): 2091
Schedule is valid
 Time taken: 77.91 seconds
SAT

=> TOTAL COMPLETION TIME (Makespan / UB): 2090
Schedule is valid
 Time taken: 78.23 seconds
SAT

=> TOTAL COMPLETION TIME (Makespan / UB): 2089
Schedule is valid
 Time taken: 78.54 seconds
SAT

=> TOTAL COMPLETION TIME (Makespan / UB): 2088
Schedule is valid
 Time taken: 78.85 seconds
SAT

=> TOTAL COMPLETION TIME (Makespan / UB): 2087
Schedule is valid
 Time taken: 79.16 seconds
SAT

=> TOTAL COMPLETION TIME (Makespan / UB): 2086
Schedule is valid
 Time taken: 79.47 seconds
SAT

=> TOTAL COMPLETION TIME (Makespan / UB): 2085
Schedule is valid
 Time taken: 79.78 seconds
[runlim] sample:		79.87 time, 80.01 real, 2210 MB, 1.11 load
SAT

=> TOTAL COMPLETION TIME (Makespan / UB): 2084
Schedule is valid
 Time taken: 80.09 seconds
SAT

=> TOTAL COMPLETION TIME (Makespan / UB): 2083
Schedule is valid
 Time taken: 80.41 seconds
SAT

=> TOTAL COMPLETION TIME (Makespan / UB): 2082
Schedule is valid
 Time taken: 80.72 seconds
SAT

=> TOTAL COMPLETION TIME (Makespan / UB): 2081
Schedule is valid
 Time taken: 81.03 seconds
SAT

=> TOTAL COMPLETION TIME (Makespan / UB): 2080
Schedule is valid
 Time taken: 81.34 seconds
SAT

=> TOTAL COMPLETION TIME (Makespan / UB): 2079
Schedule is valid
 Time taken: 81.65 seconds
SAT

=> TOTAL COMPLETION TIME (Makespan / UB): 2078
Schedule is valid
 Time taken: 81.96 seconds
SAT

=> TOTAL COMPLETION TIME (Makespan / UB): 2077
Schedule is valid
 Time taken: 82.27 seconds
SAT

=> TOTAL COMPLETION TIME (Makespan / UB): 2076
Schedule is valid
 Time taken: 82.58 seconds
SAT

=> TOTAL COMPLETION TIME (Makespan / UB): 2075
Schedule is valid
 Time taken: 82.90 seconds
SAT

=> TOTAL COMPLETION TIME (Makespan / UB): 2074
Schedule is valid
 Time taken: 83.21 seconds
SAT

=> TOTAL COMPLETION TIME (Makespan / UB): 2073
Schedule is valid
 Time taken: 83.52 seconds
SAT

=> TOTAL COMPLETION TIME (Makespan / UB): 2072
Schedule is valid
 Time taken: 83.84 seconds
SAT

=> TOTAL COMPLETION TIME (Makespan / UB): 2071
Schedule is valid
 Time taken: 84.15 seconds
SAT

=> TOTAL COMPLETION TIME (Makespan / UB): 2070
Schedule is valid
 Time taken: 84.46 seconds
SAT

=> TOTAL COMPLETION TIME (Makespan / UB): 2069
Schedule is valid
 Time taken: 84.77 seconds
SAT

=> TOTAL COMPLETION TIME (Makespan / UB): 2068
Schedule is valid
 Time taken: 85.09 seconds
[runlim] sample:		89.86 time, 90.01 real, 2210 MB, 1.09 load
[runlim] sample:		99.86 time, 100.01 real, 2208 MB, 1.08 load
[runlim] sample:		109.86 time, 110.01 real, 2242 MB, 1.07 load
[runlim] sample:		119.85 time, 120.01 real, 2242 MB, 1.06 load
SAT

=> TOTAL COMPLETION TIME (Makespan / UB): 2067
Schedule is valid
 Time taken: 129.79 seconds
[runlim] sample:		129.84 time, 130.01 real, 2041 MB, 1.05 load
SAT

=> TOTAL COMPLETION TIME (Makespan / UB): 2066
Schedule is valid
 Time taken: 131.14 seconds
SAT

=> TOTAL COMPLETION TIME (Makespan / UB): 2065
Schedule is valid
 Time taken: 132.32 seconds
SAT

=> TOTAL COMPLETION TIME (Makespan / UB): 2064
Schedule is valid
 Time taken: 133.35 seconds
SAT

=> TOTAL COMPLETION TIME (Makespan / UB): 2063
Schedule is valid
 Time taken: 134.36 seconds
SAT

=> TOTAL COMPLETION TIME (Makespan / UB): 2062
Schedule is valid
 Time taken: 135.40 seconds
SAT

=> TOTAL COMPLETION TIME (Makespan / UB): 2061
Schedule is valid
 Time taken: 136.45 seconds
SAT

=> TOTAL COMPLETION TIME (Makespan / UB): 2060
Schedule is valid
 Time taken: 137.45 seconds
SAT

=> TOTAL COMPLETION TIME (Makespan / UB): 2059
Schedule is valid
 Time taken: 138.45 seconds
SAT

=> TOTAL COMPLETION TIME (Makespan / UB): 2058
Schedule is valid
 Time taken: 139.45 seconds
[runlim] sample:		139.84 time, 140.01 real, 2064 MB, 1.11 load
SAT

=> TOTAL COMPLETION TIME (Makespan / UB): 2057
Schedule is valid
 Time taken: 140.45 seconds
SAT

=> TOTAL COMPLETION TIME (Makespan / UB): 2056
Schedule is valid
 Time taken: 141.45 seconds
SAT

=> TOTAL COMPLETION TIME (Makespan / UB): 2055
Schedule is valid
 Time taken: 142.45 seconds
SAT

=> TOTAL COMPLETION TIME (Makespan / UB): 2054
Schedule is valid
 Time taken: 143.45 seconds
SAT

=> TOTAL COMPLETION TIME (Makespan / UB): 2053
Schedule is valid
 Time taken: 144.45 seconds
SAT

=> TOTAL COMPLETION TIME (Makespan / UB): 2052
Schedule is valid
 Time taken: 145.46 seconds
SAT

=> TOTAL COMPLETION TIME (Makespan / UB): 2051
Schedule is valid
 Time taken: 146.46 seconds
[runlim] sample:		149.83 time, 150.01 real, 2064 MB, 1.09 load
SAT

=> TOTAL COMPLETION TIME (Makespan / UB): 2050
Schedule is valid
 Time taken: 153.02 seconds
SAT

=> TOTAL COMPLETION TIME (Makespan / UB): 2049
Schedule is valid
 Time taken: 154.28 seconds
SAT

=> TOTAL COMPLETION TIME (Makespan / UB): 2048
Schedule is valid
 Time taken: 155.48 seconds
SAT

=> TOTAL COMPLETION TIME (Makespan / UB): 2047
Schedule is valid
 Time taken: 156.52 seconds
SAT

=> TOTAL COMPLETION TIME (Makespan / UB): 2046
Schedule is valid
 Time taken: 157.52 seconds
SAT

=> TOTAL COMPLETION TIME (Makespan / UB): 2045
Schedule is valid
 Time taken: 158.52 seconds
SAT

=> TOTAL COMPLETION TIME (Makespan / UB): 2044
Schedule is valid
 Time taken: 159.50 seconds
[runlim] sample:		159.82 time, 160.01 real, 2059 MB, 1.08 load
SAT

=> TOTAL COMPLETION TIME (Makespan / UB): 2043
Schedule is valid
 Time taken: 160.49 seconds
SAT

=> TOTAL COMPLETION TIME (Makespan / UB): 2042
Schedule is valid
 Time taken: 161.48 seconds
SAT

=> TOTAL COMPLETION TIME (Makespan / UB): 2041
Schedule is valid
 Time taken: 162.47 seconds
SAT

=> TOTAL COMPLETION TIME (Makespan / UB): 2040
Schedule is valid
 Time taken: 163.45 seconds
SAT

=> TOTAL COMPLETION TIME (Makespan / UB): 2039
Schedule is valid
 Time taken: 164.44 seconds
SAT

=> TOTAL COMPLETION TIME (Makespan / UB): 2038
Schedule is valid
 Time taken: 165.41 seconds
SAT

=> TOTAL COMPLETION TIME (Makespan / UB): 2037
Schedule is valid
 Time taken: 166.42 seconds
SAT

=> TOTAL COMPLETION TIME (Makespan / UB): 2036
Schedule is valid
 Time taken: 167.38 seconds
SAT

=> TOTAL COMPLETION TIME (Makespan / UB): 2035
Schedule is valid
 Time taken: 168.39 seconds
SAT

=> TOTAL COMPLETION TIME (Makespan / UB): 2034
Schedule is valid
 Time taken: 168.66 seconds
SAT

=> TOTAL COMPLETION TIME (Makespan / UB): 2033
Schedule is valid
 Time taken: 169.57 seconds
[runlim] sample:		169.81 time, 170.01 real, 2059 MB, 1.07 load
SAT

=> TOTAL COMPLETION TIME (Makespan / UB): 2032
Schedule is valid
 Time taken: 170.46 seconds
SAT

=> TOTAL COMPLETION TIME (Makespan / UB): 2031
Schedule is valid
 Time taken: 171.35 seconds
SAT

=> TOTAL COMPLETION TIME (Makespan / UB): 2030
Schedule is valid
 Time taken: 172.34 seconds
SAT

=> TOTAL COMPLETION TIME (Makespan / UB): 2029
Schedule is valid
 Time taken: 173.25 seconds
SAT

=> TOTAL COMPLETION TIME (Makespan / UB): 2028
Schedule is valid
 Time taken: 174.14 seconds
SAT

=> TOTAL COMPLETION TIME (Makespan / UB): 2027
Schedule is valid
 Time taken: 175.03 seconds
SAT

=> TOTAL COMPLETION TIME (Makespan / UB): 2026
Schedule is valid
 Time taken: 175.91 seconds
SAT

=> TOTAL COMPLETION TIME (Makespan / UB): 2025
Schedule is valid
 Time taken: 176.79 seconds
SAT

=> TOTAL COMPLETION TIME (Makespan / UB): 2024
Schedule is valid
 Time taken: 177.67 seconds
SAT

=> TOTAL COMPLETION TIME (Makespan / UB): 2023
Schedule is valid
 Time taken: 178.55 seconds
SAT

=> TOTAL COMPLETION TIME (Makespan / UB): 2022
Schedule is valid
 Time taken: 179.42 seconds
[runlim] sample:		179.80 time, 180.01 real, 2059 MB, 1.13 load
SAT

=> TOTAL COMPLETION TIME (Makespan / UB): 2021
Schedule is valid
 Time taken: 180.30 seconds
SAT

=> TOTAL COMPLETION TIME (Makespan / UB): 2020
Schedule is valid
 Time taken: 181.19 seconds
SAT

=> TOTAL COMPLETION TIME (Makespan / UB): 2019
Schedule is valid
 Time taken: 182.07 seconds
SAT

=> TOTAL COMPLETION TIME (Makespan / UB): 2018
Schedule is valid
 Time taken: 182.33 seconds
[runlim] sample:		189.80 time, 190.01 real, 2071 MB, 1.11 load
SAT

=> TOTAL COMPLETION TIME (Makespan / UB): 2017
Schedule is valid
 Time taken: 192.82 seconds
SAT

=> TOTAL COMPLETION TIME (Makespan / UB): 2016
Schedule is valid
 Time taken: 193.98 seconds
SAT

=> TOTAL COMPLETION TIME (Makespan / UB): 2015
Schedule is valid
 Time taken: 195.05 seconds
SAT

=> TOTAL COMPLETION TIME (Makespan / UB): 2014
Schedule is valid
 Time taken: 195.32 seconds
SAT

=> TOTAL COMPLETION TIME (Makespan / UB): 2013
Schedule is valid
 Time taken: 196.30 seconds
SAT

=> TOTAL COMPLETION TIME (Makespan / UB): 2012
Schedule is valid
 Time taken: 196.58 seconds
SAT

=> TOTAL COMPLETION TIME (Makespan / UB): 2011
Schedule is valid
 Time taken: 197.54 seconds
SAT

=> TOTAL COMPLETION TIME (Makespan / UB): 2010
Schedule is valid
 Time taken: 197.83 seconds
SAT

=> TOTAL COMPLETION TIME (Makespan / UB): 2009
Schedule is valid
 Time taken: 198.81 seconds
SAT

=> TOTAL COMPLETION TIME (Makespan / UB): 2008
Schedule is valid
 Time taken: 199.09 seconds
SAT
[runlim] sample:		199.79 time, 200.01 real, 2075 MB, 1.17 load

=> TOTAL COMPLETION TIME (Makespan / UB): 2007
Schedule is valid
 Time taken: 200.06 seconds
SAT

=> TOTAL COMPLETION TIME (Makespan / UB): 2006
Schedule is valid
 Time taken: 200.33 seconds
SAT

=> TOTAL COMPLETION TIME (Makespan / UB): 2005
Schedule is valid
 Time taken: 201.34 seconds
SAT

=> TOTAL COMPLETION TIME (Makespan / UB): 2004
Schedule is valid
 Time taken: 201.61 seconds
SAT

=> TOTAL COMPLETION TIME (Makespan / UB): 2003
Schedule is valid
 Time taken: 202.64 seconds
SAT

=> TOTAL COMPLETION TIME (Makespan / UB): 2002
Schedule is valid
 Time taken: 202.94 seconds
SAT

=> TOTAL COMPLETION TIME (Makespan / UB): 2001
Schedule is valid
 Time taken: 203.94 seconds
SAT

=> TOTAL COMPLETION TIME (Makespan / UB): 2000
Schedule is valid
 Time taken: 204.21 seconds
SAT

=> TOTAL COMPLETION TIME (Makespan / UB): 1999
Schedule is valid
 Time taken: 205.18 seconds
SAT

=> TOTAL COMPLETION TIME (Makespan / UB): 1998
Schedule is valid
 Time taken: 205.45 seconds
SAT

=> TOTAL COMPLETION TIME (Makespan / UB): 1997
Schedule is valid
 Time taken: 206.42 seconds
SAT

=> TOTAL COMPLETION TIME (Makespan / UB): 1996
Schedule is valid
 Time taken: 207.35 seconds
SAT

=> TOTAL COMPLETION TIME (Makespan / UB): 1995
Schedule is valid
 Time taken: 208.47 seconds
SAT

=> TOTAL COMPLETION TIME (Makespan / UB): 1994
Schedule is valid
 Time taken: 208.74 seconds
SAT

=> TOTAL COMPLETION TIME (Makespan / UB): 1993
Schedule is valid
 Time taken: 209.74 seconds
SAT
[runlim] sample:		209.77 time, 210.01 real, 2122 MB, 1.14 load

=> TOTAL COMPLETION TIME (Makespan / UB): 1992
Schedule is valid
 Time taken: 210.00 seconds
SAT

=> TOTAL COMPLETION TIME (Makespan / UB): 1991
Schedule is valid
 Time taken: 210.97 seconds
SAT

=> TOTAL COMPLETION TIME (Makespan / UB): 1990
Schedule is valid
 Time taken: 211.78 seconds
SAT

=> TOTAL COMPLETION TIME (Makespan / UB): 1989
Schedule is valid
 Time taken: 212.87 seconds
SAT

=> TOTAL COMPLETION TIME (Makespan / UB): 1988
Schedule is valid
 Time taken: 213.14 seconds
SAT

=> TOTAL COMPLETION TIME (Makespan / UB): 1987
Schedule is valid
 Time taken: 214.13 seconds
SAT

=> TOTAL COMPLETION TIME (Makespan / UB): 1986
Schedule is valid
 Time taken: 214.39 seconds
SAT

=> TOTAL COMPLETION TIME (Makespan / UB): 1985
Schedule is valid
 Time taken: 215.36 seconds
SAT

=> TOTAL COMPLETION TIME (Makespan / UB): 1984
Schedule is valid
 Time taken: 215.63 seconds
SAT

=> TOTAL COMPLETION TIME (Makespan / UB): 1983
Schedule is valid
 Time taken: 216.61 seconds
SAT

=> TOTAL COMPLETION TIME (Makespan / UB): 1982
Schedule is valid
 Time taken: 216.86 seconds
SAT

=> TOTAL COMPLETION TIME (Makespan / UB): 1981
Schedule is valid
 Time taken: 217.81 seconds
SAT

=> TOTAL COMPLETION TIME (Makespan / UB): 1980
Schedule is valid
 Time taken: 218.06 seconds
SAT

=> TOTAL COMPLETION TIME (Makespan / UB): 1979
Schedule is valid
 Time taken: 219.01 seconds
SAT

=> TOTAL COMPLETION TIME (Makespan / UB): 1978
Schedule is valid
 Time taken: 219.29 seconds
[runlim] sample:		219.76 time, 220.01 real, 2062 MB, 1.12 load
SAT

=> TOTAL COMPLETION TIME (Makespan / UB): 1977
Schedule is valid
 Time taken: 220.26 seconds
SAT

=> TOTAL COMPLETION TIME (Makespan / UB): 1976
Schedule is valid
 Time taken: 220.52 seconds
SAT

=> TOTAL COMPLETION TIME (Makespan / UB): 1975
Schedule is valid
 Time taken: 221.47 seconds
[runlim] sample:		229.76 time, 230.01 real, 2133 MB, 1.10 load
[runlim] sample:		239.75 time, 240.01 real, 2072 MB, 1.08 load
SAT

=> TOTAL COMPLETION TIME (Makespan / UB): 1974
Schedule is valid
 Time taken: 249.72 seconds
[runlim] sample:		249.74 time, 250.01 real, 2029 MB, 1.15 load
SAT

=> TOTAL COMPLETION TIME (Makespan / UB): 1973
Schedule is valid
 Time taken: 251.14 seconds
SAT

=> TOTAL COMPLETION TIME (Makespan / UB): 1972
[runlim] sample:		259.74 time, 260.01 real, 2097 MB, 1.28 load
Schedule is valid
 Time taken: 259.99 seconds
SAT

=> TOTAL COMPLETION TIME (Makespan / UB): 1971
Schedule is valid
 Time taken: 261.16 seconds
SAT

=> TOTAL COMPLETION TIME (Makespan / UB): 1970
Schedule is valid
 Time taken: 267.12 seconds
SAT

=> TOTAL COMPLETION TIME (Makespan / UB): 1969
Schedule is valid
 Time taken: 268.42 seconds
SAT

=> TOTAL COMPLETION TIME (Makespan / UB): 1968
Schedule is valid
 Time taken: 269.51 seconds
[runlim] sample:		269.74 time, 270.01 real, 2048 MB, 1.23 load
SAT

=> TOTAL COMPLETION TIME (Makespan / UB): 1967
Schedule is valid
 Time taken: 270.52 seconds
SAT

=> TOTAL COMPLETION TIME (Makespan / UB): 1966
Schedule is valid
 Time taken: 271.52 seconds
SAT

=> TOTAL COMPLETION TIME (Makespan / UB): 1965
Schedule is valid
 Time taken: 278.18 seconds
[runlim] sample:		279.72 time, 280.01 real, 2046 MB, 1.20 load
[runlim] sample:		289.72 time, 290.01 real, 2106 MB, 1.17 load
[runlim] sample:		299.72 time, 300.01 real, 2047 MB, 1.14 load
SAT

=> TOTAL COMPLETION TIME (Makespan / UB): 1964
Schedule is valid
 Time taken: 309.38 seconds
[runlim] sample:		309.72 time, 310.01 real, 2048 MB, 1.12 load
SAT

=> TOTAL COMPLETION TIME (Makespan / UB): 1963
Schedule is valid
 Time taken: 310.76 seconds
SAT

=> TOTAL COMPLETION TIME (Makespan / UB): 1962
Schedule is valid
 Time taken: 319.94 seconds
[runlim] sample:		319.70 time, 320.01 real, 2047 MB, 1.10 load
SAT

=> TOTAL COMPLETION TIME (Makespan / UB): 1961
Schedule is valid
 Time taken: 327.76 seconds
[runlim] sample:		329.70 time, 330.01 real, 2047 MB, 1.08 load
SAT

=> TOTAL COMPLETION TIME (Makespan / UB): 1960
Schedule is valid
 Time taken: 332.06 seconds
SAT

=> TOTAL COMPLETION TIME (Makespan / UB): 1959
Schedule is valid
 Time taken: 333.29 seconds
SAT

=> TOTAL COMPLETION TIME (Makespan / UB): 1958
Schedule is valid
 Time taken: 334.36 seconds
SAT

=> TOTAL COMPLETION TIME (Makespan / UB): 1957
Schedule is valid
 Time taken: 335.35 seconds
SAT

=> TOTAL COMPLETION TIME (Makespan / UB): 1956
Schedule is valid
 Time taken: 336.32 seconds
SAT

=> TOTAL COMPLETION TIME (Makespan / UB): 1955
Schedule is valid
 Time taken: 337.29 seconds
SAT

=> TOTAL COMPLETION TIME (Makespan / UB): 1954
Schedule is valid
 Time taken: 338.27 seconds
SAT

=> TOTAL COMPLETION TIME (Makespan / UB): 1953
Schedule is valid
 Time taken: 339.26 seconds
[runlim] sample:		339.69 time, 340.01 real, 2047 MB, 1.07 load
SAT

=> TOTAL COMPLETION TIME (Makespan / UB): 1952
Schedule is valid
 Time taken: 340.24 seconds
SAT

=> TOTAL COMPLETION TIME (Makespan / UB): 1951
Schedule is valid
 Time taken: 341.22 seconds
SAT

=> TOTAL COMPLETION TIME (Makespan / UB): 1950
Schedule is valid
 Time taken: 342.20 seconds
SAT

=> TOTAL COMPLETION TIME (Makespan / UB): 1949
Schedule is valid
 Time taken: 343.17 seconds
SAT

=> TOTAL COMPLETION TIME (Makespan / UB): 1948
Schedule is valid
 Time taken: 344.14 seconds
SAT

=> TOTAL COMPLETION TIME (Makespan / UB): 1947
Schedule is valid
 Time taken: 345.11 seconds
SAT

=> TOTAL COMPLETION TIME (Makespan / UB): 1946
Schedule is valid
 Time taken: 346.08 seconds
SAT

=> TOTAL COMPLETION TIME (Makespan / UB): 1945
Schedule is valid
 Time taken: 347.04 seconds
SAT

=> TOTAL COMPLETION TIME (Makespan / UB): 1944
Schedule is valid
 Time taken: 348.01 seconds
SAT

=> TOTAL COMPLETION TIME (Makespan / UB): 1943
Schedule is valid
 Time taken: 348.98 seconds
SAT

=> TOTAL COMPLETION TIME (Makespan / UB): 1942
Schedule is valid
 Time taken: 349.96 seconds
[runlim] sample:		349.69 time, 350.01 real, 2047 MB, 1.13 load
SAT

=> TOTAL COMPLETION TIME (Makespan / UB): 1941
Schedule is valid
 Time taken: 350.94 seconds
SAT

=> TOTAL COMPLETION TIME (Makespan / UB): 1940
Schedule is valid
 Time taken: 351.92 seconds
SAT

=> TOTAL COMPLETION TIME (Makespan / UB): 1939
Schedule is valid
 Time taken: 352.88 seconds
SAT

=> TOTAL COMPLETION TIME (Makespan / UB): 1938
Schedule is valid
 Time taken: 353.85 seconds
SAT

=> TOTAL COMPLETION TIME (Makespan / UB): 1937
Schedule is valid
 Time taken: 354.82 seconds
SAT

=> TOTAL COMPLETION TIME (Makespan / UB): 1936
Schedule is valid
 Time taken: 355.76 seconds
SAT

=> TOTAL COMPLETION TIME (Makespan / UB): 1935
Schedule is valid
 Time taken: 356.75 seconds
SAT

=> TOTAL COMPLETION TIME (Makespan / UB): 1934
Schedule is valid
 Time taken: 357.69 seconds
SAT

=> TOTAL COMPLETION TIME (Makespan / UB): 1933
Schedule is valid
 Time taken: 358.68 seconds
SAT

=> TOTAL COMPLETION TIME (Makespan / UB): 1932
Schedule is valid
 Time taken: 359.63 seconds
[runlim] sample:		359.68 time, 360.01 real, 2047 MB, 1.11 load
SAT

=> TOTAL COMPLETION TIME (Makespan / UB): 1931
Schedule is valid
 Time taken: 360.61 seconds
SAT

=> TOTAL COMPLETION TIME (Makespan / UB): 1930
Schedule is valid
 Time taken: 361.55 seconds
[runlim] sample:		369.67 time, 370.01 real, 2096 MB, 1.10 load
[runlim] sample:		379.66 time, 380.01 real, 2038 MB, 1.08 load
SAT

=> TOTAL COMPLETION TIME (Makespan / UB): 1929
Schedule is valid
 Time taken: 380.59 seconds
SAT

=> TOTAL COMPLETION TIME (Makespan / UB): 1928
Schedule is valid
 Time taken: 389.43 seconds
[runlim] sample:		389.65 time, 390.01 real, 2087 MB, 1.15 load
SAT

=> TOTAL COMPLETION TIME (Makespan / UB): 1927
Schedule is valid
 Time taken: 390.54 seconds
SAT

=> TOTAL COMPLETION TIME (Makespan / UB): 1926
Schedule is valid
 Time taken: 397.93 seconds
[runlim] sample:		399.65 time, 400.01 real, 2037 MB, 1.12 load
[runlim] sample:		409.65 time, 410.01 real, 2037 MB, 1.10 load
SAT

=> TOTAL COMPLETION TIME (Makespan / UB): 1925
Schedule is valid
 Time taken: 410.83 seconds
SAT

=> TOTAL COMPLETION TIME (Makespan / UB): 1924
Schedule is valid
 Time taken: 412.09 seconds
SAT

=> TOTAL COMPLETION TIME (Makespan / UB): 1923
Schedule is valid
 Time taken: 413.12 seconds
SAT

=> TOTAL COMPLETION TIME (Makespan / UB): 1922
Schedule is valid
 Time taken: 414.09 seconds
SAT

=> TOTAL COMPLETION TIME (Makespan / UB): 1921
Schedule is valid
 Time taken: 415.04 seconds
SAT

=> TOTAL COMPLETION TIME (Makespan / UB): 1920
Schedule is valid
 Time taken: 416.00 seconds
SAT

=> TOTAL COMPLETION TIME (Makespan / UB): 1919
Schedule is valid
 Time taken: 416.96 seconds
SAT

=> TOTAL COMPLETION TIME (Makespan / UB): 1918
Schedule is valid
 Time taken: 417.91 seconds
SAT

=> TOTAL COMPLETION TIME (Makespan / UB): 1917
Schedule is valid
 Time taken: 418.87 seconds
SAT

=> TOTAL COMPLETION TIME (Makespan / UB): 1916
Schedule is valid
 Time taken: 419.83 seconds
[runlim] sample:		419.64 time, 420.01 real, 2037 MB, 1.16 load
SAT

=> TOTAL COMPLETION TIME (Makespan / UB): 1915
Schedule is valid
 Time taken: 420.79 seconds
SAT

=> TOTAL COMPLETION TIME (Makespan / UB): 1914
Schedule is valid
 Time taken: 421.74 seconds
SAT

=> TOTAL COMPLETION TIME (Makespan / UB): 1913
Schedule is valid
 Time taken: 428.89 seconds
[runlim] sample:		429.62 time, 430.01 real, 2037 MB, 1.14 load
SAT

=> TOTAL COMPLETION TIME (Makespan / UB): 1912
Schedule is valid
 Time taken: 433.35 seconds
SAT

=> TOTAL COMPLETION TIME (Makespan / UB): 1911
Schedule is valid
 Time taken: 438.82 seconds
[runlim] sample:		439.61 time, 440.01 real, 1945 MB, 1.12 load
[runlim] sample:		449.60 time, 450.01 real, 1945 MB, 1.10 load
SAT

=> TOTAL COMPLETION TIME (Makespan / UB): 1910
Schedule is valid
 Time taken: 457.16 seconds
SAT

=> TOTAL COMPLETION TIME (Makespan / UB): 1909
Schedule is valid
 Time taken: 458.49 seconds
[runlim] sample:		459.60 time, 460.01 real, 1990 MB, 1.08 load
SAT

=> TOTAL COMPLETION TIME (Makespan / UB): 1908
Schedule is valid
 Time taken: 467.23 seconds
SAT

=> TOTAL COMPLETION TIME (Makespan / UB): 1907
Schedule is valid
 Time taken: 468.49 seconds
SAT

=> TOTAL COMPLETION TIME (Makespan / UB): 1906
Schedule is valid
 Time taken: 469.59 seconds
[runlim] sample:		469.60 time, 470.01 real, 1990 MB, 1.07 load
SAT

=> TOTAL COMPLETION TIME (Makespan / UB): 1905
Schedule is valid
 Time taken: 470.60 seconds
SAT

=> TOTAL COMPLETION TIME (Makespan / UB): 1904
Schedule is valid
 Time taken: 471.59 seconds
SAT

=> TOTAL COMPLETION TIME (Makespan / UB): 1903
Schedule is valid
 Time taken: 472.55 seconds
SAT

=> TOTAL COMPLETION TIME (Makespan / UB): 1902
Schedule is valid
 Time taken: 473.52 seconds
SAT

=> TOTAL COMPLETION TIME (Makespan / UB): 1901
Schedule is valid
 Time taken: 474.49 seconds
[runlim] sample:		479.59 time, 480.01 real, 1990 MB, 1.06 load
SAT

=> TOTAL COMPLETION TIME (Makespan / UB): 1900
Schedule is valid
 Time taken: 483.21 seconds
SAT

=> TOTAL COMPLETION TIME (Makespan / UB): 1899
Schedule is valid
 Time taken: 484.44 seconds
SAT

=> TOTAL COMPLETION TIME (Makespan / UB): 1898
Schedule is valid
 Time taken: 485.48 seconds
[runlim] sample:		489.58 time, 490.01 real, 1944 MB, 1.05 load
SAT

=> TOTAL COMPLETION TIME (Makespan / UB): 1897
Schedule is valid
 Time taken: 493.61 seconds
[runlim] sample:		499.58 time, 500.01 real, 1987 MB, 1.04 load
SAT

=> TOTAL COMPLETION TIME (Makespan / UB): 1896
Schedule is valid
 Time taken: 500.63 seconds
SAT

=> TOTAL COMPLETION TIME (Makespan / UB): 1895
Schedule is valid
 Time taken: 501.86 seconds
[runlim] sample:		509.57 time, 510.01 real, 1986 MB, 1.03 load
SAT

=> TOTAL COMPLETION TIME (Makespan / UB): 1894
Schedule is valid
 Time taken: 510.83 seconds
SAT

=> TOTAL COMPLETION TIME (Makespan / UB): 1893
Schedule is valid
 Time taken: 512.01 seconds
SAT

=> TOTAL COMPLETION TIME (Makespan / UB): 1892
Schedule is valid
 Time taken: 513.02 seconds
[runlim] sample:		519.57 time, 520.01 real, 1941 MB, 1.03 load
SAT

=> TOTAL COMPLETION TIME (Makespan / UB): 1891
Schedule is valid
 Time taken: 520.79 seconds
SAT

=> TOTAL COMPLETION TIME (Makespan / UB): 1890
Schedule is valid
 Time taken: 521.99 seconds
[runlim] sample:		529.56 time, 530.01 real, 1996 MB, 1.10 load
[runlim] sample:		539.56 time, 540.01 real, 1986 MB, 1.09 load
SAT

=> TOTAL COMPLETION TIME (Makespan / UB): 1889
Schedule is valid
 Time taken: 540.33 seconds
SAT

=> TOTAL COMPLETION TIME (Makespan / UB): 1888
Schedule is valid
 Time taken: 546.02 seconds
[runlim] sample:		549.55 time, 550.01 real, 1938 MB, 1.07 load
SAT

=> TOTAL COMPLETION TIME (Makespan / UB): 1887
Schedule is valid
 Time taken: 555.38 seconds
[runlim] sample:		559.55 time, 560.01 real, 1938 MB, 1.06 load
SAT

=> TOTAL COMPLETION TIME (Makespan / UB): 1886
Schedule is valid
 Time taken: 562.28 seconds
SAT

=> TOTAL COMPLETION TIME (Makespan / UB): 1885
Schedule is valid
 Time taken: 563.48 seconds
SAT

=> TOTAL COMPLETION TIME (Makespan / UB): 1884
Schedule is valid
 Time taken: 564.47 seconds
SAT

=> TOTAL COMPLETION TIME (Makespan / UB): 1883
Schedule is valid
 Time taken: 565.39 seconds
[runlim] sample:		569.54 time, 570.01 real, 1938 MB, 1.05 load
SAT

=> TOTAL COMPLETION TIME (Makespan / UB): 1882
Schedule is valid
 Time taken: 574.05 seconds
[runlim] sample:		579.53 time, 580.01 real, 1938 MB, 1.04 load
SAT

=> TOTAL COMPLETION TIME (Makespan / UB): 1881
Schedule is valid
 Time taken: 583.46 seconds
[runlim] sample:		589.53 time, 590.01 real, 1938 MB, 1.04 load
SAT

=> TOTAL COMPLETION TIME (Makespan / UB): 1880
Schedule is valid
 Time taken: 592.36 seconds
[runlim] sample:		599.52 time, 600.01 real, 1982 MB, 1.03 load
[runlim] end:			Sun May  3 07:30:58 2026
[runlim] status:		out of time
[runlim] result:		2
[runlim] children:		1
[runlim] processes:		2
[runlim] real:			601.06 seconds
[runlim] time:			599.52 seconds
[runlim] space:			2691 MB
[runlim] load:			1.43 maximum
[runlim] samples:		6000
