[runlim] version:		2.0.0rc12
[runlim] host:			ap-Precision-7550
[runlim] time limit:		311040000 seconds
[runlim] real time limit:	600 seconds
[runlim] space limit:		15624 MB
[runlim] argv[0]:		python3
[runlim] argv[1]:		-u
[runlim] argv[2]:		main.py
[runlim] argv[3]:		datasets/hurink/edata/la35.txt
[runlim] start:			Sun May  3 07:30:58 2026
[runlim] child:			14575
Greedy Schedule UB: 2434
[runlim] sample:		9.94 time, 10.01 real, 1211 MB, 1.02 load
Building constraints took 16.44 seconds.
SAT

=> TOTAL COMPLETION TIME (Makespan / UB): 2433
Schedule is valid
 Time taken: 19.77 seconds
[runlim] sample:		19.94 time, 20.01 real, 1946 MB, 1.09 load
SAT

=> TOTAL COMPLETION TIME (Makespan / UB): 2432
Schedule is valid
 Time taken: 20.42 seconds
SAT

=> TOTAL COMPLETION TIME (Makespan / UB): 2431
Schedule is valid
 Time taken: 20.88 seconds
SAT

=> TOTAL COMPLETION TIME (Makespan / UB): 2430
Schedule is valid
 Time taken: 21.34 seconds
SAT

=> TOTAL COMPLETION TIME (Makespan / UB): 2429
Schedule is valid
 Time taken: 21.81 seconds
SAT

=> TOTAL COMPLETION TIME (Makespan / UB): 2428
Schedule is valid
 Time taken: 22.22 seconds
SAT

=> TOTAL COMPLETION TIME (Makespan / UB): 2427
Schedule is valid
 Time taken: 22.62 seconds
SAT

=> TOTAL COMPLETION TIME (Makespan / UB): 2426
Schedule is valid
 Time taken: 23.11 seconds
SAT

=> TOTAL COMPLETION TIME (Makespan / UB): 2425
Schedule is valid
 Time taken: 23.52 seconds
SAT

=> TOTAL COMPLETION TIME (Makespan / UB): 2424
Schedule is valid
 Time taken: 23.92 seconds
SAT

=> TOTAL COMPLETION TIME (Makespan / UB): 2423
Schedule is valid
 Time taken: 24.33 seconds
SAT

=> TOTAL COMPLETION TIME (Makespan / UB): 2422
Schedule is valid
 Time taken: 24.74 seconds
SAT

=> TOTAL COMPLETION TIME (Makespan / UB): 2421
Schedule is valid
 Time taken: 25.14 seconds
SAT

=> TOTAL COMPLETION TIME (Makespan / UB): 2420
Schedule is valid
 Time taken: 25.55 seconds
SAT

=> TOTAL COMPLETION TIME (Makespan / UB): 2419
Schedule is valid
 Time taken: 25.95 seconds
SAT

=> TOTAL COMPLETION TIME (Makespan / UB): 2418
Schedule is valid
 Time taken: 26.36 seconds
SAT

=> TOTAL COMPLETION TIME (Makespan / UB): 2417
Schedule is valid
 Time taken: 26.77 seconds
SAT

=> TOTAL COMPLETION TIME (Makespan / UB): 2416
Schedule is valid
 Time taken: 27.17 seconds
SAT

=> TOTAL COMPLETION TIME (Makespan / UB): 2415
Schedule is valid
 Time taken: 27.58 seconds
SAT

=> TOTAL COMPLETION TIME (Makespan / UB): 2414
Schedule is valid
 Time taken: 27.99 seconds
SAT

=> TOTAL COMPLETION TIME (Makespan / UB): 2413
Schedule is valid
 Time taken: 28.40 seconds
SAT

=> TOTAL COMPLETION TIME (Makespan / UB): 2412
Schedule is valid
 Time taken: 28.80 seconds
SAT

=> TOTAL COMPLETION TIME (Makespan / UB): 2411
Schedule is valid
 Time taken: 29.21 seconds
SAT

=> TOTAL COMPLETION TIME (Makespan / UB): 2410
Schedule is valid
 Time taken: 29.62 seconds
SAT
[runlim] sample:		29.93 time, 30.01 real, 2049 MB, 1.08 load

=> TOTAL COMPLETION TIME (Makespan / UB): 2409
Schedule is valid
 Time taken: 30.03 seconds
SAT

=> TOTAL COMPLETION TIME (Makespan / UB): 2408
Schedule is valid
 Time taken: 30.44 seconds
SAT

=> TOTAL COMPLETION TIME (Makespan / UB): 2407
Schedule is valid
 Time taken: 30.85 seconds
SAT

=> TOTAL COMPLETION TIME (Makespan / UB): 2406
Schedule is valid
 Time taken: 31.26 seconds
SAT

=> TOTAL COMPLETION TIME (Makespan / UB): 2405
Schedule is valid
 Time taken: 31.67 seconds
SAT

=> TOTAL COMPLETION TIME (Makespan / UB): 2404
Schedule is valid
 Time taken: 32.08 seconds
SAT

=> TOTAL COMPLETION TIME (Makespan / UB): 2403
Schedule is valid
 Time taken: 32.49 seconds
SAT

=> TOTAL COMPLETION TIME (Makespan / UB): 2402
Schedule is valid
 Time taken: 32.90 seconds
SAT

=> TOTAL COMPLETION TIME (Makespan / UB): 2401
Schedule is valid
 Time taken: 33.31 seconds
SAT

=> TOTAL COMPLETION TIME (Makespan / UB): 2400
Schedule is valid
 Time taken: 33.71 seconds
SAT

=> TOTAL COMPLETION TIME (Makespan / UB): 2399
Schedule is valid
 Time taken: 34.88 seconds
SAT

=> TOTAL COMPLETION TIME (Makespan / UB): 2398
Schedule is valid
 Time taken: 35.28 seconds
SAT

=> TOTAL COMPLETION TIME (Makespan / UB): 2397
Schedule is valid
 Time taken: 35.66 seconds
SAT

=> TOTAL COMPLETION TIME (Makespan / UB): 2396
Schedule is valid
 Time taken: 36.05 seconds
SAT

=> TOTAL COMPLETION TIME (Makespan / UB): 2395
Schedule is valid
 Time taken: 36.43 seconds
SAT

=> TOTAL COMPLETION TIME (Makespan / UB): 2394
Schedule is valid
 Time taken: 36.82 seconds
SAT

=> TOTAL COMPLETION TIME (Makespan / UB): 2393
Schedule is valid
 Time taken: 37.20 seconds
SAT

=> TOTAL COMPLETION TIME (Makespan / UB): 2392
Schedule is valid
 Time taken: 37.59 seconds
SAT

=> TOTAL COMPLETION TIME (Makespan / UB): 2391
Schedule is valid
 Time taken: 37.97 seconds
SAT

=> TOTAL COMPLETION TIME (Makespan / UB): 2390
Schedule is valid
 Time taken: 38.36 seconds
SAT

=> TOTAL COMPLETION TIME (Makespan / UB): 2389
Schedule is valid
 Time taken: 38.75 seconds
SAT

=> TOTAL COMPLETION TIME (Makespan / UB): 2388
Schedule is valid
 Time taken: 39.13 seconds
SAT

=> TOTAL COMPLETION TIME (Makespan / UB): 2387
Schedule is valid
 Time taken: 39.52 seconds
SAT

=> TOTAL COMPLETION TIME (Makespan / UB): 2386
Schedule is valid
 Time taken: 39.91 seconds
[runlim] sample:		39.91 time, 40.01 real, 1948 MB, 1.07 load
SAT

=> TOTAL COMPLETION TIME (Makespan / UB): 2385
Schedule is valid
 Time taken: 40.29 seconds
SAT

=> TOTAL COMPLETION TIME (Makespan / UB): 2384
Schedule is valid
 Time taken: 40.68 seconds
SAT

=> TOTAL COMPLETION TIME (Makespan / UB): 2383
Schedule is valid
 Time taken: 41.03 seconds
SAT

=> TOTAL COMPLETION TIME (Makespan / UB): 2382
Schedule is valid
 Time taken: 41.39 seconds
SAT

=> TOTAL COMPLETION TIME (Makespan / UB): 2381
Schedule is valid
 Time taken: 41.74 seconds
SAT

=> TOTAL COMPLETION TIME (Makespan / UB): 2380
Schedule is valid
 Time taken: 42.09 seconds
SAT

=> TOTAL COMPLETION TIME (Makespan / UB): 2379
Schedule is valid
 Time taken: 42.43 seconds
SAT

=> TOTAL COMPLETION TIME (Makespan / UB): 2378
Schedule is valid
 Time taken: 42.77 seconds
SAT

=> TOTAL COMPLETION TIME (Makespan / UB): 2377
Schedule is valid
 Time taken: 43.12 seconds
SAT

=> TOTAL COMPLETION TIME (Makespan / UB): 2376
Schedule is valid
 Time taken: 43.46 seconds
SAT

=> TOTAL COMPLETION TIME (Makespan / UB): 2375
Schedule is valid
 Time taken: 43.80 seconds
SAT

=> TOTAL COMPLETION TIME (Makespan / UB): 2374
Schedule is valid
 Time taken: 44.15 seconds
SAT

=> TOTAL COMPLETION TIME (Makespan / UB): 2373
Schedule is valid
 Time taken: 44.49 seconds
SAT

=> TOTAL COMPLETION TIME (Makespan / UB): 2372
Schedule is valid
 Time taken: 44.84 seconds
SAT

=> TOTAL COMPLETION TIME (Makespan / UB): 2371
Schedule is valid
 Time taken: 45.18 seconds
SAT

=> TOTAL COMPLETION TIME (Makespan / UB): 2370
Schedule is valid
 Time taken: 45.53 seconds
SAT

=> TOTAL COMPLETION TIME (Makespan / UB): 2369
Schedule is valid
 Time taken: 45.87 seconds
SAT

=> TOTAL COMPLETION TIME (Makespan / UB): 2368
Schedule is valid
 Time taken: 46.21 seconds
SAT

=> TOTAL COMPLETION TIME (Makespan / UB): 2367
Schedule is valid
 Time taken: 46.56 seconds
SAT

=> TOTAL COMPLETION TIME (Makespan / UB): 2366
Schedule is valid
 Time taken: 47.03 seconds
SAT

=> TOTAL COMPLETION TIME (Makespan / UB): 2365
Schedule is valid
 Time taken: 47.38 seconds
SAT

=> TOTAL COMPLETION TIME (Makespan / UB): 2364
Schedule is valid
 Time taken: 47.73 seconds
SAT

=> TOTAL COMPLETION TIME (Makespan / UB): 2363
Schedule is valid
 Time taken: 48.08 seconds
SAT

=> TOTAL COMPLETION TIME (Makespan / UB): 2362
Schedule is valid
 Time taken: 48.42 seconds
SAT

=> TOTAL COMPLETION TIME (Makespan / UB): 2361
Schedule is valid
 Time taken: 48.76 seconds
SAT

=> TOTAL COMPLETION TIME (Makespan / UB): 2360
Schedule is valid
 Time taken: 49.11 seconds
SAT

=> TOTAL COMPLETION TIME (Makespan / UB): 2359
Schedule is valid
 Time taken: 49.46 seconds
SAT

=> TOTAL COMPLETION TIME (Makespan / UB): 2358
Schedule is valid
 Time taken: 49.80 seconds
[runlim] sample:		49.89 time, 50.01 real, 1948 MB, 1.14 load
SAT

=> TOTAL COMPLETION TIME (Makespan / UB): 2357
Schedule is valid
 Time taken: 50.15 seconds
SAT

=> TOTAL COMPLETION TIME (Makespan / UB): 2356
Schedule is valid
 Time taken: 50.50 seconds
SAT

=> TOTAL COMPLETION TIME (Makespan / UB): 2355
Schedule is valid
 Time taken: 50.84 seconds
SAT

=> TOTAL COMPLETION TIME (Makespan / UB): 2354
Schedule is valid
 Time taken: 51.19 seconds
SAT

=> TOTAL COMPLETION TIME (Makespan / UB): 2353
Schedule is valid
 Time taken: 51.53 seconds
SAT

=> TOTAL COMPLETION TIME (Makespan / UB): 2352
Schedule is valid
 Time taken: 51.88 seconds
SAT

=> TOTAL COMPLETION TIME (Makespan / UB): 2351
Schedule is valid
 Time taken: 52.23 seconds
SAT

=> TOTAL COMPLETION TIME (Makespan / UB): 2350
Schedule is valid
 Time taken: 52.57 seconds
SAT

=> TOTAL COMPLETION TIME (Makespan / UB): 2349
Schedule is valid
 Time taken: 52.92 seconds
SAT

=> TOTAL COMPLETION TIME (Makespan / UB): 2348
Schedule is valid
 Time taken: 53.26 seconds
SAT

=> TOTAL COMPLETION TIME (Makespan / UB): 2347
Schedule is valid
 Time taken: 53.61 seconds
SAT

=> TOTAL COMPLETION TIME (Makespan / UB): 2346
Schedule is valid
 Time taken: 53.96 seconds
SAT

=> TOTAL COMPLETION TIME (Makespan / UB): 2345
Schedule is valid
 Time taken: 54.30 seconds
SAT

=> TOTAL COMPLETION TIME (Makespan / UB): 2344
Schedule is valid
 Time taken: 54.65 seconds
SAT

=> TOTAL COMPLETION TIME (Makespan / UB): 2343
Schedule is valid
 Time taken: 55.00 seconds
SAT

=> TOTAL COMPLETION TIME (Makespan / UB): 2342
Schedule is valid
 Time taken: 55.34 seconds
SAT

=> TOTAL COMPLETION TIME (Makespan / UB): 2341
Schedule is valid
 Time taken: 55.69 seconds
SAT

=> TOTAL COMPLETION TIME (Makespan / UB): 2340
Schedule is valid
 Time taken: 56.03 seconds
SAT

=> TOTAL COMPLETION TIME (Makespan / UB): 2339
Schedule is valid
 Time taken: 56.38 seconds
SAT

=> TOTAL COMPLETION TIME (Makespan / UB): 2338
Schedule is valid
 Time taken: 56.74 seconds
SAT

=> TOTAL COMPLETION TIME (Makespan / UB): 2337
Schedule is valid
 Time taken: 57.09 seconds
SAT

=> TOTAL COMPLETION TIME (Makespan / UB): 2336
Schedule is valid
 Time taken: 57.43 seconds
SAT

=> TOTAL COMPLETION TIME (Makespan / UB): 2335
Schedule is valid
 Time taken: 57.77 seconds
SAT

=> TOTAL COMPLETION TIME (Makespan / UB): 2334
Schedule is valid
 Time taken: 58.11 seconds
SAT

=> TOTAL COMPLETION TIME (Makespan / UB): 2333
Schedule is valid
 Time taken: 58.45 seconds
SAT

=> TOTAL COMPLETION TIME (Makespan / UB): 2332
Schedule is valid
 Time taken: 58.78 seconds
SAT

=> TOTAL COMPLETION TIME (Makespan / UB): 2331
Schedule is valid
 Time taken: 59.12 seconds
SAT

=> TOTAL COMPLETION TIME (Makespan / UB): 2330
Schedule is valid
 Time taken: 59.46 seconds
SAT

=> TOTAL COMPLETION TIME (Makespan / UB): 2329
Schedule is valid
 Time taken: 59.80 seconds
[runlim] sample:		59.88 time, 60.01 real, 1948 MB, 1.20 load
SAT

=> TOTAL COMPLETION TIME (Makespan / UB): 2328
Schedule is valid
 Time taken: 60.14 seconds
SAT

=> TOTAL COMPLETION TIME (Makespan / UB): 2327
Schedule is valid
 Time taken: 60.47 seconds
SAT

=> TOTAL COMPLETION TIME (Makespan / UB): 2326
Schedule is valid
 Time taken: 60.81 seconds
SAT

=> TOTAL COMPLETION TIME (Makespan / UB): 2325
Schedule is valid
 Time taken: 61.15 seconds
SAT

=> TOTAL COMPLETION TIME (Makespan / UB): 2324
Schedule is valid
 Time taken: 61.49 seconds
SAT

=> TOTAL COMPLETION TIME (Makespan / UB): 2323
Schedule is valid
 Time taken: 61.82 seconds
SAT

=> TOTAL COMPLETION TIME (Makespan / UB): 2322
Schedule is valid
 Time taken: 62.16 seconds
SAT

=> TOTAL COMPLETION TIME (Makespan / UB): 2321
Schedule is valid
 Time taken: 62.50 seconds
SAT

=> TOTAL COMPLETION TIME (Makespan / UB): 2320
Schedule is valid
 Time taken: 62.84 seconds
SAT

=> TOTAL COMPLETION TIME (Makespan / UB): 2319
Schedule is valid
 Time taken: 63.18 seconds
SAT

=> TOTAL COMPLETION TIME (Makespan / UB): 2318
Schedule is valid
 Time taken: 63.51 seconds
SAT

=> TOTAL COMPLETION TIME (Makespan / UB): 2317
Schedule is valid
 Time taken: 63.85 seconds
SAT

=> TOTAL COMPLETION TIME (Makespan / UB): 2316
Schedule is valid
 Time taken: 64.19 seconds
SAT

=> TOTAL COMPLETION TIME (Makespan / UB): 2315
Schedule is valid
 Time taken: 64.53 seconds
SAT

=> TOTAL COMPLETION TIME (Makespan / UB): 2314
Schedule is valid
 Time taken: 64.87 seconds
SAT

=> TOTAL COMPLETION TIME (Makespan / UB): 2313
Schedule is valid
 Time taken: 65.20 seconds
SAT

=> TOTAL COMPLETION TIME (Makespan / UB): 2312
Schedule is valid
 Time taken: 65.54 seconds
SAT

=> TOTAL COMPLETION TIME (Makespan / UB): 2311
Schedule is valid
 Time taken: 65.88 seconds
SAT

=> TOTAL COMPLETION TIME (Makespan / UB): 2310
Schedule is valid
 Time taken: 66.22 seconds
SAT

=> TOTAL COMPLETION TIME (Makespan / UB): 2309
Schedule is valid
 Time taken: 66.55 seconds
SAT

=> TOTAL COMPLETION TIME (Makespan / UB): 2308
Schedule is valid
 Time taken: 66.94 seconds
SAT

=> TOTAL COMPLETION TIME (Makespan / UB): 2307
Schedule is valid
 Time taken: 67.29 seconds
SAT

=> TOTAL COMPLETION TIME (Makespan / UB): 2306
Schedule is valid
 Time taken: 67.63 seconds
SAT

=> TOTAL COMPLETION TIME (Makespan / UB): 2305
Schedule is valid
 Time taken: 67.97 seconds
SAT

=> TOTAL COMPLETION TIME (Makespan / UB): 2304
Schedule is valid
 Time taken: 68.31 seconds
SAT

=> TOTAL COMPLETION TIME (Makespan / UB): 2303
Schedule is valid
 Time taken: 68.65 seconds
SAT

=> TOTAL COMPLETION TIME (Makespan / UB): 2302
Schedule is valid
 Time taken: 69.00 seconds
SAT

=> TOTAL COMPLETION TIME (Makespan / UB): 2301
Schedule is valid
 Time taken: 69.33 seconds
SAT

=> TOTAL COMPLETION TIME (Makespan / UB): 2300
Schedule is valid
 Time taken: 69.67 seconds
SAT
[runlim] sample:		69.87 time, 70.01 real, 2049 MB, 1.17 load

=> TOTAL COMPLETION TIME (Makespan / UB): 2299
Schedule is valid
 Time taken: 70.02 seconds
SAT

=> TOTAL COMPLETION TIME (Makespan / UB): 2298
Schedule is valid
 Time taken: 70.36 seconds
SAT

=> TOTAL COMPLETION TIME (Makespan / UB): 2297
Schedule is valid
 Time taken: 70.70 seconds
SAT

=> TOTAL COMPLETION TIME (Makespan / UB): 2296
Schedule is valid
 Time taken: 71.03 seconds
SAT

=> TOTAL COMPLETION TIME (Makespan / UB): 2295
Schedule is valid
 Time taken: 71.37 seconds
SAT

=> TOTAL COMPLETION TIME (Makespan / UB): 2294
Schedule is valid
 Time taken: 71.71 seconds
SAT

=> TOTAL COMPLETION TIME (Makespan / UB): 2293
Schedule is valid
 Time taken: 72.05 seconds
SAT

=> TOTAL COMPLETION TIME (Makespan / UB): 2292
Schedule is valid
 Time taken: 72.38 seconds
SAT

=> TOTAL COMPLETION TIME (Makespan / UB): 2291
Schedule is valid
 Time taken: 72.72 seconds
SAT

=> TOTAL COMPLETION TIME (Makespan / UB): 2290
Schedule is valid
 Time taken: 73.06 seconds
SAT

=> TOTAL COMPLETION TIME (Makespan / UB): 2289
Schedule is valid
 Time taken: 73.40 seconds
SAT

=> TOTAL COMPLETION TIME (Makespan / UB): 2288
Schedule is valid
 Time taken: 73.74 seconds
SAT

=> TOTAL COMPLETION TIME (Makespan / UB): 2287
Schedule is valid
 Time taken: 74.08 seconds
SAT

=> TOTAL COMPLETION TIME (Makespan / UB): 2286
Schedule is valid
 Time taken: 74.41 seconds
SAT

=> TOTAL COMPLETION TIME (Makespan / UB): 2285
Schedule is valid
 Time taken: 74.75 seconds
SAT

=> TOTAL COMPLETION TIME (Makespan / UB): 2284
Schedule is valid
 Time taken: 75.09 seconds
SAT

=> TOTAL COMPLETION TIME (Makespan / UB): 2283
Schedule is valid
 Time taken: 75.43 seconds
SAT

=> TOTAL COMPLETION TIME (Makespan / UB): 2282
Schedule is valid
 Time taken: 75.76 seconds
SAT

=> TOTAL COMPLETION TIME (Makespan / UB): 2281
Schedule is valid
 Time taken: 76.10 seconds
SAT

=> TOTAL COMPLETION TIME (Makespan / UB): 2280
Schedule is valid
 Time taken: 76.44 seconds
SAT

=> TOTAL COMPLETION TIME (Makespan / UB): 2279
Schedule is valid
 Time taken: 76.78 seconds
SAT

=> TOTAL COMPLETION TIME (Makespan / UB): 2278
Schedule is valid
 Time taken: 77.11 seconds
SAT

=> TOTAL COMPLETION TIME (Makespan / UB): 2277
Schedule is valid
 Time taken: 77.45 seconds
SAT

=> TOTAL COMPLETION TIME (Makespan / UB): 2276
Schedule is valid
 Time taken: 77.79 seconds
SAT

=> TOTAL COMPLETION TIME (Makespan / UB): 2275
Schedule is valid
 Time taken: 78.13 seconds
SAT

=> TOTAL COMPLETION TIME (Makespan / UB): 2274
Schedule is valid
 Time taken: 78.46 seconds
SAT

=> TOTAL COMPLETION TIME (Makespan / UB): 2273
Schedule is valid
 Time taken: 78.80 seconds
SAT

=> TOTAL COMPLETION TIME (Makespan / UB): 2272
Schedule is valid
 Time taken: 79.14 seconds
SAT

=> TOTAL COMPLETION TIME (Makespan / UB): 2271
Schedule is valid
 Time taken: 79.47 seconds
SAT

=> TOTAL COMPLETION TIME (Makespan / UB): 2270
Schedule is valid
 Time taken: 79.81 seconds
[runlim] sample:		79.86 time, 80.01 real, 1948 MB, 1.14 load
SAT

=> TOTAL COMPLETION TIME (Makespan / UB): 2269
Schedule is valid
 Time taken: 80.15 seconds
SAT

=> TOTAL COMPLETION TIME (Makespan / UB): 2268
Schedule is valid
 Time taken: 80.48 seconds
SAT

=> TOTAL COMPLETION TIME (Makespan / UB): 2267
Schedule is valid
 Time taken: 80.82 seconds
SAT

=> TOTAL COMPLETION TIME (Makespan / UB): 2266
Schedule is valid
 Time taken: 81.15 seconds
SAT

=> TOTAL COMPLETION TIME (Makespan / UB): 2265
Schedule is valid
 Time taken: 81.49 seconds
SAT

=> TOTAL COMPLETION TIME (Makespan / UB): 2264
Schedule is valid
 Time taken: 81.83 seconds
SAT

=> TOTAL COMPLETION TIME (Makespan / UB): 2263
Schedule is valid
 Time taken: 82.16 seconds
SAT

=> TOTAL COMPLETION TIME (Makespan / UB): 2262
Schedule is valid
 Time taken: 82.50 seconds
SAT

=> TOTAL COMPLETION TIME (Makespan / UB): 2261
Schedule is valid
 Time taken: 82.84 seconds
SAT

=> TOTAL COMPLETION TIME (Makespan / UB): 2260
Schedule is valid
 Time taken: 83.17 seconds
SAT

=> TOTAL COMPLETION TIME (Makespan / UB): 2259
Schedule is valid
 Time taken: 83.51 seconds
SAT

=> TOTAL COMPLETION TIME (Makespan / UB): 2258
Schedule is valid
 Time taken: 83.84 seconds
SAT

=> TOTAL COMPLETION TIME (Makespan / UB): 2257
Schedule is valid
 Time taken: 84.17 seconds
SAT

=> TOTAL COMPLETION TIME (Makespan / UB): 2256
Schedule is valid
 Time taken: 84.50 seconds
SAT

=> TOTAL COMPLETION TIME (Makespan / UB): 2255
Schedule is valid
 Time taken: 84.83 seconds
SAT

=> TOTAL COMPLETION TIME (Makespan / UB): 2254
Schedule is valid
 Time taken: 85.16 seconds
SAT

=> TOTAL COMPLETION TIME (Makespan / UB): 2253
Schedule is valid
 Time taken: 85.50 seconds
SAT

=> TOTAL COMPLETION TIME (Makespan / UB): 2252
Schedule is valid
 Time taken: 85.83 seconds
SAT

=> TOTAL COMPLETION TIME (Makespan / UB): 2251
Schedule is valid
 Time taken: 86.16 seconds
SAT

=> TOTAL COMPLETION TIME (Makespan / UB): 2250
Schedule is valid
 Time taken: 86.49 seconds
SAT

=> TOTAL COMPLETION TIME (Makespan / UB): 2249
Schedule is valid
 Time taken: 86.83 seconds
SAT

=> TOTAL COMPLETION TIME (Makespan / UB): 2248
Schedule is valid
 Time taken: 87.17 seconds
SAT

=> TOTAL COMPLETION TIME (Makespan / UB): 2247
Schedule is valid
 Time taken: 87.50 seconds
SAT

=> TOTAL COMPLETION TIME (Makespan / UB): 2246
Schedule is valid
 Time taken: 87.83 seconds
SAT

=> TOTAL COMPLETION TIME (Makespan / UB): 2245
Schedule is valid
 Time taken: 88.16 seconds
SAT

=> TOTAL COMPLETION TIME (Makespan / UB): 2244
Schedule is valid
 Time taken: 88.49 seconds
SAT

=> TOTAL COMPLETION TIME (Makespan / UB): 2243
Schedule is valid
 Time taken: 88.82 seconds
SAT

=> TOTAL COMPLETION TIME (Makespan / UB): 2242
Schedule is valid
 Time taken: 89.15 seconds
SAT

=> TOTAL COMPLETION TIME (Makespan / UB): 2241
Schedule is valid
 Time taken: 89.51 seconds
SAT

=> TOTAL COMPLETION TIME (Makespan / UB): 2240
Schedule is valid
 Time taken: 89.85 seconds
[runlim] sample:		89.85 time, 90.01 real, 1948 MB, 1.19 load
SAT

=> TOTAL COMPLETION TIME (Makespan / UB): 2239
Schedule is valid
 Time taken: 90.17 seconds
SAT

=> TOTAL COMPLETION TIME (Makespan / UB): 2238
Schedule is valid
 Time taken: 90.50 seconds
SAT

=> TOTAL COMPLETION TIME (Makespan / UB): 2237
Schedule is valid
 Time taken: 90.83 seconds
SAT

=> TOTAL COMPLETION TIME (Makespan / UB): 2236
Schedule is valid
 Time taken: 91.15 seconds
SAT

=> TOTAL COMPLETION TIME (Makespan / UB): 2235
Schedule is valid
 Time taken: 91.48 seconds
SAT

=> TOTAL COMPLETION TIME (Makespan / UB): 2234
Schedule is valid
 Time taken: 91.80 seconds
SAT

=> TOTAL COMPLETION TIME (Makespan / UB): 2233
Schedule is valid
 Time taken: 92.13 seconds
SAT

=> TOTAL COMPLETION TIME (Makespan / UB): 2232
Schedule is valid
 Time taken: 92.45 seconds
SAT

=> TOTAL COMPLETION TIME (Makespan / UB): 2231
Schedule is valid
 Time taken: 92.78 seconds
SAT

=> TOTAL COMPLETION TIME (Makespan / UB): 2230
Schedule is valid
 Time taken: 93.11 seconds
SAT

=> TOTAL COMPLETION TIME (Makespan / UB): 2229
Schedule is valid
 Time taken: 93.43 seconds
SAT

=> TOTAL COMPLETION TIME (Makespan / UB): 2228
Schedule is valid
 Time taken: 93.76 seconds
SAT

=> TOTAL COMPLETION TIME (Makespan / UB): 2227
Schedule is valid
 Time taken: 94.08 seconds
SAT

=> TOTAL COMPLETION TIME (Makespan / UB): 2226
Schedule is valid
 Time taken: 94.41 seconds
SAT

=> TOTAL COMPLETION TIME (Makespan / UB): 2225
Schedule is valid
 Time taken: 94.73 seconds
SAT

=> TOTAL COMPLETION TIME (Makespan / UB): 2224
Schedule is valid
 Time taken: 95.06 seconds
SAT

=> TOTAL COMPLETION TIME (Makespan / UB): 2223
Schedule is valid
 Time taken: 95.38 seconds
SAT

=> TOTAL COMPLETION TIME (Makespan / UB): 2222
Schedule is valid
 Time taken: 95.71 seconds
SAT

=> TOTAL COMPLETION TIME (Makespan / UB): 2221
Schedule is valid
 Time taken: 96.03 seconds
SAT

=> TOTAL COMPLETION TIME (Makespan / UB): 2220
Schedule is valid
 Time taken: 96.36 seconds
SAT

=> TOTAL COMPLETION TIME (Makespan / UB): 2219
Schedule is valid
 Time taken: 96.68 seconds
SAT

=> TOTAL COMPLETION TIME (Makespan / UB): 2218
Schedule is valid
 Time taken: 97.01 seconds
SAT

=> TOTAL COMPLETION TIME (Makespan / UB): 2217
Schedule is valid
 Time taken: 97.33 seconds
SAT

=> TOTAL COMPLETION TIME (Makespan / UB): 2216
Schedule is valid
 Time taken: 97.66 seconds
SAT

=> TOTAL COMPLETION TIME (Makespan / UB): 2215
Schedule is valid
 Time taken: 97.98 seconds
SAT

=> TOTAL COMPLETION TIME (Makespan / UB): 2214
Schedule is valid
 Time taken: 98.31 seconds
SAT

=> TOTAL COMPLETION TIME (Makespan / UB): 2213
Schedule is valid
 Time taken: 98.63 seconds
SAT

=> TOTAL COMPLETION TIME (Makespan / UB): 2212
Schedule is valid
 Time taken: 98.99 seconds
SAT

=> TOTAL COMPLETION TIME (Makespan / UB): 2211
Schedule is valid
 Time taken: 99.32 seconds
SAT

=> TOTAL COMPLETION TIME (Makespan / UB): 2210
Schedule is valid
 Time taken: 99.64 seconds
SAT

=> TOTAL COMPLETION TIME (Makespan / UB): 2209
Schedule is valid
 Time taken: 99.97 seconds
[runlim] sample:		99.82 time, 100.01 real, 1948 MB, 1.24 load
SAT

=> TOTAL COMPLETION TIME (Makespan / UB): 2208
Schedule is valid
 Time taken: 100.30 seconds
SAT

=> TOTAL COMPLETION TIME (Makespan / UB): 2207
Schedule is valid
 Time taken: 100.63 seconds
SAT

=> TOTAL COMPLETION TIME (Makespan / UB): 2206
Schedule is valid
 Time taken: 100.95 seconds
SAT

=> TOTAL COMPLETION TIME (Makespan / UB): 2205
Schedule is valid
 Time taken: 101.28 seconds
SAT

=> TOTAL COMPLETION TIME (Makespan / UB): 2204
Schedule is valid
 Time taken: 101.60 seconds
SAT

=> TOTAL COMPLETION TIME (Makespan / UB): 2203
Schedule is valid
 Time taken: 101.93 seconds
SAT

=> TOTAL COMPLETION TIME (Makespan / UB): 2202
Schedule is valid
 Time taken: 102.26 seconds
SAT

=> TOTAL COMPLETION TIME (Makespan / UB): 2201
Schedule is valid
 Time taken: 102.58 seconds
SAT

=> TOTAL COMPLETION TIME (Makespan / UB): 2200
Schedule is valid
 Time taken: 102.91 seconds
SAT

=> TOTAL COMPLETION TIME (Makespan / UB): 2199
Schedule is valid
 Time taken: 103.23 seconds
SAT

=> TOTAL COMPLETION TIME (Makespan / UB): 2198
Schedule is valid
 Time taken: 103.56 seconds
SAT

=> TOTAL COMPLETION TIME (Makespan / UB): 2197
Schedule is valid
 Time taken: 103.89 seconds
SAT

=> TOTAL COMPLETION TIME (Makespan / UB): 2196
Schedule is valid
 Time taken: 104.21 seconds
SAT

=> TOTAL COMPLETION TIME (Makespan / UB): 2195
Schedule is valid
 Time taken: 104.54 seconds
SAT

=> TOTAL COMPLETION TIME (Makespan / UB): 2194
Schedule is valid
 Time taken: 104.86 seconds
SAT

=> TOTAL COMPLETION TIME (Makespan / UB): 2193
Schedule is valid
 Time taken: 105.19 seconds
SAT

=> TOTAL COMPLETION TIME (Makespan / UB): 2192
Schedule is valid
 Time taken: 105.52 seconds
SAT

=> TOTAL COMPLETION TIME (Makespan / UB): 2191
Schedule is valid
 Time taken: 105.84 seconds
SAT

=> TOTAL COMPLETION TIME (Makespan / UB): 2190
Schedule is valid
 Time taken: 106.17 seconds
SAT

=> TOTAL COMPLETION TIME (Makespan / UB): 2189
Schedule is valid
 Time taken: 106.49 seconds
SAT

=> TOTAL COMPLETION TIME (Makespan / UB): 2188
Schedule is valid
 Time taken: 106.82 seconds
SAT

=> TOTAL COMPLETION TIME (Makespan / UB): 2187
Schedule is valid
 Time taken: 107.14 seconds
SAT

=> TOTAL COMPLETION TIME (Makespan / UB): 2186
Schedule is valid
 Time taken: 107.47 seconds
SAT

=> TOTAL COMPLETION TIME (Makespan / UB): 2185
Schedule is valid
 Time taken: 107.79 seconds
SAT

=> TOTAL COMPLETION TIME (Makespan / UB): 2184
Schedule is valid
 Time taken: 108.12 seconds
SAT

=> TOTAL COMPLETION TIME (Makespan / UB): 2183
Schedule is valid
 Time taken: 108.44 seconds
SAT

=> TOTAL COMPLETION TIME (Makespan / UB): 2182
Schedule is valid
 Time taken: 108.76 seconds
SAT

=> TOTAL COMPLETION TIME (Makespan / UB): 2181
Schedule is valid
 Time taken: 109.09 seconds
SAT

=> TOTAL COMPLETION TIME (Makespan / UB): 2180
Schedule is valid
 Time taken: 109.41 seconds
SAT

=> TOTAL COMPLETION TIME (Makespan / UB): 2179
Schedule is valid
 Time taken: 109.73 seconds
SAT
[runlim] sample:		109.81 time, 110.01 real, 1994 MB, 1.28 load

=> TOTAL COMPLETION TIME (Makespan / UB): 2178
Schedule is valid
 Time taken: 110.06 seconds
SAT

=> TOTAL COMPLETION TIME (Makespan / UB): 2177
Schedule is valid
 Time taken: 110.39 seconds
SAT

=> TOTAL COMPLETION TIME (Makespan / UB): 2176
Schedule is valid
 Time taken: 110.71 seconds
SAT

=> TOTAL COMPLETION TIME (Makespan / UB): 2175
Schedule is valid
 Time taken: 111.04 seconds
SAT

=> TOTAL COMPLETION TIME (Makespan / UB): 2174
Schedule is valid
 Time taken: 114.33 seconds
SAT

=> TOTAL COMPLETION TIME (Makespan / UB): 2173
Schedule is valid
 Time taken: 114.68 seconds
SAT

=> TOTAL COMPLETION TIME (Makespan / UB): 2172
Schedule is valid
 Time taken: 115.00 seconds
SAT

=> TOTAL COMPLETION TIME (Makespan / UB): 2171
Schedule is valid
 Time taken: 115.33 seconds
SAT

=> TOTAL COMPLETION TIME (Makespan / UB): 2170
Schedule is valid
 Time taken: 115.65 seconds
SAT

=> TOTAL COMPLETION TIME (Makespan / UB): 2169
Schedule is valid
 Time taken: 115.98 seconds
SAT

=> TOTAL COMPLETION TIME (Makespan / UB): 2168
Schedule is valid
 Time taken: 116.30 seconds
SAT

=> TOTAL COMPLETION TIME (Makespan / UB): 2167
Schedule is valid
 Time taken: 116.63 seconds
SAT

=> TOTAL COMPLETION TIME (Makespan / UB): 2166
Schedule is valid
 Time taken: 116.95 seconds
SAT

=> TOTAL COMPLETION TIME (Makespan / UB): 2165
Schedule is valid
 Time taken: 117.28 seconds
SAT

=> TOTAL COMPLETION TIME (Makespan / UB): 2164
Schedule is valid
 Time taken: 117.60 seconds
SAT

=> TOTAL COMPLETION TIME (Makespan / UB): 2163
Schedule is valid
 Time taken: 117.92 seconds
SAT

=> TOTAL COMPLETION TIME (Makespan / UB): 2162
Schedule is valid
 Time taken: 118.25 seconds
SAT

=> TOTAL COMPLETION TIME (Makespan / UB): 2161
Schedule is valid
 Time taken: 118.57 seconds
SAT

=> TOTAL COMPLETION TIME (Makespan / UB): 2160
Schedule is valid
 Time taken: 118.90 seconds
SAT

=> TOTAL COMPLETION TIME (Makespan / UB): 2159
Schedule is valid
 Time taken: 119.22 seconds
SAT

=> TOTAL COMPLETION TIME (Makespan / UB): 2158
Schedule is valid
 Time taken: 119.54 seconds
SAT

=> TOTAL COMPLETION TIME (Makespan / UB): 2157
Schedule is valid
 Time taken: 119.87 seconds
[runlim] sample:		119.81 time, 120.01 real, 2282 MB, 1.24 load
SAT

=> TOTAL COMPLETION TIME (Makespan / UB): 2156
Schedule is valid
 Time taken: 120.19 seconds
SAT

=> TOTAL COMPLETION TIME (Makespan / UB): 2155
Schedule is valid
 Time taken: 120.52 seconds
SAT

=> TOTAL COMPLETION TIME (Makespan / UB): 2154
Schedule is valid
 Time taken: 120.84 seconds
SAT

=> TOTAL COMPLETION TIME (Makespan / UB): 2153
Schedule is valid
 Time taken: 121.17 seconds
SAT

=> TOTAL COMPLETION TIME (Makespan / UB): 2152
Schedule is valid
 Time taken: 121.49 seconds
SAT

=> TOTAL COMPLETION TIME (Makespan / UB): 2151
Schedule is valid
 Time taken: 121.82 seconds
SAT

=> TOTAL COMPLETION TIME (Makespan / UB): 2150
Schedule is valid
 Time taken: 122.14 seconds
SAT

=> TOTAL COMPLETION TIME (Makespan / UB): 2149
Schedule is valid
 Time taken: 122.47 seconds
SAT

=> TOTAL COMPLETION TIME (Makespan / UB): 2148
Schedule is valid
 Time taken: 122.79 seconds
SAT

=> TOTAL COMPLETION TIME (Makespan / UB): 2147
Schedule is valid
 Time taken: 123.12 seconds
SAT

=> TOTAL COMPLETION TIME (Makespan / UB): 2146
Schedule is valid
 Time taken: 123.44 seconds
SAT

=> TOTAL COMPLETION TIME (Makespan / UB): 2145
Schedule is valid
 Time taken: 123.77 seconds
SAT

=> TOTAL COMPLETION TIME (Makespan / UB): 2144
Schedule is valid
 Time taken: 124.09 seconds
SAT

=> TOTAL COMPLETION TIME (Makespan / UB): 2143
Schedule is valid
 Time taken: 124.41 seconds
SAT

=> TOTAL COMPLETION TIME (Makespan / UB): 2142
Schedule is valid
 Time taken: 124.74 seconds
[runlim] sample:		129.80 time, 130.01 real, 2320 MB, 1.20 load
SAT

=> TOTAL COMPLETION TIME (Makespan / UB): 2141
Schedule is valid
 Time taken: 137.97 seconds
SAT

=> TOTAL COMPLETION TIME (Makespan / UB): 2140
Schedule is valid
 Time taken: 139.58 seconds
SAT

=> TOTAL COMPLETION TIME (Makespan / UB): 2139
Schedule is valid
 Time taken: 139.95 seconds
[runlim] sample:		139.80 time, 140.01 real, 2274 MB, 1.17 load
SAT

=> TOTAL COMPLETION TIME (Makespan / UB): 2138
Schedule is valid
 Time taken: 140.38 seconds
SAT

=> TOTAL COMPLETION TIME (Makespan / UB): 2137
Schedule is valid
 Time taken: 140.74 seconds
SAT

=> TOTAL COMPLETION TIME (Makespan / UB): 2136
Schedule is valid
 Time taken: 141.12 seconds
SAT

=> TOTAL COMPLETION TIME (Makespan / UB): 2135
Schedule is valid
 Time taken: 141.49 seconds
SAT

=> TOTAL COMPLETION TIME (Makespan / UB): 2134
Schedule is valid
 Time taken: 141.85 seconds
SAT

=> TOTAL COMPLETION TIME (Makespan / UB): 2133
Schedule is valid
 Time taken: 142.21 seconds
SAT

=> TOTAL COMPLETION TIME (Makespan / UB): 2132
Schedule is valid
 Time taken: 142.57 seconds
SAT

=> TOTAL COMPLETION TIME (Makespan / UB): 2131
Schedule is valid
 Time taken: 142.94 seconds
SAT

=> TOTAL COMPLETION TIME (Makespan / UB): 2130
Schedule is valid
 Time taken: 143.30 seconds
SAT

=> TOTAL COMPLETION TIME (Makespan / UB): 2129
Schedule is valid
 Time taken: 143.66 seconds
SAT

=> TOTAL COMPLETION TIME (Makespan / UB): 2128
Schedule is valid
 Time taken: 144.03 seconds
SAT

=> TOTAL COMPLETION TIME (Makespan / UB): 2127
Schedule is valid
 Time taken: 144.39 seconds
[runlim] sample:		149.79 time, 150.01 real, 2274 MB, 1.14 load
[runlim] sample:		159.79 time, 160.01 real, 2228 MB, 1.12 load
[runlim] sample:		169.78 time, 170.01 real, 2295 MB, 1.10 load
[runlim] sample:		179.77 time, 180.01 real, 2304 MB, 1.08 load
[runlim] sample:		189.77 time, 190.01 real, 2274 MB, 1.07 load
SAT

=> TOTAL COMPLETION TIME (Makespan / UB): 2126
Schedule is valid
 Time taken: 194.62 seconds
SAT

=> TOTAL COMPLETION TIME (Makespan / UB): 2125
Schedule is valid
 Time taken: 196.25 seconds
SAT

=> TOTAL COMPLETION TIME (Makespan / UB): 2124
Schedule is valid
 Time taken: 197.42 seconds
SAT

=> TOTAL COMPLETION TIME (Makespan / UB): 2123
Schedule is valid
 Time taken: 198.45 seconds
SAT

=> TOTAL COMPLETION TIME (Makespan / UB): 2122
Schedule is valid
 Time taken: 199.49 seconds
[runlim] sample:		199.76 time, 200.01 real, 2235 MB, 1.14 load
SAT

=> TOTAL COMPLETION TIME (Makespan / UB): 2121
Schedule is valid
 Time taken: 200.50 seconds
SAT

=> TOTAL COMPLETION TIME (Makespan / UB): 2120
Schedule is valid
 Time taken: 201.54 seconds
SAT

=> TOTAL COMPLETION TIME (Makespan / UB): 2119
Schedule is valid
 Time taken: 202.53 seconds
SAT

=> TOTAL COMPLETION TIME (Makespan / UB): 2118
Schedule is valid
 Time taken: 203.53 seconds
SAT

=> TOTAL COMPLETION TIME (Makespan / UB): 2117
Schedule is valid
 Time taken: 204.49 seconds
SAT

=> TOTAL COMPLETION TIME (Makespan / UB): 2116
Schedule is valid
 Time taken: 205.48 seconds
SAT

=> TOTAL COMPLETION TIME (Makespan / UB): 2115
Schedule is valid
 Time taken: 206.44 seconds
SAT

=> TOTAL COMPLETION TIME (Makespan / UB): 2114
Schedule is valid
 Time taken: 207.45 seconds
SAT

=> TOTAL COMPLETION TIME (Makespan / UB): 2113
Schedule is valid
 Time taken: 208.42 seconds
SAT

=> TOTAL COMPLETION TIME (Makespan / UB): 2112
Schedule is valid
 Time taken: 209.41 seconds
[runlim] sample:		209.75 time, 210.01 real, 2235 MB, 1.12 load
SAT

=> TOTAL COMPLETION TIME (Makespan / UB): 2111
Schedule is valid
 Time taken: 210.38 seconds
SAT

=> TOTAL COMPLETION TIME (Makespan / UB): 2110
Schedule is valid
 Time taken: 211.36 seconds
SAT

=> TOTAL COMPLETION TIME (Makespan / UB): 2109
Schedule is valid
 Time taken: 212.34 seconds
SAT

=> TOTAL COMPLETION TIME (Makespan / UB): 2108
Schedule is valid
 Time taken: 213.33 seconds
SAT

=> TOTAL COMPLETION TIME (Makespan / UB): 2107
Schedule is valid
 Time taken: 214.29 seconds
SAT

=> TOTAL COMPLETION TIME (Makespan / UB): 2106
Schedule is valid
 Time taken: 215.27 seconds
SAT

=> TOTAL COMPLETION TIME (Makespan / UB): 2105
Schedule is valid
 Time taken: 216.25 seconds
SAT

=> TOTAL COMPLETION TIME (Makespan / UB): 2104
Schedule is valid
 Time taken: 217.26 seconds
SAT

=> TOTAL COMPLETION TIME (Makespan / UB): 2103
Schedule is valid
 Time taken: 218.24 seconds
SAT

=> TOTAL COMPLETION TIME (Makespan / UB): 2102
Schedule is valid
 Time taken: 219.24 seconds
[runlim] sample:		219.74 time, 220.01 real, 2236 MB, 1.10 load
SAT

=> TOTAL COMPLETION TIME (Makespan / UB): 2101
Schedule is valid
 Time taken: 220.21 seconds
SAT

=> TOTAL COMPLETION TIME (Makespan / UB): 2100
Schedule is valid
 Time taken: 221.19 seconds
SAT

=> TOTAL COMPLETION TIME (Makespan / UB): 2099
Schedule is valid
 Time taken: 222.15 seconds
SAT

=> TOTAL COMPLETION TIME (Makespan / UB): 2098
Schedule is valid
 Time taken: 223.13 seconds
SAT

=> TOTAL COMPLETION TIME (Makespan / UB): 2097
Schedule is valid
 Time taken: 224.09 seconds
SAT

=> TOTAL COMPLETION TIME (Makespan / UB): 2096
Schedule is valid
 Time taken: 225.07 seconds
SAT

=> TOTAL COMPLETION TIME (Makespan / UB): 2095
Schedule is valid
 Time taken: 226.03 seconds
SAT

=> TOTAL COMPLETION TIME (Makespan / UB): 2094
Schedule is valid
 Time taken: 227.02 seconds
SAT

=> TOTAL COMPLETION TIME (Makespan / UB): 2093
Schedule is valid
 Time taken: 227.25 seconds
SAT

=> TOTAL COMPLETION TIME (Makespan / UB): 2092
Schedule is valid
 Time taken: 227.51 seconds
SAT

=> TOTAL COMPLETION TIME (Makespan / UB): 2091
Schedule is valid
 Time taken: 227.74 seconds
SAT

=> TOTAL COMPLETION TIME (Makespan / UB): 2090
Schedule is valid
 Time taken: 228.00 seconds
SAT

=> TOTAL COMPLETION TIME (Makespan / UB): 2089
Schedule is valid
 Time taken: 228.24 seconds
SAT

=> TOTAL COMPLETION TIME (Makespan / UB): 2088
Schedule is valid
 Time taken: 228.49 seconds
SAT

=> TOTAL COMPLETION TIME (Makespan / UB): 2087
Schedule is valid
 Time taken: 228.72 seconds
SAT

=> TOTAL COMPLETION TIME (Makespan / UB): 2086
Schedule is valid
 Time taken: 228.98 seconds
SAT

=> TOTAL COMPLETION TIME (Makespan / UB): 2085
Schedule is valid
 Time taken: 229.22 seconds
SAT

=> TOTAL COMPLETION TIME (Makespan / UB): 2084
Schedule is valid
 Time taken: 229.47 seconds
SAT

=> TOTAL COMPLETION TIME (Makespan / UB): 2083
Schedule is valid
 Time taken: 229.71 seconds
SAT

=> TOTAL COMPLETION TIME (Makespan / UB): 2082
Schedule is valid
 Time taken: 229.96 seconds
[runlim] sample:		229.73 time, 230.01 real, 2236 MB, 1.23 load
SAT

=> TOTAL COMPLETION TIME (Makespan / UB): 2081
Schedule is valid
 Time taken: 230.20 seconds
SAT

=> TOTAL COMPLETION TIME (Makespan / UB): 2080
Schedule is valid
 Time taken: 230.45 seconds
SAT

=> TOTAL COMPLETION TIME (Makespan / UB): 2079
Schedule is valid
 Time taken: 230.69 seconds
SAT

=> TOTAL COMPLETION TIME (Makespan / UB): 2078
Schedule is valid
 Time taken: 230.94 seconds
SAT

=> TOTAL COMPLETION TIME (Makespan / UB): 2077
Schedule is valid
 Time taken: 231.18 seconds
SAT

=> TOTAL COMPLETION TIME (Makespan / UB): 2076
Schedule is valid
 Time taken: 231.43 seconds
SAT

=> TOTAL COMPLETION TIME (Makespan / UB): 2075
Schedule is valid
 Time taken: 231.67 seconds
SAT

=> TOTAL COMPLETION TIME (Makespan / UB): 2074
Schedule is valid
 Time taken: 231.92 seconds
SAT

=> TOTAL COMPLETION TIME (Makespan / UB): 2073
Schedule is valid
 Time taken: 232.15 seconds
SAT

=> TOTAL COMPLETION TIME (Makespan / UB): 2072
Schedule is valid
 Time taken: 232.41 seconds
SAT

=> TOTAL COMPLETION TIME (Makespan / UB): 2071
Schedule is valid
 Time taken: 232.64 seconds
SAT

=> TOTAL COMPLETION TIME (Makespan / UB): 2070
Schedule is valid
 Time taken: 232.90 seconds
SAT

=> TOTAL COMPLETION TIME (Makespan / UB): 2069
Schedule is valid
 Time taken: 233.13 seconds
SAT

=> TOTAL COMPLETION TIME (Makespan / UB): 2068
Schedule is valid
 Time taken: 233.38 seconds
SAT

=> TOTAL COMPLETION TIME (Makespan / UB): 2067
Schedule is valid
 Time taken: 233.61 seconds
SAT

=> TOTAL COMPLETION TIME (Makespan / UB): 2066
Schedule is valid
 Time taken: 233.86 seconds
SAT

=> TOTAL COMPLETION TIME (Makespan / UB): 2065
Schedule is valid
 Time taken: 234.09 seconds
SAT

=> TOTAL COMPLETION TIME (Makespan / UB): 2064
Schedule is valid
 Time taken: 234.34 seconds
SAT

=> TOTAL COMPLETION TIME (Makespan / UB): 2063
Schedule is valid
 Time taken: 234.58 seconds
SAT

=> TOTAL COMPLETION TIME (Makespan / UB): 2062
Schedule is valid
 Time taken: 234.83 seconds
SAT

=> TOTAL COMPLETION TIME (Makespan / UB): 2061
Schedule is valid
 Time taken: 235.06 seconds
SAT

=> TOTAL COMPLETION TIME (Makespan / UB): 2060
Schedule is valid
 Time taken: 235.31 seconds
SAT

=> TOTAL COMPLETION TIME (Makespan / UB): 2059
Schedule is valid
 Time taken: 235.55 seconds
SAT

=> TOTAL COMPLETION TIME (Makespan / UB): 2058
Schedule is valid
 Time taken: 235.80 seconds
SAT

=> TOTAL COMPLETION TIME (Makespan / UB): 2057
Schedule is valid
 Time taken: 236.03 seconds
SAT

=> TOTAL COMPLETION TIME (Makespan / UB): 2056
Schedule is valid
 Time taken: 236.28 seconds
SAT

=> TOTAL COMPLETION TIME (Makespan / UB): 2055
Schedule is valid
 Time taken: 236.51 seconds
SAT

=> TOTAL COMPLETION TIME (Makespan / UB): 2054
Schedule is valid
 Time taken: 236.77 seconds
SAT

=> TOTAL COMPLETION TIME (Makespan / UB): 2053
Schedule is valid
 Time taken: 237.00 seconds
SAT

=> TOTAL COMPLETION TIME (Makespan / UB): 2052
Schedule is valid
 Time taken: 237.25 seconds
SAT

=> TOTAL COMPLETION TIME (Makespan / UB): 2051
Schedule is valid
 Time taken: 237.48 seconds
SAT

=> TOTAL COMPLETION TIME (Makespan / UB): 2050
Schedule is valid
 Time taken: 237.73 seconds
SAT

=> TOTAL COMPLETION TIME (Makespan / UB): 2049
Schedule is valid
 Time taken: 237.97 seconds
SAT

=> TOTAL COMPLETION TIME (Makespan / UB): 2048
Schedule is valid
 Time taken: 238.22 seconds
SAT

=> TOTAL COMPLETION TIME (Makespan / UB): 2047
Schedule is valid
 Time taken: 239.21 seconds
SAT

=> TOTAL COMPLETION TIME (Makespan / UB): 2046
Schedule is valid
 Time taken: 239.48 seconds
[runlim] sample:		239.70 time, 240.01 real, 2236 MB, 1.20 load
SAT

=> TOTAL COMPLETION TIME (Makespan / UB): 2045
Schedule is valid
 Time taken: 240.44 seconds
SAT

=> TOTAL COMPLETION TIME (Makespan / UB): 2044
Schedule is valid
 Time taken: 240.70 seconds
SAT

=> TOTAL COMPLETION TIME (Makespan / UB): 2043
Schedule is valid
 Time taken: 241.66 seconds
SAT

=> TOTAL COMPLETION TIME (Makespan / UB): 2042
Schedule is valid
 Time taken: 241.93 seconds
SAT

=> TOTAL COMPLETION TIME (Makespan / UB): 2041
Schedule is valid
 Time taken: 242.88 seconds
SAT

=> TOTAL COMPLETION TIME (Makespan / UB): 2040
Schedule is valid
 Time taken: 243.15 seconds
SAT

=> TOTAL COMPLETION TIME (Makespan / UB): 2039
Schedule is valid
 Time taken: 244.11 seconds
SAT

=> TOTAL COMPLETION TIME (Makespan / UB): 2038
Schedule is valid
 Time taken: 244.37 seconds
SAT

=> TOTAL COMPLETION TIME (Makespan / UB): 2037
Schedule is valid
 Time taken: 245.33 seconds
SAT

=> TOTAL COMPLETION TIME (Makespan / UB): 2036
Schedule is valid
 Time taken: 245.60 seconds
SAT

=> TOTAL COMPLETION TIME (Makespan / UB): 2035
Schedule is valid
 Time taken: 246.55 seconds
SAT

=> TOTAL COMPLETION TIME (Makespan / UB): 2034
Schedule is valid
 Time taken: 246.82 seconds
SAT

=> TOTAL COMPLETION TIME (Makespan / UB): 2033
Schedule is valid
 Time taken: 247.77 seconds
SAT

=> TOTAL COMPLETION TIME (Makespan / UB): 2032
Schedule is valid
 Time taken: 248.03 seconds
SAT

=> TOTAL COMPLETION TIME (Makespan / UB): 2031
Schedule is valid
 Time taken: 248.99 seconds
SAT

=> TOTAL COMPLETION TIME (Makespan / UB): 2030
Schedule is valid
 Time taken: 249.26 seconds
[runlim] sample:		249.68 time, 250.01 real, 2236 MB, 1.17 load
[runlim] sample:		259.67 time, 260.01 real, 2219 MB, 1.14 load
SAT

=> TOTAL COMPLETION TIME (Makespan / UB): 2029
Schedule is valid
 Time taken: 263.35 seconds
[runlim] sample:		269.67 time, 270.01 real, 2262 MB, 1.12 load
[runlim] sample:		279.66 time, 280.01 real, 2170 MB, 1.10 load
[runlim] sample:		289.66 time, 290.01 real, 2169 MB, 1.08 load
SAT

=> TOTAL COMPLETION TIME (Makespan / UB): 2028
Schedule is valid
 Time taken: 295.71 seconds
[runlim] sample:		299.65 time, 300.01 real, 2192 MB, 1.07 load
SAT

=> TOTAL COMPLETION TIME (Makespan / UB): 2027
Schedule is valid
 Time taken: 304.45 seconds
SAT

=> TOTAL COMPLETION TIME (Makespan / UB): 2026
Schedule is valid
 Time taken: 305.80 seconds
SAT

=> TOTAL COMPLETION TIME (Makespan / UB): 2025
Schedule is valid
 Time taken: 306.99 seconds
[runlim] sample:		309.64 time, 310.01 real, 2191 MB, 1.06 load
SAT

=> TOTAL COMPLETION TIME (Makespan / UB): 2024
Schedule is valid
 Time taken: 310.60 seconds
SAT

=> TOTAL COMPLETION TIME (Makespan / UB): 2023
Schedule is valid
 Time taken: 311.87 seconds
SAT

=> TOTAL COMPLETION TIME (Makespan / UB): 2022
Schedule is valid
 Time taken: 313.02 seconds
SAT

=> TOTAL COMPLETION TIME (Makespan / UB): 2021
Schedule is valid
 Time taken: 314.06 seconds
SAT

=> TOTAL COMPLETION TIME (Makespan / UB): 2020
Schedule is valid
 Time taken: 317.39 seconds
[runlim] sample:		319.64 time, 320.01 real, 2464 MB, 1.05 load
[runlim] sample:		329.64 time, 330.01 real, 2189 MB, 1.04 load
SAT

=> TOTAL COMPLETION TIME (Makespan / UB): 2019
Schedule is valid
 Time taken: 337.55 seconds
SAT

=> TOTAL COMPLETION TIME (Makespan / UB): 2018
Schedule is valid
 Time taken: 339.06 seconds
[runlim] sample:		339.63 time, 340.01 real, 2189 MB, 1.12 load
SAT

=> TOTAL COMPLETION TIME (Makespan / UB): 2017
Schedule is valid
 Time taken: 340.29 seconds
SAT

=> TOTAL COMPLETION TIME (Makespan / UB): 2016
Schedule is valid
 Time taken: 341.46 seconds
SAT

=> TOTAL COMPLETION TIME (Makespan / UB): 2015
Schedule is valid
 Time taken: 342.64 seconds
SAT

=> TOTAL COMPLETION TIME (Makespan / UB): 2014
Schedule is valid
 Time taken: 343.81 seconds
SAT

=> TOTAL COMPLETION TIME (Makespan / UB): 2013
Schedule is valid
 Time taken: 344.97 seconds
SAT

=> TOTAL COMPLETION TIME (Makespan / UB): 2012
Schedule is valid
 Time taken: 346.08 seconds
SAT

=> TOTAL COMPLETION TIME (Makespan / UB): 2011
Schedule is valid
 Time taken: 347.20 seconds
SAT

=> TOTAL COMPLETION TIME (Makespan / UB): 2010
Schedule is valid
 Time taken: 348.30 seconds
SAT

=> TOTAL COMPLETION TIME (Makespan / UB): 2009
Schedule is valid
 Time taken: 349.42 seconds
[runlim] sample:		349.62 time, 350.01 real, 2189 MB, 1.10 load
SAT

=> TOTAL COMPLETION TIME (Makespan / UB): 2008
Schedule is valid
 Time taken: 350.52 seconds
SAT

=> TOTAL COMPLETION TIME (Makespan / UB): 2007
Schedule is valid
 Time taken: 351.64 seconds
SAT

=> TOTAL COMPLETION TIME (Makespan / UB): 2006
Schedule is valid
 Time taken: 352.75 seconds
SAT

=> TOTAL COMPLETION TIME (Makespan / UB): 2005
Schedule is valid
 Time taken: 353.87 seconds
SAT

=> TOTAL COMPLETION TIME (Makespan / UB): 2004
Schedule is valid
 Time taken: 354.98 seconds
SAT

=> TOTAL COMPLETION TIME (Makespan / UB): 2003
Schedule is valid
 Time taken: 356.09 seconds
[runlim] sample:		359.61 time, 360.01 real, 2189 MB, 1.08 load
SAT

=> TOTAL COMPLETION TIME (Makespan / UB): 2002
Schedule is valid
 Time taken: 365.47 seconds
[runlim] sample:		369.61 time, 370.01 real, 2184 MB, 1.07 load
SAT

=> TOTAL COMPLETION TIME (Makespan / UB): 2001
Schedule is valid
 Time taken: 375.55 seconds
SAT

=> TOTAL COMPLETION TIME (Makespan / UB): 2000
Schedule is valid
 Time taken: 376.84 seconds
[runlim] sample:		379.60 time, 380.01 real, 2184 MB, 1.06 load
SAT

=> TOTAL COMPLETION TIME (Makespan / UB): 1999
Schedule is valid
 Time taken: 385.90 seconds
SAT

=> TOTAL COMPLETION TIME (Makespan / UB): 1998
Schedule is valid
 Time taken: 387.15 seconds
SAT

=> TOTAL COMPLETION TIME (Makespan / UB): 1997
Schedule is valid
 Time taken: 388.23 seconds
SAT

=> TOTAL COMPLETION TIME (Makespan / UB): 1996
Schedule is valid
 Time taken: 389.27 seconds
[runlim] sample:		389.61 time, 390.01 real, 2185 MB, 1.05 load
SAT

=> TOTAL COMPLETION TIME (Makespan / UB): 1995
Schedule is valid
 Time taken: 390.30 seconds
SAT

=> TOTAL COMPLETION TIME (Makespan / UB): 1994
Schedule is valid
 Time taken: 391.31 seconds
SAT

=> TOTAL COMPLETION TIME (Makespan / UB): 1993
Schedule is valid
 Time taken: 392.31 seconds
SAT

=> TOTAL COMPLETION TIME (Makespan / UB): 1992
Schedule is valid
 Time taken: 393.31 seconds
SAT

=> TOTAL COMPLETION TIME (Makespan / UB): 1991
Schedule is valid
 Time taken: 394.31 seconds
SAT

=> TOTAL COMPLETION TIME (Makespan / UB): 1990
Schedule is valid
 Time taken: 395.30 seconds
SAT

=> TOTAL COMPLETION TIME (Makespan / UB): 1989
Schedule is valid
 Time taken: 396.30 seconds
SAT

=> TOTAL COMPLETION TIME (Makespan / UB): 1988
Schedule is valid
 Time taken: 397.30 seconds
SAT

=> TOTAL COMPLETION TIME (Makespan / UB): 1987
Schedule is valid
 Time taken: 398.27 seconds
SAT

=> TOTAL COMPLETION TIME (Makespan / UB): 1986
Schedule is valid
 Time taken: 399.27 seconds
[runlim] sample:		399.60 time, 400.01 real, 2184 MB, 1.11 load
SAT

=> TOTAL COMPLETION TIME (Makespan / UB): 1985
Schedule is valid
 Time taken: 400.27 seconds
SAT

=> TOTAL COMPLETION TIME (Makespan / UB): 1984
Schedule is valid
 Time taken: 401.27 seconds
SAT

=> TOTAL COMPLETION TIME (Makespan / UB): 1983
Schedule is valid
 Time taken: 402.29 seconds
SAT

=> TOTAL COMPLETION TIME (Makespan / UB): 1982
Schedule is valid
 Time taken: 403.32 seconds
SAT

=> TOTAL COMPLETION TIME (Makespan / UB): 1981
Schedule is valid
 Time taken: 404.35 seconds
SAT

=> TOTAL COMPLETION TIME (Makespan / UB): 1980
Schedule is valid
 Time taken: 405.36 seconds
SAT

=> TOTAL COMPLETION TIME (Makespan / UB): 1979
Schedule is valid
 Time taken: 406.36 seconds
SAT

=> TOTAL COMPLETION TIME (Makespan / UB): 1978
Schedule is valid
 Time taken: 407.37 seconds
SAT

=> TOTAL COMPLETION TIME (Makespan / UB): 1977
Schedule is valid
 Time taken: 408.37 seconds
SAT

=> TOTAL COMPLETION TIME (Makespan / UB): 1976
Schedule is valid
 Time taken: 409.37 seconds
[runlim] sample:		409.60 time, 410.01 real, 2185 MB, 1.17 load
SAT

=> TOTAL COMPLETION TIME (Makespan / UB): 1975
Schedule is valid
 Time taken: 410.38 seconds
SAT

=> TOTAL COMPLETION TIME (Makespan / UB): 1974
Schedule is valid
 Time taken: 411.38 seconds
SAT

=> TOTAL COMPLETION TIME (Makespan / UB): 1973
Schedule is valid
 Time taken: 412.39 seconds
SAT

=> TOTAL COMPLETION TIME (Makespan / UB): 1972
Schedule is valid
 Time taken: 413.39 seconds
SAT

=> TOTAL COMPLETION TIME (Makespan / UB): 1971
Schedule is valid
 Time taken: 414.40 seconds
SAT

=> TOTAL COMPLETION TIME (Makespan / UB): 1970
Schedule is valid
 Time taken: 415.40 seconds
SAT

=> TOTAL COMPLETION TIME (Makespan / UB): 1969
Schedule is valid
 Time taken: 416.41 seconds
SAT

=> TOTAL COMPLETION TIME (Makespan / UB): 1968
Schedule is valid
 Time taken: 417.42 seconds
SAT

=> TOTAL COMPLETION TIME (Makespan / UB): 1967
Schedule is valid
 Time taken: 418.43 seconds
SAT

=> TOTAL COMPLETION TIME (Makespan / UB): 1966
Schedule is valid
 Time taken: 419.44 seconds
[runlim] sample:		419.59 time, 420.01 real, 2184 MB, 1.14 load
SAT

=> TOTAL COMPLETION TIME (Makespan / UB): 1965
Schedule is valid
 Time taken: 420.44 seconds
SAT

=> TOTAL COMPLETION TIME (Makespan / UB): 1964
Schedule is valid
 Time taken: 421.45 seconds
SAT

=> TOTAL COMPLETION TIME (Makespan / UB): 1963
Schedule is valid
 Time taken: 422.42 seconds
SAT

=> TOTAL COMPLETION TIME (Makespan / UB): 1962
Schedule is valid
 Time taken: 425.08 seconds
SAT

=> TOTAL COMPLETION TIME (Makespan / UB): 1961
Schedule is valid
 Time taken: 425.95 seconds
SAT

=> TOTAL COMPLETION TIME (Makespan / UB): 1960
Schedule is valid
 Time taken: 426.85 seconds
SAT

=> TOTAL COMPLETION TIME (Makespan / UB): 1959
Schedule is valid
 Time taken: 427.71 seconds
SAT

=> TOTAL COMPLETION TIME (Makespan / UB): 1958
Schedule is valid
 Time taken: 428.61 seconds
SAT

=> TOTAL COMPLETION TIME (Makespan / UB): 1957
Schedule is valid
 Time taken: 429.47 seconds
[runlim] sample:		429.58 time, 430.01 real, 2134 MB, 1.12 load
SAT

=> TOTAL COMPLETION TIME (Makespan / UB): 1956
Schedule is valid
 Time taken: 430.40 seconds
SAT

=> TOTAL COMPLETION TIME (Makespan / UB): 1955
Schedule is valid
 Time taken: 431.32 seconds
SAT

=> TOTAL COMPLETION TIME (Makespan / UB): 1954
Schedule is valid
 Time taken: 432.24 seconds
SAT

=> TOTAL COMPLETION TIME (Makespan / UB): 1953
Schedule is valid
 Time taken: 433.14 seconds
SAT

=> TOTAL COMPLETION TIME (Makespan / UB): 1952
Schedule is valid
 Time taken: 434.11 seconds
SAT

=> TOTAL COMPLETION TIME (Makespan / UB): 1951
Schedule is valid
 Time taken: 435.03 seconds
SAT

=> TOTAL COMPLETION TIME (Makespan / UB): 1950
Schedule is valid
 Time taken: 435.99 seconds
SAT

=> TOTAL COMPLETION TIME (Makespan / UB): 1949
Schedule is valid
 Time taken: 436.96 seconds
SAT

=> TOTAL COMPLETION TIME (Makespan / UB): 1948
Schedule is valid
 Time taken: 437.95 seconds
SAT

=> TOTAL COMPLETION TIME (Makespan / UB): 1947
Schedule is valid
 Time taken: 438.88 seconds
SAT

=> TOTAL COMPLETION TIME (Makespan / UB): 1946
Schedule is valid
 Time taken: 439.82 seconds
[runlim] sample:		439.58 time, 440.01 real, 2176 MB, 1.10 load
SAT

=> TOTAL COMPLETION TIME (Makespan / UB): 1945
Schedule is valid
 Time taken: 440.73 seconds
[runlim] sample:		449.57 time, 450.01 real, 2168 MB, 1.09 load
[runlim] sample:		459.57 time, 460.01 real, 2168 MB, 1.23 load
SAT

=> TOTAL COMPLETION TIME (Makespan / UB): 1944
Schedule is valid
 Time taken: 462.47 seconds
[runlim] sample:		469.56 time, 470.01 real, 2120 MB, 1.27 load
SAT

=> TOTAL COMPLETION TIME (Makespan / UB): 1943
Schedule is valid
 Time taken: 471.98 seconds
SAT

=> TOTAL COMPLETION TIME (Makespan / UB): 1942
Schedule is valid
 Time taken: 473.35 seconds
SAT

=> TOTAL COMPLETION TIME (Makespan / UB): 1941
Schedule is valid
 Time taken: 474.48 seconds
SAT

=> TOTAL COMPLETION TIME (Makespan / UB): 1940
Schedule is valid
 Time taken: 475.59 seconds
[runlim] sample:		479.56 time, 480.01 real, 2167 MB, 1.38 load
SAT

=> TOTAL COMPLETION TIME (Makespan / UB): 1939
Schedule is valid
 Time taken: 488.19 seconds
[runlim] sample:		489.56 time, 490.01 real, 2120 MB, 1.32 load
SAT

=> TOTAL COMPLETION TIME (Makespan / UB): 1938
Schedule is valid
 Time taken: 495.23 seconds
[runlim] sample:		499.55 time, 500.01 real, 2119 MB, 1.27 load
[runlim] sample:		509.55 time, 510.01 real, 2176 MB, 1.23 load
SAT

=> TOTAL COMPLETION TIME (Makespan / UB): 1937
Schedule is valid
 Time taken: 516.89 seconds
SAT

=> TOTAL COMPLETION TIME (Makespan / UB): 1936
Schedule is valid
 Time taken: 518.29 seconds
SAT

=> TOTAL COMPLETION TIME (Makespan / UB): 1935
Schedule is valid
 Time taken: 519.51 seconds
[runlim] sample:		519.55 time, 520.01 real, 2119 MB, 1.20 load
SAT

=> TOTAL COMPLETION TIME (Makespan / UB): 1934
Schedule is valid
 Time taken: 520.59 seconds
SAT

=> TOTAL COMPLETION TIME (Makespan / UB): 1933
Schedule is valid
 Time taken: 521.63 seconds
SAT

=> TOTAL COMPLETION TIME (Makespan / UB): 1932
Schedule is valid
 Time taken: 522.75 seconds
[runlim] sample:		529.54 time, 530.01 real, 2118 MB, 1.17 load
SAT

=> TOTAL COMPLETION TIME (Makespan / UB): 1931
Schedule is valid
 Time taken: 531.70 seconds
SAT

=> TOTAL COMPLETION TIME (Makespan / UB): 1930
Schedule is valid
 Time taken: 532.99 seconds
SAT

=> TOTAL COMPLETION TIME (Makespan / UB): 1929
Schedule is valid
 Time taken: 534.06 seconds
SAT

=> TOTAL COMPLETION TIME (Makespan / UB): 1928
Schedule is valid
 Time taken: 535.06 seconds
[runlim] sample:		539.54 time, 540.01 real, 2165 MB, 1.14 load
SAT

=> TOTAL COMPLETION TIME (Makespan / UB): 1927
Schedule is valid
 Time taken: 544.69 seconds
SAT

=> TOTAL COMPLETION TIME (Makespan / UB): 1926
Schedule is valid
 Time taken: 545.98 seconds
SAT

=> TOTAL COMPLETION TIME (Makespan / UB): 1925
Schedule is valid
 Time taken: 547.00 seconds
[runlim] sample:		549.53 time, 550.01 real, 2116 MB, 1.12 load
SAT

=> TOTAL COMPLETION TIME (Makespan / UB): 1924
Schedule is valid
 Time taken: 555.33 seconds
[runlim] sample:		559.53 time, 560.01 real, 2116 MB, 1.10 load
SAT

=> TOTAL COMPLETION TIME (Makespan / UB): 1923
Schedule is valid
 Time taken: 565.14 seconds
[runlim] sample:		569.52 time, 570.01 real, 2116 MB, 1.08 load
[runlim] sample:		579.51 time, 580.01 real, 2116 MB, 1.07 load
SAT

=> TOTAL COMPLETION TIME (Makespan / UB): 1922
Schedule is valid
 Time taken: 587.29 seconds
[runlim] sample:		589.52 time, 590.01 real, 2116 MB, 1.06 load
[runlim] sample:		599.51 time, 600.01 real, 2163 MB, 1.05 load
[runlim] end:			Sun May  3 07:40:59 2026
[runlim] status:		out of time
[runlim] result:		2
[runlim] children:		1
[runlim] processes:		2
[runlim] real:			601.06 seconds
[runlim] time:			599.51 seconds
[runlim] space:			2782 MB
[runlim] load:			1.38 maximum
[runlim] samples:		6000
