[runlim] version:		2.0.0rc12
[runlim] host:			ap-Precision-7550
[runlim] time limit:		311040000 seconds
[runlim] real time limit:	600 seconds
[runlim] space limit:		15624 MB
[runlim] argv[0]:		python3
[runlim] argv[1]:		-u
[runlim] argv[2]:		main.py
[runlim] argv[3]:		datasets/hurink/edata/la36.txt
[runlim] start:			Sun May  3 07:40:59 2026
[runlim] child:			15190
Greedy Schedule UB: 1647
Building constraints took 2.97 seconds.
SAT

=> TOTAL COMPLETION TIME (Makespan / UB): 1646
Schedule is valid
 Time taken: 3.37 seconds
SAT

=> TOTAL COMPLETION TIME (Makespan / UB): 1645
Schedule is valid
 Time taken: 3.50 seconds
SAT

=> TOTAL COMPLETION TIME (Makespan / UB): 1644
Schedule is valid
 Time taken: 3.64 seconds
SAT

=> TOTAL COMPLETION TIME (Makespan / UB): 1643
Schedule is valid
 Time taken: 3.76 seconds
SAT

=> TOTAL COMPLETION TIME (Makespan / UB): 1642
Schedule is valid
 Time taken: 3.88 seconds
SAT

=> TOTAL COMPLETION TIME (Makespan / UB): 1641
Schedule is valid
 Time taken: 4.01 seconds
SAT

=> TOTAL COMPLETION TIME (Makespan / UB): 1640
Schedule is valid
 Time taken: 4.13 seconds
SAT

=> TOTAL COMPLETION TIME (Makespan / UB): 1639
Schedule is valid
 Time taken: 4.25 seconds
SAT

=> TOTAL COMPLETION TIME (Makespan / UB): 1638
Schedule is valid
 Time taken: 4.38 seconds
SAT

=> TOTAL COMPLETION TIME (Makespan / UB): 1637
Schedule is valid
 Time taken: 4.50 seconds
SAT

=> TOTAL COMPLETION TIME (Makespan / UB): 1636
Schedule is valid
 Time taken: 4.62 seconds
SAT

=> TOTAL COMPLETION TIME (Makespan / UB): 1635
Schedule is valid
 Time taken: 4.75 seconds
SAT

=> TOTAL COMPLETION TIME (Makespan / UB): 1634
Schedule is valid
 Time taken: 4.87 seconds
SAT

=> TOTAL COMPLETION TIME (Makespan / UB): 1633
Schedule is valid
 Time taken: 4.99 seconds
SAT

=> TOTAL COMPLETION TIME (Makespan / UB): 1632
Schedule is valid
 Time taken: 5.17 seconds
SAT

=> TOTAL COMPLETION TIME (Makespan / UB): 1631
Schedule is valid
 Time taken: 5.30 seconds
SAT

=> TOTAL COMPLETION TIME (Makespan / UB): 1630
Schedule is valid
 Time taken: 5.42 seconds
SAT

=> TOTAL COMPLETION TIME (Makespan / UB): 1629
Schedule is valid
 Time taken: 5.54 seconds
SAT

=> TOTAL COMPLETION TIME (Makespan / UB): 1628
Schedule is valid
 Time taken: 5.67 seconds
SAT

=> TOTAL COMPLETION TIME (Makespan / UB): 1627
Schedule is valid
 Time taken: 5.79 seconds
SAT

=> TOTAL COMPLETION TIME (Makespan / UB): 1626
Schedule is valid
 Time taken: 5.91 seconds
SAT

=> TOTAL COMPLETION TIME (Makespan / UB): 1625
Schedule is valid
 Time taken: 6.04 seconds
SAT

=> TOTAL COMPLETION TIME (Makespan / UB): 1624
Schedule is valid
 Time taken: 6.22 seconds
SAT

=> TOTAL COMPLETION TIME (Makespan / UB): 1623
Schedule is valid
 Time taken: 6.34 seconds
SAT

=> TOTAL COMPLETION TIME (Makespan / UB): 1622
Schedule is valid
 Time taken: 6.49 seconds
SAT

=> TOTAL COMPLETION TIME (Makespan / UB): 1621
Schedule is valid
 Time taken: 6.61 seconds
SAT

=> TOTAL COMPLETION TIME (Makespan / UB): 1620
Schedule is valid
 Time taken: 6.73 seconds
SAT

=> TOTAL COMPLETION TIME (Makespan / UB): 1619
Schedule is valid
 Time taken: 6.86 seconds
SAT

=> TOTAL COMPLETION TIME (Makespan / UB): 1618
Schedule is valid
 Time taken: 6.98 seconds
SAT

=> TOTAL COMPLETION TIME (Makespan / UB): 1617
Schedule is valid
 Time taken: 7.10 seconds
SAT

=> TOTAL COMPLETION TIME (Makespan / UB): 1616
Schedule is valid
 Time taken: 7.23 seconds
SAT

=> TOTAL COMPLETION TIME (Makespan / UB): 1615
Schedule is valid
 Time taken: 7.35 seconds
SAT

=> TOTAL COMPLETION TIME (Makespan / UB): 1614
Schedule is valid
 Time taken: 7.48 seconds
SAT

=> TOTAL COMPLETION TIME (Makespan / UB): 1613
Schedule is valid
 Time taken: 7.60 seconds
SAT

=> TOTAL COMPLETION TIME (Makespan / UB): 1612
Schedule is valid
 Time taken: 7.72 seconds
SAT

=> TOTAL COMPLETION TIME (Makespan / UB): 1611
Schedule is valid
 Time taken: 7.85 seconds
SAT

=> TOTAL COMPLETION TIME (Makespan / UB): 1610
Schedule is valid
 Time taken: 7.97 seconds
SAT

=> TOTAL COMPLETION TIME (Makespan / UB): 1609
Schedule is valid
 Time taken: 8.09 seconds
SAT

=> TOTAL COMPLETION TIME (Makespan / UB): 1608
Schedule is valid
 Time taken: 8.22 seconds
SAT

=> TOTAL COMPLETION TIME (Makespan / UB): 1607
Schedule is valid
 Time taken: 8.35 seconds
SAT

=> TOTAL COMPLETION TIME (Makespan / UB): 1606
Schedule is valid
 Time taken: 8.47 seconds
SAT

=> TOTAL COMPLETION TIME (Makespan / UB): 1605
Schedule is valid
 Time taken: 8.59 seconds
SAT

=> TOTAL COMPLETION TIME (Makespan / UB): 1604
Schedule is valid
 Time taken: 8.72 seconds
SAT

=> TOTAL COMPLETION TIME (Makespan / UB): 1603
Schedule is valid
 Time taken: 8.84 seconds
SAT

=> TOTAL COMPLETION TIME (Makespan / UB): 1602
Schedule is valid
 Time taken: 8.96 seconds
SAT

=> TOTAL COMPLETION TIME (Makespan / UB): 1601
Schedule is valid
 Time taken: 9.09 seconds
SAT

=> TOTAL COMPLETION TIME (Makespan / UB): 1600
Schedule is valid
 Time taken: 9.41 seconds
SAT

=> TOTAL COMPLETION TIME (Makespan / UB): 1599
Schedule is valid
 Time taken: 9.53 seconds
SAT

=> TOTAL COMPLETION TIME (Makespan / UB): 1598
Schedule is valid
 Time taken: 9.65 seconds
SAT

=> TOTAL COMPLETION TIME (Makespan / UB): 1597
Schedule is valid
 Time taken: 9.76 seconds
SAT

=> TOTAL COMPLETION TIME (Makespan / UB): 1596
Schedule is valid
 Time taken: 9.88 seconds
SAT
[runlim] sample:		9.93 time, 10.01 real, 472 MB, 1.04 load

=> TOTAL COMPLETION TIME (Makespan / UB): 1595
Schedule is valid
 Time taken: 9.99 seconds
SAT

=> TOTAL COMPLETION TIME (Makespan / UB): 1594
Schedule is valid
 Time taken: 10.11 seconds
SAT

=> TOTAL COMPLETION TIME (Makespan / UB): 1593
Schedule is valid
 Time taken: 10.23 seconds
SAT

=> TOTAL COMPLETION TIME (Makespan / UB): 1592
Schedule is valid
 Time taken: 10.36 seconds
SAT

=> TOTAL COMPLETION TIME (Makespan / UB): 1591
Schedule is valid
 Time taken: 10.48 seconds
SAT

=> TOTAL COMPLETION TIME (Makespan / UB): 1590
Schedule is valid
 Time taken: 10.61 seconds
SAT

=> TOTAL COMPLETION TIME (Makespan / UB): 1589
Schedule is valid
 Time taken: 10.73 seconds
SAT

=> TOTAL COMPLETION TIME (Makespan / UB): 1588
Schedule is valid
 Time taken: 10.85 seconds
SAT

=> TOTAL COMPLETION TIME (Makespan / UB): 1587
Schedule is valid
 Time taken: 10.96 seconds
SAT

=> TOTAL COMPLETION TIME (Makespan / UB): 1586
Schedule is valid
 Time taken: 11.08 seconds
SAT

=> TOTAL COMPLETION TIME (Makespan / UB): 1585
Schedule is valid
 Time taken: 11.19 seconds
SAT

=> TOTAL COMPLETION TIME (Makespan / UB): 1584
Schedule is valid
 Time taken: 11.31 seconds
SAT

=> TOTAL COMPLETION TIME (Makespan / UB): 1583
Schedule is valid
 Time taken: 11.42 seconds
SAT

=> TOTAL COMPLETION TIME (Makespan / UB): 1582
Schedule is valid
 Time taken: 11.59 seconds
SAT

=> TOTAL COMPLETION TIME (Makespan / UB): 1581
Schedule is valid
 Time taken: 11.71 seconds
SAT

=> TOTAL COMPLETION TIME (Makespan / UB): 1580
Schedule is valid
 Time taken: 11.82 seconds
SAT

=> TOTAL COMPLETION TIME (Makespan / UB): 1579
Schedule is valid
 Time taken: 11.94 seconds
SAT

=> TOTAL COMPLETION TIME (Makespan / UB): 1578
Schedule is valid
 Time taken: 12.05 seconds
SAT

=> TOTAL COMPLETION TIME (Makespan / UB): 1577
Schedule is valid
 Time taken: 12.17 seconds
SAT

=> TOTAL COMPLETION TIME (Makespan / UB): 1576
Schedule is valid
 Time taken: 12.28 seconds
SAT

=> TOTAL COMPLETION TIME (Makespan / UB): 1575
Schedule is valid
 Time taken: 12.40 seconds
SAT

=> TOTAL COMPLETION TIME (Makespan / UB): 1574
Schedule is valid
 Time taken: 12.51 seconds
SAT

=> TOTAL COMPLETION TIME (Makespan / UB): 1573
Schedule is valid
 Time taken: 12.63 seconds
SAT

=> TOTAL COMPLETION TIME (Makespan / UB): 1572
Schedule is valid
 Time taken: 12.74 seconds
SAT

=> TOTAL COMPLETION TIME (Makespan / UB): 1571
Schedule is valid
 Time taken: 12.86 seconds
SAT

=> TOTAL COMPLETION TIME (Makespan / UB): 1570
Schedule is valid
 Time taken: 12.98 seconds
SAT

=> TOTAL COMPLETION TIME (Makespan / UB): 1569
Schedule is valid
 Time taken: 13.09 seconds
SAT

=> TOTAL COMPLETION TIME (Makespan / UB): 1568
Schedule is valid
 Time taken: 13.20 seconds
SAT

=> TOTAL COMPLETION TIME (Makespan / UB): 1567
Schedule is valid
 Time taken: 13.32 seconds
SAT

=> TOTAL COMPLETION TIME (Makespan / UB): 1566
Schedule is valid
 Time taken: 13.44 seconds
SAT

=> TOTAL COMPLETION TIME (Makespan / UB): 1565
Schedule is valid
 Time taken: 13.55 seconds
SAT

=> TOTAL COMPLETION TIME (Makespan / UB): 1564
Schedule is valid
 Time taken: 13.66 seconds
SAT

=> TOTAL COMPLETION TIME (Makespan / UB): 1563
Schedule is valid
 Time taken: 13.94 seconds
SAT

=> TOTAL COMPLETION TIME (Makespan / UB): 1562
Schedule is valid
 Time taken: 14.06 seconds
SAT

=> TOTAL COMPLETION TIME (Makespan / UB): 1561
Schedule is valid
 Time taken: 14.18 seconds
SAT

=> TOTAL COMPLETION TIME (Makespan / UB): 1560
Schedule is valid
 Time taken: 14.29 seconds
SAT

=> TOTAL COMPLETION TIME (Makespan / UB): 1559
Schedule is valid
 Time taken: 14.40 seconds
SAT

=> TOTAL COMPLETION TIME (Makespan / UB): 1558
Schedule is valid
 Time taken: 14.52 seconds
SAT

=> TOTAL COMPLETION TIME (Makespan / UB): 1557
Schedule is valid
 Time taken: 14.63 seconds
SAT

=> TOTAL COMPLETION TIME (Makespan / UB): 1556
Schedule is valid
 Time taken: 14.75 seconds
SAT

=> TOTAL COMPLETION TIME (Makespan / UB): 1555
Schedule is valid
 Time taken: 14.86 seconds
SAT

=> TOTAL COMPLETION TIME (Makespan / UB): 1554
Schedule is valid
 Time taken: 14.97 seconds
SAT

=> TOTAL COMPLETION TIME (Makespan / UB): 1553
Schedule is valid
 Time taken: 15.09 seconds
SAT

=> TOTAL COMPLETION TIME (Makespan / UB): 1552
Schedule is valid
 Time taken: 15.20 seconds
SAT

=> TOTAL COMPLETION TIME (Makespan / UB): 1551
Schedule is valid
 Time taken: 15.32 seconds
SAT

=> TOTAL COMPLETION TIME (Makespan / UB): 1550
Schedule is valid
 Time taken: 15.43 seconds
SAT

=> TOTAL COMPLETION TIME (Makespan / UB): 1549
Schedule is valid
 Time taken: 15.55 seconds
SAT

=> TOTAL COMPLETION TIME (Makespan / UB): 1548
Schedule is valid
 Time taken: 15.66 seconds
SAT

=> TOTAL COMPLETION TIME (Makespan / UB): 1547
Schedule is valid
 Time taken: 15.78 seconds
SAT

=> TOTAL COMPLETION TIME (Makespan / UB): 1546
Schedule is valid
 Time taken: 15.89 seconds
SAT

=> TOTAL COMPLETION TIME (Makespan / UB): 1545
Schedule is valid
 Time taken: 16.00 seconds
SAT

=> TOTAL COMPLETION TIME (Makespan / UB): 1544
Schedule is valid
 Time taken: 16.12 seconds
SAT

=> TOTAL COMPLETION TIME (Makespan / UB): 1543
Schedule is valid
 Time taken: 16.23 seconds
SAT

=> TOTAL COMPLETION TIME (Makespan / UB): 1542
Schedule is valid
 Time taken: 16.34 seconds
SAT

=> TOTAL COMPLETION TIME (Makespan / UB): 1541
Schedule is valid
 Time taken: 16.46 seconds
SAT

=> TOTAL COMPLETION TIME (Makespan / UB): 1540
Schedule is valid
 Time taken: 16.57 seconds
SAT

=> TOTAL COMPLETION TIME (Makespan / UB): 1539
Schedule is valid
 Time taken: 16.69 seconds
SAT

=> TOTAL COMPLETION TIME (Makespan / UB): 1538
Schedule is valid
 Time taken: 16.80 seconds
SAT

=> TOTAL COMPLETION TIME (Makespan / UB): 1537
Schedule is valid
 Time taken: 16.91 seconds
SAT

=> TOTAL COMPLETION TIME (Makespan / UB): 1536
Schedule is valid
 Time taken: 17.03 seconds
SAT

=> TOTAL COMPLETION TIME (Makespan / UB): 1535
Schedule is valid
 Time taken: 17.14 seconds
SAT

=> TOTAL COMPLETION TIME (Makespan / UB): 1534
Schedule is valid
 Time taken: 17.25 seconds
SAT

=> TOTAL COMPLETION TIME (Makespan / UB): 1533
Schedule is valid
 Time taken: 17.37 seconds
SAT

=> TOTAL COMPLETION TIME (Makespan / UB): 1532
Schedule is valid
 Time taken: 17.48 seconds
SAT

=> TOTAL COMPLETION TIME (Makespan / UB): 1531
Schedule is valid
 Time taken: 17.59 seconds
SAT

=> TOTAL COMPLETION TIME (Makespan / UB): 1530
Schedule is valid
 Time taken: 17.70 seconds
SAT

=> TOTAL COMPLETION TIME (Makespan / UB): 1529
Schedule is valid
 Time taken: 17.81 seconds
SAT

=> TOTAL COMPLETION TIME (Makespan / UB): 1528
Schedule is valid
 Time taken: 17.92 seconds
SAT

=> TOTAL COMPLETION TIME (Makespan / UB): 1527
Schedule is valid
 Time taken: 18.04 seconds
SAT

=> TOTAL COMPLETION TIME (Makespan / UB): 1526
Schedule is valid
 Time taken: 18.15 seconds
SAT

=> TOTAL COMPLETION TIME (Makespan / UB): 1525
Schedule is valid
 Time taken: 18.26 seconds
SAT

=> TOTAL COMPLETION TIME (Makespan / UB): 1524
Schedule is valid
 Time taken: 18.38 seconds
SAT

=> TOTAL COMPLETION TIME (Makespan / UB): 1523
Schedule is valid
 Time taken: 18.49 seconds
SAT

=> TOTAL COMPLETION TIME (Makespan / UB): 1522
Schedule is valid
 Time taken: 18.60 seconds
SAT

=> TOTAL COMPLETION TIME (Makespan / UB): 1521
Schedule is valid
 Time taken: 18.71 seconds
SAT

=> TOTAL COMPLETION TIME (Makespan / UB): 1520
Schedule is valid
 Time taken: 18.82 seconds
SAT

=> TOTAL COMPLETION TIME (Makespan / UB): 1519
Schedule is valid
 Time taken: 18.93 seconds
SAT

=> TOTAL COMPLETION TIME (Makespan / UB): 1518
Schedule is valid
 Time taken: 19.04 seconds
SAT

=> TOTAL COMPLETION TIME (Makespan / UB): 1517
Schedule is valid
 Time taken: 19.15 seconds
SAT

=> TOTAL COMPLETION TIME (Makespan / UB): 1516
Schedule is valid
 Time taken: 19.27 seconds
SAT

=> TOTAL COMPLETION TIME (Makespan / UB): 1515
Schedule is valid
 Time taken: 19.38 seconds
SAT

=> TOTAL COMPLETION TIME (Makespan / UB): 1514
Schedule is valid
 Time taken: 19.49 seconds
SAT

=> TOTAL COMPLETION TIME (Makespan / UB): 1513
Schedule is valid
 Time taken: 19.60 seconds
SAT

=> TOTAL COMPLETION TIME (Makespan / UB): 1512
Schedule is valid
 Time taken: 19.71 seconds
SAT

=> TOTAL COMPLETION TIME (Makespan / UB): 1511
Schedule is valid
 Time taken: 19.82 seconds
SAT

=> TOTAL COMPLETION TIME (Makespan / UB): 1510
Schedule is valid
 Time taken: 19.93 seconds
[runlim] sample:		19.90 time, 20.01 real, 463 MB, 1.03 load
SAT

=> TOTAL COMPLETION TIME (Makespan / UB): 1509
Schedule is valid
 Time taken: 20.04 seconds
SAT

=> TOTAL COMPLETION TIME (Makespan / UB): 1508
Schedule is valid
 Time taken: 20.15 seconds
SAT

=> TOTAL COMPLETION TIME (Makespan / UB): 1507
Schedule is valid
 Time taken: 20.26 seconds
SAT

=> TOTAL COMPLETION TIME (Makespan / UB): 1506
Schedule is valid
 Time taken: 20.37 seconds
SAT

=> TOTAL COMPLETION TIME (Makespan / UB): 1505
Schedule is valid
 Time taken: 20.48 seconds
SAT

=> TOTAL COMPLETION TIME (Makespan / UB): 1504
Schedule is valid
 Time taken: 20.59 seconds
SAT

=> TOTAL COMPLETION TIME (Makespan / UB): 1503
Schedule is valid
 Time taken: 20.70 seconds
SAT

=> TOTAL COMPLETION TIME (Makespan / UB): 1502
Schedule is valid
 Time taken: 20.81 seconds
SAT

=> TOTAL COMPLETION TIME (Makespan / UB): 1501
Schedule is valid
 Time taken: 20.92 seconds
SAT

=> TOTAL COMPLETION TIME (Makespan / UB): 1500
Schedule is valid
 Time taken: 21.03 seconds
SAT

=> TOTAL COMPLETION TIME (Makespan / UB): 1499
Schedule is valid
 Time taken: 21.14 seconds
SAT

=> TOTAL COMPLETION TIME (Makespan / UB): 1498
Schedule is valid
 Time taken: 21.25 seconds
SAT

=> TOTAL COMPLETION TIME (Makespan / UB): 1497
Schedule is valid
 Time taken: 21.36 seconds
SAT

=> TOTAL COMPLETION TIME (Makespan / UB): 1496
Schedule is valid
 Time taken: 21.47 seconds
SAT

=> TOTAL COMPLETION TIME (Makespan / UB): 1495
Schedule is valid
 Time taken: 21.58 seconds
SAT

=> TOTAL COMPLETION TIME (Makespan / UB): 1494
Schedule is valid
 Time taken: 21.69 seconds
SAT

=> TOTAL COMPLETION TIME (Makespan / UB): 1493
Schedule is valid
 Time taken: 21.79 seconds
SAT

=> TOTAL COMPLETION TIME (Makespan / UB): 1492
Schedule is valid
 Time taken: 21.91 seconds
SAT

=> TOTAL COMPLETION TIME (Makespan / UB): 1491
Schedule is valid
 Time taken: 22.02 seconds
SAT

=> TOTAL COMPLETION TIME (Makespan / UB): 1490
Schedule is valid
 Time taken: 22.13 seconds
SAT

=> TOTAL COMPLETION TIME (Makespan / UB): 1489
Schedule is valid
 Time taken: 22.24 seconds
SAT

=> TOTAL COMPLETION TIME (Makespan / UB): 1488
Schedule is valid
 Time taken: 22.35 seconds
SAT

=> TOTAL COMPLETION TIME (Makespan / UB): 1487
Schedule is valid
 Time taken: 22.46 seconds
SAT

=> TOTAL COMPLETION TIME (Makespan / UB): 1486
Schedule is valid
 Time taken: 22.57 seconds
SAT

=> TOTAL COMPLETION TIME (Makespan / UB): 1485
Schedule is valid
 Time taken: 22.67 seconds
SAT

=> TOTAL COMPLETION TIME (Makespan / UB): 1484
Schedule is valid
 Time taken: 22.79 seconds
SAT

=> TOTAL COMPLETION TIME (Makespan / UB): 1483
Schedule is valid
 Time taken: 22.89 seconds
SAT

=> TOTAL COMPLETION TIME (Makespan / UB): 1482
Schedule is valid
 Time taken: 23.00 seconds
SAT

=> TOTAL COMPLETION TIME (Makespan / UB): 1481
Schedule is valid
 Time taken: 23.10 seconds
SAT

=> TOTAL COMPLETION TIME (Makespan / UB): 1480
Schedule is valid
 Time taken: 23.21 seconds
SAT

=> TOTAL COMPLETION TIME (Makespan / UB): 1479
Schedule is valid
 Time taken: 23.32 seconds
SAT

=> TOTAL COMPLETION TIME (Makespan / UB): 1478
Schedule is valid
 Time taken: 23.42 seconds
SAT

=> TOTAL COMPLETION TIME (Makespan / UB): 1477
Schedule is valid
 Time taken: 23.53 seconds
SAT

=> TOTAL COMPLETION TIME (Makespan / UB): 1476
Schedule is valid
 Time taken: 23.63 seconds
SAT

=> TOTAL COMPLETION TIME (Makespan / UB): 1475
Schedule is valid
 Time taken: 23.74 seconds
SAT

=> TOTAL COMPLETION TIME (Makespan / UB): 1474
Schedule is valid
 Time taken: 23.85 seconds
SAT

=> TOTAL COMPLETION TIME (Makespan / UB): 1473
Schedule is valid
 Time taken: 24.33 seconds
SAT

=> TOTAL COMPLETION TIME (Makespan / UB): 1472
Schedule is valid
 Time taken: 24.44 seconds
SAT

=> TOTAL COMPLETION TIME (Makespan / UB): 1471
Schedule is valid
 Time taken: 24.54 seconds
SAT

=> TOTAL COMPLETION TIME (Makespan / UB): 1470
Schedule is valid
 Time taken: 25.22 seconds
SAT

=> TOTAL COMPLETION TIME (Makespan / UB): 1469
Schedule is valid
 Time taken: 25.34 seconds
SAT

=> TOTAL COMPLETION TIME (Makespan / UB): 1468
Schedule is valid
 Time taken: 25.44 seconds
SAT

=> TOTAL COMPLETION TIME (Makespan / UB): 1467
Schedule is valid
 Time taken: 25.54 seconds
SAT

=> TOTAL COMPLETION TIME (Makespan / UB): 1466
Schedule is valid
 Time taken: 25.64 seconds
SAT

=> TOTAL COMPLETION TIME (Makespan / UB): 1465
Schedule is valid
 Time taken: 25.74 seconds
SAT

=> TOTAL COMPLETION TIME (Makespan / UB): 1464
Schedule is valid
 Time taken: 25.84 seconds
SAT

=> TOTAL COMPLETION TIME (Makespan / UB): 1463
Schedule is valid
 Time taken: 25.94 seconds
SAT

=> TOTAL COMPLETION TIME (Makespan / UB): 1462
Schedule is valid
 Time taken: 26.04 seconds
SAT

=> TOTAL COMPLETION TIME (Makespan / UB): 1461
Schedule is valid
 Time taken: 26.14 seconds
SAT

=> TOTAL COMPLETION TIME (Makespan / UB): 1460
Schedule is valid
 Time taken: 26.24 seconds
SAT

=> TOTAL COMPLETION TIME (Makespan / UB): 1459
Schedule is valid
 Time taken: 26.34 seconds
SAT

=> TOTAL COMPLETION TIME (Makespan / UB): 1458
Schedule is valid
 Time taken: 26.44 seconds
SAT

=> TOTAL COMPLETION TIME (Makespan / UB): 1457
Schedule is valid
 Time taken: 26.54 seconds
SAT

=> TOTAL COMPLETION TIME (Makespan / UB): 1456
Schedule is valid
 Time taken: 26.64 seconds
SAT

=> TOTAL COMPLETION TIME (Makespan / UB): 1455
Schedule is valid
 Time taken: 26.74 seconds
SAT

=> TOTAL COMPLETION TIME (Makespan / UB): 1454
Schedule is valid
 Time taken: 26.84 seconds
SAT

=> TOTAL COMPLETION TIME (Makespan / UB): 1453
Schedule is valid
 Time taken: 26.94 seconds
SAT

=> TOTAL COMPLETION TIME (Makespan / UB): 1452
Schedule is valid
 Time taken: 27.04 seconds
SAT

=> TOTAL COMPLETION TIME (Makespan / UB): 1451
Schedule is valid
 Time taken: 27.14 seconds
SAT

=> TOTAL COMPLETION TIME (Makespan / UB): 1450
Schedule is valid
 Time taken: 27.24 seconds
SAT

=> TOTAL COMPLETION TIME (Makespan / UB): 1449
Schedule is valid
 Time taken: 27.41 seconds
SAT

=> TOTAL COMPLETION TIME (Makespan / UB): 1448
Schedule is valid
 Time taken: 27.50 seconds
SAT

=> TOTAL COMPLETION TIME (Makespan / UB): 1447
Schedule is valid
 Time taken: 27.60 seconds
SAT

=> TOTAL COMPLETION TIME (Makespan / UB): 1446
Schedule is valid
 Time taken: 27.69 seconds
SAT

=> TOTAL COMPLETION TIME (Makespan / UB): 1445
Schedule is valid
 Time taken: 27.79 seconds
SAT

=> TOTAL COMPLETION TIME (Makespan / UB): 1444
Schedule is valid
 Time taken: 27.88 seconds
SAT

=> TOTAL COMPLETION TIME (Makespan / UB): 1443
Schedule is valid
 Time taken: 27.98 seconds
SAT

=> TOTAL COMPLETION TIME (Makespan / UB): 1442
Schedule is valid
 Time taken: 28.07 seconds
SAT

=> TOTAL COMPLETION TIME (Makespan / UB): 1441
Schedule is valid
 Time taken: 28.16 seconds
SAT

=> TOTAL COMPLETION TIME (Makespan / UB): 1440
Schedule is valid
 Time taken: 28.26 seconds
SAT

=> TOTAL COMPLETION TIME (Makespan / UB): 1439
Schedule is valid
 Time taken: 28.35 seconds
SAT

=> TOTAL COMPLETION TIME (Makespan / UB): 1438
Schedule is valid
 Time taken: 28.45 seconds
SAT

=> TOTAL COMPLETION TIME (Makespan / UB): 1437
Schedule is valid
 Time taken: 28.54 seconds
SAT

=> TOTAL COMPLETION TIME (Makespan / UB): 1436
Schedule is valid
 Time taken: 28.63 seconds
SAT

=> TOTAL COMPLETION TIME (Makespan / UB): 1435
Schedule is valid
 Time taken: 28.73 seconds
SAT

=> TOTAL COMPLETION TIME (Makespan / UB): 1434
Schedule is valid
 Time taken: 28.82 seconds
SAT

=> TOTAL COMPLETION TIME (Makespan / UB): 1433
Schedule is valid
 Time taken: 28.92 seconds
SAT

=> TOTAL COMPLETION TIME (Makespan / UB): 1432
Schedule is valid
 Time taken: 29.01 seconds
SAT

=> TOTAL COMPLETION TIME (Makespan / UB): 1431
Schedule is valid
 Time taken: 29.10 seconds
SAT

=> TOTAL COMPLETION TIME (Makespan / UB): 1430
Schedule is valid
 Time taken: 29.19 seconds
SAT

=> TOTAL COMPLETION TIME (Makespan / UB): 1429
Schedule is valid
 Time taken: 29.29 seconds
SAT

=> TOTAL COMPLETION TIME (Makespan / UB): 1428
Schedule is valid
 Time taken: 29.38 seconds
SAT

=> TOTAL COMPLETION TIME (Makespan / UB): 1427
Schedule is valid
 Time taken: 29.47 seconds
SAT

=> TOTAL COMPLETION TIME (Makespan / UB): 1426
Schedule is valid
 Time taken: 29.56 seconds
SAT

=> TOTAL COMPLETION TIME (Makespan / UB): 1425
Schedule is valid
 Time taken: 29.66 seconds
SAT

=> TOTAL COMPLETION TIME (Makespan / UB): 1424
Schedule is valid
 Time taken: 29.75 seconds
SAT

=> TOTAL COMPLETION TIME (Makespan / UB): 1423
Schedule is valid
 Time taken: 29.84 seconds
SAT

=> TOTAL COMPLETION TIME (Makespan / UB): 1422
Schedule is valid
 Time taken: 29.93 seconds
[runlim] sample:		29.87 time, 30.01 real, 507 MB, 1.03 load
SAT

=> TOTAL COMPLETION TIME (Makespan / UB): 1421
Schedule is valid
 Time taken: 30.02 seconds
SAT

=> TOTAL COMPLETION TIME (Makespan / UB): 1420
Schedule is valid
 Time taken: 30.11 seconds
SAT

=> TOTAL COMPLETION TIME (Makespan / UB): 1419
Schedule is valid
 Time taken: 30.20 seconds
SAT

=> TOTAL COMPLETION TIME (Makespan / UB): 1418
Schedule is valid
 Time taken: 30.29 seconds
SAT

=> TOTAL COMPLETION TIME (Makespan / UB): 1417
Schedule is valid
 Time taken: 30.38 seconds
SAT

=> TOTAL COMPLETION TIME (Makespan / UB): 1416
Schedule is valid
 Time taken: 30.47 seconds
SAT

=> TOTAL COMPLETION TIME (Makespan / UB): 1415
Schedule is valid
 Time taken: 30.57 seconds
SAT

=> TOTAL COMPLETION TIME (Makespan / UB): 1414
Schedule is valid
 Time taken: 30.66 seconds
SAT

=> TOTAL COMPLETION TIME (Makespan / UB): 1413
Schedule is valid
 Time taken: 30.75 seconds
SAT

=> TOTAL COMPLETION TIME (Makespan / UB): 1412
Schedule is valid
 Time taken: 30.84 seconds
SAT

=> TOTAL COMPLETION TIME (Makespan / UB): 1411
Schedule is valid
 Time taken: 30.93 seconds
SAT

=> TOTAL COMPLETION TIME (Makespan / UB): 1410
Schedule is valid
 Time taken: 31.02 seconds
SAT

=> TOTAL COMPLETION TIME (Makespan / UB): 1409
Schedule is valid
 Time taken: 31.12 seconds
SAT

=> TOTAL COMPLETION TIME (Makespan / UB): 1408
Schedule is valid
 Time taken: 31.21 seconds
SAT

=> TOTAL COMPLETION TIME (Makespan / UB): 1407
Schedule is valid
 Time taken: 31.30 seconds
SAT

=> TOTAL COMPLETION TIME (Makespan / UB): 1406
Schedule is valid
 Time taken: 31.39 seconds
SAT

=> TOTAL COMPLETION TIME (Makespan / UB): 1405
Schedule is valid
 Time taken: 31.48 seconds
SAT

=> TOTAL COMPLETION TIME (Makespan / UB): 1404
Schedule is valid
 Time taken: 31.57 seconds
SAT

=> TOTAL COMPLETION TIME (Makespan / UB): 1403
Schedule is valid
 Time taken: 31.66 seconds
SAT

=> TOTAL COMPLETION TIME (Makespan / UB): 1402
Schedule is valid
 Time taken: 31.75 seconds
SAT

=> TOTAL COMPLETION TIME (Makespan / UB): 1401
Schedule is valid
 Time taken: 31.84 seconds
SAT

=> TOTAL COMPLETION TIME (Makespan / UB): 1400
Schedule is valid
 Time taken: 31.93 seconds
SAT

=> TOTAL COMPLETION TIME (Makespan / UB): 1399
Schedule is valid
 Time taken: 32.02 seconds
SAT

=> TOTAL COMPLETION TIME (Makespan / UB): 1398
Schedule is valid
 Time taken: 32.11 seconds
SAT

=> TOTAL COMPLETION TIME (Makespan / UB): 1397
Schedule is valid
 Time taken: 32.19 seconds
SAT

=> TOTAL COMPLETION TIME (Makespan / UB): 1396
Schedule is valid
 Time taken: 32.28 seconds
SAT

=> TOTAL COMPLETION TIME (Makespan / UB): 1395
Schedule is valid
 Time taken: 32.38 seconds
SAT

=> TOTAL COMPLETION TIME (Makespan / UB): 1394
Schedule is valid
 Time taken: 32.47 seconds
SAT

=> TOTAL COMPLETION TIME (Makespan / UB): 1393
Schedule is valid
 Time taken: 33.06 seconds
SAT

=> TOTAL COMPLETION TIME (Makespan / UB): 1392
Schedule is valid
 Time taken: 33.17 seconds
SAT

=> TOTAL COMPLETION TIME (Makespan / UB): 1391
Schedule is valid
 Time taken: 33.26 seconds
SAT

=> TOTAL COMPLETION TIME (Makespan / UB): 1390
Schedule is valid
 Time taken: 33.35 seconds
[runlim] sample:		39.85 time, 40.01 real, 534 MB, 1.02 load
SAT

=> TOTAL COMPLETION TIME (Makespan / UB): 1389
Schedule is valid
 Time taken: 40.51 seconds
SAT

=> TOTAL COMPLETION TIME (Makespan / UB): 1388
Schedule is valid
 Time taken: 41.85 seconds
SAT

=> TOTAL COMPLETION TIME (Makespan / UB): 1387
Schedule is valid
 Time taken: 42.52 seconds
SAT

=> TOTAL COMPLETION TIME (Makespan / UB): 1386
Schedule is valid
 Time taken: 43.05 seconds
SAT

=> TOTAL COMPLETION TIME (Makespan / UB): 1385
Schedule is valid
 Time taken: 43.24 seconds
SAT

=> TOTAL COMPLETION TIME (Makespan / UB): 1384
Schedule is valid
 Time taken: 43.40 seconds
SAT

=> TOTAL COMPLETION TIME (Makespan / UB): 1383
Schedule is valid
 Time taken: 43.95 seconds
SAT

=> TOTAL COMPLETION TIME (Makespan / UB): 1382
Schedule is valid
 Time taken: 44.19 seconds
SAT

=> TOTAL COMPLETION TIME (Makespan / UB): 1381
Schedule is valid
 Time taken: 44.37 seconds
SAT

=> TOTAL COMPLETION TIME (Makespan / UB): 1380
Schedule is valid
 Time taken: 44.55 seconds
SAT

=> TOTAL COMPLETION TIME (Makespan / UB): 1379
Schedule is valid
 Time taken: 45.47 seconds
SAT

=> TOTAL COMPLETION TIME (Makespan / UB): 1378
Schedule is valid
 Time taken: 46.84 seconds
SAT

=> TOTAL COMPLETION TIME (Makespan / UB): 1377
Schedule is valid
 Time taken: 47.05 seconds
SAT

=> TOTAL COMPLETION TIME (Makespan / UB): 1376
Schedule is valid
 Time taken: 49.64 seconds
[runlim] sample:		49.83 time, 50.01 real, 491 MB, 1.02 load
SAT

=> TOTAL COMPLETION TIME (Makespan / UB): 1375
Schedule is valid
 Time taken: 51.60 seconds
SAT

=> TOTAL COMPLETION TIME (Makespan / UB): 1374
Schedule is valid
 Time taken: 52.19 seconds
SAT

=> TOTAL COMPLETION TIME (Makespan / UB): 1373
Schedule is valid
 Time taken: 52.54 seconds
SAT

=> TOTAL COMPLETION TIME (Makespan / UB): 1372
Schedule is valid
 Time taken: 53.21 seconds
SAT

=> TOTAL COMPLETION TIME (Makespan / UB): 1371
Schedule is valid
 Time taken: 53.72 seconds
SAT

=> TOTAL COMPLETION TIME (Makespan / UB): 1370
Schedule is valid
 Time taken: 53.97 seconds
SAT

=> TOTAL COMPLETION TIME (Makespan / UB): 1369
Schedule is valid
 Time taken: 54.16 seconds
SAT

=> TOTAL COMPLETION TIME (Makespan / UB): 1368
Schedule is valid
 Time taken: 54.44 seconds
SAT

=> TOTAL COMPLETION TIME (Makespan / UB): 1367
Schedule is valid
 Time taken: 54.63 seconds
SAT

=> TOTAL COMPLETION TIME (Makespan / UB): 1366
Schedule is valid
 Time taken: 54.79 seconds
SAT

=> TOTAL COMPLETION TIME (Makespan / UB): 1365
Schedule is valid
 Time taken: 54.95 seconds
SAT

=> TOTAL COMPLETION TIME (Makespan / UB): 1364
Schedule is valid
 Time taken: 55.11 seconds
SAT

=> TOTAL COMPLETION TIME (Makespan / UB): 1363
Schedule is valid
 Time taken: 56.55 seconds
SAT

=> TOTAL COMPLETION TIME (Makespan / UB): 1362
Schedule is valid
 Time taken: 56.84 seconds
SAT

=> TOTAL COMPLETION TIME (Makespan / UB): 1361
Schedule is valid
 Time taken: 57.69 seconds
[runlim] sample:		59.82 time, 60.01 real, 506 MB, 1.02 load
SAT

=> TOTAL COMPLETION TIME (Makespan / UB): 1360
Schedule is valid
 Time taken: 60.02 seconds
SAT

=> TOTAL COMPLETION TIME (Makespan / UB): 1359
Schedule is valid
 Time taken: 60.45 seconds
SAT

=> TOTAL COMPLETION TIME (Makespan / UB): 1358
Schedule is valid
 Time taken: 60.63 seconds
SAT

=> TOTAL COMPLETION TIME (Makespan / UB): 1357
Schedule is valid
 Time taken: 60.81 seconds
SAT

=> TOTAL COMPLETION TIME (Makespan / UB): 1356
Schedule is valid
 Time taken: 60.97 seconds
SAT

=> TOTAL COMPLETION TIME (Makespan / UB): 1355
Schedule is valid
 Time taken: 61.13 seconds
SAT

=> TOTAL COMPLETION TIME (Makespan / UB): 1354
Schedule is valid
 Time taken: 61.29 seconds
SAT

=> TOTAL COMPLETION TIME (Makespan / UB): 1353
Schedule is valid
 Time taken: 61.44 seconds
SAT

=> TOTAL COMPLETION TIME (Makespan / UB): 1352
Schedule is valid
 Time taken: 61.60 seconds
SAT

=> TOTAL COMPLETION TIME (Makespan / UB): 1351
Schedule is valid
 Time taken: 61.76 seconds
SAT

=> TOTAL COMPLETION TIME (Makespan / UB): 1350
Schedule is valid
 Time taken: 61.91 seconds
SAT

=> TOTAL COMPLETION TIME (Makespan / UB): 1349
Schedule is valid
 Time taken: 62.65 seconds
SAT

=> TOTAL COMPLETION TIME (Makespan / UB): 1348
Schedule is valid
 Time taken: 62.99 seconds
SAT

=> TOTAL COMPLETION TIME (Makespan / UB): 1347
Schedule is valid
 Time taken: 63.20 seconds
SAT

=> TOTAL COMPLETION TIME (Makespan / UB): 1346
Schedule is valid
 Time taken: 63.53 seconds
SAT

=> TOTAL COMPLETION TIME (Makespan / UB): 1345
Schedule is valid
 Time taken: 63.68 seconds
SAT

=> TOTAL COMPLETION TIME (Makespan / UB): 1344
Schedule is valid
 Time taken: 64.29 seconds
SAT

=> TOTAL COMPLETION TIME (Makespan / UB): 1343
Schedule is valid
 Time taken: 65.18 seconds
SAT

=> TOTAL COMPLETION TIME (Makespan / UB): 1342
Schedule is valid
 Time taken: 66.51 seconds
SAT

=> TOTAL COMPLETION TIME (Makespan / UB): 1341
Schedule is valid
 Time taken: 67.20 seconds
SAT

=> TOTAL COMPLETION TIME (Makespan / UB): 1340
Schedule is valid
 Time taken: 68.19 seconds
SAT

=> TOTAL COMPLETION TIME (Makespan / UB): 1339
Schedule is valid
 Time taken: 68.83 seconds
SAT

=> TOTAL COMPLETION TIME (Makespan / UB): 1338
Schedule is valid
 Time taken: 69.01 seconds
SAT

=> TOTAL COMPLETION TIME (Makespan / UB): 1337
Schedule is valid
 Time taken: 69.19 seconds
SAT

=> TOTAL COMPLETION TIME (Makespan / UB): 1336
Schedule is valid
 Time taken: 69.34 seconds
[runlim] sample:		69.81 time, 70.01 real, 504 MB, 1.01 load
SAT

=> TOTAL COMPLETION TIME (Makespan / UB): 1335
Schedule is valid
 Time taken: 70.32 seconds
SAT

=> TOTAL COMPLETION TIME (Makespan / UB): 1334
Schedule is valid
 Time taken: 70.76 seconds
SAT

=> TOTAL COMPLETION TIME (Makespan / UB): 1333
Schedule is valid
 Time taken: 71.11 seconds
SAT

=> TOTAL COMPLETION TIME (Makespan / UB): 1332
Schedule is valid
 Time taken: 71.68 seconds
SAT

=> TOTAL COMPLETION TIME (Makespan / UB): 1331
Schedule is valid
 Time taken: 73.93 seconds
SAT

=> TOTAL COMPLETION TIME (Makespan / UB): 1330
Schedule is valid
 Time taken: 74.49 seconds
SAT

=> TOTAL COMPLETION TIME (Makespan / UB): 1329
Schedule is valid
 Time taken: 74.75 seconds
SAT

=> TOTAL COMPLETION TIME (Makespan / UB): 1328
Schedule is valid
 Time taken: 75.67 seconds
SAT

=> TOTAL COMPLETION TIME (Makespan / UB): 1327
Schedule is valid
 Time taken: 76.58 seconds
SAT

=> TOTAL COMPLETION TIME (Makespan / UB): 1326
Schedule is valid
 Time taken: 77.42 seconds
SAT

=> TOTAL COMPLETION TIME (Makespan / UB): 1325
Schedule is valid
 Time taken: 78.00 seconds
SAT

=> TOTAL COMPLETION TIME (Makespan / UB): 1324
Schedule is valid
 Time taken: 78.65 seconds
SAT

=> TOTAL COMPLETION TIME (Makespan / UB): 1323
Schedule is valid
 Time taken: 79.56 seconds
SAT

=> TOTAL COMPLETION TIME (Makespan / UB): 1322
Schedule is valid
 Time taken: 79.73 seconds
SAT

=> TOTAL COMPLETION TIME (Makespan / UB): 1321
Schedule is valid
 Time taken: 79.96 seconds
[runlim] sample:		79.80 time, 80.01 real, 472 MB, 1.01 load
SAT

=> TOTAL COMPLETION TIME (Makespan / UB): 1320
Schedule is valid
 Time taken: 80.31 seconds
SAT

=> TOTAL COMPLETION TIME (Makespan / UB): 1319
Schedule is valid
 Time taken: 81.55 seconds
SAT

=> TOTAL COMPLETION TIME (Makespan / UB): 1318
Schedule is valid
 Time taken: 81.72 seconds
SAT

=> TOTAL COMPLETION TIME (Makespan / UB): 1317
Schedule is valid
 Time taken: 82.49 seconds
SAT

=> TOTAL COMPLETION TIME (Makespan / UB): 1316
Schedule is valid
 Time taken: 83.36 seconds
SAT

=> TOTAL COMPLETION TIME (Makespan / UB): 1315
Schedule is valid
 Time taken: 84.28 seconds
SAT

=> TOTAL COMPLETION TIME (Makespan / UB): 1314
Schedule is valid
 Time taken: 84.47 seconds
SAT

=> TOTAL COMPLETION TIME (Makespan / UB): 1313
Schedule is valid
 Time taken: 84.62 seconds
SAT

=> TOTAL COMPLETION TIME (Makespan / UB): 1312
Schedule is valid
 Time taken: 84.76 seconds
SAT

=> TOTAL COMPLETION TIME (Makespan / UB): 1311
Schedule is valid
 Time taken: 84.92 seconds
SAT

=> TOTAL COMPLETION TIME (Makespan / UB): 1310
Schedule is valid
 Time taken: 85.17 seconds
SAT

=> TOTAL COMPLETION TIME (Makespan / UB): 1309
Schedule is valid
 Time taken: 85.37 seconds
SAT

=> TOTAL COMPLETION TIME (Makespan / UB): 1308
Schedule is valid
 Time taken: 85.55 seconds
SAT

=> TOTAL COMPLETION TIME (Makespan / UB): 1307
Schedule is valid
 Time taken: 85.70 seconds
SAT

=> TOTAL COMPLETION TIME (Makespan / UB): 1306
Schedule is valid
 Time taken: 85.96 seconds
SAT

=> TOTAL COMPLETION TIME (Makespan / UB): 1305
Schedule is valid
 Time taken: 86.18 seconds
SAT

=> TOTAL COMPLETION TIME (Makespan / UB): 1304
Schedule is valid
 Time taken: 86.69 seconds
SAT

=> TOTAL COMPLETION TIME (Makespan / UB): 1303
Schedule is valid
 Time taken: 87.15 seconds
SAT

=> TOTAL COMPLETION TIME (Makespan / UB): 1302
Schedule is valid
 Time taken: 89.54 seconds
[runlim] sample:		89.79 time, 90.01 real, 453 MB, 1.01 load
SAT

=> TOTAL COMPLETION TIME (Makespan / UB): 1301
Schedule is valid
 Time taken: 91.66 seconds
SAT

=> TOTAL COMPLETION TIME (Makespan / UB): 1300
Schedule is valid
 Time taken: 92.00 seconds
SAT

=> TOTAL COMPLETION TIME (Makespan / UB): 1299
Schedule is valid
 Time taken: 92.83 seconds
SAT

=> TOTAL COMPLETION TIME (Makespan / UB): 1298
Schedule is valid
 Time taken: 93.22 seconds
SAT

=> TOTAL COMPLETION TIME (Makespan / UB): 1297
Schedule is valid
 Time taken: 93.41 seconds
SAT

=> TOTAL COMPLETION TIME (Makespan / UB): 1296
Schedule is valid
 Time taken: 93.56 seconds
SAT

=> TOTAL COMPLETION TIME (Makespan / UB): 1295
Schedule is valid
 Time taken: 93.87 seconds
SAT

=> TOTAL COMPLETION TIME (Makespan / UB): 1294
Schedule is valid
 Time taken: 94.50 seconds
SAT

=> TOTAL COMPLETION TIME (Makespan / UB): 1293
Schedule is valid
 Time taken: 95.58 seconds
SAT

=> TOTAL COMPLETION TIME (Makespan / UB): 1292
Schedule is valid
 Time taken: 96.70 seconds
SAT

=> TOTAL COMPLETION TIME (Makespan / UB): 1291
Schedule is valid
 Time taken: 97.41 seconds
SAT

=> TOTAL COMPLETION TIME (Makespan / UB): 1290
Schedule is valid
 Time taken: 97.70 seconds
SAT

=> TOTAL COMPLETION TIME (Makespan / UB): 1289
Schedule is valid
 Time taken: 98.08 seconds
SAT

=> TOTAL COMPLETION TIME (Makespan / UB): 1288
Schedule is valid
 Time taken: 98.68 seconds
[runlim] sample:		99.77 time, 100.01 real, 454 MB, 1.01 load
SAT

=> TOTAL COMPLETION TIME (Makespan / UB): 1287
Schedule is valid
 Time taken: 101.48 seconds
SAT

=> TOTAL COMPLETION TIME (Makespan / UB): 1286
Schedule is valid
 Time taken: 102.12 seconds
SAT

=> TOTAL COMPLETION TIME (Makespan / UB): 1285
Schedule is valid
 Time taken: 103.21 seconds
SAT

=> TOTAL COMPLETION TIME (Makespan / UB): 1284
Schedule is valid
 Time taken: 103.87 seconds
SAT

=> TOTAL COMPLETION TIME (Makespan / UB): 1283
Schedule is valid
 Time taken: 106.70 seconds
SAT

=> TOTAL COMPLETION TIME (Makespan / UB): 1282
Schedule is valid
 Time taken: 107.13 seconds
SAT

=> TOTAL COMPLETION TIME (Makespan / UB): 1281
Schedule is valid
 Time taken: 107.85 seconds
SAT

=> TOTAL COMPLETION TIME (Makespan / UB): 1280
Schedule is valid
 Time taken: 108.31 seconds
SAT

=> TOTAL COMPLETION TIME (Makespan / UB): 1279
Schedule is valid
 Time taken: 109.20 seconds
[runlim] sample:		109.77 time, 110.01 real, 454 MB, 1.15 load
SAT

=> TOTAL COMPLETION TIME (Makespan / UB): 1278
Schedule is valid
 Time taken: 110.20 seconds
SAT

=> TOTAL COMPLETION TIME (Makespan / UB): 1277
Schedule is valid
 Time taken: 113.20 seconds
SAT

=> TOTAL COMPLETION TIME (Makespan / UB): 1276
Schedule is valid
 Time taken: 113.35 seconds
SAT

=> TOTAL COMPLETION TIME (Makespan / UB): 1275
Schedule is valid
 Time taken: 113.50 seconds
SAT

=> TOTAL COMPLETION TIME (Makespan / UB): 1274
Schedule is valid
 Time taken: 114.85 seconds
SAT

=> TOTAL COMPLETION TIME (Makespan / UB): 1273
Schedule is valid
 Time taken: 115.01 seconds
SAT

=> TOTAL COMPLETION TIME (Makespan / UB): 1272
Schedule is valid
 Time taken: 116.08 seconds
SAT

=> TOTAL COMPLETION TIME (Makespan / UB): 1271
Schedule is valid
 Time taken: 117.92 seconds
SAT

=> TOTAL COMPLETION TIME (Makespan / UB): 1270
Schedule is valid
 Time taken: 118.54 seconds
SAT

=> TOTAL COMPLETION TIME (Makespan / UB): 1269
Schedule is valid
 Time taken: 118.73 seconds
SAT

=> TOTAL COMPLETION TIME (Makespan / UB): 1268
Schedule is valid
 Time taken: 118.89 seconds
SAT

=> TOTAL COMPLETION TIME (Makespan / UB): 1267
Schedule is valid
 Time taken: 119.03 seconds
SAT

=> TOTAL COMPLETION TIME (Makespan / UB): 1266
Schedule is valid
 Time taken: 119.17 seconds
SAT

=> TOTAL COMPLETION TIME (Makespan / UB): 1265
Schedule is valid
 Time taken: 119.30 seconds
[runlim] sample:		119.76 time, 120.01 real, 473 MB, 1.13 load
SAT

=> TOTAL COMPLETION TIME (Makespan / UB): 1264
Schedule is valid
 Time taken: 120.21 seconds
SAT

=> TOTAL COMPLETION TIME (Makespan / UB): 1263
Schedule is valid
 Time taken: 121.23 seconds
SAT

=> TOTAL COMPLETION TIME (Makespan / UB): 1262
Schedule is valid
 Time taken: 122.27 seconds
SAT

=> TOTAL COMPLETION TIME (Makespan / UB): 1261
Schedule is valid
 Time taken: 123.19 seconds
SAT

=> TOTAL COMPLETION TIME (Makespan / UB): 1260
Schedule is valid
 Time taken: 123.36 seconds
SAT

=> TOTAL COMPLETION TIME (Makespan / UB): 1259
Schedule is valid
 Time taken: 123.50 seconds
SAT

=> TOTAL COMPLETION TIME (Makespan / UB): 1258
Schedule is valid
 Time taken: 123.64 seconds
SAT

=> TOTAL COMPLETION TIME (Makespan / UB): 1257
Schedule is valid
 Time taken: 128.66 seconds
SAT

=> TOTAL COMPLETION TIME (Makespan / UB): 1256
Schedule is valid
 Time taken: 128.83 seconds
SAT

=> TOTAL COMPLETION TIME (Makespan / UB): 1255
Schedule is valid
 Time taken: 128.98 seconds
SAT

=> TOTAL COMPLETION TIME (Makespan / UB): 1254
Schedule is valid
 Time taken: 129.88 seconds
[runlim] sample:		129.75 time, 130.01 real, 427 MB, 1.11 load
SAT

=> TOTAL COMPLETION TIME (Makespan / UB): 1253
Schedule is valid
 Time taken: 130.75 seconds
SAT

=> TOTAL COMPLETION TIME (Makespan / UB): 1252
Schedule is valid
 Time taken: 131.91 seconds
SAT

=> TOTAL COMPLETION TIME (Makespan / UB): 1251
Schedule is valid
 Time taken: 135.50 seconds
SAT
[runlim] sample:		139.74 time, 140.01 real, 448 MB, 1.09 load

=> TOTAL COMPLETION TIME (Makespan / UB): 1250
Schedule is valid
 Time taken: 140.01 seconds
SAT

=> TOTAL COMPLETION TIME (Makespan / UB): 1249
Schedule is valid
 Time taken: 141.14 seconds
SAT

=> TOTAL COMPLETION TIME (Makespan / UB): 1248
Schedule is valid
 Time taken: 141.31 seconds
SAT

=> TOTAL COMPLETION TIME (Makespan / UB): 1247
Schedule is valid
 Time taken: 141.45 seconds
SAT

=> TOTAL COMPLETION TIME (Makespan / UB): 1246
Schedule is valid
 Time taken: 141.59 seconds
SAT

=> TOTAL COMPLETION TIME (Makespan / UB): 1245
Schedule is valid
 Time taken: 144.29 seconds
SAT

=> TOTAL COMPLETION TIME (Makespan / UB): 1244
Schedule is valid
 Time taken: 145.91 seconds
[runlim] sample:		149.73 time, 150.01 real, 427 MB, 1.16 load
SAT

=> TOTAL COMPLETION TIME (Makespan / UB): 1243
Schedule is valid
 Time taken: 151.23 seconds
SAT

=> TOTAL COMPLETION TIME (Makespan / UB): 1242
Schedule is valid
 Time taken: 156.83 seconds
SAT

=> TOTAL COMPLETION TIME (Makespan / UB): 1241
Schedule is valid
 Time taken: 157.01 seconds
SAT

=> TOTAL COMPLETION TIME (Makespan / UB): 1240
Schedule is valid
 Time taken: 158.03 seconds
SAT

=> TOTAL COMPLETION TIME (Makespan / UB): 1239
Schedule is valid
 Time taken: 158.80 seconds
[runlim] sample:		159.73 time, 160.01 real, 427 MB, 1.21 load
SAT

=> TOTAL COMPLETION TIME (Makespan / UB): 1238
Schedule is valid
 Time taken: 163.27 seconds
SAT

=> TOTAL COMPLETION TIME (Makespan / UB): 1237
Schedule is valid
 Time taken: 165.34 seconds
SAT

=> TOTAL COMPLETION TIME (Makespan / UB): 1236
Schedule is valid
 Time taken: 169.95 seconds
[runlim] sample:		169.72 time, 170.01 real, 426 MB, 1.25 load
SAT

=> TOTAL COMPLETION TIME (Makespan / UB): 1235
Schedule is valid
 Time taken: 170.55 seconds
SAT

=> TOTAL COMPLETION TIME (Makespan / UB): 1234
Schedule is valid
 Time taken: 170.70 seconds
SAT

=> TOTAL COMPLETION TIME (Makespan / UB): 1233
Schedule is valid
 Time taken: 171.94 seconds
SAT

=> TOTAL COMPLETION TIME (Makespan / UB): 1232
Schedule is valid
 Time taken: 172.09 seconds
SAT

=> TOTAL COMPLETION TIME (Makespan / UB): 1231
Schedule is valid
 Time taken: 172.23 seconds
SAT

=> TOTAL COMPLETION TIME (Makespan / UB): 1230
Schedule is valid
 Time taken: 172.55 seconds
SAT

=> TOTAL COMPLETION TIME (Makespan / UB): 1229
Schedule is valid
 Time taken: 172.67 seconds
SAT

=> TOTAL COMPLETION TIME (Makespan / UB): 1228
Schedule is valid
 Time taken: 174.04 seconds
SAT

=> TOTAL COMPLETION TIME (Makespan / UB): 1227
Schedule is valid
 Time taken: 178.72 seconds
[runlim] sample:		179.71 time, 180.01 real, 426 MB, 1.29 load
SAT

=> TOTAL COMPLETION TIME (Makespan / UB): 1226
Schedule is valid
 Time taken: 183.05 seconds
SAT

=> TOTAL COMPLETION TIME (Makespan / UB): 1225
Schedule is valid
 Time taken: 184.05 seconds
SAT

=> TOTAL COMPLETION TIME (Makespan / UB): 1224
Schedule is valid
 Time taken: 185.27 seconds
SAT

=> TOTAL COMPLETION TIME (Makespan / UB): 1223
Schedule is valid
 Time taken: 186.33 seconds
[runlim] sample:		189.71 time, 190.01 real, 421 MB, 1.32 load
SAT

=> TOTAL COMPLETION TIME (Makespan / UB): 1222
Schedule is valid
 Time taken: 193.63 seconds
SAT

=> TOTAL COMPLETION TIME (Makespan / UB): 1221
Schedule is valid
 Time taken: 199.26 seconds
[runlim] sample:		199.71 time, 200.01 real, 436 MB, 1.27 load
SAT

=> TOTAL COMPLETION TIME (Makespan / UB): 1220
Schedule is valid
 Time taken: 201.17 seconds
SAT

=> TOTAL COMPLETION TIME (Makespan / UB): 1219
Schedule is valid
 Time taken: 207.12 seconds
[runlim] sample:		209.70 time, 210.01 real, 468 MB, 1.31 load
SAT

=> TOTAL COMPLETION TIME (Makespan / UB): 1218
Schedule is valid
 Time taken: 212.49 seconds
SAT

=> TOTAL COMPLETION TIME (Makespan / UB): 1217
Schedule is valid
 Time taken: 214.94 seconds
[runlim] sample:		219.70 time, 220.01 real, 469 MB, 1.26 load
SAT

=> TOTAL COMPLETION TIME (Makespan / UB): 1216
Schedule is valid
 Time taken: 220.34 seconds
[runlim] sample:		229.69 time, 230.01 real, 468 MB, 1.29 load
[runlim] sample:		239.69 time, 240.01 real, 468 MB, 1.25 load
SAT

=> TOTAL COMPLETION TIME (Makespan / UB): 1215
Schedule is valid
 Time taken: 245.32 seconds
SAT

=> TOTAL COMPLETION TIME (Makespan / UB): 1214
Schedule is valid
 Time taken: 245.48 seconds
[runlim] sample:		249.68 time, 250.01 real, 468 MB, 1.29 load
SAT

=> TOTAL COMPLETION TIME (Makespan / UB): 1213
Schedule is valid
 Time taken: 253.09 seconds
[runlim] sample:		259.68 time, 260.01 real, 468 MB, 1.24 load
SAT

=> TOTAL COMPLETION TIME (Makespan / UB): 1212
Schedule is valid
 Time taken: 260.02 seconds
SAT

=> TOTAL COMPLETION TIME (Makespan / UB): 1211
Schedule is valid
 Time taken: 260.18 seconds
SAT

=> TOTAL COMPLETION TIME (Makespan / UB): 1210
Schedule is valid
 Time taken: 264.02 seconds
[runlim] sample:		269.67 time, 270.01 real, 469 MB, 1.21 load
SAT

=> TOTAL COMPLETION TIME (Makespan / UB): 1209
Schedule is valid
 Time taken: 270.53 seconds
SAT

=> TOTAL COMPLETION TIME (Makespan / UB): 1208
Schedule is valid
 Time taken: 270.69 seconds
SAT

=> TOTAL COMPLETION TIME (Makespan / UB): 1207
Schedule is valid
 Time taken: 275.10 seconds
[runlim] sample:		279.67 time, 280.01 real, 467 MB, 1.17 load
SAT

=> TOTAL COMPLETION TIME (Makespan / UB): 1206
Schedule is valid
 Time taken: 281.82 seconds
[runlim] sample:		289.66 time, 290.01 real, 420 MB, 1.15 load
SAT

=> TOTAL COMPLETION TIME (Makespan / UB): 1205
Schedule is valid
 Time taken: 290.25 seconds
SAT

=> TOTAL COMPLETION TIME (Makespan / UB): 1204
Schedule is valid
 Time taken: 290.41 seconds
SAT

=> TOTAL COMPLETION TIME (Makespan / UB): 1203
Schedule is valid
 Time taken: 296.53 seconds
SAT

=> TOTAL COMPLETION TIME (Makespan / UB): 1202
Schedule is valid
 Time taken: 296.69 seconds
SAT

=> TOTAL COMPLETION TIME (Makespan / UB): 1201
Schedule is valid
 Time taken: 299.07 seconds
SAT

=> TOTAL COMPLETION TIME (Makespan / UB): 1200
Schedule is valid
 Time taken: 299.22 seconds
[runlim] sample:		299.66 time, 300.01 real, 420 MB, 1.12 load
SAT

=> TOTAL COMPLETION TIME (Makespan / UB): 1199
Schedule is valid
 Time taken: 303.98 seconds
[runlim] sample:		309.65 time, 310.01 real, 420 MB, 1.10 load
SAT

=> TOTAL COMPLETION TIME (Makespan / UB): 1198
Schedule is valid
 Time taken: 312.00 seconds
SAT

=> TOTAL COMPLETION TIME (Makespan / UB): 1197
Schedule is valid
 Time taken: 313.59 seconds
[runlim] sample:		319.65 time, 320.01 real, 420 MB, 1.09 load
SAT

=> TOTAL COMPLETION TIME (Makespan / UB): 1196
Schedule is valid
 Time taken: 321.06 seconds
SAT

=> TOTAL COMPLETION TIME (Makespan / UB): 1195
Schedule is valid
 Time taken: 327.78 seconds
[runlim] sample:		329.65 time, 330.01 real, 452 MB, 1.07 load
SAT

=> TOTAL COMPLETION TIME (Makespan / UB): 1194
Schedule is valid
 Time taken: 334.12 seconds
[runlim] sample:		339.64 time, 340.01 real, 452 MB, 1.14 load
SAT

=> TOTAL COMPLETION TIME (Makespan / UB): 1193
Schedule is valid
 Time taken: 343.73 seconds
[runlim] sample:		349.63 time, 350.01 real, 435 MB, 1.12 load
[runlim] sample:		359.63 time, 360.01 real, 435 MB, 1.10 load
[runlim] sample:		369.63 time, 370.01 real, 467 MB, 1.08 load
SAT

=> TOTAL COMPLETION TIME (Makespan / UB): 1192
Schedule is valid
 Time taken: 375.53 seconds
SAT

=> TOTAL COMPLETION TIME (Makespan / UB): 1191
Schedule is valid
 Time taken: 375.68 seconds
SAT

=> TOTAL COMPLETION TIME (Makespan / UB): 1190
Schedule is valid
 Time taken: 377.48 seconds
[runlim] sample:		379.63 time, 380.01 real, 467 MB, 1.07 load
SAT

=> TOTAL COMPLETION TIME (Makespan / UB): 1189
Schedule is valid
 Time taken: 384.48 seconds
[runlim] sample:		389.62 time, 390.01 real, 437 MB, 1.06 load
SAT

=> TOTAL COMPLETION TIME (Makespan / UB): 1188
Schedule is valid
 Time taken: 391.47 seconds
SAT

=> TOTAL COMPLETION TIME (Makespan / UB): 1187
Schedule is valid
 Time taken: 391.64 seconds
SAT

=> TOTAL COMPLETION TIME (Makespan / UB): 1186
Schedule is valid
 Time taken: 391.77 seconds
[runlim] sample:		399.62 time, 400.01 real, 437 MB, 1.05 load
[runlim] sample:		409.61 time, 410.01 real, 470 MB, 1.04 load
[runlim] sample:		419.61 time, 420.01 real, 470 MB, 1.04 load
[runlim] sample:		429.60 time, 430.01 real, 437 MB, 1.03 load
SAT

=> TOTAL COMPLETION TIME (Makespan / UB): 1185
Schedule is valid
 Time taken: 430.34 seconds
SAT

=> TOTAL COMPLETION TIME (Makespan / UB): 1184
Schedule is valid
 Time taken: 438.54 seconds
[runlim] sample:		439.60 time, 440.01 real, 437 MB, 1.02 load
SAT

=> TOTAL COMPLETION TIME (Makespan / UB): 1183
Schedule is valid
 Time taken: 440.23 seconds
SAT

=> TOTAL COMPLETION TIME (Makespan / UB): 1182
Schedule is valid
 Time taken: 447.15 seconds
[runlim] sample:		449.59 time, 450.01 real, 438 MB, 1.10 load
SAT

=> TOTAL COMPLETION TIME (Makespan / UB): 1181
Schedule is valid
 Time taken: 455.65 seconds
SAT

=> TOTAL COMPLETION TIME (Makespan / UB): 1180
Schedule is valid
 Time taken: 457.12 seconds
[runlim] sample:		459.59 time, 460.01 real, 470 MB, 1.17 load
SAT

=> TOTAL COMPLETION TIME (Makespan / UB): 1179
Schedule is valid
 Time taken: 463.62 seconds
[runlim] sample:		469.59 time, 470.01 real, 470 MB, 1.14 load
[runlim] sample:		479.58 time, 480.01 real, 437 MB, 1.12 load
[runlim] sample:		489.58 time, 490.01 real, 437 MB, 1.10 load
[runlim] sample:		499.57 time, 500.01 real, 437 MB, 1.08 load
SAT

=> TOTAL COMPLETION TIME (Makespan / UB): 1178
Schedule is valid
 Time taken: 505.06 seconds
SAT

=> TOTAL COMPLETION TIME (Makespan / UB): 1177
Schedule is valid
 Time taken: 507.72 seconds
[runlim] sample:		509.57 time, 510.01 real, 406 MB, 1.07 load
SAT

=> TOTAL COMPLETION TIME (Makespan / UB): 1176
Schedule is valid
 Time taken: 516.47 seconds
SAT

=> TOTAL COMPLETION TIME (Makespan / UB): 1175
Schedule is valid
 Time taken: 516.63 seconds
SAT

=> TOTAL COMPLETION TIME (Makespan / UB): 1174
Schedule is valid
 Time taken: 516.78 seconds
[runlim] sample:		519.56 time, 520.01 real, 420 MB, 1.06 load
[runlim] sample:		529.56 time, 530.01 real, 421 MB, 1.05 load
[runlim] sample:		539.56 time, 540.01 real, 421 MB, 1.04 load
SAT

=> TOTAL COMPLETION TIME (Makespan / UB): 1173
Schedule is valid
 Time taken: 547.42 seconds
[runlim] sample:		549.55 time, 550.01 real, 421 MB, 1.03 load
SAT

=> TOTAL COMPLETION TIME (Makespan / UB): 1172
Schedule is valid
 Time taken: 555.40 seconds
[runlim] sample:		559.55 time, 560.01 real, 406 MB, 1.03 load
SAT

=> TOTAL COMPLETION TIME (Makespan / UB): 1171
Schedule is valid
 Time taken: 562.44 seconds
SAT

=> TOTAL COMPLETION TIME (Makespan / UB): 1170
Schedule is valid
 Time taken: 563.93 seconds
[runlim] sample:		569.54 time, 570.01 real, 406 MB, 1.02 load
SAT

=> TOTAL COMPLETION TIME (Makespan / UB): 1169
Schedule is valid
 Time taken: 573.89 seconds
SAT

=> TOTAL COMPLETION TIME (Makespan / UB): 1168
Schedule is valid
 Time taken: 574.03 seconds
[runlim] sample:		579.54 time, 580.01 real, 437 MB, 1.02 load
[runlim] sample:		589.54 time, 590.01 real, 437 MB, 1.02 load
[runlim] sample:		599.53 time, 600.01 real, 437 MB, 1.01 load
[runlim] end:			Sun May  3 07:51:00 2026
[runlim] status:		out of time
[runlim] result:		2
[runlim] children:		1
[runlim] processes:		2
[runlim] real:			601.06 seconds
[runlim] time:			599.53 seconds
[runlim] space:			585 MB
[runlim] load:			1.35 maximum
[runlim] samples:		6000
