[runlim] version:		2.0.0rc12
[runlim] host:			ap-Precision-7550
[runlim] time limit:		311040000 seconds
[runlim] real time limit:	600 seconds
[runlim] space limit:		15624 MB
[runlim] argv[0]:		python3
[runlim] argv[1]:		-u
[runlim] argv[2]:		main.py
[runlim] argv[3]:		datasets/hurink/edata/orb2.txt
[runlim] start:			Sun May  3 11:13:33 2026
[runlim] child:			6369
Greedy Schedule UB: 1216
Building constraints took 0.72 seconds.
SAT

=> TOTAL COMPLETION TIME (Makespan / UB): 1215
Schedule is valid
 Time taken: 0.77 seconds
SAT

=> TOTAL COMPLETION TIME (Makespan / UB): 1214
Schedule is valid
 Time taken: 0.85 seconds
SAT

=> TOTAL COMPLETION TIME (Makespan / UB): 1213
Schedule is valid
 Time taken: 0.89 seconds
SAT

=> TOTAL COMPLETION TIME (Makespan / UB): 1212
Schedule is valid
 Time taken: 1.04 seconds
SAT

=> TOTAL COMPLETION TIME (Makespan / UB): 1211
Schedule is valid
 Time taken: 1.09 seconds
SAT

=> TOTAL COMPLETION TIME (Makespan / UB): 1210
Schedule is valid
 Time taken: 1.14 seconds
SAT

=> TOTAL COMPLETION TIME (Makespan / UB): 1209
Schedule is valid
 Time taken: 1.18 seconds
SAT

=> TOTAL COMPLETION TIME (Makespan / UB): 1208
Schedule is valid
 Time taken: 1.23 seconds
SAT

=> TOTAL COMPLETION TIME (Makespan / UB): 1207
Schedule is valid
 Time taken: 1.27 seconds
SAT

=> TOTAL COMPLETION TIME (Makespan / UB): 1206
Schedule is valid
 Time taken: 1.32 seconds
SAT

=> TOTAL COMPLETION TIME (Makespan / UB): 1205
Schedule is valid
 Time taken: 1.36 seconds
SAT

=> TOTAL COMPLETION TIME (Makespan / UB): 1204
Schedule is valid
 Time taken: 1.41 seconds
SAT

=> TOTAL COMPLETION TIME (Makespan / UB): 1203
Schedule is valid
 Time taken: 1.45 seconds
SAT

=> TOTAL COMPLETION TIME (Makespan / UB): 1202
Schedule is valid
 Time taken: 1.50 seconds
SAT

=> TOTAL COMPLETION TIME (Makespan / UB): 1201
Schedule is valid
 Time taken: 1.54 seconds
SAT

=> TOTAL COMPLETION TIME (Makespan / UB): 1200
Schedule is valid
 Time taken: 1.59 seconds
SAT

=> TOTAL COMPLETION TIME (Makespan / UB): 1199
Schedule is valid
 Time taken: 1.63 seconds
SAT

=> TOTAL COMPLETION TIME (Makespan / UB): 1198
Schedule is valid
 Time taken: 1.68 seconds
SAT

=> TOTAL COMPLETION TIME (Makespan / UB): 1197
Schedule is valid
 Time taken: 1.72 seconds
SAT

=> TOTAL COMPLETION TIME (Makespan / UB): 1196
Schedule is valid
 Time taken: 1.77 seconds
SAT

=> TOTAL COMPLETION TIME (Makespan / UB): 1195
Schedule is valid
 Time taken: 1.81 seconds
SAT

=> TOTAL COMPLETION TIME (Makespan / UB): 1194
Schedule is valid
 Time taken: 1.86 seconds
SAT

=> TOTAL COMPLETION TIME (Makespan / UB): 1193
Schedule is valid
 Time taken: 1.90 seconds
SAT

=> TOTAL COMPLETION TIME (Makespan / UB): 1192
Schedule is valid
 Time taken: 1.94 seconds
SAT

=> TOTAL COMPLETION TIME (Makespan / UB): 1191
Schedule is valid
 Time taken: 1.99 seconds
SAT

=> TOTAL COMPLETION TIME (Makespan / UB): 1190
Schedule is valid
 Time taken: 2.03 seconds
SAT

=> TOTAL COMPLETION TIME (Makespan / UB): 1189
Schedule is valid
 Time taken: 2.09 seconds
SAT

=> TOTAL COMPLETION TIME (Makespan / UB): 1188
Schedule is valid
 Time taken: 2.17 seconds
SAT

=> TOTAL COMPLETION TIME (Makespan / UB): 1187
Schedule is valid
 Time taken: 2.22 seconds
SAT

=> TOTAL COMPLETION TIME (Makespan / UB): 1186
Schedule is valid
 Time taken: 2.26 seconds
SAT

=> TOTAL COMPLETION TIME (Makespan / UB): 1185
Schedule is valid
 Time taken: 2.31 seconds
SAT

=> TOTAL COMPLETION TIME (Makespan / UB): 1184
Schedule is valid
 Time taken: 2.35 seconds
SAT

=> TOTAL COMPLETION TIME (Makespan / UB): 1183
Schedule is valid
 Time taken: 2.39 seconds
SAT

=> TOTAL COMPLETION TIME (Makespan / UB): 1182
Schedule is valid
 Time taken: 2.44 seconds
SAT

=> TOTAL COMPLETION TIME (Makespan / UB): 1181
Schedule is valid
 Time taken: 2.48 seconds
SAT

=> TOTAL COMPLETION TIME (Makespan / UB): 1180
Schedule is valid
 Time taken: 2.53 seconds
SAT

=> TOTAL COMPLETION TIME (Makespan / UB): 1179
Schedule is valid
 Time taken: 2.57 seconds
SAT

=> TOTAL COMPLETION TIME (Makespan / UB): 1178
Schedule is valid
 Time taken: 2.61 seconds
SAT

=> TOTAL COMPLETION TIME (Makespan / UB): 1177
Schedule is valid
 Time taken: 2.66 seconds
SAT

=> TOTAL COMPLETION TIME (Makespan / UB): 1176
Schedule is valid
 Time taken: 2.70 seconds
SAT

=> TOTAL COMPLETION TIME (Makespan / UB): 1175
Schedule is valid
 Time taken: 2.75 seconds
SAT

=> TOTAL COMPLETION TIME (Makespan / UB): 1174
Schedule is valid
 Time taken: 2.79 seconds
SAT

=> TOTAL COMPLETION TIME (Makespan / UB): 1173
Schedule is valid
 Time taken: 2.84 seconds
SAT

=> TOTAL COMPLETION TIME (Makespan / UB): 1172
Schedule is valid
 Time taken: 2.88 seconds
SAT

=> TOTAL COMPLETION TIME (Makespan / UB): 1171
Schedule is valid
 Time taken: 2.92 seconds
SAT

=> TOTAL COMPLETION TIME (Makespan / UB): 1170
Schedule is valid
 Time taken: 2.97 seconds
SAT

=> TOTAL COMPLETION TIME (Makespan / UB): 1169
Schedule is valid
 Time taken: 3.01 seconds
SAT

=> TOTAL COMPLETION TIME (Makespan / UB): 1168
Schedule is valid
 Time taken: 3.05 seconds
SAT

=> TOTAL COMPLETION TIME (Makespan / UB): 1167
Schedule is valid
 Time taken: 3.09 seconds
SAT

=> TOTAL COMPLETION TIME (Makespan / UB): 1166
Schedule is valid
 Time taken: 3.14 seconds
SAT

=> TOTAL COMPLETION TIME (Makespan / UB): 1165
Schedule is valid
 Time taken: 3.18 seconds
SAT

=> TOTAL COMPLETION TIME (Makespan / UB): 1164
Schedule is valid
 Time taken: 3.22 seconds
SAT

=> TOTAL COMPLETION TIME (Makespan / UB): 1163
Schedule is valid
 Time taken: 3.26 seconds
SAT

=> TOTAL COMPLETION TIME (Makespan / UB): 1162
Schedule is valid
 Time taken: 3.31 seconds
SAT

=> TOTAL COMPLETION TIME (Makespan / UB): 1161
Schedule is valid
 Time taken: 3.35 seconds
SAT

=> TOTAL COMPLETION TIME (Makespan / UB): 1160
Schedule is valid
 Time taken: 3.39 seconds
SAT

=> TOTAL COMPLETION TIME (Makespan / UB): 1159
Schedule is valid
 Time taken: 3.44 seconds
SAT

=> TOTAL COMPLETION TIME (Makespan / UB): 1158
Schedule is valid
 Time taken: 3.48 seconds
SAT

=> TOTAL COMPLETION TIME (Makespan / UB): 1157
Schedule is valid
 Time taken: 3.52 seconds
SAT

=> TOTAL COMPLETION TIME (Makespan / UB): 1156
Schedule is valid
 Time taken: 3.56 seconds
SAT

=> TOTAL COMPLETION TIME (Makespan / UB): 1155
Schedule is valid
 Time taken: 3.60 seconds
SAT

=> TOTAL COMPLETION TIME (Makespan / UB): 1154
Schedule is valid
 Time taken: 3.64 seconds
SAT

=> TOTAL COMPLETION TIME (Makespan / UB): 1153
Schedule is valid
 Time taken: 3.67 seconds
SAT

=> TOTAL COMPLETION TIME (Makespan / UB): 1152
Schedule is valid
 Time taken: 3.71 seconds
SAT

=> TOTAL COMPLETION TIME (Makespan / UB): 1151
Schedule is valid
 Time taken: 3.75 seconds
SAT

=> TOTAL COMPLETION TIME (Makespan / UB): 1150
Schedule is valid
 Time taken: 3.79 seconds
SAT

=> TOTAL COMPLETION TIME (Makespan / UB): 1149
Schedule is valid
 Time taken: 3.83 seconds
SAT

=> TOTAL COMPLETION TIME (Makespan / UB): 1148
Schedule is valid
 Time taken: 3.87 seconds
SAT

=> TOTAL COMPLETION TIME (Makespan / UB): 1147
Schedule is valid
 Time taken: 3.91 seconds
SAT

=> TOTAL COMPLETION TIME (Makespan / UB): 1146
Schedule is valid
 Time taken: 3.95 seconds
SAT

=> TOTAL COMPLETION TIME (Makespan / UB): 1145
Schedule is valid
 Time taken: 3.98 seconds
SAT

=> TOTAL COMPLETION TIME (Makespan / UB): 1144
Schedule is valid
 Time taken: 4.04 seconds
SAT

=> TOTAL COMPLETION TIME (Makespan / UB): 1143
Schedule is valid
 Time taken: 4.08 seconds
SAT

=> TOTAL COMPLETION TIME (Makespan / UB): 1142
Schedule is valid
 Time taken: 4.12 seconds
SAT

=> TOTAL COMPLETION TIME (Makespan / UB): 1141
Schedule is valid
 Time taken: 4.15 seconds
SAT

=> TOTAL COMPLETION TIME (Makespan / UB): 1140
Schedule is valid
 Time taken: 4.20 seconds
SAT

=> TOTAL COMPLETION TIME (Makespan / UB): 1139
Schedule is valid
 Time taken: 4.23 seconds
SAT

=> TOTAL COMPLETION TIME (Makespan / UB): 1138
Schedule is valid
 Time taken: 4.27 seconds
SAT

=> TOTAL COMPLETION TIME (Makespan / UB): 1137
Schedule is valid
 Time taken: 4.31 seconds
SAT

=> TOTAL COMPLETION TIME (Makespan / UB): 1136
Schedule is valid
 Time taken: 4.35 seconds
SAT

=> TOTAL COMPLETION TIME (Makespan / UB): 1135
Schedule is valid
 Time taken: 4.38 seconds
SAT

=> TOTAL COMPLETION TIME (Makespan / UB): 1134
Schedule is valid
 Time taken: 4.42 seconds
SAT

=> TOTAL COMPLETION TIME (Makespan / UB): 1133
Schedule is valid
 Time taken: 4.46 seconds
SAT

=> TOTAL COMPLETION TIME (Makespan / UB): 1132
Schedule is valid
 Time taken: 4.50 seconds
SAT

=> TOTAL COMPLETION TIME (Makespan / UB): 1131
Schedule is valid
 Time taken: 4.53 seconds
SAT

=> TOTAL COMPLETION TIME (Makespan / UB): 1130
Schedule is valid
 Time taken: 4.57 seconds
SAT

=> TOTAL COMPLETION TIME (Makespan / UB): 1129
Schedule is valid
 Time taken: 4.61 seconds
SAT

=> TOTAL COMPLETION TIME (Makespan / UB): 1128
Schedule is valid
 Time taken: 4.65 seconds
SAT

=> TOTAL COMPLETION TIME (Makespan / UB): 1127
Schedule is valid
 Time taken: 4.68 seconds
SAT

=> TOTAL COMPLETION TIME (Makespan / UB): 1126
Schedule is valid
 Time taken: 4.72 seconds
SAT

=> TOTAL COMPLETION TIME (Makespan / UB): 1125
Schedule is valid
 Time taken: 4.76 seconds
SAT

=> TOTAL COMPLETION TIME (Makespan / UB): 1124
Schedule is valid
 Time taken: 4.80 seconds
SAT

=> TOTAL COMPLETION TIME (Makespan / UB): 1123
Schedule is valid
 Time taken: 4.84 seconds
SAT

=> TOTAL COMPLETION TIME (Makespan / UB): 1122
Schedule is valid
 Time taken: 4.87 seconds
SAT

=> TOTAL COMPLETION TIME (Makespan / UB): 1121
Schedule is valid
 Time taken: 4.91 seconds
SAT

=> TOTAL COMPLETION TIME (Makespan / UB): 1120
Schedule is valid
 Time taken: 4.96 seconds
SAT

=> TOTAL COMPLETION TIME (Makespan / UB): 1119
Schedule is valid
 Time taken: 5.00 seconds
SAT

=> TOTAL COMPLETION TIME (Makespan / UB): 1118
Schedule is valid
 Time taken: 5.04 seconds
SAT

=> TOTAL COMPLETION TIME (Makespan / UB): 1117
Schedule is valid
 Time taken: 5.07 seconds
SAT

=> TOTAL COMPLETION TIME (Makespan / UB): 1116
Schedule is valid
 Time taken: 5.11 seconds
SAT

=> TOTAL COMPLETION TIME (Makespan / UB): 1115
Schedule is valid
 Time taken: 5.15 seconds
SAT

=> TOTAL COMPLETION TIME (Makespan / UB): 1114
Schedule is valid
 Time taken: 5.19 seconds
SAT

=> TOTAL COMPLETION TIME (Makespan / UB): 1113
Schedule is valid
 Time taken: 5.22 seconds
SAT

=> TOTAL COMPLETION TIME (Makespan / UB): 1112
Schedule is valid
 Time taken: 5.26 seconds
SAT

=> TOTAL COMPLETION TIME (Makespan / UB): 1111
Schedule is valid
 Time taken: 5.30 seconds
SAT

=> TOTAL COMPLETION TIME (Makespan / UB): 1110
Schedule is valid
 Time taken: 5.34 seconds
SAT

=> TOTAL COMPLETION TIME (Makespan / UB): 1109
Schedule is valid
 Time taken: 5.37 seconds
SAT

=> TOTAL COMPLETION TIME (Makespan / UB): 1108
Schedule is valid
 Time taken: 5.41 seconds
SAT

=> TOTAL COMPLETION TIME (Makespan / UB): 1107
Schedule is valid
 Time taken: 5.44 seconds
SAT

=> TOTAL COMPLETION TIME (Makespan / UB): 1106
Schedule is valid
 Time taken: 5.47 seconds
SAT

=> TOTAL COMPLETION TIME (Makespan / UB): 1105
Schedule is valid
 Time taken: 5.51 seconds
SAT

=> TOTAL COMPLETION TIME (Makespan / UB): 1104
Schedule is valid
 Time taken: 5.55 seconds
SAT

=> TOTAL COMPLETION TIME (Makespan / UB): 1103
Schedule is valid
 Time taken: 5.58 seconds
SAT

=> TOTAL COMPLETION TIME (Makespan / UB): 1102
Schedule is valid
 Time taken: 5.62 seconds
SAT

=> TOTAL COMPLETION TIME (Makespan / UB): 1101
Schedule is valid
 Time taken: 5.66 seconds
SAT

=> TOTAL COMPLETION TIME (Makespan / UB): 1100
Schedule is valid
 Time taken: 5.69 seconds
SAT

=> TOTAL COMPLETION TIME (Makespan / UB): 1099
Schedule is valid
 Time taken: 5.73 seconds
SAT

=> TOTAL COMPLETION TIME (Makespan / UB): 1098
Schedule is valid
 Time taken: 5.76 seconds
SAT

=> TOTAL COMPLETION TIME (Makespan / UB): 1097
Schedule is valid
 Time taken: 5.80 seconds
SAT

=> TOTAL COMPLETION TIME (Makespan / UB): 1096
Schedule is valid
 Time taken: 5.83 seconds
SAT

=> TOTAL COMPLETION TIME (Makespan / UB): 1095
Schedule is valid
 Time taken: 5.87 seconds
SAT

=> TOTAL COMPLETION TIME (Makespan / UB): 1094
Schedule is valid
 Time taken: 5.90 seconds
SAT

=> TOTAL COMPLETION TIME (Makespan / UB): 1093
Schedule is valid
 Time taken: 5.94 seconds
SAT

=> TOTAL COMPLETION TIME (Makespan / UB): 1092
Schedule is valid
 Time taken: 5.97 seconds
SAT

=> TOTAL COMPLETION TIME (Makespan / UB): 1091
Schedule is valid
 Time taken: 6.00 seconds
SAT

=> TOTAL COMPLETION TIME (Makespan / UB): 1090
Schedule is valid
 Time taken: 6.04 seconds
SAT

=> TOTAL COMPLETION TIME (Makespan / UB): 1089
Schedule is valid
 Time taken: 6.07 seconds
SAT

=> TOTAL COMPLETION TIME (Makespan / UB): 1088
Schedule is valid
 Time taken: 6.10 seconds
SAT

=> TOTAL COMPLETION TIME (Makespan / UB): 1087
Schedule is valid
 Time taken: 6.14 seconds
SAT

=> TOTAL COMPLETION TIME (Makespan / UB): 1086
Schedule is valid
 Time taken: 6.17 seconds
SAT

=> TOTAL COMPLETION TIME (Makespan / UB): 1085
Schedule is valid
 Time taken: 6.20 seconds
SAT

=> TOTAL COMPLETION TIME (Makespan / UB): 1084
Schedule is valid
 Time taken: 6.24 seconds
SAT

=> TOTAL COMPLETION TIME (Makespan / UB): 1083
Schedule is valid
 Time taken: 6.27 seconds
SAT

=> TOTAL COMPLETION TIME (Makespan / UB): 1082
Schedule is valid
 Time taken: 6.31 seconds
SAT

=> TOTAL COMPLETION TIME (Makespan / UB): 1081
Schedule is valid
 Time taken: 6.34 seconds
SAT

=> TOTAL COMPLETION TIME (Makespan / UB): 1080
Schedule is valid
 Time taken: 6.37 seconds
SAT

=> TOTAL COMPLETION TIME (Makespan / UB): 1079
Schedule is valid
 Time taken: 6.41 seconds
SAT

=> TOTAL COMPLETION TIME (Makespan / UB): 1078
Schedule is valid
 Time taken: 6.44 seconds
SAT

=> TOTAL COMPLETION TIME (Makespan / UB): 1077
Schedule is valid
 Time taken: 6.47 seconds
SAT

=> TOTAL COMPLETION TIME (Makespan / UB): 1076
Schedule is valid
 Time taken: 6.61 seconds
SAT

=> TOTAL COMPLETION TIME (Makespan / UB): 1075
Schedule is valid
 Time taken: 6.65 seconds
SAT

=> TOTAL COMPLETION TIME (Makespan / UB): 1074
Schedule is valid
 Time taken: 6.69 seconds
SAT

=> TOTAL COMPLETION TIME (Makespan / UB): 1073
Schedule is valid
 Time taken: 6.73 seconds
SAT

=> TOTAL COMPLETION TIME (Makespan / UB): 1072
Schedule is valid
 Time taken: 6.76 seconds
SAT

=> TOTAL COMPLETION TIME (Makespan / UB): 1071
Schedule is valid
 Time taken: 6.80 seconds
SAT

=> TOTAL COMPLETION TIME (Makespan / UB): 1070
Schedule is valid
 Time taken: 6.83 seconds
SAT

=> TOTAL COMPLETION TIME (Makespan / UB): 1069
Schedule is valid
 Time taken: 6.87 seconds
SAT

=> TOTAL COMPLETION TIME (Makespan / UB): 1068
Schedule is valid
 Time taken: 6.90 seconds
SAT

=> TOTAL COMPLETION TIME (Makespan / UB): 1067
Schedule is valid
 Time taken: 6.93 seconds
SAT

=> TOTAL COMPLETION TIME (Makespan / UB): 1066
Schedule is valid
 Time taken: 6.97 seconds
SAT

=> TOTAL COMPLETION TIME (Makespan / UB): 1065
Schedule is valid
 Time taken: 7.00 seconds
SAT

=> TOTAL COMPLETION TIME (Makespan / UB): 1064
Schedule is valid
 Time taken: 7.03 seconds
SAT

=> TOTAL COMPLETION TIME (Makespan / UB): 1063
Schedule is valid
 Time taken: 7.07 seconds
SAT

=> TOTAL COMPLETION TIME (Makespan / UB): 1062
Schedule is valid
 Time taken: 7.10 seconds
SAT

=> TOTAL COMPLETION TIME (Makespan / UB): 1061
Schedule is valid
 Time taken: 7.14 seconds
SAT

=> TOTAL COMPLETION TIME (Makespan / UB): 1060
Schedule is valid
 Time taken: 7.17 seconds
SAT

=> TOTAL COMPLETION TIME (Makespan / UB): 1059
Schedule is valid
 Time taken: 7.20 seconds
SAT

=> TOTAL COMPLETION TIME (Makespan / UB): 1058
Schedule is valid
 Time taken: 7.24 seconds
SAT

=> TOTAL COMPLETION TIME (Makespan / UB): 1057
Schedule is valid
 Time taken: 7.28 seconds
SAT

=> TOTAL COMPLETION TIME (Makespan / UB): 1056
Schedule is valid
 Time taken: 7.31 seconds
SAT

=> TOTAL COMPLETION TIME (Makespan / UB): 1055
Schedule is valid
 Time taken: 7.35 seconds
SAT

=> TOTAL COMPLETION TIME (Makespan / UB): 1054
Schedule is valid
 Time taken: 7.38 seconds
SAT

=> TOTAL COMPLETION TIME (Makespan / UB): 1053
Schedule is valid
 Time taken: 7.41 seconds
SAT

=> TOTAL COMPLETION TIME (Makespan / UB): 1052
Schedule is valid
 Time taken: 7.44 seconds
SAT

=> TOTAL COMPLETION TIME (Makespan / UB): 1051
Schedule is valid
 Time taken: 7.48 seconds
SAT

=> TOTAL COMPLETION TIME (Makespan / UB): 1050
Schedule is valid
 Time taken: 7.51 seconds
SAT

=> TOTAL COMPLETION TIME (Makespan / UB): 1049
Schedule is valid
 Time taken: 7.54 seconds
SAT

=> TOTAL COMPLETION TIME (Makespan / UB): 1048
Schedule is valid
 Time taken: 7.58 seconds
SAT

=> TOTAL COMPLETION TIME (Makespan / UB): 1047
Schedule is valid
 Time taken: 7.61 seconds
SAT

=> TOTAL COMPLETION TIME (Makespan / UB): 1046
Schedule is valid
 Time taken: 7.64 seconds
SAT

=> TOTAL COMPLETION TIME (Makespan / UB): 1045
Schedule is valid
 Time taken: 7.67 seconds
SAT

=> TOTAL COMPLETION TIME (Makespan / UB): 1044
Schedule is valid
 Time taken: 7.71 seconds
SAT

=> TOTAL COMPLETION TIME (Makespan / UB): 1043
Schedule is valid
 Time taken: 7.74 seconds
SAT

=> TOTAL COMPLETION TIME (Makespan / UB): 1042
Schedule is valid
 Time taken: 7.77 seconds
SAT

=> TOTAL COMPLETION TIME (Makespan / UB): 1041
Schedule is valid
 Time taken: 7.80 seconds
SAT

=> TOTAL COMPLETION TIME (Makespan / UB): 1040
Schedule is valid
 Time taken: 7.83 seconds
SAT

=> TOTAL COMPLETION TIME (Makespan / UB): 1039
Schedule is valid
 Time taken: 7.87 seconds
SAT

=> TOTAL COMPLETION TIME (Makespan / UB): 1038
Schedule is valid
 Time taken: 7.90 seconds
SAT

=> TOTAL COMPLETION TIME (Makespan / UB): 1037
Schedule is valid
 Time taken: 7.94 seconds
SAT

=> TOTAL COMPLETION TIME (Makespan / UB): 1036
Schedule is valid
 Time taken: 8.09 seconds
SAT

=> TOTAL COMPLETION TIME (Makespan / UB): 1035
Schedule is valid
 Time taken: 8.12 seconds
SAT

=> TOTAL COMPLETION TIME (Makespan / UB): 1034
Schedule is valid
 Time taken: 8.15 seconds
SAT

=> TOTAL COMPLETION TIME (Makespan / UB): 1033
Schedule is valid
 Time taken: 8.19 seconds
SAT

=> TOTAL COMPLETION TIME (Makespan / UB): 1032
Schedule is valid
 Time taken: 8.22 seconds
SAT

=> TOTAL COMPLETION TIME (Makespan / UB): 1031
Schedule is valid
 Time taken: 8.25 seconds
SAT

=> TOTAL COMPLETION TIME (Makespan / UB): 1030
Schedule is valid
 Time taken: 8.28 seconds
SAT

=> TOTAL COMPLETION TIME (Makespan / UB): 1029
Schedule is valid
 Time taken: 8.31 seconds
SAT

=> TOTAL COMPLETION TIME (Makespan / UB): 1028
Schedule is valid
 Time taken: 8.35 seconds
SAT

=> TOTAL COMPLETION TIME (Makespan / UB): 1027
Schedule is valid
 Time taken: 8.38 seconds
SAT

=> TOTAL COMPLETION TIME (Makespan / UB): 1026
Schedule is valid
 Time taken: 8.41 seconds
SAT

=> TOTAL COMPLETION TIME (Makespan / UB): 1025
Schedule is valid
 Time taken: 8.44 seconds
SAT

=> TOTAL COMPLETION TIME (Makespan / UB): 1024
Schedule is valid
 Time taken: 8.47 seconds
SAT

=> TOTAL COMPLETION TIME (Makespan / UB): 1023
Schedule is valid
 Time taken: 8.51 seconds
SAT

=> TOTAL COMPLETION TIME (Makespan / UB): 1022
Schedule is valid
 Time taken: 8.54 seconds
SAT

=> TOTAL COMPLETION TIME (Makespan / UB): 1021
Schedule is valid
 Time taken: 8.57 seconds
SAT

=> TOTAL COMPLETION TIME (Makespan / UB): 1020
Schedule is valid
 Time taken: 8.61 seconds
SAT

=> TOTAL COMPLETION TIME (Makespan / UB): 1019
Schedule is valid
 Time taken: 8.64 seconds
SAT

=> TOTAL COMPLETION TIME (Makespan / UB): 1018
Schedule is valid
 Time taken: 8.67 seconds
SAT

=> TOTAL COMPLETION TIME (Makespan / UB): 1017
Schedule is valid
 Time taken: 8.70 seconds
SAT

=> TOTAL COMPLETION TIME (Makespan / UB): 1016
Schedule is valid
 Time taken: 8.73 seconds
SAT

=> TOTAL COMPLETION TIME (Makespan / UB): 1015
Schedule is valid
 Time taken: 8.76 seconds
SAT

=> TOTAL COMPLETION TIME (Makespan / UB): 1014
Schedule is valid
 Time taken: 8.79 seconds
SAT

=> TOTAL COMPLETION TIME (Makespan / UB): 1013
Schedule is valid
 Time taken: 8.82 seconds
SAT

=> TOTAL COMPLETION TIME (Makespan / UB): 1012
Schedule is valid
 Time taken: 8.85 seconds
SAT

=> TOTAL COMPLETION TIME (Makespan / UB): 1011
Schedule is valid
 Time taken: 8.88 seconds
SAT

=> TOTAL COMPLETION TIME (Makespan / UB): 1010
Schedule is valid
 Time taken: 8.91 seconds
SAT

=> TOTAL COMPLETION TIME (Makespan / UB): 1009
Schedule is valid
 Time taken: 8.94 seconds
SAT

=> TOTAL COMPLETION TIME (Makespan / UB): 1008
Schedule is valid
 Time taken: 8.97 seconds
SAT

=> TOTAL COMPLETION TIME (Makespan / UB): 1007
Schedule is valid
 Time taken: 9.00 seconds
SAT

=> TOTAL COMPLETION TIME (Makespan / UB): 1006
Schedule is valid
 Time taken: 9.03 seconds
SAT

=> TOTAL COMPLETION TIME (Makespan / UB): 1005
Schedule is valid
 Time taken: 9.06 seconds
SAT

=> TOTAL COMPLETION TIME (Makespan / UB): 1004
Schedule is valid
 Time taken: 9.09 seconds
SAT

=> TOTAL COMPLETION TIME (Makespan / UB): 1003
Schedule is valid
 Time taken: 9.11 seconds
SAT

=> TOTAL COMPLETION TIME (Makespan / UB): 1002
Schedule is valid
 Time taken: 9.14 seconds
SAT

=> TOTAL COMPLETION TIME (Makespan / UB): 1001
Schedule is valid
 Time taken: 9.17 seconds
SAT

=> TOTAL COMPLETION TIME (Makespan / UB): 1000
Schedule is valid
 Time taken: 9.20 seconds
SAT

=> TOTAL COMPLETION TIME (Makespan / UB): 999
Schedule is valid
 Time taken: 9.23 seconds
SAT

=> TOTAL COMPLETION TIME (Makespan / UB): 998
Schedule is valid
 Time taken: 9.26 seconds
SAT

=> TOTAL COMPLETION TIME (Makespan / UB): 997
Schedule is valid
 Time taken: 9.29 seconds
SAT

=> TOTAL COMPLETION TIME (Makespan / UB): 996
Schedule is valid
 Time taken: 9.32 seconds
SAT

=> TOTAL COMPLETION TIME (Makespan / UB): 995
Schedule is valid
 Time taken: 9.35 seconds
SAT

=> TOTAL COMPLETION TIME (Makespan / UB): 994
Schedule is valid
 Time taken: 9.38 seconds
SAT

=> TOTAL COMPLETION TIME (Makespan / UB): 993
Schedule is valid
 Time taken: 9.44 seconds
SAT

=> TOTAL COMPLETION TIME (Makespan / UB): 992
Schedule is valid
 Time taken: 9.47 seconds
SAT

=> TOTAL COMPLETION TIME (Makespan / UB): 991
Schedule is valid
 Time taken: 9.50 seconds
SAT

=> TOTAL COMPLETION TIME (Makespan / UB): 990
Schedule is valid
 Time taken: 9.53 seconds
SAT

=> TOTAL COMPLETION TIME (Makespan / UB): 989
Schedule is valid
 Time taken: 9.75 seconds
SAT

=> TOTAL COMPLETION TIME (Makespan / UB): 988
Schedule is valid
 Time taken: 9.85 seconds
SAT

=> TOTAL COMPLETION TIME (Makespan / UB): 987
Schedule is valid
 Time taken: 9.88 seconds
SAT

=> TOTAL COMPLETION TIME (Makespan / UB): 986
Schedule is valid
 Time taken: 9.95 seconds
SAT

=> TOTAL COMPLETION TIME (Makespan / UB): 985
Schedule is valid
 Time taken: 9.98 seconds
[runlim] sample:		9.88 time, 10.01 real, 164 MB, 1.07 load
SAT

=> TOTAL COMPLETION TIME (Makespan / UB): 984
Schedule is valid
 Time taken: 10.01 seconds
SAT

=> TOTAL COMPLETION TIME (Makespan / UB): 983
Schedule is valid
 Time taken: 10.04 seconds
SAT

=> TOTAL COMPLETION TIME (Makespan / UB): 982
Schedule is valid
 Time taken: 10.07 seconds
SAT

=> TOTAL COMPLETION TIME (Makespan / UB): 981
Schedule is valid
 Time taken: 10.93 seconds
SAT

=> TOTAL COMPLETION TIME (Makespan / UB): 980
Schedule is valid
 Time taken: 11.15 seconds
SAT

=> TOTAL COMPLETION TIME (Makespan / UB): 979
Schedule is valid
 Time taken: 11.21 seconds
SAT

=> TOTAL COMPLETION TIME (Makespan / UB): 978
Schedule is valid
 Time taken: 11.27 seconds
SAT

=> TOTAL COMPLETION TIME (Makespan / UB): 977
Schedule is valid
 Time taken: 11.33 seconds
SAT

=> TOTAL COMPLETION TIME (Makespan / UB): 976
Schedule is valid
 Time taken: 11.38 seconds
SAT

=> TOTAL COMPLETION TIME (Makespan / UB): 975
Schedule is valid
 Time taken: 11.44 seconds
SAT

=> TOTAL COMPLETION TIME (Makespan / UB): 974
Schedule is valid
 Time taken: 11.49 seconds
SAT

=> TOTAL COMPLETION TIME (Makespan / UB): 973
Schedule is valid
 Time taken: 11.88 seconds
SAT

=> TOTAL COMPLETION TIME (Makespan / UB): 972
Schedule is valid
 Time taken: 12.02 seconds
SAT

=> TOTAL COMPLETION TIME (Makespan / UB): 971
Schedule is valid
 Time taken: 12.07 seconds
SAT

=> TOTAL COMPLETION TIME (Makespan / UB): 970
Schedule is valid
 Time taken: 12.11 seconds
SAT

=> TOTAL COMPLETION TIME (Makespan / UB): 969
Schedule is valid
 Time taken: 12.16 seconds
SAT

=> TOTAL COMPLETION TIME (Makespan / UB): 968
Schedule is valid
 Time taken: 12.21 seconds
SAT

=> TOTAL COMPLETION TIME (Makespan / UB): 967
Schedule is valid
 Time taken: 12.31 seconds
SAT

=> TOTAL COMPLETION TIME (Makespan / UB): 966
Schedule is valid
 Time taken: 12.37 seconds
SAT

=> TOTAL COMPLETION TIME (Makespan / UB): 965
Schedule is valid
 Time taken: 12.40 seconds
SAT

=> TOTAL COMPLETION TIME (Makespan / UB): 964
Schedule is valid
 Time taken: 12.44 seconds
SAT

=> TOTAL COMPLETION TIME (Makespan / UB): 963
Schedule is valid
 Time taken: 12.48 seconds
SAT

=> TOTAL COMPLETION TIME (Makespan / UB): 962
Schedule is valid
 Time taken: 12.51 seconds
SAT

=> TOTAL COMPLETION TIME (Makespan / UB): 961
Schedule is valid
 Time taken: 12.55 seconds
SAT

=> TOTAL COMPLETION TIME (Makespan / UB): 960
Schedule is valid
 Time taken: 12.59 seconds
SAT

=> TOTAL COMPLETION TIME (Makespan / UB): 959
Schedule is valid
 Time taken: 12.62 seconds
SAT

=> TOTAL COMPLETION TIME (Makespan / UB): 958
Schedule is valid
 Time taken: 12.66 seconds
SAT

=> TOTAL COMPLETION TIME (Makespan / UB): 957
Schedule is valid
 Time taken: 12.69 seconds
SAT

=> TOTAL COMPLETION TIME (Makespan / UB): 956
Schedule is valid
 Time taken: 12.73 seconds
SAT

=> TOTAL COMPLETION TIME (Makespan / UB): 955
Schedule is valid
 Time taken: 12.77 seconds
SAT

=> TOTAL COMPLETION TIME (Makespan / UB): 954
Schedule is valid
 Time taken: 12.81 seconds
SAT

=> TOTAL COMPLETION TIME (Makespan / UB): 953
Schedule is valid
 Time taken: 12.90 seconds
SAT

=> TOTAL COMPLETION TIME (Makespan / UB): 952
Schedule is valid
 Time taken: 12.96 seconds
SAT

=> TOTAL COMPLETION TIME (Makespan / UB): 951
Schedule is valid
 Time taken: 13.35 seconds
SAT

=> TOTAL COMPLETION TIME (Makespan / UB): 950
Schedule is valid
 Time taken: 13.59 seconds
SAT

=> TOTAL COMPLETION TIME (Makespan / UB): 949
Schedule is valid
 Time taken: 13.70 seconds
SAT

=> TOTAL COMPLETION TIME (Makespan / UB): 948
Schedule is valid
 Time taken: 13.75 seconds
SAT

=> TOTAL COMPLETION TIME (Makespan / UB): 947
Schedule is valid
 Time taken: 13.79 seconds
SAT

=> TOTAL COMPLETION TIME (Makespan / UB): 946
Schedule is valid
 Time taken: 13.83 seconds
SAT

=> TOTAL COMPLETION TIME (Makespan / UB): 945
Schedule is valid
 Time taken: 13.86 seconds
SAT

=> TOTAL COMPLETION TIME (Makespan / UB): 944
Schedule is valid
 Time taken: 13.92 seconds
SAT

=> TOTAL COMPLETION TIME (Makespan / UB): 943
Schedule is valid
 Time taken: 14.66 seconds
SAT

=> TOTAL COMPLETION TIME (Makespan / UB): 942
Schedule is valid
 Time taken: 14.81 seconds
SAT

=> TOTAL COMPLETION TIME (Makespan / UB): 941
Schedule is valid
 Time taken: 14.89 seconds
SAT

=> TOTAL COMPLETION TIME (Makespan / UB): 940
Schedule is valid
 Time taken: 14.94 seconds
SAT

=> TOTAL COMPLETION TIME (Makespan / UB): 939
Schedule is valid
 Time taken: 14.98 seconds
SAT

=> TOTAL COMPLETION TIME (Makespan / UB): 938
Schedule is valid
 Time taken: 15.03 seconds
SAT

=> TOTAL COMPLETION TIME (Makespan / UB): 937
Schedule is valid
 Time taken: 15.07 seconds
SAT

=> TOTAL COMPLETION TIME (Makespan / UB): 936
Schedule is valid
 Time taken: 15.16 seconds
SAT

=> TOTAL COMPLETION TIME (Makespan / UB): 935
Schedule is valid
 Time taken: 15.21 seconds
SAT

=> TOTAL COMPLETION TIME (Makespan / UB): 934
Schedule is valid
 Time taken: 15.34 seconds
SAT

=> TOTAL COMPLETION TIME (Makespan / UB): 933
Schedule is valid
 Time taken: 15.41 seconds
SAT

=> TOTAL COMPLETION TIME (Makespan / UB): 932
Schedule is valid
 Time taken: 15.46 seconds
SAT

=> TOTAL COMPLETION TIME (Makespan / UB): 931
Schedule is valid
 Time taken: 15.51 seconds
SAT

=> TOTAL COMPLETION TIME (Makespan / UB): 930
Schedule is valid
 Time taken: 15.55 seconds
SAT

=> TOTAL COMPLETION TIME (Makespan / UB): 929
Schedule is valid
 Time taken: 15.64 seconds
SAT

=> TOTAL COMPLETION TIME (Makespan / UB): 928
Schedule is valid
 Time taken: 15.68 seconds
SAT

=> TOTAL COMPLETION TIME (Makespan / UB): 927
Schedule is valid
 Time taken: 15.71 seconds
SAT

=> TOTAL COMPLETION TIME (Makespan / UB): 926
Schedule is valid
 Time taken: 15.75 seconds
SAT

=> TOTAL COMPLETION TIME (Makespan / UB): 925
Schedule is valid
 Time taken: 15.78 seconds
SAT

=> TOTAL COMPLETION TIME (Makespan / UB): 924
Schedule is valid
 Time taken: 15.82 seconds
SAT

=> TOTAL COMPLETION TIME (Makespan / UB): 923
Schedule is valid
 Time taken: 15.85 seconds
SAT

=> TOTAL COMPLETION TIME (Makespan / UB): 922
Schedule is valid
 Time taken: 15.89 seconds
SAT

=> TOTAL COMPLETION TIME (Makespan / UB): 921
Schedule is valid
 Time taken: 15.92 seconds
SAT

=> TOTAL COMPLETION TIME (Makespan / UB): 920
Schedule is valid
 Time taken: 15.96 seconds
SAT

=> TOTAL COMPLETION TIME (Makespan / UB): 919
Schedule is valid
 Time taken: 15.99 seconds
SAT

=> TOTAL COMPLETION TIME (Makespan / UB): 918
Schedule is valid
 Time taken: 16.03 seconds
SAT

=> TOTAL COMPLETION TIME (Makespan / UB): 917
Schedule is valid
 Time taken: 16.06 seconds
SAT

=> TOTAL COMPLETION TIME (Makespan / UB): 916
Schedule is valid
 Time taken: 16.09 seconds
SAT

=> TOTAL COMPLETION TIME (Makespan / UB): 915
Schedule is valid
 Time taken: 16.13 seconds
SAT

=> TOTAL COMPLETION TIME (Makespan / UB): 914
Schedule is valid
 Time taken: 16.16 seconds
SAT

=> TOTAL COMPLETION TIME (Makespan / UB): 913
Schedule is valid
 Time taken: 16.19 seconds
SAT

=> TOTAL COMPLETION TIME (Makespan / UB): 912
Schedule is valid
 Time taken: 16.23 seconds
SAT

=> TOTAL COMPLETION TIME (Makespan / UB): 911
Schedule is valid
 Time taken: 16.26 seconds
SAT

=> TOTAL COMPLETION TIME (Makespan / UB): 910
Schedule is valid
 Time taken: 16.30 seconds
SAT

=> TOTAL COMPLETION TIME (Makespan / UB): 909
Schedule is valid
 Time taken: 16.33 seconds
SAT

=> TOTAL COMPLETION TIME (Makespan / UB): 908
Schedule is valid
 Time taken: 16.37 seconds
SAT

=> TOTAL COMPLETION TIME (Makespan / UB): 907
Schedule is valid
 Time taken: 16.41 seconds
SAT

=> TOTAL COMPLETION TIME (Makespan / UB): 906
Schedule is valid
 Time taken: 16.44 seconds
SAT

=> TOTAL COMPLETION TIME (Makespan / UB): 905
Schedule is valid
 Time taken: 16.48 seconds
SAT

=> TOTAL COMPLETION TIME (Makespan / UB): 904
Schedule is valid
 Time taken: 16.52 seconds
SAT

=> TOTAL COMPLETION TIME (Makespan / UB): 903
Schedule is valid
 Time taken: 16.55 seconds
SAT

=> TOTAL COMPLETION TIME (Makespan / UB): 902
Schedule is valid
 Time taken: 16.59 seconds
SAT

=> TOTAL COMPLETION TIME (Makespan / UB): 901
Schedule is valid
 Time taken: 16.62 seconds
SAT

=> TOTAL COMPLETION TIME (Makespan / UB): 900
Schedule is valid
 Time taken: 16.66 seconds
SAT

=> TOTAL COMPLETION TIME (Makespan / UB): 899
Schedule is valid
 Time taken: 16.70 seconds
SAT

=> TOTAL COMPLETION TIME (Makespan / UB): 898
Schedule is valid
 Time taken: 16.73 seconds
SAT

=> TOTAL COMPLETION TIME (Makespan / UB): 897
Schedule is valid
 Time taken: 16.77 seconds
SAT

=> TOTAL COMPLETION TIME (Makespan / UB): 896
Schedule is valid
 Time taken: 16.80 seconds
SAT

=> TOTAL COMPLETION TIME (Makespan / UB): 895
Schedule is valid
 Time taken: 16.84 seconds
SAT

=> TOTAL COMPLETION TIME (Makespan / UB): 894
Schedule is valid
 Time taken: 17.06 seconds
SAT

=> TOTAL COMPLETION TIME (Makespan / UB): 893
Schedule is valid
 Time taken: 17.09 seconds
SAT

=> TOTAL COMPLETION TIME (Makespan / UB): 892
Schedule is valid
 Time taken: 17.49 seconds
SAT

=> TOTAL COMPLETION TIME (Makespan / UB): 891
Schedule is valid
 Time taken: 17.53 seconds
SAT

=> TOTAL COMPLETION TIME (Makespan / UB): 890
Schedule is valid
 Time taken: 19.17 seconds
SAT

=> TOTAL COMPLETION TIME (Makespan / UB): 889
Schedule is valid
 Time taken: 19.22 seconds
SAT

=> TOTAL COMPLETION TIME (Makespan / UB): 888
Schedule is valid
 Time taken: 19.56 seconds
SAT

=> TOTAL COMPLETION TIME (Makespan / UB): 887
Schedule is valid
 Time taken: 19.60 seconds
SAT

=> TOTAL COMPLETION TIME (Makespan / UB): 886
Schedule is valid
 Time taken: 19.76 seconds
[runlim] sample:		19.84 time, 20.01 real, 163 MB, 1.06 load
SAT

=> TOTAL COMPLETION TIME (Makespan / UB): 885
Schedule is valid
 Time taken: 20.07 seconds
SAT

=> TOTAL COMPLETION TIME (Makespan / UB): 884
Schedule is valid
 Time taken: 21.00 seconds
SAT

=> TOTAL COMPLETION TIME (Makespan / UB): 883
Schedule is valid
 Time taken: 21.05 seconds
SAT

=> TOTAL COMPLETION TIME (Makespan / UB): 882
Schedule is valid
 Time taken: 22.63 seconds
SAT

=> TOTAL COMPLETION TIME (Makespan / UB): 881
Schedule is valid
 Time taken: 22.68 seconds
SAT

=> TOTAL COMPLETION TIME (Makespan / UB): 880
Schedule is valid
 Time taken: 23.04 seconds
SAT

=> TOTAL COMPLETION TIME (Makespan / UB): 879
Schedule is valid
 Time taken: 24.02 seconds
SAT

=> TOTAL COMPLETION TIME (Makespan / UB): 878
Schedule is valid
 Time taken: 24.47 seconds
SAT

=> TOTAL COMPLETION TIME (Makespan / UB): 877
Schedule is valid
 Time taken: 24.95 seconds
SAT

=> TOTAL COMPLETION TIME (Makespan / UB): 876
Schedule is valid
 Time taken: 25.00 seconds
SAT

=> TOTAL COMPLETION TIME (Makespan / UB): 875
Schedule is valid
 Time taken: 25.04 seconds
SAT

=> TOTAL COMPLETION TIME (Makespan / UB): 874
Schedule is valid
 Time taken: 25.69 seconds
SAT

=> TOTAL COMPLETION TIME (Makespan / UB): 873
Schedule is valid
 Time taken: 26.04 seconds
SAT

=> TOTAL COMPLETION TIME (Makespan / UB): 872
Schedule is valid
 Time taken: 26.09 seconds
SAT

=> TOTAL COMPLETION TIME (Makespan / UB): 871
Schedule is valid
 Time taken: 26.13 seconds
SAT

=> TOTAL COMPLETION TIME (Makespan / UB): 870
Schedule is valid
 Time taken: 26.51 seconds
SAT

=> TOTAL COMPLETION TIME (Makespan / UB): 869
Schedule is valid
 Time taken: 27.01 seconds
SAT

=> TOTAL COMPLETION TIME (Makespan / UB): 868
Schedule is valid
 Time taken: 27.58 seconds
SAT

=> TOTAL COMPLETION TIME (Makespan / UB): 867
Schedule is valid
 Time taken: 27.63 seconds
SAT

=> TOTAL COMPLETION TIME (Makespan / UB): 866
Schedule is valid
 Time taken: 28.23 seconds
SAT

=> TOTAL COMPLETION TIME (Makespan / UB): 865
Schedule is valid
 Time taken: 28.55 seconds
UNSAT
status: optimal
[runlim] end:			Sun May  3 11:14:02 2026
[runlim] status:		ok
[runlim] result:		0
[runlim] children:		1
[runlim] processes:		2
[runlim] real:			28.89 seconds
[runlim] time:			28.61 seconds
[runlim] space:			189 MB
[runlim] load:			1.09 maximum
[runlim] samples:		289
