[runlim] version:		2.0.0rc12
[runlim] host:			ap-Precision-7550
[runlim] time limit:		311040000 seconds
[runlim] real time limit:	600 seconds
[runlim] space limit:		15624 MB
[runlim] argv[0]:		python3
[runlim] argv[1]:		-u
[runlim] argv[2]:		main.py
[runlim] argv[3]:		datasets/hurink/edata/orb5.txt
[runlim] start:			Sun May  3 11:17:21 2026
[runlim] child:			6395
Greedy Schedule UB: 1474
Building constraints took 1.03 seconds.
SAT

=> TOTAL COMPLETION TIME (Makespan / UB): 1473
Schedule is valid
 Time taken: 1.07 seconds
SAT

=> TOTAL COMPLETION TIME (Makespan / UB): 1472
Schedule is valid
 Time taken: 1.10 seconds
SAT

=> TOTAL COMPLETION TIME (Makespan / UB): 1471
Schedule is valid
 Time taken: 1.13 seconds
SAT

=> TOTAL COMPLETION TIME (Makespan / UB): 1470
Schedule is valid
 Time taken: 1.16 seconds
SAT

=> TOTAL COMPLETION TIME (Makespan / UB): 1469
Schedule is valid
 Time taken: 1.19 seconds
SAT

=> TOTAL COMPLETION TIME (Makespan / UB): 1468
Schedule is valid
 Time taken: 1.23 seconds
SAT

=> TOTAL COMPLETION TIME (Makespan / UB): 1467
Schedule is valid
 Time taken: 1.26 seconds
SAT

=> TOTAL COMPLETION TIME (Makespan / UB): 1466
Schedule is valid
 Time taken: 1.29 seconds
SAT

=> TOTAL COMPLETION TIME (Makespan / UB): 1465
Schedule is valid
 Time taken: 1.32 seconds
SAT

=> TOTAL COMPLETION TIME (Makespan / UB): 1464
Schedule is valid
 Time taken: 1.36 seconds
SAT

=> TOTAL COMPLETION TIME (Makespan / UB): 1463
Schedule is valid
 Time taken: 1.38 seconds
SAT

=> TOTAL COMPLETION TIME (Makespan / UB): 1462
Schedule is valid
 Time taken: 1.41 seconds
SAT

=> TOTAL COMPLETION TIME (Makespan / UB): 1461
Schedule is valid
 Time taken: 1.44 seconds
SAT

=> TOTAL COMPLETION TIME (Makespan / UB): 1460
Schedule is valid
 Time taken: 1.47 seconds
SAT

=> TOTAL COMPLETION TIME (Makespan / UB): 1459
Schedule is valid
 Time taken: 1.50 seconds
SAT

=> TOTAL COMPLETION TIME (Makespan / UB): 1458
Schedule is valid
 Time taken: 1.53 seconds
SAT

=> TOTAL COMPLETION TIME (Makespan / UB): 1457
Schedule is valid
 Time taken: 1.56 seconds
SAT

=> TOTAL COMPLETION TIME (Makespan / UB): 1456
Schedule is valid
 Time taken: 1.59 seconds
SAT

=> TOTAL COMPLETION TIME (Makespan / UB): 1455
Schedule is valid
 Time taken: 1.62 seconds
SAT

=> TOTAL COMPLETION TIME (Makespan / UB): 1454
Schedule is valid
 Time taken: 1.65 seconds
SAT

=> TOTAL COMPLETION TIME (Makespan / UB): 1453
Schedule is valid
 Time taken: 1.68 seconds
SAT

=> TOTAL COMPLETION TIME (Makespan / UB): 1452
Schedule is valid
 Time taken: 1.71 seconds
SAT

=> TOTAL COMPLETION TIME (Makespan / UB): 1451
Schedule is valid
 Time taken: 1.74 seconds
SAT

=> TOTAL COMPLETION TIME (Makespan / UB): 1450
Schedule is valid
 Time taken: 1.77 seconds
SAT

=> TOTAL COMPLETION TIME (Makespan / UB): 1449
Schedule is valid
 Time taken: 1.80 seconds
SAT

=> TOTAL COMPLETION TIME (Makespan / UB): 1448
Schedule is valid
 Time taken: 1.83 seconds
SAT

=> TOTAL COMPLETION TIME (Makespan / UB): 1447
Schedule is valid
 Time taken: 1.86 seconds
SAT

=> TOTAL COMPLETION TIME (Makespan / UB): 1446
Schedule is valid
 Time taken: 1.89 seconds
SAT

=> TOTAL COMPLETION TIME (Makespan / UB): 1445
Schedule is valid
 Time taken: 1.92 seconds
SAT

=> TOTAL COMPLETION TIME (Makespan / UB): 1444
Schedule is valid
 Time taken: 1.95 seconds
SAT

=> TOTAL COMPLETION TIME (Makespan / UB): 1443
Schedule is valid
 Time taken: 1.98 seconds
SAT

=> TOTAL COMPLETION TIME (Makespan / UB): 1442
Schedule is valid
 Time taken: 2.01 seconds
SAT

=> TOTAL COMPLETION TIME (Makespan / UB): 1441
Schedule is valid
 Time taken: 2.04 seconds
SAT

=> TOTAL COMPLETION TIME (Makespan / UB): 1440
Schedule is valid
 Time taken: 2.07 seconds
SAT

=> TOTAL COMPLETION TIME (Makespan / UB): 1439
Schedule is valid
 Time taken: 2.10 seconds
SAT

=> TOTAL COMPLETION TIME (Makespan / UB): 1438
Schedule is valid
 Time taken: 2.13 seconds
SAT

=> TOTAL COMPLETION TIME (Makespan / UB): 1437
Schedule is valid
 Time taken: 2.16 seconds
SAT

=> TOTAL COMPLETION TIME (Makespan / UB): 1436
Schedule is valid
 Time taken: 2.19 seconds
SAT

=> TOTAL COMPLETION TIME (Makespan / UB): 1435
Schedule is valid
 Time taken: 2.22 seconds
SAT

=> TOTAL COMPLETION TIME (Makespan / UB): 1434
Schedule is valid
 Time taken: 2.25 seconds
SAT

=> TOTAL COMPLETION TIME (Makespan / UB): 1433
Schedule is valid
 Time taken: 2.28 seconds
SAT

=> TOTAL COMPLETION TIME (Makespan / UB): 1432
Schedule is valid
 Time taken: 2.31 seconds
SAT

=> TOTAL COMPLETION TIME (Makespan / UB): 1431
Schedule is valid
 Time taken: 2.34 seconds
SAT

=> TOTAL COMPLETION TIME (Makespan / UB): 1430
Schedule is valid
 Time taken: 2.37 seconds
SAT

=> TOTAL COMPLETION TIME (Makespan / UB): 1429
Schedule is valid
 Time taken: 2.42 seconds
SAT

=> TOTAL COMPLETION TIME (Makespan / UB): 1428
Schedule is valid
 Time taken: 2.47 seconds
SAT

=> TOTAL COMPLETION TIME (Makespan / UB): 1427
Schedule is valid
 Time taken: 2.51 seconds
SAT

=> TOTAL COMPLETION TIME (Makespan / UB): 1426
Schedule is valid
 Time taken: 2.56 seconds
SAT

=> TOTAL COMPLETION TIME (Makespan / UB): 1425
Schedule is valid
 Time taken: 2.60 seconds
SAT

=> TOTAL COMPLETION TIME (Makespan / UB): 1424
Schedule is valid
 Time taken: 2.65 seconds
SAT

=> TOTAL COMPLETION TIME (Makespan / UB): 1423
Schedule is valid
 Time taken: 2.70 seconds
SAT

=> TOTAL COMPLETION TIME (Makespan / UB): 1422
Schedule is valid
 Time taken: 2.74 seconds
SAT

=> TOTAL COMPLETION TIME (Makespan / UB): 1421
Schedule is valid
 Time taken: 2.78 seconds
SAT

=> TOTAL COMPLETION TIME (Makespan / UB): 1420
Schedule is valid
 Time taken: 2.83 seconds
SAT

=> TOTAL COMPLETION TIME (Makespan / UB): 1419
Schedule is valid
 Time taken: 2.87 seconds
SAT

=> TOTAL COMPLETION TIME (Makespan / UB): 1418
Schedule is valid
 Time taken: 2.92 seconds
SAT

=> TOTAL COMPLETION TIME (Makespan / UB): 1417
Schedule is valid
 Time taken: 2.96 seconds
SAT

=> TOTAL COMPLETION TIME (Makespan / UB): 1416
Schedule is valid
 Time taken: 3.00 seconds
SAT

=> TOTAL COMPLETION TIME (Makespan / UB): 1415
Schedule is valid
 Time taken: 3.05 seconds
SAT

=> TOTAL COMPLETION TIME (Makespan / UB): 1414
Schedule is valid
 Time taken: 3.09 seconds
SAT

=> TOTAL COMPLETION TIME (Makespan / UB): 1413
Schedule is valid
 Time taken: 3.13 seconds
SAT

=> TOTAL COMPLETION TIME (Makespan / UB): 1412
Schedule is valid
 Time taken: 3.18 seconds
SAT

=> TOTAL COMPLETION TIME (Makespan / UB): 1411
Schedule is valid
 Time taken: 3.22 seconds
SAT

=> TOTAL COMPLETION TIME (Makespan / UB): 1410
Schedule is valid
 Time taken: 3.26 seconds
SAT

=> TOTAL COMPLETION TIME (Makespan / UB): 1409
Schedule is valid
 Time taken: 3.30 seconds
SAT

=> TOTAL COMPLETION TIME (Makespan / UB): 1408
Schedule is valid
 Time taken: 3.35 seconds
SAT

=> TOTAL COMPLETION TIME (Makespan / UB): 1407
Schedule is valid
 Time taken: 3.39 seconds
SAT

=> TOTAL COMPLETION TIME (Makespan / UB): 1406
Schedule is valid
 Time taken: 3.43 seconds
SAT

=> TOTAL COMPLETION TIME (Makespan / UB): 1405
Schedule is valid
 Time taken: 3.48 seconds
SAT

=> TOTAL COMPLETION TIME (Makespan / UB): 1404
Schedule is valid
 Time taken: 3.52 seconds
SAT

=> TOTAL COMPLETION TIME (Makespan / UB): 1403
Schedule is valid
 Time taken: 3.56 seconds
SAT

=> TOTAL COMPLETION TIME (Makespan / UB): 1402
Schedule is valid
 Time taken: 3.61 seconds
SAT

=> TOTAL COMPLETION TIME (Makespan / UB): 1401
Schedule is valid
 Time taken: 3.65 seconds
SAT

=> TOTAL COMPLETION TIME (Makespan / UB): 1400
Schedule is valid
 Time taken: 3.69 seconds
SAT

=> TOTAL COMPLETION TIME (Makespan / UB): 1399
Schedule is valid
 Time taken: 3.74 seconds
SAT

=> TOTAL COMPLETION TIME (Makespan / UB): 1398
Schedule is valid
 Time taken: 3.78 seconds
SAT

=> TOTAL COMPLETION TIME (Makespan / UB): 1397
Schedule is valid
 Time taken: 3.82 seconds
SAT

=> TOTAL COMPLETION TIME (Makespan / UB): 1396
Schedule is valid
 Time taken: 3.87 seconds
SAT

=> TOTAL COMPLETION TIME (Makespan / UB): 1395
Schedule is valid
 Time taken: 3.91 seconds
SAT

=> TOTAL COMPLETION TIME (Makespan / UB): 1394
Schedule is valid
 Time taken: 3.95 seconds
SAT

=> TOTAL COMPLETION TIME (Makespan / UB): 1393
Schedule is valid
 Time taken: 4.00 seconds
SAT

=> TOTAL COMPLETION TIME (Makespan / UB): 1392
Schedule is valid
 Time taken: 4.04 seconds
SAT

=> TOTAL COMPLETION TIME (Makespan / UB): 1391
Schedule is valid
 Time taken: 4.08 seconds
SAT

=> TOTAL COMPLETION TIME (Makespan / UB): 1390
Schedule is valid
 Time taken: 4.12 seconds
SAT

=> TOTAL COMPLETION TIME (Makespan / UB): 1389
Schedule is valid
 Time taken: 4.16 seconds
SAT

=> TOTAL COMPLETION TIME (Makespan / UB): 1388
Schedule is valid
 Time taken: 4.21 seconds
SAT

=> TOTAL COMPLETION TIME (Makespan / UB): 1387
Schedule is valid
 Time taken: 4.25 seconds
SAT

=> TOTAL COMPLETION TIME (Makespan / UB): 1386
Schedule is valid
 Time taken: 4.29 seconds
SAT

=> TOTAL COMPLETION TIME (Makespan / UB): 1385
Schedule is valid
 Time taken: 4.34 seconds
SAT

=> TOTAL COMPLETION TIME (Makespan / UB): 1384
Schedule is valid
 Time taken: 4.38 seconds
SAT

=> TOTAL COMPLETION TIME (Makespan / UB): 1383
Schedule is valid
 Time taken: 4.42 seconds
SAT

=> TOTAL COMPLETION TIME (Makespan / UB): 1382
Schedule is valid
 Time taken: 4.46 seconds
SAT

=> TOTAL COMPLETION TIME (Makespan / UB): 1381
Schedule is valid
 Time taken: 4.51 seconds
SAT

=> TOTAL COMPLETION TIME (Makespan / UB): 1380
Schedule is valid
 Time taken: 4.55 seconds
SAT

=> TOTAL COMPLETION TIME (Makespan / UB): 1379
Schedule is valid
 Time taken: 4.59 seconds
SAT

=> TOTAL COMPLETION TIME (Makespan / UB): 1378
Schedule is valid
 Time taken: 4.63 seconds
SAT

=> TOTAL COMPLETION TIME (Makespan / UB): 1377
Schedule is valid
 Time taken: 4.67 seconds
SAT

=> TOTAL COMPLETION TIME (Makespan / UB): 1376
Schedule is valid
 Time taken: 4.72 seconds
SAT

=> TOTAL COMPLETION TIME (Makespan / UB): 1375
Schedule is valid
 Time taken: 4.76 seconds
SAT

=> TOTAL COMPLETION TIME (Makespan / UB): 1374
Schedule is valid
 Time taken: 4.80 seconds
SAT

=> TOTAL COMPLETION TIME (Makespan / UB): 1373
Schedule is valid
 Time taken: 4.84 seconds
SAT

=> TOTAL COMPLETION TIME (Makespan / UB): 1372
Schedule is valid
 Time taken: 4.88 seconds
SAT

=> TOTAL COMPLETION TIME (Makespan / UB): 1371
Schedule is valid
 Time taken: 4.92 seconds
SAT

=> TOTAL COMPLETION TIME (Makespan / UB): 1370
Schedule is valid
 Time taken: 4.96 seconds
SAT

=> TOTAL COMPLETION TIME (Makespan / UB): 1369
Schedule is valid
 Time taken: 5.00 seconds
SAT

=> TOTAL COMPLETION TIME (Makespan / UB): 1368
Schedule is valid
 Time taken: 5.04 seconds
SAT

=> TOTAL COMPLETION TIME (Makespan / UB): 1367
Schedule is valid
 Time taken: 5.08 seconds
SAT

=> TOTAL COMPLETION TIME (Makespan / UB): 1366
Schedule is valid
 Time taken: 5.13 seconds
SAT

=> TOTAL COMPLETION TIME (Makespan / UB): 1365
Schedule is valid
 Time taken: 5.17 seconds
SAT

=> TOTAL COMPLETION TIME (Makespan / UB): 1364
Schedule is valid
 Time taken: 5.21 seconds
SAT

=> TOTAL COMPLETION TIME (Makespan / UB): 1363
Schedule is valid
 Time taken: 5.25 seconds
SAT

=> TOTAL COMPLETION TIME (Makespan / UB): 1362
Schedule is valid
 Time taken: 5.29 seconds
SAT

=> TOTAL COMPLETION TIME (Makespan / UB): 1361
Schedule is valid
 Time taken: 5.33 seconds
SAT

=> TOTAL COMPLETION TIME (Makespan / UB): 1360
Schedule is valid
 Time taken: 5.37 seconds
SAT

=> TOTAL COMPLETION TIME (Makespan / UB): 1359
Schedule is valid
 Time taken: 5.42 seconds
SAT

=> TOTAL COMPLETION TIME (Makespan / UB): 1358
Schedule is valid
 Time taken: 5.46 seconds
SAT

=> TOTAL COMPLETION TIME (Makespan / UB): 1357
Schedule is valid
 Time taken: 5.50 seconds
SAT

=> TOTAL COMPLETION TIME (Makespan / UB): 1356
Schedule is valid
 Time taken: 5.54 seconds
SAT

=> TOTAL COMPLETION TIME (Makespan / UB): 1355
Schedule is valid
 Time taken: 5.58 seconds
SAT

=> TOTAL COMPLETION TIME (Makespan / UB): 1354
Schedule is valid
 Time taken: 5.62 seconds
SAT

=> TOTAL COMPLETION TIME (Makespan / UB): 1353
Schedule is valid
 Time taken: 5.66 seconds
SAT

=> TOTAL COMPLETION TIME (Makespan / UB): 1352
Schedule is valid
 Time taken: 5.70 seconds
SAT

=> TOTAL COMPLETION TIME (Makespan / UB): 1351
Schedule is valid
 Time taken: 5.75 seconds
SAT

=> TOTAL COMPLETION TIME (Makespan / UB): 1350
Schedule is valid
 Time taken: 5.79 seconds
SAT

=> TOTAL COMPLETION TIME (Makespan / UB): 1349
Schedule is valid
 Time taken: 5.83 seconds
SAT

=> TOTAL COMPLETION TIME (Makespan / UB): 1348
Schedule is valid
 Time taken: 5.87 seconds
SAT

=> TOTAL COMPLETION TIME (Makespan / UB): 1347
Schedule is valid
 Time taken: 5.91 seconds
SAT

=> TOTAL COMPLETION TIME (Makespan / UB): 1346
Schedule is valid
 Time taken: 5.95 seconds
SAT

=> TOTAL COMPLETION TIME (Makespan / UB): 1345
Schedule is valid
 Time taken: 5.99 seconds
SAT

=> TOTAL COMPLETION TIME (Makespan / UB): 1344
Schedule is valid
 Time taken: 6.03 seconds
SAT

=> TOTAL COMPLETION TIME (Makespan / UB): 1343
Schedule is valid
 Time taken: 6.07 seconds
SAT

=> TOTAL COMPLETION TIME (Makespan / UB): 1342
Schedule is valid
 Time taken: 6.11 seconds
SAT

=> TOTAL COMPLETION TIME (Makespan / UB): 1341
Schedule is valid
 Time taken: 6.15 seconds
SAT

=> TOTAL COMPLETION TIME (Makespan / UB): 1340
Schedule is valid
 Time taken: 6.19 seconds
SAT

=> TOTAL COMPLETION TIME (Makespan / UB): 1339
Schedule is valid
 Time taken: 6.23 seconds
SAT

=> TOTAL COMPLETION TIME (Makespan / UB): 1338
Schedule is valid
 Time taken: 6.27 seconds
SAT

=> TOTAL COMPLETION TIME (Makespan / UB): 1337
Schedule is valid
 Time taken: 6.31 seconds
SAT

=> TOTAL COMPLETION TIME (Makespan / UB): 1336
Schedule is valid
 Time taken: 6.35 seconds
SAT

=> TOTAL COMPLETION TIME (Makespan / UB): 1335
Schedule is valid
 Time taken: 6.40 seconds
SAT

=> TOTAL COMPLETION TIME (Makespan / UB): 1334
Schedule is valid
 Time taken: 6.44 seconds
SAT

=> TOTAL COMPLETION TIME (Makespan / UB): 1333
Schedule is valid
 Time taken: 6.48 seconds
SAT

=> TOTAL COMPLETION TIME (Makespan / UB): 1332
Schedule is valid
 Time taken: 6.52 seconds
SAT

=> TOTAL COMPLETION TIME (Makespan / UB): 1331
Schedule is valid
 Time taken: 6.56 seconds
SAT

=> TOTAL COMPLETION TIME (Makespan / UB): 1330
Schedule is valid
 Time taken: 6.60 seconds
SAT

=> TOTAL COMPLETION TIME (Makespan / UB): 1329
Schedule is valid
 Time taken: 6.64 seconds
SAT

=> TOTAL COMPLETION TIME (Makespan / UB): 1328
Schedule is valid
 Time taken: 6.68 seconds
SAT

=> TOTAL COMPLETION TIME (Makespan / UB): 1327
Schedule is valid
 Time taken: 6.72 seconds
SAT

=> TOTAL COMPLETION TIME (Makespan / UB): 1326
Schedule is valid
 Time taken: 6.76 seconds
SAT

=> TOTAL COMPLETION TIME (Makespan / UB): 1325
Schedule is valid
 Time taken: 6.80 seconds
SAT

=> TOTAL COMPLETION TIME (Makespan / UB): 1324
Schedule is valid
 Time taken: 6.84 seconds
SAT

=> TOTAL COMPLETION TIME (Makespan / UB): 1323
Schedule is valid
 Time taken: 6.88 seconds
SAT

=> TOTAL COMPLETION TIME (Makespan / UB): 1322
Schedule is valid
 Time taken: 6.93 seconds
SAT

=> TOTAL COMPLETION TIME (Makespan / UB): 1321
Schedule is valid
 Time taken: 6.97 seconds
SAT

=> TOTAL COMPLETION TIME (Makespan / UB): 1320
Schedule is valid
 Time taken: 7.01 seconds
SAT

=> TOTAL COMPLETION TIME (Makespan / UB): 1319
Schedule is valid
 Time taken: 7.05 seconds
SAT

=> TOTAL COMPLETION TIME (Makespan / UB): 1318
Schedule is valid
 Time taken: 7.09 seconds
SAT

=> TOTAL COMPLETION TIME (Makespan / UB): 1317
Schedule is valid
 Time taken: 7.13 seconds
SAT

=> TOTAL COMPLETION TIME (Makespan / UB): 1316
Schedule is valid
 Time taken: 7.17 seconds
SAT

=> TOTAL COMPLETION TIME (Makespan / UB): 1315
Schedule is valid
 Time taken: 7.22 seconds
SAT

=> TOTAL COMPLETION TIME (Makespan / UB): 1314
Schedule is valid
 Time taken: 7.26 seconds
SAT

=> TOTAL COMPLETION TIME (Makespan / UB): 1313
Schedule is valid
 Time taken: 7.30 seconds
SAT

=> TOTAL COMPLETION TIME (Makespan / UB): 1312
Schedule is valid
 Time taken: 7.34 seconds
SAT

=> TOTAL COMPLETION TIME (Makespan / UB): 1311
Schedule is valid
 Time taken: 7.38 seconds
SAT

=> TOTAL COMPLETION TIME (Makespan / UB): 1310
Schedule is valid
 Time taken: 7.43 seconds
SAT

=> TOTAL COMPLETION TIME (Makespan / UB): 1309
Schedule is valid
 Time taken: 7.49 seconds
SAT

=> TOTAL COMPLETION TIME (Makespan / UB): 1308
Schedule is valid
 Time taken: 7.55 seconds
SAT

=> TOTAL COMPLETION TIME (Makespan / UB): 1307
Schedule is valid
 Time taken: 7.60 seconds
SAT

=> TOTAL COMPLETION TIME (Makespan / UB): 1306
Schedule is valid
 Time taken: 7.66 seconds
SAT

=> TOTAL COMPLETION TIME (Makespan / UB): 1305
Schedule is valid
 Time taken: 7.71 seconds
SAT

=> TOTAL COMPLETION TIME (Makespan / UB): 1304
Schedule is valid
 Time taken: 7.77 seconds
SAT

=> TOTAL COMPLETION TIME (Makespan / UB): 1303
Schedule is valid
 Time taken: 7.82 seconds
SAT

=> TOTAL COMPLETION TIME (Makespan / UB): 1302
Schedule is valid
 Time taken: 7.87 seconds
SAT

=> TOTAL COMPLETION TIME (Makespan / UB): 1301
Schedule is valid
 Time taken: 7.93 seconds
SAT

=> TOTAL COMPLETION TIME (Makespan / UB): 1300
Schedule is valid
 Time taken: 7.98 seconds
SAT

=> TOTAL COMPLETION TIME (Makespan / UB): 1299
Schedule is valid
 Time taken: 8.03 seconds
SAT

=> TOTAL COMPLETION TIME (Makespan / UB): 1298
Schedule is valid
 Time taken: 8.09 seconds
SAT

=> TOTAL COMPLETION TIME (Makespan / UB): 1297
Schedule is valid
 Time taken: 8.14 seconds
SAT

=> TOTAL COMPLETION TIME (Makespan / UB): 1296
Schedule is valid
 Time taken: 8.19 seconds
SAT

=> TOTAL COMPLETION TIME (Makespan / UB): 1295
Schedule is valid
 Time taken: 8.24 seconds
SAT

=> TOTAL COMPLETION TIME (Makespan / UB): 1294
Schedule is valid
 Time taken: 8.30 seconds
SAT

=> TOTAL COMPLETION TIME (Makespan / UB): 1293
Schedule is valid
 Time taken: 8.35 seconds
SAT

=> TOTAL COMPLETION TIME (Makespan / UB): 1292
Schedule is valid
 Time taken: 8.40 seconds
SAT

=> TOTAL COMPLETION TIME (Makespan / UB): 1291
Schedule is valid
 Time taken: 8.46 seconds
SAT

=> TOTAL COMPLETION TIME (Makespan / UB): 1290
Schedule is valid
 Time taken: 8.51 seconds
SAT

=> TOTAL COMPLETION TIME (Makespan / UB): 1289
Schedule is valid
 Time taken: 8.56 seconds
SAT

=> TOTAL COMPLETION TIME (Makespan / UB): 1288
Schedule is valid
 Time taken: 8.61 seconds
SAT

=> TOTAL COMPLETION TIME (Makespan / UB): 1287
Schedule is valid
 Time taken: 8.67 seconds
SAT

=> TOTAL COMPLETION TIME (Makespan / UB): 1286
Schedule is valid
 Time taken: 8.72 seconds
SAT

=> TOTAL COMPLETION TIME (Makespan / UB): 1285
Schedule is valid
 Time taken: 8.78 seconds
SAT

=> TOTAL COMPLETION TIME (Makespan / UB): 1284
Schedule is valid
 Time taken: 8.83 seconds
SAT

=> TOTAL COMPLETION TIME (Makespan / UB): 1283
Schedule is valid
 Time taken: 8.88 seconds
SAT

=> TOTAL COMPLETION TIME (Makespan / UB): 1282
Schedule is valid
 Time taken: 8.94 seconds
SAT

=> TOTAL COMPLETION TIME (Makespan / UB): 1281
Schedule is valid
 Time taken: 8.99 seconds
SAT

=> TOTAL COMPLETION TIME (Makespan / UB): 1280
Schedule is valid
 Time taken: 9.04 seconds
SAT

=> TOTAL COMPLETION TIME (Makespan / UB): 1279
Schedule is valid
 Time taken: 9.09 seconds
SAT

=> TOTAL COMPLETION TIME (Makespan / UB): 1278
Schedule is valid
 Time taken: 9.14 seconds
SAT

=> TOTAL COMPLETION TIME (Makespan / UB): 1277
Schedule is valid
 Time taken: 9.20 seconds
SAT

=> TOTAL COMPLETION TIME (Makespan / UB): 1276
Schedule is valid
 Time taken: 9.25 seconds
SAT

=> TOTAL COMPLETION TIME (Makespan / UB): 1275
Schedule is valid
 Time taken: 9.31 seconds
SAT

=> TOTAL COMPLETION TIME (Makespan / UB): 1274
Schedule is valid
 Time taken: 9.36 seconds
SAT

=> TOTAL COMPLETION TIME (Makespan / UB): 1273
Schedule is valid
 Time taken: 9.41 seconds
SAT

=> TOTAL COMPLETION TIME (Makespan / UB): 1272
Schedule is valid
 Time taken: 9.46 seconds
SAT

=> TOTAL COMPLETION TIME (Makespan / UB): 1271
Schedule is valid
 Time taken: 9.52 seconds
SAT

=> TOTAL COMPLETION TIME (Makespan / UB): 1270
Schedule is valid
 Time taken: 9.57 seconds
SAT

=> TOTAL COMPLETION TIME (Makespan / UB): 1269
Schedule is valid
 Time taken: 9.62 seconds
SAT

=> TOTAL COMPLETION TIME (Makespan / UB): 1268
Schedule is valid
 Time taken: 9.67 seconds
SAT

=> TOTAL COMPLETION TIME (Makespan / UB): 1267
Schedule is valid
 Time taken: 9.73 seconds
SAT

=> TOTAL COMPLETION TIME (Makespan / UB): 1266
Schedule is valid
 Time taken: 9.78 seconds
SAT

=> TOTAL COMPLETION TIME (Makespan / UB): 1265
Schedule is valid
 Time taken: 9.83 seconds
SAT

=> TOTAL COMPLETION TIME (Makespan / UB): 1264
Schedule is valid
 Time taken: 9.88 seconds
SAT

=> TOTAL COMPLETION TIME (Makespan / UB): 1263
Schedule is valid
 Time taken: 9.94 seconds
SAT
[runlim] sample:		9.90 time, 10.01 real, 228 MB, 1.33 load

=> TOTAL COMPLETION TIME (Makespan / UB): 1262
Schedule is valid
 Time taken: 9.99 seconds
SAT

=> TOTAL COMPLETION TIME (Makespan / UB): 1261
Schedule is valid
 Time taken: 10.04 seconds
SAT

=> TOTAL COMPLETION TIME (Makespan / UB): 1260
Schedule is valid
 Time taken: 10.10 seconds
SAT

=> TOTAL COMPLETION TIME (Makespan / UB): 1259
Schedule is valid
 Time taken: 10.15 seconds
SAT

=> TOTAL COMPLETION TIME (Makespan / UB): 1258
Schedule is valid
 Time taken: 10.20 seconds
SAT

=> TOTAL COMPLETION TIME (Makespan / UB): 1257
Schedule is valid
 Time taken: 10.25 seconds
SAT

=> TOTAL COMPLETION TIME (Makespan / UB): 1256
Schedule is valid
 Time taken: 10.31 seconds
SAT

=> TOTAL COMPLETION TIME (Makespan / UB): 1255
Schedule is valid
 Time taken: 10.36 seconds
SAT

=> TOTAL COMPLETION TIME (Makespan / UB): 1254
Schedule is valid
 Time taken: 10.41 seconds
SAT

=> TOTAL COMPLETION TIME (Makespan / UB): 1253
Schedule is valid
 Time taken: 10.46 seconds
SAT

=> TOTAL COMPLETION TIME (Makespan / UB): 1252
Schedule is valid
 Time taken: 10.51 seconds
SAT

=> TOTAL COMPLETION TIME (Makespan / UB): 1251
Schedule is valid
 Time taken: 10.56 seconds
SAT

=> TOTAL COMPLETION TIME (Makespan / UB): 1250
Schedule is valid
 Time taken: 10.62 seconds
SAT

=> TOTAL COMPLETION TIME (Makespan / UB): 1249
Schedule is valid
 Time taken: 10.67 seconds
SAT

=> TOTAL COMPLETION TIME (Makespan / UB): 1248
Schedule is valid
 Time taken: 10.72 seconds
SAT

=> TOTAL COMPLETION TIME (Makespan / UB): 1247
Schedule is valid
 Time taken: 10.77 seconds
SAT

=> TOTAL COMPLETION TIME (Makespan / UB): 1246
Schedule is valid
 Time taken: 10.82 seconds
SAT

=> TOTAL COMPLETION TIME (Makespan / UB): 1245
Schedule is valid
 Time taken: 10.87 seconds
SAT

=> TOTAL COMPLETION TIME (Makespan / UB): 1244
Schedule is valid
 Time taken: 10.93 seconds
SAT

=> TOTAL COMPLETION TIME (Makespan / UB): 1243
Schedule is valid
 Time taken: 10.98 seconds
SAT

=> TOTAL COMPLETION TIME (Makespan / UB): 1242
Schedule is valid
 Time taken: 11.03 seconds
SAT

=> TOTAL COMPLETION TIME (Makespan / UB): 1241
Schedule is valid
 Time taken: 11.08 seconds
SAT

=> TOTAL COMPLETION TIME (Makespan / UB): 1240
Schedule is valid
 Time taken: 11.13 seconds
SAT

=> TOTAL COMPLETION TIME (Makespan / UB): 1239
Schedule is valid
 Time taken: 11.18 seconds
SAT

=> TOTAL COMPLETION TIME (Makespan / UB): 1238
Schedule is valid
 Time taken: 11.23 seconds
SAT

=> TOTAL COMPLETION TIME (Makespan / UB): 1237
Schedule is valid
 Time taken: 11.28 seconds
SAT

=> TOTAL COMPLETION TIME (Makespan / UB): 1236
Schedule is valid
 Time taken: 11.33 seconds
SAT

=> TOTAL COMPLETION TIME (Makespan / UB): 1235
Schedule is valid
 Time taken: 11.39 seconds
SAT

=> TOTAL COMPLETION TIME (Makespan / UB): 1234
Schedule is valid
 Time taken: 11.44 seconds
SAT

=> TOTAL COMPLETION TIME (Makespan / UB): 1233
Schedule is valid
 Time taken: 11.49 seconds
SAT

=> TOTAL COMPLETION TIME (Makespan / UB): 1232
Schedule is valid
 Time taken: 11.54 seconds
SAT

=> TOTAL COMPLETION TIME (Makespan / UB): 1231
Schedule is valid
 Time taken: 11.59 seconds
SAT

=> TOTAL COMPLETION TIME (Makespan / UB): 1230
Schedule is valid
 Time taken: 11.64 seconds
SAT

=> TOTAL COMPLETION TIME (Makespan / UB): 1229
Schedule is valid
 Time taken: 11.69 seconds
SAT

=> TOTAL COMPLETION TIME (Makespan / UB): 1228
Schedule is valid
 Time taken: 11.75 seconds
SAT

=> TOTAL COMPLETION TIME (Makespan / UB): 1227
Schedule is valid
 Time taken: 11.80 seconds
SAT

=> TOTAL COMPLETION TIME (Makespan / UB): 1226
Schedule is valid
 Time taken: 11.86 seconds
SAT

=> TOTAL COMPLETION TIME (Makespan / UB): 1225
Schedule is valid
 Time taken: 11.91 seconds
SAT

=> TOTAL COMPLETION TIME (Makespan / UB): 1224
Schedule is valid
 Time taken: 11.96 seconds
SAT

=> TOTAL COMPLETION TIME (Makespan / UB): 1223
Schedule is valid
 Time taken: 12.01 seconds
SAT

=> TOTAL COMPLETION TIME (Makespan / UB): 1222
Schedule is valid
 Time taken: 12.07 seconds
SAT

=> TOTAL COMPLETION TIME (Makespan / UB): 1221
Schedule is valid
 Time taken: 12.12 seconds
SAT

=> TOTAL COMPLETION TIME (Makespan / UB): 1220
Schedule is valid
 Time taken: 12.17 seconds
SAT

=> TOTAL COMPLETION TIME (Makespan / UB): 1219
Schedule is valid
 Time taken: 12.22 seconds
SAT

=> TOTAL COMPLETION TIME (Makespan / UB): 1218
Schedule is valid
 Time taken: 12.27 seconds
SAT

=> TOTAL COMPLETION TIME (Makespan / UB): 1217
Schedule is valid
 Time taken: 12.33 seconds
SAT

=> TOTAL COMPLETION TIME (Makespan / UB): 1216
Schedule is valid
 Time taken: 12.38 seconds
SAT

=> TOTAL COMPLETION TIME (Makespan / UB): 1215
Schedule is valid
 Time taken: 12.43 seconds
SAT

=> TOTAL COMPLETION TIME (Makespan / UB): 1214
Schedule is valid
 Time taken: 12.48 seconds
SAT

=> TOTAL COMPLETION TIME (Makespan / UB): 1213
Schedule is valid
 Time taken: 12.54 seconds
SAT

=> TOTAL COMPLETION TIME (Makespan / UB): 1212
Schedule is valid
 Time taken: 12.59 seconds
SAT

=> TOTAL COMPLETION TIME (Makespan / UB): 1211
Schedule is valid
 Time taken: 12.64 seconds
SAT

=> TOTAL COMPLETION TIME (Makespan / UB): 1210
Schedule is valid
 Time taken: 12.69 seconds
SAT

=> TOTAL COMPLETION TIME (Makespan / UB): 1209
Schedule is valid
 Time taken: 12.75 seconds
SAT

=> TOTAL COMPLETION TIME (Makespan / UB): 1208
Schedule is valid
 Time taken: 12.80 seconds
SAT

=> TOTAL COMPLETION TIME (Makespan / UB): 1207
Schedule is valid
 Time taken: 12.85 seconds
SAT

=> TOTAL COMPLETION TIME (Makespan / UB): 1206
Schedule is valid
 Time taken: 12.90 seconds
SAT

=> TOTAL COMPLETION TIME (Makespan / UB): 1205
Schedule is valid
 Time taken: 12.96 seconds
SAT

=> TOTAL COMPLETION TIME (Makespan / UB): 1204
Schedule is valid
 Time taken: 13.01 seconds
SAT

=> TOTAL COMPLETION TIME (Makespan / UB): 1203
Schedule is valid
 Time taken: 13.06 seconds
SAT

=> TOTAL COMPLETION TIME (Makespan / UB): 1202
Schedule is valid
 Time taken: 13.12 seconds
SAT

=> TOTAL COMPLETION TIME (Makespan / UB): 1201
Schedule is valid
 Time taken: 13.17 seconds
SAT

=> TOTAL COMPLETION TIME (Makespan / UB): 1200
Schedule is valid
 Time taken: 13.22 seconds
SAT

=> TOTAL COMPLETION TIME (Makespan / UB): 1199
Schedule is valid
 Time taken: 13.28 seconds
SAT

=> TOTAL COMPLETION TIME (Makespan / UB): 1198
Schedule is valid
 Time taken: 13.33 seconds
SAT

=> TOTAL COMPLETION TIME (Makespan / UB): 1197
Schedule is valid
 Time taken: 13.39 seconds
SAT

=> TOTAL COMPLETION TIME (Makespan / UB): 1196
Schedule is valid
 Time taken: 13.45 seconds
SAT

=> TOTAL COMPLETION TIME (Makespan / UB): 1195
Schedule is valid
 Time taken: 13.51 seconds
SAT

=> TOTAL COMPLETION TIME (Makespan / UB): 1194
Schedule is valid
 Time taken: 13.56 seconds
SAT

=> TOTAL COMPLETION TIME (Makespan / UB): 1193
Schedule is valid
 Time taken: 13.62 seconds
SAT

=> TOTAL COMPLETION TIME (Makespan / UB): 1192
Schedule is valid
 Time taken: 13.68 seconds
SAT

=> TOTAL COMPLETION TIME (Makespan / UB): 1191
Schedule is valid
 Time taken: 13.73 seconds
SAT

=> TOTAL COMPLETION TIME (Makespan / UB): 1190
Schedule is valid
 Time taken: 13.79 seconds
SAT

=> TOTAL COMPLETION TIME (Makespan / UB): 1189
Schedule is valid
 Time taken: 13.85 seconds
SAT

=> TOTAL COMPLETION TIME (Makespan / UB): 1188
Schedule is valid
 Time taken: 13.90 seconds
SAT

=> TOTAL COMPLETION TIME (Makespan / UB): 1187
Schedule is valid
 Time taken: 13.96 seconds
SAT

=> TOTAL COMPLETION TIME (Makespan / UB): 1186
Schedule is valid
 Time taken: 14.02 seconds
SAT

=> TOTAL COMPLETION TIME (Makespan / UB): 1185
Schedule is valid
 Time taken: 14.08 seconds
SAT

=> TOTAL COMPLETION TIME (Makespan / UB): 1184
Schedule is valid
 Time taken: 14.13 seconds
SAT

=> TOTAL COMPLETION TIME (Makespan / UB): 1183
Schedule is valid
 Time taken: 14.19 seconds
SAT

=> TOTAL COMPLETION TIME (Makespan / UB): 1182
Schedule is valid
 Time taken: 14.25 seconds
SAT

=> TOTAL COMPLETION TIME (Makespan / UB): 1181
Schedule is valid
 Time taken: 14.31 seconds
SAT

=> TOTAL COMPLETION TIME (Makespan / UB): 1180
Schedule is valid
 Time taken: 14.36 seconds
SAT

=> TOTAL COMPLETION TIME (Makespan / UB): 1179
Schedule is valid
 Time taken: 14.42 seconds
SAT

=> TOTAL COMPLETION TIME (Makespan / UB): 1178
Schedule is valid
 Time taken: 14.47 seconds
SAT

=> TOTAL COMPLETION TIME (Makespan / UB): 1177
Schedule is valid
 Time taken: 14.53 seconds
SAT

=> TOTAL COMPLETION TIME (Makespan / UB): 1176
Schedule is valid
 Time taken: 14.59 seconds
SAT

=> TOTAL COMPLETION TIME (Makespan / UB): 1175
Schedule is valid
 Time taken: 14.64 seconds
SAT

=> TOTAL COMPLETION TIME (Makespan / UB): 1174
Schedule is valid
 Time taken: 14.70 seconds
SAT

=> TOTAL COMPLETION TIME (Makespan / UB): 1173
Schedule is valid
 Time taken: 14.76 seconds
SAT

=> TOTAL COMPLETION TIME (Makespan / UB): 1172
Schedule is valid
 Time taken: 14.81 seconds
SAT

=> TOTAL COMPLETION TIME (Makespan / UB): 1171
Schedule is valid
 Time taken: 14.87 seconds
SAT

=> TOTAL COMPLETION TIME (Makespan / UB): 1170
Schedule is valid
 Time taken: 14.93 seconds
SAT

=> TOTAL COMPLETION TIME (Makespan / UB): 1169
Schedule is valid
 Time taken: 14.98 seconds
SAT

=> TOTAL COMPLETION TIME (Makespan / UB): 1168
Schedule is valid
 Time taken: 15.04 seconds
SAT

=> TOTAL COMPLETION TIME (Makespan / UB): 1167
Schedule is valid
 Time taken: 15.09 seconds
SAT

=> TOTAL COMPLETION TIME (Makespan / UB): 1166
Schedule is valid
 Time taken: 15.15 seconds
SAT

=> TOTAL COMPLETION TIME (Makespan / UB): 1165
Schedule is valid
 Time taken: 15.20 seconds
SAT

=> TOTAL COMPLETION TIME (Makespan / UB): 1164
Schedule is valid
 Time taken: 15.26 seconds
SAT

=> TOTAL COMPLETION TIME (Makespan / UB): 1163
Schedule is valid
 Time taken: 15.32 seconds
SAT

=> TOTAL COMPLETION TIME (Makespan / UB): 1162
Schedule is valid
 Time taken: 15.37 seconds
SAT

=> TOTAL COMPLETION TIME (Makespan / UB): 1161
Schedule is valid
 Time taken: 15.43 seconds
SAT

=> TOTAL COMPLETION TIME (Makespan / UB): 1160
Schedule is valid
 Time taken: 15.48 seconds
SAT

=> TOTAL COMPLETION TIME (Makespan / UB): 1159
Schedule is valid
 Time taken: 15.54 seconds
SAT

=> TOTAL COMPLETION TIME (Makespan / UB): 1158
Schedule is valid
 Time taken: 15.59 seconds
SAT

=> TOTAL COMPLETION TIME (Makespan / UB): 1157
Schedule is valid
 Time taken: 15.65 seconds
SAT

=> TOTAL COMPLETION TIME (Makespan / UB): 1156
Schedule is valid
 Time taken: 15.70 seconds
SAT

=> TOTAL COMPLETION TIME (Makespan / UB): 1155
Schedule is valid
 Time taken: 15.76 seconds
SAT

=> TOTAL COMPLETION TIME (Makespan / UB): 1154
Schedule is valid
 Time taken: 15.82 seconds
SAT

=> TOTAL COMPLETION TIME (Makespan / UB): 1153
Schedule is valid
 Time taken: 15.87 seconds
SAT

=> TOTAL COMPLETION TIME (Makespan / UB): 1152
Schedule is valid
 Time taken: 15.93 seconds
SAT

=> TOTAL COMPLETION TIME (Makespan / UB): 1151
Schedule is valid
 Time taken: 16.06 seconds
SAT

=> TOTAL COMPLETION TIME (Makespan / UB): 1150
Schedule is valid
 Time taken: 16.12 seconds
SAT

=> TOTAL COMPLETION TIME (Makespan / UB): 1149
Schedule is valid
 Time taken: 16.18 seconds
SAT

=> TOTAL COMPLETION TIME (Makespan / UB): 1148
Schedule is valid
 Time taken: 16.24 seconds
SAT

=> TOTAL COMPLETION TIME (Makespan / UB): 1147
Schedule is valid
 Time taken: 16.30 seconds
SAT

=> TOTAL COMPLETION TIME (Makespan / UB): 1146
Schedule is valid
 Time taken: 16.35 seconds
SAT

=> TOTAL COMPLETION TIME (Makespan / UB): 1145
Schedule is valid
 Time taken: 16.41 seconds
SAT

=> TOTAL COMPLETION TIME (Makespan / UB): 1144
Schedule is valid
 Time taken: 16.47 seconds
SAT

=> TOTAL COMPLETION TIME (Makespan / UB): 1143
Schedule is valid
 Time taken: 16.53 seconds
SAT

=> TOTAL COMPLETION TIME (Makespan / UB): 1142
Schedule is valid
 Time taken: 16.58 seconds
SAT

=> TOTAL COMPLETION TIME (Makespan / UB): 1141
Schedule is valid
 Time taken: 16.65 seconds
SAT

=> TOTAL COMPLETION TIME (Makespan / UB): 1140
Schedule is valid
 Time taken: 16.71 seconds
SAT

=> TOTAL COMPLETION TIME (Makespan / UB): 1139
Schedule is valid
 Time taken: 16.77 seconds
SAT

=> TOTAL COMPLETION TIME (Makespan / UB): 1138
Schedule is valid
 Time taken: 16.83 seconds
SAT

=> TOTAL COMPLETION TIME (Makespan / UB): 1137
Schedule is valid
 Time taken: 16.89 seconds
SAT

=> TOTAL COMPLETION TIME (Makespan / UB): 1136
Schedule is valid
 Time taken: 16.94 seconds
SAT

=> TOTAL COMPLETION TIME (Makespan / UB): 1135
Schedule is valid
 Time taken: 17.00 seconds
SAT

=> TOTAL COMPLETION TIME (Makespan / UB): 1134
Schedule is valid
 Time taken: 17.06 seconds
SAT

=> TOTAL COMPLETION TIME (Makespan / UB): 1133
Schedule is valid
 Time taken: 17.12 seconds
SAT

=> TOTAL COMPLETION TIME (Makespan / UB): 1132
Schedule is valid
 Time taken: 17.17 seconds
SAT

=> TOTAL COMPLETION TIME (Makespan / UB): 1131
Schedule is valid
 Time taken: 17.23 seconds
SAT

=> TOTAL COMPLETION TIME (Makespan / UB): 1130
Schedule is valid
 Time taken: 17.28 seconds
SAT

=> TOTAL COMPLETION TIME (Makespan / UB): 1129
Schedule is valid
 Time taken: 17.34 seconds
SAT

=> TOTAL COMPLETION TIME (Makespan / UB): 1128
Schedule is valid
 Time taken: 17.40 seconds
SAT

=> TOTAL COMPLETION TIME (Makespan / UB): 1127
Schedule is valid
 Time taken: 17.46 seconds
SAT

=> TOTAL COMPLETION TIME (Makespan / UB): 1126
Schedule is valid
 Time taken: 17.51 seconds
SAT

=> TOTAL COMPLETION TIME (Makespan / UB): 1125
Schedule is valid
 Time taken: 17.57 seconds
SAT

=> TOTAL COMPLETION TIME (Makespan / UB): 1124
Schedule is valid
 Time taken: 17.63 seconds
SAT

=> TOTAL COMPLETION TIME (Makespan / UB): 1123
Schedule is valid
 Time taken: 17.68 seconds
SAT

=> TOTAL COMPLETION TIME (Makespan / UB): 1122
Schedule is valid
 Time taken: 17.74 seconds
SAT

=> TOTAL COMPLETION TIME (Makespan / UB): 1121
Schedule is valid
 Time taken: 17.80 seconds
SAT

=> TOTAL COMPLETION TIME (Makespan / UB): 1120
Schedule is valid
 Time taken: 17.85 seconds
SAT

=> TOTAL COMPLETION TIME (Makespan / UB): 1119
Schedule is valid
 Time taken: 17.96 seconds
SAT

=> TOTAL COMPLETION TIME (Makespan / UB): 1118
Schedule is valid
 Time taken: 18.04 seconds
SAT

=> TOTAL COMPLETION TIME (Makespan / UB): 1115
Schedule is valid
 Time taken: 18.09 seconds
SAT

=> TOTAL COMPLETION TIME (Makespan / UB): 1097
Schedule is valid
 Time taken: 18.14 seconds
SAT

=> TOTAL COMPLETION TIME (Makespan / UB): 1096
Schedule is valid
 Time taken: 18.20 seconds
SAT

=> TOTAL COMPLETION TIME (Makespan / UB): 1095
Schedule is valid
 Time taken: 18.25 seconds
SAT

=> TOTAL COMPLETION TIME (Makespan / UB): 1094
Schedule is valid
 Time taken: 18.30 seconds
SAT

=> TOTAL COMPLETION TIME (Makespan / UB): 1093
Schedule is valid
 Time taken: 18.35 seconds
SAT

=> TOTAL COMPLETION TIME (Makespan / UB): 1092
Schedule is valid
 Time taken: 18.41 seconds
SAT

=> TOTAL COMPLETION TIME (Makespan / UB): 1091
Schedule is valid
 Time taken: 18.46 seconds
SAT

=> TOTAL COMPLETION TIME (Makespan / UB): 1090
Schedule is valid
 Time taken: 18.51 seconds
SAT

=> TOTAL COMPLETION TIME (Makespan / UB): 1089
Schedule is valid
 Time taken: 18.56 seconds
SAT

=> TOTAL COMPLETION TIME (Makespan / UB): 1088
Schedule is valid
 Time taken: 18.62 seconds
SAT

=> TOTAL COMPLETION TIME (Makespan / UB): 1087
Schedule is valid
 Time taken: 18.67 seconds
SAT

=> TOTAL COMPLETION TIME (Makespan / UB): 1086
Schedule is valid
 Time taken: 18.72 seconds
SAT

=> TOTAL COMPLETION TIME (Makespan / UB): 1085
Schedule is valid
 Time taken: 18.77 seconds
SAT

=> TOTAL COMPLETION TIME (Makespan / UB): 1084
Schedule is valid
 Time taken: 18.82 seconds
SAT

=> TOTAL COMPLETION TIME (Makespan / UB): 1083
Schedule is valid
 Time taken: 18.88 seconds
SAT

=> TOTAL COMPLETION TIME (Makespan / UB): 1082
Schedule is valid
 Time taken: 18.93 seconds
SAT

=> TOTAL COMPLETION TIME (Makespan / UB): 1081
Schedule is valid
 Time taken: 18.98 seconds
SAT

=> TOTAL COMPLETION TIME (Makespan / UB): 1080
Schedule is valid
 Time taken: 19.04 seconds
SAT

=> TOTAL COMPLETION TIME (Makespan / UB): 1079
Schedule is valid
 Time taken: 19.09 seconds
SAT

=> TOTAL COMPLETION TIME (Makespan / UB): 1078
Schedule is valid
 Time taken: 19.14 seconds
SAT

=> TOTAL COMPLETION TIME (Makespan / UB): 1077
Schedule is valid
 Time taken: 19.19 seconds
SAT

=> TOTAL COMPLETION TIME (Makespan / UB): 1076
Schedule is valid
 Time taken: 19.24 seconds
SAT

=> TOTAL COMPLETION TIME (Makespan / UB): 1075
Schedule is valid
 Time taken: 19.29 seconds
SAT

=> TOTAL COMPLETION TIME (Makespan / UB): 1074
Schedule is valid
 Time taken: 19.34 seconds
SAT

=> TOTAL COMPLETION TIME (Makespan / UB): 1073
Schedule is valid
 Time taken: 19.40 seconds
SAT

=> TOTAL COMPLETION TIME (Makespan / UB): 1072
Schedule is valid
 Time taken: 19.45 seconds
SAT

=> TOTAL COMPLETION TIME (Makespan / UB): 1071
Schedule is valid
 Time taken: 19.50 seconds
SAT

=> TOTAL COMPLETION TIME (Makespan / UB): 1070
Schedule is valid
 Time taken: 19.55 seconds
SAT

=> TOTAL COMPLETION TIME (Makespan / UB): 1069
Schedule is valid
 Time taken: 19.60 seconds
SAT

=> TOTAL COMPLETION TIME (Makespan / UB): 1068
Schedule is valid
 Time taken: 19.65 seconds
SAT

=> TOTAL COMPLETION TIME (Makespan / UB): 1067
Schedule is valid
 Time taken: 19.71 seconds
SAT

=> TOTAL COMPLETION TIME (Makespan / UB): 1066
Schedule is valid
 Time taken: 19.76 seconds
SAT

=> TOTAL COMPLETION TIME (Makespan / UB): 1065
Schedule is valid
 Time taken: 19.81 seconds
SAT

=> TOTAL COMPLETION TIME (Makespan / UB): 1064
Schedule is valid
 Time taken: 19.86 seconds
SAT

=> TOTAL COMPLETION TIME (Makespan / UB): 1063
Schedule is valid
 Time taken: 19.91 seconds
SAT

=> TOTAL COMPLETION TIME (Makespan / UB): 1062
Schedule is valid
 Time taken: 19.96 seconds
[runlim] sample:		19.87 time, 20.01 real, 206 MB, 1.28 load
SAT

=> TOTAL COMPLETION TIME (Makespan / UB): 1061
Schedule is valid
 Time taken: 20.01 seconds
SAT

=> TOTAL COMPLETION TIME (Makespan / UB): 1060
Schedule is valid
 Time taken: 20.06 seconds
SAT

=> TOTAL COMPLETION TIME (Makespan / UB): 1059
Schedule is valid
 Time taken: 20.11 seconds
SAT

=> TOTAL COMPLETION TIME (Makespan / UB): 1058
Schedule is valid
 Time taken: 20.16 seconds
SAT

=> TOTAL COMPLETION TIME (Makespan / UB): 1057
Schedule is valid
 Time taken: 20.22 seconds
SAT

=> TOTAL COMPLETION TIME (Makespan / UB): 1056
Schedule is valid
 Time taken: 20.27 seconds
SAT

=> TOTAL COMPLETION TIME (Makespan / UB): 1055
Schedule is valid
 Time taken: 20.32 seconds
SAT

=> TOTAL COMPLETION TIME (Makespan / UB): 1054
Schedule is valid
 Time taken: 20.37 seconds
SAT

=> TOTAL COMPLETION TIME (Makespan / UB): 1053
Schedule is valid
 Time taken: 20.42 seconds
SAT

=> TOTAL COMPLETION TIME (Makespan / UB): 1052
Schedule is valid
 Time taken: 20.47 seconds
SAT

=> TOTAL COMPLETION TIME (Makespan / UB): 1051
Schedule is valid
 Time taken: 20.52 seconds
SAT

=> TOTAL COMPLETION TIME (Makespan / UB): 1050
Schedule is valid
 Time taken: 20.57 seconds
SAT

=> TOTAL COMPLETION TIME (Makespan / UB): 1049
Schedule is valid
 Time taken: 20.62 seconds
SAT

=> TOTAL COMPLETION TIME (Makespan / UB): 1048
Schedule is valid
 Time taken: 20.67 seconds
SAT

=> TOTAL COMPLETION TIME (Makespan / UB): 1047
Schedule is valid
 Time taken: 20.72 seconds
SAT

=> TOTAL COMPLETION TIME (Makespan / UB): 1046
Schedule is valid
 Time taken: 20.77 seconds
SAT

=> TOTAL COMPLETION TIME (Makespan / UB): 1045
Schedule is valid
 Time taken: 20.82 seconds
SAT

=> TOTAL COMPLETION TIME (Makespan / UB): 1044
Schedule is valid
 Time taken: 20.87 seconds
SAT

=> TOTAL COMPLETION TIME (Makespan / UB): 1043
Schedule is valid
 Time taken: 20.92 seconds
SAT

=> TOTAL COMPLETION TIME (Makespan / UB): 1042
Schedule is valid
 Time taken: 20.97 seconds
SAT

=> TOTAL COMPLETION TIME (Makespan / UB): 1041
Schedule is valid
 Time taken: 21.02 seconds
SAT

=> TOTAL COMPLETION TIME (Makespan / UB): 1040
Schedule is valid
 Time taken: 21.07 seconds
SAT

=> TOTAL COMPLETION TIME (Makespan / UB): 1039
Schedule is valid
 Time taken: 21.12 seconds
SAT

=> TOTAL COMPLETION TIME (Makespan / UB): 1038
Schedule is valid
 Time taken: 21.17 seconds
SAT

=> TOTAL COMPLETION TIME (Makespan / UB): 1037
Schedule is valid
 Time taken: 21.22 seconds
SAT

=> TOTAL COMPLETION TIME (Makespan / UB): 1036
Schedule is valid
 Time taken: 21.27 seconds
SAT

=> TOTAL COMPLETION TIME (Makespan / UB): 1035
Schedule is valid
 Time taken: 21.31 seconds
SAT

=> TOTAL COMPLETION TIME (Makespan / UB): 1034
Schedule is valid
 Time taken: 21.36 seconds
SAT

=> TOTAL COMPLETION TIME (Makespan / UB): 1033
Schedule is valid
 Time taken: 21.41 seconds
SAT

=> TOTAL COMPLETION TIME (Makespan / UB): 1021
Schedule is valid
 Time taken: 21.46 seconds
SAT

=> TOTAL COMPLETION TIME (Makespan / UB): 1020
Schedule is valid
 Time taken: 21.51 seconds
SAT

=> TOTAL COMPLETION TIME (Makespan / UB): 1019
Schedule is valid
 Time taken: 21.56 seconds
SAT

=> TOTAL COMPLETION TIME (Makespan / UB): 1018
Schedule is valid
 Time taken: 21.61 seconds
SAT

=> TOTAL COMPLETION TIME (Makespan / UB): 1017
Schedule is valid
 Time taken: 21.65 seconds
SAT

=> TOTAL COMPLETION TIME (Makespan / UB): 1016
Schedule is valid
 Time taken: 21.70 seconds
SAT

=> TOTAL COMPLETION TIME (Makespan / UB): 1015
Schedule is valid
 Time taken: 21.75 seconds
SAT

=> TOTAL COMPLETION TIME (Makespan / UB): 1014
Schedule is valid
 Time taken: 21.80 seconds
SAT

=> TOTAL COMPLETION TIME (Makespan / UB): 1013
Schedule is valid
 Time taken: 21.85 seconds
SAT

=> TOTAL COMPLETION TIME (Makespan / UB): 1012
Schedule is valid
 Time taken: 21.90 seconds
SAT

=> TOTAL COMPLETION TIME (Makespan / UB): 1011
Schedule is valid
 Time taken: 21.94 seconds
SAT

=> TOTAL COMPLETION TIME (Makespan / UB): 1010
Schedule is valid
 Time taken: 21.99 seconds
SAT

=> TOTAL COMPLETION TIME (Makespan / UB): 1009
Schedule is valid
 Time taken: 22.17 seconds
SAT

=> TOTAL COMPLETION TIME (Makespan / UB): 1005
Schedule is valid
 Time taken: 22.22 seconds
SAT

=> TOTAL COMPLETION TIME (Makespan / UB): 1004
Schedule is valid
 Time taken: 22.26 seconds
SAT

=> TOTAL COMPLETION TIME (Makespan / UB): 1003
Schedule is valid
 Time taken: 22.30 seconds
SAT

=> TOTAL COMPLETION TIME (Makespan / UB): 1002
Schedule is valid
 Time taken: 22.58 seconds
SAT

=> TOTAL COMPLETION TIME (Makespan / UB): 1001
Schedule is valid
 Time taken: 22.63 seconds
SAT

=> TOTAL COMPLETION TIME (Makespan / UB): 1000
Schedule is valid
 Time taken: 22.66 seconds
SAT

=> TOTAL COMPLETION TIME (Makespan / UB): 999
Schedule is valid
 Time taken: 22.70 seconds
SAT

=> TOTAL COMPLETION TIME (Makespan / UB): 998
Schedule is valid
 Time taken: 22.74 seconds
SAT

=> TOTAL COMPLETION TIME (Makespan / UB): 997
Schedule is valid
 Time taken: 22.78 seconds
SAT

=> TOTAL COMPLETION TIME (Makespan / UB): 996
Schedule is valid
 Time taken: 22.82 seconds
SAT

=> TOTAL COMPLETION TIME (Makespan / UB): 995
Schedule is valid
 Time taken: 22.85 seconds
SAT

=> TOTAL COMPLETION TIME (Makespan / UB): 994
Schedule is valid
 Time taken: 22.89 seconds
SAT

=> TOTAL COMPLETION TIME (Makespan / UB): 993
Schedule is valid
 Time taken: 22.93 seconds
SAT

=> TOTAL COMPLETION TIME (Makespan / UB): 992
Schedule is valid
 Time taken: 22.97 seconds
SAT

=> TOTAL COMPLETION TIME (Makespan / UB): 991
Schedule is valid
 Time taken: 23.00 seconds
SAT

=> TOTAL COMPLETION TIME (Makespan / UB): 990
Schedule is valid
 Time taken: 23.04 seconds
SAT

=> TOTAL COMPLETION TIME (Makespan / UB): 989
Schedule is valid
 Time taken: 23.08 seconds
SAT

=> TOTAL COMPLETION TIME (Makespan / UB): 988
Schedule is valid
 Time taken: 23.12 seconds
SAT

=> TOTAL COMPLETION TIME (Makespan / UB): 987
Schedule is valid
 Time taken: 23.15 seconds
SAT

=> TOTAL COMPLETION TIME (Makespan / UB): 986
Schedule is valid
 Time taken: 23.19 seconds
SAT

=> TOTAL COMPLETION TIME (Makespan / UB): 985
Schedule is valid
 Time taken: 23.23 seconds
SAT

=> TOTAL COMPLETION TIME (Makespan / UB): 984
Schedule is valid
 Time taken: 23.26 seconds
SAT

=> TOTAL COMPLETION TIME (Makespan / UB): 983
Schedule is valid
 Time taken: 23.30 seconds
SAT

=> TOTAL COMPLETION TIME (Makespan / UB): 982
Schedule is valid
 Time taken: 23.34 seconds
SAT

=> TOTAL COMPLETION TIME (Makespan / UB): 981
Schedule is valid
 Time taken: 23.38 seconds
SAT

=> TOTAL COMPLETION TIME (Makespan / UB): 980
Schedule is valid
 Time taken: 23.41 seconds
SAT

=> TOTAL COMPLETION TIME (Makespan / UB): 979
Schedule is valid
 Time taken: 23.45 seconds
SAT

=> TOTAL COMPLETION TIME (Makespan / UB): 978
Schedule is valid
 Time taken: 23.49 seconds
SAT

=> TOTAL COMPLETION TIME (Makespan / UB): 977
Schedule is valid
 Time taken: 23.52 seconds
SAT

=> TOTAL COMPLETION TIME (Makespan / UB): 976
Schedule is valid
 Time taken: 23.56 seconds
SAT

=> TOTAL COMPLETION TIME (Makespan / UB): 975
Schedule is valid
 Time taken: 23.60 seconds
SAT

=> TOTAL COMPLETION TIME (Makespan / UB): 974
Schedule is valid
 Time taken: 23.63 seconds
SAT

=> TOTAL COMPLETION TIME (Makespan / UB): 973
Schedule is valid
 Time taken: 23.67 seconds
SAT

=> TOTAL COMPLETION TIME (Makespan / UB): 972
Schedule is valid
 Time taken: 23.71 seconds
SAT

=> TOTAL COMPLETION TIME (Makespan / UB): 971
Schedule is valid
 Time taken: 23.75 seconds
SAT

=> TOTAL COMPLETION TIME (Makespan / UB): 970
Schedule is valid
 Time taken: 23.78 seconds
SAT

=> TOTAL COMPLETION TIME (Makespan / UB): 969
Schedule is valid
 Time taken: 23.82 seconds
SAT

=> TOTAL COMPLETION TIME (Makespan / UB): 968
Schedule is valid
 Time taken: 23.86 seconds
SAT

=> TOTAL COMPLETION TIME (Makespan / UB): 967
Schedule is valid
 Time taken: 23.89 seconds
SAT

=> TOTAL COMPLETION TIME (Makespan / UB): 966
Schedule is valid
 Time taken: 23.93 seconds
SAT

=> TOTAL COMPLETION TIME (Makespan / UB): 965
Schedule is valid
 Time taken: 23.97 seconds
SAT

=> TOTAL COMPLETION TIME (Makespan / UB): 964
Schedule is valid
 Time taken: 24.00 seconds
SAT

=> TOTAL COMPLETION TIME (Makespan / UB): 963
Schedule is valid
 Time taken: 24.04 seconds
SAT

=> TOTAL COMPLETION TIME (Makespan / UB): 962
Schedule is valid
 Time taken: 24.32 seconds
SAT

=> TOTAL COMPLETION TIME (Makespan / UB): 961
Schedule is valid
 Time taken: 25.79 seconds
SAT

=> TOTAL COMPLETION TIME (Makespan / UB): 960
Schedule is valid
 Time taken: 25.96 seconds
SAT

=> TOTAL COMPLETION TIME (Makespan / UB): 959
Schedule is valid
 Time taken: 26.02 seconds
SAT

=> TOTAL COMPLETION TIME (Makespan / UB): 958
Schedule is valid
 Time taken: 26.10 seconds
SAT

=> TOTAL COMPLETION TIME (Makespan / UB): 957
Schedule is valid
 Time taken: 26.42 seconds
SAT

=> TOTAL COMPLETION TIME (Makespan / UB): 956
Schedule is valid
 Time taken: 26.49 seconds
SAT

=> TOTAL COMPLETION TIME (Makespan / UB): 955
Schedule is valid
 Time taken: 26.55 seconds
SAT

=> TOTAL COMPLETION TIME (Makespan / UB): 954
Schedule is valid
 Time taken: 26.60 seconds
SAT

=> TOTAL COMPLETION TIME (Makespan / UB): 953
Schedule is valid
 Time taken: 26.66 seconds
SAT

=> TOTAL COMPLETION TIME (Makespan / UB): 952
Schedule is valid
 Time taken: 26.71 seconds
SAT

=> TOTAL COMPLETION TIME (Makespan / UB): 951
Schedule is valid
 Time taken: 26.76 seconds
SAT

=> TOTAL COMPLETION TIME (Makespan / UB): 950
Schedule is valid
 Time taken: 26.81 seconds
SAT

=> TOTAL COMPLETION TIME (Makespan / UB): 949
Schedule is valid
 Time taken: 26.86 seconds
SAT

=> TOTAL COMPLETION TIME (Makespan / UB): 948
Schedule is valid
 Time taken: 26.91 seconds
SAT

=> TOTAL COMPLETION TIME (Makespan / UB): 947
Schedule is valid
 Time taken: 26.96 seconds
SAT

=> TOTAL COMPLETION TIME (Makespan / UB): 946
Schedule is valid
 Time taken: 27.01 seconds
SAT

=> TOTAL COMPLETION TIME (Makespan / UB): 945
Schedule is valid
 Time taken: 27.06 seconds
SAT

=> TOTAL COMPLETION TIME (Makespan / UB): 944
Schedule is valid
 Time taken: 27.11 seconds
SAT

=> TOTAL COMPLETION TIME (Makespan / UB): 943
Schedule is valid
 Time taken: 27.17 seconds
SAT

=> TOTAL COMPLETION TIME (Makespan / UB): 942
Schedule is valid
 Time taken: 27.22 seconds
SAT

=> TOTAL COMPLETION TIME (Makespan / UB): 941
Schedule is valid
 Time taken: 27.27 seconds
SAT

=> TOTAL COMPLETION TIME (Makespan / UB): 940
Schedule is valid
 Time taken: 27.32 seconds
SAT

=> TOTAL COMPLETION TIME (Makespan / UB): 939
Schedule is valid
 Time taken: 27.37 seconds
SAT

=> TOTAL COMPLETION TIME (Makespan / UB): 938
Schedule is valid
 Time taken: 27.42 seconds
SAT

=> TOTAL COMPLETION TIME (Makespan / UB): 937
Schedule is valid
 Time taken: 27.47 seconds
SAT

=> TOTAL COMPLETION TIME (Makespan / UB): 936
Schedule is valid
 Time taken: 27.53 seconds
SAT

=> TOTAL COMPLETION TIME (Makespan / UB): 935
Schedule is valid
 Time taken: 27.58 seconds
SAT

=> TOTAL COMPLETION TIME (Makespan / UB): 934
Schedule is valid
 Time taken: 27.63 seconds
SAT

=> TOTAL COMPLETION TIME (Makespan / UB): 933
Schedule is valid
 Time taken: 27.68 seconds
SAT

=> TOTAL COMPLETION TIME (Makespan / UB): 932
Schedule is valid
 Time taken: 27.73 seconds
SAT

=> TOTAL COMPLETION TIME (Makespan / UB): 931
Schedule is valid
 Time taken: 27.76 seconds
SAT

=> TOTAL COMPLETION TIME (Makespan / UB): 930
Schedule is valid
 Time taken: 27.78 seconds
SAT

=> TOTAL COMPLETION TIME (Makespan / UB): 929
Schedule is valid
 Time taken: 27.81 seconds
SAT

=> TOTAL COMPLETION TIME (Makespan / UB): 928
Schedule is valid
 Time taken: 28.10 seconds
SAT

=> TOTAL COMPLETION TIME (Makespan / UB): 927
Schedule is valid
 Time taken: 28.13 seconds
SAT

=> TOTAL COMPLETION TIME (Makespan / UB): 926
Schedule is valid
 Time taken: 28.16 seconds
SAT

=> TOTAL COMPLETION TIME (Makespan / UB): 925
Schedule is valid
 Time taken: 28.19 seconds
SAT

=> TOTAL COMPLETION TIME (Makespan / UB): 924
Schedule is valid
 Time taken: 28.21 seconds
SAT

=> TOTAL COMPLETION TIME (Makespan / UB): 923
Schedule is valid
 Time taken: 28.24 seconds
SAT

=> TOTAL COMPLETION TIME (Makespan / UB): 922
Schedule is valid
 Time taken: 28.27 seconds
SAT

=> TOTAL COMPLETION TIME (Makespan / UB): 921
Schedule is valid
 Time taken: 28.46 seconds
SAT

=> TOTAL COMPLETION TIME (Makespan / UB): 920
Schedule is valid
 Time taken: 28.51 seconds
SAT

=> TOTAL COMPLETION TIME (Makespan / UB): 919
Schedule is valid
 Time taken: 28.54 seconds
SAT

=> TOTAL COMPLETION TIME (Makespan / UB): 918
Schedule is valid
 Time taken: 28.57 seconds
SAT

=> TOTAL COMPLETION TIME (Makespan / UB): 917
Schedule is valid
 Time taken: 28.59 seconds
SAT

=> TOTAL COMPLETION TIME (Makespan / UB): 916
Schedule is valid
 Time taken: 28.62 seconds
SAT

=> TOTAL COMPLETION TIME (Makespan / UB): 915
Schedule is valid
 Time taken: 29.54 seconds
SAT

=> TOTAL COMPLETION TIME (Makespan / UB): 914
Schedule is valid
 Time taken: 29.68 seconds
SAT

=> TOTAL COMPLETION TIME (Makespan / UB): 913
Schedule is valid
 Time taken: 29.75 seconds
SAT

=> TOTAL COMPLETION TIME (Makespan / UB): 912
Schedule is valid
 Time taken: 29.81 seconds
SAT

=> TOTAL COMPLETION TIME (Makespan / UB): 911
Schedule is valid
 Time taken: 29.86 seconds
SAT

=> TOTAL COMPLETION TIME (Makespan / UB): 910
Schedule is valid
 Time taken: 29.91 seconds
SAT

=> TOTAL COMPLETION TIME (Makespan / UB): 909
Schedule is valid
 Time taken: 29.96 seconds
[runlim] sample:		29.84 time, 30.01 real, 230 MB, 1.23 load
SAT

=> TOTAL COMPLETION TIME (Makespan / UB): 908
Schedule is valid
 Time taken: 30.01 seconds
SAT

=> TOTAL COMPLETION TIME (Makespan / UB): 907
Schedule is valid
 Time taken: 30.06 seconds
SAT

=> TOTAL COMPLETION TIME (Makespan / UB): 906
Schedule is valid
 Time taken: 30.11 seconds
SAT

=> TOTAL COMPLETION TIME (Makespan / UB): 905
Schedule is valid
 Time taken: 30.16 seconds
SAT

=> TOTAL COMPLETION TIME (Makespan / UB): 904
Schedule is valid
 Time taken: 30.21 seconds
SAT

=> TOTAL COMPLETION TIME (Makespan / UB): 903
Schedule is valid
 Time taken: 30.26 seconds
SAT

=> TOTAL COMPLETION TIME (Makespan / UB): 902
Schedule is valid
 Time taken: 30.31 seconds
SAT

=> TOTAL COMPLETION TIME (Makespan / UB): 901
Schedule is valid
 Time taken: 30.36 seconds
SAT

=> TOTAL COMPLETION TIME (Makespan / UB): 900
Schedule is valid
 Time taken: 30.41 seconds
SAT

=> TOTAL COMPLETION TIME (Makespan / UB): 899
Schedule is valid
 Time taken: 30.46 seconds
SAT

=> TOTAL COMPLETION TIME (Makespan / UB): 898
Schedule is valid
 Time taken: 31.66 seconds
SAT

=> TOTAL COMPLETION TIME (Makespan / UB): 897
Schedule is valid
 Time taken: 31.72 seconds
SAT

=> TOTAL COMPLETION TIME (Makespan / UB): 896
Schedule is valid
 Time taken: 31.88 seconds
SAT

=> TOTAL COMPLETION TIME (Makespan / UB): 895
Schedule is valid
 Time taken: 31.94 seconds
SAT

=> TOTAL COMPLETION TIME (Makespan / UB): 894
Schedule is valid
 Time taken: 31.98 seconds
SAT

=> TOTAL COMPLETION TIME (Makespan / UB): 893
Schedule is valid
 Time taken: 32.03 seconds
SAT

=> TOTAL COMPLETION TIME (Makespan / UB): 892
Schedule is valid
 Time taken: 32.08 seconds
SAT

=> TOTAL COMPLETION TIME (Makespan / UB): 891
Schedule is valid
 Time taken: 32.43 seconds
SAT

=> TOTAL COMPLETION TIME (Makespan / UB): 890
Schedule is valid
 Time taken: 32.65 seconds
SAT

=> TOTAL COMPLETION TIME (Makespan / UB): 889
Schedule is valid
 Time taken: 33.59 seconds
SAT

=> TOTAL COMPLETION TIME (Makespan / UB): 888
Schedule is valid
 Time taken: 33.64 seconds
SAT

=> TOTAL COMPLETION TIME (Makespan / UB): 887
Schedule is valid
 Time taken: 33.70 seconds
SAT

=> TOTAL COMPLETION TIME (Makespan / UB): 886
Schedule is valid
 Time taken: 33.75 seconds
SAT

=> TOTAL COMPLETION TIME (Makespan / UB): 885
Schedule is valid
 Time taken: 33.88 seconds
SAT

=> TOTAL COMPLETION TIME (Makespan / UB): 884
Schedule is valid
 Time taken: 33.93 seconds
SAT

=> TOTAL COMPLETION TIME (Makespan / UB): 883
Schedule is valid
 Time taken: 34.17 seconds
SAT

=> TOTAL COMPLETION TIME (Makespan / UB): 882
Schedule is valid
 Time taken: 34.22 seconds
SAT

=> TOTAL COMPLETION TIME (Makespan / UB): 881
Schedule is valid
 Time taken: 34.27 seconds
SAT

=> TOTAL COMPLETION TIME (Makespan / UB): 880
Schedule is valid
 Time taken: 34.63 seconds
SAT

=> TOTAL COMPLETION TIME (Makespan / UB): 879
Schedule is valid
 Time taken: 34.90 seconds
SAT

=> TOTAL COMPLETION TIME (Makespan / UB): 878
Schedule is valid
 Time taken: 34.95 seconds
SAT

=> TOTAL COMPLETION TIME (Makespan / UB): 877
Schedule is valid
 Time taken: 35.01 seconds
SAT

=> TOTAL COMPLETION TIME (Makespan / UB): 876
Schedule is valid
 Time taken: 35.10 seconds
SAT

=> TOTAL COMPLETION TIME (Makespan / UB): 875
Schedule is valid
 Time taken: 35.15 seconds
SAT

=> TOTAL COMPLETION TIME (Makespan / UB): 874
Schedule is valid
 Time taken: 35.20 seconds
SAT

=> TOTAL COMPLETION TIME (Makespan / UB): 873
Schedule is valid
 Time taken: 35.25 seconds
SAT

=> TOTAL COMPLETION TIME (Makespan / UB): 872
Schedule is valid
 Time taken: 35.29 seconds
SAT

=> TOTAL COMPLETION TIME (Makespan / UB): 871
Schedule is valid
 Time taken: 35.83 seconds
SAT

=> TOTAL COMPLETION TIME (Makespan / UB): 870
Schedule is valid
 Time taken: 36.24 seconds
SAT

=> TOTAL COMPLETION TIME (Makespan / UB): 869
Schedule is valid
 Time taken: 36.44 seconds
SAT

=> TOTAL COMPLETION TIME (Makespan / UB): 868
Schedule is valid
 Time taken: 36.49 seconds
SAT

=> TOTAL COMPLETION TIME (Makespan / UB): 867
Schedule is valid
 Time taken: 36.54 seconds
SAT

=> TOTAL COMPLETION TIME (Makespan / UB): 866
Schedule is valid
 Time taken: 36.58 seconds
SAT

=> TOTAL COMPLETION TIME (Makespan / UB): 865
Schedule is valid
 Time taken: 36.62 seconds
SAT

=> TOTAL COMPLETION TIME (Makespan / UB): 864
Schedule is valid
 Time taken: 36.69 seconds
SAT

=> TOTAL COMPLETION TIME (Makespan / UB): 863
Schedule is valid
 Time taken: 36.74 seconds
SAT

=> TOTAL COMPLETION TIME (Makespan / UB): 862
Schedule is valid
 Time taken: 36.78 seconds
SAT

=> TOTAL COMPLETION TIME (Makespan / UB): 861
Schedule is valid
 Time taken: 37.19 seconds
SAT

=> TOTAL COMPLETION TIME (Makespan / UB): 860
Schedule is valid
 Time taken: 37.24 seconds
SAT

=> TOTAL COMPLETION TIME (Makespan / UB): 859
Schedule is valid
 Time taken: 39.39 seconds
SAT

=> TOTAL COMPLETION TIME (Makespan / UB): 858
Schedule is valid
 Time taken: 39.61 seconds
SAT

=> TOTAL COMPLETION TIME (Makespan / UB): 857
Schedule is valid
 Time taken: 39.66 seconds
SAT

=> TOTAL COMPLETION TIME (Makespan / UB): 856
Schedule is valid
 Time taken: 39.71 seconds
SAT

=> TOTAL COMPLETION TIME (Makespan / UB): 855
Schedule is valid
 Time taken: 39.84 seconds
SAT

=> TOTAL COMPLETION TIME (Makespan / UB): 854
Schedule is valid
 Time taken: 39.89 seconds
SAT

=> TOTAL COMPLETION TIME (Makespan / UB): 853
Schedule is valid
 Time taken: 39.94 seconds
SAT
[runlim] sample:		39.81 time, 40.01 real, 207 MB, 1.20 load

=> TOTAL COMPLETION TIME (Makespan / UB): 852
Schedule is valid
 Time taken: 39.99 seconds
SAT

=> TOTAL COMPLETION TIME (Makespan / UB): 851
Schedule is valid
 Time taken: 40.64 seconds
SAT

=> TOTAL COMPLETION TIME (Makespan / UB): 850
Schedule is valid
 Time taken: 40.71 seconds
SAT

=> TOTAL COMPLETION TIME (Makespan / UB): 849
Schedule is valid
 Time taken: 40.76 seconds
SAT

=> TOTAL COMPLETION TIME (Makespan / UB): 848
Schedule is valid
 Time taken: 40.89 seconds
SAT

=> TOTAL COMPLETION TIME (Makespan / UB): 847
Schedule is valid
 Time taken: 40.95 seconds
SAT

=> TOTAL COMPLETION TIME (Makespan / UB): 846
Schedule is valid
 Time taken: 40.99 seconds
SAT

=> TOTAL COMPLETION TIME (Makespan / UB): 845
Schedule is valid
 Time taken: 41.04 seconds
SAT

=> TOTAL COMPLETION TIME (Makespan / UB): 844
Schedule is valid
 Time taken: 41.09 seconds
SAT

=> TOTAL COMPLETION TIME (Makespan / UB): 843
Schedule is valid
 Time taken: 41.13 seconds
SAT

=> TOTAL COMPLETION TIME (Makespan / UB): 842
Schedule is valid
 Time taken: 41.18 seconds
UNSAT
status: optimal
[runlim] end:			Sun May  3 11:18:02 2026
[runlim] status:		ok
[runlim] result:		0
[runlim] children:		1
[runlim] processes:		2
[runlim] real:			41.43 seconds
[runlim] time:			41.21 seconds
[runlim] space:			259 MB
[runlim] load:			1.33 maximum
[runlim] samples:		415
