[runlim] version:		2.0.0rc12
[runlim] host:			ap-Precision-7550
[runlim] time limit:		311040000 seconds
[runlim] real time limit:	1800 seconds
[runlim] space limit:		14000 MB
[runlim] argv[0]:		python3
[runlim] argv[1]:		-u
[runlim] argv[2]:		bottom_up.py
[runlim] argv[3]:		datasets/yfjs/YFJS14
[runlim] start:			Sun Apr 19 19:37:52 2026
[runlim] child:			10157
Operations: 221, Edges: 208, Machines: 26
Greedy Schedule UB: 1517
Lower Bound: 1317 (precedence=1317, avg_load=553, mandatory=0)

Trying to find a schedule with expected_makespan = 1317...
[runlim] sample:		9.99 time, 10.01 real, 703 MB, 1.40 load
SAT

=> TOTAL COMPLETION TIME (Makespan / UB): 1317
Schedule is valid with makespan 1317.
[runlim] end:			Sun Apr 19 19:38:05 2026
[runlim] status:		ok
[runlim] result:		0
[runlim] children:		1
[runlim] processes:		2
[runlim] real:			13.86 seconds
[runlim] time:			13.79 seconds
[runlim] space:			715 MB
[runlim] load:			1.47 maximum
[runlim] samples:		139
