[runlim] version:		2.0.0rc12
[runlim] host:			ap-Precision-7550
[runlim] time limit:		311040000 seconds
[runlim] real time limit:	10800 seconds
[runlim] space limit:		15624 MB
[runlim] argv[0]:		python3
[runlim] argv[1]:		-u
[runlim] argv[2]:		main.py
[runlim] argv[3]:		datasets/dafjs/DAFJS13
[runlim] start:			Fri Jul  3 06:52:38 2026
[runlim] child:			14985
Operations: 62, Edges: 55, Machines: 5
Greedy Schedule UB: 738
Building constraints took 2.44 seconds.
[runlim] sample:		9.95 time, 10.01 real, 384 MB, 1.05 load
SAT

=> TOTAL COMPLETION TIME (Makespan / UB): 737
Schedule is valid
 Time taken: 11.50 seconds
SAT

=> TOTAL COMPLETION TIME (Makespan / UB): 736
Schedule is valid
 Time taken: 12.04 seconds
[runlim] sample:		19.94 time, 20.01 real, 383 MB, 1.04 load
SAT

=> TOTAL COMPLETION TIME (Makespan / UB): 735
Schedule is valid
 Time taken: 20.81 seconds
SAT

=> TOTAL COMPLETION TIME (Makespan / UB): 734
Schedule is valid
 Time taken: 21.73 seconds
SAT

=> TOTAL COMPLETION TIME (Makespan / UB): 733
Schedule is valid
 Time taken: 22.24 seconds
SAT

=> TOTAL COMPLETION TIME (Makespan / UB): 732
Schedule is valid
 Time taken: 25.18 seconds
SAT

=> TOTAL COMPLETION TIME (Makespan / UB): 731
Schedule is valid
 Time taken: 25.86 seconds
SAT

=> TOTAL COMPLETION TIME (Makespan / UB): 730
Schedule is valid
 Time taken: 27.19 seconds
SAT

=> TOTAL COMPLETION TIME (Makespan / UB): 729
Schedule is valid
 Time taken: 28.02 seconds
[runlim] sample:		29.94 time, 30.01 real, 367 MB, 1.03 load
SAT

=> TOTAL COMPLETION TIME (Makespan / UB): 728
Schedule is valid
 Time taken: 30.47 seconds
SAT

=> TOTAL COMPLETION TIME (Makespan / UB): 727
Schedule is valid
 Time taken: 31.31 seconds
SAT

=> TOTAL COMPLETION TIME (Makespan / UB): 726
Schedule is valid
 Time taken: 31.96 seconds
SAT

=> TOTAL COMPLETION TIME (Makespan / UB): 725
Schedule is valid
 Time taken: 32.55 seconds
SAT

=> TOTAL COMPLETION TIME (Makespan / UB): 724
Schedule is valid
 Time taken: 36.67 seconds
SAT

=> TOTAL COMPLETION TIME (Makespan / UB): 723
Schedule is valid
 Time taken: 37.42 seconds
SAT

=> TOTAL COMPLETION TIME (Makespan / UB): 722
Schedule is valid
 Time taken: 38.35 seconds
[runlim] sample:		39.93 time, 40.01 real, 381 MB, 1.17 load
SAT

=> TOTAL COMPLETION TIME (Makespan / UB): 721
Schedule is valid
 Time taken: 40.49 seconds
SAT

=> TOTAL COMPLETION TIME (Makespan / UB): 720
Schedule is valid
 Time taken: 41.33 seconds
SAT

=> TOTAL COMPLETION TIME (Makespan / UB): 719
Schedule is valid
 Time taken: 44.55 seconds
SAT

=> TOTAL COMPLETION TIME (Makespan / UB): 718
Schedule is valid
 Time taken: 45.45 seconds
SAT

=> TOTAL COMPLETION TIME (Makespan / UB): 717
Schedule is valid
 Time taken: 46.98 seconds
SAT

=> TOTAL COMPLETION TIME (Makespan / UB): 716
Schedule is valid
 Time taken: 48.87 seconds
[runlim] sample:		49.93 time, 50.01 real, 366 MB, 1.15 load
SAT

=> TOTAL COMPLETION TIME (Makespan / UB): 715
Schedule is valid
 Time taken: 51.01 seconds
SAT

=> TOTAL COMPLETION TIME (Makespan / UB): 714
Schedule is valid
 Time taken: 53.84 seconds
SAT

=> TOTAL COMPLETION TIME (Makespan / UB): 713
Schedule is valid
 Time taken: 54.48 seconds
SAT

=> TOTAL COMPLETION TIME (Makespan / UB): 712
Schedule is valid
 Time taken: 56.40 seconds
[runlim] sample:		59.92 time, 60.01 real, 365 MB, 1.20 load
SAT

=> TOTAL COMPLETION TIME (Makespan / UB): 711
Schedule is valid
 Time taken: 61.09 seconds
SAT

=> TOTAL COMPLETION TIME (Makespan / UB): 710
Schedule is valid
 Time taken: 61.89 seconds
[runlim] sample:		69.91 time, 70.01 real, 365 MB, 1.17 load
SAT

=> TOTAL COMPLETION TIME (Makespan / UB): 709
Schedule is valid
 Time taken: 70.93 seconds
SAT

=> TOTAL COMPLETION TIME (Makespan / UB): 708
Schedule is valid
 Time taken: 74.03 seconds
SAT

=> TOTAL COMPLETION TIME (Makespan / UB): 707
Schedule is valid
 Time taken: 74.96 seconds
SAT

=> TOTAL COMPLETION TIME (Makespan / UB): 706
Schedule is valid
 Time taken: 75.51 seconds
SAT

=> TOTAL COMPLETION TIME (Makespan / UB): 705
Schedule is valid
 Time taken: 77.45 seconds
[runlim] sample:		79.91 time, 80.01 real, 365 MB, 1.30 load
SAT

=> TOTAL COMPLETION TIME (Makespan / UB): 704
Schedule is valid
 Time taken: 86.67 seconds
SAT

=> TOTAL COMPLETION TIME (Makespan / UB): 703
Schedule is valid
 Time taken: 86.89 seconds
SAT

=> TOTAL COMPLETION TIME (Makespan / UB): 702
Schedule is valid
 Time taken: 87.66 seconds
SAT

=> TOTAL COMPLETION TIME (Makespan / UB): 701
Schedule is valid
 Time taken: 88.53 seconds
[runlim] sample:		89.89 time, 90.01 real, 363 MB, 1.33 load
SAT

=> TOTAL COMPLETION TIME (Makespan / UB): 700
Schedule is valid
 Time taken: 93.37 seconds
SAT

=> TOTAL COMPLETION TIME (Makespan / UB): 699
Schedule is valid
 Time taken: 94.18 seconds
[runlim] sample:		99.90 time, 100.01 real, 364 MB, 1.28 load
SAT

=> TOTAL COMPLETION TIME (Makespan / UB): 698
Schedule is valid
 Time taken: 103.77 seconds
SAT

=> TOTAL COMPLETION TIME (Makespan / UB): 697
Schedule is valid
 Time taken: 104.71 seconds
SAT

=> TOTAL COMPLETION TIME (Makespan / UB): 696
Schedule is valid
 Time taken: 105.01 seconds
SAT

=> TOTAL COMPLETION TIME (Makespan / UB): 695
Schedule is valid
 Time taken: 107.24 seconds
[runlim] sample:		109.89 time, 110.01 real, 362 MB, 1.23 load
SAT

=> TOTAL COMPLETION TIME (Makespan / UB): 694
Schedule is valid
 Time taken: 112.08 seconds
[runlim] sample:		119.88 time, 120.01 real, 415 MB, 1.20 load
SAT

=> TOTAL COMPLETION TIME (Makespan / UB): 693
Schedule is valid
 Time taken: 124.22 seconds
SAT

=> TOTAL COMPLETION TIME (Makespan / UB): 692
Schedule is valid
 Time taken: 127.76 seconds
SAT

=> TOTAL COMPLETION TIME (Makespan / UB): 691
Schedule is valid
 Time taken: 128.79 seconds
SAT

=> TOTAL COMPLETION TIME (Makespan / UB): 690
Schedule is valid
 Time taken: 129.53 seconds
[runlim] sample:		129.88 time, 130.01 real, 362 MB, 1.17 load
SAT

=> TOTAL COMPLETION TIME (Makespan / UB): 689
Schedule is valid
 Time taken: 132.06 seconds
SAT

=> TOTAL COMPLETION TIME (Makespan / UB): 688
Schedule is valid
 Time taken: 132.36 seconds
SAT

=> TOTAL COMPLETION TIME (Makespan / UB): 687
Schedule is valid
 Time taken: 133.23 seconds
SAT

=> TOTAL COMPLETION TIME (Makespan / UB): 686
Schedule is valid
 Time taken: 133.96 seconds
SAT

=> TOTAL COMPLETION TIME (Makespan / UB): 685
Schedule is valid
 Time taken: 134.23 seconds
SAT

=> TOTAL COMPLETION TIME (Makespan / UB): 684
Schedule is valid
 Time taken: 139.06 seconds
[runlim] sample:		139.87 time, 140.01 real, 362 MB, 1.22 load
[runlim] sample:		149.87 time, 150.01 real, 361 MB, 1.19 load
[runlim] sample:		159.86 time, 160.01 real, 361 MB, 1.16 load
[runlim] sample:		169.85 time, 170.01 real, 361 MB, 1.13 load
[runlim] sample:		179.85 time, 180.01 real, 362 MB, 1.11 load
[runlim] sample:		189.85 time, 190.01 real, 362 MB, 1.09 load
[runlim] sample:		199.84 time, 200.01 real, 362 MB, 1.23 load
[runlim] sample:		209.83 time, 210.01 real, 420 MB, 1.27 load
[runlim] sample:		219.83 time, 220.01 real, 420 MB, 1.23 load
[runlim] sample:		229.83 time, 230.01 real, 420 MB, 1.35 load
[runlim] sample:		239.81 time, 240.01 real, 420 MB, 1.30 load
[runlim] sample:		249.81 time, 250.01 real, 420 MB, 1.25 load
[runlim] sample:		259.81 time, 260.01 real, 421 MB, 1.21 load
[runlim] sample:		269.80 time, 270.01 real, 421 MB, 1.18 load
[runlim] sample:		279.79 time, 280.01 real, 421 MB, 1.23 load
[runlim] sample:		289.79 time, 290.01 real, 364 MB, 1.20 load
[runlim] sample:		299.78 time, 300.01 real, 440 MB, 1.17 load
SAT

=> TOTAL COMPLETION TIME (Makespan / UB): 683
Schedule is valid
 Time taken: 301.17 seconds
SAT

=> TOTAL COMPLETION TIME (Makespan / UB): 682
Schedule is valid
 Time taken: 301.89 seconds
[runlim] sample:		309.77 time, 310.01 real, 364 MB, 1.14 load
SAT

=> TOTAL COMPLETION TIME (Makespan / UB): 681
Schedule is valid
 Time taken: 313.15 seconds
[runlim] sample:		319.77 time, 320.01 real, 364 MB, 1.12 load
[runlim] sample:		329.77 time, 330.01 real, 363 MB, 1.10 load
[runlim] sample:		339.76 time, 340.01 real, 364 MB, 1.08 load
[runlim] sample:		349.75 time, 350.01 real, 364 MB, 1.07 load
[runlim] sample:		359.75 time, 360.01 real, 365 MB, 1.30 load
[runlim] sample:		369.75 time, 370.01 real, 364 MB, 1.25 load
SAT

=> TOTAL COMPLETION TIME (Makespan / UB): 680
Schedule is valid
 Time taken: 374.72 seconds
SAT

=> TOTAL COMPLETION TIME (Makespan / UB): 679
Schedule is valid
 Time taken: 377.80 seconds
[runlim] sample:		379.74 time, 380.01 real, 422 MB, 1.21 load
SAT

=> TOTAL COMPLETION TIME (Makespan / UB): 678
Schedule is valid
 Time taken: 382.47 seconds
SAT

=> TOTAL COMPLETION TIME (Makespan / UB): 677
Schedule is valid
 Time taken: 384.99 seconds
[runlim] sample:		389.73 time, 390.01 real, 365 MB, 1.18 load
SAT

=> TOTAL COMPLETION TIME (Makespan / UB): 676
Schedule is valid
 Time taken: 392.09 seconds
SAT

=> TOTAL COMPLETION TIME (Makespan / UB): 675
Schedule is valid
 Time taken: 392.64 seconds
[runlim] sample:		399.73 time, 400.01 real, 365 MB, 1.15 load
[runlim] sample:		409.73 time, 410.01 real, 365 MB, 1.21 load
[runlim] sample:		419.73 time, 420.01 real, 364 MB, 1.18 load
[runlim] sample:		429.72 time, 430.01 real, 364 MB, 1.23 load
[runlim] sample:		439.71 time, 440.01 real, 365 MB, 1.19 load
[runlim] sample:		449.70 time, 450.01 real, 365 MB, 1.24 load
[runlim] sample:		459.70 time, 460.01 real, 365 MB, 1.21 load
SAT

=> TOTAL COMPLETION TIME (Makespan / UB): 674
Schedule is valid
 Time taken: 460.22 seconds
[runlim] sample:		469.69 time, 470.01 real, 365 MB, 1.17 load
[runlim] sample:		479.69 time, 480.01 real, 365 MB, 1.15 load
[runlim] sample:		489.68 time, 490.01 real, 365 MB, 1.12 load
SAT

=> TOTAL COMPLETION TIME (Makespan / UB): 673
Schedule is valid
 Time taken: 498.22 seconds
[runlim] sample:		499.68 time, 500.01 real, 365 MB, 1.10 load
[runlim] sample:		509.67 time, 510.01 real, 366 MB, 1.17 load
[runlim] sample:		519.65 time, 520.01 real, 365 MB, 1.22 load
[runlim] sample:		529.64 time, 530.01 real, 366 MB, 1.18 load
[runlim] sample:		539.63 time, 540.01 real, 366 MB, 1.15 load
[runlim] sample:		549.62 time, 550.01 real, 366 MB, 1.13 load
[runlim] sample:		559.61 time, 560.01 real, 366 MB, 1.19 load
SAT

=> TOTAL COMPLETION TIME (Makespan / UB): 672
Schedule is valid
 Time taken: 562.92 seconds
[runlim] sample:		569.60 time, 570.01 real, 366 MB, 1.16 load
SAT

=> TOTAL COMPLETION TIME (Makespan / UB): 671
Schedule is valid
 Time taken: 571.83 seconds
SAT

=> TOTAL COMPLETION TIME (Makespan / UB): 670
Schedule is valid
 Time taken: 575.81 seconds
[runlim] sample:		579.59 time, 580.01 real, 425 MB, 1.21 load
[runlim] sample:		589.59 time, 590.01 real, 366 MB, 1.26 load
SAT

=> TOTAL COMPLETION TIME (Makespan / UB): 669
Schedule is valid
 Time taken: 593.06 seconds
SAT

=> TOTAL COMPLETION TIME (Makespan / UB): 668
Schedule is valid
 Time taken: 596.29 seconds
[runlim] sample:		599.58 time, 600.01 real, 366 MB, 1.30 load
SAT

=> TOTAL COMPLETION TIME (Makespan / UB): 667
Schedule is valid
 Time taken: 601.28 seconds
SAT

=> TOTAL COMPLETION TIME (Makespan / UB): 666
Schedule is valid
 Time taken: 609.49 seconds
[runlim] sample:		609.57 time, 610.01 real, 366 MB, 1.25 load
[runlim] sample:		619.57 time, 620.01 real, 366 MB, 1.21 load
SAT

=> TOTAL COMPLETION TIME (Makespan / UB): 665
Schedule is valid
 Time taken: 629.66 seconds
[runlim] sample:		629.57 time, 630.01 real, 366 MB, 1.25 load
SAT

=> TOTAL COMPLETION TIME (Makespan / UB): 664
Schedule is valid
 Time taken: 633.61 seconds
[runlim] sample:		639.56 time, 640.01 real, 421 MB, 1.21 load
[runlim] sample:		649.55 time, 650.01 real, 366 MB, 1.18 load
[runlim] sample:		659.55 time, 660.01 real, 366 MB, 1.15 load
[runlim] sample:		669.54 time, 670.01 real, 366 MB, 1.13 load
[runlim] sample:		679.53 time, 680.01 real, 366 MB, 1.11 load
[runlim] sample:		689.53 time, 690.01 real, 366 MB, 1.09 load
[runlim] sample:		699.53 time, 700.01 real, 366 MB, 1.08 load
[runlim] sample:		709.52 time, 710.01 real, 366 MB, 1.15 load
[runlim] sample:		719.51 time, 720.01 real, 367 MB, 1.12 load
[runlim] sample:		729.51 time, 730.01 real, 367 MB, 1.10 load
[runlim] sample:		739.51 time, 740.01 real, 367 MB, 1.09 load
[runlim] sample:		749.50 time, 750.01 real, 367 MB, 1.15 load
[runlim] sample:		759.50 time, 760.01 real, 367 MB, 1.13 load
[runlim] sample:		769.49 time, 770.01 real, 367 MB, 1.11 load
[runlim] sample:		779.48 time, 780.01 real, 367 MB, 1.09 load
[runlim] sample:		789.49 time, 790.01 real, 367 MB, 1.16 load
[runlim] sample:		799.47 time, 800.01 real, 368 MB, 1.13 load
[runlim] sample:		809.47 time, 810.01 real, 377 MB, 1.11 load
[runlim] sample:		819.46 time, 820.01 real, 377 MB, 1.09 load
[runlim] sample:		829.46 time, 830.01 real, 377 MB, 1.08 load
[runlim] sample:		839.46 time, 840.01 real, 368 MB, 1.14 load
[runlim] sample:		849.45 time, 850.01 real, 368 MB, 1.12 load
[runlim] sample:		859.45 time, 860.01 real, 368 MB, 1.10 load
[runlim] sample:		869.44 time, 870.01 real, 428 MB, 1.08 load
[runlim] sample:		879.44 time, 880.01 real, 428 MB, 1.07 load
[runlim] sample:		889.44 time, 890.01 real, 428 MB, 1.06 load
[runlim] sample:		899.43 time, 900.01 real, 428 MB, 1.05 load
[runlim] sample:		909.42 time, 910.01 real, 428 MB, 1.04 load
[runlim] sample:		919.42 time, 920.01 real, 428 MB, 1.04 load
[runlim] sample:		929.41 time, 930.01 real, 429 MB, 1.03 load
[runlim] sample:		939.41 time, 940.01 real, 429 MB, 1.02 load
[runlim] sample:		949.40 time, 950.01 real, 429 MB, 1.02 load
[runlim] sample:		959.40 time, 960.01 real, 429 MB, 1.02 load
[runlim] sample:		969.40 time, 970.01 real, 429 MB, 1.01 load
[runlim] sample:		979.39 time, 980.01 real, 429 MB, 1.01 load
[runlim] sample:		989.39 time, 990.01 real, 429 MB, 1.01 load
[runlim] sample:		999.38 time, 1000.01 real, 429 MB, 1.01 load
[runlim] sample:		1009.38 time, 1010.01 real, 429 MB, 1.01 load
SAT

=> TOTAL COMPLETION TIME (Makespan / UB): 663
Schedule is valid
 Time taken: 1019.95 seconds
[runlim] sample:		1019.37 time, 1020.01 real, 430 MB, 1.00 load
[runlim] sample:		1029.37 time, 1030.01 real, 430 MB, 1.00 load
[runlim] sample:		1039.35 time, 1040.01 real, 369 MB, 1.00 load
[runlim] sample:		1049.35 time, 1050.01 real, 370 MB, 1.00 load
[runlim] sample:		1059.35 time, 1060.01 real, 370 MB, 1.00 load
[runlim] sample:		1069.34 time, 1070.01 real, 370 MB, 1.00 load
[runlim] sample:		1079.34 time, 1080.01 real, 370 MB, 1.08 load
[runlim] sample:		1089.33 time, 1090.01 real, 370 MB, 1.14 load
[runlim] sample:		1099.33 time, 1100.01 real, 370 MB, 1.12 load
[runlim] sample:		1109.32 time, 1110.01 real, 370 MB, 1.10 load
[runlim] sample:		1119.31 time, 1120.01 real, 370 MB, 1.08 load
SAT

=> TOTAL COMPLETION TIME (Makespan / UB): 662
Schedule is valid
 Time taken: 1123.52 seconds
[runlim] sample:		1129.31 time, 1130.01 real, 370 MB, 1.07 load
[runlim] sample:		1139.30 time, 1140.01 real, 371 MB, 1.06 load
[runlim] sample:		1149.30 time, 1150.01 real, 371 MB, 1.05 load
[runlim] sample:		1159.29 time, 1160.01 real, 371 MB, 1.04 load
[runlim] sample:		1169.29 time, 1170.01 real, 371 MB, 1.04 load
[runlim] sample:		1179.29 time, 1180.01 real, 371 MB, 1.03 load
[runlim] sample:		1189.28 time, 1190.01 real, 371 MB, 1.02 load
[runlim] sample:		1199.28 time, 1200.01 real, 371 MB, 1.02 load
[runlim] sample:		1209.27 time, 1210.01 real, 387 MB, 1.02 load
[runlim] sample:		1219.27 time, 1220.01 real, 372 MB, 1.01 load
[runlim] sample:		1229.26 time, 1230.01 real, 372 MB, 1.01 load
SAT

=> TOTAL COMPLETION TIME (Makespan / UB): 661
Schedule is valid
 Time taken: 1239.02 seconds
[runlim] sample:		1239.26 time, 1240.01 real, 372 MB, 1.01 load
[runlim] sample:		1249.25 time, 1250.01 real, 372 MB, 1.01 load
[runlim] sample:		1259.25 time, 1260.01 real, 372 MB, 1.01 load
SAT

=> TOTAL COMPLETION TIME (Makespan / UB): 660
Schedule is valid
 Time taken: 1264.92 seconds
SAT

=> TOTAL COMPLETION TIME (Makespan / UB): 659
Schedule is valid
 Time taken: 1265.14 seconds
[runlim] sample:		1269.24 time, 1270.01 real, 372 MB, 1.00 load
[runlim] sample:		1279.24 time, 1280.01 real, 372 MB, 1.00 load
[runlim] sample:		1289.24 time, 1290.01 real, 372 MB, 1.00 load
[runlim] sample:		1299.23 time, 1300.01 real, 372 MB, 1.00 load
[runlim] sample:		1309.22 time, 1310.01 real, 372 MB, 1.00 load
[runlim] sample:		1319.22 time, 1320.01 real, 372 MB, 1.00 load
[runlim] sample:		1329.21 time, 1330.01 real, 372 MB, 1.00 load
[runlim] sample:		1339.21 time, 1340.01 real, 372 MB, 1.00 load
[runlim] sample:		1349.20 time, 1350.01 real, 373 MB, 1.00 load
[runlim] sample:		1359.20 time, 1360.01 real, 373 MB, 1.00 load
[runlim] sample:		1369.19 time, 1370.01 real, 373 MB, 1.00 load
[runlim] sample:		1379.19 time, 1380.01 real, 373 MB, 1.00 load
SAT

=> TOTAL COMPLETION TIME (Makespan / UB): 658
Schedule is valid
 Time taken: 1383.94 seconds
[runlim] sample:		1389.19 time, 1390.01 real, 433 MB, 1.00 load
[runlim] sample:		1399.18 time, 1400.01 real, 373 MB, 1.00 load
[runlim] sample:		1409.18 time, 1410.01 real, 373 MB, 1.00 load
[runlim] sample:		1419.17 time, 1420.01 real, 373 MB, 1.00 load
[runlim] sample:		1429.16 time, 1430.01 real, 373 MB, 1.00 load
[runlim] sample:		1439.16 time, 1440.01 real, 373 MB, 1.00 load
[runlim] sample:		1449.15 time, 1450.01 real, 373 MB, 1.16 load
SAT

=> TOTAL COMPLETION TIME (Makespan / UB): 657
Schedule is valid
 Time taken: 1459.06 seconds
[runlim] sample:		1459.15 time, 1460.01 real, 374 MB, 1.13 load
[runlim] sample:		1469.15 time, 1470.01 real, 374 MB, 1.11 load
[runlim] sample:		1479.14 time, 1480.01 real, 374 MB, 1.10 load
[runlim] sample:		1489.14 time, 1490.01 real, 434 MB, 1.08 load
[runlim] sample:		1499.14 time, 1500.01 real, 373 MB, 1.07 load
[runlim] sample:		1509.13 time, 1510.01 real, 373 MB, 1.06 load
[runlim] sample:		1519.12 time, 1520.01 real, 374 MB, 1.05 load
[runlim] sample:		1529.12 time, 1530.01 real, 374 MB, 1.04 load
[runlim] sample:		1539.12 time, 1540.01 real, 374 MB, 1.03 load
[runlim] sample:		1549.11 time, 1550.01 real, 374 MB, 1.03 load
[runlim] sample:		1559.11 time, 1560.01 real, 374 MB, 1.02 load
[runlim] sample:		1569.11 time, 1570.01 real, 374 MB, 1.02 load
[runlim] sample:		1579.10 time, 1580.01 real, 374 MB, 1.10 load
[runlim] sample:		1589.10 time, 1590.01 real, 435 MB, 1.15 load
[runlim] sample:		1599.09 time, 1600.01 real, 374 MB, 1.20 load
[runlim] sample:		1609.08 time, 1610.01 real, 374 MB, 1.17 load
[runlim] sample:		1619.08 time, 1620.01 real, 374 MB, 1.15 load
[runlim] sample:		1629.08 time, 1630.01 real, 374 MB, 1.12 load
[runlim] sample:		1639.08 time, 1640.01 real, 374 MB, 1.10 load
[runlim] sample:		1649.07 time, 1650.01 real, 375 MB, 1.09 load
[runlim] sample:		1659.07 time, 1660.01 real, 375 MB, 1.07 load
[runlim] sample:		1669.06 time, 1670.01 real, 375 MB, 1.14 load
[runlim] sample:		1679.06 time, 1680.01 real, 375 MB, 1.11 load
[runlim] sample:		1689.05 time, 1690.01 real, 375 MB, 1.17 load
[runlim] sample:		1699.05 time, 1700.01 real, 379 MB, 1.14 load
[runlim] sample:		1709.04 time, 1710.01 real, 379 MB, 1.12 load
[runlim] sample:		1719.04 time, 1720.01 real, 379 MB, 1.10 load
[runlim] sample:		1729.03 time, 1730.01 real, 439 MB, 1.09 load
[runlim] sample:		1739.03 time, 1740.01 real, 439 MB, 1.07 load
[runlim] sample:		1749.02 time, 1750.01 real, 439 MB, 1.22 load
[runlim] sample:		1759.02 time, 1760.01 real, 436 MB, 1.19 load
[runlim] sample:		1769.01 time, 1770.01 real, 436 MB, 1.16 load
[runlim] sample:		1779.01 time, 1780.01 real, 436 MB, 1.13 load
[runlim] sample:		1789.01 time, 1790.01 real, 436 MB, 1.11 load
[runlim] sample:		1799.00 time, 1800.01 real, 437 MB, 1.09 load
[runlim] sample:		1809.00 time, 1810.01 real, 437 MB, 1.08 load
[runlim] sample:		1818.99 time, 1820.01 real, 437 MB, 1.07 load
[runlim] sample:		1828.99 time, 1830.01 real, 437 MB, 1.06 load
[runlim] sample:		1838.98 time, 1840.01 real, 437 MB, 1.05 load
[runlim] sample:		1848.98 time, 1850.01 real, 439 MB, 1.04 load
[runlim] sample:		1858.97 time, 1860.01 real, 439 MB, 1.03 load
[runlim] sample:		1868.97 time, 1870.01 real, 439 MB, 1.03 load
[runlim] sample:		1878.96 time, 1880.01 real, 439 MB, 1.02 load
[runlim] sample:		1888.96 time, 1890.01 real, 439 MB, 1.02 load
[runlim] sample:		1898.95 time, 1900.01 real, 439 MB, 1.02 load
[runlim] sample:		1908.95 time, 1910.01 real, 439 MB, 1.01 load
[runlim] sample:		1918.94 time, 1920.01 real, 439 MB, 1.01 load
[runlim] sample:		1928.94 time, 1930.01 real, 439 MB, 1.01 load
SAT

=> TOTAL COMPLETION TIME (Makespan / UB): 656
Schedule is valid
 Time taken: 1939.16 seconds
[runlim] sample:		1938.94 time, 1940.01 real, 439 MB, 1.01 load
[runlim] sample:		1948.93 time, 1950.01 real, 439 MB, 1.00 load
[runlim] sample:		1958.93 time, 1960.01 real, 439 MB, 1.00 load
[runlim] sample:		1968.92 time, 1970.01 real, 440 MB, 1.00 load
[runlim] sample:		1978.92 time, 1980.01 real, 376 MB, 1.00 load
[runlim] sample:		1988.92 time, 1990.01 real, 376 MB, 1.00 load
[runlim] sample:		1998.91 time, 2000.01 real, 377 MB, 1.00 load
[runlim] sample:		2008.91 time, 2010.01 real, 377 MB, 1.00 load
[runlim] sample:		2018.90 time, 2020.01 real, 377 MB, 1.00 load
[runlim] sample:		2028.89 time, 2030.01 real, 378 MB, 1.00 load
[runlim] sample:		2038.89 time, 2040.01 real, 378 MB, 1.00 load
[runlim] sample:		2048.89 time, 2050.01 real, 378 MB, 1.00 load
[runlim] sample:		2058.88 time, 2060.01 real, 378 MB, 1.00 load
[runlim] sample:		2068.88 time, 2070.01 real, 378 MB, 1.08 load
[runlim] sample:		2078.88 time, 2080.01 real, 378 MB, 1.15 load
[runlim] sample:		2088.88 time, 2090.01 real, 378 MB, 1.20 load
[runlim] sample:		2098.87 time, 2100.01 real, 378 MB, 1.17 load
[runlim] sample:		2108.86 time, 2110.01 real, 378 MB, 1.14 load
[runlim] sample:		2118.85 time, 2120.01 real, 378 MB, 1.12 load
[runlim] sample:		2128.85 time, 2130.01 real, 378 MB, 1.10 load
SAT

=> TOTAL COMPLETION TIME (Makespan / UB): 655
Schedule is valid
 Time taken: 2139.07 seconds
[runlim] sample:		2138.84 time, 2140.01 real, 378 MB, 1.08 load
[runlim] sample:		2148.84 time, 2150.01 real, 378 MB, 1.07 load
[runlim] sample:		2158.84 time, 2160.01 real, 378 MB, 1.06 load
[runlim] sample:		2168.84 time, 2170.01 real, 378 MB, 1.05 load
[runlim] sample:		2178.83 time, 2180.01 real, 379 MB, 1.04 load
[runlim] sample:		2188.83 time, 2190.01 real, 379 MB, 1.04 load
[runlim] sample:		2198.82 time, 2200.01 real, 379 MB, 1.03 load
[runlim] sample:		2208.82 time, 2210.01 real, 379 MB, 1.02 load
[runlim] sample:		2218.81 time, 2220.01 real, 467 MB, 1.02 load
[runlim] sample:		2228.82 time, 2230.01 real, 379 MB, 1.09 load
[runlim] sample:		2238.80 time, 2240.01 real, 379 MB, 1.08 load
[runlim] sample:		2248.80 time, 2250.01 real, 379 MB, 1.06 load
[runlim] sample:		2258.79 time, 2260.01 real, 379 MB, 1.05 load
[runlim] sample:		2268.79 time, 2270.01 real, 379 MB, 1.04 load
[runlim] sample:		2278.79 time, 2280.01 real, 395 MB, 1.04 load
[runlim] sample:		2288.78 time, 2290.01 real, 395 MB, 1.03 load
[runlim] sample:		2298.78 time, 2300.01 real, 395 MB, 1.03 load
[runlim] sample:		2308.78 time, 2310.01 real, 395 MB, 1.02 load
[runlim] sample:		2318.77 time, 2320.01 real, 396 MB, 1.02 load
[runlim] sample:		2328.77 time, 2330.01 real, 396 MB, 1.01 load
[runlim] sample:		2338.76 time, 2340.01 real, 396 MB, 1.01 load
[runlim] sample:		2348.76 time, 2350.01 real, 396 MB, 1.01 load
[runlim] sample:		2358.76 time, 2360.01 real, 396 MB, 1.01 load
[runlim] sample:		2368.75 time, 2370.01 real, 396 MB, 1.01 load
[runlim] sample:		2378.75 time, 2380.01 real, 443 MB, 1.00 load
[runlim] sample:		2388.74 time, 2390.01 real, 426 MB, 1.00 load
[runlim] sample:		2398.74 time, 2400.01 real, 426 MB, 1.00 load
[runlim] sample:		2408.73 time, 2410.01 real, 426 MB, 1.00 load
[runlim] sample:		2418.73 time, 2420.01 real, 426 MB, 1.00 load
[runlim] sample:		2428.72 time, 2430.01 real, 426 MB, 1.00 load
[runlim] sample:		2438.71 time, 2440.01 real, 426 MB, 1.00 load
[runlim] sample:		2448.71 time, 2450.01 real, 426 MB, 1.00 load
[runlim] sample:		2458.70 time, 2460.01 real, 426 MB, 1.00 load
[runlim] sample:		2468.70 time, 2470.01 real, 426 MB, 1.00 load
[runlim] sample:		2478.69 time, 2480.01 real, 426 MB, 1.00 load
[runlim] sample:		2488.69 time, 2490.01 real, 426 MB, 1.00 load
[runlim] sample:		2498.68 time, 2500.01 real, 427 MB, 1.00 load
[runlim] sample:		2508.68 time, 2510.01 real, 427 MB, 1.00 load
[runlim] sample:		2518.68 time, 2520.01 real, 427 MB, 1.00 load
[runlim] sample:		2528.67 time, 2530.01 real, 427 MB, 1.00 load
[runlim] sample:		2538.66 time, 2540.01 real, 459 MB, 1.00 load
[runlim] sample:		2548.66 time, 2550.01 real, 459 MB, 1.00 load
[runlim] sample:		2558.65 time, 2560.01 real, 459 MB, 1.00 load
[runlim] sample:		2568.65 time, 2570.01 real, 459 MB, 1.00 load
[runlim] sample:		2578.65 time, 2580.01 real, 459 MB, 1.08 load
[runlim] sample:		2588.64 time, 2590.01 real, 459 MB, 1.14 load
[runlim] sample:		2598.64 time, 2600.01 real, 459 MB, 1.12 load
[runlim] sample:		2608.63 time, 2610.01 real, 459 MB, 1.10 load
[runlim] sample:		2618.63 time, 2620.01 real, 459 MB, 1.08 load
[runlim] sample:		2628.63 time, 2630.01 real, 459 MB, 1.07 load
[runlim] sample:		2638.62 time, 2640.01 real, 459 MB, 1.14 load
[runlim] sample:		2648.62 time, 2650.01 real, 459 MB, 1.12 load
[runlim] sample:		2658.61 time, 2660.01 real, 459 MB, 1.18 load
[runlim] sample:		2668.61 time, 2670.01 real, 459 MB, 1.15 load
[runlim] sample:		2678.60 time, 2680.01 real, 460 MB, 1.21 load
[runlim] sample:		2688.59 time, 2690.01 real, 460 MB, 1.18 load
[runlim] sample:		2698.59 time, 2700.01 real, 397 MB, 1.23 load
[runlim] sample:		2708.58 time, 2710.01 real, 397 MB, 1.19 load
[runlim] sample:		2718.58 time, 2720.01 real, 397 MB, 1.16 load
[runlim] sample:		2728.57 time, 2730.01 real, 397 MB, 1.14 load
[runlim] sample:		2738.57 time, 2740.01 real, 397 MB, 1.12 load
[runlim] sample:		2748.57 time, 2750.01 real, 397 MB, 1.10 load
[runlim] sample:		2758.56 time, 2760.01 real, 397 MB, 1.08 load
[runlim] sample:		2768.56 time, 2770.01 real, 397 MB, 1.07 load
[runlim] sample:		2778.55 time, 2780.01 real, 397 MB, 1.06 load
[runlim] sample:		2788.55 time, 2790.01 real, 409 MB, 1.05 load
[runlim] sample:		2798.54 time, 2800.01 real, 409 MB, 1.04 load
[runlim] sample:		2808.54 time, 2810.01 real, 409 MB, 1.03 load
[runlim] sample:		2818.53 time, 2820.01 real, 409 MB, 1.03 load
[runlim] sample:		2828.53 time, 2830.01 real, 409 MB, 1.02 load
[runlim] sample:		2838.53 time, 2840.01 real, 409 MB, 1.02 load
[runlim] sample:		2848.52 time, 2850.01 real, 409 MB, 1.02 load
[runlim] sample:		2858.52 time, 2860.01 real, 414 MB, 1.01 load
[runlim] sample:		2868.52 time, 2870.01 real, 457 MB, 1.01 load
[runlim] sample:		2878.51 time, 2880.01 real, 457 MB, 1.01 load
[runlim] sample:		2888.51 time, 2890.01 real, 457 MB, 1.01 load
[runlim] sample:		2898.51 time, 2900.01 real, 457 MB, 1.00 load
[runlim] sample:		2908.50 time, 2910.01 real, 457 MB, 1.00 load
[runlim] sample:		2918.49 time, 2920.01 real, 457 MB, 1.00 load
[runlim] sample:		2928.49 time, 2930.01 real, 457 MB, 1.00 load
[runlim] sample:		2938.48 time, 2940.01 real, 457 MB, 1.00 load
[runlim] sample:		2948.48 time, 2950.01 real, 457 MB, 1.00 load
[runlim] sample:		2958.47 time, 2960.01 real, 457 MB, 1.00 load
[runlim] sample:		2968.47 time, 2970.01 real, 457 MB, 1.00 load
[runlim] sample:		2978.46 time, 2980.01 real, 457 MB, 1.00 load
[runlim] sample:		2988.46 time, 2990.01 real, 457 MB, 1.00 load
[runlim] sample:		2998.46 time, 3000.01 real, 457 MB, 1.00 load
[runlim] sample:		3008.45 time, 3010.01 real, 457 MB, 1.00 load
[runlim] sample:		3018.45 time, 3020.01 real, 457 MB, 1.00 load
[runlim] sample:		3028.45 time, 3030.01 real, 457 MB, 1.00 load
[runlim] sample:		3038.44 time, 3040.01 real, 398 MB, 1.00 load
[runlim] sample:		3048.44 time, 3050.01 real, 415 MB, 1.00 load
[runlim] sample:		3058.44 time, 3060.01 real, 415 MB, 1.00 load
[runlim] sample:		3068.43 time, 3070.01 real, 415 MB, 1.00 load
[runlim] sample:		3078.43 time, 3080.01 real, 415 MB, 1.08 load
[runlim] sample:		3088.42 time, 3090.01 real, 415 MB, 1.14 load
[runlim] sample:		3098.42 time, 3100.01 real, 415 MB, 1.12 load
[runlim] sample:		3108.41 time, 3110.01 real, 415 MB, 1.10 load
[runlim] sample:		3118.41 time, 3120.01 real, 415 MB, 1.08 load
[runlim] sample:		3128.40 time, 3130.01 real, 415 MB, 1.07 load
[runlim] sample:		3138.40 time, 3140.01 real, 415 MB, 1.06 load
[runlim] sample:		3148.40 time, 3150.01 real, 415 MB, 1.05 load
[runlim] sample:		3158.39 time, 3160.01 real, 415 MB, 1.04 load
[runlim] sample:		3168.38 time, 3170.01 real, 416 MB, 1.04 load
[runlim] sample:		3178.38 time, 3180.01 real, 416 MB, 1.03 load
[runlim] sample:		3188.38 time, 3190.01 real, 416 MB, 1.02 load
[runlim] sample:		3198.36 time, 3200.01 real, 449 MB, 1.02 load
[runlim] sample:		3208.37 time, 3210.01 real, 416 MB, 1.02 load
[runlim] sample:		3218.36 time, 3220.01 real, 416 MB, 1.01 load
[runlim] sample:		3228.35 time, 3230.01 real, 416 MB, 1.01 load
[runlim] sample:		3238.35 time, 3240.01 real, 416 MB, 1.01 load
[runlim] sample:		3248.34 time, 3250.01 real, 416 MB, 1.01 load
[runlim] sample:		3258.34 time, 3260.01 real, 416 MB, 1.01 load
[runlim] sample:		3268.33 time, 3270.01 real, 416 MB, 1.00 load
[runlim] sample:		3278.33 time, 3280.01 real, 416 MB, 1.00 load
[runlim] sample:		3288.33 time, 3290.01 real, 418 MB, 1.08 load
[runlim] sample:		3298.33 time, 3300.01 real, 418 MB, 1.06 load
[runlim] sample:		3308.32 time, 3310.01 real, 418 MB, 1.05 load
[runlim] sample:		3318.32 time, 3320.01 real, 418 MB, 1.05 load
[runlim] sample:		3328.31 time, 3330.01 real, 418 MB, 1.04 load
[runlim] sample:		3338.31 time, 3340.01 real, 418 MB, 1.03 load
[runlim] sample:		3348.31 time, 3350.01 real, 418 MB, 1.03 load
[runlim] sample:		3358.30 time, 3360.01 real, 418 MB, 1.02 load
[runlim] sample:		3368.29 time, 3370.01 real, 418 MB, 1.02 load
[runlim] sample:		3378.29 time, 3380.01 real, 418 MB, 1.02 load
[runlim] sample:		3388.29 time, 3390.01 real, 462 MB, 1.01 load
[runlim] sample:		3398.28 time, 3400.01 real, 462 MB, 1.01 load
[runlim] sample:		3408.28 time, 3410.01 real, 462 MB, 1.01 load
[runlim] sample:		3418.28 time, 3420.01 real, 462 MB, 1.01 load
[runlim] sample:		3428.27 time, 3430.01 real, 463 MB, 1.00 load
[runlim] sample:		3438.27 time, 3440.01 real, 463 MB, 1.00 load
[runlim] sample:		3448.26 time, 3450.01 real, 463 MB, 1.00 load
[runlim] sample:		3458.25 time, 3460.01 real, 463 MB, 1.00 load
[runlim] sample:		3468.25 time, 3470.01 real, 463 MB, 1.00 load
[runlim] sample:		3478.25 time, 3480.01 real, 463 MB, 1.00 load
[runlim] sample:		3488.24 time, 3490.01 real, 463 MB, 1.00 load
[runlim] sample:		3498.24 time, 3500.01 real, 463 MB, 1.00 load
[runlim] sample:		3508.24 time, 3510.01 real, 463 MB, 1.00 load
[runlim] sample:		3518.23 time, 3520.01 real, 463 MB, 1.00 load
[runlim] sample:		3528.23 time, 3530.01 real, 463 MB, 1.00 load
[runlim] sample:		3538.22 time, 3540.01 real, 463 MB, 1.00 load
[runlim] sample:		3548.22 time, 3550.01 real, 463 MB, 1.00 load
[runlim] sample:		3558.22 time, 3560.01 real, 463 MB, 1.07 load
[runlim] sample:		3568.21 time, 3570.01 real, 463 MB, 1.06 load
[runlim] sample:		3578.20 time, 3580.01 real, 463 MB, 1.13 load
[runlim] sample:		3588.20 time, 3590.01 real, 420 MB, 1.19 load
[runlim] sample:		3598.19 time, 3600.01 real, 420 MB, 1.16 load
[runlim] sample:		3608.19 time, 3610.01 real, 420 MB, 1.21 load
[runlim] sample:		3618.19 time, 3620.01 real, 420 MB, 1.25 load
[runlim] sample:		3628.18 time, 3630.01 real, 420 MB, 1.21 load
[runlim] sample:		3638.18 time, 3640.01 real, 420 MB, 1.25 load
[runlim] sample:		3648.17 time, 3650.01 real, 420 MB, 1.21 load
[runlim] sample:		3658.17 time, 3660.01 real, 421 MB, 1.25 load
[runlim] sample:		3668.16 time, 3670.01 real, 421 MB, 1.21 load
[runlim] sample:		3678.16 time, 3680.01 real, 421 MB, 1.18 load
[runlim] sample:		3688.15 time, 3690.01 real, 421 MB, 1.15 load
[runlim] sample:		3698.15 time, 3700.01 real, 421 MB, 1.13 load
[runlim] sample:		3708.14 time, 3710.01 real, 421 MB, 1.11 load
[runlim] sample:		3718.14 time, 3720.01 real, 421 MB, 1.09 load
[runlim] sample:		3728.14 time, 3730.01 real, 421 MB, 1.08 load
[runlim] sample:		3738.13 time, 3740.01 real, 428 MB, 1.06 load
[runlim] sample:		3748.12 time, 3750.01 real, 428 MB, 1.05 load
[runlim] sample:		3758.12 time, 3760.01 real, 428 MB, 1.05 load
[runlim] sample:		3768.11 time, 3770.01 real, 428 MB, 1.04 load
[runlim] sample:		3778.11 time, 3780.01 real, 428 MB, 1.11 load
[runlim] sample:		3788.11 time, 3790.01 real, 437 MB, 1.09 load
[runlim] sample:		3798.10 time, 3800.01 real, 437 MB, 1.08 load
[runlim] sample:		3808.09 time, 3810.01 real, 437 MB, 1.07 load
[runlim] sample:		3818.09 time, 3820.01 real, 437 MB, 1.06 load
[runlim] sample:		3828.09 time, 3830.01 real, 437 MB, 1.05 load
[runlim] sample:		3838.08 time, 3840.01 real, 437 MB, 1.04 load
[runlim] sample:		3848.08 time, 3850.01 real, 437 MB, 1.03 load
[runlim] sample:		3858.07 time, 3860.01 real, 437 MB, 1.03 load
[runlim] sample:		3868.07 time, 3870.01 real, 437 MB, 1.02 load
[runlim] sample:		3878.06 time, 3880.01 real, 437 MB, 1.02 load
[runlim] sample:		3888.06 time, 3890.01 real, 437 MB, 1.02 load
[runlim] sample:		3898.05 time, 3900.01 real, 438 MB, 1.01 load
[runlim] sample:		3908.05 time, 3910.01 real, 438 MB, 1.01 load
[runlim] sample:		3918.04 time, 3920.01 real, 438 MB, 1.01 load
[runlim] sample:		3928.04 time, 3930.01 real, 438 MB, 1.08 load
[runlim] sample:		3938.04 time, 3940.01 real, 438 MB, 1.07 load
[runlim] sample:		3948.03 time, 3950.01 real, 438 MB, 1.06 load
[runlim] sample:		3958.03 time, 3960.01 real, 438 MB, 1.05 load
[runlim] sample:		3968.03 time, 3970.01 real, 438 MB, 1.04 load
[runlim] sample:		3978.03 time, 3980.01 real, 438 MB, 1.03 load
SAT

=> TOTAL COMPLETION TIME (Makespan / UB): 654
Schedule is valid
 Time taken: 3981.00 seconds
[runlim] sample:		3988.02 time, 3990.01 real, 438 MB, 1.03 load
[runlim] sample:		3998.01 time, 4000.01 real, 463 MB, 1.02 load
[runlim] sample:		4008.01 time, 4010.01 real, 463 MB, 1.02 load
[runlim] sample:		4018.00 time, 4020.01 real, 463 MB, 1.02 load
[runlim] sample:		4028.00 time, 4030.01 real, 463 MB, 1.01 load
[runlim] sample:		4037.99 time, 4040.01 real, 415 MB, 1.01 load
[runlim] sample:		4047.99 time, 4050.01 real, 415 MB, 1.01 load
[runlim] sample:		4057.98 time, 4060.01 real, 415 MB, 1.01 load
[runlim] sample:		4067.98 time, 4070.01 real, 416 MB, 1.00 load
[runlim] sample:		4077.97 time, 4080.01 real, 416 MB, 1.08 load
[runlim] sample:		4087.97 time, 4090.01 real, 416 MB, 1.15 load
[runlim] sample:		4097.96 time, 4100.01 real, 416 MB, 1.12 load
[runlim] sample:		4107.97 time, 4110.01 real, 414 MB, 1.10 load
[runlim] sample:		4117.96 time, 4120.01 real, 414 MB, 1.09 load
[runlim] sample:		4127.95 time, 4130.01 real, 414 MB, 1.07 load
[runlim] sample:		4137.95 time, 4140.01 real, 415 MB, 1.06 load
[runlim] sample:		4147.94 time, 4150.01 real, 415 MB, 1.05 load
[runlim] sample:		4157.94 time, 4160.01 real, 415 MB, 1.04 load
[runlim] sample:		4167.93 time, 4170.01 real, 414 MB, 1.04 load
[runlim] sample:		4177.93 time, 4180.01 real, 425 MB, 1.03 load
[runlim] sample:		4187.92 time, 4190.01 real, 425 MB, 1.02 load
[runlim] sample:		4197.92 time, 4200.01 real, 425 MB, 1.02 load
[runlim] sample:		4207.91 time, 4210.01 real, 425 MB, 1.02 load
[runlim] sample:		4217.91 time, 4220.01 real, 425 MB, 1.01 load
[runlim] sample:		4227.90 time, 4230.01 real, 425 MB, 1.01 load
[runlim] sample:		4237.90 time, 4240.01 real, 425 MB, 1.01 load
[runlim] sample:		4247.89 time, 4250.01 real, 424 MB, 1.01 load
[runlim] sample:		4257.89 time, 4260.01 real, 424 MB, 1.08 load
[runlim] sample:		4267.88 time, 4270.01 real, 424 MB, 1.07 load
[runlim] sample:		4277.88 time, 4280.01 real, 424 MB, 1.06 load
[runlim] sample:		4287.88 time, 4290.01 real, 424 MB, 1.05 load
[runlim] sample:		4297.87 time, 4300.01 real, 424 MB, 1.04 load
[runlim] sample:		4307.88 time, 4310.01 real, 424 MB, 1.03 load
[runlim] sample:		4317.87 time, 4320.01 real, 424 MB, 1.03 load
[runlim] sample:		4327.87 time, 4330.01 real, 424 MB, 1.02 load
[runlim] sample:		4337.86 time, 4340.01 real, 424 MB, 1.02 load
[runlim] sample:		4347.86 time, 4350.01 real, 424 MB, 1.02 load
[runlim] sample:		4357.85 time, 4360.01 real, 424 MB, 1.01 load
[runlim] sample:		4367.85 time, 4370.01 real, 424 MB, 1.01 load
[runlim] sample:		4377.85 time, 4380.01 real, 424 MB, 1.01 load
[runlim] sample:		4387.84 time, 4390.01 real, 455 MB, 1.01 load
[runlim] sample:		4397.84 time, 4400.01 real, 455 MB, 1.00 load
[runlim] sample:		4407.83 time, 4410.01 real, 455 MB, 1.00 load
[runlim] sample:		4417.83 time, 4420.01 real, 455 MB, 1.00 load
[runlim] sample:		4427.83 time, 4430.01 real, 455 MB, 1.00 load
[runlim] sample:		4437.82 time, 4440.01 real, 455 MB, 1.00 load
[runlim] sample:		4447.82 time, 4450.01 real, 455 MB, 1.00 load
[runlim] sample:		4457.81 time, 4460.01 real, 455 MB, 1.00 load
[runlim] sample:		4467.81 time, 4470.01 real, 455 MB, 1.00 load
[runlim] sample:		4477.81 time, 4480.01 real, 455 MB, 1.00 load
[runlim] sample:		4487.80 time, 4490.01 real, 455 MB, 1.00 load
[runlim] sample:		4497.80 time, 4500.01 real, 455 MB, 1.00 load
[runlim] sample:		4507.79 time, 4510.01 real, 455 MB, 1.00 load
[runlim] sample:		4517.79 time, 4520.01 real, 455 MB, 1.00 load
[runlim] sample:		4527.79 time, 4530.01 real, 455 MB, 1.00 load
[runlim] sample:		4537.78 time, 4540.01 real, 455 MB, 1.00 load
[runlim] sample:		4547.77 time, 4550.01 real, 455 MB, 1.00 load
[runlim] sample:		4557.77 time, 4560.01 real, 455 MB, 1.00 load
[runlim] sample:		4567.77 time, 4570.01 real, 428 MB, 1.00 load
[runlim] sample:		4577.76 time, 4580.01 real, 428 MB, 1.23 load
[runlim] sample:		4587.76 time, 4590.01 real, 428 MB, 1.27 load
[runlim] sample:		4597.75 time, 4600.01 real, 428 MB, 1.22 load
[runlim] sample:		4607.74 time, 4610.01 real, 428 MB, 1.19 load
[runlim] sample:		4617.74 time, 4620.01 real, 428 MB, 1.16 load
[runlim] sample:		4627.73 time, 4630.01 real, 428 MB, 1.13 load
[runlim] sample:		4637.73 time, 4640.01 real, 428 MB, 1.11 load
[runlim] sample:		4647.72 time, 4650.01 real, 428 MB, 1.10 load
[runlim] sample:		4657.72 time, 4660.01 real, 428 MB, 1.08 load
[runlim] sample:		4667.72 time, 4670.01 real, 428 MB, 1.07 load
[runlim] sample:		4677.71 time, 4680.01 real, 428 MB, 1.06 load
[runlim] sample:		4687.71 time, 4690.01 real, 429 MB, 1.05 load
[runlim] sample:		4697.71 time, 4700.01 real, 429 MB, 1.04 load
[runlim] sample:		4707.70 time, 4710.01 real, 429 MB, 1.03 load
[runlim] sample:		4717.70 time, 4720.01 real, 429 MB, 1.03 load
[runlim] sample:		4727.70 time, 4730.01 real, 429 MB, 1.02 load
[runlim] sample:		4737.69 time, 4740.01 real, 429 MB, 1.02 load
[runlim] sample:		4747.69 time, 4750.01 real, 429 MB, 1.02 load
[runlim] sample:		4757.68 time, 4760.01 real, 429 MB, 1.01 load
[runlim] sample:		4767.68 time, 4770.01 real, 429 MB, 1.08 load
[runlim] sample:		4777.67 time, 4780.01 real, 429 MB, 1.07 load
[runlim] sample:		4787.67 time, 4790.01 real, 444 MB, 1.06 load
[runlim] sample:		4797.67 time, 4800.01 real, 444 MB, 1.05 load
[runlim] sample:		4807.66 time, 4810.01 real, 444 MB, 1.04 load
[runlim] sample:		4817.66 time, 4820.01 real, 444 MB, 1.04 load
[runlim] sample:		4827.66 time, 4830.01 real, 444 MB, 1.03 load
[runlim] sample:		4837.65 time, 4840.01 real, 444 MB, 1.02 load
[runlim] sample:		4847.65 time, 4850.01 real, 444 MB, 1.02 load
[runlim] sample:		4857.65 time, 4860.01 real, 444 MB, 1.02 load
[runlim] sample:		4867.64 time, 4870.01 real, 444 MB, 1.01 load
[runlim] sample:		4877.64 time, 4880.01 real, 444 MB, 1.01 load
[runlim] sample:		4887.63 time, 4890.01 real, 444 MB, 1.08 load
[runlim] sample:		4897.63 time, 4900.01 real, 444 MB, 1.07 load
[runlim] sample:		4907.63 time, 4910.01 real, 444 MB, 1.06 load
[runlim] sample:		4917.62 time, 4920.01 real, 444 MB, 1.21 load
[runlim] sample:		4927.62 time, 4930.01 real, 444 MB, 1.18 load
[runlim] sample:		4937.61 time, 4940.01 real, 444 MB, 1.22 load
[runlim] sample:		4947.61 time, 4950.01 real, 444 MB, 1.19 load
[runlim] sample:		4957.60 time, 4960.01 real, 444 MB, 1.16 load
[runlim] sample:		4967.60 time, 4970.01 real, 444 MB, 1.13 load
[runlim] sample:		4977.59 time, 4980.01 real, 444 MB, 1.11 load
[runlim] sample:		4987.59 time, 4990.01 real, 451 MB, 1.10 load
[runlim] sample:		4997.59 time, 5000.01 real, 451 MB, 1.08 load
[runlim] sample:		5007.58 time, 5010.01 real, 451 MB, 1.07 load
[runlim] sample:		5017.58 time, 5020.01 real, 451 MB, 1.06 load
[runlim] sample:		5027.57 time, 5030.01 real, 451 MB, 1.05 load
[runlim] sample:		5037.57 time, 5040.01 real, 451 MB, 1.04 load
[runlim] sample:		5047.57 time, 5050.01 real, 451 MB, 1.03 load
[runlim] sample:		5057.56 time, 5060.01 real, 451 MB, 1.03 load
[runlim] sample:		5067.56 time, 5070.01 real, 451 MB, 1.02 load
[runlim] sample:		5077.55 time, 5080.01 real, 451 MB, 1.10 load
[runlim] sample:		5087.54 time, 5090.01 real, 451 MB, 1.16 load
[runlim] sample:		5097.54 time, 5100.01 real, 451 MB, 1.13 load
[runlim] sample:		5107.54 time, 5110.01 real, 451 MB, 1.11 load
[runlim] sample:		5117.53 time, 5120.01 real, 451 MB, 1.09 load
[runlim] sample:		5127.53 time, 5130.01 real, 451 MB, 1.08 load
[runlim] sample:		5137.52 time, 5140.01 real, 451 MB, 1.07 load
[runlim] sample:		5147.52 time, 5150.01 real, 452 MB, 1.06 load
[runlim] sample:		5157.51 time, 5160.01 real, 452 MB, 1.05 load
[runlim] sample:		5167.51 time, 5170.01 real, 452 MB, 1.04 load
[runlim] sample:		5177.50 time, 5180.01 real, 452 MB, 1.03 load
[runlim] sample:		5187.50 time, 5190.01 real, 452 MB, 1.03 load
[runlim] sample:		5197.50 time, 5200.01 real, 454 MB, 1.02 load
[runlim] sample:		5207.49 time, 5210.01 real, 454 MB, 1.02 load
[runlim] sample:		5217.49 time, 5220.01 real, 454 MB, 1.02 load
[runlim] sample:		5227.49 time, 5230.01 real, 453 MB, 1.01 load
[runlim] sample:		5237.49 time, 5240.01 real, 453 MB, 1.09 load
[runlim] sample:		5247.48 time, 5250.01 real, 453 MB, 1.08 load
[runlim] sample:		5257.48 time, 5260.01 real, 453 MB, 1.06 load
[runlim] sample:		5267.47 time, 5270.01 real, 453 MB, 1.05 load
[runlim] sample:		5277.47 time, 5280.01 real, 453 MB, 1.04 load
[runlim] sample:		5287.46 time, 5290.01 real, 453 MB, 1.04 load
[runlim] sample:		5297.46 time, 5300.01 real, 453 MB, 1.03 load
[runlim] sample:		5307.45 time, 5310.01 real, 454 MB, 1.03 load
[runlim] sample:		5317.45 time, 5320.01 real, 454 MB, 1.10 load
[runlim] sample:		5327.44 time, 5330.01 real, 454 MB, 1.09 load
[runlim] sample:		5337.44 time, 5340.01 real, 454 MB, 1.07 load
[runlim] sample:		5347.43 time, 5350.01 real, 454 MB, 1.06 load
[runlim] sample:		5357.43 time, 5360.01 real, 454 MB, 1.05 load
[runlim] sample:		5367.43 time, 5370.01 real, 454 MB, 1.04 load
SAT

=> TOTAL COMPLETION TIME (Makespan / UB): 653
Schedule is valid
 Time taken: 5375.95 seconds
[runlim] sample:		5377.42 time, 5380.01 real, 454 MB, 1.04 load
[runlim] sample:		5387.41 time, 5390.01 real, 454 MB, 1.03 load
[runlim] sample:		5397.41 time, 5400.01 real, 454 MB, 1.10 load
[runlim] sample:		5407.40 time, 5410.01 real, 454 MB, 1.08 load
[runlim] sample:		5417.41 time, 5420.01 real, 457 MB, 1.07 load
[runlim] sample:		5427.40 time, 5430.01 real, 457 MB, 1.06 load
[runlim] sample:		5437.40 time, 5440.01 real, 457 MB, 1.05 load
SAT

=> TOTAL COMPLETION TIME (Makespan / UB): 652
Schedule is valid
 Time taken: 5442.89 seconds
[runlim] sample:		5447.39 time, 5450.01 real, 457 MB, 1.04 load
[runlim] sample:		5457.39 time, 5460.01 real, 457 MB, 1.03 load
[runlim] sample:		5467.38 time, 5470.01 real, 410 MB, 1.03 load
[runlim] sample:		5477.37 time, 5480.01 real, 410 MB, 1.02 load
[runlim] sample:		5487.37 time, 5490.01 real, 411 MB, 1.02 load
[runlim] sample:		5497.36 time, 5500.01 real, 411 MB, 1.02 load
[runlim] sample:		5507.36 time, 5510.01 real, 411 MB, 1.01 load
[runlim] sample:		5517.35 time, 5520.01 real, 411 MB, 1.01 load
[runlim] sample:		5527.35 time, 5530.01 real, 411 MB, 1.01 load
[runlim] sample:		5537.35 time, 5540.01 real, 412 MB, 1.01 load
[runlim] sample:		5547.34 time, 5550.01 real, 419 MB, 1.01 load
[runlim] sample:		5557.34 time, 5560.01 real, 419 MB, 1.00 load
[runlim] sample:		5567.33 time, 5570.01 real, 419 MB, 1.00 load
[runlim] sample:		5577.33 time, 5580.01 real, 419 MB, 1.08 load
[runlim] sample:		5587.32 time, 5590.01 real, 419 MB, 1.14 load
[runlim] sample:		5597.32 time, 5600.01 real, 419 MB, 1.20 load
[runlim] sample:		5607.31 time, 5610.01 real, 419 MB, 1.17 load
[runlim] sample:		5617.31 time, 5620.01 real, 419 MB, 1.14 load
[runlim] sample:		5627.30 time, 5630.01 real, 448 MB, 1.12 load
[runlim] sample:		5637.30 time, 5640.01 real, 447 MB, 1.10 load
[runlim] sample:		5647.30 time, 5650.01 real, 447 MB, 1.16 load
[runlim] sample:		5657.30 time, 5660.01 real, 447 MB, 1.14 load
[runlim] sample:		5667.29 time, 5670.01 real, 448 MB, 1.20 load
[runlim] sample:		5677.29 time, 5680.01 real, 448 MB, 1.17 load
[runlim] sample:		5687.28 time, 5690.01 real, 448 MB, 1.14 load
[runlim] sample:		5697.28 time, 5700.01 real, 447 MB, 1.12 load
[runlim] sample:		5707.27 time, 5710.01 real, 447 MB, 1.10 load
[runlim] sample:		5717.27 time, 5720.01 real, 447 MB, 1.23 load
[runlim] sample:		5727.26 time, 5730.01 real, 447 MB, 1.20 load
SAT

=> TOTAL COMPLETION TIME (Makespan / UB): 651
Schedule is valid
 Time taken: 5738.76 seconds
[runlim] sample:		5737.26 time, 5740.01 real, 447 MB, 1.17 load
[runlim] sample:		5747.25 time, 5750.01 real, 447 MB, 1.14 load
[runlim] sample:		5757.25 time, 5760.01 real, 448 MB, 1.12 load
[runlim] sample:		5767.24 time, 5770.01 real, 448 MB, 1.10 load
[runlim] sample:		5777.24 time, 5780.01 real, 448 MB, 1.08 load
[runlim] sample:		5787.24 time, 5790.01 real, 381 MB, 1.07 load
[runlim] sample:		5797.24 time, 5800.01 real, 402 MB, 1.06 load
[runlim] sample:		5807.23 time, 5810.01 real, 402 MB, 1.05 load
[runlim] sample:		5817.23 time, 5820.01 real, 402 MB, 1.04 load
[runlim] sample:		5827.22 time, 5830.01 real, 402 MB, 1.03 load
[runlim] sample:		5837.22 time, 5840.01 real, 402 MB, 1.03 load
[runlim] sample:		5847.22 time, 5850.01 real, 402 MB, 1.02 load
[runlim] sample:		5857.20 time, 5860.01 real, 398 MB, 1.02 load
[runlim] sample:		5867.20 time, 5870.01 real, 398 MB, 1.02 load
[runlim] sample:		5877.20 time, 5880.01 real, 412 MB, 1.01 load
[runlim] sample:		5887.19 time, 5890.01 real, 412 MB, 1.01 load
[runlim] sample:		5897.19 time, 5900.01 real, 412 MB, 1.01 load
[runlim] sample:		5907.19 time, 5910.01 real, 412 MB, 1.01 load
[runlim] sample:		5917.18 time, 5920.01 real, 412 MB, 1.01 load
[runlim] sample:		5927.18 time, 5930.01 real, 413 MB, 1.00 load
[runlim] sample:		5937.17 time, 5940.01 real, 413 MB, 1.00 load
[runlim] sample:		5947.17 time, 5950.01 real, 413 MB, 1.00 load
SAT

=> TOTAL COMPLETION TIME (Makespan / UB): 650
Schedule is valid
 Time taken: 5954.55 seconds
[runlim] sample:		5957.16 time, 5960.01 real, 414 MB, 1.00 load
[runlim] sample:		5967.16 time, 5970.01 real, 414 MB, 1.00 load
[runlim] sample:		5977.16 time, 5980.01 real, 414 MB, 1.00 load
[runlim] sample:		5987.15 time, 5990.01 real, 414 MB, 1.00 load
[runlim] sample:		5997.15 time, 6000.01 real, 414 MB, 1.00 load
[runlim] sample:		6007.14 time, 6010.01 real, 414 MB, 1.00 load
[runlim] sample:		6017.14 time, 6020.01 real, 414 MB, 1.00 load
[runlim] sample:		6027.14 time, 6030.01 real, 414 MB, 1.00 load
[runlim] sample:		6037.13 time, 6040.01 real, 414 MB, 1.00 load
[runlim] sample:		6047.12 time, 6050.01 real, 414 MB, 1.00 load
[runlim] sample:		6057.12 time, 6060.01 real, 414 MB, 1.07 load
[runlim] sample:		6067.11 time, 6070.01 real, 414 MB, 1.06 load
[runlim] sample:		6077.11 time, 6080.01 real, 417 MB, 1.13 load
[runlim] sample:		6087.10 time, 6090.01 real, 417 MB, 1.19 load
[runlim] sample:		6097.10 time, 6100.01 real, 417 MB, 1.16 load
[runlim] sample:		6107.09 time, 6110.01 real, 417 MB, 1.13 load
[runlim] sample:		6117.09 time, 6120.01 real, 431 MB, 1.11 load
[runlim] sample:		6127.08 time, 6130.01 real, 431 MB, 1.09 load
[runlim] sample:		6137.08 time, 6140.01 real, 431 MB, 1.08 load
[runlim] sample:		6147.07 time, 6150.01 real, 431 MB, 1.07 load
[runlim] sample:		6157.07 time, 6160.01 real, 431 MB, 1.06 load
[runlim] sample:		6167.07 time, 6170.01 real, 431 MB, 1.05 load
[runlim] sample:		6177.06 time, 6180.01 real, 431 MB, 1.04 load
[runlim] sample:		6187.06 time, 6190.01 real, 431 MB, 1.11 load
[runlim] sample:		6197.05 time, 6200.01 real, 431 MB, 1.10 load
[runlim] sample:		6207.05 time, 6210.01 real, 431 MB, 1.08 load
[runlim] sample:		6217.04 time, 6220.01 real, 431 MB, 1.07 load
[runlim] sample:		6227.03 time, 6230.01 real, 431 MB, 1.06 load
[runlim] sample:		6237.02 time, 6240.01 real, 431 MB, 1.05 load
[runlim] sample:		6247.02 time, 6250.01 real, 431 MB, 1.04 load
[runlim] sample:		6257.01 time, 6260.01 real, 431 MB, 1.03 load
[runlim] sample:		6267.01 time, 6270.01 real, 431 MB, 1.03 load
[runlim] sample:		6277.00 time, 6280.01 real, 431 MB, 1.02 load
[runlim] sample:		6287.00 time, 6290.01 real, 431 MB, 1.02 load
[runlim] sample:		6297.00 time, 6300.01 real, 431 MB, 1.02 load
[runlim] sample:		6306.99 time, 6310.01 real, 431 MB, 1.01 load
[runlim] sample:		6316.98 time, 6320.01 real, 431 MB, 1.01 load
[runlim] sample:		6326.97 time, 6330.01 real, 396 MB, 1.01 load
[runlim] sample:		6336.96 time, 6340.01 real, 396 MB, 1.01 load
[runlim] sample:		6346.96 time, 6350.01 real, 396 MB, 1.00 load
[runlim] sample:		6356.95 time, 6360.01 real, 396 MB, 1.00 load
[runlim] sample:		6366.96 time, 6370.01 real, 396 MB, 1.00 load
[runlim] sample:		6376.95 time, 6380.01 real, 396 MB, 1.00 load
[runlim] sample:		6386.94 time, 6390.01 real, 396 MB, 1.00 load
[runlim] sample:		6396.94 time, 6400.01 real, 396 MB, 1.00 load
[runlim] sample:		6406.93 time, 6410.01 real, 418 MB, 1.00 load
[runlim] sample:		6416.92 time, 6420.01 real, 418 MB, 1.00 load
[runlim] sample:		6426.92 time, 6430.01 real, 418 MB, 1.00 load
[runlim] sample:		6436.91 time, 6440.01 real, 418 MB, 1.00 load
[runlim] sample:		6446.91 time, 6450.01 real, 418 MB, 1.00 load
[runlim] sample:		6456.90 time, 6460.01 real, 418 MB, 1.00 load
[runlim] sample:		6466.90 time, 6470.01 real, 418 MB, 1.00 load
[runlim] sample:		6476.90 time, 6480.01 real, 418 MB, 1.00 load
[runlim] sample:		6486.89 time, 6490.01 real, 418 MB, 1.00 load
[runlim] sample:		6496.89 time, 6500.01 real, 418 MB, 1.00 load
[runlim] sample:		6506.89 time, 6510.01 real, 418 MB, 1.00 load
[runlim] sample:		6516.88 time, 6520.01 real, 418 MB, 1.00 load
[runlim] sample:		6526.88 time, 6530.01 real, 418 MB, 1.00 load
[runlim] sample:		6536.87 time, 6540.01 real, 418 MB, 1.00 load
[runlim] sample:		6546.87 time, 6550.01 real, 418 MB, 1.00 load
[runlim] sample:		6556.86 time, 6560.01 real, 418 MB, 1.00 load
[runlim] sample:		6566.85 time, 6570.01 real, 460 MB, 1.00 load
[runlim] sample:		6576.84 time, 6580.01 real, 460 MB, 1.08 load
[runlim] sample:		6586.84 time, 6590.01 real, 460 MB, 1.14 load
[runlim] sample:		6596.83 time, 6600.01 real, 460 MB, 1.12 load
[runlim] sample:		6606.83 time, 6610.01 real, 460 MB, 1.10 load
[runlim] sample:		6616.82 time, 6620.01 real, 460 MB, 1.16 load
[runlim] sample:		6626.82 time, 6630.01 real, 460 MB, 1.13 load
[runlim] sample:		6636.82 time, 6640.01 real, 460 MB, 1.19 load
[runlim] sample:		6646.81 time, 6650.01 real, 460 MB, 1.16 load
[runlim] sample:		6656.81 time, 6660.01 real, 460 MB, 1.21 load
[runlim] sample:		6666.81 time, 6670.01 real, 460 MB, 1.17 load
[runlim] sample:		6676.80 time, 6680.01 real, 460 MB, 1.22 load
[runlim] sample:		6686.80 time, 6690.01 real, 460 MB, 1.19 load
[runlim] sample:		6696.79 time, 6700.01 real, 460 MB, 1.16 load
[runlim] sample:		6706.79 time, 6710.01 real, 460 MB, 1.13 load
[runlim] sample:		6716.78 time, 6720.01 real, 460 MB, 1.11 load
[runlim] sample:		6726.78 time, 6730.01 real, 460 MB, 1.09 load
[runlim] sample:		6736.77 time, 6740.01 real, 460 MB, 1.08 load
[runlim] sample:		6746.77 time, 6750.01 real, 460 MB, 1.07 load
[runlim] sample:		6756.76 time, 6760.01 real, 460 MB, 1.06 load
[runlim] sample:		6766.76 time, 6770.01 real, 460 MB, 1.05 load
[runlim] sample:		6776.75 time, 6780.01 real, 460 MB, 1.04 load
[runlim] sample:		6786.75 time, 6790.01 real, 460 MB, 1.03 load
[runlim] sample:		6796.74 time, 6800.01 real, 460 MB, 1.03 load
[runlim] sample:		6806.74 time, 6810.01 real, 460 MB, 1.02 load
[runlim] sample:		6816.74 time, 6820.01 real, 460 MB, 1.02 load
[runlim] sample:		6826.73 time, 6830.01 real, 470 MB, 1.02 load
[runlim] sample:		6836.72 time, 6840.01 real, 470 MB, 1.01 load
[runlim] sample:		6846.72 time, 6850.01 real, 470 MB, 1.01 load
[runlim] sample:		6856.72 time, 6860.01 real, 470 MB, 1.01 load
[runlim] sample:		6866.71 time, 6870.01 real, 470 MB, 1.01 load
[runlim] sample:		6876.71 time, 6880.01 real, 470 MB, 1.00 load
[runlim] sample:		6886.70 time, 6890.01 real, 470 MB, 1.00 load
[runlim] sample:		6896.70 time, 6900.01 real, 470 MB, 1.00 load
[runlim] sample:		6906.69 time, 6910.01 real, 470 MB, 1.00 load
[runlim] sample:		6916.69 time, 6920.01 real, 470 MB, 1.00 load
[runlim] sample:		6926.68 time, 6930.01 real, 470 MB, 1.00 load
[runlim] sample:		6936.68 time, 6940.01 real, 470 MB, 1.00 load
[runlim] sample:		6946.68 time, 6950.01 real, 470 MB, 1.00 load
[runlim] sample:		6956.67 time, 6960.01 real, 470 MB, 1.00 load
[runlim] sample:		6966.66 time, 6970.01 real, 470 MB, 1.00 load
[runlim] sample:		6976.66 time, 6980.01 real, 470 MB, 1.00 load
[runlim] sample:		6986.65 time, 6990.01 real, 470 MB, 1.00 load
[runlim] sample:		6996.65 time, 7000.01 real, 470 MB, 1.00 load
[runlim] sample:		7006.64 time, 7010.01 real, 470 MB, 1.00 load
[runlim] sample:		7016.64 time, 7020.01 real, 470 MB, 1.00 load
[runlim] sample:		7026.64 time, 7030.01 real, 470 MB, 1.00 load
[runlim] sample:		7036.63 time, 7040.01 real, 470 MB, 1.00 load
[runlim] sample:		7046.63 time, 7050.01 real, 470 MB, 1.00 load
[runlim] sample:		7056.62 time, 7060.01 real, 470 MB, 1.00 load
[runlim] sample:		7066.62 time, 7070.01 real, 470 MB, 1.00 load
[runlim] sample:		7076.61 time, 7080.01 real, 470 MB, 1.08 load
[runlim] sample:		7086.61 time, 7090.01 real, 503 MB, 1.14 load
[runlim] sample:		7096.60 time, 7100.01 real, 471 MB, 1.12 load
[runlim] sample:		7106.60 time, 7110.01 real, 471 MB, 1.10 load
[runlim] sample:		7116.59 time, 7120.01 real, 471 MB, 1.08 load
[runlim] sample:		7126.59 time, 7130.01 real, 471 MB, 1.07 load
[runlim] sample:		7136.58 time, 7140.01 real, 471 MB, 1.06 load
[runlim] sample:		7146.58 time, 7150.01 real, 471 MB, 1.05 load
[runlim] sample:		7156.57 time, 7160.01 real, 471 MB, 1.04 load
[runlim] sample:		7166.57 time, 7170.01 real, 471 MB, 1.04 load
[runlim] sample:		7176.56 time, 7180.01 real, 471 MB, 1.03 load
[runlim] sample:		7186.56 time, 7190.01 real, 471 MB, 1.02 load
[runlim] sample:		7196.55 time, 7200.01 real, 471 MB, 1.02 load
[runlim] sample:		7206.55 time, 7210.01 real, 471 MB, 1.02 load
[runlim] sample:		7216.55 time, 7220.01 real, 471 MB, 1.01 load
[runlim] sample:		7226.54 time, 7230.01 real, 471 MB, 1.01 load
[runlim] sample:		7236.54 time, 7240.01 real, 471 MB, 1.01 load
[runlim] sample:		7246.53 time, 7250.01 real, 471 MB, 1.01 load
[runlim] sample:		7256.53 time, 7260.01 real, 471 MB, 1.01 load
[runlim] sample:		7266.53 time, 7270.01 real, 471 MB, 1.17 load
[runlim] sample:		7276.52 time, 7280.01 real, 471 MB, 1.14 load
[runlim] sample:		7286.52 time, 7290.01 real, 471 MB, 1.12 load
[runlim] sample:		7296.51 time, 7300.01 real, 471 MB, 1.10 load
[runlim] sample:		7306.51 time, 7310.01 real, 471 MB, 1.08 load
[runlim] sample:		7316.50 time, 7320.01 real, 471 MB, 1.07 load
[runlim] sample:		7326.50 time, 7330.01 real, 471 MB, 1.06 load
[runlim] sample:		7336.49 time, 7340.01 real, 471 MB, 1.05 load
[runlim] sample:		7346.48 time, 7350.01 real, 471 MB, 1.04 load
[runlim] sample:		7356.48 time, 7360.01 real, 411 MB, 1.03 load
[runlim] sample:		7366.48 time, 7370.01 real, 411 MB, 1.03 load
[runlim] sample:		7376.47 time, 7380.01 real, 411 MB, 1.02 load
[runlim] sample:		7386.47 time, 7390.01 real, 411 MB, 1.02 load
[runlim] sample:		7396.46 time, 7400.01 real, 411 MB, 1.02 load
[runlim] sample:		7406.46 time, 7410.01 real, 411 MB, 1.01 load
[runlim] sample:		7416.45 time, 7420.01 real, 411 MB, 1.01 load
[runlim] sample:		7426.45 time, 7430.01 real, 411 MB, 1.08 load
[runlim] sample:		7436.44 time, 7440.01 real, 411 MB, 1.07 load
[runlim] sample:		7446.44 time, 7450.01 real, 428 MB, 1.06 load
[runlim] sample:		7456.43 time, 7460.01 real, 428 MB, 1.05 load
[runlim] sample:		7466.43 time, 7470.01 real, 428 MB, 1.04 load
[runlim] sample:		7476.42 time, 7480.01 real, 428 MB, 1.03 load
[runlim] sample:		7486.42 time, 7490.01 real, 428 MB, 1.03 load
[runlim] sample:		7496.41 time, 7500.01 real, 428 MB, 1.02 load
[runlim] sample:		7506.41 time, 7510.01 real, 428 MB, 1.02 load
[runlim] sample:		7516.40 time, 7520.01 real, 428 MB, 1.02 load
[runlim] sample:		7526.40 time, 7530.01 real, 428 MB, 1.01 load
[runlim] sample:		7536.39 time, 7540.01 real, 428 MB, 1.01 load
[runlim] sample:		7546.40 time, 7550.01 real, 446 MB, 1.01 load
[runlim] sample:		7556.39 time, 7560.01 real, 446 MB, 1.01 load
[runlim] sample:		7566.39 time, 7570.01 real, 446 MB, 1.01 load
[runlim] sample:		7576.38 time, 7580.01 real, 446 MB, 1.08 load
[runlim] sample:		7586.38 time, 7590.01 real, 446 MB, 1.15 load
[runlim] sample:		7596.37 time, 7600.01 real, 446 MB, 1.12 load
[runlim] sample:		7606.37 time, 7610.01 real, 446 MB, 1.10 load
[runlim] sample:		7616.36 time, 7620.01 real, 446 MB, 1.09 load
[runlim] sample:		7626.36 time, 7630.01 real, 446 MB, 1.07 load
[runlim] sample:		7636.35 time, 7640.01 real, 425 MB, 1.06 load
[runlim] sample:		7646.35 time, 7650.01 real, 425 MB, 1.05 load
[runlim] sample:		7656.34 time, 7660.01 real, 425 MB, 1.04 load
[runlim] sample:		7666.33 time, 7670.01 real, 445 MB, 1.04 load
[runlim] sample:		7676.32 time, 7680.01 real, 445 MB, 1.03 load
[runlim] sample:		7686.32 time, 7690.01 real, 445 MB, 1.02 load
[runlim] sample:		7696.31 time, 7700.01 real, 445 MB, 1.02 load
[runlim] sample:		7706.31 time, 7710.01 real, 445 MB, 1.02 load
[runlim] sample:		7716.30 time, 7720.01 real, 445 MB, 1.01 load
[runlim] sample:		7726.30 time, 7730.01 real, 445 MB, 1.01 load
[runlim] sample:		7736.30 time, 7740.01 real, 445 MB, 1.01 load
[runlim] sample:		7746.29 time, 7750.01 real, 445 MB, 1.08 load
[runlim] sample:		7756.29 time, 7760.01 real, 445 MB, 1.07 load
[runlim] sample:		7766.29 time, 7770.01 real, 538 MB, 1.06 load
[runlim] sample:		7776.29 time, 7780.01 real, 446 MB, 1.05 load
[runlim] sample:		7786.28 time, 7790.01 real, 446 MB, 1.04 load
[runlim] sample:		7796.28 time, 7800.01 real, 446 MB, 1.03 load
[runlim] sample:		7806.27 time, 7810.01 real, 446 MB, 1.03 load
[runlim] sample:		7816.27 time, 7820.01 real, 446 MB, 1.02 load
[runlim] sample:		7826.27 time, 7830.01 real, 446 MB, 1.02 load
[runlim] sample:		7836.26 time, 7840.01 real, 446 MB, 1.02 load
[runlim] sample:		7846.26 time, 7850.01 real, 446 MB, 1.01 load
[runlim] sample:		7856.25 time, 7860.01 real, 451 MB, 1.01 load
[runlim] sample:		7866.24 time, 7870.01 real, 451 MB, 1.01 load
[runlim] sample:		7876.24 time, 7880.01 real, 451 MB, 1.01 load
[runlim] sample:		7886.23 time, 7890.01 real, 451 MB, 1.00 load
[runlim] sample:		7896.23 time, 7900.01 real, 451 MB, 1.08 load
[runlim] sample:		7906.22 time, 7910.01 real, 451 MB, 1.07 load
[runlim] sample:		7916.22 time, 7920.01 real, 469 MB, 1.06 load
[runlim] sample:		7926.22 time, 7930.01 real, 469 MB, 1.05 load
[runlim] sample:		7936.21 time, 7940.01 real, 469 MB, 1.04 load
[runlim] sample:		7946.21 time, 7950.01 real, 469 MB, 1.04 load
[runlim] sample:		7956.20 time, 7960.01 real, 469 MB, 1.03 load
[runlim] sample:		7966.20 time, 7970.01 real, 469 MB, 1.02 load
[runlim] sample:		7976.20 time, 7980.01 real, 452 MB, 1.02 load
[runlim] sample:		7986.19 time, 7990.01 real, 452 MB, 1.02 load
[runlim] sample:		7996.19 time, 8000.01 real, 452 MB, 1.01 load
[runlim] sample:		8006.18 time, 8010.01 real, 452 MB, 1.01 load
[runlim] sample:		8016.18 time, 8020.01 real, 452 MB, 1.01 load
[runlim] sample:		8026.17 time, 8030.01 real, 452 MB, 1.01 load
[runlim] sample:		8036.17 time, 8040.01 real, 452 MB, 1.01 load
[runlim] sample:		8046.16 time, 8050.01 real, 452 MB, 1.00 load
[runlim] sample:		8056.16 time, 8060.01 real, 452 MB, 1.00 load
[runlim] sample:		8066.15 time, 8070.01 real, 452 MB, 1.00 load
[runlim] sample:		8076.15 time, 8080.01 real, 452 MB, 1.08 load
[runlim] sample:		8086.14 time, 8090.01 real, 452 MB, 1.14 load
[runlim] sample:		8096.14 time, 8100.01 real, 452 MB, 1.12 load
[runlim] sample:		8106.13 time, 8110.01 real, 452 MB, 1.10 load
[runlim] sample:		8116.13 time, 8120.01 real, 452 MB, 1.09 load
[runlim] sample:		8126.13 time, 8130.01 real, 452 MB, 1.07 load
[runlim] sample:		8136.12 time, 8140.01 real, 452 MB, 1.06 load
[runlim] sample:		8146.11 time, 8150.01 real, 452 MB, 1.05 load
[runlim] sample:		8156.11 time, 8160.01 real, 453 MB, 1.04 load
[runlim] sample:		8166.10 time, 8170.01 real, 453 MB, 1.04 load
[runlim] sample:		8176.10 time, 8180.01 real, 470 MB, 1.03 load
[runlim] sample:		8186.09 time, 8190.01 real, 470 MB, 1.02 load
[runlim] sample:		8196.09 time, 8200.01 real, 470 MB, 1.02 load
[runlim] sample:		8206.08 time, 8210.01 real, 470 MB, 1.02 load
[runlim] sample:		8216.08 time, 8220.01 real, 470 MB, 1.09 load
[runlim] sample:		8226.08 time, 8230.01 real, 470 MB, 1.08 load
[runlim] sample:		8236.07 time, 8240.01 real, 470 MB, 1.07 load
[runlim] sample:		8246.07 time, 8250.01 real, 470 MB, 1.06 load
[runlim] sample:		8256.06 time, 8260.01 real, 470 MB, 1.05 load
[runlim] sample:		8266.05 time, 8270.01 real, 470 MB, 1.04 load
[runlim] sample:		8276.05 time, 8280.01 real, 470 MB, 1.03 load
[runlim] sample:		8286.04 time, 8290.01 real, 470 MB, 1.03 load
[runlim] sample:		8296.04 time, 8300.01 real, 470 MB, 1.02 load
[runlim] sample:		8306.04 time, 8310.01 real, 470 MB, 1.02 load
[runlim] sample:		8316.03 time, 8320.01 real, 470 MB, 1.02 load
[runlim] sample:		8326.03 time, 8330.01 real, 470 MB, 1.01 load
[runlim] sample:		8336.02 time, 8340.01 real, 470 MB, 1.01 load
[runlim] sample:		8346.02 time, 8350.01 real, 470 MB, 1.01 load
[runlim] sample:		8356.01 time, 8360.01 real, 470 MB, 1.01 load
[runlim] sample:		8366.01 time, 8370.01 real, 471 MB, 1.00 load
[runlim] sample:		8376.00 time, 8380.01 real, 471 MB, 1.08 load
[runlim] sample:		8386.00 time, 8390.01 real, 471 MB, 1.07 load
[runlim] sample:		8395.99 time, 8400.01 real, 471 MB, 1.06 load
[runlim] sample:		8405.99 time, 8410.01 real, 471 MB, 1.05 load
[runlim] sample:		8415.98 time, 8420.01 real, 471 MB, 1.04 load
[runlim] sample:		8425.98 time, 8430.01 real, 471 MB, 1.03 load
[runlim] sample:		8435.97 time, 8440.01 real, 471 MB, 1.03 load
[runlim] sample:		8445.97 time, 8450.01 real, 471 MB, 1.02 load
[runlim] sample:		8455.96 time, 8460.01 real, 471 MB, 1.02 load
[runlim] sample:		8465.96 time, 8470.01 real, 471 MB, 1.02 load
[runlim] sample:		8475.95 time, 8480.01 real, 471 MB, 1.01 load
[runlim] sample:		8485.95 time, 8490.01 real, 471 MB, 1.01 load
[runlim] sample:		8495.95 time, 8500.01 real, 471 MB, 1.01 load
[runlim] sample:		8505.94 time, 8510.01 real, 471 MB, 1.01 load
[runlim] sample:		8515.94 time, 8520.01 real, 471 MB, 1.00 load
[runlim] sample:		8525.93 time, 8530.01 real, 471 MB, 1.00 load
[runlim] sample:		8535.93 time, 8540.01 real, 471 MB, 1.00 load
[runlim] sample:		8545.92 time, 8550.01 real, 471 MB, 1.00 load
[runlim] sample:		8555.92 time, 8560.01 real, 471 MB, 1.00 load
[runlim] sample:		8565.91 time, 8570.01 real, 471 MB, 1.00 load
[runlim] sample:		8575.91 time, 8580.01 real, 471 MB, 1.08 load
[runlim] sample:		8585.90 time, 8590.01 real, 471 MB, 1.14 load
[runlim] sample:		8595.90 time, 8600.01 real, 471 MB, 1.12 load
[runlim] sample:		8605.89 time, 8610.01 real, 471 MB, 1.10 load
[runlim] sample:		8615.88 time, 8620.01 real, 471 MB, 1.08 load
[runlim] sample:		8625.87 time, 8630.01 real, 471 MB, 1.07 load
[runlim] sample:		8635.87 time, 8640.01 real, 471 MB, 1.14 load
[runlim] sample:		8645.86 time, 8650.01 real, 471 MB, 1.12 load
[runlim] sample:		8655.86 time, 8660.01 real, 471 MB, 1.18 load
[runlim] sample:		8665.85 time, 8670.01 real, 471 MB, 1.15 load
[runlim] sample:		8675.85 time, 8680.01 real, 471 MB, 1.13 load
[runlim] sample:		8685.84 time, 8690.01 real, 471 MB, 1.26 load
[runlim] sample:		8695.84 time, 8700.01 real, 471 MB, 1.22 load
[runlim] sample:		8705.83 time, 8710.01 real, 471 MB, 1.18 load
[runlim] sample:		8715.83 time, 8720.01 real, 471 MB, 1.15 load
[runlim] sample:		8725.83 time, 8730.01 real, 472 MB, 1.13 load
[runlim] sample:		8735.82 time, 8740.01 real, 472 MB, 1.11 load
[runlim] sample:		8745.82 time, 8750.01 real, 472 MB, 1.09 load
[runlim] sample:		8755.81 time, 8760.01 real, 472 MB, 1.08 load
[runlim] sample:		8765.81 time, 8770.01 real, 472 MB, 1.07 load
[runlim] sample:		8775.80 time, 8780.01 real, 472 MB, 1.06 load
[runlim] sample:		8785.80 time, 8790.01 real, 472 MB, 1.05 load
[runlim] sample:		8795.79 time, 8800.01 real, 480 MB, 1.04 load
[runlim] sample:		8805.78 time, 8810.01 real, 480 MB, 1.03 load
[runlim] sample:		8815.78 time, 8820.01 real, 480 MB, 1.03 load
[runlim] sample:		8825.77 time, 8830.01 real, 480 MB, 1.02 load
[runlim] sample:		8835.78 time, 8840.01 real, 438 MB, 1.10 load
[runlim] sample:		8845.77 time, 8850.01 real, 438 MB, 1.08 load
[runlim] sample:		8855.77 time, 8860.01 real, 438 MB, 1.07 load
[runlim] sample:		8865.77 time, 8870.01 real, 438 MB, 1.06 load
[runlim] sample:		8875.76 time, 8880.01 real, 438 MB, 1.05 load
[runlim] sample:		8885.76 time, 8890.01 real, 438 MB, 1.04 load
[runlim] sample:		8895.75 time, 8900.01 real, 439 MB, 1.03 load
[runlim] sample:		8905.75 time, 8910.01 real, 439 MB, 1.03 load
[runlim] sample:		8915.74 time, 8920.01 real, 439 MB, 1.02 load
[runlim] sample:		8925.74 time, 8930.01 real, 439 MB, 1.02 load
[runlim] sample:		8935.73 time, 8940.01 real, 439 MB, 1.02 load
[runlim] sample:		8945.73 time, 8950.01 real, 439 MB, 1.01 load
[runlim] sample:		8955.72 time, 8960.01 real, 470 MB, 1.01 load
[runlim] sample:		8965.72 time, 8970.01 real, 471 MB, 1.01 load
[runlim] sample:		8975.71 time, 8980.01 real, 471 MB, 1.01 load
[runlim] sample:		8985.71 time, 8990.01 real, 471 MB, 1.01 load
[runlim] sample:		8995.70 time, 9000.01 real, 471 MB, 1.00 load
[runlim] sample:		9005.70 time, 9010.01 real, 471 MB, 1.00 load
[runlim] sample:		9015.69 time, 9020.01 real, 472 MB, 1.00 load
[runlim] sample:		9025.69 time, 9030.01 real, 472 MB, 1.00 load
[runlim] sample:		9035.68 time, 9040.01 real, 472 MB, 1.00 load
[runlim] sample:		9045.68 time, 9050.01 real, 472 MB, 1.00 load
[runlim] sample:		9055.68 time, 9060.01 real, 472 MB, 1.00 load
[runlim] sample:		9065.68 time, 9070.01 real, 472 MB, 1.00 load
[runlim] sample:		9075.67 time, 9080.01 real, 472 MB, 1.08 load
[runlim] sample:		9085.66 time, 9090.01 real, 473 MB, 1.14 load
[runlim] sample:		9095.66 time, 9100.01 real, 473 MB, 1.12 load
[runlim] sample:		9105.65 time, 9110.01 real, 473 MB, 1.10 load
[runlim] sample:		9115.65 time, 9120.01 real, 473 MB, 1.08 load
[runlim] sample:		9125.65 time, 9130.01 real, 473 MB, 1.07 load
[runlim] sample:		9135.64 time, 9140.01 real, 473 MB, 1.06 load
[runlim] sample:		9145.64 time, 9150.01 real, 473 MB, 1.21 load
[runlim] sample:		9155.63 time, 9160.01 real, 473 MB, 1.18 load
[runlim] sample:		9165.63 time, 9170.01 real, 473 MB, 1.15 load
[runlim] sample:		9175.62 time, 9180.01 real, 473 MB, 1.13 load
[runlim] sample:		9185.62 time, 9190.01 real, 474 MB, 1.11 load
[runlim] sample:		9195.61 time, 9200.01 real, 474 MB, 1.09 load
[runlim] sample:		9205.61 time, 9210.01 real, 474 MB, 1.08 load
[runlim] sample:		9215.60 time, 9220.01 real, 474 MB, 1.06 load
[runlim] sample:		9225.60 time, 9230.01 real, 474 MB, 1.05 load
[runlim] sample:		9235.59 time, 9240.01 real, 474 MB, 1.04 load
[runlim] sample:		9245.59 time, 9250.01 real, 474 MB, 1.04 load
[runlim] sample:		9255.58 time, 9260.01 real, 474 MB, 1.03 load
[runlim] sample:		9265.58 time, 9270.01 real, 474 MB, 1.03 load
[runlim] sample:		9275.58 time, 9280.01 real, 474 MB, 1.02 load
[runlim] sample:		9285.57 time, 9290.01 real, 474 MB, 1.02 load
[runlim] sample:		9295.57 time, 9300.01 real, 474 MB, 1.01 load
[runlim] sample:		9305.56 time, 9310.01 real, 474 MB, 1.01 load
[runlim] sample:		9315.56 time, 9320.01 real, 474 MB, 1.01 load
[runlim] sample:		9325.55 time, 9330.01 real, 474 MB, 1.01 load
[runlim] sample:		9335.55 time, 9340.01 real, 474 MB, 1.01 load
[runlim] sample:		9345.55 time, 9350.01 real, 474 MB, 1.00 load
[runlim] sample:		9355.54 time, 9360.01 real, 474 MB, 1.00 load
[runlim] sample:		9365.54 time, 9370.01 real, 474 MB, 1.00 load
[runlim] sample:		9375.53 time, 9380.01 real, 474 MB, 1.00 load
[runlim] sample:		9385.53 time, 9390.01 real, 474 MB, 1.00 load
[runlim] sample:		9395.52 time, 9400.01 real, 474 MB, 1.00 load
[runlim] sample:		9405.52 time, 9410.01 real, 474 MB, 1.00 load
[runlim] sample:		9415.51 time, 9420.01 real, 474 MB, 1.00 load
[runlim] sample:		9425.51 time, 9430.01 real, 473 MB, 1.00 load
[runlim] sample:		9435.51 time, 9440.01 real, 464 MB, 1.00 load
[runlim] sample:		9445.50 time, 9450.01 real, 464 MB, 1.00 load
[runlim] sample:		9455.50 time, 9460.01 real, 464 MB, 1.00 load
[runlim] sample:		9465.49 time, 9470.01 real, 464 MB, 1.00 load
[runlim] sample:		9475.49 time, 9480.01 real, 464 MB, 1.00 load
[runlim] sample:		9485.48 time, 9490.01 real, 464 MB, 1.00 load
[runlim] sample:		9495.48 time, 9500.01 real, 464 MB, 1.00 load
[runlim] sample:		9505.47 time, 9510.01 real, 464 MB, 1.00 load
[runlim] sample:		9515.47 time, 9520.01 real, 464 MB, 1.00 load
[runlim] sample:		9525.47 time, 9530.01 real, 464 MB, 1.00 load
[runlim] sample:		9535.46 time, 9540.01 real, 464 MB, 1.15 load
[runlim] sample:		9545.46 time, 9550.01 real, 464 MB, 1.12 load
[runlim] sample:		9555.45 time, 9560.01 real, 465 MB, 1.10 load
[runlim] sample:		9565.44 time, 9570.01 real, 465 MB, 1.09 load
[runlim] sample:		9575.43 time, 9580.01 real, 465 MB, 1.15 load
[runlim] sample:		9585.43 time, 9590.01 real, 465 MB, 1.20 load
[runlim] sample:		9595.42 time, 9600.01 real, 465 MB, 1.25 load
[runlim] sample:		9605.42 time, 9610.01 real, 465 MB, 1.21 load
[runlim] sample:		9615.42 time, 9620.01 real, 465 MB, 1.25 load
[runlim] sample:		9625.41 time, 9630.01 real, 465 MB, 1.21 load
[runlim] sample:		9635.41 time, 9640.01 real, 465 MB, 1.25 load
[runlim] sample:		9645.41 time, 9650.01 real, 465 MB, 1.21 load
[runlim] sample:		9655.40 time, 9660.01 real, 465 MB, 1.25 load
[runlim] sample:		9665.40 time, 9670.01 real, 465 MB, 1.21 load
[runlim] sample:		9675.39 time, 9680.01 real, 465 MB, 1.18 load
[runlim] sample:		9685.39 time, 9690.01 real, 470 MB, 1.15 load
[runlim] sample:		9695.39 time, 9700.01 real, 470 MB, 1.13 load
[runlim] sample:		9705.39 time, 9710.01 real, 470 MB, 1.11 load
[runlim] sample:		9715.38 time, 9720.01 real, 470 MB, 1.09 load
[runlim] sample:		9725.38 time, 9730.01 real, 470 MB, 1.08 load
[runlim] sample:		9735.37 time, 9740.01 real, 470 MB, 1.06 load
[runlim] sample:		9745.37 time, 9750.01 real, 470 MB, 1.05 load
[runlim] sample:		9755.36 time, 9760.01 real, 470 MB, 1.05 load
[runlim] sample:		9765.36 time, 9770.01 real, 470 MB, 1.04 load
[runlim] sample:		9775.35 time, 9780.01 real, 482 MB, 1.03 load
[runlim] sample:		9785.35 time, 9790.01 real, 482 MB, 1.03 load
[runlim] sample:		9795.34 time, 9800.01 real, 482 MB, 1.02 load
[runlim] sample:		9805.33 time, 9810.01 real, 489 MB, 1.02 load
[runlim] sample:		9815.33 time, 9820.01 real, 489 MB, 1.02 load
[runlim] sample:		9825.32 time, 9830.01 real, 489 MB, 1.01 load
[runlim] sample:		9835.32 time, 9840.01 real, 489 MB, 1.01 load
[runlim] sample:		9845.32 time, 9850.01 real, 489 MB, 1.01 load
[runlim] sample:		9855.31 time, 9860.01 real, 489 MB, 1.01 load
[runlim] sample:		9865.31 time, 9870.01 real, 489 MB, 1.00 load
[runlim] sample:		9875.30 time, 9880.01 real, 489 MB, 1.00 load
[runlim] sample:		9885.30 time, 9890.01 real, 489 MB, 1.00 load
[runlim] sample:		9895.29 time, 9900.01 real, 489 MB, 1.00 load
[runlim] sample:		9905.29 time, 9910.01 real, 489 MB, 1.00 load
[runlim] sample:		9915.29 time, 9920.01 real, 489 MB, 1.16 load
[runlim] sample:		9925.28 time, 9930.01 real, 489 MB, 1.14 load
[runlim] sample:		9935.28 time, 9940.01 real, 489 MB, 1.11 load
[runlim] sample:		9945.28 time, 9950.01 real, 489 MB, 1.10 load
[runlim] sample:		9955.27 time, 9960.01 real, 489 MB, 1.08 load
[runlim] sample:		9965.27 time, 9970.01 real, 489 MB, 1.07 load
[runlim] sample:		9975.26 time, 9980.01 real, 489 MB, 1.06 load
[runlim] sample:		9985.26 time, 9990.01 real, 489 MB, 1.05 load
[runlim] sample:		9995.25 time, 10000.01 real, 489 MB, 1.04 load
[runlim] sample:		10005.25 time, 10010.01 real, 489 MB, 1.03 load
[runlim] sample:		10015.24 time, 10020.01 real, 489 MB, 1.03 load
[runlim] sample:		10025.24 time, 10030.01 real, 489 MB, 1.02 load
[runlim] sample:		10035.23 time, 10040.01 real, 489 MB, 1.02 load
[runlim] sample:		10045.23 time, 10050.01 real, 489 MB, 1.02 load
[runlim] sample:		10055.22 time, 10060.01 real, 489 MB, 1.01 load
[runlim] sample:		10065.22 time, 10070.01 real, 490 MB, 1.01 load
[runlim] sample:		10075.21 time, 10080.01 real, 490 MB, 1.16 load
[runlim] sample:		10085.21 time, 10090.01 real, 490 MB, 1.21 load
[runlim] sample:		10095.20 time, 10100.01 real, 490 MB, 1.18 load
[runlim] sample:		10105.20 time, 10110.01 real, 490 MB, 1.15 load
[runlim] sample:		10115.19 time, 10120.01 real, 490 MB, 1.13 load
[runlim] sample:		10125.19 time, 10130.01 real, 490 MB, 1.11 load
[runlim] sample:		10135.18 time, 10140.01 real, 497 MB, 1.09 load
[runlim] sample:		10145.17 time, 10150.01 real, 497 MB, 1.08 load
[runlim] sample:		10155.17 time, 10160.01 real, 497 MB, 1.06 load
[runlim] sample:		10165.17 time, 10170.01 real, 497 MB, 1.05 load
[runlim] sample:		10175.16 time, 10180.01 real, 497 MB, 1.04 load
[runlim] sample:		10185.16 time, 10190.01 real, 497 MB, 1.04 load
[runlim] sample:		10195.15 time, 10200.01 real, 497 MB, 1.03 load
[runlim] sample:		10205.15 time, 10210.01 real, 497 MB, 1.03 load
[runlim] sample:		10215.14 time, 10220.01 real, 497 MB, 1.02 load
[runlim] sample:		10225.14 time, 10230.01 real, 497 MB, 1.02 load
[runlim] sample:		10235.13 time, 10240.01 real, 497 MB, 1.01 load
[runlim] sample:		10245.13 time, 10250.01 real, 497 MB, 1.01 load
[runlim] sample:		10255.12 time, 10260.01 real, 497 MB, 1.01 load
[runlim] sample:		10265.12 time, 10270.01 real, 497 MB, 1.01 load
[runlim] sample:		10275.11 time, 10280.01 real, 497 MB, 1.01 load
[runlim] sample:		10285.11 time, 10290.01 real, 497 MB, 1.00 load
[runlim] sample:		10295.11 time, 10300.01 real, 497 MB, 1.00 load
[runlim] sample:		10305.10 time, 10310.01 real, 497 MB, 1.00 load
[runlim] sample:		10315.10 time, 10320.01 real, 497 MB, 1.00 load
[runlim] sample:		10325.09 time, 10330.01 real, 496 MB, 1.00 load
[runlim] sample:		10335.08 time, 10340.01 real, 496 MB, 1.00 load
[runlim] sample:		10345.08 time, 10350.01 real, 496 MB, 1.00 load
[runlim] sample:		10355.07 time, 10360.01 real, 496 MB, 1.00 load
[runlim] sample:		10365.07 time, 10370.01 real, 496 MB, 1.00 load
[runlim] sample:		10375.06 time, 10380.01 real, 496 MB, 1.00 load
[runlim] sample:		10385.06 time, 10390.01 real, 496 MB, 1.00 load
[runlim] sample:		10395.06 time, 10400.01 real, 496 MB, 1.07 load
[runlim] sample:		10405.05 time, 10410.01 real, 496 MB, 1.06 load
[runlim] sample:		10415.05 time, 10420.01 real, 496 MB, 1.05 load
[runlim] sample:		10425.04 time, 10430.01 real, 496 MB, 1.04 load
[runlim] sample:		10435.04 time, 10440.01 real, 496 MB, 1.04 load
[runlim] sample:		10445.03 time, 10450.01 real, 496 MB, 1.03 load
[runlim] sample:		10455.03 time, 10460.01 real, 496 MB, 1.02 load
[runlim] sample:		10465.02 time, 10470.01 real, 496 MB, 1.02 load
[runlim] sample:		10475.02 time, 10480.01 real, 496 MB, 1.02 load
[runlim] sample:		10485.01 time, 10490.01 real, 496 MB, 1.01 load
[runlim] sample:		10495.01 time, 10500.01 real, 496 MB, 1.01 load
[runlim] sample:		10505.00 time, 10510.01 real, 496 MB, 1.01 load
[runlim] sample:		10515.00 time, 10520.01 real, 496 MB, 1.01 load
[runlim] sample:		10524.99 time, 10530.01 real, 496 MB, 1.01 load
[runlim] sample:		10534.99 time, 10540.01 real, 496 MB, 1.00 load
[runlim] sample:		10544.98 time, 10550.01 real, 496 MB, 1.08 load
[runlim] sample:		10554.98 time, 10560.01 real, 496 MB, 1.07 load
[runlim] sample:		10564.97 time, 10570.01 real, 496 MB, 1.06 load
[runlim] sample:		10574.97 time, 10580.01 real, 496 MB, 1.13 load
[runlim] sample:		10584.96 time, 10590.01 real, 496 MB, 1.18 load
[runlim] sample:		10594.96 time, 10600.01 real, 498 MB, 1.16 load
[runlim] sample:		10604.95 time, 10610.01 real, 498 MB, 1.13 load
[runlim] sample:		10614.95 time, 10620.01 real, 498 MB, 1.11 load
[runlim] sample:		10624.94 time, 10630.01 real, 498 MB, 1.09 load
[runlim] sample:		10634.94 time, 10640.01 real, 498 MB, 1.08 load
[runlim] sample:		10644.93 time, 10650.01 real, 498 MB, 1.07 load
[runlim] sample:		10654.93 time, 10660.01 real, 498 MB, 1.06 load
[runlim] sample:		10664.93 time, 10670.01 real, 498 MB, 1.05 load
[runlim] sample:		10674.92 time, 10680.01 real, 498 MB, 1.04 load
[runlim] sample:		10684.92 time, 10690.01 real, 498 MB, 1.03 load
[runlim] sample:		10694.91 time, 10700.01 real, 498 MB, 1.03 load
[runlim] sample:		10704.91 time, 10710.01 real, 498 MB, 1.02 load
[runlim] sample:		10714.90 time, 10720.01 real, 498 MB, 1.02 load
[runlim] sample:		10724.89 time, 10730.01 real, 498 MB, 1.02 load
[runlim] sample:		10734.89 time, 10740.01 real, 498 MB, 1.01 load
[runlim] sample:		10744.88 time, 10750.01 real, 498 MB, 1.01 load
[runlim] sample:		10754.88 time, 10760.01 real, 498 MB, 1.01 load
[runlim] sample:		10764.87 time, 10770.01 real, 498 MB, 1.01 load
[runlim] sample:		10774.87 time, 10780.01 real, 498 MB, 1.00 load
[runlim] sample:		10784.86 time, 10790.01 real, 498 MB, 1.00 load
[runlim] sample:		10794.86 time, 10800.01 real, 498 MB, 1.00 load
[runlim] end:			Fri Jul  3 09:52:39 2026
[runlim] status:		out of time
[runlim] result:		2
[runlim] children:		1
[runlim] processes:		2
[runlim] real:			10801.06 seconds
[runlim] time:			10794.86 seconds
[runlim] space:			594 MB
[runlim] load:			1.36 maximum
[runlim] samples:		108000
