[runlim] version:		2.0.0rc12
[runlim] host:			ap-Precision-7550
[runlim] time limit:		311040000 seconds
[runlim] real time limit:	1800 seconds
[runlim] space limit:		14000 MB
[runlim] argv[0]:		python3
[runlim] argv[1]:		-u
[runlim] argv[2]:		top_down.py
[runlim] argv[3]:		datasets/yfjs/YFJS15
[runlim] start:			Wed Apr 22 18:41:04 2026
[runlim] child:			8681
Operations: 221, Edges: 208, Machines: 26
Greedy Schedule UB: 1578
Building constraints took 6.25 seconds.
SAT

=> TOTAL COMPLETION TIME (Makespan / UB): 1577
Schedule is valid
 Time taken: 8.00 seconds
[runlim] sample:		9.99 time, 10.01 real, 806 MB, 0.46 load
SAT

=> TOTAL COMPLETION TIME (Makespan / UB): 1576
Schedule is valid
 Time taken: 10.81 seconds
SAT

=> TOTAL COMPLETION TIME (Makespan / UB): 1575
Schedule is valid
 Time taken: 11.09 seconds
SAT

=> TOTAL COMPLETION TIME (Makespan / UB): 1574
Schedule is valid
 Time taken: 11.15 seconds
SAT

=> TOTAL COMPLETION TIME (Makespan / UB): 1573
Schedule is valid
 Time taken: 11.19 seconds
SAT

=> TOTAL COMPLETION TIME (Makespan / UB): 1572
Schedule is valid
 Time taken: 11.23 seconds
SAT

=> TOTAL COMPLETION TIME (Makespan / UB): 1571
Schedule is valid
 Time taken: 11.28 seconds
SAT

=> TOTAL COMPLETION TIME (Makespan / UB): 1570
Schedule is valid
 Time taken: 11.33 seconds
SAT

=> TOTAL COMPLETION TIME (Makespan / UB): 1569
Schedule is valid
 Time taken: 11.37 seconds
SAT

=> TOTAL COMPLETION TIME (Makespan / UB): 1568
Schedule is valid
 Time taken: 11.49 seconds
SAT

=> TOTAL COMPLETION TIME (Makespan / UB): 1567
Schedule is valid
 Time taken: 11.53 seconds
SAT

=> TOTAL COMPLETION TIME (Makespan / UB): 1566
Schedule is valid
 Time taken: 11.59 seconds
SAT

=> TOTAL COMPLETION TIME (Makespan / UB): 1565
Schedule is valid
 Time taken: 11.63 seconds
SAT

=> TOTAL COMPLETION TIME (Makespan / UB): 1564
Schedule is valid
 Time taken: 11.68 seconds
SAT

=> TOTAL COMPLETION TIME (Makespan / UB): 1563
Schedule is valid
 Time taken: 11.72 seconds
SAT

=> TOTAL COMPLETION TIME (Makespan / UB): 1562
Schedule is valid
 Time taken: 11.76 seconds
SAT

=> TOTAL COMPLETION TIME (Makespan / UB): 1561
Schedule is valid
 Time taken: 11.80 seconds
SAT

=> TOTAL COMPLETION TIME (Makespan / UB): 1560
Schedule is valid
 Time taken: 11.85 seconds
SAT

=> TOTAL COMPLETION TIME (Makespan / UB): 1559
Schedule is valid
 Time taken: 11.89 seconds
SAT

=> TOTAL COMPLETION TIME (Makespan / UB): 1558
Schedule is valid
 Time taken: 11.93 seconds
SAT

=> TOTAL COMPLETION TIME (Makespan / UB): 1557
Schedule is valid
 Time taken: 11.98 seconds
SAT

=> TOTAL COMPLETION TIME (Makespan / UB): 1556
Schedule is valid
 Time taken: 12.02 seconds
SAT

=> TOTAL COMPLETION TIME (Makespan / UB): 1555
Schedule is valid
 Time taken: 12.07 seconds
SAT

=> TOTAL COMPLETION TIME (Makespan / UB): 1554
Schedule is valid
 Time taken: 12.16 seconds
SAT

=> TOTAL COMPLETION TIME (Makespan / UB): 1553
Schedule is valid
 Time taken: 12.21 seconds
SAT

=> TOTAL COMPLETION TIME (Makespan / UB): 1552
Schedule is valid
 Time taken: 12.26 seconds
SAT

=> TOTAL COMPLETION TIME (Makespan / UB): 1551
Schedule is valid
 Time taken: 12.31 seconds
SAT

=> TOTAL COMPLETION TIME (Makespan / UB): 1550
Schedule is valid
 Time taken: 12.43 seconds
SAT

=> TOTAL COMPLETION TIME (Makespan / UB): 1549
Schedule is valid
 Time taken: 12.64 seconds
SAT

=> TOTAL COMPLETION TIME (Makespan / UB): 1548
Schedule is valid
 Time taken: 12.69 seconds
SAT

=> TOTAL COMPLETION TIME (Makespan / UB): 1547
Schedule is valid
 Time taken: 12.73 seconds
SAT

=> TOTAL COMPLETION TIME (Makespan / UB): 1546
Schedule is valid
 Time taken: 12.78 seconds
SAT

=> TOTAL COMPLETION TIME (Makespan / UB): 1545
Schedule is valid
 Time taken: 12.82 seconds
SAT

=> TOTAL COMPLETION TIME (Makespan / UB): 1544
Schedule is valid
 Time taken: 12.86 seconds
SAT

=> TOTAL COMPLETION TIME (Makespan / UB): 1543
Schedule is valid
 Time taken: 12.90 seconds
SAT

=> TOTAL COMPLETION TIME (Makespan / UB): 1542
Schedule is valid
 Time taken: 12.94 seconds
SAT

=> TOTAL COMPLETION TIME (Makespan / UB): 1541
Schedule is valid
 Time taken: 12.99 seconds
SAT

=> TOTAL COMPLETION TIME (Makespan / UB): 1540
Schedule is valid
 Time taken: 13.03 seconds
SAT

=> TOTAL COMPLETION TIME (Makespan / UB): 1539
Schedule is valid
 Time taken: 13.08 seconds
SAT

=> TOTAL COMPLETION TIME (Makespan / UB): 1538
Schedule is valid
 Time taken: 13.13 seconds
SAT

=> TOTAL COMPLETION TIME (Makespan / UB): 1537
Schedule is valid
 Time taken: 13.17 seconds
SAT

=> TOTAL COMPLETION TIME (Makespan / UB): 1536
Schedule is valid
 Time taken: 13.22 seconds
SAT

=> TOTAL COMPLETION TIME (Makespan / UB): 1535
Schedule is valid
 Time taken: 13.26 seconds
SAT

=> TOTAL COMPLETION TIME (Makespan / UB): 1534
Schedule is valid
 Time taken: 13.31 seconds
SAT

=> TOTAL COMPLETION TIME (Makespan / UB): 1533
Schedule is valid
 Time taken: 13.35 seconds
SAT

=> TOTAL COMPLETION TIME (Makespan / UB): 1532
Schedule is valid
 Time taken: 13.40 seconds
SAT

=> TOTAL COMPLETION TIME (Makespan / UB): 1531
Schedule is valid
 Time taken: 13.44 seconds
SAT

=> TOTAL COMPLETION TIME (Makespan / UB): 1530
Schedule is valid
 Time taken: 13.49 seconds
SAT

=> TOTAL COMPLETION TIME (Makespan / UB): 1529
Schedule is valid
 Time taken: 13.54 seconds
SAT

=> TOTAL COMPLETION TIME (Makespan / UB): 1528
Schedule is valid
 Time taken: 13.59 seconds
SAT

=> TOTAL COMPLETION TIME (Makespan / UB): 1527
Schedule is valid
 Time taken: 13.63 seconds
SAT

=> TOTAL COMPLETION TIME (Makespan / UB): 1526
Schedule is valid
 Time taken: 13.67 seconds
SAT

=> TOTAL COMPLETION TIME (Makespan / UB): 1525
Schedule is valid
 Time taken: 13.71 seconds
SAT

=> TOTAL COMPLETION TIME (Makespan / UB): 1524
Schedule is valid
 Time taken: 13.76 seconds
SAT

=> TOTAL COMPLETION TIME (Makespan / UB): 1523
Schedule is valid
 Time taken: 13.82 seconds
SAT

=> TOTAL COMPLETION TIME (Makespan / UB): 1522
Schedule is valid
 Time taken: 13.87 seconds
SAT

=> TOTAL COMPLETION TIME (Makespan / UB): 1521
Schedule is valid
 Time taken: 13.92 seconds
SAT

=> TOTAL COMPLETION TIME (Makespan / UB): 1520
Schedule is valid
 Time taken: 13.97 seconds
SAT

=> TOTAL COMPLETION TIME (Makespan / UB): 1519
Schedule is valid
 Time taken: 14.02 seconds
SAT

=> TOTAL COMPLETION TIME (Makespan / UB): 1518
Schedule is valid
 Time taken: 14.07 seconds
SAT

=> TOTAL COMPLETION TIME (Makespan / UB): 1517
Schedule is valid
 Time taken: 14.12 seconds
SAT

=> TOTAL COMPLETION TIME (Makespan / UB): 1516
Schedule is valid
 Time taken: 14.17 seconds
SAT

=> TOTAL COMPLETION TIME (Makespan / UB): 1515
Schedule is valid
 Time taken: 14.22 seconds
SAT

=> TOTAL COMPLETION TIME (Makespan / UB): 1514
Schedule is valid
 Time taken: 14.27 seconds
SAT

=> TOTAL COMPLETION TIME (Makespan / UB): 1513
Schedule is valid
 Time taken: 14.32 seconds
SAT

=> TOTAL COMPLETION TIME (Makespan / UB): 1512
Schedule is valid
 Time taken: 14.37 seconds
SAT

=> TOTAL COMPLETION TIME (Makespan / UB): 1511
Schedule is valid
 Time taken: 14.42 seconds
SAT

=> TOTAL COMPLETION TIME (Makespan / UB): 1510
Schedule is valid
 Time taken: 14.47 seconds
SAT

=> TOTAL COMPLETION TIME (Makespan / UB): 1509
Schedule is valid
 Time taken: 14.53 seconds
SAT

=> TOTAL COMPLETION TIME (Makespan / UB): 1508
Schedule is valid
 Time taken: 14.58 seconds
SAT

=> TOTAL COMPLETION TIME (Makespan / UB): 1507
Schedule is valid
 Time taken: 14.63 seconds
SAT

=> TOTAL COMPLETION TIME (Makespan / UB): 1506
Schedule is valid
 Time taken: 14.68 seconds
SAT

=> TOTAL COMPLETION TIME (Makespan / UB): 1505
Schedule is valid
 Time taken: 14.73 seconds
SAT

=> TOTAL COMPLETION TIME (Makespan / UB): 1504
Schedule is valid
 Time taken: 14.78 seconds
SAT

=> TOTAL COMPLETION TIME (Makespan / UB): 1503
Schedule is valid
 Time taken: 14.83 seconds
SAT

=> TOTAL COMPLETION TIME (Makespan / UB): 1502
Schedule is valid
 Time taken: 14.88 seconds
SAT

=> TOTAL COMPLETION TIME (Makespan / UB): 1501
Schedule is valid
 Time taken: 14.93 seconds
[runlim] sample:		19.97 time, 20.01 real, 792 MB, 0.55 load
[runlim] sample:		29.96 time, 30.01 real, 828 MB, 0.62 load
SAT

=> TOTAL COMPLETION TIME (Makespan / UB): 1500
Schedule is valid
 Time taken: 32.68 seconds
SAT

=> TOTAL COMPLETION TIME (Makespan / UB): 1499
Schedule is valid
 Time taken: 33.45 seconds
SAT

=> TOTAL COMPLETION TIME (Makespan / UB): 1498
Schedule is valid
 Time taken: 36.68 seconds
SAT

=> TOTAL COMPLETION TIME (Makespan / UB): 1497
Schedule is valid
 Time taken: 37.14 seconds
SAT

=> TOTAL COMPLETION TIME (Makespan / UB): 1496
Schedule is valid
 Time taken: 37.54 seconds
SAT

=> TOTAL COMPLETION TIME (Makespan / UB): 1495
Schedule is valid
 Time taken: 37.90 seconds
SAT

=> TOTAL COMPLETION TIME (Makespan / UB): 1494
Schedule is valid
 Time taken: 38.26 seconds
SAT

=> TOTAL COMPLETION TIME (Makespan / UB): 1493
Schedule is valid
 Time taken: 38.66 seconds
SAT

=> TOTAL COMPLETION TIME (Makespan / UB): 1492
Schedule is valid
 Time taken: 38.74 seconds
SAT

=> TOTAL COMPLETION TIME (Makespan / UB): 1491
Schedule is valid
 Time taken: 38.77 seconds
SAT

=> TOTAL COMPLETION TIME (Makespan / UB): 1490
Schedule is valid
 Time taken: 38.81 seconds
SAT

=> TOTAL COMPLETION TIME (Makespan / UB): 1489
Schedule is valid
 Time taken: 38.85 seconds
SAT

=> TOTAL COMPLETION TIME (Makespan / UB): 1488
Schedule is valid
 Time taken: 38.90 seconds
SAT

=> TOTAL COMPLETION TIME (Makespan / UB): 1487
Schedule is valid
 Time taken: 38.95 seconds
SAT

=> TOTAL COMPLETION TIME (Makespan / UB): 1486
Schedule is valid
 Time taken: 38.99 seconds
SAT

=> TOTAL COMPLETION TIME (Makespan / UB): 1485
Schedule is valid
 Time taken: 39.03 seconds
SAT

=> TOTAL COMPLETION TIME (Makespan / UB): 1484
Schedule is valid
 Time taken: 39.07 seconds
SAT

=> TOTAL COMPLETION TIME (Makespan / UB): 1483
Schedule is valid
 Time taken: 39.11 seconds
SAT

=> TOTAL COMPLETION TIME (Makespan / UB): 1482
Schedule is valid
 Time taken: 39.15 seconds
SAT

=> TOTAL COMPLETION TIME (Makespan / UB): 1481
Schedule is valid
 Time taken: 39.19 seconds
SAT

=> TOTAL COMPLETION TIME (Makespan / UB): 1480
Schedule is valid
 Time taken: 39.23 seconds
SAT

=> TOTAL COMPLETION TIME (Makespan / UB): 1479
Schedule is valid
 Time taken: 39.26 seconds
SAT

=> TOTAL COMPLETION TIME (Makespan / UB): 1478
Schedule is valid
 Time taken: 39.30 seconds
SAT

=> TOTAL COMPLETION TIME (Makespan / UB): 1477
Schedule is valid
 Time taken: 39.34 seconds
SAT

=> TOTAL COMPLETION TIME (Makespan / UB): 1476
Schedule is valid
 Time taken: 39.38 seconds
SAT

=> TOTAL COMPLETION TIME (Makespan / UB): 1475
Schedule is valid
 Time taken: 39.41 seconds
SAT

=> TOTAL COMPLETION TIME (Makespan / UB): 1474
Schedule is valid
 Time taken: 39.45 seconds
SAT

=> TOTAL COMPLETION TIME (Makespan / UB): 1473
Schedule is valid
 Time taken: 39.49 seconds
SAT

=> TOTAL COMPLETION TIME (Makespan / UB): 1472
Schedule is valid
 Time taken: 39.52 seconds
SAT

=> TOTAL COMPLETION TIME (Makespan / UB): 1471
Schedule is valid
 Time taken: 39.56 seconds
SAT

=> TOTAL COMPLETION TIME (Makespan / UB): 1470
Schedule is valid
 Time taken: 39.60 seconds
SAT

=> TOTAL COMPLETION TIME (Makespan / UB): 1469
Schedule is valid
 Time taken: 39.63 seconds
SAT

=> TOTAL COMPLETION TIME (Makespan / UB): 1468
Schedule is valid
 Time taken: 39.69 seconds
SAT

=> TOTAL COMPLETION TIME (Makespan / UB): 1467
Schedule is valid
 Time taken: 39.73 seconds
SAT

=> TOTAL COMPLETION TIME (Makespan / UB): 1466
Schedule is valid
 Time taken: 39.78 seconds
SAT

=> TOTAL COMPLETION TIME (Makespan / UB): 1465
Schedule is valid
 Time taken: 39.83 seconds
SAT

=> TOTAL COMPLETION TIME (Makespan / UB): 1464
Schedule is valid
 Time taken: 39.87 seconds
SAT

=> TOTAL COMPLETION TIME (Makespan / UB): 1463
Schedule is valid
 Time taken: 39.92 seconds
SAT

=> TOTAL COMPLETION TIME (Makespan / UB): 1462
Schedule is valid
 Time taken: 39.97 seconds
[runlim] sample:		39.94 time, 40.01 real, 873 MB, 0.68 load
SAT

=> TOTAL COMPLETION TIME (Makespan / UB): 1461
Schedule is valid
 Time taken: 40.01 seconds
SAT

=> TOTAL COMPLETION TIME (Makespan / UB): 1460
Schedule is valid
 Time taken: 40.06 seconds
SAT

=> TOTAL COMPLETION TIME (Makespan / UB): 1459
Schedule is valid
 Time taken: 40.11 seconds
SAT

=> TOTAL COMPLETION TIME (Makespan / UB): 1458
Schedule is valid
 Time taken: 40.15 seconds
SAT

=> TOTAL COMPLETION TIME (Makespan / UB): 1457
Schedule is valid
 Time taken: 40.20 seconds
SAT

=> TOTAL COMPLETION TIME (Makespan / UB): 1456
Schedule is valid
 Time taken: 40.25 seconds
SAT

=> TOTAL COMPLETION TIME (Makespan / UB): 1455
Schedule is valid
 Time taken: 40.54 seconds
SAT

=> TOTAL COMPLETION TIME (Makespan / UB): 1454
Schedule is valid
 Time taken: 40.60 seconds
SAT

=> TOTAL COMPLETION TIME (Makespan / UB): 1453
Schedule is valid
 Time taken: 40.64 seconds
SAT

=> TOTAL COMPLETION TIME (Makespan / UB): 1452
Schedule is valid
 Time taken: 40.68 seconds
SAT

=> TOTAL COMPLETION TIME (Makespan / UB): 1451
Schedule is valid
 Time taken: 41.19 seconds
SAT

=> TOTAL COMPLETION TIME (Makespan / UB): 1450
Schedule is valid
 Time taken: 46.43 seconds
SAT

=> TOTAL COMPLETION TIME (Makespan / UB): 1449
Schedule is valid
 Time taken: 47.04 seconds
SAT

=> TOTAL COMPLETION TIME (Makespan / UB): 1448
Schedule is valid
 Time taken: 47.07 seconds
SAT

=> TOTAL COMPLETION TIME (Makespan / UB): 1447
Schedule is valid
 Time taken: 47.11 seconds
SAT

=> TOTAL COMPLETION TIME (Makespan / UB): 1446
Schedule is valid
 Time taken: 47.20 seconds
SAT

=> TOTAL COMPLETION TIME (Makespan / UB): 1445
Schedule is valid
 Time taken: 47.23 seconds
SAT

=> TOTAL COMPLETION TIME (Makespan / UB): 1444
Schedule is valid
 Time taken: 47.27 seconds
SAT

=> TOTAL COMPLETION TIME (Makespan / UB): 1443
Schedule is valid
 Time taken: 47.31 seconds
SAT

=> TOTAL COMPLETION TIME (Makespan / UB): 1442
Schedule is valid
 Time taken: 47.35 seconds
SAT

=> TOTAL COMPLETION TIME (Makespan / UB): 1441
Schedule is valid
 Time taken: 47.39 seconds
SAT

=> TOTAL COMPLETION TIME (Makespan / UB): 1440
Schedule is valid
 Time taken: 47.42 seconds
SAT

=> TOTAL COMPLETION TIME (Makespan / UB): 1439
Schedule is valid
 Time taken: 47.46 seconds
SAT

=> TOTAL COMPLETION TIME (Makespan / UB): 1438
Schedule is valid
 Time taken: 47.51 seconds
SAT

=> TOTAL COMPLETION TIME (Makespan / UB): 1437
Schedule is valid
 Time taken: 47.55 seconds
SAT

=> TOTAL COMPLETION TIME (Makespan / UB): 1436
Schedule is valid
 Time taken: 47.66 seconds
SAT

=> TOTAL COMPLETION TIME (Makespan / UB): 1435
Schedule is valid
 Time taken: 47.71 seconds
SAT

=> TOTAL COMPLETION TIME (Makespan / UB): 1434
Schedule is valid
 Time taken: 47.76 seconds
SAT

=> TOTAL COMPLETION TIME (Makespan / UB): 1433
Schedule is valid
 Time taken: 47.80 seconds
SAT

=> TOTAL COMPLETION TIME (Makespan / UB): 1432
Schedule is valid
 Time taken: 47.84 seconds
SAT

=> TOTAL COMPLETION TIME (Makespan / UB): 1431
Schedule is valid
 Time taken: 47.89 seconds
SAT

=> TOTAL COMPLETION TIME (Makespan / UB): 1430
Schedule is valid
 Time taken: 47.93 seconds
SAT

=> TOTAL COMPLETION TIME (Makespan / UB): 1429
Schedule is valid
 Time taken: 47.97 seconds
SAT

=> TOTAL COMPLETION TIME (Makespan / UB): 1428
Schedule is valid
 Time taken: 48.02 seconds
SAT

=> TOTAL COMPLETION TIME (Makespan / UB): 1427
Schedule is valid
 Time taken: 48.06 seconds
SAT

=> TOTAL COMPLETION TIME (Makespan / UB): 1426
Schedule is valid
 Time taken: 48.10 seconds
SAT

=> TOTAL COMPLETION TIME (Makespan / UB): 1425
Schedule is valid
 Time taken: 48.15 seconds
SAT

=> TOTAL COMPLETION TIME (Makespan / UB): 1424
Schedule is valid
 Time taken: 48.19 seconds
SAT

=> TOTAL COMPLETION TIME (Makespan / UB): 1423
Schedule is valid
 Time taken: 48.23 seconds
SAT

=> TOTAL COMPLETION TIME (Makespan / UB): 1422
Schedule is valid
 Time taken: 48.27 seconds
SAT

=> TOTAL COMPLETION TIME (Makespan / UB): 1421
Schedule is valid
 Time taken: 48.32 seconds
SAT

=> TOTAL COMPLETION TIME (Makespan / UB): 1420
Schedule is valid
 Time taken: 48.36 seconds
SAT

=> TOTAL COMPLETION TIME (Makespan / UB): 1419
Schedule is valid
 Time taken: 48.40 seconds
SAT

=> TOTAL COMPLETION TIME (Makespan / UB): 1418
Schedule is valid
 Time taken: 48.44 seconds
SAT

=> TOTAL COMPLETION TIME (Makespan / UB): 1417
Schedule is valid
 Time taken: 48.49 seconds
SAT

=> TOTAL COMPLETION TIME (Makespan / UB): 1416
Schedule is valid
 Time taken: 48.53 seconds
SAT

=> TOTAL COMPLETION TIME (Makespan / UB): 1415
Schedule is valid
 Time taken: 48.57 seconds
SAT

=> TOTAL COMPLETION TIME (Makespan / UB): 1414
Schedule is valid
 Time taken: 48.61 seconds
SAT

=> TOTAL COMPLETION TIME (Makespan / UB): 1413
Schedule is valid
 Time taken: 49.84 seconds
SAT

=> TOTAL COMPLETION TIME (Makespan / UB): 1412
Schedule is valid
 Time taken: 49.87 seconds
SAT

=> TOTAL COMPLETION TIME (Makespan / UB): 1411
Schedule is valid
 Time taken: 49.92 seconds
[runlim] sample:		49.93 time, 50.01 real, 873 MB, 0.73 load
SAT

=> TOTAL COMPLETION TIME (Makespan / UB): 1410
Schedule is valid
 Time taken: 50.40 seconds
SAT

=> TOTAL COMPLETION TIME (Makespan / UB): 1409
Schedule is valid
 Time taken: 50.45 seconds
SAT

=> TOTAL COMPLETION TIME (Makespan / UB): 1408
Schedule is valid
 Time taken: 50.50 seconds
SAT

=> TOTAL COMPLETION TIME (Makespan / UB): 1407
Schedule is valid
 Time taken: 50.54 seconds
SAT

=> TOTAL COMPLETION TIME (Makespan / UB): 1406
Schedule is valid
 Time taken: 50.59 seconds
SAT

=> TOTAL COMPLETION TIME (Makespan / UB): 1405
Schedule is valid
 Time taken: 50.63 seconds
SAT

=> TOTAL COMPLETION TIME (Makespan / UB): 1404
Schedule is valid
 Time taken: 50.67 seconds
SAT

=> TOTAL COMPLETION TIME (Makespan / UB): 1403
Schedule is valid
 Time taken: 50.72 seconds
SAT

=> TOTAL COMPLETION TIME (Makespan / UB): 1402
Schedule is valid
 Time taken: 51.64 seconds
SAT

=> TOTAL COMPLETION TIME (Makespan / UB): 1401
Schedule is valid
 Time taken: 52.08 seconds
SAT

=> TOTAL COMPLETION TIME (Makespan / UB): 1400
Schedule is valid
 Time taken: 52.13 seconds
SAT

=> TOTAL COMPLETION TIME (Makespan / UB): 1399
Schedule is valid
 Time taken: 52.17 seconds
SAT

=> TOTAL COMPLETION TIME (Makespan / UB): 1398
Schedule is valid
 Time taken: 52.82 seconds
SAT

=> TOTAL COMPLETION TIME (Makespan / UB): 1397
Schedule is valid
 Time taken: 52.90 seconds
SAT

=> TOTAL COMPLETION TIME (Makespan / UB): 1396
Schedule is valid
 Time taken: 52.95 seconds
[runlim] sample:		59.92 time, 60.01 real, 845 MB, 0.77 load
SAT

=> TOTAL COMPLETION TIME (Makespan / UB): 1395
Schedule is valid
 Time taken: 66.34 seconds
SAT

=> TOTAL COMPLETION TIME (Makespan / UB): 1394
Schedule is valid
 Time taken: 67.66 seconds
SAT

=> TOTAL COMPLETION TIME (Makespan / UB): 1393
Schedule is valid
 Time taken: 69.32 seconds
SAT

=> TOTAL COMPLETION TIME (Makespan / UB): 1392
Schedule is valid
 Time taken: 69.75 seconds
[runlim] sample:		69.92 time, 70.01 real, 804 MB, 0.80 load
SAT

=> TOTAL COMPLETION TIME (Makespan / UB): 1391
Schedule is valid
 Time taken: 70.09 seconds
SAT

=> TOTAL COMPLETION TIME (Makespan / UB): 1390
Schedule is valid
 Time taken: 70.39 seconds
SAT

=> TOTAL COMPLETION TIME (Makespan / UB): 1389
Schedule is valid
 Time taken: 70.70 seconds
SAT

=> TOTAL COMPLETION TIME (Makespan / UB): 1388
Schedule is valid
 Time taken: 71.29 seconds
SAT

=> TOTAL COMPLETION TIME (Makespan / UB): 1387
Schedule is valid
 Time taken: 71.62 seconds
SAT

=> TOTAL COMPLETION TIME (Makespan / UB): 1386
Schedule is valid
 Time taken: 71.93 seconds
SAT

=> TOTAL COMPLETION TIME (Makespan / UB): 1385
Schedule is valid
 Time taken: 73.02 seconds
SAT

=> TOTAL COMPLETION TIME (Makespan / UB): 1384
Schedule is valid
 Time taken: 74.37 seconds
SAT

=> TOTAL COMPLETION TIME (Makespan / UB): 1383
Schedule is valid
 Time taken: 74.45 seconds
SAT

=> TOTAL COMPLETION TIME (Makespan / UB): 1382
Schedule is valid
 Time taken: 75.08 seconds
SAT

=> TOTAL COMPLETION TIME (Makespan / UB): 1381
Schedule is valid
 Time taken: 75.13 seconds
SAT

=> TOTAL COMPLETION TIME (Makespan / UB): 1380
Schedule is valid
 Time taken: 75.16 seconds
SAT

=> TOTAL COMPLETION TIME (Makespan / UB): 1379
Schedule is valid
 Time taken: 75.20 seconds
SAT

=> TOTAL COMPLETION TIME (Makespan / UB): 1378
Schedule is valid
 Time taken: 75.23 seconds
SAT

=> TOTAL COMPLETION TIME (Makespan / UB): 1377
Schedule is valid
 Time taken: 75.26 seconds
SAT

=> TOTAL COMPLETION TIME (Makespan / UB): 1376
Schedule is valid
 Time taken: 75.30 seconds
SAT

=> TOTAL COMPLETION TIME (Makespan / UB): 1375
Schedule is valid
 Time taken: 75.33 seconds
SAT

=> TOTAL COMPLETION TIME (Makespan / UB): 1374
Schedule is valid
 Time taken: 75.36 seconds
SAT

=> TOTAL COMPLETION TIME (Makespan / UB): 1373
Schedule is valid
 Time taken: 75.40 seconds
SAT

=> TOTAL COMPLETION TIME (Makespan / UB): 1372
Schedule is valid
 Time taken: 75.43 seconds
SAT

=> TOTAL COMPLETION TIME (Makespan / UB): 1371
Schedule is valid
 Time taken: 75.47 seconds
SAT

=> TOTAL COMPLETION TIME (Makespan / UB): 1370
Schedule is valid
 Time taken: 75.51 seconds
SAT

=> TOTAL COMPLETION TIME (Makespan / UB): 1369
Schedule is valid
 Time taken: 75.54 seconds
SAT

=> TOTAL COMPLETION TIME (Makespan / UB): 1368
Schedule is valid
 Time taken: 75.59 seconds
SAT

=> TOTAL COMPLETION TIME (Makespan / UB): 1367
Schedule is valid
 Time taken: 75.64 seconds
SAT

=> TOTAL COMPLETION TIME (Makespan / UB): 1366
Schedule is valid
 Time taken: 75.68 seconds
SAT

=> TOTAL COMPLETION TIME (Makespan / UB): 1365
Schedule is valid
 Time taken: 75.73 seconds
SAT

=> TOTAL COMPLETION TIME (Makespan / UB): 1364
Schedule is valid
 Time taken: 75.77 seconds
SAT

=> TOTAL COMPLETION TIME (Makespan / UB): 1363
Schedule is valid
 Time taken: 75.81 seconds
SAT

=> TOTAL COMPLETION TIME (Makespan / UB): 1362
Schedule is valid
 Time taken: 75.85 seconds
SAT

=> TOTAL COMPLETION TIME (Makespan / UB): 1361
Schedule is valid
 Time taken: 75.90 seconds
SAT

=> TOTAL COMPLETION TIME (Makespan / UB): 1360
Schedule is valid
 Time taken: 75.94 seconds
SAT

=> TOTAL COMPLETION TIME (Makespan / UB): 1359
Schedule is valid
 Time taken: 75.99 seconds
SAT

=> TOTAL COMPLETION TIME (Makespan / UB): 1358
Schedule is valid
 Time taken: 76.03 seconds
SAT

=> TOTAL COMPLETION TIME (Makespan / UB): 1357
Schedule is valid
 Time taken: 76.07 seconds
SAT

=> TOTAL COMPLETION TIME (Makespan / UB): 1356
Schedule is valid
 Time taken: 76.11 seconds
SAT

=> TOTAL COMPLETION TIME (Makespan / UB): 1355
Schedule is valid
 Time taken: 76.16 seconds
SAT

=> TOTAL COMPLETION TIME (Makespan / UB): 1354
Schedule is valid
 Time taken: 76.20 seconds
SAT

=> TOTAL COMPLETION TIME (Makespan / UB): 1353
Schedule is valid
 Time taken: 77.15 seconds
SAT

=> TOTAL COMPLETION TIME (Makespan / UB): 1352
Schedule is valid
 Time taken: 79.95 seconds
SAT
[runlim] sample:		79.91 time, 80.01 real, 776 MB, 0.84 load

=> TOTAL COMPLETION TIME (Makespan / UB): 1351
Schedule is valid
 Time taken: 80.00 seconds
SAT

=> TOTAL COMPLETION TIME (Makespan / UB): 1350
Schedule is valid
 Time taken: 80.05 seconds
SAT

=> TOTAL COMPLETION TIME (Makespan / UB): 1349
Schedule is valid
 Time taken: 80.09 seconds
SAT

=> TOTAL COMPLETION TIME (Makespan / UB): 1348
Schedule is valid
 Time taken: 80.13 seconds
SAT

=> TOTAL COMPLETION TIME (Makespan / UB): 1347
Schedule is valid
 Time taken: 80.17 seconds
SAT

=> TOTAL COMPLETION TIME (Makespan / UB): 1346
Schedule is valid
 Time taken: 83.49 seconds
SAT

=> TOTAL COMPLETION TIME (Makespan / UB): 1345
Schedule is valid
 Time taken: 84.63 seconds
[runlim] sample:		89.91 time, 90.01 real, 771 MB, 0.94 load
SAT

=> TOTAL COMPLETION TIME (Makespan / UB): 1344
Schedule is valid
 Time taken: 90.96 seconds
SAT

=> TOTAL COMPLETION TIME (Makespan / UB): 1343
Schedule is valid
 Time taken: 91.43 seconds
SAT

=> TOTAL COMPLETION TIME (Makespan / UB): 1342
Schedule is valid
 Time taken: 91.71 seconds
SAT

=> TOTAL COMPLETION TIME (Makespan / UB): 1341
Schedule is valid
 Time taken: 91.96 seconds
SAT

=> TOTAL COMPLETION TIME (Makespan / UB): 1340
Schedule is valid
 Time taken: 92.20 seconds
SAT

=> TOTAL COMPLETION TIME (Makespan / UB): 1339
Schedule is valid
 Time taken: 92.43 seconds
SAT

=> TOTAL COMPLETION TIME (Makespan / UB): 1338
Schedule is valid
 Time taken: 93.13 seconds
SAT

=> TOTAL COMPLETION TIME (Makespan / UB): 1337
Schedule is valid
 Time taken: 93.17 seconds
SAT

=> TOTAL COMPLETION TIME (Makespan / UB): 1336
Schedule is valid
 Time taken: 93.21 seconds
SAT

=> TOTAL COMPLETION TIME (Makespan / UB): 1335
Schedule is valid
 Time taken: 93.25 seconds
SAT

=> TOTAL COMPLETION TIME (Makespan / UB): 1334
Schedule is valid
 Time taken: 93.29 seconds
SAT

=> TOTAL COMPLETION TIME (Makespan / UB): 1333
Schedule is valid
 Time taken: 93.32 seconds
SAT

=> TOTAL COMPLETION TIME (Makespan / UB): 1332
Schedule is valid
 Time taken: 93.36 seconds
SAT

=> TOTAL COMPLETION TIME (Makespan / UB): 1331
Schedule is valid
 Time taken: 93.40 seconds
SAT

=> TOTAL COMPLETION TIME (Makespan / UB): 1330
Schedule is valid
 Time taken: 93.44 seconds
SAT

=> TOTAL COMPLETION TIME (Makespan / UB): 1329
Schedule is valid
 Time taken: 93.49 seconds
SAT

=> TOTAL COMPLETION TIME (Makespan / UB): 1328
Schedule is valid
 Time taken: 93.53 seconds
SAT

=> TOTAL COMPLETION TIME (Makespan / UB): 1327
Schedule is valid
 Time taken: 93.58 seconds
SAT

=> TOTAL COMPLETION TIME (Makespan / UB): 1326
Schedule is valid
 Time taken: 93.63 seconds
SAT

=> TOTAL COMPLETION TIME (Makespan / UB): 1325
Schedule is valid
 Time taken: 93.67 seconds
SAT

=> TOTAL COMPLETION TIME (Makespan / UB): 1324
Schedule is valid
 Time taken: 93.71 seconds
SAT

=> TOTAL COMPLETION TIME (Makespan / UB): 1323
Schedule is valid
 Time taken: 93.76 seconds
SAT

=> TOTAL COMPLETION TIME (Makespan / UB): 1322
Schedule is valid
 Time taken: 93.80 seconds
SAT

=> TOTAL COMPLETION TIME (Makespan / UB): 1321
Schedule is valid
 Time taken: 94.44 seconds
SAT

=> TOTAL COMPLETION TIME (Makespan / UB): 1320
Schedule is valid
 Time taken: 95.43 seconds
SAT

=> TOTAL COMPLETION TIME (Makespan / UB): 1319
Schedule is valid
 Time taken: 95.64 seconds
SAT

=> TOTAL COMPLETION TIME (Makespan / UB): 1318
Schedule is valid
 Time taken: 95.68 seconds
SAT

=> TOTAL COMPLETION TIME (Makespan / UB): 1317
Schedule is valid
 Time taken: 95.72 seconds
SAT

=> TOTAL COMPLETION TIME (Makespan / UB): 1316
Schedule is valid
 Time taken: 95.76 seconds
SAT

=> TOTAL COMPLETION TIME (Makespan / UB): 1315
Schedule is valid
 Time taken: 95.80 seconds
SAT

=> TOTAL COMPLETION TIME (Makespan / UB): 1314
Schedule is valid
 Time taken: 95.84 seconds
SAT

=> TOTAL COMPLETION TIME (Makespan / UB): 1313
Schedule is valid
 Time taken: 95.87 seconds
SAT

=> TOTAL COMPLETION TIME (Makespan / UB): 1312
Schedule is valid
 Time taken: 95.94 seconds
SAT

=> TOTAL COMPLETION TIME (Makespan / UB): 1311
Schedule is valid
 Time taken: 95.98 seconds
SAT

=> TOTAL COMPLETION TIME (Makespan / UB): 1310
Schedule is valid
 Time taken: 96.03 seconds
SAT

=> TOTAL COMPLETION TIME (Makespan / UB): 1309
Schedule is valid
 Time taken: 96.07 seconds
SAT

=> TOTAL COMPLETION TIME (Makespan / UB): 1308
Schedule is valid
 Time taken: 96.11 seconds
SAT

=> TOTAL COMPLETION TIME (Makespan / UB): 1307
Schedule is valid
 Time taken: 96.15 seconds
SAT

=> TOTAL COMPLETION TIME (Makespan / UB): 1306
Schedule is valid
 Time taken: 96.19 seconds
SAT

=> TOTAL COMPLETION TIME (Makespan / UB): 1305
Schedule is valid
 Time taken: 96.24 seconds
SAT

=> TOTAL COMPLETION TIME (Makespan / UB): 1304
Schedule is valid
 Time taken: 96.77 seconds
SAT

=> TOTAL COMPLETION TIME (Makespan / UB): 1303
Schedule is valid
 Time taken: 97.31 seconds
SAT

=> TOTAL COMPLETION TIME (Makespan / UB): 1302
Schedule is valid
 Time taken: 97.86 seconds
SAT

=> TOTAL COMPLETION TIME (Makespan / UB): 1301
Schedule is valid
 Time taken: 98.82 seconds
SAT

=> TOTAL COMPLETION TIME (Makespan / UB): 1300
Schedule is valid
 Time taken: 99.51 seconds
[runlim] sample:		99.89 time, 100.01 real, 740 MB, 1.02 load
SAT

=> TOTAL COMPLETION TIME (Makespan / UB): 1299
Schedule is valid
 Time taken: 100.09 seconds
SAT

=> TOTAL COMPLETION TIME (Makespan / UB): 1298
Schedule is valid
 Time taken: 103.32 seconds
SAT

=> TOTAL COMPLETION TIME (Makespan / UB): 1297
Schedule is valid
 Time taken: 104.00 seconds
SAT

=> TOTAL COMPLETION TIME (Makespan / UB): 1296
Schedule is valid
 Time taken: 105.47 seconds
SAT

=> TOTAL COMPLETION TIME (Makespan / UB): 1295
Schedule is valid
 Time taken: 106.09 seconds
SAT

=> TOTAL COMPLETION TIME (Makespan / UB): 1294
Schedule is valid
 Time taken: 106.63 seconds
SAT

=> TOTAL COMPLETION TIME (Makespan / UB): 1293
Schedule is valid
 Time taken: 106.92 seconds
SAT

=> TOTAL COMPLETION TIME (Makespan / UB): 1292
Schedule is valid
 Time taken: 107.39 seconds
SAT

=> TOTAL COMPLETION TIME (Makespan / UB): 1291
Schedule is valid
 Time taken: 107.91 seconds
SAT

=> TOTAL COMPLETION TIME (Makespan / UB): 1290
Schedule is valid
 Time taken: 108.37 seconds
SAT

=> TOTAL COMPLETION TIME (Makespan / UB): 1289
Schedule is valid
 Time taken: 108.40 seconds
SAT

=> TOTAL COMPLETION TIME (Makespan / UB): 1288
Schedule is valid
 Time taken: 108.63 seconds
SAT

=> TOTAL COMPLETION TIME (Makespan / UB): 1287
Schedule is valid
 Time taken: 109.20 seconds
SAT

=> TOTAL COMPLETION TIME (Makespan / UB): 1286
Schedule is valid
 Time taken: 109.25 seconds
SAT

=> TOTAL COMPLETION TIME (Makespan / UB): 1285
Schedule is valid
 Time taken: 109.30 seconds
SAT

=> TOTAL COMPLETION TIME (Makespan / UB): 1284
Schedule is valid
 Time taken: 109.34 seconds
SAT

=> TOTAL COMPLETION TIME (Makespan / UB): 1283
Schedule is valid
 Time taken: 109.47 seconds
[runlim] sample:		109.88 time, 110.01 real, 745 MB, 1.02 load
SAT

=> TOTAL COMPLETION TIME (Makespan / UB): 1282
Schedule is valid
 Time taken: 115.53 seconds
SAT

=> TOTAL COMPLETION TIME (Makespan / UB): 1281
Schedule is valid
 Time taken: 115.99 seconds
SAT

=> TOTAL COMPLETION TIME (Makespan / UB): 1280
Schedule is valid
 Time taken: 116.20 seconds
SAT

=> TOTAL COMPLETION TIME (Makespan / UB): 1279
Schedule is valid
 Time taken: 116.67 seconds
SAT

=> TOTAL COMPLETION TIME (Makespan / UB): 1278
Schedule is valid
 Time taken: 117.45 seconds
SAT

=> TOTAL COMPLETION TIME (Makespan / UB): 1277
Schedule is valid
 Time taken: 117.64 seconds
SAT

=> TOTAL COMPLETION TIME (Makespan / UB): 1276
Schedule is valid
 Time taken: 118.12 seconds
SAT

=> TOTAL COMPLETION TIME (Makespan / UB): 1275
Schedule is valid
 Time taken: 118.66 seconds
SAT

=> TOTAL COMPLETION TIME (Makespan / UB): 1274
Schedule is valid
 Time taken: 119.33 seconds
SAT

=> TOTAL COMPLETION TIME (Makespan / UB): 1273
Schedule is valid
 Time taken: 119.82 seconds
[runlim] sample:		119.88 time, 120.01 real, 723 MB, 1.10 load
SAT

=> TOTAL COMPLETION TIME (Makespan / UB): 1272
Schedule is valid
 Time taken: 120.77 seconds
SAT

=> TOTAL COMPLETION TIME (Makespan / UB): 1271
Schedule is valid
 Time taken: 121.19 seconds
SAT

=> TOTAL COMPLETION TIME (Makespan / UB): 1270
Schedule is valid
 Time taken: 121.44 seconds
SAT

=> TOTAL COMPLETION TIME (Makespan / UB): 1269
Schedule is valid
 Time taken: 122.03 seconds
SAT

=> TOTAL COMPLETION TIME (Makespan / UB): 1268
Schedule is valid
 Time taken: 125.07 seconds
SAT

=> TOTAL COMPLETION TIME (Makespan / UB): 1267
Schedule is valid
 Time taken: 125.18 seconds
SAT

=> TOTAL COMPLETION TIME (Makespan / UB): 1266
Schedule is valid
 Time taken: 126.07 seconds
SAT

=> TOTAL COMPLETION TIME (Makespan / UB): 1265
Schedule is valid
 Time taken: 126.41 seconds
SAT

=> TOTAL COMPLETION TIME (Makespan / UB): 1264
Schedule is valid
 Time taken: 126.69 seconds
SAT

=> TOTAL COMPLETION TIME (Makespan / UB): 1263
Schedule is valid
 Time taken: 127.34 seconds
SAT

=> TOTAL COMPLETION TIME (Makespan / UB): 1262
Schedule is valid
 Time taken: 128.56 seconds
SAT

=> TOTAL COMPLETION TIME (Makespan / UB): 1261
Schedule is valid
 Time taken: 128.67 seconds
SAT

=> TOTAL COMPLETION TIME (Makespan / UB): 1260
Schedule is valid
 Time taken: 129.55 seconds
[runlim] sample:		129.86 time, 130.01 real, 739 MB, 1.08 load
SAT

=> TOTAL COMPLETION TIME (Makespan / UB): 1259
Schedule is valid
 Time taken: 130.14 seconds
SAT

=> TOTAL COMPLETION TIME (Makespan / UB): 1258
Schedule is valid
 Time taken: 130.63 seconds
SAT

=> TOTAL COMPLETION TIME (Makespan / UB): 1257
Schedule is valid
 Time taken: 130.70 seconds
SAT

=> TOTAL COMPLETION TIME (Makespan / UB): 1256
Schedule is valid
 Time taken: 131.30 seconds
SAT

=> TOTAL COMPLETION TIME (Makespan / UB): 1255
Schedule is valid
 Time taken: 131.36 seconds
SAT

=> TOTAL COMPLETION TIME (Makespan / UB): 1254
Schedule is valid
 Time taken: 131.44 seconds
SAT

=> TOTAL COMPLETION TIME (Makespan / UB): 1253
Schedule is valid
 Time taken: 131.90 seconds
SAT

=> TOTAL COMPLETION TIME (Makespan / UB): 1252
Schedule is valid
 Time taken: 132.42 seconds
SAT

=> TOTAL COMPLETION TIME (Makespan / UB): 1251
Schedule is valid
 Time taken: 132.94 seconds
SAT

=> TOTAL COMPLETION TIME (Makespan / UB): 1250
Schedule is valid
 Time taken: 133.34 seconds
SAT

=> TOTAL COMPLETION TIME (Makespan / UB): 1249
Schedule is valid
 Time taken: 133.53 seconds
SAT

=> TOTAL COMPLETION TIME (Makespan / UB): 1248
Schedule is valid
 Time taken: 134.09 seconds
SAT

=> TOTAL COMPLETION TIME (Makespan / UB): 1247
Schedule is valid
 Time taken: 134.44 seconds
SAT

=> TOTAL COMPLETION TIME (Makespan / UB): 1246
Schedule is valid
 Time taken: 134.92 seconds
SAT

=> TOTAL COMPLETION TIME (Makespan / UB): 1245
Schedule is valid
 Time taken: 134.99 seconds
SAT

=> TOTAL COMPLETION TIME (Makespan / UB): 1244
Schedule is valid
 Time taken: 135.04 seconds
SAT

=> TOTAL COMPLETION TIME (Makespan / UB): 1243
Schedule is valid
 Time taken: 135.10 seconds
SAT

=> TOTAL COMPLETION TIME (Makespan / UB): 1242
Schedule is valid
 Time taken: 135.36 seconds
SAT

=> TOTAL COMPLETION TIME (Makespan / UB): 1241
Schedule is valid
 Time taken: 135.41 seconds
SAT

=> TOTAL COMPLETION TIME (Makespan / UB): 1240
Schedule is valid
 Time taken: 135.46 seconds
SAT

=> TOTAL COMPLETION TIME (Makespan / UB): 1239
Schedule is valid
 Time taken: 135.51 seconds
UNSAT
status: optimal
[runlim] end:			Wed Apr 22 18:43:20 2026
[runlim] status:		ok
[runlim] result:		0
[runlim] children:		1
[runlim] processes:		2
[runlim] real:			135.61 seconds
[runlim] time:			135.45 seconds
[runlim] space:			1049 MB
[runlim] load:			1.10 maximum
[runlim] samples:		1357
