[runlim] version:		2.0.0rc12
[runlim] host:			ap-Precision-7550
[runlim] time limit:		311040000 seconds
[runlim] real time limit:	1800 seconds
[runlim] space limit:		14000 MB
[runlim] argv[0]:		python3
[runlim] argv[1]:		-u
[runlim] argv[2]:		multi_thread.py
[runlim] argv[3]:		datasets/yfjs/YFJS01
[runlim] start:			Sun Apr 19 23:16:50 2026
[runlim] child:			77563
Loading data từ: datasets/yfjs/YFJS01
Operations: 40, Edges: 36, Machines: 7
Greedy Schedule UB: 988
Lower Bound: 718 (precedence=718, avg_load=405, mandatory=172)
Complete preprocessing! Greedy UB = 988
Initial UB = 987, LB = 718
--------------------------------------------------
Start multi-threaded search with 4 workers: Bottom-Up, Top-Down, Independent Binary, Cooperative Binary
[BottomUp] Trying with at most 718, LB = 718, UB = 987
[TopDown] Trying with at most 987, LB = 718, UB = 987
[BottomUp] UNSAT in 718. Incrementing LB.
Time taken: 0.16 seconds
Current bounds: LB = 719, UB = 987
[BottomUp] Trying with at most 719, LB = 719, UB = 987
[IndepBinary] New iteration with LB = 719, UB = 987, Target = 853
[BottomUp] UNSAT in 719. Incrementing LB.
Time taken: 0.39 seconds
Current bounds: LB = 720, UB = 987
[CoopBinary] New iteration with LB = 720, UB = 987, Target = 853
[BottomUp] Trying with at most 720, LB = 720, UB = 987
[IndepBinary] SAT in 853! Updating UB.
Time taken: 0.81 seconds
Current bounds: LB = 720, UB = 852
[IndepBinary] New iteration with LB = 720, UB = 852, Target = 786
[IndepBinary] SAT in 786! Updating UB.
Time taken: 0.94 seconds
Current bounds: LB = 720, UB = 785
[IndepBinary] New iteration with LB = 720, UB = 785, Target = 752
[IndepBinary] UNSAT in 752. Incrementing LB.
Time taken: 1.08 seconds
Current bounds: LB = 753, UB = 785
[IndepBinary] New iteration with LB = 753, UB = 785, Target = 769
[TopDown] SAT in 785! Updating UB.
Time taken: 2.28 seconds
Current bounds: LB = 753, UB = 784
[TopDown] SAT in 784! Updating UB.
Time taken: 2.30 seconds
Current bounds: LB = 753, UB = 783
[TopDown] SAT in 783! Updating UB.
Time taken: 2.40 seconds
Exception in thread Thread-2 (worker_top_down):
Traceback (most recent call last):
  File "/usr/lib/python3.12/threading.py", line 1073, in _bootstrap_inner
    self.run()
  File "/usr/lib/python3.12/threading.py", line 1010, in run
[CoopBinary] SAT in 853! Updating UB.
Time taken: 2.41 seconds
Current bounds: LB = 753, UB = 782
[CoopBinary] New iteration with LB = 753, UB = 782, Target = 767
[CoopBinary] UNSAT in 767. Incrementing LB.
Time taken: 2.57 seconds
Current bounds: LB = 768, UB = 782
[CoopBinary] New iteration with LB = 768, UB = 782, Target = 775
    self._target(*self._args, **self._kwargs)
  File "/home/ap/Desktop/FJSSP-sequencial-flexibility/multi_thread.py", line 464, in worker_top_down
    s_obj.interrupt()
  File "/home/ap/.local/lib/python3.12/site-packages/pysat/solvers.py", line 979, in interrupt
    self.solver.interrupt()
  File "/home/ap/.local/lib/python3.12/site-packages/pysat/solvers.py", line 2504, in interrupt
[BottomUp] UNSAT in 720. Incrementing LB.
Time taken: 2.80 seconds
Current bounds: LB = 768, UB = 782
[BottomUp] Trying with at most 768, LB = 768, UB = 782
[CoopBinary] SAT in 775! Updating UB.
Time taken: 2.96 seconds
Current bounds: LB = 768, UB = 774
[CoopBinary] New iteration with LB = 768, UB = 774, Target = 771
[CoopBinary] UNSAT in 771. Incrementing LB.
Time taken: 3.00 seconds
Current bounds: LB = 772, UB = 774
[CoopBinary] New iteration with LB = 772, UB = 774, Target = 773
    raise NotImplementedError('Limited solve is currently unsupported by CaDiCaL.')
NotImplementedError: Limited solve is currently unsupported by CaDiCaL.
[IndepBinary] UNSAT in 769. Incrementing LB.
Time taken: 3.15 seconds
Current bounds: LB = 772, UB = 774
[IndepBinary] New iteration with LB = 772, UB = 774, Target = 773
[CoopBinary] SAT in 773! Updating UB.
Time taken: 3.49 seconds
Current bounds: LB = 772, UB = 772
[CoopBinary] New iteration with LB = 772, UB = 772, Target = 772
[CoopBinary] UNSAT in 772. Incrementing LB.
Time taken: 3.53 seconds
[CoopBinary] UB < LB => OPTIMAL
Current bounds: LB = 773, UB = 772
--------------------------------------------------
Final result:
Status: Optimal
Proved by: CoopBinary
Optimal Makespan: 773
Total time: 3.60 seconds
[runlim] end:			Sun Apr 19 23:16:54 2026
[runlim] status:		ok
[runlim] result:		0
[runlim] children:		1
[runlim] processes:		2
[runlim] real:			3.64 seconds
[runlim] time:			3.63 seconds
[runlim] space:			170 MB
[runlim] load:			0.99 maximum
[runlim] samples:		37
