[runlim] version:		2.0.0rc12
[runlim] host:			fjssp-instance
[runlim] time limit:		311040000 seconds
[runlim] real time limit:	10800 seconds
[runlim] space limit:		14000 MB
[runlim] argv[0]:		python3
[runlim] argv[1]:		-u
[runlim] argv[2]:		main.py
[runlim] argv[3]:		datasets/yfjs/YFJS11
[runlim] start:			Mon Jul 13 16:12:56 2026
[runlim] child:			19475
Operations: 50, Edges: 40, Machines: 10
Greedy Schedule UB: 581
Building constraints took 0.36 seconds.
SAT
=> TOTAL COMPLETION TIME (Makespan / UB): 580
Schedule is valid
 Time taken: 0.56 seconds
------------------------------------------------------------------
SAT
=> TOTAL COMPLETION TIME (Makespan / UB): 579
Schedule is valid
 Time taken: 0.57 seconds
------------------------------------------------------------------
SAT
=> TOTAL COMPLETION TIME (Makespan / UB): 578
Schedule is valid
 Time taken: 0.58 seconds
------------------------------------------------------------------
SAT
=> TOTAL COMPLETION TIME (Makespan / UB): 577
Schedule is valid
 Time taken: 0.59 seconds
------------------------------------------------------------------
SAT
=> TOTAL COMPLETION TIME (Makespan / UB): 576
Schedule is valid
 Time taken: 0.59 seconds
------------------------------------------------------------------
SAT
=> TOTAL COMPLETION TIME (Makespan / UB): 575
Schedule is valid
 Time taken: 0.60 seconds
------------------------------------------------------------------
SAT
=> TOTAL COMPLETION TIME (Makespan / UB): 574
Schedule is valid
 Time taken: 0.61 seconds
------------------------------------------------------------------
SAT
=> TOTAL COMPLETION TIME (Makespan / UB): 573
Schedule is valid
 Time taken: 0.72 seconds
------------------------------------------------------------------
SAT
=> TOTAL COMPLETION TIME (Makespan / UB): 572
Schedule is valid
 Time taken: 0.73 seconds
------------------------------------------------------------------
SAT
=> TOTAL COMPLETION TIME (Makespan / UB): 571
Schedule is valid
 Time taken: 0.75 seconds
------------------------------------------------------------------
SAT
=> TOTAL COMPLETION TIME (Makespan / UB): 570
Schedule is valid
 Time taken: 0.76 seconds
------------------------------------------------------------------
SAT
=> TOTAL COMPLETION TIME (Makespan / UB): 569
Schedule is valid
 Time taken: 0.77 seconds
------------------------------------------------------------------
SAT
=> TOTAL COMPLETION TIME (Makespan / UB): 568
Schedule is valid
 Time taken: 0.78 seconds
------------------------------------------------------------------
SAT
=> TOTAL COMPLETION TIME (Makespan / UB): 567
Schedule is valid
 Time taken: 0.78 seconds
------------------------------------------------------------------
SAT
=> TOTAL COMPLETION TIME (Makespan / UB): 566
Schedule is valid
 Time taken: 0.79 seconds
------------------------------------------------------------------
SAT
=> TOTAL COMPLETION TIME (Makespan / UB): 565
Schedule is valid
 Time taken: 0.81 seconds
------------------------------------------------------------------
SAT
=> TOTAL COMPLETION TIME (Makespan / UB): 564
Schedule is valid
 Time taken: 0.84 seconds
------------------------------------------------------------------
SAT
=> TOTAL COMPLETION TIME (Makespan / UB): 563
Schedule is valid
 Time taken: 0.86 seconds
------------------------------------------------------------------
SAT
=> TOTAL COMPLETION TIME (Makespan / UB): 562
Schedule is valid
 Time taken: 0.88 seconds
------------------------------------------------------------------
SAT
=> TOTAL COMPLETION TIME (Makespan / UB): 561
Schedule is valid
 Time taken: 0.89 seconds
------------------------------------------------------------------
SAT
=> TOTAL COMPLETION TIME (Makespan / UB): 560
Schedule is valid
 Time taken: 0.90 seconds
------------------------------------------------------------------
SAT
=> TOTAL COMPLETION TIME (Makespan / UB): 559
Schedule is valid
 Time taken: 0.91 seconds
------------------------------------------------------------------
SAT
=> TOTAL COMPLETION TIME (Makespan / UB): 558
Schedule is valid
 Time taken: 0.91 seconds
------------------------------------------------------------------
SAT
=> TOTAL COMPLETION TIME (Makespan / UB): 557
Schedule is valid
 Time taken: 0.92 seconds
------------------------------------------------------------------
SAT
=> TOTAL COMPLETION TIME (Makespan / UB): 556
Schedule is valid
 Time taken: 0.93 seconds
------------------------------------------------------------------
SAT
=> TOTAL COMPLETION TIME (Makespan / UB): 555
Schedule is valid
 Time taken: 0.94 seconds
------------------------------------------------------------------
SAT
=> TOTAL COMPLETION TIME (Makespan / UB): 554
Schedule is valid
 Time taken: 0.94 seconds
------------------------------------------------------------------
SAT
=> TOTAL COMPLETION TIME (Makespan / UB): 553
Schedule is valid
 Time taken: 0.95 seconds
------------------------------------------------------------------
SAT
=> TOTAL COMPLETION TIME (Makespan / UB): 552
Schedule is valid
 Time taken: 0.96 seconds
------------------------------------------------------------------
SAT
=> TOTAL COMPLETION TIME (Makespan / UB): 551
Schedule is valid
 Time taken: 0.96 seconds
------------------------------------------------------------------
SAT
=> TOTAL COMPLETION TIME (Makespan / UB): 550
Schedule is valid
 Time taken: 0.97 seconds
------------------------------------------------------------------
SAT
=> TOTAL COMPLETION TIME (Makespan / UB): 549
Schedule is valid
 Time taken: 0.98 seconds
------------------------------------------------------------------
SAT
=> TOTAL COMPLETION TIME (Makespan / UB): 548
Schedule is valid
 Time taken: 1.37 seconds
------------------------------------------------------------------
SAT
=> TOTAL COMPLETION TIME (Makespan / UB): 547
Schedule is valid
 Time taken: 2.71 seconds
------------------------------------------------------------------
SAT
=> TOTAL COMPLETION TIME (Makespan / UB): 546
Schedule is valid
 Time taken: 2.77 seconds
------------------------------------------------------------------
SAT
=> TOTAL COMPLETION TIME (Makespan / UB): 545
Schedule is valid
 Time taken: 2.80 seconds
------------------------------------------------------------------
SAT
=> TOTAL COMPLETION TIME (Makespan / UB): 544
Schedule is valid
 Time taken: 2.86 seconds
------------------------------------------------------------------
SAT
=> TOTAL COMPLETION TIME (Makespan / UB): 543
Schedule is valid
 Time taken: 2.89 seconds
------------------------------------------------------------------
SAT
=> TOTAL COMPLETION TIME (Makespan / UB): 542
Schedule is valid
 Time taken: 3.04 seconds
------------------------------------------------------------------
SAT
=> TOTAL COMPLETION TIME (Makespan / UB): 541
Schedule is valid
 Time taken: 3.07 seconds
------------------------------------------------------------------
SAT
=> TOTAL COMPLETION TIME (Makespan / UB): 540
Schedule is valid
 Time taken: 3.28 seconds
------------------------------------------------------------------
SAT
=> TOTAL COMPLETION TIME (Makespan / UB): 539
Schedule is valid
 Time taken: 3.36 seconds
------------------------------------------------------------------
SAT
=> TOTAL COMPLETION TIME (Makespan / UB): 538
Schedule is valid
 Time taken: 3.39 seconds
------------------------------------------------------------------
SAT
=> TOTAL COMPLETION TIME (Makespan / UB): 537
Schedule is valid
 Time taken: 3.50 seconds
------------------------------------------------------------------
SAT
=> TOTAL COMPLETION TIME (Makespan / UB): 536
Schedule is valid
 Time taken: 3.58 seconds
------------------------------------------------------------------
SAT
=> TOTAL COMPLETION TIME (Makespan / UB): 535
Schedule is valid
 Time taken: 3.66 seconds
------------------------------------------------------------------
SAT
=> TOTAL COMPLETION TIME (Makespan / UB): 534
Schedule is valid
 Time taken: 3.71 seconds
------------------------------------------------------------------
SAT
=> TOTAL COMPLETION TIME (Makespan / UB): 533
Schedule is valid
 Time taken: 3.74 seconds
------------------------------------------------------------------
SAT
=> TOTAL COMPLETION TIME (Makespan / UB): 532
Schedule is valid
 Time taken: 3.81 seconds
------------------------------------------------------------------
SAT
=> TOTAL COMPLETION TIME (Makespan / UB): 531
Schedule is valid
 Time taken: 3.88 seconds
------------------------------------------------------------------
SAT
=> TOTAL COMPLETION TIME (Makespan / UB): 530
Schedule is valid
 Time taken: 3.94 seconds
------------------------------------------------------------------
SAT
=> TOTAL COMPLETION TIME (Makespan / UB): 529
Schedule is valid
 Time taken: 3.98 seconds
------------------------------------------------------------------
SAT
=> TOTAL COMPLETION TIME (Makespan / UB): 528
Schedule is valid
 Time taken: 4.02 seconds
------------------------------------------------------------------
SAT
=> TOTAL COMPLETION TIME (Makespan / UB): 527
Schedule is valid
 Time taken: 4.06 seconds
------------------------------------------------------------------
SAT
=> TOTAL COMPLETION TIME (Makespan / UB): 526
Schedule is valid
 Time taken: 4.11 seconds
------------------------------------------------------------------
UNSAT
status: optimal
Time taken: 4.17 seconds
------------------------------------------------------------------
[runlim] end:			Mon Jul 13 16:13:00 2026
[runlim] status:		ok
[runlim] result:		0
[runlim] children:		1
[runlim] processes:		2
[runlim] real:			4.23 seconds
[runlim] time:			4.19 seconds
[runlim] space:			88 MB
[runlim] load:			0.58 maximum
[runlim] samples:		43
