[runlim] version:		2.0.0rc12
[runlim] host:			fjssp-instance
[runlim] time limit:		311040000 seconds
[runlim] real time limit:	10800 seconds
[runlim] space limit:		14000 MB
[runlim] argv[0]:		python3
[runlim] argv[1]:		-u
[runlim] argv[2]:		main.py
[runlim] argv[3]:		datasets/yfjs/YFJS12
[runlim] start:			Tue Jul 21 15:27:34 2026
[runlim] child:			10522
Operations: 50, Edges: 40, Machines: 10
Greedy Schedule UB: 720
Building constraints took 0.33 seconds.
SAT
=> MAKESPAN: 719
Schedule is valid
 Time taken: 0.38 seconds
SAT
=> MAKESPAN: 718
Schedule is valid
 Time taken: 0.38 seconds
SAT
=> MAKESPAN: 717
Schedule is valid
 Time taken: 0.38 seconds
SAT
=> MAKESPAN: 716
Schedule is valid
 Time taken: 0.38 seconds
SAT
=> MAKESPAN: 715
Schedule is valid
 Time taken: 0.39 seconds
SAT
=> MAKESPAN: 714
Schedule is valid
 Time taken: 0.39 seconds
SAT
=> MAKESPAN: 713
Schedule is valid
 Time taken: 0.39 seconds
SAT
=> MAKESPAN: 712
Schedule is valid
 Time taken: 0.39 seconds
SAT
=> MAKESPAN: 711
Schedule is valid
 Time taken: 0.40 seconds
SAT
=> MAKESPAN: 710
Schedule is valid
 Time taken: 0.40 seconds
SAT
=> MAKESPAN: 709
Schedule is valid
 Time taken: 0.40 seconds
SAT
=> MAKESPAN: 708
Schedule is valid
 Time taken: 0.40 seconds
SAT
=> MAKESPAN: 707
Schedule is valid
 Time taken: 0.40 seconds
SAT
=> MAKESPAN: 706
Schedule is valid
 Time taken: 0.41 seconds
SAT
=> MAKESPAN: 705
Schedule is valid
 Time taken: 0.41 seconds
SAT
=> MAKESPAN: 704
Schedule is valid
 Time taken: 0.41 seconds
SAT
=> MAKESPAN: 703
Schedule is valid
 Time taken: 0.41 seconds
SAT
=> MAKESPAN: 702
Schedule is valid
 Time taken: 0.42 seconds
SAT
=> MAKESPAN: 701
Schedule is valid
 Time taken: 0.42 seconds
SAT
=> MAKESPAN: 700
Schedule is valid
 Time taken: 0.42 seconds
SAT
=> MAKESPAN: 699
Schedule is valid
 Time taken: 0.42 seconds
SAT
=> MAKESPAN: 698
Schedule is valid
 Time taken: 0.43 seconds
SAT
=> MAKESPAN: 697
Schedule is valid
 Time taken: 0.43 seconds
SAT
=> MAKESPAN: 696
Schedule is valid
 Time taken: 0.43 seconds
SAT
=> MAKESPAN: 695
Schedule is valid
 Time taken: 0.43 seconds
SAT
=> MAKESPAN: 694
Schedule is valid
 Time taken: 0.44 seconds
SAT
=> MAKESPAN: 693
Schedule is valid
 Time taken: 0.44 seconds
SAT
=> MAKESPAN: 692
Schedule is valid
 Time taken: 0.44 seconds
SAT
=> MAKESPAN: 691
Schedule is valid
 Time taken: 0.44 seconds
SAT
=> MAKESPAN: 690
Schedule is valid
 Time taken: 0.44 seconds
SAT
=> MAKESPAN: 689
Schedule is valid
 Time taken: 0.45 seconds
SAT
=> MAKESPAN: 688
Schedule is valid
 Time taken: 0.45 seconds
SAT
=> MAKESPAN: 687
Schedule is valid
 Time taken: 0.45 seconds
SAT
=> MAKESPAN: 686
Schedule is valid
 Time taken: 0.45 seconds
SAT
=> MAKESPAN: 685
Schedule is valid
 Time taken: 0.46 seconds
SAT
=> MAKESPAN: 684
Schedule is valid
 Time taken: 0.46 seconds
SAT
=> MAKESPAN: 683
Schedule is valid
 Time taken: 0.46 seconds
SAT
=> MAKESPAN: 682
Schedule is valid
 Time taken: 0.46 seconds
SAT
=> MAKESPAN: 681
Schedule is valid
 Time taken: 0.47 seconds
SAT
=> MAKESPAN: 680
Schedule is valid
 Time taken: 0.47 seconds
SAT
=> MAKESPAN: 679
Schedule is valid
 Time taken: 0.47 seconds
SAT
=> MAKESPAN: 678
Schedule is valid
 Time taken: 0.47 seconds
SAT
=> MAKESPAN: 677
Schedule is valid
 Time taken: 0.48 seconds
SAT
=> MAKESPAN: 676
Schedule is valid
 Time taken: 0.48 seconds
SAT
=> MAKESPAN: 675
Schedule is valid
 Time taken: 0.48 seconds
SAT
=> MAKESPAN: 674
Schedule is valid
 Time taken: 0.48 seconds
SAT
=> MAKESPAN: 673
Schedule is valid
 Time taken: 0.49 seconds
SAT
=> MAKESPAN: 672
Schedule is valid
 Time taken: 0.49 seconds
SAT
=> MAKESPAN: 671
Schedule is valid
 Time taken: 0.49 seconds
SAT
=> MAKESPAN: 670
Schedule is valid
 Time taken: 0.49 seconds
SAT
=> MAKESPAN: 669
Schedule is valid
 Time taken: 0.50 seconds
SAT
=> MAKESPAN: 668
Schedule is valid
 Time taken: 0.50 seconds
SAT
=> MAKESPAN: 667
Schedule is valid
 Time taken: 0.50 seconds
SAT
=> MAKESPAN: 666
Schedule is valid
 Time taken: 0.50 seconds
SAT
=> MAKESPAN: 665
Schedule is valid
 Time taken: 0.51 seconds
SAT
=> MAKESPAN: 664
Schedule is valid
 Time taken: 0.61 seconds
SAT
=> MAKESPAN: 663
Schedule is valid
 Time taken: 0.61 seconds
SAT
=> MAKESPAN: 662
Schedule is valid
 Time taken: 0.62 seconds
SAT
=> MAKESPAN: 661
Schedule is valid
 Time taken: 0.62 seconds
SAT
=> MAKESPAN: 660
Schedule is valid
 Time taken: 0.62 seconds
SAT
=> MAKESPAN: 659
Schedule is valid
 Time taken: 0.62 seconds
SAT
=> MAKESPAN: 658
Schedule is valid
 Time taken: 0.63 seconds
SAT
=> MAKESPAN: 657
Schedule is valid
 Time taken: 0.63 seconds
SAT
=> MAKESPAN: 656
Schedule is valid
 Time taken: 0.63 seconds
SAT
=> MAKESPAN: 655
Schedule is valid
 Time taken: 0.63 seconds
SAT
=> MAKESPAN: 654
Schedule is valid
 Time taken: 0.64 seconds
SAT
=> MAKESPAN: 653
Schedule is valid
 Time taken: 0.64 seconds
SAT
=> MAKESPAN: 652
Schedule is valid
 Time taken: 0.64 seconds
SAT
=> MAKESPAN: 651
Schedule is valid
 Time taken: 0.65 seconds
SAT
=> MAKESPAN: 650
Schedule is valid
 Time taken: 0.65 seconds
SAT
=> MAKESPAN: 649
Schedule is valid
 Time taken: 0.65 seconds
SAT
=> MAKESPAN: 648
Schedule is valid
 Time taken: 0.65 seconds
SAT
=> MAKESPAN: 647
Schedule is valid
 Time taken: 0.66 seconds
SAT
=> MAKESPAN: 646
Schedule is valid
 Time taken: 0.66 seconds
SAT
=> MAKESPAN: 645
Schedule is valid
 Time taken: 0.66 seconds
SAT
=> MAKESPAN: 644
Schedule is valid
 Time taken: 0.67 seconds
SAT
=> MAKESPAN: 643
Schedule is valid
 Time taken: 0.67 seconds
SAT
=> MAKESPAN: 642
Schedule is valid
 Time taken: 0.67 seconds
SAT
=> MAKESPAN: 641
Schedule is valid
 Time taken: 0.76 seconds
SAT
=> MAKESPAN: 640
Schedule is valid
 Time taken: 0.77 seconds
SAT
=> MAKESPAN: 639
Schedule is valid
 Time taken: 0.84 seconds
SAT
=> MAKESPAN: 638
Schedule is valid
 Time taken: 0.84 seconds
SAT
=> MAKESPAN: 637
Schedule is valid
 Time taken: 0.84 seconds
SAT
=> MAKESPAN: 636
Schedule is valid
 Time taken: 0.84 seconds
SAT
=> MAKESPAN: 635
Schedule is valid
 Time taken: 0.85 seconds
SAT
=> MAKESPAN: 634
Schedule is valid
 Time taken: 0.85 seconds
SAT
=> MAKESPAN: 633
Schedule is valid
 Time taken: 0.88 seconds
SAT
=> MAKESPAN: 632
Schedule is valid
 Time taken: 0.88 seconds
SAT
=> MAKESPAN: 631
Schedule is valid
 Time taken: 0.88 seconds
SAT
=> MAKESPAN: 630
Schedule is valid
 Time taken: 0.88 seconds
SAT
=> MAKESPAN: 629
Schedule is valid
 Time taken: 0.88 seconds
SAT
=> MAKESPAN: 628
Schedule is valid
 Time taken: 0.89 seconds
SAT
=> MAKESPAN: 627
Schedule is valid
 Time taken: 0.89 seconds
SAT
=> MAKESPAN: 626
Schedule is valid
 Time taken: 0.89 seconds
SAT
=> MAKESPAN: 625
Schedule is valid
 Time taken: 0.90 seconds
SAT
=> MAKESPAN: 624
Schedule is valid
 Time taken: 0.90 seconds
SAT
=> MAKESPAN: 623
Schedule is valid
 Time taken: 0.90 seconds
SAT
=> MAKESPAN: 622
Schedule is valid
 Time taken: 1.16 seconds
SAT
=> MAKESPAN: 621
Schedule is valid
 Time taken: 1.22 seconds
SAT
=> MAKESPAN: 620
Schedule is valid
 Time taken: 1.22 seconds
SAT
=> MAKESPAN: 619
Schedule is valid
 Time taken: 1.22 seconds
SAT
=> MAKESPAN: 618
Schedule is valid
 Time taken: 1.22 seconds
SAT
=> MAKESPAN: 617
Schedule is valid
 Time taken: 1.23 seconds
SAT
=> MAKESPAN: 616
Schedule is valid
 Time taken: 1.23 seconds
SAT
=> MAKESPAN: 615
Schedule is valid
 Time taken: 1.23 seconds
SAT
=> MAKESPAN: 614
Schedule is valid
 Time taken: 1.23 seconds
SAT
=> MAKESPAN: 613
Schedule is valid
 Time taken: 1.23 seconds
SAT
=> MAKESPAN: 612
Schedule is valid
 Time taken: 1.24 seconds
SAT
=> MAKESPAN: 611
Schedule is valid
 Time taken: 2.15 seconds
SAT
=> MAKESPAN: 610
Schedule is valid
 Time taken: 2.24 seconds
SAT
=> MAKESPAN: 609
Schedule is valid
 Time taken: 2.24 seconds
SAT
=> MAKESPAN: 608
Schedule is valid
 Time taken: 2.32 seconds
SAT
=> MAKESPAN: 607
Schedule is valid
 Time taken: 2.33 seconds
SAT
=> MAKESPAN: 606
Schedule is valid
 Time taken: 2.33 seconds
SAT
=> MAKESPAN: 605
Schedule is valid
 Time taken: 2.33 seconds
SAT
=> MAKESPAN: 604
Schedule is valid
 Time taken: 2.33 seconds
SAT
=> MAKESPAN: 603
Schedule is valid
 Time taken: 2.34 seconds
SAT
=> MAKESPAN: 602
Schedule is valid
 Time taken: 2.34 seconds
SAT
=> MAKESPAN: 601
Schedule is valid
 Time taken: 2.34 seconds
SAT
=> MAKESPAN: 600
Schedule is valid
 Time taken: 2.34 seconds
SAT
=> MAKESPAN: 599
Schedule is valid
 Time taken: 2.34 seconds
SAT
=> MAKESPAN: 598
Schedule is valid
 Time taken: 2.35 seconds
SAT
=> MAKESPAN: 597
Schedule is valid
 Time taken: 2.35 seconds
SAT
=> MAKESPAN: 596
Schedule is valid
 Time taken: 2.35 seconds
SAT
=> MAKESPAN: 595
Schedule is valid
 Time taken: 2.35 seconds
SAT
=> MAKESPAN: 594
Schedule is valid
 Time taken: 2.36 seconds
SAT
=> MAKESPAN: 593
Schedule is valid
 Time taken: 2.36 seconds
SAT
=> MAKESPAN: 592
Schedule is valid
 Time taken: 2.36 seconds
SAT
=> MAKESPAN: 591
Schedule is valid
 Time taken: 2.36 seconds
SAT
=> MAKESPAN: 590
Schedule is valid
 Time taken: 2.37 seconds
SAT
=> MAKESPAN: 589
Schedule is valid
 Time taken: 2.40 seconds
SAT
=> MAKESPAN: 588
Schedule is valid
 Time taken: 2.49 seconds
SAT
=> MAKESPAN: 587
Schedule is valid
 Time taken: 2.60 seconds
SAT
=> MAKESPAN: 586
Schedule is valid
 Time taken: 2.60 seconds
SAT
=> MAKESPAN: 585
Schedule is valid
 Time taken: 2.61 seconds
SAT
=> MAKESPAN: 584
Schedule is valid
 Time taken: 2.61 seconds
SAT
=> MAKESPAN: 583
Schedule is valid
 Time taken: 2.61 seconds
SAT
=> MAKESPAN: 582
Schedule is valid
 Time taken: 3.04 seconds
SAT
=> MAKESPAN: 581
Schedule is valid
 Time taken: 3.07 seconds
SAT
=> MAKESPAN: 580
Schedule is valid
 Time taken: 3.08 seconds
SAT
=> MAKESPAN: 579
Schedule is valid
 Time taken: 3.13 seconds
SAT
=> MAKESPAN: 578
Schedule is valid
 Time taken: 3.25 seconds
SAT
=> MAKESPAN: 577
Schedule is valid
 Time taken: 3.37 seconds
SAT
=> MAKESPAN: 576
Schedule is valid
 Time taken: 3.37 seconds
SAT
=> MAKESPAN: 575
Schedule is valid
 Time taken: 3.38 seconds
SAT
=> MAKESPAN: 574
Schedule is valid
 Time taken: 3.39 seconds
SAT
=> MAKESPAN: 573
Schedule is valid
 Time taken: 3.39 seconds
SAT
=> MAKESPAN: 572
Schedule is valid
 Time taken: 3.39 seconds
SAT
=> MAKESPAN: 571
Schedule is valid
 Time taken: 3.48 seconds
SAT
=> MAKESPAN: 570
Schedule is valid
 Time taken: 3.61 seconds
SAT
=> MAKESPAN: 569
Schedule is valid
 Time taken: 3.61 seconds
SAT
=> MAKESPAN: 568
Schedule is valid
 Time taken: 3.73 seconds
SAT
=> MAKESPAN: 567
Schedule is valid
 Time taken: 3.75 seconds
SAT
=> MAKESPAN: 566
Schedule is valid
 Time taken: 3.75 seconds
SAT
=> MAKESPAN: 565
Schedule is valid
 Time taken: 3.76 seconds
SAT
=> MAKESPAN: 564
Schedule is valid
 Time taken: 3.76 seconds
SAT
=> MAKESPAN: 563
Schedule is valid
 Time taken: 3.76 seconds
SAT
=> MAKESPAN: 562
Schedule is valid
 Time taken: 3.77 seconds
SAT
=> MAKESPAN: 561
Schedule is valid
 Time taken: 3.77 seconds
SAT
=> MAKESPAN: 560
Schedule is valid
 Time taken: 3.79 seconds
SAT
=> MAKESPAN: 559
Schedule is valid
 Time taken: 4.13 seconds
SAT
=> MAKESPAN: 558
Schedule is valid
 Time taken: 4.14 seconds
SAT
=> MAKESPAN: 557
Schedule is valid
 Time taken: 4.16 seconds
SAT
=> MAKESPAN: 556
Schedule is valid
 Time taken: 4.16 seconds
SAT
=> MAKESPAN: 555
Schedule is valid
 Time taken: 4.16 seconds
SAT
=> MAKESPAN: 554
Schedule is valid
 Time taken: 4.29 seconds
SAT
=> MAKESPAN: 553
Schedule is valid
 Time taken: 4.42 seconds
SAT
=> MAKESPAN: 552
Schedule is valid
 Time taken: 4.47 seconds
SAT
=> MAKESPAN: 551
Schedule is valid
 Time taken: 4.48 seconds
SAT
=> MAKESPAN: 550
Schedule is valid
 Time taken: 4.51 seconds
SAT
=> MAKESPAN: 549
Schedule is valid
 Time taken: 4.51 seconds
SAT
=> MAKESPAN: 548
Schedule is valid
 Time taken: 4.51 seconds
SAT
=> MAKESPAN: 547
Schedule is valid
 Time taken: 4.51 seconds
SAT
=> MAKESPAN: 546
Schedule is valid
 Time taken: 4.52 seconds
SAT
=> MAKESPAN: 545
Schedule is valid
 Time taken: 4.52 seconds
SAT
=> MAKESPAN: 544
Schedule is valid
 Time taken: 4.64 seconds
SAT
=> MAKESPAN: 543
Schedule is valid
 Time taken: 4.64 seconds
SAT
=> MAKESPAN: 542
Schedule is valid
 Time taken: 4.65 seconds
SAT
=> MAKESPAN: 541
Schedule is valid
 Time taken: 4.66 seconds
SAT
=> MAKESPAN: 540
Schedule is valid
 Time taken: 4.66 seconds
SAT
=> MAKESPAN: 539
Schedule is valid
 Time taken: 5.10 seconds
SAT
=> MAKESPAN: 538
Schedule is valid
 Time taken: 5.11 seconds
SAT
=> MAKESPAN: 537
Schedule is valid
 Time taken: 5.12 seconds
SAT
=> MAKESPAN: 536
Schedule is valid
 Time taken: 5.12 seconds
SAT
=> MAKESPAN: 535
Schedule is valid
 Time taken: 5.17 seconds
SAT
=> MAKESPAN: 534
Schedule is valid
 Time taken: 5.17 seconds
SAT
=> MAKESPAN: 533
Schedule is valid
 Time taken: 5.18 seconds
SAT
=> MAKESPAN: 532
Schedule is valid
 Time taken: 5.18 seconds
SAT
=> MAKESPAN: 531
Schedule is valid
 Time taken: 5.18 seconds
SAT
=> MAKESPAN: 530
Schedule is valid
 Time taken: 5.18 seconds
SAT
=> MAKESPAN: 529
Schedule is valid
 Time taken: 5.29 seconds
SAT
=> MAKESPAN: 528
Schedule is valid
 Time taken: 5.29 seconds
SAT
=> MAKESPAN: 527
Schedule is valid
 Time taken: 5.29 seconds
SAT
=> MAKESPAN: 526
Schedule is valid
 Time taken: 5.30 seconds
SAT
=> MAKESPAN: 525
Schedule is valid
 Time taken: 5.30 seconds
SAT
=> MAKESPAN: 524
Schedule is valid
 Time taken: 5.30 seconds
SAT
=> MAKESPAN: 523
Schedule is valid
 Time taken: 5.30 seconds
SAT
=> MAKESPAN: 522
Schedule is valid
 Time taken: 5.31 seconds
SAT
=> MAKESPAN: 521
Schedule is valid
 Time taken: 5.40 seconds
SAT
=> MAKESPAN: 520
Schedule is valid
 Time taken: 5.41 seconds
SAT
=> MAKESPAN: 519
Schedule is valid
 Time taken: 5.43 seconds
SAT
=> MAKESPAN: 518
Schedule is valid
 Time taken: 5.44 seconds
SAT
=> MAKESPAN: 517
Schedule is valid
 Time taken: 5.44 seconds
SAT
=> MAKESPAN: 516
Schedule is valid
 Time taken: 5.45 seconds
SAT
=> MAKESPAN: 515
Schedule is valid
 Time taken: 5.45 seconds
SAT
=> MAKESPAN: 514
Schedule is valid
 Time taken: 5.55 seconds
SAT
=> MAKESPAN: 513
Schedule is valid
 Time taken: 5.55 seconds
SAT
=> MAKESPAN: 512
Schedule is valid
 Time taken: 5.56 seconds
UNSAT
status: optimal
Time taken: 5.57 seconds
[runlim] end:			Tue Jul 21 15:27:40 2026
[runlim] status:		ok
[runlim] result:		0
[runlim] children:		1
[runlim] processes:		2
[runlim] real:			5.60 seconds
[runlim] time:			5.51 seconds
[runlim] space:			148 MB
[runlim] load:			0.33 maximum
[runlim] samples:		56
