[runlim] version:		2.0.0rc12
[runlim] host:			fjssp-instance
[runlim] time limit:		311040000 seconds
[runlim] real time limit:	10800 seconds
[runlim] space limit:		14000 MB
[runlim] argv[0]:		python3
[runlim] argv[1]:		-u
[runlim] argv[2]:		main.py
[runlim] argv[3]:		datasets/yfjs/YFJS17
[runlim] start:			Mon Jul 13 16:20:28 2026
[runlim] child:			19666
Operations: 289, Edges: 272, Machines: 26
Greedy Schedule UB: 1319
[runlim] sample:		10.00 time, 10.01 real, 681 MB, 1.21 load
[runlim] sample:		20.00 time, 20.01 real, 1277 MB, 1.18 load
Building constraints took 26.73 seconds.
SAT
=> TOTAL COMPLETION TIME (Makespan / UB): 1318
Schedule is valid
 Time taken: 29.84 seconds
------------------------------------------------------------------
[runlim] sample:		30.00 time, 30.01 real, 1752 MB, 1.15 load
SAT
=> TOTAL COMPLETION TIME (Makespan / UB): 1317
Schedule is valid
 Time taken: 34.32 seconds
------------------------------------------------------------------
SAT
=> TOTAL COMPLETION TIME (Makespan / UB): 1316
Schedule is valid
 Time taken: 34.50 seconds
------------------------------------------------------------------
SAT
=> TOTAL COMPLETION TIME (Makespan / UB): 1315
Schedule is valid
 Time taken: 34.58 seconds
------------------------------------------------------------------
SAT
=> TOTAL COMPLETION TIME (Makespan / UB): 1314
Schedule is valid
 Time taken: 34.66 seconds
------------------------------------------------------------------
SAT
=> TOTAL COMPLETION TIME (Makespan / UB): 1313
Schedule is valid
 Time taken: 34.75 seconds
------------------------------------------------------------------
[runlim] sample:		39.99 time, 40.01 real, 2370 MB, 1.13 load
[runlim] sample:		50.00 time, 50.01 real, 2963 MB, 1.11 load
[runlim] sample:		59.99 time, 60.01 real, 2546 MB, 1.09 load
[runlim] sample:		69.99 time, 70.01 real, 2394 MB, 1.08 load
[runlim] sample:		79.99 time, 80.01 real, 2434 MB, 1.06 load
[runlim] sample:		89.99 time, 90.01 real, 2369 MB, 1.05 load
SAT
=> TOTAL COMPLETION TIME (Makespan / UB): 1312
Schedule is valid
 Time taken: 90.83 seconds
------------------------------------------------------------------
[runlim] sample:		99.99 time, 100.01 real, 2329 MB, 1.12 load
SAT
=> TOTAL COMPLETION TIME (Makespan / UB): 1311
Schedule is valid
 Time taken: 104.78 seconds
------------------------------------------------------------------
[runlim] sample:		109.99 time, 110.01 real, 3037 MB, 1.10 load
SAT
=> TOTAL COMPLETION TIME (Makespan / UB): 1310
Schedule is valid
 Time taken: 111.01 seconds
------------------------------------------------------------------
SAT
=> TOTAL COMPLETION TIME (Makespan / UB): 1309
Schedule is valid
 Time taken: 113.44 seconds
------------------------------------------------------------------
SAT
=> TOTAL COMPLETION TIME (Makespan / UB): 1308
Schedule is valid
 Time taken: 116.13 seconds
------------------------------------------------------------------
SAT
=> TOTAL COMPLETION TIME (Makespan / UB): 1307
Schedule is valid
 Time taken: 118.36 seconds
------------------------------------------------------------------
[runlim] sample:		119.99 time, 120.01 real, 2312 MB, 1.08 load
SAT
=> TOTAL COMPLETION TIME (Makespan / UB): 1306
Schedule is valid
 Time taken: 123.27 seconds
------------------------------------------------------------------
SAT
=> TOTAL COMPLETION TIME (Makespan / UB): 1305
Schedule is valid
 Time taken: 126.02 seconds
------------------------------------------------------------------
[runlim] sample:		129.98 time, 130.01 real, 2322 MB, 1.07 load
[runlim] sample:		139.98 time, 140.01 real, 2416 MB, 1.13 load
[runlim] sample:		149.98 time, 150.01 real, 2508 MB, 1.11 load
[runlim] sample:		159.97 time, 160.01 real, 2573 MB, 1.10 load
SAT
=> TOTAL COMPLETION TIME (Makespan / UB): 1304
Schedule is valid
 Time taken: 166.82 seconds
------------------------------------------------------------------
[runlim] sample:		169.97 time, 170.01 real, 2339 MB, 1.08 load
SAT
=> TOTAL COMPLETION TIME (Makespan / UB): 1303
Schedule is valid
 Time taken: 170.17 seconds
------------------------------------------------------------------
SAT
=> TOTAL COMPLETION TIME (Makespan / UB): 1302
Schedule is valid
 Time taken: 173.96 seconds
------------------------------------------------------------------
SAT
=> TOTAL COMPLETION TIME (Makespan / UB): 1301
Schedule is valid
 Time taken: 177.99 seconds
------------------------------------------------------------------
[runlim] sample:		179.96 time, 180.01 real, 2340 MB, 1.07 load
SAT
=> TOTAL COMPLETION TIME (Makespan / UB): 1300
Schedule is valid
 Time taken: 180.56 seconds
------------------------------------------------------------------
SAT
=> TOTAL COMPLETION TIME (Makespan / UB): 1299
Schedule is valid
 Time taken: 187.24 seconds
------------------------------------------------------------------
SAT
=> TOTAL COMPLETION TIME (Makespan / UB): 1298
Schedule is valid
 Time taken: 189.39 seconds
------------------------------------------------------------------
[runlim] sample:		189.96 time, 190.01 real, 2335 MB, 1.06 load
[runlim] sample:		199.96 time, 200.01 real, 2340 MB, 1.05 load
SAT
=> TOTAL COMPLETION TIME (Makespan / UB): 1297
Schedule is valid
 Time taken: 208.81 seconds
------------------------------------------------------------------
[runlim] sample:		209.96 time, 210.01 real, 2328 MB, 1.04 load
SAT
=> TOTAL COMPLETION TIME (Makespan / UB): 1296
Schedule is valid
 Time taken: 212.17 seconds
------------------------------------------------------------------
SAT
=> TOTAL COMPLETION TIME (Makespan / UB): 1295
Schedule is valid
 Time taken: 214.04 seconds
------------------------------------------------------------------
SAT
=> TOTAL COMPLETION TIME (Makespan / UB): 1294
Schedule is valid
 Time taken: 216.91 seconds
------------------------------------------------------------------
SAT
=> TOTAL COMPLETION TIME (Makespan / UB): 1293
Schedule is valid
 Time taken: 217.10 seconds
------------------------------------------------------------------
SAT
=> TOTAL COMPLETION TIME (Makespan / UB): 1292
Schedule is valid
 Time taken: 219.20 seconds
------------------------------------------------------------------
[runlim] sample:		219.96 time, 220.01 real, 2329 MB, 1.03 load
SAT
=> TOTAL COMPLETION TIME (Makespan / UB): 1291
Schedule is valid
 Time taken: 220.85 seconds
------------------------------------------------------------------
SAT
=> TOTAL COMPLETION TIME (Makespan / UB): 1290
Schedule is valid
 Time taken: 224.24 seconds
------------------------------------------------------------------
SAT
=> TOTAL COMPLETION TIME (Makespan / UB): 1289
Schedule is valid
 Time taken: 228.99 seconds
------------------------------------------------------------------
[runlim] sample:		229.95 time, 230.01 real, 2323 MB, 1.03 load
SAT
=> TOTAL COMPLETION TIME (Makespan / UB): 1288
Schedule is valid
 Time taken: 231.81 seconds
------------------------------------------------------------------
SAT
=> TOTAL COMPLETION TIME (Makespan / UB): 1287
Schedule is valid
 Time taken: 234.94 seconds
------------------------------------------------------------------
SAT
=> TOTAL COMPLETION TIME (Makespan / UB): 1286
Schedule is valid
 Time taken: 236.67 seconds
------------------------------------------------------------------
SAT
=> TOTAL COMPLETION TIME (Makespan / UB): 1285
Schedule is valid
 Time taken: 239.12 seconds
------------------------------------------------------------------
SAT
=> TOTAL COMPLETION TIME (Makespan / UB): 1284
Schedule is valid
 Time taken: 239.21 seconds
------------------------------------------------------------------
[runlim] sample:		239.95 time, 240.01 real, 2324 MB, 1.02 load
[runlim] sample:		249.94 time, 250.01 real, 2489 MB, 1.02 load
[runlim] sample:		259.94 time, 260.01 real, 2327 MB, 1.10 load
SAT
=> TOTAL COMPLETION TIME (Makespan / UB): 1283
Schedule is valid
 Time taken: 265.79 seconds
------------------------------------------------------------------
SAT
=> TOTAL COMPLETION TIME (Makespan / UB): 1282
Schedule is valid
 Time taken: 268.30 seconds
------------------------------------------------------------------
[runlim] sample:		269.94 time, 270.01 real, 2324 MB, 1.08 load
SAT
=> TOTAL COMPLETION TIME (Makespan / UB): 1281
Schedule is valid
 Time taken: 273.96 seconds
------------------------------------------------------------------
[runlim] sample:		279.93 time, 280.01 real, 2320 MB, 1.07 load
SAT
=> TOTAL COMPLETION TIME (Makespan / UB): 1280
Schedule is valid
 Time taken: 285.24 seconds
------------------------------------------------------------------
SAT
=> TOTAL COMPLETION TIME (Makespan / UB): 1279
Schedule is valid
 Time taken: 288.55 seconds
------------------------------------------------------------------
SAT
=> TOTAL COMPLETION TIME (Makespan / UB): 1278
Schedule is valid
 Time taken: 288.92 seconds
------------------------------------------------------------------
[runlim] sample:		289.94 time, 290.01 real, 2319 MB, 1.06 load
SAT
=> TOTAL COMPLETION TIME (Makespan / UB): 1277
Schedule is valid
 Time taken: 292.57 seconds
------------------------------------------------------------------
SAT
=> TOTAL COMPLETION TIME (Makespan / UB): 1276
Schedule is valid
 Time taken: 292.90 seconds
------------------------------------------------------------------
SAT
=> TOTAL COMPLETION TIME (Makespan / UB): 1275
Schedule is valid
 Time taken: 293.72 seconds
------------------------------------------------------------------
SAT
=> TOTAL COMPLETION TIME (Makespan / UB): 1274
Schedule is valid
 Time taken: 293.83 seconds
------------------------------------------------------------------
SAT
=> TOTAL COMPLETION TIME (Makespan / UB): 1273
Schedule is valid
 Time taken: 293.88 seconds
------------------------------------------------------------------
SAT
=> TOTAL COMPLETION TIME (Makespan / UB): 1272
Schedule is valid
 Time taken: 293.94 seconds
------------------------------------------------------------------
SAT
=> TOTAL COMPLETION TIME (Makespan / UB): 1271
Schedule is valid
 Time taken: 294.01 seconds
------------------------------------------------------------------
SAT
=> TOTAL COMPLETION TIME (Makespan / UB): 1270
Schedule is valid
 Time taken: 294.09 seconds
------------------------------------------------------------------
SAT
=> TOTAL COMPLETION TIME (Makespan / UB): 1269
Schedule is valid
 Time taken: 294.16 seconds
------------------------------------------------------------------
SAT
=> TOTAL COMPLETION TIME (Makespan / UB): 1268
Schedule is valid
 Time taken: 295.66 seconds
------------------------------------------------------------------
SAT
=> TOTAL COMPLETION TIME (Makespan / UB): 1267
Schedule is valid
 Time taken: 295.73 seconds
------------------------------------------------------------------
SAT
=> TOTAL COMPLETION TIME (Makespan / UB): 1266
Schedule is valid
 Time taken: 296.88 seconds
------------------------------------------------------------------
SAT
=> TOTAL COMPLETION TIME (Makespan / UB): 1265
Schedule is valid
 Time taken: 298.03 seconds
------------------------------------------------------------------
SAT
=> TOTAL COMPLETION TIME (Makespan / UB): 1264
Schedule is valid
 Time taken: 298.12 seconds
------------------------------------------------------------------
SAT
=> TOTAL COMPLETION TIME (Makespan / UB): 1263
Schedule is valid
 Time taken: 299.25 seconds
------------------------------------------------------------------
[runlim] sample:		299.93 time, 300.01 real, 2320 MB, 1.05 load
SAT
=> TOTAL COMPLETION TIME (Makespan / UB): 1262
Schedule is valid
 Time taken: 300.36 seconds
------------------------------------------------------------------
SAT
=> TOTAL COMPLETION TIME (Makespan / UB): 1261
Schedule is valid
 Time taken: 300.43 seconds
------------------------------------------------------------------
SAT
=> TOTAL COMPLETION TIME (Makespan / UB): 1260
Schedule is valid
 Time taken: 301.61 seconds
------------------------------------------------------------------
SAT
=> TOTAL COMPLETION TIME (Makespan / UB): 1259
Schedule is valid
 Time taken: 302.76 seconds
------------------------------------------------------------------
SAT
=> TOTAL COMPLETION TIME (Makespan / UB): 1258
Schedule is valid
 Time taken: 303.91 seconds
------------------------------------------------------------------
SAT
=> TOTAL COMPLETION TIME (Makespan / UB): 1257
Schedule is valid
 Time taken: 303.98 seconds
------------------------------------------------------------------
SAT
=> TOTAL COMPLETION TIME (Makespan / UB): 1256
Schedule is valid
 Time taken: 305.12 seconds
------------------------------------------------------------------
SAT
=> TOTAL COMPLETION TIME (Makespan / UB): 1255
Schedule is valid
 Time taken: 305.19 seconds
------------------------------------------------------------------
SAT
=> TOTAL COMPLETION TIME (Makespan / UB): 1254
Schedule is valid
 Time taken: 308.46 seconds
------------------------------------------------------------------
SAT
=> TOTAL COMPLETION TIME (Makespan / UB): 1253
Schedule is valid
 Time taken: 309.93 seconds
------------------------------------------------------------------
[runlim] sample:		309.93 time, 310.01 real, 2320 MB, 1.04 load
SAT
=> TOTAL COMPLETION TIME (Makespan / UB): 1252
Schedule is valid
 Time taken: 310.03 seconds
------------------------------------------------------------------
SAT
=> TOTAL COMPLETION TIME (Makespan / UB): 1251
Schedule is valid
 Time taken: 311.60 seconds
------------------------------------------------------------------
SAT
=> TOTAL COMPLETION TIME (Makespan / UB): 1250
Schedule is valid
 Time taken: 311.82 seconds
------------------------------------------------------------------
[runlim] sample:		319.93 time, 320.01 real, 2270 MB, 1.03 load
SAT
=> TOTAL COMPLETION TIME (Makespan / UB): 1249
Schedule is valid
 Time taken: 321.24 seconds
------------------------------------------------------------------
SAT
=> TOTAL COMPLETION TIME (Makespan / UB): 1248
Schedule is valid
 Time taken: 321.51 seconds
------------------------------------------------------------------
[runlim] sample:		329.92 time, 330.01 real, 2252 MB, 1.03 load
SAT
=> TOTAL COMPLETION TIME (Makespan / UB): 1247
Schedule is valid
 Time taken: 334.50 seconds
------------------------------------------------------------------
[runlim] sample:		339.91 time, 340.01 real, 2257 MB, 1.02 load
[runlim] sample:		349.91 time, 350.01 real, 2257 MB, 1.02 load
SAT
=> TOTAL COMPLETION TIME (Makespan / UB): 1246
Schedule is valid
 Time taken: 350.07 seconds
------------------------------------------------------------------
SAT
=> TOTAL COMPLETION TIME (Makespan / UB): 1245
Schedule is valid
 Time taken: 354.67 seconds
------------------------------------------------------------------
[runlim] sample:		359.90 time, 360.01 real, 2247 MB, 1.02 load
[runlim] sample:		369.91 time, 370.01 real, 2247 MB, 1.09 load
[runlim] sample:		379.91 time, 380.01 real, 2249 MB, 1.23 load
SAT
=> TOTAL COMPLETION TIME (Makespan / UB): 1244
Schedule is valid
 Time taken: 380.80 seconds
------------------------------------------------------------------
SAT
=> TOTAL COMPLETION TIME (Makespan / UB): 1243
Schedule is valid
 Time taken: 384.41 seconds
------------------------------------------------------------------
SAT
=> TOTAL COMPLETION TIME (Makespan / UB): 1242
Schedule is valid
 Time taken: 386.53 seconds
------------------------------------------------------------------
SAT
=> TOTAL COMPLETION TIME (Makespan / UB): 1241
Schedule is valid
 Time taken: 388.95 seconds
------------------------------------------------------------------
[runlim] sample:		389.90 time, 390.01 real, 2246 MB, 1.35 load
SAT
=> TOTAL COMPLETION TIME (Makespan / UB): 1240
Schedule is valid
 Time taken: 390.85 seconds
------------------------------------------------------------------
SAT
=> TOTAL COMPLETION TIME (Makespan / UB): 1239
Schedule is valid
 Time taken: 393.34 seconds
------------------------------------------------------------------
[runlim] sample:		399.89 time, 400.01 real, 2238 MB, 1.29 load
SAT
=> TOTAL COMPLETION TIME (Makespan / UB): 1238
Schedule is valid
 Time taken: 403.07 seconds
------------------------------------------------------------------
SAT
=> TOTAL COMPLETION TIME (Makespan / UB): 1237
Schedule is valid
 Time taken: 405.41 seconds
------------------------------------------------------------------
[runlim] sample:		409.89 time, 410.01 real, 2238 MB, 1.25 load
SAT
=> TOTAL COMPLETION TIME (Makespan / UB): 1236
Schedule is valid
 Time taken: 416.24 seconds
------------------------------------------------------------------
SAT
=> TOTAL COMPLETION TIME (Makespan / UB): 1235
Schedule is valid
 Time taken: 417.87 seconds
------------------------------------------------------------------
[runlim] sample:		419.88 time, 420.01 real, 2244 MB, 1.21 load
SAT
=> TOTAL COMPLETION TIME (Makespan / UB): 1234
Schedule is valid
 Time taken: 420.42 seconds
------------------------------------------------------------------
SAT
=> TOTAL COMPLETION TIME (Makespan / UB): 1233
Schedule is valid
 Time taken: 429.95 seconds
------------------------------------------------------------------
[runlim] sample:		429.88 time, 430.01 real, 2232 MB, 1.18 load
SAT
=> TOTAL COMPLETION TIME (Makespan / UB): 1232
Schedule is valid
 Time taken: 430.03 seconds
------------------------------------------------------------------
SAT
=> TOTAL COMPLETION TIME (Makespan / UB): 1231
Schedule is valid
 Time taken: 431.97 seconds
------------------------------------------------------------------
SAT
=> TOTAL COMPLETION TIME (Makespan / UB): 1230
Schedule is valid
 Time taken: 434.20 seconds
------------------------------------------------------------------
SAT
=> TOTAL COMPLETION TIME (Makespan / UB): 1229
Schedule is valid
 Time taken: 435.53 seconds
------------------------------------------------------------------
SAT
=> TOTAL COMPLETION TIME (Makespan / UB): 1228
Schedule is valid
 Time taken: 435.72 seconds
------------------------------------------------------------------
SAT
=> TOTAL COMPLETION TIME (Makespan / UB): 1227
Schedule is valid
 Time taken: 435.83 seconds
------------------------------------------------------------------
SAT
=> TOTAL COMPLETION TIME (Makespan / UB): 1226
Schedule is valid
 Time taken: 435.92 seconds
------------------------------------------------------------------
SAT
=> TOTAL COMPLETION TIME (Makespan / UB): 1225
Schedule is valid
 Time taken: 435.99 seconds
------------------------------------------------------------------
SAT
=> TOTAL COMPLETION TIME (Makespan / UB): 1224
Schedule is valid
 Time taken: 436.06 seconds
------------------------------------------------------------------
SAT
=> TOTAL COMPLETION TIME (Makespan / UB): 1223
Schedule is valid
 Time taken: 436.13 seconds
------------------------------------------------------------------
SAT
=> TOTAL COMPLETION TIME (Makespan / UB): 1222
Schedule is valid
 Time taken: 438.59 seconds
------------------------------------------------------------------
[runlim] sample:		439.88 time, 440.01 real, 2627 MB, 1.15 load
SAT
=> TOTAL COMPLETION TIME (Makespan / UB): 1221
Schedule is valid
 Time taken: 442.04 seconds
------------------------------------------------------------------
SAT
=> TOTAL COMPLETION TIME (Makespan / UB): 1220
Schedule is valid
 Time taken: 442.20 seconds
------------------------------------------------------------------
SAT
=> TOTAL COMPLETION TIME (Makespan / UB): 1219
Schedule is valid
 Time taken: 442.41 seconds
------------------------------------------------------------------
SAT
=> TOTAL COMPLETION TIME (Makespan / UB): 1218
Schedule is valid
 Time taken: 444.12 seconds
------------------------------------------------------------------
SAT
=> TOTAL COMPLETION TIME (Makespan / UB): 1217
Schedule is valid
 Time taken: 446.78 seconds
------------------------------------------------------------------
SAT
=> TOTAL COMPLETION TIME (Makespan / UB): 1216
Schedule is valid
 Time taken: 448.99 seconds
------------------------------------------------------------------
[runlim] sample:		449.87 time, 450.01 real, 2217 MB, 1.12 load
SAT
=> TOTAL COMPLETION TIME (Makespan / UB): 1215
Schedule is valid
 Time taken: 450.82 seconds
------------------------------------------------------------------
SAT
=> TOTAL COMPLETION TIME (Makespan / UB): 1214
Schedule is valid
 Time taken: 451.90 seconds
------------------------------------------------------------------
[runlim] sample:		459.87 time, 460.01 real, 2309 MB, 1.10 load
[runlim] sample:		469.86 time, 470.01 real, 2219 MB, 1.09 load
SAT
=> TOTAL COMPLETION TIME (Makespan / UB): 1213
Schedule is valid
 Time taken: 475.67 seconds
------------------------------------------------------------------
SAT
=> TOTAL COMPLETION TIME (Makespan / UB): 1212
Schedule is valid
 Time taken: 478.56 seconds
------------------------------------------------------------------
[runlim] sample:		479.85 time, 480.01 real, 2216 MB, 1.07 load
SAT
=> TOTAL COMPLETION TIME (Makespan / UB): 1211
Schedule is valid
 Time taken: 480.53 seconds
------------------------------------------------------------------
[runlim] sample:		489.86 time, 490.01 real, 2206 MB, 1.06 load
SAT
=> TOTAL COMPLETION TIME (Makespan / UB): 1210
Schedule is valid
 Time taken: 491.92 seconds
------------------------------------------------------------------
SAT
=> TOTAL COMPLETION TIME (Makespan / UB): 1209
Schedule is valid
 Time taken: 493.33 seconds
------------------------------------------------------------------
SAT
=> TOTAL COMPLETION TIME (Makespan / UB): 1208
Schedule is valid
 Time taken: 494.56 seconds
------------------------------------------------------------------
SAT
=> TOTAL COMPLETION TIME (Makespan / UB): 1207
Schedule is valid
 Time taken: 494.63 seconds
------------------------------------------------------------------
SAT
=> TOTAL COMPLETION TIME (Makespan / UB): 1206
Schedule is valid
 Time taken: 494.74 seconds
------------------------------------------------------------------
SAT
=> TOTAL COMPLETION TIME (Makespan / UB): 1205
Schedule is valid
 Time taken: 496.38 seconds
------------------------------------------------------------------
SAT
=> TOTAL COMPLETION TIME (Makespan / UB): 1204
Schedule is valid
 Time taken: 497.95 seconds
------------------------------------------------------------------
[runlim] sample:		499.85 time, 500.01 real, 2205 MB, 1.05 load
SAT
=> TOTAL COMPLETION TIME (Makespan / UB): 1203
Schedule is valid
 Time taken: 500.03 seconds
------------------------------------------------------------------
SAT
=> TOTAL COMPLETION TIME (Makespan / UB): 1202
Schedule is valid
 Time taken: 504.75 seconds
------------------------------------------------------------------
SAT
=> TOTAL COMPLETION TIME (Makespan / UB): 1201
Schedule is valid
 Time taken: 506.88 seconds
------------------------------------------------------------------
[runlim] sample:		509.85 time, 510.01 real, 2225 MB, 1.12 load
SAT
=> TOTAL COMPLETION TIME (Makespan / UB): 1200
Schedule is valid
 Time taken: 515.48 seconds
------------------------------------------------------------------
SAT
=> TOTAL COMPLETION TIME (Makespan / UB): 1199
Schedule is valid
 Time taken: 518.54 seconds
------------------------------------------------------------------
[runlim] sample:		519.84 time, 520.01 real, 2184 MB, 1.10 load
SAT
=> TOTAL COMPLETION TIME (Makespan / UB): 1198
Schedule is valid
 Time taken: 520.24 seconds
------------------------------------------------------------------
SAT
=> TOTAL COMPLETION TIME (Makespan / UB): 1197
Schedule is valid
 Time taken: 526.56 seconds
------------------------------------------------------------------
SAT
=> TOTAL COMPLETION TIME (Makespan / UB): 1196
Schedule is valid
 Time taken: 528.93 seconds
------------------------------------------------------------------
[runlim] sample:		529.84 time, 530.01 real, 2544 MB, 1.09 load
SAT
=> TOTAL COMPLETION TIME (Makespan / UB): 1195
Schedule is valid
 Time taken: 532.74 seconds
------------------------------------------------------------------
SAT
=> TOTAL COMPLETION TIME (Makespan / UB): 1194
Schedule is valid
 Time taken: 533.14 seconds
------------------------------------------------------------------
SAT
=> TOTAL COMPLETION TIME (Makespan / UB): 1193
Schedule is valid
 Time taken: 533.33 seconds
------------------------------------------------------------------
SAT
=> TOTAL COMPLETION TIME (Makespan / UB): 1192
Schedule is valid
 Time taken: 533.45 seconds
------------------------------------------------------------------
SAT
=> TOTAL COMPLETION TIME (Makespan / UB): 1191
Schedule is valid
 Time taken: 533.57 seconds
------------------------------------------------------------------
SAT
=> TOTAL COMPLETION TIME (Makespan / UB): 1190
Schedule is valid
 Time taken: 533.70 seconds
------------------------------------------------------------------
SAT
=> TOTAL COMPLETION TIME (Makespan / UB): 1189
Schedule is valid
 Time taken: 533.82 seconds
------------------------------------------------------------------
SAT
=> TOTAL COMPLETION TIME (Makespan / UB): 1188
Schedule is valid
 Time taken: 533.94 seconds
------------------------------------------------------------------
SAT
=> TOTAL COMPLETION TIME (Makespan / UB): 1187
Schedule is valid
 Time taken: 534.06 seconds
------------------------------------------------------------------
SAT
=> TOTAL COMPLETION TIME (Makespan / UB): 1186
Schedule is valid
 Time taken: 535.51 seconds
------------------------------------------------------------------
SAT
=> TOTAL COMPLETION TIME (Makespan / UB): 1185
Schedule is valid
 Time taken: 537.10 seconds
------------------------------------------------------------------
SAT
=> TOTAL COMPLETION TIME (Makespan / UB): 1184
Schedule is valid
 Time taken: 538.36 seconds
------------------------------------------------------------------
SAT
=> TOTAL COMPLETION TIME (Makespan / UB): 1183
Schedule is valid
 Time taken: 538.49 seconds
------------------------------------------------------------------
SAT
=> TOTAL COMPLETION TIME (Makespan / UB): 1182
Schedule is valid
 Time taken: 538.61 seconds
------------------------------------------------------------------
[runlim] sample:		539.83 time, 540.01 real, 2176 MB, 1.07 load
SAT
=> TOTAL COMPLETION TIME (Makespan / UB): 1181
Schedule is valid
 Time taken: 548.61 seconds
------------------------------------------------------------------
[runlim] sample:		549.83 time, 550.01 real, 2183 MB, 1.06 load
SAT
=> TOTAL COMPLETION TIME (Makespan / UB): 1180
Schedule is valid
 Time taken: 550.38 seconds
------------------------------------------------------------------
SAT
=> TOTAL COMPLETION TIME (Makespan / UB): 1179
Schedule is valid
 Time taken: 552.21 seconds
------------------------------------------------------------------
SAT
=> TOTAL COMPLETION TIME (Makespan / UB): 1178
Schedule is valid
 Time taken: 557.53 seconds
------------------------------------------------------------------
[runlim] sample:		559.83 time, 560.01 real, 2143 MB, 1.05 load
SAT
=> TOTAL COMPLETION TIME (Makespan / UB): 1177
Schedule is valid
 Time taken: 561.02 seconds
------------------------------------------------------------------
SAT
=> TOTAL COMPLETION TIME (Makespan / UB): 1176
Schedule is valid
 Time taken: 562.32 seconds
------------------------------------------------------------------
SAT
=> TOTAL COMPLETION TIME (Makespan / UB): 1175
Schedule is valid
 Time taken: 564.08 seconds
------------------------------------------------------------------
[runlim] sample:		569.83 time, 570.01 real, 2223 MB, 1.04 load
[runlim] sample:		579.82 time, 580.01 real, 2281 MB, 1.12 load
SAT
=> TOTAL COMPLETION TIME (Makespan / UB): 1174
Schedule is valid
 Time taken: 583.15 seconds
------------------------------------------------------------------
SAT
=> TOTAL COMPLETION TIME (Makespan / UB): 1173
Schedule is valid
 Time taken: 585.95 seconds
------------------------------------------------------------------
SAT
=> TOTAL COMPLETION TIME (Makespan / UB): 1172
Schedule is valid
 Time taken: 587.93 seconds
------------------------------------------------------------------
[runlim] sample:		589.82 time, 590.01 real, 2142 MB, 1.10 load
SAT
=> TOTAL COMPLETION TIME (Makespan / UB): 1171
Schedule is valid
 Time taken: 590.01 seconds
------------------------------------------------------------------
SAT
=> TOTAL COMPLETION TIME (Makespan / UB): 1170
Schedule is valid
 Time taken: 591.28 seconds
------------------------------------------------------------------
SAT
=> TOTAL COMPLETION TIME (Makespan / UB): 1169
Schedule is valid
 Time taken: 592.68 seconds
------------------------------------------------------------------
SAT
=> TOTAL COMPLETION TIME (Makespan / UB): 1168
Schedule is valid
 Time taken: 596.83 seconds
------------------------------------------------------------------
SAT
=> TOTAL COMPLETION TIME (Makespan / UB): 1167
Schedule is valid
 Time taken: 598.46 seconds
------------------------------------------------------------------
[runlim] sample:		599.81 time, 600.01 real, 2129 MB, 1.08 load
SAT
=> TOTAL COMPLETION TIME (Makespan / UB): 1166
Schedule is valid
 Time taken: 600.37 seconds
------------------------------------------------------------------
SAT
=> TOTAL COMPLETION TIME (Makespan / UB): 1165
Schedule is valid
 Time taken: 602.18 seconds
------------------------------------------------------------------
SAT
=> TOTAL COMPLETION TIME (Makespan / UB): 1164
Schedule is valid
 Time taken: 604.64 seconds
------------------------------------------------------------------
SAT
=> TOTAL COMPLETION TIME (Makespan / UB): 1163
Schedule is valid
 Time taken: 606.24 seconds
------------------------------------------------------------------
SAT
=> TOTAL COMPLETION TIME (Makespan / UB): 1162
Schedule is valid
 Time taken: 608.77 seconds
------------------------------------------------------------------
[runlim] sample:		609.81 time, 610.01 real, 2129 MB, 1.07 load
SAT
=> TOTAL COMPLETION TIME (Makespan / UB): 1161
Schedule is valid
 Time taken: 610.26 seconds
------------------------------------------------------------------
SAT
=> TOTAL COMPLETION TIME (Makespan / UB): 1160
Schedule is valid
 Time taken: 618.91 seconds
------------------------------------------------------------------
[runlim] sample:		619.80 time, 620.01 real, 2577 MB, 1.14 load
SAT
=> TOTAL COMPLETION TIME (Makespan / UB): 1159
Schedule is valid
 Time taken: 623.36 seconds
------------------------------------------------------------------
SAT
=> TOTAL COMPLETION TIME (Makespan / UB): 1158
Schedule is valid
 Time taken: 627.24 seconds
------------------------------------------------------------------
SAT
=> TOTAL COMPLETION TIME (Makespan / UB): 1157
Schedule is valid
 Time taken: 629.08 seconds
------------------------------------------------------------------
[runlim] sample:		629.79 time, 630.01 real, 2111 MB, 1.12 load
SAT
=> TOTAL COMPLETION TIME (Makespan / UB): 1156
Schedule is valid
 Time taken: 630.91 seconds
------------------------------------------------------------------
SAT
=> TOTAL COMPLETION TIME (Makespan / UB): 1155
Schedule is valid
 Time taken: 632.94 seconds
------------------------------------------------------------------
SAT
=> TOTAL COMPLETION TIME (Makespan / UB): 1154
Schedule is valid
 Time taken: 634.63 seconds
------------------------------------------------------------------
SAT
=> TOTAL COMPLETION TIME (Makespan / UB): 1153
Schedule is valid
 Time taken: 637.27 seconds
------------------------------------------------------------------
SAT
=> TOTAL COMPLETION TIME (Makespan / UB): 1152
Schedule is valid
 Time taken: 638.58 seconds
------------------------------------------------------------------
SAT
=> TOTAL COMPLETION TIME (Makespan / UB): 1151
Schedule is valid
 Time taken: 639.87 seconds
------------------------------------------------------------------
[runlim] sample:		639.79 time, 640.01 real, 2112 MB, 1.17 load
SAT
=> TOTAL COMPLETION TIME (Makespan / UB): 1150
Schedule is valid
 Time taken: 641.61 seconds
------------------------------------------------------------------
SAT
=> TOTAL COMPLETION TIME (Makespan / UB): 1149
Schedule is valid
 Time taken: 643.11 seconds
------------------------------------------------------------------
SAT
=> TOTAL COMPLETION TIME (Makespan / UB): 1148
Schedule is valid
 Time taken: 646.79 seconds
------------------------------------------------------------------
SAT
=> TOTAL COMPLETION TIME (Makespan / UB): 1147
Schedule is valid
 Time taken: 648.61 seconds
------------------------------------------------------------------
[runlim] sample:		649.78 time, 650.01 real, 2096 MB, 1.15 load
SAT
=> TOTAL COMPLETION TIME (Makespan / UB): 1146
Schedule is valid
 Time taken: 650.26 seconds
------------------------------------------------------------------
SAT
=> TOTAL COMPLETION TIME (Makespan / UB): 1145
Schedule is valid
 Time taken: 650.45 seconds
------------------------------------------------------------------
SAT
=> TOTAL COMPLETION TIME (Makespan / UB): 1144
Schedule is valid
 Time taken: 650.57 seconds
------------------------------------------------------------------
SAT
=> TOTAL COMPLETION TIME (Makespan / UB): 1143
Schedule is valid
 Time taken: 652.65 seconds
------------------------------------------------------------------
SAT
=> TOTAL COMPLETION TIME (Makespan / UB): 1142
Schedule is valid
 Time taken: 654.40 seconds
------------------------------------------------------------------
SAT
=> TOTAL COMPLETION TIME (Makespan / UB): 1141
Schedule is valid
 Time taken: 655.82 seconds
------------------------------------------------------------------
SAT
=> TOTAL COMPLETION TIME (Makespan / UB): 1140
Schedule is valid
 Time taken: 657.80 seconds
------------------------------------------------------------------
SAT
=> TOTAL COMPLETION TIME (Makespan / UB): 1139
Schedule is valid
 Time taken: 659.60 seconds
------------------------------------------------------------------
[runlim] sample:		659.78 time, 660.01 real, 2096 MB, 1.12 load
SAT
=> TOTAL COMPLETION TIME (Makespan / UB): 1138
Schedule is valid
 Time taken: 661.66 seconds
------------------------------------------------------------------
SAT
=> TOTAL COMPLETION TIME (Makespan / UB): 1137
Schedule is valid
 Time taken: 663.86 seconds
------------------------------------------------------------------
[runlim] sample:		669.77 time, 670.01 real, 2169 MB, 1.10 load
[runlim] sample:		679.77 time, 680.01 real, 2100 MB, 1.09 load
SAT
=> TOTAL COMPLETION TIME (Makespan / UB): 1136
Schedule is valid
 Time taken: 682.39 seconds
------------------------------------------------------------------
SAT
=> TOTAL COMPLETION TIME (Makespan / UB): 1135
Schedule is valid
 Time taken: 686.96 seconds
------------------------------------------------------------------
SAT
=> TOTAL COMPLETION TIME (Makespan / UB): 1134
Schedule is valid
 Time taken: 687.17 seconds
------------------------------------------------------------------
[runlim] sample:		689.77 time, 690.01 real, 2050 MB, 1.07 load
[runlim] sample:		699.76 time, 700.01 real, 2058 MB, 1.14 load
SAT
=> TOTAL COMPLETION TIME (Makespan / UB): 1133
Schedule is valid
 Time taken: 703.46 seconds
------------------------------------------------------------------
UNSAT
status: optimal
Time taken: 703.46 seconds
------------------------------------------------------------------
[runlim] end:			Mon Jul 13 16:32:12 2026
[runlim] status:		ok
[runlim] result:		0
[runlim] children:		1
[runlim] processes:		2
[runlim] real:			703.80 seconds
[runlim] time:			703.46 seconds
[runlim] space:			3117 MB
[runlim] load:			1.35 maximum
[runlim] samples:		7038
