[runlim] version:		2.0.0rc12
[runlim] host:			ap-Precision-7550
[runlim] time limit:		311040000 seconds
[runlim] real time limit:	600 seconds
[runlim] space limit:		15624 MB
[runlim] argv[0]:		python3
[runlim] argv[1]:		-u
[runlim] argv[2]:		main.py
[runlim] argv[3]:		datasets/hurink/rdata/la02.txt
[runlim] start:			Sun May  3 13:26:14 2026
[runlim] child:			9473
Greedy Schedule UB: 624
Building constraints took 0.39 seconds.
SAT

=> TOTAL COMPLETION TIME (Makespan / UB): 623
Schedule is valid
 Time taken: 0.51 seconds
SAT

=> TOTAL COMPLETION TIME (Makespan / UB): 621
Schedule is valid
 Time taken: 0.53 seconds
SAT

=> TOTAL COMPLETION TIME (Makespan / UB): 620
Schedule is valid
 Time taken: 0.62 seconds
SAT

=> TOTAL COMPLETION TIME (Makespan / UB): 619
Schedule is valid
 Time taken: 0.71 seconds
SAT

=> TOTAL COMPLETION TIME (Makespan / UB): 618
Schedule is valid
 Time taken: 0.75 seconds
SAT

=> TOTAL COMPLETION TIME (Makespan / UB): 617
Schedule is valid
 Time taken: 0.76 seconds
SAT

=> TOTAL COMPLETION TIME (Makespan / UB): 616
Schedule is valid
 Time taken: 0.77 seconds
SAT

=> TOTAL COMPLETION TIME (Makespan / UB): 615
Schedule is valid
 Time taken: 0.78 seconds
SAT

=> TOTAL COMPLETION TIME (Makespan / UB): 614
Schedule is valid
 Time taken: 0.79 seconds
SAT

=> TOTAL COMPLETION TIME (Makespan / UB): 613
Schedule is valid
 Time taken: 0.82 seconds
SAT

=> TOTAL COMPLETION TIME (Makespan / UB): 612
Schedule is valid
 Time taken: 0.99 seconds
SAT

=> TOTAL COMPLETION TIME (Makespan / UB): 611
Schedule is valid
 Time taken: 1.01 seconds
SAT

=> TOTAL COMPLETION TIME (Makespan / UB): 610
Schedule is valid
 Time taken: 1.02 seconds
SAT

=> TOTAL COMPLETION TIME (Makespan / UB): 609
Schedule is valid
 Time taken: 1.03 seconds
SAT

=> TOTAL COMPLETION TIME (Makespan / UB): 608
Schedule is valid
 Time taken: 1.05 seconds
SAT

=> TOTAL COMPLETION TIME (Makespan / UB): 607
Schedule is valid
 Time taken: 1.05 seconds
SAT

=> TOTAL COMPLETION TIME (Makespan / UB): 606
Schedule is valid
 Time taken: 1.07 seconds
SAT

=> TOTAL COMPLETION TIME (Makespan / UB): 605
Schedule is valid
 Time taken: 1.08 seconds
SAT

=> TOTAL COMPLETION TIME (Makespan / UB): 604
Schedule is valid
 Time taken: 1.09 seconds
SAT

=> TOTAL COMPLETION TIME (Makespan / UB): 603
Schedule is valid
 Time taken: 1.10 seconds
SAT

=> TOTAL COMPLETION TIME (Makespan / UB): 602
Schedule is valid
 Time taken: 1.12 seconds
SAT

=> TOTAL COMPLETION TIME (Makespan / UB): 601
Schedule is valid
 Time taken: 1.13 seconds
SAT

=> TOTAL COMPLETION TIME (Makespan / UB): 600
Schedule is valid
 Time taken: 1.14 seconds
SAT

=> TOTAL COMPLETION TIME (Makespan / UB): 599
Schedule is valid
 Time taken: 1.15 seconds
SAT

=> TOTAL COMPLETION TIME (Makespan / UB): 598
Schedule is valid
 Time taken: 1.16 seconds
SAT

=> TOTAL COMPLETION TIME (Makespan / UB): 597
Schedule is valid
 Time taken: 1.17 seconds
SAT

=> TOTAL COMPLETION TIME (Makespan / UB): 596
Schedule is valid
 Time taken: 1.18 seconds
SAT

=> TOTAL COMPLETION TIME (Makespan / UB): 595
Schedule is valid
 Time taken: 1.19 seconds
SAT

=> TOTAL COMPLETION TIME (Makespan / UB): 594
Schedule is valid
 Time taken: 1.20 seconds
SAT

=> TOTAL COMPLETION TIME (Makespan / UB): 593
Schedule is valid
 Time taken: 1.22 seconds
SAT

=> TOTAL COMPLETION TIME (Makespan / UB): 592
Schedule is valid
 Time taken: 1.23 seconds
SAT

=> TOTAL COMPLETION TIME (Makespan / UB): 591
Schedule is valid
 Time taken: 1.24 seconds
SAT

=> TOTAL COMPLETION TIME (Makespan / UB): 590
Schedule is valid
 Time taken: 1.25 seconds
SAT

=> TOTAL COMPLETION TIME (Makespan / UB): 589
Schedule is valid
 Time taken: 1.26 seconds
SAT

=> TOTAL COMPLETION TIME (Makespan / UB): 588
Schedule is valid
 Time taken: 1.27 seconds
SAT

=> TOTAL COMPLETION TIME (Makespan / UB): 587
Schedule is valid
 Time taken: 1.28 seconds
SAT

=> TOTAL COMPLETION TIME (Makespan / UB): 586
Schedule is valid
 Time taken: 1.29 seconds
SAT

=> TOTAL COMPLETION TIME (Makespan / UB): 585
Schedule is valid
 Time taken: 1.30 seconds
SAT

=> TOTAL COMPLETION TIME (Makespan / UB): 584
Schedule is valid
 Time taken: 1.31 seconds
SAT

=> TOTAL COMPLETION TIME (Makespan / UB): 583
Schedule is valid
 Time taken: 1.32 seconds
SAT

=> TOTAL COMPLETION TIME (Makespan / UB): 582
Schedule is valid
 Time taken: 1.33 seconds
SAT

=> TOTAL COMPLETION TIME (Makespan / UB): 581
Schedule is valid
 Time taken: 1.34 seconds
SAT

=> TOTAL COMPLETION TIME (Makespan / UB): 580
Schedule is valid
 Time taken: 1.35 seconds
SAT

=> TOTAL COMPLETION TIME (Makespan / UB): 579
Schedule is valid
 Time taken: 1.71 seconds
SAT

=> TOTAL COMPLETION TIME (Makespan / UB): 578
Schedule is valid
 Time taken: 2.75 seconds
SAT

=> TOTAL COMPLETION TIME (Makespan / UB): 577
Schedule is valid
 Time taken: 2.81 seconds
SAT

=> TOTAL COMPLETION TIME (Makespan / UB): 576
Schedule is valid
 Time taken: 2.84 seconds
SAT

=> TOTAL COMPLETION TIME (Makespan / UB): 575
Schedule is valid
 Time taken: 3.04 seconds
SAT

=> TOTAL COMPLETION TIME (Makespan / UB): 574
Schedule is valid
 Time taken: 3.26 seconds
SAT

=> TOTAL COMPLETION TIME (Makespan / UB): 573
Schedule is valid
 Time taken: 3.42 seconds
SAT

=> TOTAL COMPLETION TIME (Makespan / UB): 572
Schedule is valid
 Time taken: 3.78 seconds
SAT

=> TOTAL COMPLETION TIME (Makespan / UB): 571
Schedule is valid
 Time taken: 3.99 seconds
SAT

=> TOTAL COMPLETION TIME (Makespan / UB): 570
Schedule is valid
 Time taken: 4.21 seconds
SAT

=> TOTAL COMPLETION TIME (Makespan / UB): 569
Schedule is valid
 Time taken: 4.82 seconds
SAT

=> TOTAL COMPLETION TIME (Makespan / UB): 568
Schedule is valid
 Time taken: 5.22 seconds
SAT

=> TOTAL COMPLETION TIME (Makespan / UB): 567
Schedule is valid
 Time taken: 5.39 seconds
SAT

=> TOTAL COMPLETION TIME (Makespan / UB): 566
Schedule is valid
 Time taken: 5.70 seconds
SAT

=> TOTAL COMPLETION TIME (Makespan / UB): 565
Schedule is valid
 Time taken: 5.86 seconds
SAT

=> TOTAL COMPLETION TIME (Makespan / UB): 564
Schedule is valid
 Time taken: 6.08 seconds
SAT

=> TOTAL COMPLETION TIME (Makespan / UB): 563
Schedule is valid
 Time taken: 6.22 seconds
SAT

=> TOTAL COMPLETION TIME (Makespan / UB): 562
Schedule is valid
 Time taken: 7.00 seconds
SAT

=> TOTAL COMPLETION TIME (Makespan / UB): 561
Schedule is valid
 Time taken: 7.21 seconds
SAT

=> TOTAL COMPLETION TIME (Makespan / UB): 560
Schedule is valid
 Time taken: 7.78 seconds
SAT

=> TOTAL COMPLETION TIME (Makespan / UB): 559
Schedule is valid
 Time taken: 7.99 seconds
SAT

=> TOTAL COMPLETION TIME (Makespan / UB): 556
Schedule is valid
 Time taken: 8.77 seconds
SAT

=> TOTAL COMPLETION TIME (Makespan / UB): 555
Schedule is valid
 Time taken: 8.96 seconds
SAT

=> TOTAL COMPLETION TIME (Makespan / UB): 554
Schedule is valid
 Time taken: 9.19 seconds
SAT

=> TOTAL COMPLETION TIME (Makespan / UB): 553
Schedule is valid
 Time taken: 9.94 seconds
[runlim] sample:		9.93 time, 10.01 real, 111 MB, 1.01 load
SAT

=> TOTAL COMPLETION TIME (Makespan / UB): 552
Schedule is valid
 Time taken: 10.25 seconds
SAT

=> TOTAL COMPLETION TIME (Makespan / UB): 551
Schedule is valid
 Time taken: 10.50 seconds
SAT

=> TOTAL COMPLETION TIME (Makespan / UB): 550
Schedule is valid
 Time taken: 10.75 seconds
SAT

=> TOTAL COMPLETION TIME (Makespan / UB): 549
Schedule is valid
 Time taken: 12.15 seconds
SAT

=> TOTAL COMPLETION TIME (Makespan / UB): 548
Schedule is valid
 Time taken: 12.47 seconds
SAT

=> TOTAL COMPLETION TIME (Makespan / UB): 547
Schedule is valid
 Time taken: 13.52 seconds
SAT

=> TOTAL COMPLETION TIME (Makespan / UB): 546
Schedule is valid
 Time taken: 13.75 seconds
SAT

=> TOTAL COMPLETION TIME (Makespan / UB): 545
Schedule is valid
 Time taken: 13.78 seconds
SAT

=> TOTAL COMPLETION TIME (Makespan / UB): 544
Schedule is valid
 Time taken: 13.94 seconds
SAT

=> TOTAL COMPLETION TIME (Makespan / UB): 543
Schedule is valid
 Time taken: 15.32 seconds
SAT

=> TOTAL COMPLETION TIME (Makespan / UB): 542
Schedule is valid
 Time taken: 15.85 seconds
SAT

=> TOTAL COMPLETION TIME (Makespan / UB): 541
Schedule is valid
 Time taken: 17.62 seconds
SAT

=> TOTAL COMPLETION TIME (Makespan / UB): 540
Schedule is valid
 Time taken: 17.91 seconds
SAT

=> TOTAL COMPLETION TIME (Makespan / UB): 539
Schedule is valid
 Time taken: 18.12 seconds
SAT

=> TOTAL COMPLETION TIME (Makespan / UB): 538
Schedule is valid
 Time taken: 19.25 seconds
[runlim] sample:		19.91 time, 20.01 real, 111 MB, 1.01 load
SAT

=> TOTAL COMPLETION TIME (Makespan / UB): 537
Schedule is valid
 Time taken: 20.45 seconds
SAT

=> TOTAL COMPLETION TIME (Makespan / UB): 536
Schedule is valid
 Time taken: 20.79 seconds
SAT

=> TOTAL COMPLETION TIME (Makespan / UB): 535
Schedule is valid
 Time taken: 22.02 seconds
SAT

=> TOTAL COMPLETION TIME (Makespan / UB): 534
Schedule is valid
 Time taken: 28.09 seconds
[runlim] sample:		29.89 time, 30.01 real, 111 MB, 1.00 load
[runlim] sample:		39.89 time, 40.01 real, 111 MB, 1.00 load
[runlim] sample:		49.88 time, 50.01 real, 114 MB, 1.00 load
SAT

=> TOTAL COMPLETION TIME (Makespan / UB): 533
Schedule is valid
 Time taken: 58.53 seconds
[runlim] sample:		59.88 time, 60.01 real, 97 MB, 1.00 load
[runlim] sample:		69.87 time, 70.01 real, 106 MB, 1.00 load
[runlim] sample:		79.86 time, 80.01 real, 105 MB, 1.00 load
SAT

=> TOTAL COMPLETION TIME (Makespan / UB): 532
Schedule is valid
 Time taken: 87.41 seconds
SAT

=> TOTAL COMPLETION TIME (Makespan / UB): 531
Schedule is valid
 Time taken: 87.46 seconds
[runlim] sample:		89.85 time, 90.01 real, 106 MB, 1.00 load
[runlim] sample:		99.85 time, 100.01 real, 94 MB, 1.00 load
[runlim] sample:		109.84 time, 110.01 real, 93 MB, 1.00 load
[runlim] sample:		119.83 time, 120.01 real, 112 MB, 1.00 load
[runlim] sample:		129.83 time, 130.01 real, 96 MB, 1.00 load
[runlim] sample:		139.82 time, 140.01 real, 112 MB, 1.00 load
[runlim] sample:		149.81 time, 150.01 real, 112 MB, 1.00 load
[runlim] sample:		159.81 time, 160.01 real, 112 MB, 1.00 load
[runlim] sample:		169.80 time, 170.01 real, 115 MB, 1.00 load
[runlim] sample:		179.80 time, 180.01 real, 127 MB, 1.08 load
[runlim] sample:		189.80 time, 190.01 real, 127 MB, 1.07 load
[runlim] sample:		199.79 time, 200.01 real, 130 MB, 1.06 load
[runlim] sample:		209.79 time, 210.01 real, 130 MB, 1.05 load
[runlim] sample:		219.78 time, 220.01 real, 130 MB, 1.04 load
SAT

=> TOTAL COMPLETION TIME (Makespan / UB): 530
Schedule is valid
 Time taken: 229.30 seconds
[runlim] sample:		229.78 time, 230.01 real, 99 MB, 1.03 load
[runlim] sample:		239.76 time, 240.01 real, 101 MB, 1.03 load
[runlim] sample:		249.76 time, 250.01 real, 103 MB, 1.02 load
[runlim] sample:		259.75 time, 260.01 real, 103 MB, 1.02 load
[runlim] sample:		269.75 time, 270.01 real, 121 MB, 1.02 load
[runlim] sample:		279.75 time, 280.01 real, 122 MB, 1.01 load
[runlim] sample:		289.74 time, 290.01 real, 115 MB, 1.01 load
[runlim] sample:		299.73 time, 300.01 real, 116 MB, 1.01 load
[runlim] sample:		309.73 time, 310.01 real, 103 MB, 1.01 load
[runlim] sample:		319.72 time, 320.01 real, 123 MB, 1.00 load
[runlim] sample:		329.72 time, 330.01 real, 123 MB, 1.00 load
[runlim] sample:		339.71 time, 340.01 real, 123 MB, 1.15 load
[runlim] sample:		349.71 time, 350.01 real, 123 MB, 1.13 load
[runlim] sample:		359.71 time, 360.01 real, 141 MB, 1.11 load
[runlim] sample:		369.70 time, 370.01 real, 141 MB, 1.09 load
[runlim] sample:		379.70 time, 380.01 real, 141 MB, 1.08 load
[runlim] sample:		389.69 time, 390.01 real, 141 MB, 1.06 load
[runlim] sample:		399.69 time, 400.01 real, 141 MB, 1.05 load
[runlim] sample:		409.68 time, 410.01 real, 141 MB, 1.04 load
[runlim] sample:		419.68 time, 420.01 real, 104 MB, 1.19 load
[runlim] sample:		429.68 time, 430.01 real, 115 MB, 1.16 load
[runlim] sample:		439.66 time, 440.01 real, 116 MB, 1.14 load
[runlim] sample:		449.67 time, 450.01 real, 117 MB, 1.12 load
[runlim] sample:		459.65 time, 460.01 real, 117 MB, 1.10 load
[runlim] sample:		469.65 time, 470.01 real, 107 MB, 1.08 load
[runlim] sample:		479.64 time, 480.01 real, 133 MB, 1.07 load
[runlim] sample:		489.64 time, 490.01 real, 109 MB, 1.06 load
[runlim] sample:		499.63 time, 500.01 real, 135 MB, 1.05 load
[runlim] sample:		509.63 time, 510.01 real, 109 MB, 1.04 load
[runlim] sample:		519.63 time, 520.01 real, 135 MB, 1.03 load
[runlim] sample:		529.62 time, 530.01 real, 135 MB, 1.03 load
[runlim] sample:		539.62 time, 540.01 real, 135 MB, 1.02 load
[runlim] sample:		549.61 time, 550.01 real, 135 MB, 1.02 load
[runlim] sample:		559.61 time, 560.01 real, 153 MB, 1.02 load
[runlim] sample:		569.60 time, 570.01 real, 153 MB, 1.01 load
[runlim] sample:		579.60 time, 580.01 real, 153 MB, 1.01 load
[runlim] sample:		589.59 time, 590.01 real, 153 MB, 1.01 load
[runlim] sample:		599.59 time, 600.01 real, 153 MB, 1.01 load
[runlim] end:			Sun May  3 13:36:15 2026
[runlim] status:		out of time
[runlim] result:		2
[runlim] children:		1
[runlim] processes:		2
[runlim] real:			601.06 seconds
[runlim] time:			599.59 seconds
[runlim] space:			164 MB
[runlim] load:			1.19 maximum
[runlim] samples:		6000
