[runlim] version:		2.0.0rc12
[runlim] host:			ap-Precision-7550
[runlim] time limit:		311040000 seconds
[runlim] real time limit:	600 seconds
[runlim] space limit:		15624 MB
[runlim] argv[0]:		python3
[runlim] argv[1]:		-u
[runlim] argv[2]:		main.py
[runlim] argv[3]:		datasets/hurink/rdata/la10.txt
[runlim] start:			Sun May  3 17:53:09 2026
[runlim] child:			7031
Greedy Schedule UB: 892
Building constraints took 1.45 seconds.
SAT

=> TOTAL COMPLETION TIME (Makespan / UB): 891
Schedule is valid
 Time taken: 3.15 seconds
SAT

=> TOTAL COMPLETION TIME (Makespan / UB): 890
Schedule is valid
 Time taken: 3.29 seconds
SAT

=> TOTAL COMPLETION TIME (Makespan / UB): 889
Schedule is valid
 Time taken: 8.18 seconds
SAT

=> TOTAL COMPLETION TIME (Makespan / UB): 888
Schedule is valid
 Time taken: 8.69 seconds
SAT

=> TOTAL COMPLETION TIME (Makespan / UB): 887
Schedule is valid
 Time taken: 9.31 seconds
SAT

=> TOTAL COMPLETION TIME (Makespan / UB): 886
Schedule is valid
 Time taken: 9.72 seconds
[runlim] sample:		9.95 time, 10.01 real, 305 MB, 1.06 load
SAT

=> TOTAL COMPLETION TIME (Makespan / UB): 885
Schedule is valid
 Time taken: 10.96 seconds
SAT

=> TOTAL COMPLETION TIME (Makespan / UB): 884
Schedule is valid
 Time taken: 12.72 seconds
SAT

=> TOTAL COMPLETION TIME (Makespan / UB): 883
Schedule is valid
 Time taken: 12.84 seconds
SAT

=> TOTAL COMPLETION TIME (Makespan / UB): 882
Schedule is valid
 Time taken: 12.86 seconds
SAT

=> TOTAL COMPLETION TIME (Makespan / UB): 881
Schedule is valid
 Time taken: 13.60 seconds
SAT

=> TOTAL COMPLETION TIME (Makespan / UB): 880
Schedule is valid
 Time taken: 13.66 seconds
SAT

=> TOTAL COMPLETION TIME (Makespan / UB): 879
Schedule is valid
 Time taken: 14.20 seconds
SAT

=> TOTAL COMPLETION TIME (Makespan / UB): 878
Schedule is valid
 Time taken: 14.24 seconds
SAT

=> TOTAL COMPLETION TIME (Makespan / UB): 877
Schedule is valid
 Time taken: 16.87 seconds
SAT

=> TOTAL COMPLETION TIME (Makespan / UB): 876
Schedule is valid
 Time taken: 17.04 seconds
SAT

=> TOTAL COMPLETION TIME (Makespan / UB): 875
Schedule is valid
 Time taken: 17.47 seconds
SAT

=> TOTAL COMPLETION TIME (Makespan / UB): 874
Schedule is valid
 Time taken: 18.10 seconds
SAT

=> TOTAL COMPLETION TIME (Makespan / UB): 873
Schedule is valid
 Time taken: 18.23 seconds
SAT

=> TOTAL COMPLETION TIME (Makespan / UB): 872
Schedule is valid
 Time taken: 18.86 seconds
SAT

=> TOTAL COMPLETION TIME (Makespan / UB): 871
Schedule is valid
 Time taken: 19.62 seconds
[runlim] sample:		19.93 time, 20.01 real, 328 MB, 1.05 load
SAT

=> TOTAL COMPLETION TIME (Makespan / UB): 870
Schedule is valid
 Time taken: 20.07 seconds
SAT

=> TOTAL COMPLETION TIME (Makespan / UB): 869
Schedule is valid
 Time taken: 20.64 seconds
SAT

=> TOTAL COMPLETION TIME (Makespan / UB): 868
Schedule is valid
 Time taken: 22.67 seconds
SAT

=> TOTAL COMPLETION TIME (Makespan / UB): 867
Schedule is valid
 Time taken: 22.79 seconds
SAT

=> TOTAL COMPLETION TIME (Makespan / UB): 866
Schedule is valid
 Time taken: 24.78 seconds
SAT

=> TOTAL COMPLETION TIME (Makespan / UB): 865
Schedule is valid
 Time taken: 27.44 seconds
SAT

=> TOTAL COMPLETION TIME (Makespan / UB): 864
Schedule is valid
 Time taken: 28.36 seconds
SAT

=> TOTAL COMPLETION TIME (Makespan / UB): 863
Schedule is valid
 Time taken: 28.49 seconds
SAT

=> TOTAL COMPLETION TIME (Makespan / UB): 862
Schedule is valid
 Time taken: 29.00 seconds
SAT

=> TOTAL COMPLETION TIME (Makespan / UB): 861
Schedule is valid
 Time taken: 29.50 seconds
SAT

=> TOTAL COMPLETION TIME (Makespan / UB): 860
Schedule is valid
 Time taken: 29.64 seconds
[runlim] sample:		29.93 time, 30.01 real, 303 MB, 1.04 load
SAT

=> TOTAL COMPLETION TIME (Makespan / UB): 859
Schedule is valid
 Time taken: 30.13 seconds
SAT

=> TOTAL COMPLETION TIME (Makespan / UB): 858
Schedule is valid
 Time taken: 30.75 seconds
SAT

=> TOTAL COMPLETION TIME (Makespan / UB): 857
Schedule is valid
 Time taken: 31.27 seconds
SAT

=> TOTAL COMPLETION TIME (Makespan / UB): 856
Schedule is valid
 Time taken: 31.32 seconds
SAT

=> TOTAL COMPLETION TIME (Makespan / UB): 855
Schedule is valid
 Time taken: 33.87 seconds
SAT

=> TOTAL COMPLETION TIME (Makespan / UB): 854
Schedule is valid
 Time taken: 34.00 seconds
SAT

=> TOTAL COMPLETION TIME (Makespan / UB): 853
Schedule is valid
 Time taken: 34.11 seconds
SAT

=> TOTAL COMPLETION TIME (Makespan / UB): 852
Schedule is valid
 Time taken: 34.14 seconds
SAT

=> TOTAL COMPLETION TIME (Makespan / UB): 851
Schedule is valid
 Time taken: 34.23 seconds
SAT

=> TOTAL COMPLETION TIME (Makespan / UB): 850
Schedule is valid
 Time taken: 35.74 seconds
SAT

=> TOTAL COMPLETION TIME (Makespan / UB): 849
Schedule is valid
 Time taken: 37.71 seconds
[runlim] sample:		39.92 time, 40.01 real, 326 MB, 1.03 load
SAT

=> TOTAL COMPLETION TIME (Makespan / UB): 848
Schedule is valid
 Time taken: 40.04 seconds
SAT

=> TOTAL COMPLETION TIME (Makespan / UB): 847
Schedule is valid
 Time taken: 42.00 seconds
SAT

=> TOTAL COMPLETION TIME (Makespan / UB): 846
Schedule is valid
 Time taken: 42.15 seconds
SAT

=> TOTAL COMPLETION TIME (Makespan / UB): 845
Schedule is valid
 Time taken: 42.26 seconds
SAT

=> TOTAL COMPLETION TIME (Makespan / UB): 844
Schedule is valid
 Time taken: 43.27 seconds
SAT

=> TOTAL COMPLETION TIME (Makespan / UB): 843
Schedule is valid
 Time taken: 43.41 seconds
SAT

=> TOTAL COMPLETION TIME (Makespan / UB): 842
Schedule is valid
 Time taken: 45.47 seconds
SAT

=> TOTAL COMPLETION TIME (Makespan / UB): 841
Schedule is valid
 Time taken: 46.11 seconds
SAT

=> TOTAL COMPLETION TIME (Makespan / UB): 840
Schedule is valid
 Time taken: 46.81 seconds
SAT

=> TOTAL COMPLETION TIME (Makespan / UB): 839
Schedule is valid
 Time taken: 48.69 seconds
[runlim] sample:		49.92 time, 50.01 real, 325 MB, 1.03 load
SAT

=> TOTAL COMPLETION TIME (Makespan / UB): 838
Schedule is valid
 Time taken: 50.81 seconds
SAT

=> TOTAL COMPLETION TIME (Makespan / UB): 837
Schedule is valid
 Time taken: 55.29 seconds
SAT

=> TOTAL COMPLETION TIME (Makespan / UB): 836
Schedule is valid
 Time taken: 55.42 seconds
SAT

=> TOTAL COMPLETION TIME (Makespan / UB): 835
Schedule is valid
 Time taken: 57.75 seconds
[runlim] sample:		59.91 time, 60.01 real, 325 MB, 1.02 load
SAT

=> TOTAL COMPLETION TIME (Makespan / UB): 834
Schedule is valid
 Time taken: 60.00 seconds
SAT

=> TOTAL COMPLETION TIME (Makespan / UB): 833
Schedule is valid
 Time taken: 62.54 seconds
SAT

=> TOTAL COMPLETION TIME (Makespan / UB): 832
Schedule is valid
 Time taken: 64.83 seconds
SAT

=> TOTAL COMPLETION TIME (Makespan / UB): 831
Schedule is valid
 Time taken: 67.09 seconds
SAT

=> TOTAL COMPLETION TIME (Makespan / UB): 830
Schedule is valid
 Time taken: 67.14 seconds
SAT

=> TOTAL COMPLETION TIME (Makespan / UB): 829
Schedule is valid
 Time taken: 67.25 seconds
[runlim] sample:		69.91 time, 70.01 real, 310 MB, 1.02 load
SAT

=> TOTAL COMPLETION TIME (Makespan / UB): 828
Schedule is valid
 Time taken: 71.36 seconds
SAT

=> TOTAL COMPLETION TIME (Makespan / UB): 827
Schedule is valid
 Time taken: 74.13 seconds
SAT

=> TOTAL COMPLETION TIME (Makespan / UB): 826
Schedule is valid
 Time taken: 77.24 seconds
SAT

=> TOTAL COMPLETION TIME (Makespan / UB): 825
Schedule is valid
 Time taken: 79.91 seconds
[runlim] sample:		79.91 time, 80.01 real, 311 MB, 1.02 load
SAT

=> TOTAL COMPLETION TIME (Makespan / UB): 824
Schedule is valid
 Time taken: 82.48 seconds
SAT

=> TOTAL COMPLETION TIME (Makespan / UB): 823
Schedule is valid
 Time taken: 86.47 seconds
SAT

=> TOTAL COMPLETION TIME (Makespan / UB): 822
Schedule is valid
 Time taken: 89.34 seconds
[runlim] sample:		89.90 time, 90.01 real, 310 MB, 1.01 load
SAT

=> TOTAL COMPLETION TIME (Makespan / UB): 821
Schedule is valid
 Time taken: 90.21 seconds
SAT

=> TOTAL COMPLETION TIME (Makespan / UB): 820
Schedule is valid
 Time taken: 92.25 seconds
SAT

=> TOTAL COMPLETION TIME (Makespan / UB): 819
Schedule is valid
 Time taken: 95.10 seconds
[runlim] sample:		99.89 time, 100.01 real, 311 MB, 1.01 load
SAT

=> TOTAL COMPLETION TIME (Makespan / UB): 818
Schedule is valid
 Time taken: 104.18 seconds
[runlim] sample:		109.89 time, 110.01 real, 277 MB, 1.01 load
SAT

=> TOTAL COMPLETION TIME (Makespan / UB): 817
Schedule is valid
 Time taken: 115.32 seconds
[runlim] sample:		119.89 time, 120.01 real, 277 MB, 1.08 load
SAT

=> TOTAL COMPLETION TIME (Makespan / UB): 816
Schedule is valid
 Time taken: 125.28 seconds
SAT

=> TOTAL COMPLETION TIME (Makespan / UB): 815
Schedule is valid
 Time taken: 127.91 seconds
[runlim] sample:		129.88 time, 130.01 real, 295 MB, 1.21 load
SAT

=> TOTAL COMPLETION TIME (Makespan / UB): 814
Schedule is valid
 Time taken: 138.79 seconds
[runlim] sample:		139.87 time, 140.01 real, 309 MB, 1.18 load
SAT

=> TOTAL COMPLETION TIME (Makespan / UB): 813
Schedule is valid
 Time taken: 142.48 seconds
[runlim] sample:		149.86 time, 150.01 real, 269 MB, 1.15 load
SAT

=> TOTAL COMPLETION TIME (Makespan / UB): 812
Schedule is valid
 Time taken: 153.00 seconds
[runlim] sample:		159.86 time, 160.01 real, 302 MB, 1.13 load
[runlim] sample:		169.85 time, 170.01 real, 303 MB, 1.26 load
[runlim] sample:		179.85 time, 180.01 real, 303 MB, 1.22 load
[runlim] sample:		189.85 time, 190.01 real, 301 MB, 1.19 load
[runlim] sample:		199.84 time, 200.01 real, 302 MB, 1.16 load
SAT

=> TOTAL COMPLETION TIME (Makespan / UB): 811
Schedule is valid
 Time taken: 204.66 seconds
[runlim] sample:		209.83 time, 210.01 real, 267 MB, 1.13 load
SAT

=> TOTAL COMPLETION TIME (Makespan / UB): 810
Schedule is valid
 Time taken: 214.97 seconds
[runlim] sample:		219.83 time, 220.01 real, 308 MB, 1.11 load
[runlim] sample:		229.82 time, 230.01 real, 309 MB, 1.10 load
[runlim] sample:		239.82 time, 240.01 real, 311 MB, 1.15 load
[runlim] sample:		249.81 time, 250.01 real, 308 MB, 1.13 load
[runlim] sample:		259.81 time, 260.01 real, 313 MB, 1.26 load
SAT

=> TOTAL COMPLETION TIME (Makespan / UB): 809
Schedule is valid
 Time taken: 268.49 seconds
[runlim] sample:		269.80 time, 270.01 real, 327 MB, 1.22 load
SAT

=> TOTAL COMPLETION TIME (Makespan / UB): 808
Schedule is valid
 Time taken: 279.81 seconds
[runlim] sample:		279.81 time, 280.01 real, 286 MB, 1.34 load
SAT

=> TOTAL COMPLETION TIME (Makespan / UB): 807
Schedule is valid
 Time taken: 283.46 seconds
[runlim] sample:		289.80 time, 290.01 real, 315 MB, 1.28 load
[runlim] sample:		299.79 time, 300.01 real, 315 MB, 1.24 load
[runlim] sample:		309.79 time, 310.01 real, 315 MB, 1.20 load
[runlim] sample:		319.78 time, 320.01 real, 315 MB, 1.17 load
[runlim] sample:		329.77 time, 330.01 real, 314 MB, 1.14 load
[runlim] sample:		339.77 time, 340.01 real, 323 MB, 1.12 load
[runlim] sample:		349.77 time, 350.01 real, 325 MB, 1.10 load
SAT

=> TOTAL COMPLETION TIME (Makespan / UB): 806
Schedule is valid
 Time taken: 351.72 seconds
[runlim] sample:		359.76 time, 360.01 real, 272 MB, 1.09 load
[runlim] sample:		369.76 time, 370.01 real, 283 MB, 1.07 load
[runlim] sample:		379.75 time, 380.01 real, 312 MB, 1.06 load
[runlim] sample:		389.74 time, 390.01 real, 312 MB, 1.13 load
[runlim] sample:		399.74 time, 400.01 real, 316 MB, 1.19 load
[runlim] sample:		409.74 time, 410.01 real, 319 MB, 1.24 load
SAT

=> TOTAL COMPLETION TIME (Makespan / UB): 805
Schedule is valid
 Time taken: 414.42 seconds
[runlim] sample:		419.73 time, 420.01 real, 319 MB, 1.20 load
[runlim] sample:		429.72 time, 430.01 real, 320 MB, 1.25 load
[runlim] sample:		439.72 time, 440.01 real, 315 MB, 1.21 load
[runlim] sample:		449.72 time, 450.01 real, 315 MB, 1.18 load
[runlim] sample:		459.71 time, 460.01 real, 315 MB, 1.15 load
[runlim] sample:		469.71 time, 470.01 real, 325 MB, 1.13 load
[runlim] sample:		479.70 time, 480.01 real, 327 MB, 1.11 load
[runlim] sample:		489.70 time, 490.01 real, 327 MB, 1.09 load
[runlim] sample:		499.69 time, 500.01 real, 328 MB, 1.08 load
[runlim] sample:		509.69 time, 510.01 real, 324 MB, 1.06 load
[runlim] sample:		519.69 time, 520.01 real, 324 MB, 1.05 load
[runlim] sample:		529.68 time, 530.01 real, 324 MB, 1.04 load
[runlim] sample:		539.67 time, 540.01 real, 325 MB, 1.12 load
[runlim] sample:		549.65 time, 550.01 real, 325 MB, 1.26 load
[runlim] sample:		559.66 time, 560.01 real, 325 MB, 1.22 load
[runlim] sample:		569.65 time, 570.01 real, 325 MB, 1.19 load
[runlim] sample:		579.64 time, 580.01 real, 326 MB, 1.16 load
[runlim] sample:		589.64 time, 590.01 real, 326 MB, 1.13 load
[runlim] sample:		599.63 time, 600.01 real, 326 MB, 1.11 load
[runlim] end:			Sun May  3 18:03:10 2026
[runlim] status:		out of time
[runlim] result:		2
[runlim] children:		1
[runlim] processes:		2
[runlim] real:			601.05 seconds
[runlim] time:			599.63 seconds
[runlim] space:			405 MB
[runlim] load:			1.37 maximum
[runlim] samples:		6000
