[runlim] version:		2.0.0rc12
[runlim] host:			ap-Precision-7550
[runlim] time limit:		311040000 seconds
[runlim] real time limit:	600 seconds
[runlim] space limit:		15624 MB
[runlim] argv[0]:		python3
[runlim] argv[1]:		-u
[runlim] argv[2]:		main.py
[runlim] argv[3]:		datasets/hurink/rdata/la14.txt
[runlim] start:			Sun May  3 18:33:13 2026
[runlim] child:			7250
Greedy Schedule UB: 1175
Building constraints took 3.81 seconds.
SAT

=> TOTAL COMPLETION TIME (Makespan / UB): 1174
Schedule is valid
 Time taken: 9.74 seconds
[runlim] sample:		9.95 time, 10.01 real, 651 MB, 1.07 load
SAT

=> TOTAL COMPLETION TIME (Makespan / UB): 1173
Schedule is valid
 Time taken: 10.12 seconds
[runlim] sample:		19.94 time, 20.01 real, 714 MB, 1.06 load
SAT

=> TOTAL COMPLETION TIME (Makespan / UB): 1172
Schedule is valid
 Time taken: 27.03 seconds
SAT

=> TOTAL COMPLETION TIME (Makespan / UB): 1171
Schedule is valid
 Time taken: 28.61 seconds
SAT

=> TOTAL COMPLETION TIME (Makespan / UB): 1170
Schedule is valid
 Time taken: 29.88 seconds
[runlim] sample:		29.93 time, 30.01 real, 704 MB, 1.05 load
SAT

=> TOTAL COMPLETION TIME (Makespan / UB): 1169
Schedule is valid
 Time taken: 38.30 seconds
SAT

=> TOTAL COMPLETION TIME (Makespan / UB): 1168
Schedule is valid
 Time taken: 39.62 seconds
[runlim] sample:		39.93 time, 40.01 real, 703 MB, 1.04 load
SAT

=> TOTAL COMPLETION TIME (Makespan / UB): 1167
Schedule is valid
 Time taken: 41.41 seconds
SAT

=> TOTAL COMPLETION TIME (Makespan / UB): 1166
Schedule is valid
 Time taken: 45.95 seconds
SAT

=> TOTAL COMPLETION TIME (Makespan / UB): 1165
Schedule is valid
 Time taken: 48.43 seconds
SAT

=> TOTAL COMPLETION TIME (Makespan / UB): 1164
Schedule is valid
 Time taken: 48.82 seconds
SAT

=> TOTAL COMPLETION TIME (Makespan / UB): 1163
Schedule is valid
 Time taken: 49.18 seconds
SAT

=> TOTAL COMPLETION TIME (Makespan / UB): 1162
Schedule is valid
 Time taken: 49.23 seconds
SAT

=> TOTAL COMPLETION TIME (Makespan / UB): 1161
Schedule is valid
 Time taken: 49.32 seconds
SAT

=> TOTAL COMPLETION TIME (Makespan / UB): 1160
Schedule is valid
 Time taken: 49.38 seconds
SAT

=> TOTAL COMPLETION TIME (Makespan / UB): 1159
Schedule is valid
 Time taken: 49.44 seconds
SAT

=> TOTAL COMPLETION TIME (Makespan / UB): 1158
Schedule is valid
 Time taken: 49.52 seconds
SAT

=> TOTAL COMPLETION TIME (Makespan / UB): 1157
Schedule is valid
 Time taken: 49.58 seconds
[runlim] sample:		49.92 time, 50.01 real, 704 MB, 1.04 load
SAT

=> TOTAL COMPLETION TIME (Makespan / UB): 1156
Schedule is valid
 Time taken: 53.50 seconds
SAT

=> TOTAL COMPLETION TIME (Makespan / UB): 1155
Schedule is valid
 Time taken: 56.43 seconds
SAT

=> TOTAL COMPLETION TIME (Makespan / UB): 1154
Schedule is valid
 Time taken: 56.56 seconds
SAT

=> TOTAL COMPLETION TIME (Makespan / UB): 1153
Schedule is valid
 Time taken: 56.63 seconds
SAT

=> TOTAL COMPLETION TIME (Makespan / UB): 1152
Schedule is valid
 Time taken: 56.70 seconds
[runlim] sample:		59.91 time, 60.01 real, 669 MB, 1.11 load
SAT

=> TOTAL COMPLETION TIME (Makespan / UB): 1151
Schedule is valid
 Time taken: 62.29 seconds
SAT

=> TOTAL COMPLETION TIME (Makespan / UB): 1150
Schedule is valid
 Time taken: 62.82 seconds
SAT

=> TOTAL COMPLETION TIME (Makespan / UB): 1149
Schedule is valid
 Time taken: 62.94 seconds
SAT

=> TOTAL COMPLETION TIME (Makespan / UB): 1148
Schedule is valid
 Time taken: 63.06 seconds
SAT

=> TOTAL COMPLETION TIME (Makespan / UB): 1147
Schedule is valid
 Time taken: 63.17 seconds
SAT

=> TOTAL COMPLETION TIME (Makespan / UB): 1146
Schedule is valid
 Time taken: 63.29 seconds
SAT

=> TOTAL COMPLETION TIME (Makespan / UB): 1145
Schedule is valid
 Time taken: 63.40 seconds
SAT

=> TOTAL COMPLETION TIME (Makespan / UB): 1144
Schedule is valid
 Time taken: 66.97 seconds
SAT

=> TOTAL COMPLETION TIME (Makespan / UB): 1143
Schedule is valid
 Time taken: 67.98 seconds
[runlim] sample:		69.91 time, 70.01 real, 700 MB, 1.17 load
SAT

=> TOTAL COMPLETION TIME (Makespan / UB): 1142
Schedule is valid
 Time taken: 72.77 seconds
SAT

=> TOTAL COMPLETION TIME (Makespan / UB): 1141
Schedule is valid
 Time taken: 72.95 seconds
SAT

=> TOTAL COMPLETION TIME (Makespan / UB): 1140
Schedule is valid
 Time taken: 73.04 seconds
SAT

=> TOTAL COMPLETION TIME (Makespan / UB): 1139
Schedule is valid
 Time taken: 76.74 seconds
SAT

=> TOTAL COMPLETION TIME (Makespan / UB): 1138
Schedule is valid
 Time taken: 77.85 seconds
[runlim] sample:		79.90 time, 80.01 real, 699 MB, 1.15 load
SAT

=> TOTAL COMPLETION TIME (Makespan / UB): 1137
Schedule is valid
 Time taken: 86.12 seconds
SAT

=> TOTAL COMPLETION TIME (Makespan / UB): 1136
Schedule is valid
 Time taken: 86.65 seconds
[runlim] sample:		89.89 time, 90.01 real, 704 MB, 1.12 load
SAT

=> TOTAL COMPLETION TIME (Makespan / UB): 1135
Schedule is valid
 Time taken: 92.19 seconds
SAT

=> TOTAL COMPLETION TIME (Makespan / UB): 1134
Schedule is valid
 Time taken: 97.08 seconds
SAT

=> TOTAL COMPLETION TIME (Makespan / UB): 1133
Schedule is valid
 Time taken: 97.52 seconds
[runlim] sample:		99.88 time, 100.01 real, 704 MB, 1.10 load
SAT

=> TOTAL COMPLETION TIME (Makespan / UB): 1132
Schedule is valid
 Time taken: 101.63 seconds
SAT

=> TOTAL COMPLETION TIME (Makespan / UB): 1131
Schedule is valid
 Time taken: 101.83 seconds
SAT

=> TOTAL COMPLETION TIME (Makespan / UB): 1130
Schedule is valid
 Time taken: 101.93 seconds
SAT

=> TOTAL COMPLETION TIME (Makespan / UB): 1129
Schedule is valid
 Time taken: 107.02 seconds
SAT

=> TOTAL COMPLETION TIME (Makespan / UB): 1128
Schedule is valid
 Time taken: 108.64 seconds
SAT

=> TOTAL COMPLETION TIME (Makespan / UB): 1127
Schedule is valid
 Time taken: 109.66 seconds
[runlim] sample:		109.87 time, 110.01 real, 703 MB, 1.09 load
SAT

=> TOTAL COMPLETION TIME (Makespan / UB): 1126
Schedule is valid
 Time taken: 110.83 seconds
SAT

=> TOTAL COMPLETION TIME (Makespan / UB): 1125
Schedule is valid
 Time taken: 110.98 seconds
SAT

=> TOTAL COMPLETION TIME (Makespan / UB): 1124
Schedule is valid
 Time taken: 111.78 seconds
[runlim] sample:		119.86 time, 120.01 real, 841 MB, 1.07 load
SAT

=> TOTAL COMPLETION TIME (Makespan / UB): 1123
Schedule is valid
 Time taken: 120.73 seconds
SAT

=> TOTAL COMPLETION TIME (Makespan / UB): 1122
Schedule is valid
 Time taken: 124.52 seconds
SAT

=> TOTAL COMPLETION TIME (Makespan / UB): 1121
Schedule is valid
 Time taken: 129.18 seconds
[runlim] sample:		129.86 time, 130.01 real, 702 MB, 1.06 load
SAT

=> TOTAL COMPLETION TIME (Makespan / UB): 1120
Schedule is valid
 Time taken: 133.53 seconds
SAT

=> TOTAL COMPLETION TIME (Makespan / UB): 1119
Schedule is valid
 Time taken: 133.71 seconds
SAT

=> TOTAL COMPLETION TIME (Makespan / UB): 1118
Schedule is valid
 Time taken: 137.58 seconds
[runlim] sample:		139.85 time, 140.01 real, 701 MB, 1.05 load
SAT

=> TOTAL COMPLETION TIME (Makespan / UB): 1117
Schedule is valid
 Time taken: 141.87 seconds
[runlim] sample:		149.85 time, 150.01 real, 701 MB, 1.04 load
SAT

=> TOTAL COMPLETION TIME (Makespan / UB): 1116
Schedule is valid
 Time taken: 150.27 seconds
SAT

=> TOTAL COMPLETION TIME (Makespan / UB): 1115
Schedule is valid
 Time taken: 154.78 seconds
SAT

=> TOTAL COMPLETION TIME (Makespan / UB): 1114
Schedule is valid
 Time taken: 157.03 seconds
[runlim] sample:		159.84 time, 160.01 real, 700 MB, 1.04 load
SAT

=> TOTAL COMPLETION TIME (Makespan / UB): 1113
Schedule is valid
 Time taken: 161.22 seconds
SAT

=> TOTAL COMPLETION TIME (Makespan / UB): 1112
Schedule is valid
 Time taken: 166.18 seconds
[runlim] sample:		169.83 time, 170.01 real, 700 MB, 1.03 load
SAT

=> TOTAL COMPLETION TIME (Makespan / UB): 1111
Schedule is valid
 Time taken: 170.83 seconds
SAT

=> TOTAL COMPLETION TIME (Makespan / UB): 1110
Schedule is valid
 Time taken: 174.96 seconds
SAT

=> TOTAL COMPLETION TIME (Makespan / UB): 1109
Schedule is valid
 Time taken: 175.13 seconds
SAT

=> TOTAL COMPLETION TIME (Makespan / UB): 1108
Schedule is valid
 Time taken: 175.22 seconds
SAT

=> TOTAL COMPLETION TIME (Makespan / UB): 1107
Schedule is valid
 Time taken: 175.30 seconds
[runlim] sample:		179.82 time, 180.01 real, 701 MB, 1.02 load
SAT

=> TOTAL COMPLETION TIME (Makespan / UB): 1106
Schedule is valid
 Time taken: 181.04 seconds
[runlim] sample:		189.82 time, 190.01 real, 701 MB, 1.02 load
SAT

=> TOTAL COMPLETION TIME (Makespan / UB): 1105
Schedule is valid
 Time taken: 191.03 seconds
SAT

=> TOTAL COMPLETION TIME (Makespan / UB): 1104
Schedule is valid
 Time taken: 195.18 seconds
[runlim] sample:		199.81 time, 200.01 real, 701 MB, 1.02 load
SAT

=> TOTAL COMPLETION TIME (Makespan / UB): 1103
Schedule is valid
 Time taken: 200.58 seconds
SAT

=> TOTAL COMPLETION TIME (Makespan / UB): 1102
Schedule is valid
 Time taken: 205.06 seconds
[runlim] sample:		209.81 time, 210.01 real, 699 MB, 1.01 load
SAT

=> TOTAL COMPLETION TIME (Makespan / UB): 1101
Schedule is valid
 Time taken: 210.83 seconds
SAT

=> TOTAL COMPLETION TIME (Makespan / UB): 1100
Schedule is valid
 Time taken: 214.76 seconds
[runlim] sample:		219.79 time, 220.01 real, 699 MB, 1.01 load
SAT

=> TOTAL COMPLETION TIME (Makespan / UB): 1099
Schedule is valid
 Time taken: 220.03 seconds
[runlim] sample:		229.78 time, 230.01 real, 700 MB, 1.01 load
[runlim] sample:		239.78 time, 240.01 real, 700 MB, 1.01 load
SAT

=> TOTAL COMPLETION TIME (Makespan / UB): 1098
Schedule is valid
 Time taken: 242.61 seconds
SAT

=> TOTAL COMPLETION TIME (Makespan / UB): 1097
Schedule is valid
 Time taken: 243.02 seconds
[runlim] sample:		249.77 time, 250.01 real, 699 MB, 1.01 load
SAT

=> TOTAL COMPLETION TIME (Makespan / UB): 1096
Schedule is valid
 Time taken: 259.62 seconds
[runlim] sample:		259.77 time, 260.01 real, 700 MB, 1.00 load
SAT

=> TOTAL COMPLETION TIME (Makespan / UB): 1095
Schedule is valid
 Time taken: 264.25 seconds
[runlim] sample:		269.76 time, 270.01 real, 700 MB, 1.00 load
[runlim] sample:		279.76 time, 280.01 real, 699 MB, 1.00 load
SAT

=> TOTAL COMPLETION TIME (Makespan / UB): 1094
Schedule is valid
 Time taken: 285.33 seconds
[runlim] sample:		289.75 time, 290.01 real, 699 MB, 1.00 load
SAT

=> TOTAL COMPLETION TIME (Makespan / UB): 1093
Schedule is valid
 Time taken: 290.48 seconds
SAT

=> TOTAL COMPLETION TIME (Makespan / UB): 1092
Schedule is valid
 Time taken: 295.52 seconds
SAT

=> TOTAL COMPLETION TIME (Makespan / UB): 1091
Schedule is valid
 Time taken: 295.95 seconds
SAT

=> TOTAL COMPLETION TIME (Makespan / UB): 1090
Schedule is valid
 Time taken: 299.93 seconds
[runlim] sample:		299.74 time, 300.01 real, 699 MB, 1.00 load
SAT

=> TOTAL COMPLETION TIME (Makespan / UB): 1089
Schedule is valid
 Time taken: 300.36 seconds
SAT

=> TOTAL COMPLETION TIME (Makespan / UB): 1088
Schedule is valid
 Time taken: 300.46 seconds
[runlim] sample:		309.74 time, 310.01 real, 699 MB, 1.00 load
SAT

=> TOTAL COMPLETION TIME (Makespan / UB): 1087
Schedule is valid
 Time taken: 317.46 seconds
[runlim] sample:		319.74 time, 320.01 real, 699 MB, 1.00 load
[runlim] sample:		329.74 time, 330.01 real, 699 MB, 1.00 load
[runlim] sample:		339.73 time, 340.01 real, 699 MB, 1.00 load
[runlim] sample:		349.72 time, 350.01 real, 701 MB, 1.00 load
[runlim] sample:		359.71 time, 360.01 real, 699 MB, 1.00 load
[runlim] sample:		369.71 time, 370.01 real, 699 MB, 1.00 load
[runlim] sample:		379.71 time, 380.01 real, 699 MB, 1.00 load
[runlim] sample:		389.70 time, 390.01 real, 700 MB, 1.00 load
SAT

=> TOTAL COMPLETION TIME (Makespan / UB): 1086
Schedule is valid
 Time taken: 392.16 seconds
[runlim] sample:		399.70 time, 400.01 real, 702 MB, 1.15 load
SAT

=> TOTAL COMPLETION TIME (Makespan / UB): 1085
Schedule is valid
 Time taken: 409.67 seconds
[runlim] sample:		409.69 time, 410.01 real, 702 MB, 1.13 load
SAT

=> TOTAL COMPLETION TIME (Makespan / UB): 1084
Schedule is valid
 Time taken: 415.41 seconds
[runlim] sample:		419.68 time, 420.01 real, 701 MB, 1.11 load
[runlim] sample:		429.68 time, 430.01 real, 702 MB, 1.17 load
SAT

=> TOTAL COMPLETION TIME (Makespan / UB): 1083
Schedule is valid
 Time taken: 434.37 seconds
[runlim] sample:		439.67 time, 440.01 real, 702 MB, 1.15 load
[runlim] sample:		449.67 time, 450.01 real, 704 MB, 1.12 load
[runlim] sample:		459.66 time, 460.01 real, 706 MB, 1.25 load
[runlim] sample:		469.66 time, 470.01 real, 706 MB, 1.21 load
[runlim] sample:		479.66 time, 480.01 real, 705 MB, 1.18 load
[runlim] sample:		489.65 time, 490.01 real, 705 MB, 1.15 load
[runlim] sample:		499.65 time, 500.01 real, 705 MB, 1.13 load
[runlim] sample:		509.65 time, 510.01 real, 704 MB, 1.11 load
SAT

=> TOTAL COMPLETION TIME (Makespan / UB): 1082
Schedule is valid
 Time taken: 519.73 seconds
[runlim] sample:		519.64 time, 520.01 real, 653 MB, 1.09 load
SAT

=> TOTAL COMPLETION TIME (Makespan / UB): 1081
Schedule is valid
 Time taken: 525.36 seconds
[runlim] sample:		529.64 time, 530.01 real, 653 MB, 1.08 load
[runlim] sample:		539.63 time, 540.01 real, 672 MB, 1.06 load
[runlim] sample:		549.62 time, 550.01 real, 673 MB, 1.05 load
[runlim] sample:		559.61 time, 560.01 real, 673 MB, 1.05 load
[runlim] sample:		569.61 time, 570.01 real, 673 MB, 1.04 load
[runlim] sample:		579.61 time, 580.01 real, 677 MB, 1.03 load
[runlim] sample:		589.60 time, 590.01 real, 684 MB, 1.03 load
[runlim] sample:		599.60 time, 600.01 real, 684 MB, 1.02 load
[runlim] end:			Sun May  3 18:43:14 2026
[runlim] status:		out of time
[runlim] result:		2
[runlim] children:		1
[runlim] processes:		2
[runlim] real:			601.06 seconds
[runlim] time:			599.60 seconds
[runlim] space:			858 MB
[runlim] load:			1.27 maximum
[runlim] samples:		6000
