[runlim] version:		2.0.0rc12
[runlim] host:			ap-Precision-7550
[runlim] time limit:		311040000 seconds
[runlim] real time limit:	600 seconds
[runlim] space limit:		15624 MB
[runlim] argv[0]:		python3
[runlim] argv[1]:		-u
[runlim] argv[2]:		main.py
[runlim] argv[3]:		datasets/hurink/rdata/la15.txt
[runlim] start:			Sun May  3 18:43:14 2026
[runlim] child:			7280
Greedy Schedule UB: 1233
Building constraints took 4.23 seconds.
SAT

=> TOTAL COMPLETION TIME (Makespan / UB): 1232
Schedule is valid
 Time taken: 4.98 seconds
SAT

=> TOTAL COMPLETION TIME (Makespan / UB): 1231
Schedule is valid
 Time taken: 5.05 seconds
SAT

=> TOTAL COMPLETION TIME (Makespan / UB): 1230
Schedule is valid
 Time taken: 5.10 seconds
SAT

=> TOTAL COMPLETION TIME (Makespan / UB): 1229
Schedule is valid
 Time taken: 5.15 seconds
SAT

=> TOTAL COMPLETION TIME (Makespan / UB): 1228
Schedule is valid
 Time taken: 5.21 seconds
SAT

=> TOTAL COMPLETION TIME (Makespan / UB): 1227
Schedule is valid
 Time taken: 5.26 seconds
SAT

=> TOTAL COMPLETION TIME (Makespan / UB): 1226
Schedule is valid
 Time taken: 5.31 seconds
SAT

=> TOTAL COMPLETION TIME (Makespan / UB): 1225
Schedule is valid
 Time taken: 5.37 seconds
SAT

=> TOTAL COMPLETION TIME (Makespan / UB): 1224
Schedule is valid
 Time taken: 5.42 seconds
SAT

=> TOTAL COMPLETION TIME (Makespan / UB): 1223
Schedule is valid
 Time taken: 5.85 seconds
SAT

=> TOTAL COMPLETION TIME (Makespan / UB): 1222
Schedule is valid
 Time taken: 5.91 seconds
SAT

=> TOTAL COMPLETION TIME (Makespan / UB): 1221
Schedule is valid
 Time taken: 5.96 seconds
SAT

=> TOTAL COMPLETION TIME (Makespan / UB): 1220
Schedule is valid
 Time taken: 6.02 seconds
SAT

=> TOTAL COMPLETION TIME (Makespan / UB): 1219
Schedule is valid
 Time taken: 7.18 seconds
SAT

=> TOTAL COMPLETION TIME (Makespan / UB): 1218
Schedule is valid
 Time taken: 9.63 seconds
[runlim] sample:		9.94 time, 10.01 real, 713 MB, 1.02 load
SAT

=> TOTAL COMPLETION TIME (Makespan / UB): 1217
Schedule is valid
 Time taken: 10.89 seconds
SAT

=> TOTAL COMPLETION TIME (Makespan / UB): 1216
Schedule is valid
 Time taken: 11.19 seconds
SAT

=> TOTAL COMPLETION TIME (Makespan / UB): 1215
Schedule is valid
 Time taken: 11.28 seconds
SAT

=> TOTAL COMPLETION TIME (Makespan / UB): 1214
Schedule is valid
 Time taken: 11.35 seconds
[runlim] sample:		19.93 time, 20.01 real, 743 MB, 1.02 load
SAT

=> TOTAL COMPLETION TIME (Makespan / UB): 1213
Schedule is valid
 Time taken: 23.66 seconds
SAT

=> TOTAL COMPLETION TIME (Makespan / UB): 1212
Schedule is valid
 Time taken: 24.74 seconds
SAT

=> TOTAL COMPLETION TIME (Makespan / UB): 1211
Schedule is valid
 Time taken: 25.12 seconds
SAT

=> TOTAL COMPLETION TIME (Makespan / UB): 1210
Schedule is valid
 Time taken: 28.64 seconds
SAT

=> TOTAL COMPLETION TIME (Makespan / UB): 1209
Schedule is valid
 Time taken: 29.48 seconds
SAT

=> TOTAL COMPLETION TIME (Makespan / UB): 1208
Schedule is valid
 Time taken: 29.85 seconds
[runlim] sample:		29.93 time, 30.01 real, 715 MB, 1.01 load
SAT

=> TOTAL COMPLETION TIME (Makespan / UB): 1207
Schedule is valid
 Time taken: 32.81 seconds
SAT

=> TOTAL COMPLETION TIME (Makespan / UB): 1206
Schedule is valid
 Time taken: 33.20 seconds
SAT

=> TOTAL COMPLETION TIME (Makespan / UB): 1205
Schedule is valid
 Time taken: 33.26 seconds
SAT

=> TOTAL COMPLETION TIME (Makespan / UB): 1204
Schedule is valid
 Time taken: 33.57 seconds
SAT

=> TOTAL COMPLETION TIME (Makespan / UB): 1203
Schedule is valid
 Time taken: 33.63 seconds
SAT

=> TOTAL COMPLETION TIME (Makespan / UB): 1202
Schedule is valid
 Time taken: 33.92 seconds
SAT

=> TOTAL COMPLETION TIME (Makespan / UB): 1201
Schedule is valid
 Time taken: 33.98 seconds
SAT

=> TOTAL COMPLETION TIME (Makespan / UB): 1200
Schedule is valid
 Time taken: 34.26 seconds
SAT

=> TOTAL COMPLETION TIME (Makespan / UB): 1199
Schedule is valid
 Time taken: 35.33 seconds
[runlim] sample:		39.92 time, 40.01 real, 687 MB, 1.01 load
SAT

=> TOTAL COMPLETION TIME (Makespan / UB): 1198
Schedule is valid
 Time taken: 44.79 seconds
SAT

=> TOTAL COMPLETION TIME (Makespan / UB): 1197
Schedule is valid
 Time taken: 45.22 seconds
SAT

=> TOTAL COMPLETION TIME (Makespan / UB): 1196
Schedule is valid
 Time taken: 45.56 seconds
SAT

=> TOTAL COMPLETION TIME (Makespan / UB): 1195
Schedule is valid
 Time taken: 49.12 seconds
[runlim] sample:		49.91 time, 50.01 real, 720 MB, 1.01 load
SAT

=> TOTAL COMPLETION TIME (Makespan / UB): 1194
Schedule is valid
 Time taken: 50.49 seconds
SAT

=> TOTAL COMPLETION TIME (Makespan / UB): 1193
Schedule is valid
 Time taken: 51.11 seconds
SAT

=> TOTAL COMPLETION TIME (Makespan / UB): 1192
Schedule is valid
 Time taken: 56.69 seconds
SAT

=> TOTAL COMPLETION TIME (Makespan / UB): 1191
Schedule is valid
 Time taken: 57.09 seconds
SAT

=> TOTAL COMPLETION TIME (Makespan / UB): 1190
Schedule is valid
 Time taken: 57.41 seconds
[runlim] sample:		59.90 time, 60.01 real, 739 MB, 1.15 load
SAT

=> TOTAL COMPLETION TIME (Makespan / UB): 1189
Schedule is valid
 Time taken: 65.31 seconds
SAT

=> TOTAL COMPLETION TIME (Makespan / UB): 1188
Schedule is valid
 Time taken: 65.74 seconds
SAT

=> TOTAL COMPLETION TIME (Makespan / UB): 1187
Schedule is valid
 Time taken: 66.07 seconds
SAT

=> TOTAL COMPLETION TIME (Makespan / UB): 1186
Schedule is valid
 Time taken: 66.37 seconds
SAT

=> TOTAL COMPLETION TIME (Makespan / UB): 1185
Schedule is valid
 Time taken: 66.71 seconds
SAT

=> TOTAL COMPLETION TIME (Makespan / UB): 1184
Schedule is valid
 Time taken: 67.02 seconds
SAT

=> TOTAL COMPLETION TIME (Makespan / UB): 1183
Schedule is valid
 Time taken: 67.33 seconds
SAT

=> TOTAL COMPLETION TIME (Makespan / UB): 1182
Schedule is valid
 Time taken: 68.61 seconds
SAT

=> TOTAL COMPLETION TIME (Makespan / UB): 1181
Schedule is valid
 Time taken: 68.71 seconds
[runlim] sample:		69.90 time, 70.01 real, 860 MB, 1.13 load
SAT

=> TOTAL COMPLETION TIME (Makespan / UB): 1180
Schedule is valid
 Time taken: 70.25 seconds
SAT

=> TOTAL COMPLETION TIME (Makespan / UB): 1179
Schedule is valid
 Time taken: 70.36 seconds
SAT

=> TOTAL COMPLETION TIME (Makespan / UB): 1178
Schedule is valid
 Time taken: 73.77 seconds
SAT

=> TOTAL COMPLETION TIME (Makespan / UB): 1177
Schedule is valid
 Time taken: 77.75 seconds
[runlim] sample:		79.89 time, 80.01 real, 715 MB, 1.19 load
SAT

=> TOTAL COMPLETION TIME (Makespan / UB): 1176
Schedule is valid
 Time taken: 82.69 seconds
SAT

=> TOTAL COMPLETION TIME (Makespan / UB): 1175
Schedule is valid
 Time taken: 83.59 seconds
SAT

=> TOTAL COMPLETION TIME (Makespan / UB): 1174
Schedule is valid
 Time taken: 84.87 seconds
[runlim] sample:		89.88 time, 90.01 real, 713 MB, 1.23 load
SAT

=> TOTAL COMPLETION TIME (Makespan / UB): 1173
Schedule is valid
 Time taken: 90.66 seconds
SAT

=> TOTAL COMPLETION TIME (Makespan / UB): 1172
Schedule is valid
 Time taken: 92.77 seconds
SAT

=> TOTAL COMPLETION TIME (Makespan / UB): 1171
Schedule is valid
 Time taken: 98.20 seconds
SAT

=> TOTAL COMPLETION TIME (Makespan / UB): 1170
Schedule is valid
 Time taken: 98.55 seconds
[runlim] sample:		99.87 time, 100.01 real, 715 MB, 1.20 load
SAT

=> TOTAL COMPLETION TIME (Makespan / UB): 1169
Schedule is valid
 Time taken: 102.52 seconds
SAT

=> TOTAL COMPLETION TIME (Makespan / UB): 1168
Schedule is valid
 Time taken: 103.73 seconds
SAT

=> TOTAL COMPLETION TIME (Makespan / UB): 1167
Schedule is valid
 Time taken: 107.44 seconds
SAT

=> TOTAL COMPLETION TIME (Makespan / UB): 1166
Schedule is valid
 Time taken: 107.82 seconds
SAT

=> TOTAL COMPLETION TIME (Makespan / UB): 1165
Schedule is valid
 Time taken: 108.13 seconds
SAT

=> TOTAL COMPLETION TIME (Makespan / UB): 1164
Schedule is valid
 Time taken: 109.66 seconds
SAT

=> TOTAL COMPLETION TIME (Makespan / UB): 1163
Schedule is valid
 Time taken: 109.76 seconds
[runlim] sample:		109.86 time, 110.01 real, 688 MB, 1.17 load
SAT

=> TOTAL COMPLETION TIME (Makespan / UB): 1162
Schedule is valid
 Time taken: 110.41 seconds
SAT

=> TOTAL COMPLETION TIME (Makespan / UB): 1161
Schedule is valid
 Time taken: 114.76 seconds
SAT

=> TOTAL COMPLETION TIME (Makespan / UB): 1160
Schedule is valid
 Time taken: 115.13 seconds
[runlim] sample:		119.85 time, 120.01 real, 733 MB, 1.14 load
SAT

=> TOTAL COMPLETION TIME (Makespan / UB): 1159
Schedule is valid
 Time taken: 124.79 seconds
SAT

=> TOTAL COMPLETION TIME (Makespan / UB): 1158
Schedule is valid
 Time taken: 129.03 seconds
[runlim] sample:		129.85 time, 130.01 real, 685 MB, 1.12 load
[runlim] sample:		139.84 time, 140.01 real, 711 MB, 1.10 load
SAT

=> TOTAL COMPLETION TIME (Makespan / UB): 1156
Schedule is valid
 Time taken: 144.70 seconds
SAT

=> TOTAL COMPLETION TIME (Makespan / UB): 1155
Schedule is valid
 Time taken: 145.88 seconds
[runlim] sample:		149.83 time, 150.01 real, 710 MB, 1.08 load
SAT

=> TOTAL COMPLETION TIME (Makespan / UB): 1154
Schedule is valid
 Time taken: 155.17 seconds
SAT

=> TOTAL COMPLETION TIME (Makespan / UB): 1153
Schedule is valid
 Time taken: 156.51 seconds
SAT

=> TOTAL COMPLETION TIME (Makespan / UB): 1152
Schedule is valid
 Time taken: 156.90 seconds
SAT

=> TOTAL COMPLETION TIME (Makespan / UB): 1151
Schedule is valid
 Time taken: 157.23 seconds
SAT

=> TOTAL COMPLETION TIME (Makespan / UB): 1150
Schedule is valid
 Time taken: 158.74 seconds
[runlim] sample:		159.83 time, 160.01 real, 707 MB, 1.07 load
SAT

=> TOTAL COMPLETION TIME (Makespan / UB): 1149
Schedule is valid
 Time taken: 165.42 seconds
SAT

=> TOTAL COMPLETION TIME (Makespan / UB): 1148
Schedule is valid
 Time taken: 168.75 seconds
[runlim] sample:		169.83 time, 170.01 real, 709 MB, 1.06 load
SAT

=> TOTAL COMPLETION TIME (Makespan / UB): 1147
Schedule is valid
 Time taken: 173.87 seconds
SAT

=> TOTAL COMPLETION TIME (Makespan / UB): 1146
Schedule is valid
 Time taken: 175.18 seconds
SAT

=> TOTAL COMPLETION TIME (Makespan / UB): 1145
Schedule is valid
 Time taken: 179.19 seconds
[runlim] sample:		179.81 time, 180.01 real, 709 MB, 1.05 load
SAT

=> TOTAL COMPLETION TIME (Makespan / UB): 1144
Schedule is valid
 Time taken: 184.24 seconds
SAT

=> TOTAL COMPLETION TIME (Makespan / UB): 1143
Schedule is valid
 Time taken: 184.35 seconds
[runlim] sample:		189.81 time, 190.01 real, 747 MB, 1.04 load
SAT

=> TOTAL COMPLETION TIME (Makespan / UB): 1142
Schedule is valid
 Time taken: 195.83 seconds
[runlim] sample:		199.80 time, 200.01 real, 659 MB, 1.04 load
SAT

=> TOTAL COMPLETION TIME (Makespan / UB): 1141
Schedule is valid
 Time taken: 201.12 seconds
SAT

=> TOTAL COMPLETION TIME (Makespan / UB): 1140
Schedule is valid
 Time taken: 201.53 seconds
SAT

=> TOTAL COMPLETION TIME (Makespan / UB): 1139
Schedule is valid
 Time taken: 201.85 seconds
SAT

=> TOTAL COMPLETION TIME (Makespan / UB): 1138
Schedule is valid
 Time taken: 202.14 seconds
SAT

=> TOTAL COMPLETION TIME (Makespan / UB): 1137
Schedule is valid
 Time taken: 203.34 seconds
SAT

=> TOTAL COMPLETION TIME (Makespan / UB): 1136
Schedule is valid
 Time taken: 208.81 seconds
[runlim] sample:		209.80 time, 210.01 real, 707 MB, 1.03 load
SAT

=> TOTAL COMPLETION TIME (Makespan / UB): 1135
Schedule is valid
 Time taken: 213.53 seconds
SAT

=> TOTAL COMPLETION TIME (Makespan / UB): 1134
Schedule is valid
 Time taken: 219.43 seconds
SAT

=> TOTAL COMPLETION TIME (Makespan / UB): 1133
Schedule is valid
 Time taken: 219.77 seconds
[runlim] sample:		219.79 time, 220.01 real, 684 MB, 1.02 load
SAT

=> TOTAL COMPLETION TIME (Makespan / UB): 1132
Schedule is valid
 Time taken: 220.07 seconds
SAT

=> TOTAL COMPLETION TIME (Makespan / UB): 1131
Schedule is valid
 Time taken: 220.14 seconds
SAT

=> TOTAL COMPLETION TIME (Makespan / UB): 1130
Schedule is valid
 Time taken: 220.41 seconds
SAT

=> TOTAL COMPLETION TIME (Makespan / UB): 1129
Schedule is valid
 Time taken: 224.74 seconds
SAT

=> TOTAL COMPLETION TIME (Makespan / UB): 1128
Schedule is valid
 Time taken: 229.69 seconds
[runlim] sample:		229.78 time, 230.01 real, 706 MB, 1.02 load
[runlim] sample:		239.77 time, 240.01 real, 681 MB, 1.02 load
SAT

=> TOTAL COMPLETION TIME (Makespan / UB): 1127
Schedule is valid
 Time taken: 240.06 seconds
[runlim] sample:		249.77 time, 250.01 real, 705 MB, 1.01 load
SAT

=> TOTAL COMPLETION TIME (Makespan / UB): 1126
Schedule is valid
 Time taken: 258.85 seconds
SAT

=> TOTAL COMPLETION TIME (Makespan / UB): 1125
Schedule is valid
 Time taken: 259.23 seconds
[runlim] sample:		259.76 time, 260.01 real, 706 MB, 1.01 load
SAT

=> TOTAL COMPLETION TIME (Makespan / UB): 1124
Schedule is valid
 Time taken: 264.07 seconds
SAT

=> TOTAL COMPLETION TIME (Makespan / UB): 1123
Schedule is valid
 Time taken: 269.26 seconds
SAT

=> TOTAL COMPLETION TIME (Makespan / UB): 1122
Schedule is valid
 Time taken: 269.61 seconds
SAT

=> TOTAL COMPLETION TIME (Makespan / UB): 1121
Schedule is valid
 Time taken: 269.93 seconds
[runlim] sample:		269.75 time, 270.01 real, 705 MB, 1.01 load
[runlim] sample:		279.74 time, 280.01 real, 705 MB, 1.16 load
[runlim] sample:		289.74 time, 290.01 real, 720 MB, 1.14 load
SAT

=> TOTAL COMPLETION TIME (Makespan / UB): 1120
Schedule is valid
 Time taken: 291.91 seconds
[runlim] sample:		299.73 time, 300.01 real, 705 MB, 1.11 load
[runlim] sample:		309.72 time, 310.01 real, 705 MB, 1.10 load
SAT

=> TOTAL COMPLETION TIME (Makespan / UB): 1119
Schedule is valid
 Time taken: 311.34 seconds
SAT

=> TOTAL COMPLETION TIME (Makespan / UB): 1118
Schedule is valid
 Time taken: 311.72 seconds
[runlim] sample:		319.72 time, 320.01 real, 706 MB, 1.08 load
[runlim] sample:		329.71 time, 330.01 real, 706 MB, 1.07 load
SAT

=> TOTAL COMPLETION TIME (Makespan / UB): 1117
Schedule is valid
 Time taken: 336.32 seconds
[runlim] sample:		339.71 time, 340.01 real, 656 MB, 1.06 load
[runlim] sample:		349.71 time, 350.01 real, 705 MB, 1.05 load
SAT

=> TOTAL COMPLETION TIME (Makespan / UB): 1116
Schedule is valid
 Time taken: 355.42 seconds
[runlim] sample:		359.69 time, 360.01 real, 705 MB, 1.04 load
[runlim] sample:		369.70 time, 370.01 real, 705 MB, 1.03 load
SAT

=> TOTAL COMPLETION TIME (Makespan / UB): 1115
Schedule is valid
 Time taken: 374.18 seconds
[runlim] sample:		379.68 time, 380.01 real, 705 MB, 1.03 load
[runlim] sample:		389.68 time, 390.01 real, 656 MB, 1.02 load
[runlim] sample:		399.67 time, 400.01 real, 706 MB, 1.02 load
[runlim] sample:		409.67 time, 410.01 real, 708 MB, 1.02 load
[runlim] sample:		419.66 time, 420.01 real, 708 MB, 1.01 load
[runlim] sample:		429.65 time, 430.01 real, 705 MB, 1.01 load
[runlim] sample:		439.64 time, 440.01 real, 705 MB, 1.01 load
[runlim] sample:		449.64 time, 450.01 real, 705 MB, 1.01 load
SAT

=> TOTAL COMPLETION TIME (Makespan / UB): 1114
Schedule is valid
 Time taken: 452.23 seconds
SAT

=> TOTAL COMPLETION TIME (Makespan / UB): 1113
Schedule is valid
 Time taken: 452.64 seconds
[runlim] sample:		459.63 time, 460.01 real, 710 MB, 1.00 load
[runlim] sample:		469.62 time, 470.01 real, 707 MB, 1.00 load
[runlim] sample:		479.61 time, 480.01 real, 707 MB, 1.00 load
SAT

=> TOTAL COMPLETION TIME (Makespan / UB): 1112
Schedule is valid
 Time taken: 480.13 seconds
[runlim] sample:		489.61 time, 490.01 real, 708 MB, 1.00 load
[runlim] sample:		499.61 time, 500.01 real, 853 MB, 1.00 load
[runlim] sample:		509.60 time, 510.01 real, 707 MB, 1.00 load
[runlim] sample:		519.59 time, 520.01 real, 709 MB, 1.00 load
[runlim] sample:		529.58 time, 530.01 real, 660 MB, 1.00 load
[runlim] sample:		539.57 time, 540.01 real, 660 MB, 1.00 load
[runlim] sample:		549.57 time, 550.01 real, 681 MB, 1.00 load
[runlim] sample:		559.56 time, 560.01 real, 681 MB, 1.00 load
SAT

=> TOTAL COMPLETION TIME (Makespan / UB): 1111
Schedule is valid
 Time taken: 561.24 seconds
[runlim] sample:		569.55 time, 570.01 real, 708 MB, 1.00 load
[runlim] sample:		579.54 time, 580.01 real, 708 MB, 1.08 load
SAT

=> TOTAL COMPLETION TIME (Makespan / UB): 1110
Schedule is valid
 Time taken: 581.37 seconds
[runlim] sample:		589.54 time, 590.01 real, 709 MB, 1.14 load
[runlim] sample:		599.53 time, 600.01 real, 709 MB, 1.12 load
[runlim] end:			Sun May  3 18:53:15 2026
[runlim] status:		out of time
[runlim] result:		2
[runlim] children:		1
[runlim] processes:		2
[runlim] real:			601.06 seconds
[runlim] time:			599.53 seconds
[runlim] space:			897 MB
[runlim] load:			1.25 maximum
[runlim] samples:		6000
