[runlim] version:		2.0.0rc12
[runlim] host:			ap-Precision-7550
[runlim] time limit:		311040000 seconds
[runlim] real time limit:	600 seconds
[runlim] space limit:		15624 MB
[runlim] argv[0]:		python3
[runlim] argv[1]:		-u
[runlim] argv[2]:		main.py
[runlim] argv[3]:		datasets/hurink/rdata/la22.txt
[runlim] start:			Sun May  3 19:04:08 2026
[runlim] child:			7357
Greedy Schedule UB: 1022
Building constraints took 2.56 seconds.
SAT

=> TOTAL COMPLETION TIME (Makespan / UB): 1021
Schedule is valid
 Time taken: 2.90 seconds
SAT

=> TOTAL COMPLETION TIME (Makespan / UB): 1020
Schedule is valid
 Time taken: 2.96 seconds
SAT

=> TOTAL COMPLETION TIME (Makespan / UB): 1019
Schedule is valid
 Time taken: 3.01 seconds
SAT

=> TOTAL COMPLETION TIME (Makespan / UB): 1018
Schedule is valid
 Time taken: 3.05 seconds
SAT

=> TOTAL COMPLETION TIME (Makespan / UB): 1017
Schedule is valid
 Time taken: 3.10 seconds
SAT

=> TOTAL COMPLETION TIME (Makespan / UB): 1016
Schedule is valid
 Time taken: 3.15 seconds
SAT

=> TOTAL COMPLETION TIME (Makespan / UB): 1015
Schedule is valid
 Time taken: 3.20 seconds
SAT

=> TOTAL COMPLETION TIME (Makespan / UB): 1014
Schedule is valid
 Time taken: 3.25 seconds
SAT

=> TOTAL COMPLETION TIME (Makespan / UB): 1013
Schedule is valid
 Time taken: 3.30 seconds
SAT

=> TOTAL COMPLETION TIME (Makespan / UB): 1012
Schedule is valid
 Time taken: 3.35 seconds
SAT

=> TOTAL COMPLETION TIME (Makespan / UB): 1011
Schedule is valid
 Time taken: 3.40 seconds
SAT

=> TOTAL COMPLETION TIME (Makespan / UB): 1010
Schedule is valid
 Time taken: 3.45 seconds
SAT

=> TOTAL COMPLETION TIME (Makespan / UB): 1009
Schedule is valid
 Time taken: 3.50 seconds
SAT

=> TOTAL COMPLETION TIME (Makespan / UB): 1008
Schedule is valid
 Time taken: 3.54 seconds
SAT

=> TOTAL COMPLETION TIME (Makespan / UB): 1007
Schedule is valid
 Time taken: 3.59 seconds
SAT

=> TOTAL COMPLETION TIME (Makespan / UB): 1006
Schedule is valid
 Time taken: 3.64 seconds
SAT

=> TOTAL COMPLETION TIME (Makespan / UB): 1005
Schedule is valid
 Time taken: 3.75 seconds
SAT

=> TOTAL COMPLETION TIME (Makespan / UB): 1004
Schedule is valid
 Time taken: 3.92 seconds
SAT

=> TOTAL COMPLETION TIME (Makespan / UB): 1003
Schedule is valid
 Time taken: 3.98 seconds
SAT

=> TOTAL COMPLETION TIME (Makespan / UB): 1002
Schedule is valid
 Time taken: 4.03 seconds
SAT

=> TOTAL COMPLETION TIME (Makespan / UB): 1001
Schedule is valid
 Time taken: 4.42 seconds
SAT

=> TOTAL COMPLETION TIME (Makespan / UB): 1000
Schedule is valid
 Time taken: 4.47 seconds
SAT

=> TOTAL COMPLETION TIME (Makespan / UB): 999
Schedule is valid
 Time taken: 5.04 seconds
SAT

=> TOTAL COMPLETION TIME (Makespan / UB): 998
Schedule is valid
 Time taken: 6.53 seconds
SAT

=> TOTAL COMPLETION TIME (Makespan / UB): 997
Schedule is valid
 Time taken: 6.73 seconds
SAT

=> TOTAL COMPLETION TIME (Makespan / UB): 996
Schedule is valid
 Time taken: 6.77 seconds
SAT

=> TOTAL COMPLETION TIME (Makespan / UB): 995
Schedule is valid
 Time taken: 6.81 seconds
SAT

=> TOTAL COMPLETION TIME (Makespan / UB): 994
Schedule is valid
 Time taken: 6.85 seconds
SAT

=> TOTAL COMPLETION TIME (Makespan / UB): 993
Schedule is valid
 Time taken: 6.88 seconds
SAT

=> TOTAL COMPLETION TIME (Makespan / UB): 992
Schedule is valid
 Time taken: 6.92 seconds
SAT

=> TOTAL COMPLETION TIME (Makespan / UB): 991
Schedule is valid
 Time taken: 6.96 seconds
SAT

=> TOTAL COMPLETION TIME (Makespan / UB): 990
Schedule is valid
 Time taken: 7.01 seconds
SAT

=> TOTAL COMPLETION TIME (Makespan / UB): 989
Schedule is valid
 Time taken: 7.05 seconds
SAT

=> TOTAL COMPLETION TIME (Makespan / UB): 988
Schedule is valid
 Time taken: 7.32 seconds
SAT

=> TOTAL COMPLETION TIME (Makespan / UB): 987
Schedule is valid
 Time taken: 7.36 seconds
SAT

=> TOTAL COMPLETION TIME (Makespan / UB): 986
Schedule is valid
 Time taken: 7.40 seconds
SAT

=> TOTAL COMPLETION TIME (Makespan / UB): 985
Schedule is valid
 Time taken: 7.44 seconds
SAT

=> TOTAL COMPLETION TIME (Makespan / UB): 984
Schedule is valid
 Time taken: 7.50 seconds
SAT

=> TOTAL COMPLETION TIME (Makespan / UB): 983
Schedule is valid
 Time taken: 7.53 seconds
SAT

=> TOTAL COMPLETION TIME (Makespan / UB): 982
Schedule is valid
 Time taken: 7.57 seconds
SAT

=> TOTAL COMPLETION TIME (Makespan / UB): 981
Schedule is valid
 Time taken: 7.61 seconds
SAT

=> TOTAL COMPLETION TIME (Makespan / UB): 980
Schedule is valid
 Time taken: 7.64 seconds
SAT

=> TOTAL COMPLETION TIME (Makespan / UB): 979
Schedule is valid
 Time taken: 7.68 seconds
SAT

=> TOTAL COMPLETION TIME (Makespan / UB): 978
Schedule is valid
 Time taken: 7.72 seconds
SAT

=> TOTAL COMPLETION TIME (Makespan / UB): 977
Schedule is valid
 Time taken: 7.75 seconds
SAT

=> TOTAL COMPLETION TIME (Makespan / UB): 976
Schedule is valid
 Time taken: 7.79 seconds
SAT

=> TOTAL COMPLETION TIME (Makespan / UB): 975
Schedule is valid
 Time taken: 7.83 seconds
SAT

=> TOTAL COMPLETION TIME (Makespan / UB): 974
Schedule is valid
 Time taken: 7.86 seconds
SAT

=> TOTAL COMPLETION TIME (Makespan / UB): 973
Schedule is valid
 Time taken: 7.89 seconds
SAT

=> TOTAL COMPLETION TIME (Makespan / UB): 972
Schedule is valid
 Time taken: 7.93 seconds
SAT

=> TOTAL COMPLETION TIME (Makespan / UB): 971
Schedule is valid
 Time taken: 7.96 seconds
SAT

=> TOTAL COMPLETION TIME (Makespan / UB): 970
Schedule is valid
 Time taken: 8.00 seconds
SAT

=> TOTAL COMPLETION TIME (Makespan / UB): 969
Schedule is valid
 Time taken: 8.04 seconds
SAT

=> TOTAL COMPLETION TIME (Makespan / UB): 968
Schedule is valid
 Time taken: 8.07 seconds
SAT

=> TOTAL COMPLETION TIME (Makespan / UB): 967
Schedule is valid
 Time taken: 8.11 seconds
SAT

=> TOTAL COMPLETION TIME (Makespan / UB): 966
Schedule is valid
 Time taken: 8.14 seconds
SAT

=> TOTAL COMPLETION TIME (Makespan / UB): 965
Schedule is valid
 Time taken: 8.18 seconds
SAT

=> TOTAL COMPLETION TIME (Makespan / UB): 964
Schedule is valid
 Time taken: 8.21 seconds
SAT

=> TOTAL COMPLETION TIME (Makespan / UB): 963
Schedule is valid
 Time taken: 8.25 seconds
SAT

=> TOTAL COMPLETION TIME (Makespan / UB): 962
Schedule is valid
 Time taken: 8.29 seconds
SAT

=> TOTAL COMPLETION TIME (Makespan / UB): 961
Schedule is valid
 Time taken: 8.32 seconds
SAT

=> TOTAL COMPLETION TIME (Makespan / UB): 960
Schedule is valid
 Time taken: 8.36 seconds
SAT

=> TOTAL COMPLETION TIME (Makespan / UB): 959
Schedule is valid
 Time taken: 8.40 seconds
[runlim] sample:		9.93 time, 10.01 real, 482 MB, 1.01 load
SAT

=> TOTAL COMPLETION TIME (Makespan / UB): 958
Schedule is valid
 Time taken: 15.66 seconds
SAT

=> TOTAL COMPLETION TIME (Makespan / UB): 957
Schedule is valid
 Time taken: 16.75 seconds
SAT

=> TOTAL COMPLETION TIME (Makespan / UB): 956
Schedule is valid
 Time taken: 17.81 seconds
SAT

=> TOTAL COMPLETION TIME (Makespan / UB): 955
Schedule is valid
 Time taken: 19.31 seconds
SAT

=> TOTAL COMPLETION TIME (Makespan / UB): 954
Schedule is valid
 Time taken: 19.91 seconds
[runlim] sample:		19.93 time, 20.01 real, 441 MB, 1.01 load
SAT

=> TOTAL COMPLETION TIME (Makespan / UB): 953
Schedule is valid
 Time taken: 20.10 seconds
SAT

=> TOTAL COMPLETION TIME (Makespan / UB): 952
Schedule is valid
 Time taken: 20.83 seconds
SAT

=> TOTAL COMPLETION TIME (Makespan / UB): 951
Schedule is valid
 Time taken: 21.48 seconds
SAT

=> TOTAL COMPLETION TIME (Makespan / UB): 950
Schedule is valid
 Time taken: 21.89 seconds
SAT

=> TOTAL COMPLETION TIME (Makespan / UB): 949
Schedule is valid
 Time taken: 22.51 seconds
SAT

=> TOTAL COMPLETION TIME (Makespan / UB): 948
Schedule is valid
 Time taken: 22.82 seconds
SAT

=> TOTAL COMPLETION TIME (Makespan / UB): 947
Schedule is valid
 Time taken: 26.04 seconds
SAT

=> TOTAL COMPLETION TIME (Makespan / UB): 946
Schedule is valid
 Time taken: 26.61 seconds
SAT

=> TOTAL COMPLETION TIME (Makespan / UB): 945
Schedule is valid
 Time taken: 27.69 seconds
SAT

=> TOTAL COMPLETION TIME (Makespan / UB): 944
Schedule is valid
 Time taken: 28.19 seconds
SAT

=> TOTAL COMPLETION TIME (Makespan / UB): 943
Schedule is valid
 Time taken: 28.88 seconds
SAT

=> TOTAL COMPLETION TIME (Makespan / UB): 942
Schedule is valid
 Time taken: 29.83 seconds
[runlim] sample:		29.92 time, 30.01 real, 449 MB, 1.01 load
SAT

=> TOTAL COMPLETION TIME (Makespan / UB): 941
Schedule is valid
 Time taken: 30.25 seconds
SAT

=> TOTAL COMPLETION TIME (Makespan / UB): 940
Schedule is valid
 Time taken: 30.79 seconds
SAT

=> TOTAL COMPLETION TIME (Makespan / UB): 939
Schedule is valid
 Time taken: 32.91 seconds
SAT

=> TOTAL COMPLETION TIME (Makespan / UB): 938
Schedule is valid
 Time taken: 33.36 seconds
SAT

=> TOTAL COMPLETION TIME (Makespan / UB): 937
Schedule is valid
 Time taken: 34.22 seconds
SAT

=> TOTAL COMPLETION TIME (Makespan / UB): 936
Schedule is valid
 Time taken: 37.65 seconds
SAT

=> TOTAL COMPLETION TIME (Makespan / UB): 935
Schedule is valid
 Time taken: 38.38 seconds
SAT

=> TOTAL COMPLETION TIME (Makespan / UB): 934
Schedule is valid
 Time taken: 39.00 seconds
SAT

=> TOTAL COMPLETION TIME (Makespan / UB): 933
Schedule is valid
 Time taken: 39.41 seconds
[runlim] sample:		39.91 time, 40.01 real, 403 MB, 1.01 load
SAT

=> TOTAL COMPLETION TIME (Makespan / UB): 932
Schedule is valid
 Time taken: 40.03 seconds
SAT

=> TOTAL COMPLETION TIME (Makespan / UB): 931
Schedule is valid
 Time taken: 41.28 seconds
SAT

=> TOTAL COMPLETION TIME (Makespan / UB): 930
Schedule is valid
 Time taken: 41.57 seconds
SAT

=> TOTAL COMPLETION TIME (Makespan / UB): 929
Schedule is valid
 Time taken: 42.11 seconds
SAT

=> TOTAL COMPLETION TIME (Makespan / UB): 928
Schedule is valid
 Time taken: 42.46 seconds
SAT

=> TOTAL COMPLETION TIME (Makespan / UB): 927
Schedule is valid
 Time taken: 42.58 seconds
SAT

=> TOTAL COMPLETION TIME (Makespan / UB): 926
Schedule is valid
 Time taken: 43.02 seconds
SAT

=> TOTAL COMPLETION TIME (Makespan / UB): 925
Schedule is valid
 Time taken: 43.48 seconds
SAT

=> TOTAL COMPLETION TIME (Makespan / UB): 924
Schedule is valid
 Time taken: 44.19 seconds
SAT

=> TOTAL COMPLETION TIME (Makespan / UB): 923
Schedule is valid
 Time taken: 44.64 seconds
SAT

=> TOTAL COMPLETION TIME (Makespan / UB): 922
Schedule is valid
 Time taken: 45.25 seconds
SAT

=> TOTAL COMPLETION TIME (Makespan / UB): 921
Schedule is valid
 Time taken: 46.30 seconds
SAT

=> TOTAL COMPLETION TIME (Makespan / UB): 920
Schedule is valid
 Time taken: 46.86 seconds
SAT

=> TOTAL COMPLETION TIME (Makespan / UB): 919
Schedule is valid
 Time taken: 46.91 seconds
SAT

=> TOTAL COMPLETION TIME (Makespan / UB): 918
Schedule is valid
 Time taken: 47.58 seconds
SAT

=> TOTAL COMPLETION TIME (Makespan / UB): 917
Schedule is valid
 Time taken: 48.28 seconds
SAT

=> TOTAL COMPLETION TIME (Makespan / UB): 916
Schedule is valid
 Time taken: 48.61 seconds
SAT

=> TOTAL COMPLETION TIME (Makespan / UB): 915
Schedule is valid
 Time taken: 49.11 seconds
[runlim] sample:		49.90 time, 50.01 real, 464 MB, 1.00 load
SAT

=> TOTAL COMPLETION TIME (Makespan / UB): 914
Schedule is valid
 Time taken: 53.00 seconds
SAT

=> TOTAL COMPLETION TIME (Makespan / UB): 913
Schedule is valid
 Time taken: 53.20 seconds
SAT

=> TOTAL COMPLETION TIME (Makespan / UB): 912
Schedule is valid
 Time taken: 54.01 seconds
SAT

=> TOTAL COMPLETION TIME (Makespan / UB): 911
Schedule is valid
 Time taken: 54.66 seconds
SAT

=> TOTAL COMPLETION TIME (Makespan / UB): 910
Schedule is valid
 Time taken: 55.54 seconds
SAT

=> TOTAL COMPLETION TIME (Makespan / UB): 909
Schedule is valid
 Time taken: 56.09 seconds
SAT

=> TOTAL COMPLETION TIME (Makespan / UB): 908
Schedule is valid
 Time taken: 57.04 seconds
SAT

=> TOTAL COMPLETION TIME (Makespan / UB): 907
Schedule is valid
 Time taken: 57.97 seconds
SAT

=> TOTAL COMPLETION TIME (Makespan / UB): 906
Schedule is valid
 Time taken: 58.13 seconds
SAT

=> TOTAL COMPLETION TIME (Makespan / UB): 905
Schedule is valid
 Time taken: 58.51 seconds
SAT

=> TOTAL COMPLETION TIME (Makespan / UB): 904
Schedule is valid
 Time taken: 58.56 seconds
SAT

=> TOTAL COMPLETION TIME (Makespan / UB): 903
Schedule is valid
 Time taken: 58.59 seconds
SAT

=> TOTAL COMPLETION TIME (Makespan / UB): 902
Schedule is valid
 Time taken: 58.63 seconds
SAT

=> TOTAL COMPLETION TIME (Makespan / UB): 901
Schedule is valid
 Time taken: 58.67 seconds
SAT

=> TOTAL COMPLETION TIME (Makespan / UB): 900
Schedule is valid
 Time taken: 59.52 seconds
[runlim] sample:		59.90 time, 60.01 real, 425 MB, 1.00 load
SAT

=> TOTAL COMPLETION TIME (Makespan / UB): 899
Schedule is valid
 Time taken: 60.06 seconds
SAT

=> TOTAL COMPLETION TIME (Makespan / UB): 898
Schedule is valid
 Time taken: 60.11 seconds
SAT

=> TOTAL COMPLETION TIME (Makespan / UB): 897
Schedule is valid
 Time taken: 60.14 seconds
SAT

=> TOTAL COMPLETION TIME (Makespan / UB): 896
Schedule is valid
 Time taken: 60.18 seconds
SAT

=> TOTAL COMPLETION TIME (Makespan / UB): 895
Schedule is valid
 Time taken: 60.21 seconds
SAT

=> TOTAL COMPLETION TIME (Makespan / UB): 894
Schedule is valid
 Time taken: 60.24 seconds
SAT

=> TOTAL COMPLETION TIME (Makespan / UB): 893
Schedule is valid
 Time taken: 60.28 seconds
SAT

=> TOTAL COMPLETION TIME (Makespan / UB): 892
Schedule is valid
 Time taken: 60.31 seconds
SAT

=> TOTAL COMPLETION TIME (Makespan / UB): 891
Schedule is valid
 Time taken: 60.35 seconds
SAT

=> TOTAL COMPLETION TIME (Makespan / UB): 890
Schedule is valid
 Time taken: 60.39 seconds
SAT

=> TOTAL COMPLETION TIME (Makespan / UB): 889
Schedule is valid
 Time taken: 60.42 seconds
SAT

=> TOTAL COMPLETION TIME (Makespan / UB): 888
Schedule is valid
 Time taken: 60.90 seconds
SAT

=> TOTAL COMPLETION TIME (Makespan / UB): 887
Schedule is valid
 Time taken: 61.35 seconds
SAT

=> TOTAL COMPLETION TIME (Makespan / UB): 886
Schedule is valid
 Time taken: 62.16 seconds
SAT

=> TOTAL COMPLETION TIME (Makespan / UB): 885
Schedule is valid
 Time taken: 62.74 seconds
SAT

=> TOTAL COMPLETION TIME (Makespan / UB): 884
Schedule is valid
 Time taken: 63.34 seconds
SAT

=> TOTAL COMPLETION TIME (Makespan / UB): 883
Schedule is valid
 Time taken: 63.82 seconds
SAT

=> TOTAL COMPLETION TIME (Makespan / UB): 882
Schedule is valid
 Time taken: 64.36 seconds
SAT

=> TOTAL COMPLETION TIME (Makespan / UB): 881
Schedule is valid
 Time taken: 65.12 seconds
SAT

=> TOTAL COMPLETION TIME (Makespan / UB): 880
Schedule is valid
 Time taken: 65.91 seconds
SAT

=> TOTAL COMPLETION TIME (Makespan / UB): 879
Schedule is valid
 Time taken: 66.33 seconds
[runlim] sample:		69.88 time, 70.01 real, 442 MB, 1.00 load
SAT

=> TOTAL COMPLETION TIME (Makespan / UB): 878
Schedule is valid
 Time taken: 71.17 seconds
SAT

=> TOTAL COMPLETION TIME (Makespan / UB): 877
Schedule is valid
 Time taken: 72.09 seconds
SAT

=> TOTAL COMPLETION TIME (Makespan / UB): 876
Schedule is valid
 Time taken: 74.02 seconds
SAT

=> TOTAL COMPLETION TIME (Makespan / UB): 875
Schedule is valid
 Time taken: 74.59 seconds
SAT

=> TOTAL COMPLETION TIME (Makespan / UB): 874
Schedule is valid
 Time taken: 75.37 seconds
SAT

=> TOTAL COMPLETION TIME (Makespan / UB): 873
Schedule is valid
 Time taken: 75.97 seconds
SAT

=> TOTAL COMPLETION TIME (Makespan / UB): 872
Schedule is valid
 Time taken: 76.02 seconds
SAT

=> TOTAL COMPLETION TIME (Makespan / UB): 871
Schedule is valid
 Time taken: 76.62 seconds
SAT

=> TOTAL COMPLETION TIME (Makespan / UB): 870
Schedule is valid
 Time taken: 77.07 seconds
SAT

=> TOTAL COMPLETION TIME (Makespan / UB): 869
Schedule is valid
 Time taken: 77.58 seconds
SAT

=> TOTAL COMPLETION TIME (Makespan / UB): 868
Schedule is valid
 Time taken: 79.69 seconds
[runlim] sample:		79.87 time, 80.01 real, 392 MB, 1.00 load
SAT

=> TOTAL COMPLETION TIME (Makespan / UB): 867
Schedule is valid
 Time taken: 80.17 seconds
SAT

=> TOTAL COMPLETION TIME (Makespan / UB): 866
Schedule is valid
 Time taken: 80.78 seconds
SAT

=> TOTAL COMPLETION TIME (Makespan / UB): 865
Schedule is valid
 Time taken: 80.83 seconds
SAT

=> TOTAL COMPLETION TIME (Makespan / UB): 864
Schedule is valid
 Time taken: 80.87 seconds
SAT

=> TOTAL COMPLETION TIME (Makespan / UB): 863
Schedule is valid
 Time taken: 81.13 seconds
SAT

=> TOTAL COMPLETION TIME (Makespan / UB): 862
Schedule is valid
 Time taken: 81.17 seconds
SAT

=> TOTAL COMPLETION TIME (Makespan / UB): 861
Schedule is valid
 Time taken: 81.20 seconds
SAT

=> TOTAL COMPLETION TIME (Makespan / UB): 860
Schedule is valid
 Time taken: 81.24 seconds
SAT

=> TOTAL COMPLETION TIME (Makespan / UB): 859
Schedule is valid
 Time taken: 81.27 seconds
SAT

=> TOTAL COMPLETION TIME (Makespan / UB): 858
Schedule is valid
 Time taken: 83.74 seconds
SAT

=> TOTAL COMPLETION TIME (Makespan / UB): 857
Schedule is valid
 Time taken: 88.10 seconds
[runlim] sample:		89.87 time, 90.01 real, 359 MB, 1.00 load
SAT

=> TOTAL COMPLETION TIME (Makespan / UB): 856
Schedule is valid
 Time taken: 90.25 seconds
SAT

=> TOTAL COMPLETION TIME (Makespan / UB): 855
Schedule is valid
 Time taken: 90.41 seconds
SAT

=> TOTAL COMPLETION TIME (Makespan / UB): 854
Schedule is valid
 Time taken: 90.54 seconds
SAT

=> TOTAL COMPLETION TIME (Makespan / UB): 853
Schedule is valid
 Time taken: 90.66 seconds
SAT

=> TOTAL COMPLETION TIME (Makespan / UB): 852
Schedule is valid
 Time taken: 90.77 seconds
SAT

=> TOTAL COMPLETION TIME (Makespan / UB): 851
Schedule is valid
 Time taken: 90.89 seconds
SAT

=> TOTAL COMPLETION TIME (Makespan / UB): 850
Schedule is valid
 Time taken: 91.00 seconds
SAT

=> TOTAL COMPLETION TIME (Makespan / UB): 849
Schedule is valid
 Time taken: 92.91 seconds
SAT

=> TOTAL COMPLETION TIME (Makespan / UB): 848
Schedule is valid
 Time taken: 93.50 seconds
SAT

=> TOTAL COMPLETION TIME (Makespan / UB): 847
Schedule is valid
 Time taken: 95.51 seconds
SAT

=> TOTAL COMPLETION TIME (Makespan / UB): 846
Schedule is valid
 Time taken: 97.47 seconds
SAT

=> TOTAL COMPLETION TIME (Makespan / UB): 845
Schedule is valid
 Time taken: 97.91 seconds
SAT

=> TOTAL COMPLETION TIME (Makespan / UB): 844
Schedule is valid
 Time taken: 99.02 seconds
[runlim] sample:		99.85 time, 100.01 real, 357 MB, 1.00 load
SAT

=> TOTAL COMPLETION TIME (Makespan / UB): 843
Schedule is valid
 Time taken: 100.98 seconds
SAT

=> TOTAL COMPLETION TIME (Makespan / UB): 842
Schedule is valid
 Time taken: 101.35 seconds
SAT

=> TOTAL COMPLETION TIME (Makespan / UB): 841
Schedule is valid
 Time taken: 101.96 seconds
SAT

=> TOTAL COMPLETION TIME (Makespan / UB): 840
Schedule is valid
 Time taken: 102.44 seconds
SAT

=> TOTAL COMPLETION TIME (Makespan / UB): 839
Schedule is valid
 Time taken: 103.25 seconds
SAT

=> TOTAL COMPLETION TIME (Makespan / UB): 838
Schedule is valid
 Time taken: 103.83 seconds
SAT

=> TOTAL COMPLETION TIME (Makespan / UB): 837
Schedule is valid
 Time taken: 103.88 seconds
SAT

=> TOTAL COMPLETION TIME (Makespan / UB): 836
Schedule is valid
 Time taken: 103.91 seconds
SAT

=> TOTAL COMPLETION TIME (Makespan / UB): 835
Schedule is valid
 Time taken: 103.95 seconds
SAT

=> TOTAL COMPLETION TIME (Makespan / UB): 834
Schedule is valid
 Time taken: 108.71 seconds
[runlim] sample:		109.85 time, 110.01 real, 389 MB, 1.00 load
SAT

=> TOTAL COMPLETION TIME (Makespan / UB): 833
Schedule is valid
 Time taken: 110.76 seconds
SAT

=> TOTAL COMPLETION TIME (Makespan / UB): 832
Schedule is valid
 Time taken: 111.48 seconds
SAT

=> TOTAL COMPLETION TIME (Makespan / UB): 831
Schedule is valid
 Time taken: 112.33 seconds
SAT

=> TOTAL COMPLETION TIME (Makespan / UB): 830
Schedule is valid
 Time taken: 114.98 seconds
SAT

=> TOTAL COMPLETION TIME (Makespan / UB): 829
Schedule is valid
 Time taken: 115.14 seconds
SAT

=> TOTAL COMPLETION TIME (Makespan / UB): 828
Schedule is valid
 Time taken: 115.17 seconds
SAT

=> TOTAL COMPLETION TIME (Makespan / UB): 827
Schedule is valid
 Time taken: 117.49 seconds
[runlim] sample:		119.83 time, 120.01 real, 388 MB, 1.00 load
SAT

=> TOTAL COMPLETION TIME (Makespan / UB): 826
Schedule is valid
 Time taken: 120.09 seconds
SAT

=> TOTAL COMPLETION TIME (Makespan / UB): 825
Schedule is valid
 Time taken: 120.94 seconds
SAT

=> TOTAL COMPLETION TIME (Makespan / UB): 824
Schedule is valid
 Time taken: 123.25 seconds
SAT

=> TOTAL COMPLETION TIME (Makespan / UB): 823
Schedule is valid
 Time taken: 128.25 seconds
SAT

=> TOTAL COMPLETION TIME (Makespan / UB): 822
Schedule is valid
 Time taken: 128.90 seconds
[runlim] sample:		129.82 time, 130.01 real, 388 MB, 1.00 load
SAT

=> TOTAL COMPLETION TIME (Makespan / UB): 821
Schedule is valid
 Time taken: 131.99 seconds
SAT

=> TOTAL COMPLETION TIME (Makespan / UB): 820
Schedule is valid
 Time taken: 134.33 seconds
SAT

=> TOTAL COMPLETION TIME (Makespan / UB): 819
Schedule is valid
 Time taken: 136.88 seconds
SAT

=> TOTAL COMPLETION TIME (Makespan / UB): 818
Schedule is valid
 Time taken: 139.30 seconds
SAT

=> TOTAL COMPLETION TIME (Makespan / UB): 817
Schedule is valid
 Time taken: 139.96 seconds
[runlim] sample:		139.82 time, 140.01 real, 387 MB, 1.00 load
SAT

=> TOTAL COMPLETION TIME (Makespan / UB): 816
Schedule is valid
 Time taken: 143.28 seconds
SAT

=> TOTAL COMPLETION TIME (Makespan / UB): 815
Schedule is valid
 Time taken: 144.15 seconds
SAT

=> TOTAL COMPLETION TIME (Makespan / UB): 814
Schedule is valid
 Time taken: 144.69 seconds
SAT

=> TOTAL COMPLETION TIME (Makespan / UB): 813
Schedule is valid
 Time taken: 146.86 seconds
[runlim] sample:		149.82 time, 150.01 real, 388 MB, 1.00 load
SAT

=> TOTAL COMPLETION TIME (Makespan / UB): 812
Schedule is valid
 Time taken: 152.49 seconds
SAT

=> TOTAL COMPLETION TIME (Makespan / UB): 811
Schedule is valid
 Time taken: 155.07 seconds
SAT

=> TOTAL COMPLETION TIME (Makespan / UB): 810
Schedule is valid
 Time taken: 157.93 seconds
[runlim] sample:		159.80 time, 160.01 real, 387 MB, 1.00 load
SAT

=> TOTAL COMPLETION TIME (Makespan / UB): 809
Schedule is valid
 Time taken: 160.92 seconds
SAT

=> TOTAL COMPLETION TIME (Makespan / UB): 808
Schedule is valid
 Time taken: 161.74 seconds
SAT

=> TOTAL COMPLETION TIME (Makespan / UB): 807
Schedule is valid
 Time taken: 162.49 seconds
SAT

=> TOTAL COMPLETION TIME (Makespan / UB): 806
Schedule is valid
 Time taken: 166.13 seconds
[runlim] sample:		169.80 time, 170.01 real, 386 MB, 1.00 load
SAT

=> TOTAL COMPLETION TIME (Makespan / UB): 805
Schedule is valid
 Time taken: 179.10 seconds
[runlim] sample:		179.79 time, 180.01 real, 398 MB, 1.00 load
SAT

=> TOTAL COMPLETION TIME (Makespan / UB): 804
Schedule is valid
 Time taken: 182.24 seconds
SAT

=> TOTAL COMPLETION TIME (Makespan / UB): 803
Schedule is valid
 Time taken: 185.62 seconds
SAT

=> TOTAL COMPLETION TIME (Makespan / UB): 802
Schedule is valid
 Time taken: 188.70 seconds
[runlim] sample:		189.78 time, 190.01 real, 397 MB, 1.00 load
SAT

=> TOTAL COMPLETION TIME (Makespan / UB): 801
Schedule is valid
 Time taken: 192.41 seconds
SAT

=> TOTAL COMPLETION TIME (Makespan / UB): 800
Schedule is valid
 Time taken: 196.40 seconds
[runlim] sample:		199.78 time, 200.01 real, 398 MB, 1.00 load
SAT

=> TOTAL COMPLETION TIME (Makespan / UB): 799
Schedule is valid
 Time taken: 200.62 seconds
SAT

=> TOTAL COMPLETION TIME (Makespan / UB): 798
Schedule is valid
 Time taken: 200.67 seconds
SAT

=> TOTAL COMPLETION TIME (Makespan / UB): 797
Schedule is valid
 Time taken: 203.60 seconds
SAT

=> TOTAL COMPLETION TIME (Makespan / UB): 796
Schedule is valid
 Time taken: 206.72 seconds
[runlim] sample:		209.78 time, 210.01 real, 398 MB, 1.00 load
SAT

=> TOTAL COMPLETION TIME (Makespan / UB): 795
Schedule is valid
 Time taken: 212.18 seconds
SAT

=> TOTAL COMPLETION TIME (Makespan / UB): 794
Schedule is valid
 Time taken: 215.30 seconds
SAT

=> TOTAL COMPLETION TIME (Makespan / UB): 793
Schedule is valid
 Time taken: 218.53 seconds
[runlim] sample:		219.77 time, 220.01 real, 399 MB, 1.00 load
[runlim] sample:		229.76 time, 230.01 real, 352 MB, 1.00 load
SAT

=> TOTAL COMPLETION TIME (Makespan / UB): 792
Schedule is valid
 Time taken: 231.71 seconds
SAT

=> TOTAL COMPLETION TIME (Makespan / UB): 791
Schedule is valid
 Time taken: 235.90 seconds
SAT

=> TOTAL COMPLETION TIME (Makespan / UB): 790
Schedule is valid
 Time taken: 239.60 seconds
[runlim] sample:		239.76 time, 240.01 real, 397 MB, 1.00 load
[runlim] sample:		249.75 time, 250.01 real, 398 MB, 1.00 load
SAT

=> TOTAL COMPLETION TIME (Makespan / UB): 789
Schedule is valid
 Time taken: 259.86 seconds
[runlim] sample:		259.74 time, 260.01 real, 397 MB, 1.00 load
SAT

=> TOTAL COMPLETION TIME (Makespan / UB): 788
Schedule is valid
 Time taken: 260.91 seconds
[runlim] sample:		269.73 time, 270.01 real, 399 MB, 1.00 load
SAT

=> TOTAL COMPLETION TIME (Makespan / UB): 787
Schedule is valid
 Time taken: 275.61 seconds
SAT

=> TOTAL COMPLETION TIME (Makespan / UB): 786
Schedule is valid
 Time taken: 278.68 seconds
[runlim] sample:		279.73 time, 280.01 real, 352 MB, 1.00 load
[runlim] sample:		289.72 time, 290.01 real, 409 MB, 1.00 load
SAT

=> TOTAL COMPLETION TIME (Makespan / UB): 785
Schedule is valid
 Time taken: 294.71 seconds
[runlim] sample:		299.72 time, 300.01 real, 362 MB, 1.00 load
SAT

=> TOTAL COMPLETION TIME (Makespan / UB): 784
Schedule is valid
 Time taken: 308.94 seconds
[runlim] sample:		309.71 time, 310.01 real, 408 MB, 1.00 load
[runlim] sample:		319.71 time, 320.01 real, 408 MB, 1.00 load
[runlim] sample:		329.71 time, 330.01 real, 369 MB, 1.00 load
SAT

=> TOTAL COMPLETION TIME (Makespan / UB): 783
Schedule is valid
 Time taken: 330.48 seconds
[runlim] sample:		339.70 time, 340.01 real, 419 MB, 1.00 load
SAT

=> TOTAL COMPLETION TIME (Makespan / UB): 782
Schedule is valid
 Time taken: 349.10 seconds
[runlim] sample:		349.70 time, 350.01 real, 416 MB, 1.00 load
SAT

=> TOTAL COMPLETION TIME (Makespan / UB): 781
Schedule is valid
 Time taken: 352.90 seconds
[runlim] sample:		359.69 time, 360.01 real, 416 MB, 1.00 load
[runlim] sample:		369.68 time, 370.01 real, 416 MB, 1.00 load
[runlim] sample:		379.68 time, 380.01 real, 419 MB, 1.00 load
[runlim] sample:		389.67 time, 390.01 real, 419 MB, 1.00 load
[runlim] sample:		399.66 time, 400.01 real, 417 MB, 1.00 load
[runlim] sample:		409.66 time, 410.01 real, 417 MB, 1.00 load
SAT

=> TOTAL COMPLETION TIME (Makespan / UB): 780
Schedule is valid
 Time taken: 418.86 seconds
[runlim] sample:		419.65 time, 420.01 real, 369 MB, 1.00 load
[runlim] sample:		429.65 time, 430.01 real, 352 MB, 1.00 load
SAT

=> TOTAL COMPLETION TIME (Makespan / UB): 779
Schedule is valid
 Time taken: 434.49 seconds
SAT

=> TOTAL COMPLETION TIME (Makespan / UB): 778
Schedule is valid
 Time taken: 439.00 seconds
[runlim] sample:		439.64 time, 440.01 real, 352 MB, 1.00 load
[runlim] sample:		449.64 time, 450.01 real, 351 MB, 1.00 load
[runlim] sample:		459.64 time, 460.01 real, 388 MB, 1.00 load
SAT

=> TOTAL COMPLETION TIME (Makespan / UB): 777
Schedule is valid
 Time taken: 467.76 seconds
[runlim] sample:		469.63 time, 470.01 real, 388 MB, 1.08 load
[runlim] sample:		479.62 time, 480.01 real, 392 MB, 1.15 load
SAT

=> TOTAL COMPLETION TIME (Makespan / UB): 776
Schedule is valid
 Time taken: 485.75 seconds
[runlim] sample:		489.62 time, 490.01 real, 388 MB, 1.20 load
[runlim] sample:		499.62 time, 500.01 real, 388 MB, 1.17 load
[runlim] sample:		509.60 time, 510.01 real, 389 MB, 1.14 load
SAT

=> TOTAL COMPLETION TIME (Makespan / UB): 775
Schedule is valid
 Time taken: 510.26 seconds
[runlim] sample:		519.59 time, 520.01 real, 395 MB, 1.12 load
[runlim] sample:		529.60 time, 530.01 real, 399 MB, 1.10 load
SAT

=> TOTAL COMPLETION TIME (Makespan / UB): 774
Schedule is valid
 Time taken: 532.74 seconds
[runlim] sample:		539.58 time, 540.01 real, 399 MB, 1.08 load
[runlim] sample:		549.58 time, 550.01 real, 399 MB, 1.07 load
[runlim] sample:		559.57 time, 560.01 real, 398 MB, 1.06 load
[runlim] sample:		569.57 time, 570.01 real, 398 MB, 1.05 load
[runlim] sample:		579.56 time, 580.01 real, 395 MB, 1.04 load
[runlim] sample:		589.56 time, 590.01 real, 395 MB, 1.04 load
[runlim] sample:		599.55 time, 600.01 real, 395 MB, 1.03 load
[runlim] end:			Sun May  3 19:14:10 2026
[runlim] status:		out of time
[runlim] result:		2
[runlim] children:		1
[runlim] processes:		2
[runlim] real:			601.06 seconds
[runlim] time:			599.55 seconds
[runlim] space:			572 MB
[runlim] load:			1.22 maximum
[runlim] samples:		6000
