[runlim] version:		2.0.0rc12
[runlim] host:			ap-Precision-7550
[runlim] time limit:		311040000 seconds
[runlim] real time limit:	600 seconds
[runlim] space limit:		15624 MB
[runlim] argv[0]:		python3
[runlim] argv[1]:		-u
[runlim] argv[2]:		main.py
[runlim] argv[3]:		datasets/hurink/rdata/la26.txt
[runlim] start:			Sun May  3 19:44:13 2026
[runlim] child:			7459
Greedy Schedule UB: 1247
Building constraints took 5.58 seconds.
[runlim] sample:		9.95 time, 10.01 real, 919 MB, 1.07 load
[runlim] sample:		19.94 time, 20.01 real, 1128 MB, 1.06 load
SAT

=> TOTAL COMPLETION TIME (Makespan / UB): 1246
Schedule is valid
 Time taken: 28.23 seconds
[runlim] sample:		29.93 time, 30.01 real, 1110 MB, 1.05 load
SAT

=> TOTAL COMPLETION TIME (Makespan / UB): 1245
Schedule is valid
 Time taken: 34.71 seconds
[runlim] sample:		39.93 time, 40.01 real, 945 MB, 1.04 load
SAT

=> TOTAL COMPLETION TIME (Makespan / UB): 1244
Schedule is valid
 Time taken: 48.69 seconds
[runlim] sample:		49.92 time, 50.01 real, 921 MB, 1.04 load
SAT

=> TOTAL COMPLETION TIME (Makespan / UB): 1243
Schedule is valid
 Time taken: 53.13 seconds
SAT

=> TOTAL COMPLETION TIME (Makespan / UB): 1242
Schedule is valid
 Time taken: 54.55 seconds
SAT

=> TOTAL COMPLETION TIME (Makespan / UB): 1241
Schedule is valid
 Time taken: 59.54 seconds
[runlim] sample:		59.91 time, 60.01 real, 932 MB, 1.03 load
SAT

=> TOTAL COMPLETION TIME (Makespan / UB): 1240
Schedule is valid
 Time taken: 69.80 seconds
[runlim] sample:		69.91 time, 70.01 real, 940 MB, 1.02 load
SAT

=> TOTAL COMPLETION TIME (Makespan / UB): 1239
Schedule is valid
 Time taken: 73.80 seconds
SAT

=> TOTAL COMPLETION TIME (Makespan / UB): 1238
Schedule is valid
 Time taken: 79.17 seconds
[runlim] sample:		79.90 time, 80.01 real, 939 MB, 1.02 load
SAT

=> TOTAL COMPLETION TIME (Makespan / UB): 1237
Schedule is valid
 Time taken: 80.43 seconds
SAT

=> TOTAL COMPLETION TIME (Makespan / UB): 1236
Schedule is valid
 Time taken: 84.78 seconds
[runlim] sample:		89.90 time, 90.01 real, 949 MB, 1.02 load
SAT

=> TOTAL COMPLETION TIME (Makespan / UB): 1235
Schedule is valid
 Time taken: 95.89 seconds
[runlim] sample:		99.89 time, 100.01 real, 919 MB, 1.01 load
SAT

=> TOTAL COMPLETION TIME (Makespan / UB): 1234
Schedule is valid
 Time taken: 100.52 seconds
SAT

=> TOTAL COMPLETION TIME (Makespan / UB): 1233
Schedule is valid
 Time taken: 105.35 seconds
SAT

=> TOTAL COMPLETION TIME (Makespan / UB): 1232
Schedule is valid
 Time taken: 109.65 seconds
[runlim] sample:		109.88 time, 110.01 real, 929 MB, 1.01 load
SAT

=> TOTAL COMPLETION TIME (Makespan / UB): 1231
Schedule is valid
 Time taken: 113.68 seconds
SAT

=> TOTAL COMPLETION TIME (Makespan / UB): 1230
Schedule is valid
 Time taken: 118.03 seconds
[runlim] sample:		119.88 time, 120.01 real, 928 MB, 1.01 load
SAT

=> TOTAL COMPLETION TIME (Makespan / UB): 1229
Schedule is valid
 Time taken: 120.59 seconds
[runlim] sample:		129.87 time, 130.01 real, 936 MB, 1.01 load
SAT

=> TOTAL COMPLETION TIME (Makespan / UB): 1228
Schedule is valid
 Time taken: 132.00 seconds
SAT

=> TOTAL COMPLETION TIME (Makespan / UB): 1227
Schedule is valid
 Time taken: 136.82 seconds
SAT

=> TOTAL COMPLETION TIME (Makespan / UB): 1226
Schedule is valid
 Time taken: 138.18 seconds
[runlim] sample:		139.87 time, 140.01 real, 934 MB, 1.01 load
SAT

=> TOTAL COMPLETION TIME (Makespan / UB): 1225
Schedule is valid
 Time taken: 143.23 seconds
SAT

=> TOTAL COMPLETION TIME (Makespan / UB): 1224
Schedule is valid
 Time taken: 147.20 seconds
[runlim] sample:		149.85 time, 150.01 real, 934 MB, 1.00 load
SAT

=> TOTAL COMPLETION TIME (Makespan / UB): 1223
Schedule is valid
 Time taken: 152.74 seconds
SAT

=> TOTAL COMPLETION TIME (Makespan / UB): 1222
Schedule is valid
 Time taken: 154.27 seconds
SAT

=> TOTAL COMPLETION TIME (Makespan / UB): 1221
Schedule is valid
 Time taken: 158.63 seconds
[runlim] sample:		159.86 time, 160.01 real, 934 MB, 1.00 load
[runlim] sample:		169.85 time, 170.01 real, 945 MB, 1.08 load
SAT

=> TOTAL COMPLETION TIME (Makespan / UB): 1220
Schedule is valid
 Time taken: 170.70 seconds
SAT

=> TOTAL COMPLETION TIME (Makespan / UB): 1219
Schedule is valid
 Time taken: 175.86 seconds
SAT

=> TOTAL COMPLETION TIME (Makespan / UB): 1218
Schedule is valid
 Time taken: 177.55 seconds
SAT

=> TOTAL COMPLETION TIME (Makespan / UB): 1217
Schedule is valid
 Time taken: 179.20 seconds
[runlim] sample:		179.84 time, 180.01 real, 945 MB, 1.06 load
SAT

=> TOTAL COMPLETION TIME (Makespan / UB): 1216
Schedule is valid
 Time taken: 185.21 seconds
[runlim] sample:		189.83 time, 190.01 real, 944 MB, 1.05 load
SAT

=> TOTAL COMPLETION TIME (Makespan / UB): 1215
Schedule is valid
 Time taken: 190.44 seconds
SAT

=> TOTAL COMPLETION TIME (Makespan / UB): 1214
Schedule is valid
 Time taken: 195.32 seconds
SAT

=> TOTAL COMPLETION TIME (Makespan / UB): 1213
Schedule is valid
 Time taken: 196.99 seconds
[runlim] sample:		199.83 time, 200.01 real, 943 MB, 1.05 load
SAT

=> TOTAL COMPLETION TIME (Makespan / UB): 1212
Schedule is valid
 Time taken: 202.70 seconds
SAT

=> TOTAL COMPLETION TIME (Makespan / UB): 1211
Schedule is valid
 Time taken: 203.21 seconds
[runlim] sample:		209.82 time, 210.01 real, 958 MB, 1.19 load
SAT

=> TOTAL COMPLETION TIME (Makespan / UB): 1210
Schedule is valid
 Time taken: 216.21 seconds
[runlim] sample:		219.81 time, 220.01 real, 880 MB, 1.16 load
SAT

=> TOTAL COMPLETION TIME (Makespan / UB): 1209
Schedule is valid
 Time taken: 221.67 seconds
SAT

=> TOTAL COMPLETION TIME (Makespan / UB): 1208
Schedule is valid
 Time taken: 227.14 seconds
SAT

=> TOTAL COMPLETION TIME (Makespan / UB): 1207
Schedule is valid
 Time taken: 229.54 seconds
[runlim] sample:		229.81 time, 230.01 real, 894 MB, 1.14 load
SAT

=> TOTAL COMPLETION TIME (Makespan / UB): 1206
Schedule is valid
 Time taken: 234.03 seconds
SAT

=> TOTAL COMPLETION TIME (Makespan / UB): 1205
Schedule is valid
 Time taken: 239.94 seconds
[runlim] sample:		239.80 time, 240.01 real, 893 MB, 1.12 load
SAT

=> TOTAL COMPLETION TIME (Makespan / UB): 1204
Schedule is valid
 Time taken: 245.97 seconds
[runlim] sample:		249.79 time, 250.01 real, 907 MB, 1.10 load
SAT

=> TOTAL COMPLETION TIME (Makespan / UB): 1203
Schedule is valid
 Time taken: 251.23 seconds
SAT

=> TOTAL COMPLETION TIME (Makespan / UB): 1202
Schedule is valid
 Time taken: 256.92 seconds
[runlim] sample:		259.78 time, 260.01 real, 973 MB, 1.08 load
[runlim] sample:		269.77 time, 270.01 real, 939 MB, 1.07 load
SAT

=> TOTAL COMPLETION TIME (Makespan / UB): 1201
Schedule is valid
 Time taken: 272.17 seconds
SAT

=> TOTAL COMPLETION TIME (Makespan / UB): 1200
Schedule is valid
 Time taken: 277.94 seconds
[runlim] sample:		279.77 time, 280.01 real, 939 MB, 1.06 load
SAT

=> TOTAL COMPLETION TIME (Makespan / UB): 1199
Schedule is valid
 Time taken: 282.86 seconds
SAT

=> TOTAL COMPLETION TIME (Makespan / UB): 1198
Schedule is valid
 Time taken: 288.25 seconds
[runlim] sample:		289.76 time, 290.01 real, 939 MB, 1.20 load
SAT

=> TOTAL COMPLETION TIME (Makespan / UB): 1197
Schedule is valid
 Time taken: 294.33 seconds
SAT
[runlim] sample:		299.75 time, 300.01 real, 940 MB, 1.17 load

=> TOTAL COMPLETION TIME (Makespan / UB): 1196
Schedule is valid
 Time taken: 300.00 seconds
SAT

=> TOTAL COMPLETION TIME (Makespan / UB): 1195
Schedule is valid
 Time taken: 305.10 seconds
[runlim] sample:		309.74 time, 310.01 real, 937 MB, 1.14 load
SAT

=> TOTAL COMPLETION TIME (Makespan / UB): 1194
Schedule is valid
 Time taken: 311.05 seconds
SAT

=> TOTAL COMPLETION TIME (Makespan / UB): 1193
Schedule is valid
 Time taken: 316.09 seconds
[runlim] sample:		319.73 time, 320.01 real, 937 MB, 1.12 load
SAT

=> TOTAL COMPLETION TIME (Makespan / UB): 1192
Schedule is valid
 Time taken: 329.09 seconds
[runlim] sample:		329.73 time, 330.01 real, 875 MB, 1.10 load
SAT

=> TOTAL COMPLETION TIME (Makespan / UB): 1191
Schedule is valid
 Time taken: 334.09 seconds
SAT

=> TOTAL COMPLETION TIME (Makespan / UB): 1190
Schedule is valid
 Time taken: 337.21 seconds
SAT

=> TOTAL COMPLETION TIME (Makespan / UB): 1189
Schedule is valid
 Time taken: 338.75 seconds
[runlim] sample:		339.72 time, 340.01 real, 888 MB, 1.08 load
SAT

=> TOTAL COMPLETION TIME (Makespan / UB): 1188
Schedule is valid
 Time taken: 344.75 seconds
SAT

=> TOTAL COMPLETION TIME (Makespan / UB): 1187
Schedule is valid
 Time taken: 349.42 seconds
[runlim] sample:		349.71 time, 350.01 real, 888 MB, 1.07 load
SAT

=> TOTAL COMPLETION TIME (Makespan / UB): 1186
Schedule is valid
 Time taken: 354.73 seconds
SAT

=> TOTAL COMPLETION TIME (Makespan / UB): 1185
Schedule is valid
 Time taken: 355.24 seconds
[runlim] sample:		359.71 time, 360.01 real, 888 MB, 1.06 load
SAT

=> TOTAL COMPLETION TIME (Makespan / UB): 1184
Schedule is valid
 Time taken: 361.47 seconds
SAT

=> TOTAL COMPLETION TIME (Makespan / UB): 1183
Schedule is valid
 Time taken: 366.38 seconds
[runlim] sample:		369.70 time, 370.01 real, 904 MB, 1.05 load
SAT

=> TOTAL COMPLETION TIME (Makespan / UB): 1182
Schedule is valid
 Time taken: 371.09 seconds
SAT

=> TOTAL COMPLETION TIME (Makespan / UB): 1181
Schedule is valid
 Time taken: 378.34 seconds
[runlim] sample:		379.70 time, 380.01 real, 921 MB, 1.04 load
SAT

=> TOTAL COMPLETION TIME (Makespan / UB): 1180
Schedule is valid
 Time taken: 389.36 seconds
[runlim] sample:		389.69 time, 390.01 real, 858 MB, 1.03 load
SAT

=> TOTAL COMPLETION TIME (Makespan / UB): 1179
Schedule is valid
 Time taken: 394.34 seconds
[runlim] sample:		399.68 time, 400.01 real, 933 MB, 1.03 load
SAT

=> TOTAL COMPLETION TIME (Makespan / UB): 1178
Schedule is valid
 Time taken: 400.45 seconds
SAT

=> TOTAL COMPLETION TIME (Makespan / UB): 1177
Schedule is valid
 Time taken: 406.18 seconds
[runlim] sample:		409.67 time, 410.01 real, 887 MB, 1.02 load
[runlim] sample:		419.67 time, 420.01 real, 932 MB, 1.02 load
SAT

=> TOTAL COMPLETION TIME (Makespan / UB): 1176
Schedule is valid
 Time taken: 428.26 seconds
SAT

=> TOTAL COMPLETION TIME (Makespan / UB): 1175
Schedule is valid
 Time taken: 428.75 seconds
SAT

=> TOTAL COMPLETION TIME (Makespan / UB): 1174
Schedule is valid
 Time taken: 429.26 seconds
SAT

=> TOTAL COMPLETION TIME (Makespan / UB): 1173
Schedule is valid
 Time taken: 429.67 seconds
[runlim] sample:		429.66 time, 430.01 real, 902 MB, 1.02 load
SAT

=> TOTAL COMPLETION TIME (Makespan / UB): 1172
Schedule is valid
 Time taken: 436.48 seconds
[runlim] sample:		439.65 time, 440.01 real, 826 MB, 1.09 load
[runlim] sample:		449.64 time, 450.01 real, 855 MB, 1.08 load
[runlim] sample:		459.64 time, 460.01 real, 914 MB, 1.07 load
SAT

=> TOTAL COMPLETION TIME (Makespan / UB): 1171
Schedule is valid
 Time taken: 464.51 seconds
SAT

=> TOTAL COMPLETION TIME (Makespan / UB): 1170
Schedule is valid
 Time taken: 465.02 seconds
[runlim] sample:		469.64 time, 470.01 real, 856 MB, 1.06 load
[runlim] sample:		479.63 time, 480.01 real, 901 MB, 1.05 load
SAT

=> TOTAL COMPLETION TIME (Makespan / UB): 1169
Schedule is valid
 Time taken: 487.32 seconds
[runlim] sample:		489.62 time, 490.01 real, 901 MB, 1.04 load
[runlim] sample:		499.62 time, 500.01 real, 900 MB, 1.03 load
SAT

=> TOTAL COMPLETION TIME (Makespan / UB): 1168
Schedule is valid
 Time taken: 506.61 seconds
[runlim] sample:		509.61 time, 510.01 real, 886 MB, 1.03 load
SAT

=> TOTAL COMPLETION TIME (Makespan / UB): 1167
Schedule is valid
 Time taken: 512.68 seconds
[runlim] sample:		519.60 time, 520.01 real, 901 MB, 1.10 load
[runlim] sample:		529.60 time, 530.01 real, 894 MB, 1.08 load
[runlim] sample:		539.59 time, 540.01 real, 899 MB, 1.07 load
SAT

=> TOTAL COMPLETION TIME (Makespan / UB): 1166
Schedule is valid
 Time taken: 543.35 seconds
SAT

=> TOTAL COMPLETION TIME (Makespan / UB): 1165
Schedule is valid
 Time taken: 543.86 seconds
SAT

=> TOTAL COMPLETION TIME (Makespan / UB): 1164
Schedule is valid
 Time taken: 549.48 seconds
[runlim] sample:		549.59 time, 550.01 real, 855 MB, 1.06 load
[runlim] sample:		559.58 time, 560.01 real, 885 MB, 1.05 load
SAT

=> TOTAL COMPLETION TIME (Makespan / UB): 1163
Schedule is valid
 Time taken: 568.55 seconds
[runlim] sample:		569.57 time, 570.01 real, 885 MB, 1.04 load
SAT

=> TOTAL COMPLETION TIME (Makespan / UB): 1162
Schedule is valid
 Time taken: 575.73 seconds
[runlim] sample:		579.57 time, 580.01 real, 885 MB, 1.03 load
[runlim] sample:		589.56 time, 590.01 real, 885 MB, 1.03 load
[runlim] sample:		599.55 time, 600.01 real, 884 MB, 1.02 load
[runlim] end:			Sun May  3 19:54:14 2026
[runlim] status:		out of time
[runlim] result:		2
[runlim] children:		1
[runlim] processes:		2
[runlim] real:			601.06 seconds
[runlim] time:			599.55 seconds
[runlim] space:			1172 MB
[runlim] load:			1.21 maximum
[runlim] samples:		6000
