[runlim] version:		2.0.0rc12
[runlim] host:			ap-Precision-7550
[runlim] time limit:		311040000 seconds
[runlim] real time limit:	600 seconds
[runlim] space limit:		15624 MB
[runlim] argv[0]:		python3
[runlim] argv[1]:		-u
[runlim] argv[2]:		main.py
[runlim] argv[3]:		datasets/hurink/rdata/la34.txt
[runlim] start:			Sun May  3 21:04:21 2026
[runlim] child:			7743
Greedy Schedule UB: 1646
[runlim] sample:		9.95 time, 10.01 real, 1105 MB, 1.03 load
[runlim] sample:		19.94 time, 20.01 real, 1920 MB, 1.02 load
Building constraints took 21.60 seconds.
[runlim] sample:		29.94 time, 30.01 real, 3094 MB, 1.02 load
[runlim] sample:		39.93 time, 40.01 real, 3452 MB, 1.10 load
[runlim] sample:		49.93 time, 50.01 real, 3251 MB, 1.08 load
[runlim] sample:		59.92 time, 60.01 real, 3186 MB, 1.07 load
[runlim] sample:		69.91 time, 70.01 real, 3955 MB, 1.06 load
[runlim] sample:		79.91 time, 80.01 real, 3031 MB, 1.05 load
[runlim] sample:		89.90 time, 90.01 real, 3764 MB, 1.04 load
[runlim] sample:		99.90 time, 100.01 real, 3032 MB, 1.03 load
[runlim] sample:		109.90 time, 110.01 real, 3227 MB, 1.11 load
[runlim] sample:		119.89 time, 120.01 real, 3032 MB, 1.09 load
[runlim] sample:		129.88 time, 130.01 real, 3033 MB, 1.08 load
[runlim] sample:		139.88 time, 140.01 real, 3902 MB, 1.06 load
[runlim] sample:		149.88 time, 150.01 real, 3229 MB, 1.05 load
[runlim] sample:		159.87 time, 160.01 real, 3036 MB, 1.05 load
[runlim] sample:		169.86 time, 170.01 real, 3036 MB, 1.12 load
[runlim] sample:		179.85 time, 180.01 real, 3770 MB, 1.18 load
[runlim] sample:		189.85 time, 190.01 real, 3036 MB, 1.23 load
[runlim] sample:		199.84 time, 200.01 real, 3036 MB, 1.19 load
[runlim] sample:		209.84 time, 210.01 real, 3770 MB, 1.16 load
[runlim] sample:		219.84 time, 220.01 real, 3036 MB, 1.14 load
[runlim] sample:		229.83 time, 230.01 real, 3231 MB, 1.19 load
[runlim] sample:		239.83 time, 240.01 real, 3036 MB, 1.16 load
[runlim] sample:		249.82 time, 250.01 real, 3036 MB, 1.22 load
[runlim] sample:		259.82 time, 260.01 real, 3036 MB, 1.19 load
[runlim] sample:		269.81 time, 270.01 real, 3771 MB, 1.31 load
SAT

=> TOTAL COMPLETION TIME (Makespan / UB): 1645
Schedule is valid
 Time taken: 271.04 seconds
[runlim] sample:		279.80 time, 280.01 real, 3011 MB, 1.26 load
[runlim] sample:		289.80 time, 290.01 real, 3011 MB, 1.22 load
[runlim] sample:		299.79 time, 300.01 real, 3011 MB, 1.27 load
[runlim] sample:		309.79 time, 310.01 real, 3206 MB, 1.23 load
[runlim] sample:		319.78 time, 320.01 real, 3011 MB, 1.27 load
[runlim] sample:		329.78 time, 330.01 real, 3009 MB, 1.23 load
SAT

=> TOTAL COMPLETION TIME (Makespan / UB): 1644
Schedule is valid
 Time taken: 337.37 seconds
[runlim] sample:		339.78 time, 340.01 real, 3013 MB, 1.19 load
[runlim] sample:		349.77 time, 350.01 real, 3013 MB, 1.16 load
[runlim] sample:		359.77 time, 360.01 real, 3011 MB, 1.14 load
[runlim] sample:		369.76 time, 370.01 real, 3011 MB, 1.12 load
[runlim] sample:		379.75 time, 380.01 real, 3011 MB, 1.18 load
[runlim] sample:		389.75 time, 390.01 real, 3142 MB, 1.15 load
[runlim] sample:		399.75 time, 400.01 real, 3012 MB, 1.13 load
SAT

=> TOTAL COMPLETION TIME (Makespan / UB): 1643
Schedule is valid
 Time taken: 406.68 seconds
[runlim] sample:		409.74 time, 410.01 real, 3015 MB, 1.11 load
[runlim] sample:		419.73 time, 420.01 real, 3015 MB, 1.09 load
[runlim] sample:		429.72 time, 430.01 real, 3012 MB, 1.08 load
[runlim] sample:		439.72 time, 440.01 real, 3012 MB, 1.06 load
[runlim] sample:		449.71 time, 450.01 real, 3013 MB, 1.13 load
[runlim] sample:		459.71 time, 460.01 real, 3142 MB, 1.11 load
[runlim] sample:		469.71 time, 470.01 real, 3013 MB, 1.18 load
[runlim] sample:		479.70 time, 480.01 real, 3013 MB, 1.15 load
[runlim] sample:		489.69 time, 490.01 real, 3013 MB, 1.12 load
[runlim] sample:		499.69 time, 500.01 real, 3013 MB, 1.11 load
[runlim] sample:		509.68 time, 510.01 real, 3013 MB, 1.09 load
[runlim] sample:		519.68 time, 520.01 real, 3013 MB, 1.07 load
[runlim] sample:		529.68 time, 530.01 real, 3011 MB, 1.06 load
[runlim] sample:		539.67 time, 540.01 real, 3011 MB, 1.05 load
[runlim] sample:		549.67 time, 550.01 real, 3011 MB, 1.12 load
[runlim] sample:		559.66 time, 560.01 real, 3011 MB, 1.10 load
[runlim] sample:		569.65 time, 570.01 real, 3011 MB, 1.09 load
[runlim] sample:		579.65 time, 580.01 real, 3141 MB, 1.07 load
[runlim] sample:		589.65 time, 590.01 real, 3011 MB, 1.14 load
SAT

=> TOTAL COMPLETION TIME (Makespan / UB): 1642
Schedule is valid
 Time taken: 597.86 seconds
[runlim] sample:		599.64 time, 600.01 real, 3011 MB, 1.20 load
[runlim] end:			Sun May  3 21:14:22 2026
[runlim] status:		out of time
[runlim] result:		2
[runlim] children:		1
[runlim] processes:		2
[runlim] real:			601.06 seconds
[runlim] time:			599.64 seconds
[runlim] space:			4002 MB
[runlim] load:			1.31 maximum
[runlim] samples:		6000
