[runlim] version:		2.0.0rc12
[runlim] host:			ap-Precision-7550
[runlim] time limit:		311040000 seconds
[runlim] real time limit:	600 seconds
[runlim] space limit:		15624 MB
[runlim] argv[0]:		python3
[runlim] argv[1]:		-u
[runlim] argv[2]:		main.py
[runlim] argv[3]:		datasets/hurink/rdata/mt06.txt
[runlim] start:			Sun May  3 21:55:35 2026
[runlim] child:			7903
Greedy Schedule UB: 56
Building constraints took 0.06 seconds.
SAT

=> TOTAL COMPLETION TIME (Makespan / UB): 55
Schedule is valid
 Time taken: 0.06 seconds
SAT

=> TOTAL COMPLETION TIME (Makespan / UB): 54
Schedule is valid
 Time taken: 0.07 seconds
SAT

=> TOTAL COMPLETION TIME (Makespan / UB): 53
Schedule is valid
 Time taken: 0.07 seconds
SAT

=> TOTAL COMPLETION TIME (Makespan / UB): 52
Schedule is valid
 Time taken: 0.07 seconds
SAT

=> TOTAL COMPLETION TIME (Makespan / UB): 51
Schedule is valid
 Time taken: 0.07 seconds
SAT

=> TOTAL COMPLETION TIME (Makespan / UB): 50
Schedule is valid
 Time taken: 0.07 seconds
SAT

=> TOTAL COMPLETION TIME (Makespan / UB): 49
Schedule is valid
 Time taken: 0.07 seconds
SAT

=> TOTAL COMPLETION TIME (Makespan / UB): 48
Schedule is valid
 Time taken: 0.07 seconds
SAT

=> TOTAL COMPLETION TIME (Makespan / UB): 47
Schedule is valid
 Time taken: 0.07 seconds
UNSAT
status: optimal
[runlim] end:			Sun May  3 21:55:35 2026
[runlim] status:		ok
[runlim] result:		0
[runlim] children:		0
[runlim] processes:		0
[runlim] real:			0.10 seconds
[runlim] time:			0.00 seconds
[runlim] space:			0 MB
[runlim] load:			1.07 maximum
[runlim] samples:		1
