[runlim] version:		2.0.0rc12
[runlim] host:			ap-Precision-7550
[runlim] time limit:		311040000 seconds
[runlim] real time limit:	600 seconds
[runlim] space limit:		15624 MB
[runlim] argv[0]:		python3
[runlim] argv[1]:		-u
[runlim] argv[2]:		main.py
[runlim] argv[3]:		datasets/hurink/rdata/orb2.txt
[runlim] start:			Sun May  3 22:06:02 2026
[runlim] child:			7938
Greedy Schedule UB: 980
Building constraints took 0.89 seconds.
SAT

=> TOTAL COMPLETION TIME (Makespan / UB): 979
Schedule is valid
 Time taken: 1.02 seconds
SAT

=> TOTAL COMPLETION TIME (Makespan / UB): 978
Schedule is valid
 Time taken: 1.05 seconds
SAT

=> TOTAL COMPLETION TIME (Makespan / UB): 977
Schedule is valid
 Time taken: 1.11 seconds
SAT

=> TOTAL COMPLETION TIME (Makespan / UB): 976
Schedule is valid
 Time taken: 1.14 seconds
SAT

=> TOTAL COMPLETION TIME (Makespan / UB): 975
Schedule is valid
 Time taken: 1.16 seconds
SAT

=> TOTAL COMPLETION TIME (Makespan / UB): 974
Schedule is valid
 Time taken: 1.19 seconds
SAT

=> TOTAL COMPLETION TIME (Makespan / UB): 973
Schedule is valid
 Time taken: 1.21 seconds
SAT

=> TOTAL COMPLETION TIME (Makespan / UB): 972
Schedule is valid
 Time taken: 1.24 seconds
SAT

=> TOTAL COMPLETION TIME (Makespan / UB): 971
Schedule is valid
 Time taken: 1.26 seconds
SAT

=> TOTAL COMPLETION TIME (Makespan / UB): 970
Schedule is valid
 Time taken: 1.29 seconds
SAT

=> TOTAL COMPLETION TIME (Makespan / UB): 969
Schedule is valid
 Time taken: 1.31 seconds
SAT

=> TOTAL COMPLETION TIME (Makespan / UB): 968
Schedule is valid
 Time taken: 1.34 seconds
SAT

=> TOTAL COMPLETION TIME (Makespan / UB): 967
Schedule is valid
 Time taken: 1.36 seconds
SAT

=> TOTAL COMPLETION TIME (Makespan / UB): 966
Schedule is valid
 Time taken: 1.39 seconds
SAT

=> TOTAL COMPLETION TIME (Makespan / UB): 965
Schedule is valid
 Time taken: 1.41 seconds
SAT

=> TOTAL COMPLETION TIME (Makespan / UB): 964
Schedule is valid
 Time taken: 1.44 seconds
SAT

=> TOTAL COMPLETION TIME (Makespan / UB): 963
Schedule is valid
 Time taken: 1.46 seconds
SAT

=> TOTAL COMPLETION TIME (Makespan / UB): 962
Schedule is valid
 Time taken: 1.49 seconds
SAT

=> TOTAL COMPLETION TIME (Makespan / UB): 961
Schedule is valid
 Time taken: 1.51 seconds
SAT

=> TOTAL COMPLETION TIME (Makespan / UB): 960
Schedule is valid
 Time taken: 1.54 seconds
SAT

=> TOTAL COMPLETION TIME (Makespan / UB): 959
Schedule is valid
 Time taken: 1.56 seconds
SAT

=> TOTAL COMPLETION TIME (Makespan / UB): 958
Schedule is valid
 Time taken: 1.59 seconds
SAT

=> TOTAL COMPLETION TIME (Makespan / UB): 957
Schedule is valid
 Time taken: 1.61 seconds
SAT

=> TOTAL COMPLETION TIME (Makespan / UB): 956
Schedule is valid
 Time taken: 1.64 seconds
SAT

=> TOTAL COMPLETION TIME (Makespan / UB): 955
Schedule is valid
 Time taken: 1.66 seconds
SAT

=> TOTAL COMPLETION TIME (Makespan / UB): 954
Schedule is valid
 Time taken: 1.69 seconds
SAT

=> TOTAL COMPLETION TIME (Makespan / UB): 953
Schedule is valid
 Time taken: 1.71 seconds
SAT

=> TOTAL COMPLETION TIME (Makespan / UB): 952
Schedule is valid
 Time taken: 1.74 seconds
SAT

=> TOTAL COMPLETION TIME (Makespan / UB): 951
Schedule is valid
 Time taken: 1.76 seconds
SAT

=> TOTAL COMPLETION TIME (Makespan / UB): 950
Schedule is valid
 Time taken: 1.79 seconds
SAT

=> TOTAL COMPLETION TIME (Makespan / UB): 949
Schedule is valid
 Time taken: 1.81 seconds
SAT

=> TOTAL COMPLETION TIME (Makespan / UB): 948
Schedule is valid
 Time taken: 1.84 seconds
SAT

=> TOTAL COMPLETION TIME (Makespan / UB): 947
Schedule is valid
 Time taken: 1.86 seconds
SAT

=> TOTAL COMPLETION TIME (Makespan / UB): 946
Schedule is valid
 Time taken: 1.89 seconds
SAT

=> TOTAL COMPLETION TIME (Makespan / UB): 945
Schedule is valid
 Time taken: 1.91 seconds
SAT

=> TOTAL COMPLETION TIME (Makespan / UB): 944
Schedule is valid
 Time taken: 1.94 seconds
SAT

=> TOTAL COMPLETION TIME (Makespan / UB): 943
Schedule is valid
 Time taken: 1.96 seconds
SAT

=> TOTAL COMPLETION TIME (Makespan / UB): 942
Schedule is valid
 Time taken: 1.99 seconds
SAT

=> TOTAL COMPLETION TIME (Makespan / UB): 941
Schedule is valid
 Time taken: 2.01 seconds
SAT

=> TOTAL COMPLETION TIME (Makespan / UB): 940
Schedule is valid
 Time taken: 2.04 seconds
SAT

=> TOTAL COMPLETION TIME (Makespan / UB): 939
Schedule is valid
 Time taken: 2.06 seconds
SAT

=> TOTAL COMPLETION TIME (Makespan / UB): 938
Schedule is valid
 Time taken: 2.09 seconds
SAT

=> TOTAL COMPLETION TIME (Makespan / UB): 937
Schedule is valid
 Time taken: 2.11 seconds
SAT

=> TOTAL COMPLETION TIME (Makespan / UB): 936
Schedule is valid
 Time taken: 2.14 seconds
SAT

=> TOTAL COMPLETION TIME (Makespan / UB): 935
Schedule is valid
 Time taken: 2.16 seconds
SAT

=> TOTAL COMPLETION TIME (Makespan / UB): 934
Schedule is valid
 Time taken: 2.19 seconds
SAT

=> TOTAL COMPLETION TIME (Makespan / UB): 933
Schedule is valid
 Time taken: 2.21 seconds
SAT

=> TOTAL COMPLETION TIME (Makespan / UB): 932
Schedule is valid
 Time taken: 2.24 seconds
SAT

=> TOTAL COMPLETION TIME (Makespan / UB): 931
Schedule is valid
 Time taken: 2.26 seconds
SAT

=> TOTAL COMPLETION TIME (Makespan / UB): 930
Schedule is valid
 Time taken: 2.29 seconds
SAT

=> TOTAL COMPLETION TIME (Makespan / UB): 929
Schedule is valid
 Time taken: 2.31 seconds
SAT

=> TOTAL COMPLETION TIME (Makespan / UB): 928
Schedule is valid
 Time taken: 2.34 seconds
SAT

=> TOTAL COMPLETION TIME (Makespan / UB): 927
Schedule is valid
 Time taken: 2.36 seconds
SAT

=> TOTAL COMPLETION TIME (Makespan / UB): 926
Schedule is valid
 Time taken: 2.38 seconds
SAT

=> TOTAL COMPLETION TIME (Makespan / UB): 925
Schedule is valid
 Time taken: 2.41 seconds
SAT

=> TOTAL COMPLETION TIME (Makespan / UB): 924
Schedule is valid
 Time taken: 2.43 seconds
SAT

=> TOTAL COMPLETION TIME (Makespan / UB): 923
Schedule is valid
 Time taken: 2.46 seconds
SAT

=> TOTAL COMPLETION TIME (Makespan / UB): 922
Schedule is valid
 Time taken: 2.48 seconds
SAT

=> TOTAL COMPLETION TIME (Makespan / UB): 921
Schedule is valid
 Time taken: 2.51 seconds
SAT

=> TOTAL COMPLETION TIME (Makespan / UB): 920
Schedule is valid
 Time taken: 2.53 seconds
SAT

=> TOTAL COMPLETION TIME (Makespan / UB): 919
Schedule is valid
 Time taken: 2.55 seconds
SAT

=> TOTAL COMPLETION TIME (Makespan / UB): 918
Schedule is valid
 Time taken: 2.58 seconds
SAT

=> TOTAL COMPLETION TIME (Makespan / UB): 917
Schedule is valid
 Time taken: 2.60 seconds
SAT

=> TOTAL COMPLETION TIME (Makespan / UB): 916
Schedule is valid
 Time taken: 2.63 seconds
SAT

=> TOTAL COMPLETION TIME (Makespan / UB): 915
Schedule is valid
 Time taken: 2.65 seconds
SAT

=> TOTAL COMPLETION TIME (Makespan / UB): 914
Schedule is valid
 Time taken: 2.67 seconds
SAT

=> TOTAL COMPLETION TIME (Makespan / UB): 913
Schedule is valid
 Time taken: 2.70 seconds
SAT

=> TOTAL COMPLETION TIME (Makespan / UB): 912
Schedule is valid
 Time taken: 2.72 seconds
SAT

=> TOTAL COMPLETION TIME (Makespan / UB): 911
Schedule is valid
 Time taken: 2.74 seconds
SAT

=> TOTAL COMPLETION TIME (Makespan / UB): 910
Schedule is valid
 Time taken: 2.77 seconds
SAT

=> TOTAL COMPLETION TIME (Makespan / UB): 909
Schedule is valid
 Time taken: 2.79 seconds
SAT

=> TOTAL COMPLETION TIME (Makespan / UB): 908
Schedule is valid
 Time taken: 2.82 seconds
SAT

=> TOTAL COMPLETION TIME (Makespan / UB): 907
Schedule is valid
 Time taken: 2.84 seconds
SAT

=> TOTAL COMPLETION TIME (Makespan / UB): 906
Schedule is valid
 Time taken: 2.86 seconds
SAT

=> TOTAL COMPLETION TIME (Makespan / UB): 905
Schedule is valid
 Time taken: 2.89 seconds
SAT

=> TOTAL COMPLETION TIME (Makespan / UB): 904
Schedule is valid
 Time taken: 2.91 seconds
SAT

=> TOTAL COMPLETION TIME (Makespan / UB): 903
Schedule is valid
 Time taken: 2.93 seconds
SAT

=> TOTAL COMPLETION TIME (Makespan / UB): 902
Schedule is valid
 Time taken: 2.96 seconds
SAT

=> TOTAL COMPLETION TIME (Makespan / UB): 901
Schedule is valid
 Time taken: 2.98 seconds
SAT

=> TOTAL COMPLETION TIME (Makespan / UB): 900
Schedule is valid
 Time taken: 3.00 seconds
SAT

=> TOTAL COMPLETION TIME (Makespan / UB): 899
Schedule is valid
 Time taken: 3.03 seconds
SAT

=> TOTAL COMPLETION TIME (Makespan / UB): 898
Schedule is valid
 Time taken: 3.05 seconds
SAT

=> TOTAL COMPLETION TIME (Makespan / UB): 897
Schedule is valid
 Time taken: 3.07 seconds
SAT

=> TOTAL COMPLETION TIME (Makespan / UB): 896
Schedule is valid
 Time taken: 3.10 seconds
SAT

=> TOTAL COMPLETION TIME (Makespan / UB): 895
Schedule is valid
 Time taken: 3.12 seconds
SAT

=> TOTAL COMPLETION TIME (Makespan / UB): 894
Schedule is valid
 Time taken: 3.14 seconds
SAT

=> TOTAL COMPLETION TIME (Makespan / UB): 893
Schedule is valid
 Time taken: 3.17 seconds
SAT

=> TOTAL COMPLETION TIME (Makespan / UB): 892
Schedule is valid
 Time taken: 3.19 seconds
SAT

=> TOTAL COMPLETION TIME (Makespan / UB): 891
Schedule is valid
 Time taken: 3.22 seconds
SAT

=> TOTAL COMPLETION TIME (Makespan / UB): 890
Schedule is valid
 Time taken: 3.24 seconds
SAT

=> TOTAL COMPLETION TIME (Makespan / UB): 889
Schedule is valid
 Time taken: 3.26 seconds
SAT

=> TOTAL COMPLETION TIME (Makespan / UB): 888
Schedule is valid
 Time taken: 3.32 seconds
SAT

=> TOTAL COMPLETION TIME (Makespan / UB): 887
Schedule is valid
 Time taken: 3.34 seconds
SAT

=> TOTAL COMPLETION TIME (Makespan / UB): 886
Schedule is valid
 Time taken: 3.36 seconds
SAT

=> TOTAL COMPLETION TIME (Makespan / UB): 885
Schedule is valid
 Time taken: 3.39 seconds
SAT

=> TOTAL COMPLETION TIME (Makespan / UB): 884
Schedule is valid
 Time taken: 3.41 seconds
SAT

=> TOTAL COMPLETION TIME (Makespan / UB): 883
Schedule is valid
 Time taken: 3.43 seconds
SAT

=> TOTAL COMPLETION TIME (Makespan / UB): 882
Schedule is valid
 Time taken: 3.46 seconds
SAT

=> TOTAL COMPLETION TIME (Makespan / UB): 881
Schedule is valid
 Time taken: 3.48 seconds
SAT

=> TOTAL COMPLETION TIME (Makespan / UB): 880
Schedule is valid
 Time taken: 3.50 seconds
SAT

=> TOTAL COMPLETION TIME (Makespan / UB): 879
Schedule is valid
 Time taken: 3.53 seconds
SAT

=> TOTAL COMPLETION TIME (Makespan / UB): 878
Schedule is valid
 Time taken: 3.55 seconds
SAT

=> TOTAL COMPLETION TIME (Makespan / UB): 877
Schedule is valid
 Time taken: 3.57 seconds
SAT

=> TOTAL COMPLETION TIME (Makespan / UB): 876
Schedule is valid
 Time taken: 3.60 seconds
SAT

=> TOTAL COMPLETION TIME (Makespan / UB): 875
Schedule is valid
 Time taken: 3.62 seconds
SAT

=> TOTAL COMPLETION TIME (Makespan / UB): 874
Schedule is valid
 Time taken: 3.65 seconds
SAT

=> TOTAL COMPLETION TIME (Makespan / UB): 873
Schedule is valid
 Time taken: 3.67 seconds
SAT

=> TOTAL COMPLETION TIME (Makespan / UB): 872
Schedule is valid
 Time taken: 3.69 seconds
SAT

=> TOTAL COMPLETION TIME (Makespan / UB): 871
Schedule is valid
 Time taken: 3.72 seconds
SAT

=> TOTAL COMPLETION TIME (Makespan / UB): 870
Schedule is valid
 Time taken: 3.74 seconds
SAT

=> TOTAL COMPLETION TIME (Makespan / UB): 869
Schedule is valid
 Time taken: 3.77 seconds
SAT

=> TOTAL COMPLETION TIME (Makespan / UB): 868
Schedule is valid
 Time taken: 3.79 seconds
SAT

=> TOTAL COMPLETION TIME (Makespan / UB): 867
Schedule is valid
 Time taken: 3.81 seconds
SAT

=> TOTAL COMPLETION TIME (Makespan / UB): 866
Schedule is valid
 Time taken: 3.84 seconds
SAT

=> TOTAL COMPLETION TIME (Makespan / UB): 865
Schedule is valid
 Time taken: 3.86 seconds
SAT

=> TOTAL COMPLETION TIME (Makespan / UB): 864
Schedule is valid
 Time taken: 3.88 seconds
SAT

=> TOTAL COMPLETION TIME (Makespan / UB): 863
Schedule is valid
 Time taken: 3.90 seconds
SAT

=> TOTAL COMPLETION TIME (Makespan / UB): 862
Schedule is valid
 Time taken: 3.93 seconds
SAT

=> TOTAL COMPLETION TIME (Makespan / UB): 861
Schedule is valid
 Time taken: 3.95 seconds
SAT

=> TOTAL COMPLETION TIME (Makespan / UB): 860
Schedule is valid
 Time taken: 3.98 seconds
SAT

=> TOTAL COMPLETION TIME (Makespan / UB): 859
Schedule is valid
 Time taken: 4.00 seconds
SAT

=> TOTAL COMPLETION TIME (Makespan / UB): 858
Schedule is valid
 Time taken: 4.02 seconds
SAT

=> TOTAL COMPLETION TIME (Makespan / UB): 857
Schedule is valid
 Time taken: 4.04 seconds
SAT

=> TOTAL COMPLETION TIME (Makespan / UB): 856
Schedule is valid
 Time taken: 4.07 seconds
SAT

=> TOTAL COMPLETION TIME (Makespan / UB): 855
Schedule is valid
 Time taken: 4.09 seconds
SAT

=> TOTAL COMPLETION TIME (Makespan / UB): 854
Schedule is valid
 Time taken: 4.11 seconds
SAT

=> TOTAL COMPLETION TIME (Makespan / UB): 853
Schedule is valid
 Time taken: 4.13 seconds
SAT

=> TOTAL COMPLETION TIME (Makespan / UB): 852
Schedule is valid
 Time taken: 4.15 seconds
SAT

=> TOTAL COMPLETION TIME (Makespan / UB): 851
Schedule is valid
 Time taken: 4.18 seconds
SAT

=> TOTAL COMPLETION TIME (Makespan / UB): 850
Schedule is valid
 Time taken: 4.20 seconds
SAT

=> TOTAL COMPLETION TIME (Makespan / UB): 849
Schedule is valid
 Time taken: 4.22 seconds
SAT

=> TOTAL COMPLETION TIME (Makespan / UB): 848
Schedule is valid
 Time taken: 4.24 seconds
SAT

=> TOTAL COMPLETION TIME (Makespan / UB): 847
Schedule is valid
 Time taken: 4.26 seconds
SAT

=> TOTAL COMPLETION TIME (Makespan / UB): 846
Schedule is valid
 Time taken: 4.29 seconds
SAT

=> TOTAL COMPLETION TIME (Makespan / UB): 845
Schedule is valid
 Time taken: 4.31 seconds
SAT

=> TOTAL COMPLETION TIME (Makespan / UB): 844
Schedule is valid
 Time taken: 4.33 seconds
SAT

=> TOTAL COMPLETION TIME (Makespan / UB): 843
Schedule is valid
 Time taken: 4.35 seconds
SAT

=> TOTAL COMPLETION TIME (Makespan / UB): 842
Schedule is valid
 Time taken: 4.37 seconds
SAT

=> TOTAL COMPLETION TIME (Makespan / UB): 841
Schedule is valid
 Time taken: 4.39 seconds
SAT

=> TOTAL COMPLETION TIME (Makespan / UB): 840
Schedule is valid
 Time taken: 4.41 seconds
SAT

=> TOTAL COMPLETION TIME (Makespan / UB): 839
Schedule is valid
 Time taken: 4.44 seconds
SAT

=> TOTAL COMPLETION TIME (Makespan / UB): 838
Schedule is valid
 Time taken: 4.46 seconds
SAT

=> TOTAL COMPLETION TIME (Makespan / UB): 837
Schedule is valid
 Time taken: 4.61 seconds
SAT

=> TOTAL COMPLETION TIME (Makespan / UB): 836
Schedule is valid
 Time taken: 4.63 seconds
SAT

=> TOTAL COMPLETION TIME (Makespan / UB): 835
Schedule is valid
 Time taken: 4.65 seconds
SAT

=> TOTAL COMPLETION TIME (Makespan / UB): 834
Schedule is valid
 Time taken: 4.67 seconds
SAT

=> TOTAL COMPLETION TIME (Makespan / UB): 833
Schedule is valid
 Time taken: 4.69 seconds
SAT

=> TOTAL COMPLETION TIME (Makespan / UB): 832
Schedule is valid
 Time taken: 4.71 seconds
SAT

=> TOTAL COMPLETION TIME (Makespan / UB): 831
Schedule is valid
 Time taken: 4.73 seconds
SAT

=> TOTAL COMPLETION TIME (Makespan / UB): 830
Schedule is valid
 Time taken: 4.75 seconds
SAT

=> TOTAL COMPLETION TIME (Makespan / UB): 829
Schedule is valid
 Time taken: 4.77 seconds
SAT

=> TOTAL COMPLETION TIME (Makespan / UB): 828
Schedule is valid
 Time taken: 4.79 seconds
SAT

=> TOTAL COMPLETION TIME (Makespan / UB): 827
Schedule is valid
 Time taken: 4.81 seconds
SAT

=> TOTAL COMPLETION TIME (Makespan / UB): 826
Schedule is valid
 Time taken: 4.83 seconds
SAT

=> TOTAL COMPLETION TIME (Makespan / UB): 825
Schedule is valid
 Time taken: 4.85 seconds
SAT

=> TOTAL COMPLETION TIME (Makespan / UB): 824
Schedule is valid
 Time taken: 4.87 seconds
SAT

=> TOTAL COMPLETION TIME (Makespan / UB): 823
Schedule is valid
 Time taken: 4.89 seconds
SAT

=> TOTAL COMPLETION TIME (Makespan / UB): 822
Schedule is valid
 Time taken: 4.90 seconds
SAT

=> TOTAL COMPLETION TIME (Makespan / UB): 821
Schedule is valid
 Time taken: 4.95 seconds
SAT

=> TOTAL COMPLETION TIME (Makespan / UB): 820
Schedule is valid
 Time taken: 5.09 seconds
SAT

=> TOTAL COMPLETION TIME (Makespan / UB): 819
Schedule is valid
 Time taken: 5.11 seconds
SAT

=> TOTAL COMPLETION TIME (Makespan / UB): 818
Schedule is valid
 Time taken: 5.13 seconds
SAT

=> TOTAL COMPLETION TIME (Makespan / UB): 817
Schedule is valid
 Time taken: 5.15 seconds
SAT

=> TOTAL COMPLETION TIME (Makespan / UB): 816
Schedule is valid
 Time taken: 5.17 seconds
SAT

=> TOTAL COMPLETION TIME (Makespan / UB): 815
Schedule is valid
 Time taken: 5.19 seconds
SAT

=> TOTAL COMPLETION TIME (Makespan / UB): 814
Schedule is valid
 Time taken: 5.21 seconds
SAT

=> TOTAL COMPLETION TIME (Makespan / UB): 813
Schedule is valid
 Time taken: 5.23 seconds
SAT

=> TOTAL COMPLETION TIME (Makespan / UB): 812
Schedule is valid
 Time taken: 5.25 seconds
SAT

=> TOTAL COMPLETION TIME (Makespan / UB): 811
Schedule is valid
 Time taken: 5.27 seconds
SAT

=> TOTAL COMPLETION TIME (Makespan / UB): 810
Schedule is valid
 Time taken: 5.29 seconds
SAT

=> TOTAL COMPLETION TIME (Makespan / UB): 809
Schedule is valid
 Time taken: 5.31 seconds
SAT

=> TOTAL COMPLETION TIME (Makespan / UB): 808
Schedule is valid
 Time taken: 5.33 seconds
SAT

=> TOTAL COMPLETION TIME (Makespan / UB): 807
Schedule is valid
 Time taken: 5.35 seconds
SAT

=> TOTAL COMPLETION TIME (Makespan / UB): 806
Schedule is valid
 Time taken: 5.37 seconds
SAT

=> TOTAL COMPLETION TIME (Makespan / UB): 805
Schedule is valid
 Time taken: 5.39 seconds
SAT

=> TOTAL COMPLETION TIME (Makespan / UB): 804
Schedule is valid
 Time taken: 5.41 seconds
SAT

=> TOTAL COMPLETION TIME (Makespan / UB): 803
Schedule is valid
 Time taken: 5.42 seconds
SAT

=> TOTAL COMPLETION TIME (Makespan / UB): 802
Schedule is valid
 Time taken: 5.44 seconds
SAT

=> TOTAL COMPLETION TIME (Makespan / UB): 801
Schedule is valid
 Time taken: 5.46 seconds
SAT

=> TOTAL COMPLETION TIME (Makespan / UB): 800
Schedule is valid
 Time taken: 5.48 seconds
SAT

=> TOTAL COMPLETION TIME (Makespan / UB): 799
Schedule is valid
 Time taken: 5.59 seconds
SAT

=> TOTAL COMPLETION TIME (Makespan / UB): 798
Schedule is valid
 Time taken: 5.62 seconds
SAT

=> TOTAL COMPLETION TIME (Makespan / UB): 797
Schedule is valid
 Time taken: 5.63 seconds
SAT

=> TOTAL COMPLETION TIME (Makespan / UB): 796
Schedule is valid
 Time taken: 5.65 seconds
SAT

=> TOTAL COMPLETION TIME (Makespan / UB): 795
Schedule is valid
 Time taken: 5.67 seconds
SAT

=> TOTAL COMPLETION TIME (Makespan / UB): 794
Schedule is valid
 Time taken: 5.69 seconds
SAT

=> TOTAL COMPLETION TIME (Makespan / UB): 793
Schedule is valid
 Time taken: 5.71 seconds
SAT

=> TOTAL COMPLETION TIME (Makespan / UB): 792
Schedule is valid
 Time taken: 5.72 seconds
SAT

=> TOTAL COMPLETION TIME (Makespan / UB): 791
Schedule is valid
 Time taken: 5.74 seconds
SAT

=> TOTAL COMPLETION TIME (Makespan / UB): 790
Schedule is valid
 Time taken: 5.76 seconds
SAT

=> TOTAL COMPLETION TIME (Makespan / UB): 789
Schedule is valid
 Time taken: 5.78 seconds
SAT

=> TOTAL COMPLETION TIME (Makespan / UB): 788
Schedule is valid
 Time taken: 5.80 seconds
SAT

=> TOTAL COMPLETION TIME (Makespan / UB): 787
Schedule is valid
 Time taken: 5.81 seconds
SAT

=> TOTAL COMPLETION TIME (Makespan / UB): 786
Schedule is valid
 Time taken: 5.83 seconds
SAT

=> TOTAL COMPLETION TIME (Makespan / UB): 785
Schedule is valid
 Time taken: 5.85 seconds
SAT

=> TOTAL COMPLETION TIME (Makespan / UB): 784
Schedule is valid
 Time taken: 5.87 seconds
SAT

=> TOTAL COMPLETION TIME (Makespan / UB): 783
Schedule is valid
 Time taken: 5.89 seconds
SAT

=> TOTAL COMPLETION TIME (Makespan / UB): 782
Schedule is valid
 Time taken: 5.90 seconds
SAT

=> TOTAL COMPLETION TIME (Makespan / UB): 781
Schedule is valid
 Time taken: 5.93 seconds
SAT

=> TOTAL COMPLETION TIME (Makespan / UB): 780
Schedule is valid
 Time taken: 6.07 seconds
SAT

=> TOTAL COMPLETION TIME (Makespan / UB): 779
Schedule is valid
 Time taken: 6.09 seconds
SAT

=> TOTAL COMPLETION TIME (Makespan / UB): 778
Schedule is valid
 Time taken: 6.41 seconds
SAT

=> TOTAL COMPLETION TIME (Makespan / UB): 777
Schedule is valid
 Time taken: 6.45 seconds
SAT

=> TOTAL COMPLETION TIME (Makespan / UB): 776
Schedule is valid
 Time taken: 7.57 seconds
SAT

=> TOTAL COMPLETION TIME (Makespan / UB): 775
Schedule is valid
 Time taken: 7.63 seconds
SAT

=> TOTAL COMPLETION TIME (Makespan / UB): 774
Schedule is valid
 Time taken: 7.69 seconds
SAT

=> TOTAL COMPLETION TIME (Makespan / UB): 773
Schedule is valid
 Time taken: 7.74 seconds
SAT

=> TOTAL COMPLETION TIME (Makespan / UB): 772
Schedule is valid
 Time taken: 7.79 seconds
SAT

=> TOTAL COMPLETION TIME (Makespan / UB): 771
Schedule is valid
 Time taken: 7.84 seconds
SAT

=> TOTAL COMPLETION TIME (Makespan / UB): 770
Schedule is valid
 Time taken: 7.89 seconds
SAT

=> TOTAL COMPLETION TIME (Makespan / UB): 769
Schedule is valid
 Time taken: 7.94 seconds
SAT

=> TOTAL COMPLETION TIME (Makespan / UB): 768
Schedule is valid
 Time taken: 7.98 seconds
SAT

=> TOTAL COMPLETION TIME (Makespan / UB): 767
Schedule is valid
 Time taken: 8.03 seconds
SAT

=> TOTAL COMPLETION TIME (Makespan / UB): 766
Schedule is valid
 Time taken: 8.07 seconds
SAT

=> TOTAL COMPLETION TIME (Makespan / UB): 765
Schedule is valid
 Time taken: 8.12 seconds
SAT

=> TOTAL COMPLETION TIME (Makespan / UB): 764
Schedule is valid
 Time taken: 8.16 seconds
SAT

=> TOTAL COMPLETION TIME (Makespan / UB): 763
Schedule is valid
 Time taken: 8.21 seconds
SAT

=> TOTAL COMPLETION TIME (Makespan / UB): 762
Schedule is valid
 Time taken: 8.25 seconds
SAT

=> TOTAL COMPLETION TIME (Makespan / UB): 761
Schedule is valid
 Time taken: 8.30 seconds
SAT

=> TOTAL COMPLETION TIME (Makespan / UB): 760
Schedule is valid
 Time taken: 8.34 seconds
SAT

=> TOTAL COMPLETION TIME (Makespan / UB): 759
Schedule is valid
 Time taken: 8.39 seconds
SAT

=> TOTAL COMPLETION TIME (Makespan / UB): 758
Schedule is valid
 Time taken: 8.43 seconds
SAT

=> TOTAL COMPLETION TIME (Makespan / UB): 757
Schedule is valid
 Time taken: 8.47 seconds
SAT

=> TOTAL COMPLETION TIME (Makespan / UB): 756
Schedule is valid
 Time taken: 8.52 seconds
SAT

=> TOTAL COMPLETION TIME (Makespan / UB): 755
Schedule is valid
 Time taken: 8.56 seconds
SAT

=> TOTAL COMPLETION TIME (Makespan / UB): 754
Schedule is valid
 Time taken: 8.60 seconds
SAT

=> TOTAL COMPLETION TIME (Makespan / UB): 753
Schedule is valid
 Time taken: 8.65 seconds
SAT

=> TOTAL COMPLETION TIME (Makespan / UB): 752
Schedule is valid
 Time taken: 8.69 seconds
SAT

=> TOTAL COMPLETION TIME (Makespan / UB): 751
Schedule is valid
 Time taken: 8.77 seconds
SAT

=> TOTAL COMPLETION TIME (Makespan / UB): 750
Schedule is valid
 Time taken: 8.95 seconds
SAT

=> TOTAL COMPLETION TIME (Makespan / UB): 749
Schedule is valid
 Time taken: 8.99 seconds
SAT

=> TOTAL COMPLETION TIME (Makespan / UB): 748
Schedule is valid
 Time taken: 9.03 seconds
SAT

=> TOTAL COMPLETION TIME (Makespan / UB): 747
Schedule is valid
 Time taken: 9.06 seconds
SAT

=> TOTAL COMPLETION TIME (Makespan / UB): 746
Schedule is valid
 Time taken: 9.10 seconds
SAT

=> TOTAL COMPLETION TIME (Makespan / UB): 745
Schedule is valid
 Time taken: 9.13 seconds
SAT

=> TOTAL COMPLETION TIME (Makespan / UB): 744
Schedule is valid
 Time taken: 9.16 seconds
SAT

=> TOTAL COMPLETION TIME (Makespan / UB): 743
Schedule is valid
 Time taken: 9.20 seconds
SAT

=> TOTAL COMPLETION TIME (Makespan / UB): 742
Schedule is valid
 Time taken: 9.24 seconds
SAT

=> TOTAL COMPLETION TIME (Makespan / UB): 741
Schedule is valid
 Time taken: 9.27 seconds
SAT

=> TOTAL COMPLETION TIME (Makespan / UB): 740
Schedule is valid
 Time taken: 9.31 seconds
SAT

=> TOTAL COMPLETION TIME (Makespan / UB): 739
Schedule is valid
 Time taken: 9.34 seconds
SAT

=> TOTAL COMPLETION TIME (Makespan / UB): 738
Schedule is valid
 Time taken: 9.49 seconds
SAT

=> TOTAL COMPLETION TIME (Makespan / UB): 737
Schedule is valid
 Time taken: 9.64 seconds
SAT

=> TOTAL COMPLETION TIME (Makespan / UB): 736
Schedule is valid
 Time taken: 9.71 seconds
SAT

=> TOTAL COMPLETION TIME (Makespan / UB): 735
Schedule is valid
 Time taken: 9.89 seconds
SAT

=> TOTAL COMPLETION TIME (Makespan / UB): 734
Schedule is valid
 Time taken: 9.98 seconds
[runlim] sample:		9.92 time, 10.01 real, 186 MB, 1.05 load
SAT

=> TOTAL COMPLETION TIME (Makespan / UB): 733
Schedule is valid
 Time taken: 10.02 seconds
SAT

=> TOTAL COMPLETION TIME (Makespan / UB): 732
Schedule is valid
 Time taken: 10.14 seconds
SAT

=> TOTAL COMPLETION TIME (Makespan / UB): 731
Schedule is valid
 Time taken: 10.44 seconds
SAT

=> TOTAL COMPLETION TIME (Makespan / UB): 730
Schedule is valid
 Time taken: 10.57 seconds
SAT

=> TOTAL COMPLETION TIME (Makespan / UB): 729
Schedule is valid
 Time taken: 10.61 seconds
SAT

=> TOTAL COMPLETION TIME (Makespan / UB): 728
Schedule is valid
 Time taken: 10.72 seconds
SAT

=> TOTAL COMPLETION TIME (Makespan / UB): 727
Schedule is valid
 Time taken: 10.75 seconds
SAT

=> TOTAL COMPLETION TIME (Makespan / UB): 726
Schedule is valid
 Time taken: 10.92 seconds
SAT

=> TOTAL COMPLETION TIME (Makespan / UB): 725
Schedule is valid
 Time taken: 11.39 seconds
SAT

=> TOTAL COMPLETION TIME (Makespan / UB): 724
Schedule is valid
 Time taken: 11.56 seconds
SAT

=> TOTAL COMPLETION TIME (Makespan / UB): 723
Schedule is valid
 Time taken: 11.71 seconds
SAT

=> TOTAL COMPLETION TIME (Makespan / UB): 722
Schedule is valid
 Time taken: 11.82 seconds
SAT

=> TOTAL COMPLETION TIME (Makespan / UB): 721
Schedule is valid
 Time taken: 11.98 seconds
SAT

=> TOTAL COMPLETION TIME (Makespan / UB): 720
Schedule is valid
 Time taken: 12.12 seconds
SAT

=> TOTAL COMPLETION TIME (Makespan / UB): 719
Schedule is valid
 Time taken: 12.16 seconds
SAT

=> TOTAL COMPLETION TIME (Makespan / UB): 718
Schedule is valid
 Time taken: 12.22 seconds
SAT

=> TOTAL COMPLETION TIME (Makespan / UB): 717
Schedule is valid
 Time taken: 12.42 seconds
SAT

=> TOTAL COMPLETION TIME (Makespan / UB): 716
Schedule is valid
 Time taken: 12.48 seconds
SAT

=> TOTAL COMPLETION TIME (Makespan / UB): 715
Schedule is valid
 Time taken: 12.81 seconds
SAT

=> TOTAL COMPLETION TIME (Makespan / UB): 714
Schedule is valid
 Time taken: 12.88 seconds
SAT

=> TOTAL COMPLETION TIME (Makespan / UB): 713
Schedule is valid
 Time taken: 13.02 seconds
SAT

=> TOTAL COMPLETION TIME (Makespan / UB): 712
Schedule is valid
 Time taken: 13.08 seconds
SAT

=> TOTAL COMPLETION TIME (Makespan / UB): 711
Schedule is valid
 Time taken: 13.15 seconds
SAT

=> TOTAL COMPLETION TIME (Makespan / UB): 710
Schedule is valid
 Time taken: 13.19 seconds
SAT

=> TOTAL COMPLETION TIME (Makespan / UB): 709
Schedule is valid
 Time taken: 13.22 seconds
SAT

=> TOTAL COMPLETION TIME (Makespan / UB): 708
Schedule is valid
 Time taken: 13.28 seconds
SAT

=> TOTAL COMPLETION TIME (Makespan / UB): 707
Schedule is valid
 Time taken: 13.33 seconds
SAT

=> TOTAL COMPLETION TIME (Makespan / UB): 706
Schedule is valid
 Time taken: 13.39 seconds
SAT

=> TOTAL COMPLETION TIME (Makespan / UB): 705
Schedule is valid
 Time taken: 13.55 seconds
SAT

=> TOTAL COMPLETION TIME (Makespan / UB): 704
Schedule is valid
 Time taken: 13.58 seconds
SAT

=> TOTAL COMPLETION TIME (Makespan / UB): 703
Schedule is valid
 Time taken: 13.60 seconds
SAT

=> TOTAL COMPLETION TIME (Makespan / UB): 702
Schedule is valid
 Time taken: 13.63 seconds
SAT

=> TOTAL COMPLETION TIME (Makespan / UB): 701
Schedule is valid
 Time taken: 13.67 seconds
SAT

=> TOTAL COMPLETION TIME (Makespan / UB): 700
Schedule is valid
 Time taken: 13.70 seconds
SAT

=> TOTAL COMPLETION TIME (Makespan / UB): 699
Schedule is valid
 Time taken: 13.76 seconds
SAT

=> TOTAL COMPLETION TIME (Makespan / UB): 698
Schedule is valid
 Time taken: 13.81 seconds
SAT

=> TOTAL COMPLETION TIME (Makespan / UB): 697
Schedule is valid
 Time taken: 13.83 seconds
SAT

=> TOTAL COMPLETION TIME (Makespan / UB): 696
Schedule is valid
 Time taken: 13.86 seconds
UNSAT
status: optimal
[runlim] end:			Sun May  3 22:06:16 2026
[runlim] status:		ok
[runlim] result:		0
[runlim] children:		1
[runlim] processes:		2
[runlim] real:			13.96 seconds
[runlim] time:			13.80 seconds
[runlim] space:			192 MB
[runlim] load:			1.05 maximum
[runlim] samples:		140
