[runlim] version:		2.0.0rc12
[runlim] host:			ap-Precision-7550
[runlim] time limit:		311040000 seconds
[runlim] real time limit:	1800 seconds
[runlim] space limit:		15624 MB
[runlim] argv[0]:		python3
[runlim] argv[1]:		-u
[runlim] argv[2]:		top_down.py
[runlim] argv[3]:		DAFJS12
[runlim] start:			Fri Apr 24 15:27:38 2026
[runlim] child:			10709
Operations: 117, Edges: 114, Machines: 10
Greedy Schedule UB: 791
Solve from: 618 
Building constraints took 5.14 seconds.
[runlim] sample:		9.94 time, 10.01 real, 718 MB, 1.08 load
[runlim] sample:		19.95 time, 20.01 real, 690 MB, 1.07 load
[runlim] sample:		29.94 time, 30.01 real, 688 MB, 1.06 load
[runlim] sample:		39.93 time, 40.01 real, 660 MB, 1.13 load
[runlim] sample:		49.93 time, 50.01 real, 661 MB, 1.11 load
[runlim] sample:		59.92 time, 60.01 real, 813 MB, 1.09 load
[runlim] sample:		69.92 time, 70.01 real, 684 MB, 1.08 load
[runlim] sample:		79.92 time, 80.01 real, 657 MB, 1.06 load
[runlim] sample:		89.91 time, 90.01 real, 661 MB, 1.05 load
[runlim] sample:		99.91 time, 100.01 real, 654 MB, 1.04 load
[runlim] sample:		109.90 time, 110.01 real, 655 MB, 1.12 load
[runlim] sample:		119.90 time, 120.01 real, 655 MB, 1.10 load
[runlim] sample:		129.90 time, 130.01 real, 655 MB, 1.24 load
[runlim] sample:		139.89 time, 140.01 real, 656 MB, 1.28 load
[runlim] sample:		149.89 time, 150.01 real, 656 MB, 1.32 load
[runlim] sample:		159.87 time, 160.01 real, 656 MB, 1.27 load
[runlim] sample:		169.88 time, 170.01 real, 656 MB, 1.23 load
[runlim] sample:		179.87 time, 180.01 real, 661 MB, 1.19 load
[runlim] sample:		189.86 time, 190.01 real, 666 MB, 1.16 load
[runlim] sample:		199.85 time, 200.01 real, 663 MB, 1.14 load
[runlim] sample:		209.86 time, 210.01 real, 665 MB, 1.11 load
[runlim] sample:		219.85 time, 220.01 real, 665 MB, 1.10 load
[runlim] sample:		229.85 time, 230.01 real, 665 MB, 1.08 load
[runlim] sample:		239.85 time, 240.01 real, 665 MB, 1.07 load
[runlim] sample:		249.84 time, 250.01 real, 669 MB, 1.06 load
[runlim] sample:		259.84 time, 260.01 real, 667 MB, 1.13 load
[runlim] sample:		269.82 time, 270.01 real, 671 MB, 1.11 load
[runlim] sample:		279.82 time, 280.01 real, 666 MB, 1.09 load
[runlim] sample:		289.81 time, 290.01 real, 669 MB, 1.08 load
[runlim] sample:		299.80 time, 300.01 real, 669 MB, 1.06 load
[runlim] sample:		309.80 time, 310.01 real, 667 MB, 1.05 load
[runlim] sample:		319.79 time, 320.01 real, 667 MB, 1.05 load
[runlim] sample:		329.78 time, 330.01 real, 665 MB, 1.04 load
[runlim] sample:		339.78 time, 340.01 real, 658 MB, 1.03 load
[runlim] sample:		349.78 time, 350.01 real, 658 MB, 1.03 load
[runlim] sample:		359.77 time, 360.01 real, 658 MB, 1.02 load
[runlim] sample:		369.77 time, 370.01 real, 659 MB, 1.02 load
[runlim] sample:		379.76 time, 380.01 real, 660 MB, 1.02 load
[runlim] sample:		389.75 time, 390.01 real, 660 MB, 1.01 load
[runlim] sample:		399.75 time, 400.01 real, 710 MB, 1.01 load
[runlim] sample:		409.74 time, 410.01 real, 661 MB, 1.09 load
[runlim] sample:		419.74 time, 420.01 real, 661 MB, 1.07 load
[runlim] sample:		429.73 time, 430.01 real, 662 MB, 1.14 load
[runlim] sample:		439.73 time, 440.01 real, 662 MB, 1.12 load
[runlim] sample:		449.72 time, 450.01 real, 662 MB, 1.10 load
[runlim] sample:		459.72 time, 460.01 real, 662 MB, 1.08 load
[runlim] sample:		469.71 time, 470.01 real, 662 MB, 1.07 load
[runlim] sample:		479.71 time, 480.01 real, 663 MB, 1.06 load
[runlim] sample:		489.71 time, 490.01 real, 663 MB, 1.05 load
[runlim] sample:		499.70 time, 500.01 real, 663 MB, 1.04 load
[runlim] sample:		509.70 time, 510.01 real, 663 MB, 1.04 load
[runlim] sample:		519.69 time, 520.01 real, 711 MB, 1.03 load
[runlim] sample:		529.69 time, 530.01 real, 664 MB, 1.02 load
[runlim] sample:		539.68 time, 540.01 real, 664 MB, 1.18 load
[runlim] sample:		549.68 time, 550.01 real, 664 MB, 1.15 load
[runlim] sample:		559.67 time, 560.01 real, 664 MB, 1.21 load
[runlim] sample:		569.67 time, 570.01 real, 665 MB, 1.18 load
[runlim] sample:		579.67 time, 580.01 real, 665 MB, 1.15 load
[runlim] sample:		589.65 time, 590.01 real, 665 MB, 1.13 load
[runlim] sample:		599.66 time, 600.01 real, 665 MB, 1.19 load
[runlim] sample:		609.65 time, 610.01 real, 665 MB, 1.16 load
[runlim] sample:		619.65 time, 620.01 real, 666 MB, 1.13 load
[runlim] sample:		629.65 time, 630.01 real, 666 MB, 1.19 load
[runlim] sample:		639.64 time, 640.01 real, 666 MB, 1.24 load
[runlim] sample:		649.63 time, 650.01 real, 680 MB, 1.20 load
[runlim] sample:		659.63 time, 660.01 real, 680 MB, 1.17 load
[runlim] sample:		669.62 time, 670.01 real, 681 MB, 1.14 load
[runlim] sample:		679.61 time, 680.01 real, 681 MB, 1.12 load
[runlim] sample:		689.61 time, 690.01 real, 681 MB, 1.10 load
[runlim] sample:		699.61 time, 700.01 real, 687 MB, 1.16 load
[runlim] sample:		709.60 time, 710.01 real, 687 MB, 1.13 load
[runlim] sample:		719.60 time, 720.01 real, 687 MB, 1.11 load
[runlim] sample:		729.59 time, 730.01 real, 691 MB, 1.10 load
[runlim] sample:		739.59 time, 740.01 real, 691 MB, 1.08 load
[runlim] sample:		749.58 time, 750.01 real, 698 MB, 1.07 load
[runlim] sample:		759.58 time, 760.01 real, 698 MB, 1.06 load
[runlim] sample:		769.58 time, 770.01 real, 698 MB, 1.05 load
[runlim] sample:		779.57 time, 780.01 real, 694 MB, 1.04 load
[runlim] sample:		789.56 time, 790.01 real, 694 MB, 1.03 load
[runlim] sample:		799.55 time, 800.01 real, 694 MB, 1.03 load
[runlim] sample:		809.55 time, 810.01 real, 694 MB, 1.02 load
[runlim] sample:		819.55 time, 820.01 real, 694 MB, 1.02 load
[runlim] sample:		829.54 time, 830.01 real, 687 MB, 1.02 load
[runlim] sample:		839.54 time, 840.01 real, 685 MB, 1.01 load
[runlim] sample:		849.54 time, 850.01 real, 685 MB, 1.01 load
[runlim] sample:		859.53 time, 860.01 real, 685 MB, 1.09 load
[runlim] sample:		869.53 time, 870.01 real, 685 MB, 1.07 load
[runlim] sample:		879.53 time, 880.01 real, 688 MB, 1.06 load
[runlim] sample:		889.52 time, 890.01 real, 688 MB, 1.05 load
[runlim] sample:		899.52 time, 900.01 real, 688 MB, 1.04 load
[runlim] sample:		909.50 time, 910.01 real, 692 MB, 1.04 load
[runlim] sample:		919.50 time, 920.01 real, 692 MB, 1.03 load
[runlim] sample:		929.49 time, 930.01 real, 692 MB, 1.03 load
[runlim] sample:		939.49 time, 940.01 real, 686 MB, 1.02 load
[runlim] sample:		949.49 time, 950.01 real, 686 MB, 1.02 load
SAT

=> TOTAL COMPLETION TIME (Makespan / UB): 618
Schedule is valid
 Time taken: 958.42 seconds
[runlim] sample:		959.49 time, 960.01 real, 695 MB, 1.01 load
[runlim] sample:		969.48 time, 970.01 real, 695 MB, 1.01 load
[runlim] sample:		979.48 time, 980.01 real, 679 MB, 1.01 load
[runlim] sample:		989.47 time, 990.01 real, 679 MB, 1.01 load
[runlim] sample:		999.47 time, 1000.01 real, 670 MB, 1.01 load
[runlim] sample:		1009.46 time, 1010.01 real, 684 MB, 1.00 load
[runlim] sample:		1019.45 time, 1020.01 real, 684 MB, 1.08 load
[runlim] sample:		1029.45 time, 1030.01 real, 690 MB, 1.07 load
[runlim] sample:		1039.44 time, 1040.01 real, 690 MB, 1.06 load
[runlim] sample:		1049.44 time, 1050.01 real, 690 MB, 1.13 load
[runlim] sample:		1059.44 time, 1060.01 real, 670 MB, 1.11 load
[runlim] sample:		1069.43 time, 1070.01 real, 671 MB, 1.09 load
[runlim] sample:		1079.43 time, 1080.01 real, 671 MB, 1.08 load
[runlim] sample:		1089.42 time, 1090.01 real, 678 MB, 1.06 load
[runlim] sample:		1099.42 time, 1100.01 real, 672 MB, 1.05 load
[runlim] sample:		1109.42 time, 1110.01 real, 672 MB, 1.04 load
[runlim] sample:		1119.41 time, 1120.01 real, 682 MB, 1.04 load
[runlim] sample:		1129.40 time, 1130.01 real, 683 MB, 1.11 load
[runlim] sample:		1139.40 time, 1140.01 real, 683 MB, 1.17 load
[runlim] sample:		1149.39 time, 1150.01 real, 695 MB, 1.14 load
[runlim] sample:		1159.39 time, 1160.01 real, 695 MB, 1.12 load
[runlim] sample:		1169.39 time, 1170.01 real, 695 MB, 1.10 load
[runlim] sample:		1179.39 time, 1180.01 real, 698 MB, 1.08 load
[runlim] sample:		1189.38 time, 1190.01 real, 698 MB, 1.07 load
SAT

=> TOTAL COMPLETION TIME (Makespan / UB): 617
Schedule is valid
 Time taken: 1199.12 seconds
[runlim] sample:		1199.38 time, 1200.01 real, 698 MB, 1.06 load
[runlim] sample:		1209.37 time, 1210.01 real, 696 MB, 1.05 load
[runlim] sample:		1219.36 time, 1220.01 real, 696 MB, 1.12 load
[runlim] sample:		1229.36 time, 1230.01 real, 679 MB, 1.10 load
[runlim] sample:		1239.35 time, 1240.01 real, 679 MB, 1.17 load
[runlim] sample:		1249.36 time, 1250.01 real, 684 MB, 1.14 load
[runlim] sample:		1259.35 time, 1260.01 real, 685 MB, 1.20 load
[runlim] sample:		1269.35 time, 1270.01 real, 685 MB, 1.17 load
[runlim] sample:		1279.35 time, 1280.01 real, 692 MB, 1.22 load
[runlim] sample:		1289.34 time, 1290.01 real, 693 MB, 1.19 load
[runlim] sample:		1299.34 time, 1300.01 real, 674 MB, 1.24 load
[runlim] sample:		1309.33 time, 1310.01 real, 674 MB, 1.20 load
[runlim] sample:		1319.32 time, 1320.01 real, 672 MB, 1.25 load
[runlim] sample:		1329.32 time, 1330.01 real, 673 MB, 1.21 load
[runlim] sample:		1339.31 time, 1340.01 real, 676 MB, 1.18 load
[runlim] sample:		1349.31 time, 1350.01 real, 673 MB, 1.15 load
[runlim] sample:		1359.31 time, 1360.01 real, 673 MB, 1.13 load
[runlim] sample:		1369.31 time, 1370.01 real, 673 MB, 1.11 load
SAT

=> TOTAL COMPLETION TIME (Makespan / UB): 616
Schedule is valid
 Time taken: 1377.64 seconds
[runlim] sample:		1379.30 time, 1380.01 real, 689 MB, 1.09 load
[runlim] sample:		1389.29 time, 1390.01 real, 689 MB, 1.08 load
[runlim] sample:		1399.29 time, 1400.01 real, 692 MB, 1.06 load
[runlim] sample:		1409.29 time, 1410.01 real, 692 MB, 1.05 load
[runlim] sample:		1419.28 time, 1420.01 real, 678 MB, 1.04 load
[runlim] sample:		1429.28 time, 1430.01 real, 678 MB, 1.04 load
[runlim] sample:		1439.28 time, 1440.01 real, 678 MB, 1.03 load
[runlim] sample:		1449.27 time, 1450.01 real, 678 MB, 1.03 load
[runlim] sample:		1459.27 time, 1460.01 real, 703 MB, 1.02 load
[runlim] sample:		1469.27 time, 1470.01 real, 703 MB, 1.02 load
[runlim] sample:		1479.27 time, 1480.01 real, 703 MB, 1.01 load
[runlim] sample:		1489.26 time, 1490.01 real, 685 MB, 1.01 load
[runlim] sample:		1499.26 time, 1500.01 real, 685 MB, 1.01 load
[runlim] sample:		1509.25 time, 1510.01 real, 674 MB, 1.01 load
[runlim] sample:		1519.25 time, 1520.01 real, 674 MB, 1.01 load
[runlim] sample:		1529.24 time, 1530.01 real, 674 MB, 1.00 load
[runlim] sample:		1539.24 time, 1540.01 real, 675 MB, 1.00 load
[runlim] sample:		1549.23 time, 1550.01 real, 675 MB, 1.00 load
[runlim] sample:		1559.23 time, 1560.01 real, 675 MB, 1.00 load
[runlim] sample:		1569.23 time, 1570.01 real, 689 MB, 1.00 load
[runlim] sample:		1579.22 time, 1580.01 real, 689 MB, 1.00 load
[runlim] sample:		1589.22 time, 1590.01 real, 689 MB, 1.00 load
[runlim] sample:		1599.22 time, 1600.01 real, 689 MB, 1.00 load
[runlim] sample:		1609.21 time, 1610.01 real, 707 MB, 1.00 load
[runlim] sample:		1619.21 time, 1620.01 real, 707 MB, 1.00 load
[runlim] sample:		1629.21 time, 1630.01 real, 707 MB, 1.08 load
[runlim] sample:		1639.20 time, 1640.01 real, 707 MB, 1.14 load
[runlim] sample:		1649.20 time, 1650.01 real, 707 MB, 1.12 load
[runlim] sample:		1659.19 time, 1660.01 real, 708 MB, 1.10 load
[runlim] sample:		1669.19 time, 1670.01 real, 708 MB, 1.08 load
[runlim] sample:		1679.18 time, 1680.01 real, 708 MB, 1.07 load
[runlim] sample:		1689.18 time, 1690.01 real, 708 MB, 1.06 load
[runlim] sample:		1699.17 time, 1700.01 real, 711 MB, 1.05 load
[runlim] sample:		1709.17 time, 1710.01 real, 711 MB, 1.04 load
[runlim] sample:		1719.16 time, 1720.01 real, 711 MB, 1.04 load
[runlim] sample:		1729.16 time, 1730.01 real, 711 MB, 1.03 load
[runlim] sample:		1739.15 time, 1740.01 real, 711 MB, 1.02 load
[runlim] sample:		1749.15 time, 1750.01 real, 711 MB, 1.02 load
[runlim] sample:		1759.15 time, 1760.01 real, 708 MB, 1.02 load
[runlim] sample:		1769.14 time, 1770.01 real, 708 MB, 1.01 load
[runlim] sample:		1779.14 time, 1780.01 real, 708 MB, 1.01 load
[runlim] sample:		1789.14 time, 1790.01 real, 708 MB, 1.01 load
[runlim] sample:		1799.13 time, 1800.01 real, 708 MB, 1.15 load
[runlim] end:			Fri Apr 24 15:57:40 2026
[runlim] status:		out of time
[runlim] result:		2
[runlim] children:		1
[runlim] processes:		2
[runlim] real:			1801.05 seconds
[runlim] time:			1799.13 seconds
[runlim] space:			906 MB
[runlim] load:			1.32 maximum
[runlim] samples:		18000
