[runlim] version:		2.0.0rc12
[runlim] host:			ap-Precision-7550
[runlim] time limit:		311040000 seconds
[runlim] real time limit:	1800 seconds
[runlim] space limit:		15624 MB
[runlim] argv[0]:		python3
[runlim] argv[1]:		-u
[runlim] argv[2]:		top_down.py
[runlim] argv[3]:		DAFJS09
[runlim] start:			Fri Apr 24 14:25:46 2026
[runlim] child:			10460
Operations: 45, Edges: 42, Machines: 5
Greedy Schedule UB: 553
Solve from: 490 
Building constraints took 0.65 seconds.
[runlim] sample:		10.00 time, 10.01 real, 177 MB, 0.92 load
[runlim] sample:		20.00 time, 20.01 real, 177 MB, 1.01 load
SAT

=> TOTAL COMPLETION TIME (Makespan / UB): 490
Schedule is valid
 Time taken: 22.27 seconds
[runlim] sample:		30.00 time, 30.01 real, 156 MB, 1.01 load
SAT

=> TOTAL COMPLETION TIME (Makespan / UB): 489
Schedule is valid
 Time taken: 30.77 seconds
SAT

=> TOTAL COMPLETION TIME (Makespan / UB): 488
Schedule is valid
 Time taken: 32.14 seconds
SAT

=> TOTAL COMPLETION TIME (Makespan / UB): 487
Schedule is valid
 Time taken: 38.41 seconds
SAT

=> TOTAL COMPLETION TIME (Makespan / UB): 486
Schedule is valid
 Time taken: 39.61 seconds
[runlim] sample:		39.99 time, 40.01 real, 160 MB, 1.09 load
SAT

=> TOTAL COMPLETION TIME (Makespan / UB): 485
Schedule is valid
 Time taken: 44.97 seconds
[runlim] sample:		49.99 time, 50.01 real, 133 MB, 1.07 load
[runlim] sample:		60.00 time, 60.01 real, 152 MB, 1.06 load
SAT

=> TOTAL COMPLETION TIME (Makespan / UB): 484
Schedule is valid
 Time taken: 67.79 seconds
[runlim] sample:		69.99 time, 70.01 real, 161 MB, 1.05 load
[runlim] sample:		79.99 time, 80.01 real, 132 MB, 1.04 load
[runlim] sample:		89.98 time, 90.01 real, 134 MB, 1.04 load
SAT

=> TOTAL COMPLETION TIME (Makespan / UB): 483
Schedule is valid
 Time taken: 92.69 seconds
[runlim] sample:		99.98 time, 100.01 real, 181 MB, 1.03 load
[runlim] sample:		109.98 time, 110.01 real, 181 MB, 1.02 load
[runlim] sample:		119.98 time, 120.01 real, 181 MB, 1.02 load
SAT

=> TOTAL COMPLETION TIME (Makespan / UB): 482
Schedule is valid
 Time taken: 123.24 seconds
[runlim] sample:		129.98 time, 130.01 real, 142 MB, 1.02 load
[runlim] sample:		139.97 time, 140.01 real, 163 MB, 1.01 load
SAT

=> TOTAL COMPLETION TIME (Makespan / UB): 481
Schedule is valid
 Time taken: 149.84 seconds
[runlim] sample:		149.97 time, 150.01 real, 163 MB, 1.01 load
SAT

=> TOTAL COMPLETION TIME (Makespan / UB): 480
Schedule is valid
 Time taken: 152.52 seconds
SAT

=> TOTAL COMPLETION TIME (Makespan / UB): 479
Schedule is valid
 Time taken: 152.57 seconds
SAT

=> TOTAL COMPLETION TIME (Makespan / UB): 478
Schedule is valid
 Time taken: 153.96 seconds
[runlim] sample:		159.97 time, 160.01 real, 186 MB, 1.01 load
[runlim] sample:		169.97 time, 170.01 real, 186 MB, 1.01 load
[runlim] sample:		179.96 time, 180.01 real, 186 MB, 1.01 load
SAT

=> TOTAL COMPLETION TIME (Makespan / UB): 477
Schedule is valid
 Time taken: 182.87 seconds
[runlim] sample:		189.96 time, 190.01 real, 143 MB, 1.00 load
[runlim] sample:		199.96 time, 200.01 real, 155 MB, 1.08 load
[runlim] sample:		209.96 time, 210.01 real, 138 MB, 1.07 load
SAT

=> TOTAL COMPLETION TIME (Makespan / UB): 476
Schedule is valid
 Time taken: 216.84 seconds
SAT

=> TOTAL COMPLETION TIME (Makespan / UB): 475
Schedule is valid
 Time taken: 216.88 seconds
[runlim] sample:		219.96 time, 220.01 real, 166 MB, 1.06 load
[runlim] sample:		229.95 time, 230.01 real, 167 MB, 1.05 load
[runlim] sample:		239.95 time, 240.01 real, 143 MB, 1.04 load
[runlim] sample:		249.95 time, 250.01 real, 171 MB, 1.04 load
SAT

=> TOTAL COMPLETION TIME (Makespan / UB): 474
Schedule is valid
 Time taken: 254.85 seconds
[runlim] sample:		259.94 time, 260.01 real, 145 MB, 1.03 load
[runlim] sample:		269.94 time, 270.01 real, 161 MB, 1.02 load
[runlim] sample:		279.94 time, 280.01 real, 140 MB, 1.10 load
[runlim] sample:		289.94 time, 290.01 real, 169 MB, 1.16 load
SAT

=> TOTAL COMPLETION TIME (Makespan / UB): 473
Schedule is valid
 Time taken: 296.11 seconds
[runlim] sample:		299.94 time, 300.01 real, 148 MB, 1.13 load
SAT

=> TOTAL COMPLETION TIME (Makespan / UB): 472
Schedule is valid
 Time taken: 303.93 seconds
[runlim] sample:		309.93 time, 310.01 real, 162 MB, 1.11 load
SAT

=> TOTAL COMPLETION TIME (Makespan / UB): 471
Schedule is valid
 Time taken: 316.42 seconds
[runlim] sample:		319.93 time, 320.01 real, 177 MB, 1.10 load
[runlim] sample:		329.92 time, 330.01 real, 146 MB, 1.08 load
[runlim] sample:		339.92 time, 340.01 real, 172 MB, 1.07 load
[runlim] sample:		349.92 time, 350.01 real, 172 MB, 1.06 load
[runlim] sample:		359.92 time, 360.01 real, 174 MB, 1.05 load
[runlim] sample:		369.91 time, 370.01 real, 140 MB, 1.04 load
[runlim] sample:		379.91 time, 380.01 real, 144 MB, 1.03 load
[runlim] sample:		389.91 time, 390.01 real, 141 MB, 1.19 load
[runlim] sample:		399.91 time, 400.01 real, 161 MB, 1.16 load
[runlim] sample:		409.91 time, 410.01 real, 171 MB, 1.13 load
[runlim] sample:		419.91 time, 420.01 real, 197 MB, 1.11 load
[runlim] sample:		429.91 time, 430.01 real, 197 MB, 1.10 load
[runlim] sample:		439.90 time, 440.01 real, 197 MB, 1.08 load
[runlim] sample:		449.90 time, 450.01 real, 197 MB, 1.07 load
SAT

=> TOTAL COMPLETION TIME (Makespan / UB): 470
Schedule is valid
 Time taken: 455.81 seconds
[runlim] sample:		459.90 time, 460.01 real, 163 MB, 1.06 load
[runlim] sample:		469.89 time, 470.01 real, 165 MB, 1.05 load
[runlim] sample:		479.89 time, 480.01 real, 164 MB, 1.04 load
[runlim] sample:		489.89 time, 490.01 real, 164 MB, 1.03 load
[runlim] sample:		499.88 time, 500.01 real, 164 MB, 1.03 load
[runlim] sample:		509.88 time, 510.01 real, 165 MB, 1.02 load
SAT

=> TOTAL COMPLETION TIME (Makespan / UB): 469
Schedule is valid
 Time taken: 516.39 seconds
[runlim] sample:		519.88 time, 520.01 real, 177 MB, 1.02 load
[runlim] sample:		529.87 time, 530.01 real, 144 MB, 1.02 load
[runlim] sample:		539.87 time, 540.01 real, 178 MB, 1.01 load
[runlim] sample:		549.76 time, 550.01 real, 178 MB, 1.01 load
[runlim] sample:		559.67 time, 560.01 real, 145 MB, 1.01 load
[runlim] sample:		569.64 time, 570.01 real, 180 MB, 1.01 load
[runlim] sample:		579.65 time, 580.01 real, 180 MB, 1.00 load
[runlim] sample:		589.67 time, 590.01 real, 146 MB, 1.00 load
[runlim] sample:		599.67 time, 600.01 real, 181 MB, 1.00 load
[runlim] sample:		609.67 time, 610.01 real, 181 MB, 1.00 load
[runlim] sample:		619.67 time, 620.01 real, 147 MB, 1.00 load
[runlim] sample:		629.66 time, 630.01 real, 181 MB, 1.00 load
[runlim] sample:		639.66 time, 640.01 real, 181 MB, 1.00 load
[runlim] sample:		649.66 time, 650.01 real, 181 MB, 1.00 load
[runlim] sample:		659.65 time, 660.01 real, 181 MB, 1.00 load
[runlim] sample:		669.65 time, 670.01 real, 147 MB, 1.00 load
[runlim] sample:		679.63 time, 680.01 real, 183 MB, 1.00 load
[runlim] sample:		689.61 time, 690.01 real, 183 MB, 1.00 load
[runlim] sample:		699.60 time, 700.01 real, 148 MB, 1.00 load
[runlim] sample:		709.59 time, 710.01 real, 185 MB, 1.00 load
[runlim] sample:		719.58 time, 720.01 real, 185 MB, 1.00 load
[runlim] sample:		729.57 time, 730.01 real, 150 MB, 1.00 load
[runlim] sample:		739.57 time, 740.01 real, 189 MB, 1.00 load
SAT

=> TOTAL COMPLETION TIME (Makespan / UB): 468
Schedule is valid
 Time taken: 742.07 seconds
[runlim] sample:		749.57 time, 750.01 real, 187 MB, 1.00 load
[runlim] sample:		759.58 time, 760.01 real, 187 MB, 1.00 load
[runlim] sample:		769.58 time, 770.01 real, 153 MB, 1.00 load
[runlim] sample:		779.58 time, 780.01 real, 153 MB, 1.08 load
[runlim] sample:		789.59 time, 790.01 real, 188 MB, 1.14 load
[runlim] sample:		799.58 time, 800.01 real, 155 MB, 1.19 load
[runlim] sample:		809.58 time, 810.01 real, 155 MB, 1.16 load
[runlim] sample:		819.58 time, 820.01 real, 191 MB, 1.14 load
[runlim] sample:		829.58 time, 830.01 real, 191 MB, 1.19 load
[runlim] sample:		839.57 time, 840.01 real, 155 MB, 1.16 load
[runlim] sample:		849.57 time, 850.01 real, 155 MB, 1.21 load
[runlim] sample:		859.56 time, 860.01 real, 190 MB, 1.18 load
[runlim] sample:		869.58 time, 870.01 real, 190 MB, 1.22 load
[runlim] sample:		879.64 time, 880.01 real, 190 MB, 1.19 load
[runlim] sample:		889.69 time, 890.01 real, 155 MB, 1.23 load
[runlim] sample:		899.70 time, 900.01 real, 155 MB, 1.20 load
[runlim] sample:		909.71 time, 910.01 real, 192 MB, 1.24 load
[runlim] sample:		919.72 time, 920.01 real, 192 MB, 1.20 load
[runlim] sample:		929.72 time, 930.01 real, 157 MB, 1.25 load
[runlim] sample:		939.73 time, 940.01 real, 196 MB, 1.21 load
[runlim] sample:		949.66 time, 950.01 real, 196 MB, 1.17 load
[runlim] sample:		959.56 time, 960.01 real, 196 MB, 1.15 load
[runlim] sample:		969.52 time, 970.01 real, 173 MB, 1.20 load
[runlim] sample:		979.50 time, 980.01 real, 173 MB, 1.17 load
SAT

=> TOTAL COMPLETION TIME (Makespan / UB): 467
Schedule is valid
 Time taken: 983.79 seconds
[runlim] sample:		989.49 time, 990.01 real, 163 MB, 1.14 load
[runlim] sample:		999.48 time, 1000.01 real, 162 MB, 1.12 load
[runlim] sample:		1009.46 time, 1010.01 real, 162 MB, 1.10 load
[runlim] sample:		1019.45 time, 1020.01 real, 162 MB, 1.08 load
[runlim] sample:		1029.44 time, 1030.01 real, 161 MB, 1.07 load
[runlim] sample:		1039.44 time, 1040.01 real, 163 MB, 1.06 load
[runlim] sample:		1049.45 time, 1050.01 real, 163 MB, 1.05 load
[runlim] sample:		1059.46 time, 1060.01 real, 173 MB, 1.04 load
[runlim] sample:		1069.47 time, 1070.01 real, 173 MB, 1.04 load
[runlim] sample:		1079.47 time, 1080.01 real, 173 MB, 1.03 load
[runlim] sample:		1089.47 time, 1090.01 real, 171 MB, 1.02 load
[runlim] sample:		1099.47 time, 1100.01 real, 171 MB, 1.02 load
[runlim] sample:		1109.46 time, 1110.01 real, 171 MB, 1.02 load
[runlim] sample:		1119.45 time, 1120.01 real, 171 MB, 1.01 load
[runlim] sample:		1129.45 time, 1130.01 real, 171 MB, 1.01 load
[runlim] sample:		1139.43 time, 1140.01 real, 172 MB, 1.01 load
[runlim] sample:		1149.43 time, 1150.01 real, 172 MB, 1.01 load
[runlim] sample:		1159.42 time, 1160.01 real, 172 MB, 1.01 load
[runlim] sample:		1169.41 time, 1170.01 real, 172 MB, 1.00 load
[runlim] sample:		1179.41 time, 1180.01 real, 172 MB, 1.00 load
[runlim] sample:		1189.40 time, 1190.01 real, 175 MB, 1.00 load
[runlim] sample:		1199.40 time, 1200.01 real, 175 MB, 1.00 load
[runlim] sample:		1209.39 time, 1210.01 real, 177 MB, 1.00 load
SAT

=> TOTAL COMPLETION TIME (Makespan / UB): 466
Schedule is valid
 Time taken: 1210.29 seconds
[runlim] sample:		1219.39 time, 1220.01 real, 177 MB, 1.00 load
[runlim] sample:		1229.39 time, 1230.01 real, 174 MB, 1.00 load
[runlim] sample:		1239.39 time, 1240.01 real, 174 MB, 1.07 load
[runlim] sample:		1249.39 time, 1250.01 real, 174 MB, 1.06 load
[runlim] sample:		1259.39 time, 1260.01 real, 174 MB, 1.05 load
[runlim] sample:		1269.38 time, 1270.01 real, 174 MB, 1.04 load
[runlim] sample:		1279.37 time, 1280.01 real, 183 MB, 1.12 load
[runlim] sample:		1289.37 time, 1290.01 real, 183 MB, 1.17 load
[runlim] sample:		1299.37 time, 1300.01 real, 183 MB, 1.15 load
[runlim] sample:		1309.37 time, 1310.01 real, 182 MB, 1.12 load
[runlim] sample:		1319.37 time, 1320.01 real, 182 MB, 1.10 load
[runlim] sample:		1329.37 time, 1330.01 real, 182 MB, 1.09 load
[runlim] sample:		1339.36 time, 1340.01 real, 182 MB, 1.07 load
[runlim] sample:		1349.36 time, 1350.01 real, 182 MB, 1.06 load
[runlim] sample:		1359.36 time, 1360.01 real, 181 MB, 1.05 load
[runlim] sample:		1369.35 time, 1370.01 real, 181 MB, 1.04 load
[runlim] sample:		1379.35 time, 1380.01 real, 181 MB, 1.04 load
[runlim] sample:		1389.35 time, 1390.01 real, 182 MB, 1.03 load
[runlim] sample:		1399.34 time, 1400.01 real, 182 MB, 1.02 load
[runlim] sample:		1409.34 time, 1410.01 real, 182 MB, 1.02 load
[runlim] sample:		1419.33 time, 1420.01 real, 183 MB, 1.02 load
[runlim] sample:		1429.33 time, 1430.01 real, 183 MB, 1.01 load
[runlim] sample:		1439.32 time, 1440.01 real, 183 MB, 1.01 load
[runlim] sample:		1449.32 time, 1450.01 real, 188 MB, 1.01 load
[runlim] sample:		1459.31 time, 1460.01 real, 188 MB, 1.01 load
[runlim] sample:		1469.31 time, 1470.01 real, 188 MB, 1.01 load
[runlim] sample:		1479.30 time, 1480.01 real, 188 MB, 1.00 load
[runlim] sample:		1489.30 time, 1490.01 real, 188 MB, 1.00 load
[runlim] sample:		1499.30 time, 1500.01 real, 187 MB, 1.00 load
[runlim] sample:		1509.29 time, 1510.01 real, 187 MB, 1.00 load
[runlim] sample:		1519.30 time, 1520.01 real, 187 MB, 1.00 load
SAT

=> TOTAL COMPLETION TIME (Makespan / UB): 465
Schedule is valid
 Time taken: 1527.57 seconds
[runlim] sample:		1529.29 time, 1530.01 real, 187 MB, 1.00 load
[runlim] sample:		1539.29 time, 1540.01 real, 188 MB, 1.00 load
[runlim] sample:		1549.29 time, 1550.01 real, 190 MB, 1.00 load
[runlim] sample:		1559.28 time, 1560.01 real, 190 MB, 1.07 load
[runlim] sample:		1569.28 time, 1570.01 real, 190 MB, 1.06 load
[runlim] sample:		1579.27 time, 1580.01 real, 189 MB, 1.05 load
[runlim] sample:		1589.27 time, 1590.01 real, 189 MB, 1.04 load
[runlim] sample:		1599.27 time, 1600.01 real, 190 MB, 1.04 load
[runlim] sample:		1609.27 time, 1610.01 real, 190 MB, 1.03 load
[runlim] sample:		1619.26 time, 1620.01 real, 190 MB, 1.02 load
[runlim] sample:		1629.26 time, 1630.01 real, 189 MB, 1.02 load
[runlim] sample:		1639.26 time, 1640.01 real, 189 MB, 1.02 load
[runlim] sample:		1649.25 time, 1650.01 real, 189 MB, 1.01 load
[runlim] sample:		1659.25 time, 1660.01 real, 189 MB, 1.01 load
[runlim] sample:		1669.24 time, 1670.01 real, 188 MB, 1.01 load
[runlim] sample:		1679.24 time, 1680.01 real, 188 MB, 1.01 load
[runlim] sample:		1689.23 time, 1690.01 real, 188 MB, 1.01 load
[runlim] sample:		1699.23 time, 1700.01 real, 189 MB, 1.00 load
[runlim] sample:		1709.23 time, 1710.01 real, 189 MB, 1.08 load
[runlim] sample:		1719.23 time, 1720.01 real, 189 MB, 1.07 load
[runlim] sample:		1729.22 time, 1730.01 real, 189 MB, 1.06 load
[runlim] sample:		1739.23 time, 1740.01 real, 190 MB, 1.05 load
[runlim] sample:		1749.22 time, 1750.01 real, 190 MB, 1.04 load
[runlim] sample:		1759.22 time, 1760.01 real, 190 MB, 1.04 load
[runlim] sample:		1769.21 time, 1770.01 real, 191 MB, 1.03 load
[runlim] sample:		1779.21 time, 1780.01 real, 191 MB, 1.10 load
[runlim] sample:		1789.20 time, 1790.01 real, 194 MB, 1.16 load
[runlim] sample:		1799.20 time, 1800.01 real, 194 MB, 1.14 load
[runlim] end:			Fri Apr 24 14:55:47 2026
[runlim] status:		out of time
[runlim] result:		2
[runlim] children:		1
[runlim] processes:		2
[runlim] real:			1801.06 seconds
[runlim] time:			1799.20 seconds
[runlim] space:			239 MB
[runlim] load:			1.27 maximum
[runlim] samples:		18000
