[runlim] version:		2.0.0rc12
[runlim] host:			ap-Precision-7550
[runlim] time limit:		311040000 seconds
[runlim] real time limit:	10800 seconds
[runlim] space limit:		15624 MB
[runlim] argv[0]:		python3
[runlim] argv[1]:		-u
[runlim] argv[2]:		main.py
[runlim] argv[3]:		datasets/dafjs/DAFJS13
[runlim] start:			Wed Jul  1 19:27:19 2026
[runlim] child:			10688
Operations: 62, Edges: 55, Machines: 5
Greedy Schedule UB: 738
Building constraints took 2.34 seconds.
[runlim] sample:		9.98 time, 10.01 real, 390 MB, 1.52 load
SAT

=> TOTAL COMPLETION TIME (Makespan / UB): 737
Schedule is valid
 Time taken: 13.30 seconds
SAT

=> TOTAL COMPLETION TIME (Makespan / UB): 736
Schedule is valid
 Time taken: 13.86 seconds
SAT

=> TOTAL COMPLETION TIME (Makespan / UB): 735
Schedule is valid
 Time taken: 17.94 seconds
SAT

=> TOTAL COMPLETION TIME (Makespan / UB): 734
Schedule is valid
 Time taken: 18.08 seconds
SAT

=> TOTAL COMPLETION TIME (Makespan / UB): 733
Schedule is valid
 Time taken: 18.91 seconds
SAT

=> TOTAL COMPLETION TIME (Makespan / UB): 732
Schedule is valid
 Time taken: 19.25 seconds
SAT

=> TOTAL COMPLETION TIME (Makespan / UB): 731
Schedule is valid
 Time taken: 19.75 seconds
[runlim] sample:		19.97 time, 20.01 real, 374 MB, 1.44 load
SAT

=> TOTAL COMPLETION TIME (Makespan / UB): 730
Schedule is valid
 Time taken: 20.33 seconds
SAT

=> TOTAL COMPLETION TIME (Makespan / UB): 729
Schedule is valid
 Time taken: 23.41 seconds
SAT

=> TOTAL COMPLETION TIME (Makespan / UB): 728
Schedule is valid
 Time taken: 23.42 seconds
SAT

=> TOTAL COMPLETION TIME (Makespan / UB): 727
Schedule is valid
 Time taken: 23.43 seconds
SAT

=> TOTAL COMPLETION TIME (Makespan / UB): 726
Schedule is valid
 Time taken: 27.56 seconds
SAT

=> TOTAL COMPLETION TIME (Makespan / UB): 725
Schedule is valid
 Time taken: 28.09 seconds
SAT

=> TOTAL COMPLETION TIME (Makespan / UB): 724
Schedule is valid
 Time taken: 28.65 seconds
[runlim] sample:		29.96 time, 30.01 real, 358 MB, 1.37 load
SAT

=> TOTAL COMPLETION TIME (Makespan / UB): 723
Schedule is valid
 Time taken: 30.84 seconds
SAT

=> TOTAL COMPLETION TIME (Makespan / UB): 722
Schedule is valid
 Time taken: 32.73 seconds
SAT

=> TOTAL COMPLETION TIME (Makespan / UB): 721
Schedule is valid
 Time taken: 33.24 seconds
SAT

=> TOTAL COMPLETION TIME (Makespan / UB): 720
Schedule is valid
 Time taken: 33.63 seconds
SAT

=> TOTAL COMPLETION TIME (Makespan / UB): 719
Schedule is valid
 Time taken: 34.28 seconds
SAT

=> TOTAL COMPLETION TIME (Makespan / UB): 718
Schedule is valid
 Time taken: 36.90 seconds
SAT

=> TOTAL COMPLETION TIME (Makespan / UB): 717
Schedule is valid
 Time taken: 36.91 seconds
SAT

=> TOTAL COMPLETION TIME (Makespan / UB): 716
Schedule is valid
 Time taken: 36.92 seconds
SAT

=> TOTAL COMPLETION TIME (Makespan / UB): 715
Schedule is valid
 Time taken: 37.23 seconds
[runlim] sample:		39.96 time, 40.01 real, 408 MB, 1.31 load
SAT

=> TOTAL COMPLETION TIME (Makespan / UB): 714
Schedule is valid
 Time taken: 40.34 seconds
SAT

=> TOTAL COMPLETION TIME (Makespan / UB): 713
Schedule is valid
 Time taken: 40.87 seconds
SAT

=> TOTAL COMPLETION TIME (Makespan / UB): 712
Schedule is valid
 Time taken: 42.90 seconds
SAT

=> TOTAL COMPLETION TIME (Makespan / UB): 711
Schedule is valid
 Time taken: 42.91 seconds
SAT

=> TOTAL COMPLETION TIME (Makespan / UB): 710
Schedule is valid
 Time taken: 43.27 seconds
[runlim] sample:		49.96 time, 50.01 real, 356 MB, 1.27 load
SAT

=> TOTAL COMPLETION TIME (Makespan / UB): 709
Schedule is valid
 Time taken: 56.54 seconds
SAT

=> TOTAL COMPLETION TIME (Makespan / UB): 708
Schedule is valid
 Time taken: 56.66 seconds
SAT

=> TOTAL COMPLETION TIME (Makespan / UB): 707
Schedule is valid
 Time taken: 59.13 seconds
[runlim] sample:		59.96 time, 60.01 real, 385 MB, 1.22 load
SAT

=> TOTAL COMPLETION TIME (Makespan / UB): 706
Schedule is valid
 Time taken: 61.25 seconds
SAT

=> TOTAL COMPLETION TIME (Makespan / UB): 705
Schedule is valid
 Time taken: 61.64 seconds
SAT

=> TOTAL COMPLETION TIME (Makespan / UB): 704
Schedule is valid
 Time taken: 64.32 seconds
SAT

=> TOTAL COMPLETION TIME (Makespan / UB): 703
Schedule is valid
 Time taken: 66.08 seconds
SAT

=> TOTAL COMPLETION TIME (Makespan / UB): 702
Schedule is valid
 Time taken: 68.63 seconds
SAT

=> TOTAL COMPLETION TIME (Makespan / UB): 701
Schedule is valid
 Time taken: 69.17 seconds
SAT

=> TOTAL COMPLETION TIME (Makespan / UB): 700
Schedule is valid
 Time taken: 69.62 seconds
SAT

=> TOTAL COMPLETION TIME (Makespan / UB): 699
Schedule is valid
 Time taken: 69.91 seconds
[runlim] sample:		69.95 time, 70.01 real, 384 MB, 1.19 load
SAT

=> TOTAL COMPLETION TIME (Makespan / UB): 698
Schedule is valid
 Time taken: 73.29 seconds
SAT

=> TOTAL COMPLETION TIME (Makespan / UB): 697
Schedule is valid
 Time taken: 75.89 seconds
SAT

=> TOTAL COMPLETION TIME (Makespan / UB): 696
Schedule is valid
 Time taken: 75.90 seconds
SAT

=> TOTAL COMPLETION TIME (Makespan / UB): 695
Schedule is valid
 Time taken: 78.36 seconds
[runlim] sample:		79.94 time, 80.01 real, 370 MB, 1.16 load
SAT

=> TOTAL COMPLETION TIME (Makespan / UB): 694
Schedule is valid
 Time taken: 86.19 seconds
SAT

=> TOTAL COMPLETION TIME (Makespan / UB): 693
Schedule is valid
 Time taken: 88.91 seconds
[runlim] sample:		89.93 time, 90.01 real, 382 MB, 1.13 load
[runlim] sample:		99.93 time, 100.01 real, 369 MB, 1.11 load
SAT

=> TOTAL COMPLETION TIME (Makespan / UB): 692
Schedule is valid
 Time taken: 100.92 seconds
SAT

=> TOTAL COMPLETION TIME (Makespan / UB): 691
Schedule is valid
 Time taken: 101.03 seconds
[runlim] sample:		109.93 time, 110.01 real, 382 MB, 1.10 load
[runlim] sample:		119.91 time, 120.01 real, 407 MB, 1.08 load
[runlim] sample:		129.91 time, 130.01 real, 405 MB, 1.07 load
[runlim] sample:		139.90 time, 140.01 real, 380 MB, 1.06 load
[runlim] sample:		149.90 time, 150.01 real, 399 MB, 1.05 load
SAT

=> TOTAL COMPLETION TIME (Makespan / UB): 690
Schedule is valid
 Time taken: 157.17 seconds
[runlim] sample:		159.89 time, 160.01 real, 480 MB, 1.04 load
[runlim] sample:		169.89 time, 170.01 real, 384 MB, 1.03 load
SAT

=> TOTAL COMPLETION TIME (Makespan / UB): 689
Schedule is valid
 Time taken: 170.22 seconds
[runlim] sample:		179.88 time, 180.01 real, 384 MB, 1.03 load
[runlim] sample:		189.87 time, 190.01 real, 386 MB, 1.02 load
[runlim] sample:		199.88 time, 200.01 real, 383 MB, 1.02 load
SAT

=> TOTAL COMPLETION TIME (Makespan / UB): 688
Schedule is valid
 Time taken: 208.62 seconds
[runlim] sample:		209.87 time, 210.01 real, 383 MB, 1.02 load
SAT

=> TOTAL COMPLETION TIME (Makespan / UB): 687
Schedule is valid
 Time taken: 211.13 seconds
SAT

=> TOTAL COMPLETION TIME (Makespan / UB): 686
Schedule is valid
 Time taken: 213.91 seconds
SAT

=> TOTAL COMPLETION TIME (Makespan / UB): 685
Schedule is valid
 Time taken: 216.09 seconds
[runlim] sample:		219.87 time, 220.01 real, 386 MB, 1.01 load
SAT

=> TOTAL COMPLETION TIME (Makespan / UB): 684
Schedule is valid
 Time taken: 225.77 seconds
[runlim] sample:		229.86 time, 230.01 real, 386 MB, 1.01 load
SAT

=> TOTAL COMPLETION TIME (Makespan / UB): 683
Schedule is valid
 Time taken: 239.49 seconds
[runlim] sample:		239.86 time, 240.01 real, 357 MB, 1.01 load
[runlim] sample:		249.85 time, 250.01 real, 359 MB, 1.01 load
SAT

=> TOTAL COMPLETION TIME (Makespan / UB): 682
Schedule is valid
 Time taken: 250.43 seconds
SAT

=> TOTAL COMPLETION TIME (Makespan / UB): 681
Schedule is valid
 Time taken: 250.44 seconds
[runlim] sample:		259.84 time, 260.01 real, 358 MB, 1.00 load
[runlim] sample:		269.84 time, 270.01 real, 373 MB, 1.08 load
[runlim] sample:		279.84 time, 280.01 real, 374 MB, 1.07 load
[runlim] sample:		289.83 time, 290.01 real, 370 MB, 1.06 load
[runlim] sample:		299.82 time, 300.01 real, 373 MB, 1.05 load
[runlim] sample:		309.82 time, 310.01 real, 376 MB, 1.04 load
SAT

=> TOTAL COMPLETION TIME (Makespan / UB): 680
Schedule is valid
 Time taken: 310.53 seconds
SAT

=> TOTAL COMPLETION TIME (Makespan / UB): 679
Schedule is valid
 Time taken: 314.89 seconds
SAT

=> TOTAL COMPLETION TIME (Makespan / UB): 678
Schedule is valid
 Time taken: 315.08 seconds
[runlim] sample:		319.81 time, 320.01 real, 362 MB, 1.03 load
[runlim] sample:		329.81 time, 330.01 real, 375 MB, 1.03 load
[runlim] sample:		339.80 time, 340.01 real, 375 MB, 1.02 load
[runlim] sample:		349.80 time, 350.01 real, 371 MB, 1.02 load
[runlim] sample:		359.79 time, 360.01 real, 360 MB, 1.02 load
SAT

=> TOTAL COMPLETION TIME (Makespan / UB): 677
Schedule is valid
 Time taken: 365.55 seconds
SAT

=> TOTAL COMPLETION TIME (Makespan / UB): 676
Schedule is valid
 Time taken: 368.10 seconds
[runlim] sample:		369.78 time, 370.01 real, 393 MB, 1.01 load
SAT

=> TOTAL COMPLETION TIME (Makespan / UB): 675
Schedule is valid
 Time taken: 378.91 seconds
[runlim] sample:		379.78 time, 380.01 real, 361 MB, 1.01 load
[runlim] sample:		389.78 time, 390.01 real, 374 MB, 1.01 load
[runlim] sample:		399.77 time, 400.01 real, 376 MB, 1.01 load
[runlim] sample:		409.76 time, 410.01 real, 416 MB, 1.00 load
[runlim] sample:		419.76 time, 420.01 real, 411 MB, 1.08 load
[runlim] sample:		429.76 time, 430.01 real, 417 MB, 1.15 load
SAT

=> TOTAL COMPLETION TIME (Makespan / UB): 674
Schedule is valid
 Time taken: 438.95 seconds
[runlim] sample:		439.75 time, 440.01 real, 421 MB, 1.12 load
SAT

=> TOTAL COMPLETION TIME (Makespan / UB): 673
Schedule is valid
 Time taken: 449.86 seconds
SAT

=> TOTAL COMPLETION TIME (Makespan / UB): 672
Schedule is valid
 Time taken: 449.87 seconds
[runlim] sample:		449.74 time, 450.01 real, 377 MB, 1.10 load
SAT

=> TOTAL COMPLETION TIME (Makespan / UB): 671
Schedule is valid
 Time taken: 452.16 seconds
SAT

=> TOTAL COMPLETION TIME (Makespan / UB): 670
Schedule is valid
 Time taken: 452.17 seconds
SAT

=> TOTAL COMPLETION TIME (Makespan / UB): 669
Schedule is valid
 Time taken: 456.40 seconds
[runlim] sample:		459.74 time, 460.01 real, 390 MB, 1.09 load
SAT

=> TOTAL COMPLETION TIME (Makespan / UB): 668
Schedule is valid
 Time taken: 468.00 seconds
SAT

=> TOTAL COMPLETION TIME (Makespan / UB): 667
Schedule is valid
 Time taken: 468.13 seconds
[runlim] sample:		469.73 time, 470.01 real, 390 MB, 1.07 load
SAT

=> TOTAL COMPLETION TIME (Makespan / UB): 666
Schedule is valid
 Time taken: 471.64 seconds
[runlim] sample:		479.73 time, 480.01 real, 362 MB, 1.06 load
SAT

=> TOTAL COMPLETION TIME (Makespan / UB): 665
Schedule is valid
 Time taken: 481.59 seconds
SAT

=> TOTAL COMPLETION TIME (Makespan / UB): 664
Schedule is valid
 Time taken: 482.14 seconds
SAT

=> TOTAL COMPLETION TIME (Makespan / UB): 663
Schedule is valid
 Time taken: 482.15 seconds
[runlim] sample:		489.72 time, 490.01 real, 375 MB, 1.05 load
[runlim] sample:		499.72 time, 500.01 real, 375 MB, 1.04 load
[runlim] sample:		509.71 time, 510.01 real, 361 MB, 1.04 load
[runlim] sample:		519.71 time, 520.01 real, 387 MB, 1.03 load
[runlim] sample:		529.70 time, 530.01 real, 389 MB, 1.02 load
[runlim] sample:		539.70 time, 540.01 real, 395 MB, 1.02 load
[runlim] sample:		549.69 time, 550.01 real, 395 MB, 1.02 load
[runlim] sample:		559.69 time, 560.01 real, 396 MB, 1.01 load
[runlim] sample:		569.69 time, 570.01 real, 421 MB, 1.01 load
[runlim] sample:		579.67 time, 580.01 real, 412 MB, 1.01 load
[runlim] sample:		589.67 time, 590.01 real, 412 MB, 1.01 load
[runlim] sample:		599.67 time, 600.01 real, 412 MB, 1.01 load
[runlim] sample:		609.67 time, 610.01 real, 412 MB, 1.00 load
[runlim] sample:		619.66 time, 620.01 real, 412 MB, 1.00 load
[runlim] sample:		629.66 time, 630.01 real, 413 MB, 1.00 load
[runlim] sample:		639.65 time, 640.01 real, 413 MB, 1.08 load
[runlim] sample:		649.65 time, 650.01 real, 387 MB, 1.07 load
[runlim] sample:		659.64 time, 660.01 real, 397 MB, 1.06 load
[runlim] sample:		669.63 time, 670.01 real, 394 MB, 1.05 load
[runlim] sample:		679.63 time, 680.01 real, 394 MB, 1.04 load
[runlim] sample:		689.62 time, 690.01 real, 397 MB, 1.03 load
[runlim] sample:		699.62 time, 700.01 real, 430 MB, 1.10 load
[runlim] sample:		709.61 time, 710.01 real, 426 MB, 1.09 load
[runlim] sample:		719.61 time, 720.01 real, 426 MB, 1.07 load
[runlim] sample:		729.61 time, 730.01 real, 429 MB, 1.06 load
[runlim] sample:		739.60 time, 740.01 real, 429 MB, 1.12 load
[runlim] sample:		749.59 time, 750.01 real, 429 MB, 1.11 load
[runlim] sample:		759.60 time, 760.01 real, 428 MB, 1.09 load
[runlim] sample:		769.59 time, 770.01 real, 428 MB, 1.15 load
[runlim] sample:		779.58 time, 780.01 real, 431 MB, 1.13 load
[runlim] sample:		789.58 time, 790.01 real, 431 MB, 1.11 load
[runlim] sample:		799.58 time, 800.01 real, 426 MB, 1.09 load
[runlim] sample:		809.57 time, 810.01 real, 426 MB, 1.08 load
[runlim] sample:		819.57 time, 820.01 real, 420 MB, 1.06 load
[runlim] sample:		829.56 time, 830.01 real, 420 MB, 1.05 load
[runlim] sample:		839.56 time, 840.01 real, 420 MB, 1.04 load
[runlim] sample:		849.55 time, 850.01 real, 420 MB, 1.04 load
[runlim] sample:		859.54 time, 860.01 real, 421 MB, 1.03 load
[runlim] sample:		869.54 time, 870.01 real, 422 MB, 1.03 load
[runlim] sample:		879.54 time, 880.01 real, 422 MB, 1.02 load
[runlim] sample:		889.53 time, 890.01 real, 422 MB, 1.02 load
[runlim] sample:		899.53 time, 900.01 real, 422 MB, 1.01 load
[runlim] sample:		909.52 time, 910.01 real, 423 MB, 1.01 load
[runlim] sample:		919.52 time, 920.01 real, 423 MB, 1.09 load
[runlim] sample:		929.51 time, 930.01 real, 423 MB, 1.22 load
[runlim] sample:		939.51 time, 940.01 real, 423 MB, 1.19 load
[runlim] sample:		949.50 time, 950.01 real, 423 MB, 1.16 load
[runlim] sample:		959.50 time, 960.01 real, 424 MB, 1.13 load
[runlim] sample:		969.49 time, 970.01 real, 424 MB, 1.11 load
[runlim] sample:		979.49 time, 980.01 real, 424 MB, 1.10 load
[runlim] sample:		989.48 time, 990.01 real, 424 MB, 1.08 load
[runlim] sample:		999.48 time, 1000.01 real, 424 MB, 1.07 load
[runlim] sample:		1009.47 time, 1010.01 real, 424 MB, 1.06 load
[runlim] sample:		1019.46 time, 1020.01 real, 424 MB, 1.05 load
[runlim] sample:		1029.46 time, 1030.01 real, 424 MB, 1.04 load
[runlim] sample:		1039.46 time, 1040.01 real, 425 MB, 1.03 load
[runlim] sample:		1049.45 time, 1050.01 real, 425 MB, 1.03 load
[runlim] sample:		1059.45 time, 1060.01 real, 425 MB, 1.02 load
[runlim] sample:		1069.44 time, 1070.01 real, 425 MB, 1.02 load
[runlim] sample:		1079.44 time, 1080.01 real, 425 MB, 1.02 load
[runlim] sample:		1089.43 time, 1090.01 real, 425 MB, 1.01 load
[runlim] sample:		1099.43 time, 1100.01 real, 426 MB, 1.01 load
[runlim] sample:		1109.42 time, 1110.01 real, 426 MB, 1.01 load
[runlim] sample:		1119.42 time, 1120.01 real, 426 MB, 1.08 load
[runlim] sample:		1129.42 time, 1130.01 real, 426 MB, 1.07 load
[runlim] sample:		1139.41 time, 1140.01 real, 426 MB, 1.06 load
[runlim] sample:		1149.40 time, 1150.01 real, 426 MB, 1.05 load
[runlim] sample:		1159.39 time, 1160.01 real, 426 MB, 1.04 load
[runlim] sample:		1169.39 time, 1170.01 real, 426 MB, 1.03 load
[runlim] sample:		1179.39 time, 1180.01 real, 427 MB, 1.03 load
[runlim] sample:		1189.38 time, 1190.01 real, 427 MB, 1.02 load
[runlim] sample:		1199.38 time, 1200.01 real, 436 MB, 1.02 load
[runlim] sample:		1209.38 time, 1210.01 real, 436 MB, 1.02 load
[runlim] sample:		1219.37 time, 1220.01 real, 438 MB, 1.01 load
[runlim] sample:		1229.37 time, 1230.01 real, 438 MB, 1.01 load
[runlim] sample:		1239.36 time, 1240.01 real, 438 MB, 1.01 load
[runlim] sample:		1249.36 time, 1250.01 real, 443 MB, 1.01 load
[runlim] sample:		1259.35 time, 1260.01 real, 443 MB, 1.00 load
[runlim] sample:		1269.35 time, 1270.01 real, 443 MB, 1.00 load
[runlim] sample:		1279.35 time, 1280.01 real, 446 MB, 1.00 load
[runlim] sample:		1289.35 time, 1290.01 real, 446 MB, 1.00 load
[runlim] sample:		1299.35 time, 1300.01 real, 446 MB, 1.00 load
[runlim] sample:		1309.34 time, 1310.01 real, 446 MB, 1.00 load
[runlim] sample:		1319.34 time, 1320.01 real, 446 MB, 1.00 load
[runlim] sample:		1329.33 time, 1330.01 real, 446 MB, 1.00 load
[runlim] sample:		1339.33 time, 1340.01 real, 446 MB, 1.00 load
[runlim] sample:		1349.32 time, 1350.01 real, 448 MB, 1.00 load
[runlim] sample:		1359.32 time, 1360.01 real, 448 MB, 1.00 load
[runlim] sample:		1369.32 time, 1370.01 real, 441 MB, 1.16 load
[runlim] sample:		1379.31 time, 1380.01 real, 441 MB, 1.13 load
[runlim] sample:		1389.31 time, 1390.01 real, 445 MB, 1.11 load
[runlim] sample:		1399.30 time, 1400.01 real, 445 MB, 1.10 load
[runlim] sample:		1409.29 time, 1410.01 real, 442 MB, 1.08 load
[runlim] sample:		1419.29 time, 1420.01 real, 442 MB, 1.15 load
[runlim] sample:		1429.29 time, 1430.01 real, 440 MB, 1.20 load
[runlim] sample:		1439.29 time, 1440.01 real, 440 MB, 1.24 load
[runlim] sample:		1449.28 time, 1450.01 real, 444 MB, 1.20 load
[runlim] sample:		1459.27 time, 1460.01 real, 444 MB, 1.17 load
[runlim] sample:		1469.27 time, 1470.01 real, 448 MB, 1.15 load
[runlim] sample:		1479.27 time, 1480.01 real, 448 MB, 1.12 load
[runlim] sample:		1489.27 time, 1490.01 real, 440 MB, 1.10 load
[runlim] sample:		1499.26 time, 1500.01 real, 440 MB, 1.09 load
[runlim] sample:		1509.25 time, 1510.01 real, 445 MB, 1.07 load
[runlim] sample:		1519.25 time, 1520.01 real, 445 MB, 1.06 load
[runlim] sample:		1529.24 time, 1530.01 real, 446 MB, 1.05 load
[runlim] sample:		1539.24 time, 1540.01 real, 446 MB, 1.04 load
[runlim] sample:		1549.24 time, 1550.01 real, 447 MB, 1.04 load
[runlim] sample:		1559.23 time, 1560.01 real, 447 MB, 1.03 load
[runlim] sample:		1569.23 time, 1570.01 real, 447 MB, 1.02 load
[runlim] sample:		1579.23 time, 1580.01 real, 447 MB, 1.02 load
[runlim] sample:		1589.22 time, 1590.01 real, 450 MB, 1.02 load
[runlim] sample:		1599.22 time, 1600.01 real, 450 MB, 1.01 load
[runlim] sample:		1609.21 time, 1610.01 real, 450 MB, 1.01 load
[runlim] sample:		1619.21 time, 1620.01 real, 450 MB, 1.01 load
[runlim] sample:		1629.20 time, 1630.01 real, 450 MB, 1.01 load
[runlim] sample:		1639.20 time, 1640.01 real, 450 MB, 1.01 load
[runlim] sample:		1649.19 time, 1650.01 real, 454 MB, 1.00 load
[runlim] sample:		1659.18 time, 1660.01 real, 454 MB, 1.00 load
[runlim] sample:		1669.18 time, 1670.01 real, 464 MB, 1.00 load
[runlim] sample:		1679.18 time, 1680.01 real, 464 MB, 1.00 load
[runlim] sample:		1689.17 time, 1690.01 real, 464 MB, 1.00 load
[runlim] sample:		1699.17 time, 1700.01 real, 459 MB, 1.00 load
[runlim] sample:		1709.16 time, 1710.01 real, 459 MB, 1.00 load
[runlim] sample:		1719.16 time, 1720.01 real, 459 MB, 1.00 load
[runlim] sample:		1729.15 time, 1730.01 real, 459 MB, 1.07 load
[runlim] sample:		1739.15 time, 1740.01 real, 446 MB, 1.06 load
[runlim] sample:		1749.15 time, 1750.01 real, 446 MB, 1.05 load
[runlim] sample:		1759.15 time, 1760.01 real, 446 MB, 1.04 load
[runlim] sample:		1769.14 time, 1770.01 real, 446 MB, 1.11 load
[runlim] sample:		1779.14 time, 1780.01 real, 446 MB, 1.09 load
[runlim] sample:		1789.13 time, 1790.01 real, 446 MB, 1.08 load
[runlim] sample:		1799.13 time, 1800.01 real, 445 MB, 1.07 load
SAT

=> TOTAL COMPLETION TIME (Makespan / UB): 662
Schedule is valid
 Time taken: 1808.60 seconds
[runlim] sample:		1809.12 time, 1810.01 real, 374 MB, 1.06 load
[runlim] sample:		1819.12 time, 1820.01 real, 374 MB, 1.05 load
[runlim] sample:		1829.12 time, 1830.01 real, 386 MB, 1.04 load
[runlim] sample:		1839.12 time, 1840.01 real, 387 MB, 1.03 load
[runlim] sample:		1849.11 time, 1850.01 real, 387 MB, 1.03 load
[runlim] sample:		1859.10 time, 1860.01 real, 379 MB, 1.02 load
[runlim] sample:		1869.10 time, 1870.01 real, 379 MB, 1.02 load
[runlim] sample:		1879.10 time, 1880.01 real, 389 MB, 1.02 load
[runlim] sample:		1889.09 time, 1890.01 real, 389 MB, 1.01 load
[runlim] sample:		1899.09 time, 1900.01 real, 389 MB, 1.01 load
[runlim] sample:		1909.08 time, 1910.01 real, 382 MB, 1.01 load
[runlim] sample:		1919.08 time, 1920.01 real, 382 MB, 1.09 load
[runlim] sample:		1929.07 time, 1930.01 real, 382 MB, 1.15 load
[runlim] sample:		1939.07 time, 1940.01 real, 382 MB, 1.12 load
[runlim] sample:		1949.06 time, 1950.01 real, 415 MB, 1.10 load
[runlim] sample:		1959.06 time, 1960.01 real, 415 MB, 1.09 load
[runlim] sample:		1969.05 time, 1970.01 real, 415 MB, 1.15 load
[runlim] sample:		1979.05 time, 1980.01 real, 415 MB, 1.13 load
[runlim] sample:		1989.05 time, 1990.01 real, 416 MB, 1.19 load
[runlim] sample:		1999.05 time, 2000.01 real, 416 MB, 1.16 load
[runlim] sample:		2009.04 time, 2010.01 real, 428 MB, 1.13 load
[runlim] sample:		2019.03 time, 2020.01 real, 428 MB, 1.11 load
[runlim] sample:		2029.03 time, 2030.01 real, 428 MB, 1.10 load
[runlim] sample:		2039.02 time, 2040.01 real, 428 MB, 1.08 load
[runlim] sample:		2049.03 time, 2050.01 real, 438 MB, 1.07 load
[runlim] sample:		2059.02 time, 2060.01 real, 438 MB, 1.06 load
[runlim] sample:		2069.02 time, 2070.01 real, 438 MB, 1.05 load
[runlim] sample:		2079.02 time, 2080.01 real, 438 MB, 1.04 load
[runlim] sample:		2089.01 time, 2090.01 real, 394 MB, 1.03 load
[runlim] sample:		2099.01 time, 2100.01 real, 394 MB, 1.03 load
[runlim] sample:		2109.00 time, 2110.01 real, 394 MB, 1.02 load
[runlim] sample:		2119.00 time, 2120.01 real, 394 MB, 1.02 load
[runlim] sample:		2128.99 time, 2130.01 real, 398 MB, 1.02 load
[runlim] sample:		2138.99 time, 2140.01 real, 398 MB, 1.01 load
[runlim] sample:		2148.98 time, 2150.01 real, 398 MB, 1.01 load
[runlim] sample:		2158.97 time, 2160.01 real, 391 MB, 1.01 load
[runlim] sample:		2168.97 time, 2170.01 real, 391 MB, 1.01 load
[runlim] sample:		2178.97 time, 2180.01 real, 391 MB, 1.00 load
[runlim] sample:		2188.96 time, 2190.01 real, 395 MB, 1.00 load
[runlim] sample:		2198.95 time, 2200.01 real, 395 MB, 1.00 load
[runlim] sample:		2208.95 time, 2210.01 real, 395 MB, 1.00 load
[runlim] sample:		2218.95 time, 2220.01 real, 395 MB, 1.00 load
[runlim] sample:		2228.94 time, 2230.01 real, 379 MB, 1.00 load
[runlim] sample:		2238.94 time, 2240.01 real, 423 MB, 1.00 load
[runlim] sample:		2248.94 time, 2250.01 real, 423 MB, 1.00 load
[runlim] sample:		2258.93 time, 2260.01 real, 423 MB, 1.00 load
[runlim] sample:		2268.92 time, 2270.01 real, 424 MB, 1.00 load
[runlim] sample:		2278.92 time, 2280.01 real, 424 MB, 1.00 load
[runlim] sample:		2288.92 time, 2290.01 real, 424 MB, 1.00 load
[runlim] sample:		2298.91 time, 2300.01 real, 424 MB, 1.00 load
[runlim] sample:		2308.91 time, 2310.01 real, 425 MB, 1.00 load
[runlim] sample:		2318.91 time, 2320.01 real, 425 MB, 1.00 load
[runlim] sample:		2328.90 time, 2330.01 real, 425 MB, 1.00 load
[runlim] sample:		2338.90 time, 2340.01 real, 425 MB, 1.00 load
[runlim] sample:		2348.89 time, 2350.01 real, 426 MB, 1.00 load
[runlim] sample:		2358.89 time, 2360.01 real, 426 MB, 1.00 load
[runlim] sample:		2368.88 time, 2370.01 real, 426 MB, 1.00 load
[runlim] sample:		2378.88 time, 2380.01 real, 426 MB, 1.00 load
[runlim] sample:		2388.88 time, 2390.01 real, 426 MB, 1.00 load
[runlim] sample:		2398.87 time, 2400.01 real, 426 MB, 1.00 load
[runlim] sample:		2408.86 time, 2410.01 real, 365 MB, 1.00 load
[runlim] sample:		2418.86 time, 2420.01 real, 365 MB, 1.08 load
[runlim] sample:		2428.85 time, 2430.01 real, 365 MB, 1.14 load
[runlim] sample:		2438.85 time, 2440.01 real, 383 MB, 1.12 load
[runlim] sample:		2448.84 time, 2450.01 real, 383 MB, 1.10 load
[runlim] sample:		2458.84 time, 2460.01 real, 383 MB, 1.08 load
[runlim] sample:		2468.83 time, 2470.01 real, 383 MB, 1.07 load
[runlim] sample:		2478.84 time, 2480.01 real, 383 MB, 1.06 load
[runlim] sample:		2488.83 time, 2490.01 real, 383 MB, 1.05 load
[runlim] sample:		2498.82 time, 2500.01 real, 383 MB, 1.04 load
[runlim] sample:		2508.82 time, 2510.01 real, 383 MB, 1.04 load
[runlim] sample:		2518.82 time, 2520.01 real, 383 MB, 1.03 load
[runlim] sample:		2528.80 time, 2530.01 real, 384 MB, 1.02 load
[runlim] sample:		2538.80 time, 2540.01 real, 384 MB, 1.02 load
[runlim] sample:		2548.79 time, 2550.01 real, 384 MB, 1.02 load
[runlim] sample:		2558.79 time, 2560.01 real, 384 MB, 1.01 load
[runlim] sample:		2568.79 time, 2570.01 real, 384 MB, 1.01 load
[runlim] sample:		2578.78 time, 2580.01 real, 384 MB, 1.01 load
[runlim] sample:		2588.78 time, 2590.01 real, 428 MB, 1.01 load
[runlim] sample:		2598.77 time, 2600.01 real, 428 MB, 1.01 load
[runlim] sample:		2608.77 time, 2610.01 real, 428 MB, 1.00 load
[runlim] sample:		2618.76 time, 2620.01 real, 429 MB, 1.00 load
[runlim] sample:		2628.76 time, 2630.01 real, 429 MB, 1.00 load
[runlim] sample:		2638.75 time, 2640.01 real, 429 MB, 1.00 load
[runlim] sample:		2648.75 time, 2650.01 real, 444 MB, 1.00 load
[runlim] sample:		2658.75 time, 2660.01 real, 444 MB, 1.00 load
[runlim] sample:		2668.74 time, 2670.01 real, 444 MB, 1.00 load
[runlim] sample:		2678.74 time, 2680.01 real, 444 MB, 1.00 load
[runlim] sample:		2688.73 time, 2690.01 real, 444 MB, 1.00 load
[runlim] sample:		2698.72 time, 2700.01 real, 448 MB, 1.00 load
[runlim] sample:		2708.72 time, 2710.01 real, 448 MB, 1.00 load
[runlim] sample:		2718.72 time, 2720.01 real, 448 MB, 1.00 load
[runlim] sample:		2728.71 time, 2730.01 real, 448 MB, 1.00 load
[runlim] sample:		2738.71 time, 2740.01 real, 448 MB, 1.00 load
[runlim] sample:		2748.70 time, 2750.01 real, 460 MB, 1.00 load
[runlim] sample:		2758.70 time, 2760.01 real, 460 MB, 1.00 load
[runlim] sample:		2768.69 time, 2770.01 real, 460 MB, 1.00 load
[runlim] sample:		2778.69 time, 2780.01 real, 459 MB, 1.00 load
[runlim] sample:		2788.68 time, 2790.01 real, 459 MB, 1.00 load
[runlim] sample:		2798.68 time, 2800.01 real, 460 MB, 1.00 load
[runlim] sample:		2808.67 time, 2810.01 real, 460 MB, 1.00 load
[runlim] sample:		2818.67 time, 2820.01 real, 460 MB, 1.00 load
[runlim] sample:		2828.66 time, 2830.01 real, 460 MB, 1.00 load
[runlim] sample:		2838.66 time, 2840.01 real, 449 MB, 1.00 load
[runlim] sample:		2848.65 time, 2850.01 real, 449 MB, 1.00 load
[runlim] sample:		2858.65 time, 2860.01 real, 449 MB, 1.00 load
[runlim] sample:		2868.64 time, 2870.01 real, 450 MB, 1.00 load
[runlim] sample:		2878.64 time, 2880.01 real, 450 MB, 1.00 load
SAT

=> TOTAL COMPLETION TIME (Makespan / UB): 661
Schedule is valid
 Time taken: 2885.19 seconds
SAT

=> TOTAL COMPLETION TIME (Makespan / UB): 660
Schedule is valid
 Time taken: 2885.36 seconds
[runlim] sample:		2888.63 time, 2890.01 real, 432 MB, 1.08 load
SAT

=> TOTAL COMPLETION TIME (Makespan / UB): 659
Schedule is valid
 Time taken: 2899.42 seconds
[runlim] sample:		2898.64 time, 2900.01 real, 451 MB, 1.07 load
[runlim] sample:		2908.63 time, 2910.01 real, 451 MB, 1.06 load
[runlim] sample:		2918.62 time, 2920.01 real, 451 MB, 1.13 load
[runlim] sample:		2928.62 time, 2930.01 real, 460 MB, 1.18 load
[runlim] sample:		2938.62 time, 2940.01 real, 452 MB, 1.15 load
[runlim] sample:		2948.61 time, 2950.01 real, 452 MB, 1.20 load
[runlim] sample:		2958.61 time, 2960.01 real, 452 MB, 1.17 load
[runlim] sample:		2968.60 time, 2970.01 real, 452 MB, 1.22 load
[runlim] sample:		2978.60 time, 2980.01 real, 459 MB, 1.19 load
[runlim] sample:		2988.59 time, 2990.01 real, 459 MB, 1.23 load
[runlim] sample:		2998.59 time, 3000.01 real, 459 MB, 1.19 load
[runlim] sample:		3008.58 time, 3010.01 real, 459 MB, 1.24 load
[runlim] sample:		3018.58 time, 3020.01 real, 456 MB, 1.20 load
[runlim] sample:		3028.57 time, 3030.01 real, 456 MB, 1.24 load
[runlim] sample:		3038.57 time, 3040.01 real, 456 MB, 1.21 load
[runlim] sample:		3048.56 time, 3050.01 real, 456 MB, 1.17 load
[runlim] sample:		3058.56 time, 3060.01 real, 447 MB, 1.15 load
[runlim] sample:		3068.56 time, 3070.01 real, 447 MB, 1.12 load
[runlim] sample:		3078.56 time, 3080.01 real, 447 MB, 1.10 load
[runlim] sample:		3088.55 time, 3090.01 real, 447 MB, 1.09 load
[runlim] sample:		3098.54 time, 3100.01 real, 387 MB, 1.07 load
[runlim] sample:		3108.53 time, 3110.01 real, 407 MB, 1.06 load
[runlim] sample:		3118.53 time, 3120.01 real, 407 MB, 1.05 load
SAT

=> TOTAL COMPLETION TIME (Makespan / UB): 658
Schedule is valid
 Time taken: 3129.16 seconds
[runlim] sample:		3128.53 time, 3130.01 real, 425 MB, 1.04 load
[runlim] sample:		3138.53 time, 3140.01 real, 425 MB, 1.04 load
[runlim] sample:		3148.52 time, 3150.01 real, 421 MB, 1.03 load
[runlim] sample:		3158.51 time, 3160.01 real, 421 MB, 1.02 load
[runlim] sample:		3168.51 time, 3170.01 real, 421 MB, 1.02 load
[runlim] sample:		3178.50 time, 3180.01 real, 421 MB, 1.02 load
[runlim] sample:		3188.50 time, 3190.01 real, 413 MB, 1.01 load
[runlim] sample:		3198.50 time, 3200.01 real, 413 MB, 1.01 load
[runlim] sample:		3208.49 time, 3210.01 real, 413 MB, 1.01 load
[runlim] sample:		3218.49 time, 3220.01 real, 413 MB, 1.01 load
[runlim] sample:		3228.48 time, 3230.01 real, 443 MB, 1.01 load
[runlim] sample:		3238.47 time, 3240.01 real, 443 MB, 1.00 load
[runlim] sample:		3248.47 time, 3250.01 real, 443 MB, 1.00 load
[runlim] sample:		3258.46 time, 3260.01 real, 443 MB, 1.00 load
[runlim] sample:		3268.46 time, 3270.01 real, 453 MB, 1.00 load
[runlim] sample:		3278.45 time, 3280.01 real, 432 MB, 1.00 load
[runlim] sample:		3288.45 time, 3290.01 real, 432 MB, 1.00 load
[runlim] sample:		3298.44 time, 3300.01 real, 432 MB, 1.00 load
[runlim] sample:		3308.44 time, 3310.01 real, 432 MB, 1.00 load
[runlim] sample:		3318.44 time, 3320.01 real, 432 MB, 1.00 load
[runlim] sample:		3328.43 time, 3330.01 real, 432 MB, 1.00 load
[runlim] sample:		3338.43 time, 3340.01 real, 433 MB, 1.00 load
[runlim] sample:		3348.42 time, 3350.01 real, 433 MB, 1.00 load
[runlim] sample:		3358.42 time, 3360.01 real, 433 MB, 1.00 load
[runlim] sample:		3368.41 time, 3370.01 real, 448 MB, 1.00 load
[runlim] sample:		3378.41 time, 3380.01 real, 448 MB, 1.00 load
[runlim] sample:		3388.40 time, 3390.01 real, 448 MB, 1.00 load
[runlim] sample:		3398.40 time, 3400.01 real, 456 MB, 1.00 load
[runlim] sample:		3408.40 time, 3410.01 real, 456 MB, 1.00 load
[runlim] sample:		3418.39 time, 3420.01 real, 456 MB, 1.08 load
[runlim] sample:		3428.39 time, 3430.01 real, 456 MB, 1.14 load
[runlim] sample:		3438.39 time, 3440.01 real, 456 MB, 1.12 load
[runlim] sample:		3448.38 time, 3450.01 real, 463 MB, 1.10 load
[runlim] sample:		3458.38 time, 3460.01 real, 463 MB, 1.08 load
[runlim] sample:		3468.37 time, 3470.01 real, 463 MB, 1.07 load
[runlim] sample:		3478.37 time, 3480.01 real, 463 MB, 1.06 load
[runlim] sample:		3488.36 time, 3490.01 real, 459 MB, 1.05 load
[runlim] sample:		3498.36 time, 3500.01 real, 459 MB, 1.04 load
[runlim] sample:		3508.35 time, 3510.01 real, 459 MB, 1.04 load
[runlim] sample:		3518.35 time, 3520.01 real, 459 MB, 1.03 load
[runlim] sample:		3528.35 time, 3530.01 real, 459 MB, 1.02 load
[runlim] sample:		3538.35 time, 3540.01 real, 448 MB, 1.02 load
[runlim] sample:		3548.34 time, 3550.01 real, 448 MB, 1.02 load
[runlim] sample:		3558.34 time, 3560.01 real, 448 MB, 1.01 load
[runlim] sample:		3568.33 time, 3570.01 real, 448 MB, 1.01 load
[runlim] sample:		3578.33 time, 3580.01 real, 448 MB, 1.01 load
[runlim] sample:		3588.32 time, 3590.01 real, 434 MB, 1.01 load
[runlim] sample:		3598.32 time, 3600.01 real, 434 MB, 1.01 load
[runlim] sample:		3608.31 time, 3610.01 real, 434 MB, 1.00 load
[runlim] sample:		3618.31 time, 3620.01 real, 434 MB, 1.00 load
[runlim] sample:		3628.31 time, 3630.01 real, 434 MB, 1.00 load
[runlim] sample:		3638.31 time, 3640.01 real, 435 MB, 1.00 load
[runlim] sample:		3648.30 time, 3650.01 real, 443 MB, 1.00 load
[runlim] sample:		3658.29 time, 3660.01 real, 443 MB, 1.00 load
[runlim] sample:		3668.29 time, 3670.01 real, 443 MB, 1.00 load
[runlim] sample:		3678.28 time, 3680.01 real, 443 MB, 1.00 load
[runlim] sample:		3688.28 time, 3690.01 real, 443 MB, 1.00 load
[runlim] sample:		3698.28 time, 3700.01 real, 444 MB, 1.00 load
[runlim] sample:		3708.27 time, 3710.01 real, 444 MB, 1.00 load
[runlim] sample:		3718.27 time, 3720.01 real, 444 MB, 1.00 load
[runlim] sample:		3728.27 time, 3730.01 real, 444 MB, 1.00 load
[runlim] sample:		3738.26 time, 3740.01 real, 444 MB, 1.00 load
[runlim] sample:		3748.26 time, 3750.01 real, 444 MB, 1.00 load
[runlim] sample:		3758.26 time, 3760.01 real, 445 MB, 1.00 load
[runlim] sample:		3768.25 time, 3770.01 real, 445 MB, 1.00 load
[runlim] sample:		3778.25 time, 3780.01 real, 445 MB, 1.00 load
[runlim] sample:		3788.24 time, 3790.01 real, 445 MB, 1.00 load
[runlim] sample:		3798.24 time, 3800.01 real, 445 MB, 1.00 load
[runlim] sample:		3808.23 time, 3810.01 real, 445 MB, 1.00 load
[runlim] sample:		3818.22 time, 3820.01 real, 445 MB, 1.00 load
[runlim] sample:		3828.22 time, 3830.01 real, 445 MB, 1.00 load
[runlim] sample:		3838.22 time, 3840.01 real, 445 MB, 1.00 load
[runlim] sample:		3848.21 time, 3850.01 real, 445 MB, 1.00 load
[runlim] sample:		3858.21 time, 3860.01 real, 445 MB, 1.00 load
[runlim] sample:		3868.21 time, 3870.01 real, 446 MB, 1.00 load
[runlim] sample:		3878.20 time, 3880.01 real, 446 MB, 1.00 load
[runlim] sample:		3888.19 time, 3890.01 real, 446 MB, 1.00 load
[runlim] sample:		3898.19 time, 3900.01 real, 446 MB, 1.00 load
[runlim] sample:		3908.18 time, 3910.01 real, 446 MB, 1.00 load
[runlim] sample:		3918.18 time, 3920.01 real, 446 MB, 1.08 load
[runlim] sample:		3928.17 time, 3930.01 real, 446 MB, 1.14 load
[runlim] sample:		3938.17 time, 3940.01 real, 446 MB, 1.12 load
[runlim] sample:		3948.17 time, 3950.01 real, 446 MB, 1.10 load
[runlim] sample:		3958.17 time, 3960.01 real, 446 MB, 1.08 load
[runlim] sample:		3968.16 time, 3970.01 real, 446 MB, 1.07 load
[runlim] sample:		3978.16 time, 3980.01 real, 446 MB, 1.06 load
[runlim] sample:		3988.15 time, 3990.01 real, 557 MB, 1.05 load
[runlim] sample:		3998.15 time, 4000.01 real, 447 MB, 1.12 load
[runlim] sample:		4008.14 time, 4010.01 real, 447 MB, 1.10 load
[runlim] sample:		4018.14 time, 4020.01 real, 447 MB, 1.09 load
[runlim] sample:		4028.13 time, 4030.01 real, 447 MB, 1.07 load
[runlim] sample:		4038.13 time, 4040.01 real, 466 MB, 1.06 load
[runlim] sample:		4048.12 time, 4050.01 real, 466 MB, 1.05 load
[runlim] sample:		4058.12 time, 4060.01 real, 466 MB, 1.04 load
[runlim] sample:		4068.11 time, 4070.01 real, 466 MB, 1.04 load
[runlim] sample:		4078.11 time, 4080.01 real, 470 MB, 1.03 load
[runlim] sample:		4088.11 time, 4090.01 real, 470 MB, 1.02 load
[runlim] sample:		4098.10 time, 4100.01 real, 470 MB, 1.02 load
[runlim] sample:		4108.09 time, 4110.01 real, 470 MB, 1.02 load
[runlim] sample:		4118.09 time, 4120.01 real, 470 MB, 1.01 load
[runlim] sample:		4128.09 time, 4130.01 real, 470 MB, 1.01 load
[runlim] sample:		4138.08 time, 4140.01 real, 473 MB, 1.01 load
[runlim] sample:		4148.08 time, 4150.01 real, 473 MB, 1.01 load
[runlim] sample:		4158.07 time, 4160.01 real, 473 MB, 1.01 load
[runlim] sample:		4168.07 time, 4170.01 real, 473 MB, 1.00 load
[runlim] sample:		4178.06 time, 4180.01 real, 473 MB, 1.00 load
[runlim] sample:		4188.05 time, 4190.01 real, 474 MB, 1.00 load
[runlim] sample:		4198.05 time, 4200.01 real, 474 MB, 1.00 load
[runlim] sample:		4208.05 time, 4210.01 real, 474 MB, 1.00 load
[runlim] sample:		4218.04 time, 4220.01 real, 474 MB, 1.00 load
[runlim] sample:		4228.04 time, 4230.01 real, 474 MB, 1.00 load
[runlim] sample:		4238.04 time, 4240.01 real, 473 MB, 1.00 load
[runlim] sample:		4248.04 time, 4250.01 real, 473 MB, 1.00 load
[runlim] sample:		4258.03 time, 4260.01 real, 473 MB, 1.00 load
[runlim] sample:		4268.03 time, 4270.01 real, 473 MB, 1.00 load
SAT

=> TOTAL COMPLETION TIME (Makespan / UB): 657
Schedule is valid
 Time taken: 4276.74 seconds
[runlim] sample:		4278.02 time, 4280.01 real, 422 MB, 1.00 load
[runlim] sample:		4288.02 time, 4290.01 real, 455 MB, 1.07 load
[runlim] sample:		4298.01 time, 4300.01 real, 455 MB, 1.06 load
SAT

=> TOTAL COMPLETION TIME (Makespan / UB): 656
Schedule is valid
 Time taken: 4305.02 seconds
SAT

=> TOTAL COMPLETION TIME (Makespan / UB): 655
Schedule is valid
 Time taken: 4305.22 seconds
[runlim] sample:		4308.01 time, 4310.01 real, 455 MB, 1.05 load
[runlim] sample:		4318.00 time, 4320.01 real, 455 MB, 1.04 load
[runlim] sample:		4328.00 time, 4330.01 real, 456 MB, 1.04 load
[runlim] sample:		4338.00 time, 4340.01 real, 443 MB, 1.03 load
[runlim] sample:		4348.00 time, 4350.01 real, 444 MB, 1.02 load
[runlim] sample:		4358.00 time, 4360.01 real, 444 MB, 1.02 load
[runlim] sample:		4367.99 time, 4370.01 real, 444 MB, 1.02 load
[runlim] sample:		4377.99 time, 4380.01 real, 444 MB, 1.01 load
[runlim] sample:		4387.98 time, 4390.01 real, 446 MB, 1.01 load
[runlim] sample:		4397.97 time, 4400.01 real, 446 MB, 1.01 load
[runlim] sample:		4407.97 time, 4410.01 real, 446 MB, 1.01 load
[runlim] sample:		4417.96 time, 4420.01 real, 446 MB, 1.09 load
[runlim] sample:		4427.96 time, 4430.01 real, 446 MB, 1.15 load
[runlim] sample:		4437.95 time, 4440.01 real, 443 MB, 1.12 load
[runlim] sample:		4447.95 time, 4450.01 real, 443 MB, 1.10 load
[runlim] sample:		4457.95 time, 4460.01 real, 443 MB, 1.09 load
[runlim] sample:		4467.94 time, 4470.01 real, 443 MB, 1.07 load
[runlim] sample:		4477.94 time, 4480.01 real, 443 MB, 1.14 load
[runlim] sample:		4487.93 time, 4490.01 real, 443 MB, 1.11 load
[runlim] sample:		4497.93 time, 4500.01 real, 434 MB, 1.10 load
[runlim] sample:		4507.93 time, 4510.01 real, 434 MB, 1.08 load
[runlim] sample:		4517.92 time, 4520.01 real, 439 MB, 1.07 load
[runlim] sample:		4527.92 time, 4530.01 real, 439 MB, 1.06 load
[runlim] sample:		4537.92 time, 4540.01 real, 448 MB, 1.05 load
[runlim] sample:		4547.92 time, 4550.01 real, 448 MB, 1.04 load
[runlim] sample:		4557.91 time, 4560.01 real, 448 MB, 1.03 load
[runlim] sample:		4567.91 time, 4570.01 real, 448 MB, 1.03 load
[runlim] sample:		4577.91 time, 4580.01 real, 465 MB, 1.02 load
[runlim] sample:		4587.90 time, 4590.01 real, 465 MB, 1.02 load
[runlim] sample:		4597.90 time, 4600.01 real, 465 MB, 1.02 load
[runlim] sample:		4607.89 time, 4610.01 real, 465 MB, 1.01 load
[runlim] sample:		4617.89 time, 4620.01 real, 465 MB, 1.01 load
[runlim] sample:		4627.88 time, 4630.01 real, 468 MB, 1.01 load
[runlim] sample:		4637.87 time, 4640.01 real, 468 MB, 1.01 load
[runlim] sample:		4647.87 time, 4650.01 real, 468 MB, 1.00 load
[runlim] sample:		4657.86 time, 4660.01 real, 468 MB, 1.00 load
[runlim] sample:		4667.86 time, 4670.01 real, 468 MB, 1.00 load
[runlim] sample:		4677.86 time, 4680.01 real, 470 MB, 1.00 load
[runlim] sample:		4687.85 time, 4690.01 real, 470 MB, 1.00 load
[runlim] sample:		4697.85 time, 4700.01 real, 470 MB, 1.00 load
[runlim] sample:		4707.84 time, 4710.01 real, 470 MB, 1.00 load
[runlim] sample:		4717.83 time, 4720.01 real, 470 MB, 1.00 load
[runlim] sample:		4727.83 time, 4730.01 real, 470 MB, 1.00 load
[runlim] sample:		4737.82 time, 4740.01 real, 452 MB, 1.00 load
[runlim] sample:		4747.81 time, 4750.01 real, 452 MB, 1.00 load
[runlim] sample:		4757.81 time, 4760.01 real, 452 MB, 1.00 load
[runlim] sample:		4767.81 time, 4770.01 real, 452 MB, 1.00 load
[runlim] sample:		4777.80 time, 4780.01 real, 452 MB, 1.00 load
[runlim] sample:		4787.80 time, 4790.01 real, 452 MB, 1.00 load
[runlim] sample:		4797.80 time, 4800.01 real, 561 MB, 1.00 load
[runlim] sample:		4807.80 time, 4810.01 real, 440 MB, 1.00 load
[runlim] sample:		4817.79 time, 4820.01 real, 440 MB, 1.00 load
[runlim] sample:		4827.79 time, 4830.01 real, 440 MB, 1.00 load
[runlim] sample:		4837.79 time, 4840.01 real, 440 MB, 1.00 load
[runlim] sample:		4847.78 time, 4850.01 real, 440 MB, 1.00 load
[runlim] sample:		4857.78 time, 4860.01 real, 440 MB, 1.00 load
[runlim] sample:		4867.77 time, 4870.01 real, 441 MB, 1.00 load
[runlim] sample:		4877.76 time, 4880.01 real, 441 MB, 1.00 load
[runlim] sample:		4887.76 time, 4890.01 real, 441 MB, 1.00 load
[runlim] sample:		4897.75 time, 4900.01 real, 441 MB, 1.00 load
[runlim] sample:		4907.75 time, 4910.01 real, 441 MB, 1.00 load
[runlim] sample:		4917.74 time, 4920.01 real, 441 MB, 1.08 load
[runlim] sample:		4927.74 time, 4930.01 real, 442 MB, 1.21 load
[runlim] sample:		4937.74 time, 4940.01 real, 442 MB, 1.18 load
[runlim] sample:		4947.73 time, 4950.01 real, 442 MB, 1.15 load
[runlim] sample:		4957.73 time, 4960.01 real, 442 MB, 1.13 load
[runlim] sample:		4967.72 time, 4970.01 real, 442 MB, 1.11 load
[runlim] sample:		4977.72 time, 4980.01 real, 466 MB, 1.09 load
[runlim] sample:		4987.71 time, 4990.01 real, 466 MB, 1.16 load
[runlim] sample:		4997.71 time, 5000.01 real, 466 MB, 1.13 load
[runlim] sample:		5007.70 time, 5010.01 real, 467 MB, 1.19 load
[runlim] sample:		5017.69 time, 5020.01 real, 467 MB, 1.16 load
[runlim] sample:		5027.69 time, 5030.01 real, 467 MB, 1.22 load
[runlim] sample:		5037.68 time, 5040.01 real, 467 MB, 1.18 load
[runlim] sample:		5047.68 time, 5050.01 real, 467 MB, 1.16 load
[runlim] sample:		5057.67 time, 5060.01 real, 467 MB, 1.13 load
[runlim] sample:		5067.67 time, 5070.01 real, 468 MB, 1.11 load
[runlim] sample:		5077.67 time, 5080.01 real, 468 MB, 1.09 load
[runlim] sample:		5087.66 time, 5090.01 real, 468 MB, 1.08 load
[runlim] sample:		5097.66 time, 5100.01 real, 468 MB, 1.07 load
[runlim] sample:		5107.65 time, 5110.01 real, 468 MB, 1.06 load
[runlim] sample:		5117.65 time, 5120.01 real, 468 MB, 1.05 load
[runlim] sample:		5127.64 time, 5130.01 real, 468 MB, 1.04 load
[runlim] sample:		5137.64 time, 5140.01 real, 468 MB, 1.03 load
[runlim] sample:		5147.63 time, 5150.01 real, 468 MB, 1.03 load
[runlim] sample:		5157.63 time, 5160.01 real, 468 MB, 1.02 load
[runlim] sample:		5167.62 time, 5170.01 real, 468 MB, 1.02 load
[runlim] sample:		5177.62 time, 5180.01 real, 468 MB, 1.02 load
[runlim] sample:		5187.61 time, 5190.01 real, 468 MB, 1.01 load
[runlim] sample:		5197.60 time, 5200.01 real, 469 MB, 1.01 load
[runlim] sample:		5207.60 time, 5210.01 real, 469 MB, 1.01 load
[runlim] sample:		5217.59 time, 5220.01 real, 469 MB, 1.01 load
[runlim] sample:		5227.59 time, 5230.01 real, 469 MB, 1.00 load
[runlim] sample:		5237.59 time, 5240.01 real, 469 MB, 1.00 load
[runlim] sample:		5247.59 time, 5250.01 real, 493 MB, 1.00 load
[runlim] sample:		5257.58 time, 5260.01 real, 493 MB, 1.00 load
[runlim] sample:		5267.58 time, 5270.01 real, 493 MB, 1.00 load
[runlim] sample:		5277.57 time, 5280.01 real, 493 MB, 1.00 load
[runlim] sample:		5287.57 time, 5290.01 real, 493 MB, 1.00 load
[runlim] sample:		5297.56 time, 5300.01 real, 493 MB, 1.00 load
[runlim] sample:		5307.56 time, 5310.01 real, 493 MB, 1.00 load
[runlim] sample:		5317.55 time, 5320.01 real, 493 MB, 1.00 load
[runlim] sample:		5327.55 time, 5330.01 real, 504 MB, 1.00 load
[runlim] sample:		5337.55 time, 5340.01 real, 504 MB, 1.00 load
[runlim] sample:		5347.54 time, 5350.01 real, 504 MB, 1.00 load
[runlim] sample:		5357.54 time, 5360.01 real, 504 MB, 1.00 load
[runlim] sample:		5367.53 time, 5370.01 real, 504 MB, 1.00 load
[runlim] sample:		5377.53 time, 5380.01 real, 504 MB, 1.00 load
[runlim] sample:		5387.52 time, 5390.01 real, 504 MB, 1.00 load
[runlim] sample:		5397.52 time, 5400.01 real, 504 MB, 1.00 load
[runlim] sample:		5407.51 time, 5410.01 real, 504 MB, 1.00 load
[runlim] sample:		5417.51 time, 5420.01 real, 504 MB, 1.08 load
[runlim] sample:		5427.50 time, 5430.01 real, 504 MB, 1.14 load
[runlim] sample:		5437.49 time, 5440.01 real, 504 MB, 1.12 load
[runlim] sample:		5447.49 time, 5450.01 real, 504 MB, 1.10 load
[runlim] sample:		5457.49 time, 5460.01 real, 504 MB, 1.08 load
[runlim] sample:		5467.48 time, 5470.01 real, 494 MB, 1.07 load
[runlim] sample:		5477.48 time, 5480.01 real, 494 MB, 1.06 load
[runlim] sample:		5487.48 time, 5490.01 real, 494 MB, 1.05 load
[runlim] sample:		5497.47 time, 5500.01 real, 494 MB, 1.04 load
[runlim] sample:		5507.47 time, 5510.01 real, 494 MB, 1.04 load
[runlim] sample:		5517.46 time, 5520.01 real, 465 MB, 1.03 load
[runlim] sample:		5527.46 time, 5530.01 real, 466 MB, 1.02 load
[runlim] sample:		5537.46 time, 5540.01 real, 466 MB, 1.02 load
[runlim] sample:		5547.45 time, 5550.01 real, 466 MB, 1.02 load
[runlim] sample:		5557.45 time, 5560.01 real, 466 MB, 1.01 load
[runlim] sample:		5567.44 time, 5570.01 real, 466 MB, 1.01 load
[runlim] sample:		5577.44 time, 5580.01 real, 466 MB, 1.01 load
[runlim] sample:		5587.43 time, 5590.01 real, 473 MB, 1.01 load
[runlim] sample:		5597.43 time, 5600.01 real, 473 MB, 1.01 load
[runlim] sample:		5607.42 time, 5610.01 real, 473 MB, 1.00 load
[runlim] sample:		5617.42 time, 5620.01 real, 473 MB, 1.00 load
[runlim] sample:		5627.41 time, 5630.01 real, 473 MB, 1.00 load
[runlim] sample:		5637.41 time, 5640.01 real, 473 MB, 1.00 load
[runlim] sample:		5647.41 time, 5650.01 real, 479 MB, 1.00 load
[runlim] sample:		5657.41 time, 5660.01 real, 479 MB, 1.00 load
SAT

=> TOTAL COMPLETION TIME (Makespan / UB): 654
Schedule is valid
 Time taken: 5663.83 seconds
[runlim] sample:		5667.40 time, 5670.01 real, 478 MB, 1.00 load
[runlim] sample:		5677.39 time, 5680.01 real, 478 MB, 1.00 load
[runlim] sample:		5687.39 time, 5690.01 real, 478 MB, 1.00 load
[runlim] sample:		5697.38 time, 5700.01 real, 479 MB, 1.00 load
[runlim] sample:		5707.38 time, 5710.01 real, 477 MB, 1.00 load
[runlim] sample:		5717.38 time, 5720.01 real, 478 MB, 1.00 load
[runlim] sample:		5727.37 time, 5730.01 real, 478 MB, 1.00 load
[runlim] sample:		5737.37 time, 5740.01 real, 478 MB, 1.00 load
[runlim] sample:		5747.37 time, 5750.01 real, 481 MB, 1.00 load
[runlim] sample:		5757.36 time, 5760.01 real, 560 MB, 1.00 load
[runlim] sample:		5767.36 time, 5770.01 real, 487 MB, 1.00 load
[runlim] sample:		5777.35 time, 5780.01 real, 487 MB, 1.00 load
[runlim] sample:		5787.35 time, 5790.01 real, 487 MB, 1.00 load
[runlim] sample:		5797.34 time, 5800.01 real, 487 MB, 1.00 load
[runlim] sample:		5807.34 time, 5810.01 real, 487 MB, 1.00 load
[runlim] sample:		5817.34 time, 5820.01 real, 487 MB, 1.00 load
[runlim] sample:		5827.33 time, 5830.01 real, 487 MB, 1.00 load
[runlim] sample:		5837.33 time, 5840.01 real, 470 MB, 1.00 load
[runlim] sample:		5847.33 time, 5850.01 real, 470 MB, 1.00 load
[runlim] sample:		5857.33 time, 5860.01 real, 470 MB, 1.00 load
[runlim] sample:		5867.32 time, 5870.01 real, 470 MB, 1.00 load
[runlim] sample:		5877.32 time, 5880.01 real, 470 MB, 1.00 load
[runlim] sample:		5887.31 time, 5890.01 real, 470 MB, 1.00 load
[runlim] sample:		5897.31 time, 5900.01 real, 470 MB, 1.00 load
[runlim] sample:		5907.30 time, 5910.01 real, 470 MB, 1.00 load
SAT

=> TOTAL COMPLETION TIME (Makespan / UB): 653
Schedule is valid
 Time taken: 5916.31 seconds
[runlim] sample:		5917.29 time, 5920.01 real, 469 MB, 1.08 load
[runlim] sample:		5927.29 time, 5930.01 real, 469 MB, 1.21 load
[runlim] sample:		5937.29 time, 5940.01 real, 470 MB, 1.18 load
[runlim] sample:		5947.29 time, 5950.01 real, 470 MB, 1.15 load
[runlim] sample:		5957.28 time, 5960.01 real, 558 MB, 1.20 load
[runlim] sample:		5967.27 time, 5970.01 real, 483 MB, 1.17 load
[runlim] sample:		5977.27 time, 5980.01 real, 483 MB, 1.14 load
[runlim] sample:		5987.26 time, 5990.01 real, 484 MB, 1.12 load
[runlim] sample:		5997.26 time, 6000.01 real, 484 MB, 1.10 load
[runlim] sample:		6007.26 time, 6010.01 real, 484 MB, 1.09 load
[runlim] sample:		6017.26 time, 6020.01 real, 490 MB, 1.07 load
[runlim] sample:		6027.26 time, 6030.01 real, 490 MB, 1.06 load
[runlim] sample:		6037.25 time, 6040.01 real, 490 MB, 1.05 load
[runlim] sample:		6047.25 time, 6050.01 real, 490 MB, 1.04 load
[runlim] sample:		6057.24 time, 6060.01 real, 490 MB, 1.04 load
[runlim] sample:		6067.24 time, 6070.01 real, 490 MB, 1.03 load
[runlim] sample:		6077.23 time, 6080.01 real, 490 MB, 1.02 load
[runlim] sample:		6087.23 time, 6090.01 real, 490 MB, 1.02 load
[runlim] sample:		6097.23 time, 6100.01 real, 472 MB, 1.02 load
[runlim] sample:		6107.22 time, 6110.01 real, 472 MB, 1.01 load
[runlim] sample:		6117.22 time, 6120.01 real, 472 MB, 1.01 load
[runlim] sample:		6127.21 time, 6130.01 real, 472 MB, 1.01 load
[runlim] sample:		6137.21 time, 6140.01 real, 472 MB, 1.01 load
[runlim] sample:		6147.20 time, 6150.01 real, 472 MB, 1.01 load
[runlim] sample:		6157.20 time, 6160.01 real, 472 MB, 1.00 load
[runlim] sample:		6167.19 time, 6170.01 real, 473 MB, 1.00 load
[runlim] sample:		6177.19 time, 6180.01 real, 473 MB, 1.00 load
[runlim] sample:		6187.18 time, 6190.01 real, 473 MB, 1.00 load
[runlim] sample:		6197.18 time, 6200.01 real, 473 MB, 1.00 load
[runlim] sample:		6207.17 time, 6210.01 real, 473 MB, 1.00 load
[runlim] sample:		6217.17 time, 6220.01 real, 499 MB, 1.00 load
[runlim] sample:		6227.17 time, 6230.01 real, 499 MB, 1.00 load
[runlim] sample:		6237.16 time, 6240.01 real, 499 MB, 1.00 load
[runlim] sample:		6247.16 time, 6250.01 real, 499 MB, 1.00 load
[runlim] sample:		6257.16 time, 6260.01 real, 499 MB, 1.00 load
[runlim] sample:		6267.15 time, 6270.01 real, 499 MB, 1.00 load
[runlim] sample:		6277.15 time, 6280.01 real, 499 MB, 1.00 load
[runlim] sample:		6287.14 time, 6290.01 real, 499 MB, 1.00 load
[runlim] sample:		6297.13 time, 6300.01 real, 499 MB, 1.00 load
[runlim] sample:		6307.13 time, 6310.01 real, 499 MB, 1.00 load
SAT

=> TOTAL COMPLETION TIME (Makespan / UB): 652
Schedule is valid
 Time taken: 6318.85 seconds
[runlim] sample:		6317.12 time, 6320.01 real, 498 MB, 1.00 load
[runlim] sample:		6327.12 time, 6330.01 real, 498 MB, 1.00 load
[runlim] sample:		6337.11 time, 6340.01 real, 498 MB, 1.00 load
[runlim] sample:		6347.11 time, 6350.01 real, 498 MB, 1.00 load
[runlim] sample:		6357.10 time, 6360.01 real, 496 MB, 1.00 load
[runlim] sample:		6367.11 time, 6370.01 real, 496 MB, 1.00 load
[runlim] sample:		6377.10 time, 6380.01 real, 496 MB, 1.00 load
[runlim] sample:		6387.10 time, 6390.01 real, 496 MB, 1.00 load
[runlim] sample:		6397.09 time, 6400.01 real, 497 MB, 1.00 load
[runlim] sample:		6407.09 time, 6410.01 real, 497 MB, 1.00 load
[runlim] sample:		6417.09 time, 6420.01 real, 496 MB, 1.08 load
[runlim] sample:		6427.08 time, 6430.01 real, 496 MB, 1.14 load
[runlim] sample:		6437.08 time, 6440.01 real, 496 MB, 1.12 load
[runlim] sample:		6447.07 time, 6450.01 real, 496 MB, 1.10 load
[runlim] sample:		6457.07 time, 6460.01 real, 496 MB, 1.08 load
[runlim] sample:		6467.06 time, 6470.01 real, 496 MB, 1.07 load
[runlim] sample:		6477.06 time, 6480.01 real, 496 MB, 1.06 load
[runlim] sample:		6487.06 time, 6490.01 real, 496 MB, 1.05 load
[runlim] sample:		6497.05 time, 6500.01 real, 482 MB, 1.04 load
[runlim] sample:		6507.04 time, 6510.01 real, 482 MB, 1.04 load
[runlim] sample:		6517.04 time, 6520.01 real, 482 MB, 1.03 load
[runlim] sample:		6527.03 time, 6530.01 real, 482 MB, 1.02 load
[runlim] sample:		6537.03 time, 6540.01 real, 482 MB, 1.02 load
[runlim] sample:		6547.02 time, 6550.01 real, 482 MB, 1.02 load
[runlim] sample:		6557.02 time, 6560.01 real, 482 MB, 1.01 load
[runlim] sample:		6567.01 time, 6570.01 real, 482 MB, 1.01 load
[runlim] sample:		6577.01 time, 6580.01 real, 482 MB, 1.01 load
[runlim] sample:		6587.00 time, 6590.01 real, 484 MB, 1.01 load
[runlim] sample:		6597.00 time, 6600.01 real, 484 MB, 1.01 load
[runlim] sample:		6606.99 time, 6610.01 real, 484 MB, 1.00 load
[runlim] sample:		6616.99 time, 6620.01 real, 485 MB, 1.00 load
[runlim] sample:		6626.98 time, 6630.01 real, 520 MB, 1.00 load
[runlim] sample:		6636.98 time, 6640.01 real, 520 MB, 1.00 load
[runlim] sample:		6646.97 time, 6650.01 real, 520 MB, 1.00 load
[runlim] sample:		6656.96 time, 6660.01 real, 520 MB, 1.00 load
[runlim] sample:		6666.96 time, 6670.01 real, 520 MB, 1.00 load
[runlim] sample:		6676.96 time, 6680.01 real, 520 MB, 1.00 load
[runlim] sample:		6686.95 time, 6690.01 real, 520 MB, 1.00 load
[runlim] sample:		6696.95 time, 6700.01 real, 516 MB, 1.00 load
[runlim] sample:		6706.95 time, 6710.01 real, 516 MB, 1.00 load
SAT

=> TOTAL COMPLETION TIME (Makespan / UB): 651
Schedule is valid
 Time taken: 6714.18 seconds
[runlim] sample:		6716.94 time, 6720.01 real, 515 MB, 1.00 load
[runlim] sample:		6726.93 time, 6730.01 real, 515 MB, 1.00 load
[runlim] sample:		6736.93 time, 6740.01 real, 515 MB, 1.00 load
[runlim] sample:		6746.92 time, 6750.01 real, 516 MB, 1.00 load
[runlim] sample:		6756.92 time, 6760.01 real, 506 MB, 1.00 load
[runlim] sample:		6766.91 time, 6770.01 real, 506 MB, 1.00 load
[runlim] sample:		6776.91 time, 6780.01 real, 507 MB, 1.00 load
[runlim] sample:		6786.90 time, 6790.01 real, 507 MB, 1.00 load
[runlim] sample:		6796.90 time, 6800.01 real, 507 MB, 1.00 load
[runlim] sample:		6806.89 time, 6810.01 real, 510 MB, 1.00 load
[runlim] sample:		6816.89 time, 6820.01 real, 510 MB, 1.00 load
[runlim] sample:		6826.88 time, 6830.01 real, 510 MB, 1.00 load
[runlim] sample:		6836.87 time, 6840.01 real, 545 MB, 1.00 load
[runlim] sample:		6846.87 time, 6850.01 real, 510 MB, 1.00 load
[runlim] sample:		6856.87 time, 6860.01 real, 510 MB, 1.00 load
[runlim] sample:		6866.86 time, 6870.01 real, 510 MB, 1.00 load
[runlim] sample:		6876.86 time, 6880.01 real, 510 MB, 1.00 load
[runlim] sample:		6886.85 time, 6890.01 real, 510 MB, 1.00 load
[runlim] sample:		6896.84 time, 6900.01 real, 492 MB, 1.00 load
[runlim] sample:		6906.83 time, 6910.01 real, 492 MB, 1.00 load
[runlim] sample:		6916.83 time, 6920.01 real, 492 MB, 1.08 load
[runlim] sample:		6926.82 time, 6930.01 real, 492 MB, 1.14 load
[runlim] sample:		6936.81 time, 6940.01 real, 492 MB, 1.12 load
[runlim] sample:		6946.81 time, 6950.01 real, 492 MB, 1.10 load
[runlim] sample:		6956.81 time, 6960.01 real, 492 MB, 1.08 load
[runlim] sample:		6966.80 time, 6970.01 real, 493 MB, 1.07 load
[runlim] sample:		6976.80 time, 6980.01 real, 493 MB, 1.06 load
SAT

=> TOTAL COMPLETION TIME (Makespan / UB): 650
Schedule is valid
 Time taken: 6988.23 seconds
[runlim] sample:		6986.80 time, 6990.01 real, 493 MB, 1.05 load
[runlim] sample:		6996.79 time, 7000.01 real, 493 MB, 1.04 load
[runlim] sample:		7006.79 time, 7010.01 real, 493 MB, 1.04 load
[runlim] sample:		7016.78 time, 7020.01 real, 493 MB, 1.03 load
[runlim] sample:		7026.77 time, 7030.01 real, 501 MB, 1.02 load
[runlim] sample:		7036.77 time, 7040.01 real, 501 MB, 1.02 load
[runlim] sample:		7046.76 time, 7050.01 real, 502 MB, 1.02 load
[runlim] sample:		7056.76 time, 7060.01 real, 502 MB, 1.01 load
[runlim] sample:		7066.76 time, 7070.01 real, 502 MB, 1.01 load
[runlim] sample:		7076.76 time, 7080.01 real, 502 MB, 1.01 load
[runlim] sample:		7086.76 time, 7090.01 real, 512 MB, 1.01 load
[runlim] sample:		7096.75 time, 7100.01 real, 512 MB, 1.01 load
[runlim] sample:		7106.75 time, 7110.01 real, 512 MB, 1.00 load
[runlim] sample:		7116.74 time, 7120.01 real, 549 MB, 1.00 load
[runlim] sample:		7126.73 time, 7130.01 real, 513 MB, 1.00 load
[runlim] sample:		7136.73 time, 7140.01 real, 513 MB, 1.00 load
[runlim] sample:		7146.72 time, 7150.01 real, 513 MB, 1.00 load
[runlim] sample:		7156.72 time, 7160.01 real, 513 MB, 1.00 load
[runlim] sample:		7166.71 time, 7170.01 real, 513 MB, 1.00 load
[runlim] sample:		7176.71 time, 7180.01 real, 490 MB, 1.00 load
[runlim] sample:		7186.71 time, 7190.01 real, 490 MB, 1.00 load
[runlim] sample:		7196.70 time, 7200.01 real, 490 MB, 1.00 load
[runlim] sample:		7206.70 time, 7210.01 real, 490 MB, 1.00 load
[runlim] sample:		7216.69 time, 7220.01 real, 490 MB, 1.00 load
[runlim] sample:		7226.69 time, 7230.01 real, 490 MB, 1.00 load
[runlim] sample:		7236.69 time, 7240.01 real, 490 MB, 1.00 load
[runlim] sample:		7246.68 time, 7250.01 real, 501 MB, 1.00 load
[runlim] sample:		7256.67 time, 7260.01 real, 501 MB, 1.00 load
SAT

=> TOTAL COMPLETION TIME (Makespan / UB): 649
Schedule is valid
 Time taken: 7265.67 seconds
SAT

=> TOTAL COMPLETION TIME (Makespan / UB): 648
Schedule is valid
 Time taken: 7265.89 seconds
[runlim] sample:		7266.67 time, 7270.01 real, 501 MB, 1.00 load
[runlim] sample:		7276.67 time, 7280.01 real, 501 MB, 1.00 load
[runlim] sample:		7286.66 time, 7290.01 real, 501 MB, 1.00 load
[runlim] sample:		7296.65 time, 7300.01 real, 501 MB, 1.00 load
[runlim] sample:		7306.64 time, 7310.01 real, 506 MB, 1.00 load
[runlim] sample:		7316.65 time, 7320.01 real, 506 MB, 1.00 load
[runlim] sample:		7326.64 time, 7330.01 real, 507 MB, 1.00 load
[runlim] sample:		7336.64 time, 7340.01 real, 507 MB, 1.00 load
[runlim] sample:		7346.63 time, 7350.01 real, 507 MB, 1.00 load
[runlim] sample:		7356.63 time, 7360.01 real, 507 MB, 1.00 load
[runlim] sample:		7366.62 time, 7370.01 real, 517 MB, 1.00 load
[runlim] sample:		7376.61 time, 7380.01 real, 517 MB, 1.00 load
[runlim] sample:		7386.61 time, 7390.01 real, 517 MB, 1.00 load
[runlim] sample:		7396.60 time, 7400.01 real, 517 MB, 1.00 load
[runlim] sample:		7406.60 time, 7410.01 real, 517 MB, 1.00 load
[runlim] sample:		7416.59 time, 7420.01 real, 517 MB, 1.08 load
[runlim] sample:		7426.59 time, 7430.01 real, 518 MB, 1.14 load
[runlim] sample:		7436.58 time, 7440.01 real, 518 MB, 1.12 load
[runlim] sample:		7446.57 time, 7450.01 real, 518 MB, 1.10 load
[runlim] sample:		7456.57 time, 7460.01 real, 496 MB, 1.23 load
[runlim] sample:		7466.56 time, 7470.01 real, 496 MB, 1.20 load
[runlim] sample:		7476.56 time, 7480.01 real, 496 MB, 1.17 load
[runlim] sample:		7486.55 time, 7490.01 real, 496 MB, 1.14 load
[runlim] sample:		7496.55 time, 7500.01 real, 496 MB, 1.12 load
[runlim] sample:		7506.54 time, 7510.01 real, 496 MB, 1.10 load
[runlim] sample:		7516.54 time, 7520.01 real, 496 MB, 1.08 load
[runlim] sample:		7526.53 time, 7530.01 real, 496 MB, 1.07 load
[runlim] sample:		7536.53 time, 7540.01 real, 506 MB, 1.06 load
[runlim] sample:		7546.52 time, 7550.01 real, 506 MB, 1.05 load
[runlim] sample:		7556.52 time, 7560.01 real, 506 MB, 1.04 load
[runlim] sample:		7566.51 time, 7570.01 real, 506 MB, 1.03 load
[runlim] sample:		7576.51 time, 7580.01 real, 506 MB, 1.03 load
[runlim] sample:		7586.50 time, 7590.01 real, 506 MB, 1.02 load
[runlim] sample:		7596.50 time, 7600.01 real, 526 MB, 1.09 load
[runlim] sample:		7606.49 time, 7610.01 real, 526 MB, 1.08 load
[runlim] sample:		7616.49 time, 7620.01 real, 526 MB, 1.07 load
[runlim] sample:		7626.49 time, 7630.01 real, 526 MB, 1.06 load
[runlim] sample:		7636.48 time, 7640.01 real, 526 MB, 1.05 load
[runlim] sample:		7646.48 time, 7650.01 real, 526 MB, 1.04 load
[runlim] sample:		7656.47 time, 7660.01 real, 526 MB, 1.03 load
[runlim] sample:		7666.47 time, 7670.01 real, 531 MB, 1.03 load
[runlim] sample:		7676.46 time, 7680.01 real, 531 MB, 1.02 load
SAT

=> TOTAL COMPLETION TIME (Makespan / UB): 647
Schedule is valid
 Time taken: 7682.75 seconds
[runlim] sample:		7686.45 time, 7690.01 real, 529 MB, 1.02 load
[runlim] sample:		7696.44 time, 7700.01 real, 530 MB, 1.02 load
[runlim] sample:		7706.43 time, 7710.01 real, 530 MB, 1.01 load
[runlim] sample:		7716.41 time, 7720.01 real, 530 MB, 1.01 load
[runlim] sample:		7726.41 time, 7730.01 real, 530 MB, 1.01 load
[runlim] sample:		7736.39 time, 7740.01 real, 530 MB, 1.09 load
[runlim] sample:		7746.38 time, 7750.01 real, 510 MB, 1.07 load
[runlim] sample:		7756.37 time, 7760.01 real, 510 MB, 1.06 load
[runlim] sample:		7766.35 time, 7770.01 real, 511 MB, 1.05 load
[runlim] sample:		7776.36 time, 7780.01 real, 511 MB, 1.04 load
[runlim] sample:		7786.35 time, 7790.01 real, 511 MB, 1.04 load
[runlim] sample:		7796.35 time, 7800.01 real, 511 MB, 1.03 load
[runlim] sample:		7806.33 time, 7810.01 real, 516 MB, 1.02 load
[runlim] sample:		7816.33 time, 7820.01 real, 516 MB, 1.02 load
[runlim] sample:		7826.32 time, 7830.01 real, 516 MB, 1.02 load
[runlim] sample:		7836.32 time, 7840.01 real, 516 MB, 1.01 load
[runlim] sample:		7846.31 time, 7850.01 real, 516 MB, 1.01 load
[runlim] sample:		7856.31 time, 7860.01 real, 516 MB, 1.01 load
[runlim] sample:		7866.30 time, 7870.01 real, 516 MB, 1.01 load
[runlim] sample:		7876.30 time, 7880.01 real, 516 MB, 1.01 load
[runlim] sample:		7886.29 time, 7890.01 real, 496 MB, 1.00 load
[runlim] sample:		7896.29 time, 7900.01 real, 496 MB, 1.00 load
[runlim] sample:		7906.28 time, 7910.01 real, 496 MB, 1.00 load
[runlim] sample:		7916.28 time, 7920.01 real, 496 MB, 1.08 load
[runlim] sample:		7926.27 time, 7930.01 real, 496 MB, 1.14 load
[runlim] sample:		7936.27 time, 7940.01 real, 496 MB, 1.12 load
[runlim] sample:		7946.26 time, 7950.01 real, 541 MB, 1.10 load
[runlim] sample:		7956.26 time, 7960.01 real, 514 MB, 1.09 load
[runlim] sample:		7966.25 time, 7970.01 real, 514 MB, 1.07 load
[runlim] sample:		7976.25 time, 7980.01 real, 514 MB, 1.06 load
[runlim] sample:		7986.24 time, 7990.01 real, 514 MB, 1.13 load
[runlim] sample:		7996.24 time, 8000.01 real, 514 MB, 1.11 load
[runlim] sample:		8006.23 time, 8010.01 real, 514 MB, 1.17 load
[runlim] sample:		8016.23 time, 8020.01 real, 532 MB, 1.15 load
[runlim] sample:		8026.22 time, 8030.01 real, 532 MB, 1.20 load
[runlim] sample:		8036.22 time, 8040.01 real, 532 MB, 1.17 load
[runlim] sample:		8046.22 time, 8050.01 real, 532 MB, 1.23 load
[runlim] sample:		8056.21 time, 8060.01 real, 532 MB, 1.19 load
[runlim] sample:		8066.21 time, 8070.01 real, 529 MB, 1.16 load
[runlim] sample:		8076.20 time, 8080.01 real, 529 MB, 1.14 load
[runlim] sample:		8086.20 time, 8090.01 real, 529 MB, 1.11 load
[runlim] sample:		8096.19 time, 8100.01 real, 529 MB, 1.10 load
[runlim] sample:		8106.19 time, 8110.01 real, 529 MB, 1.08 load
[runlim] sample:		8116.18 time, 8120.01 real, 529 MB, 1.07 load
[runlim] sample:		8126.18 time, 8130.01 real, 529 MB, 1.06 load
[runlim] sample:		8136.17 time, 8140.01 real, 516 MB, 1.05 load
[runlim] sample:		8146.16 time, 8150.01 real, 516 MB, 1.04 load
[runlim] sample:		8156.16 time, 8160.01 real, 516 MB, 1.03 load
[runlim] sample:		8166.15 time, 8170.01 real, 516 MB, 1.03 load
[runlim] sample:		8176.15 time, 8180.01 real, 516 MB, 1.02 load
[runlim] sample:		8186.14 time, 8190.01 real, 516 MB, 1.02 load
[runlim] sample:		8196.13 time, 8200.01 real, 516 MB, 1.02 load
[runlim] sample:		8206.13 time, 8210.01 real, 516 MB, 1.01 load
[runlim] sample:		8216.13 time, 8220.01 real, 516 MB, 1.01 load
[runlim] sample:		8226.12 time, 8230.01 real, 498 MB, 1.01 load
[runlim] sample:		8236.12 time, 8240.01 real, 498 MB, 1.01 load
[runlim] sample:		8246.11 time, 8250.01 real, 498 MB, 1.00 load
[runlim] sample:		8256.11 time, 8260.01 real, 498 MB, 1.00 load
[runlim] sample:		8266.10 time, 8270.01 real, 498 MB, 1.00 load
[runlim] sample:		8276.09 time, 8280.01 real, 498 MB, 1.00 load
[runlim] sample:		8286.09 time, 8290.01 real, 498 MB, 1.00 load
[runlim] sample:		8296.08 time, 8300.01 real, 498 MB, 1.00 load
[runlim] sample:		8306.08 time, 8310.01 real, 498 MB, 1.00 load
[runlim] sample:		8316.07 time, 8320.01 real, 511 MB, 1.00 load
[runlim] sample:		8326.07 time, 8330.01 real, 511 MB, 1.00 load
[runlim] sample:		8336.06 time, 8340.01 real, 512 MB, 1.00 load
[runlim] sample:		8346.05 time, 8350.01 real, 512 MB, 1.15 load
[runlim] sample:		8356.04 time, 8360.01 real, 512 MB, 1.12 load
[runlim] sample:		8366.04 time, 8370.01 real, 512 MB, 1.10 load
[runlim] sample:		8376.03 time, 8380.01 real, 512 MB, 1.09 load
[runlim] sample:		8386.03 time, 8390.01 real, 512 MB, 1.07 load
[runlim] sample:		8396.02 time, 8400.01 real, 512 MB, 1.06 load
[runlim] sample:		8406.02 time, 8410.01 real, 512 MB, 1.05 load
[runlim] sample:		8416.01 time, 8420.01 real, 512 MB, 1.12 load
[runlim] sample:		8426.01 time, 8430.01 real, 513 MB, 1.18 load
[runlim] sample:		8436.01 time, 8440.01 real, 513 MB, 1.15 load
[runlim] sample:		8446.00 time, 8450.01 real, 513 MB, 1.13 load
[runlim] sample:		8456.00 time, 8460.01 real, 513 MB, 1.11 load
[runlim] sample:		8465.99 time, 8470.01 real, 513 MB, 1.09 load
[runlim] sample:		8475.99 time, 8480.01 real, 513 MB, 1.08 load
[runlim] sample:		8485.98 time, 8490.01 real, 513 MB, 1.06 load
[runlim] sample:		8495.98 time, 8500.01 real, 513 MB, 1.21 load
[runlim] sample:		8505.97 time, 8510.01 real, 513 MB, 1.18 load
[runlim] sample:		8515.96 time, 8520.01 real, 513 MB, 1.15 load
[runlim] sample:		8525.96 time, 8530.01 real, 513 MB, 1.13 load
[runlim] sample:		8535.95 time, 8540.01 real, 513 MB, 1.11 load
[runlim] sample:		8545.95 time, 8550.01 real, 513 MB, 1.09 load
[runlim] sample:		8555.94 time, 8560.01 real, 513 MB, 1.08 load
[runlim] sample:		8565.94 time, 8570.01 real, 513 MB, 1.06 load
[runlim] sample:		8575.93 time, 8580.01 real, 513 MB, 1.05 load
[runlim] sample:		8585.93 time, 8590.01 real, 513 MB, 1.05 load
[runlim] sample:		8595.93 time, 8600.01 real, 513 MB, 1.04 load
[runlim] sample:		8605.92 time, 8610.01 real, 513 MB, 1.03 load
[runlim] sample:		8615.92 time, 8620.01 real, 513 MB, 1.03 load
[runlim] sample:		8625.91 time, 8630.01 real, 514 MB, 1.02 load
[runlim] sample:		8635.90 time, 8640.01 real, 514 MB, 1.02 load
[runlim] sample:		8645.90 time, 8650.01 real, 514 MB, 1.02 load
[runlim] sample:		8655.89 time, 8660.01 real, 514 MB, 1.01 load
[runlim] sample:		8665.89 time, 8670.01 real, 514 MB, 1.01 load
[runlim] sample:		8675.88 time, 8680.01 real, 514 MB, 1.01 load
[runlim] sample:		8685.88 time, 8690.01 real, 514 MB, 1.01 load
[runlim] sample:		8695.87 time, 8700.01 real, 514 MB, 1.00 load
[runlim] sample:		8705.87 time, 8710.01 real, 522 MB, 1.00 load
[runlim] sample:		8715.86 time, 8720.01 real, 522 MB, 1.00 load
[runlim] sample:		8725.85 time, 8730.01 real, 522 MB, 1.00 load
[runlim] sample:		8735.85 time, 8740.01 real, 522 MB, 1.00 load
[runlim] sample:		8745.84 time, 8750.01 real, 522 MB, 1.00 load
SAT

=> TOTAL COMPLETION TIME (Makespan / UB): 646
Schedule is valid
 Time taken: 8753.09 seconds
[runlim] sample:		8755.84 time, 8760.01 real, 522 MB, 1.00 load
[runlim] sample:		8765.84 time, 8770.01 real, 522 MB, 1.15 load
[runlim] sample:		8775.83 time, 8780.01 real, 537 MB, 1.12 load
[runlim] sample:		8785.82 time, 8790.01 real, 537 MB, 1.10 load
[runlim] sample:		8795.82 time, 8800.01 real, 538 MB, 1.09 load
[runlim] sample:		8805.81 time, 8810.01 real, 538 MB, 1.07 load
[runlim] sample:		8815.80 time, 8820.01 real, 538 MB, 1.14 load
[runlim] sample:		8825.80 time, 8830.01 real, 538 MB, 1.12 load
[runlim] sample:		8835.79 time, 8840.01 real, 538 MB, 1.10 load
[runlim] sample:		8845.79 time, 8850.01 real, 538 MB, 1.08 load
[runlim] sample:		8855.79 time, 8860.01 real, 535 MB, 1.07 load
[runlim] sample:		8865.78 time, 8870.01 real, 535 MB, 1.06 load
[runlim] sample:		8875.77 time, 8880.01 real, 535 MB, 1.05 load
[runlim] sample:		8885.77 time, 8890.01 real, 535 MB, 1.04 load
[runlim] sample:		8895.77 time, 8900.01 real, 536 MB, 1.04 load
[runlim] sample:		8905.76 time, 8910.01 real, 536 MB, 1.03 load
[runlim] sample:		8915.76 time, 8920.01 real, 536 MB, 1.10 load
[runlim] sample:		8925.75 time, 8930.01 real, 536 MB, 1.16 load
[runlim] sample:		8935.75 time, 8940.01 real, 536 MB, 1.14 load
[runlim] sample:		8945.74 time, 8950.01 real, 522 MB, 1.12 load
[runlim] sample:		8955.74 time, 8960.01 real, 522 MB, 1.17 load
[runlim] sample:		8965.73 time, 8970.01 real, 522 MB, 1.15 load
[runlim] sample:		8975.73 time, 8980.01 real, 522 MB, 1.12 load
[runlim] sample:		8985.72 time, 8990.01 real, 522 MB, 1.10 load
[runlim] sample:		8995.72 time, 9000.01 real, 522 MB, 1.09 load
[runlim] sample:		9005.71 time, 9010.01 real, 522 MB, 1.07 load
[runlim] sample:		9015.71 time, 9020.01 real, 522 MB, 1.06 load
[runlim] sample:		9025.71 time, 9030.01 real, 529 MB, 1.05 load
[runlim] sample:		9035.70 time, 9040.01 real, 529 MB, 1.04 load
[runlim] sample:		9045.69 time, 9050.01 real, 529 MB, 1.04 load
[runlim] sample:		9055.69 time, 9060.01 real, 529 MB, 1.03 load
[runlim] sample:		9065.68 time, 9070.01 real, 529 MB, 1.02 load
[runlim] sample:		9075.68 time, 9080.01 real, 529 MB, 1.02 load
[runlim] sample:		9085.68 time, 9090.01 real, 529 MB, 1.02 load
[runlim] sample:		9095.67 time, 9100.01 real, 558 MB, 1.01 load
SAT

=> TOTAL COMPLETION TIME (Makespan / UB): 645
Schedule is valid
 Time taken: 9102.97 seconds
[runlim] sample:		9105.66 time, 9110.01 real, 557 MB, 1.01 load
[runlim] sample:		9115.66 time, 9120.01 real, 557 MB, 1.01 load
[runlim] sample:		9125.65 time, 9130.01 real, 557 MB, 1.01 load
[runlim] sample:		9135.65 time, 9140.01 real, 557 MB, 1.01 load
[runlim] sample:		9145.64 time, 9150.01 real, 557 MB, 1.00 load
[runlim] sample:		9155.64 time, 9160.01 real, 557 MB, 1.00 load
[runlim] sample:		9165.63 time, 9170.01 real, 557 MB, 1.00 load
[runlim] sample:		9175.63 time, 9180.01 real, 536 MB, 1.00 load
[runlim] sample:		9185.62 time, 9190.01 real, 536 MB, 1.00 load
[runlim] sample:		9195.61 time, 9200.01 real, 536 MB, 1.00 load
[runlim] sample:		9205.61 time, 9210.01 real, 536 MB, 1.00 load
[runlim] sample:		9215.60 time, 9220.01 real, 536 MB, 1.00 load
[runlim] sample:		9225.60 time, 9230.01 real, 537 MB, 1.00 load
[runlim] sample:		9235.59 time, 9240.01 real, 537 MB, 1.00 load
[runlim] sample:		9245.59 time, 9250.01 real, 537 MB, 1.00 load
[runlim] sample:		9255.58 time, 9260.01 real, 537 MB, 1.00 load
[runlim] sample:		9265.58 time, 9270.01 real, 540 MB, 1.00 load
[runlim] sample:		9275.58 time, 9280.01 real, 540 MB, 1.00 load
[runlim] sample:		9285.57 time, 9290.01 real, 540 MB, 1.00 load
[runlim] sample:		9295.57 time, 9300.01 real, 540 MB, 1.00 load
[runlim] sample:		9305.56 time, 9310.01 real, 540 MB, 1.00 load
[runlim] sample:		9315.56 time, 9320.01 real, 540 MB, 1.00 load
[runlim] sample:		9325.55 time, 9330.01 real, 540 MB, 1.00 load
[runlim] sample:		9335.55 time, 9340.01 real, 540 MB, 1.00 load
[runlim] sample:		9345.54 time, 9350.01 real, 540 MB, 1.00 load
[runlim] sample:		9355.53 time, 9360.01 real, 518 MB, 1.00 load
[runlim] sample:		9365.53 time, 9370.01 real, 518 MB, 1.00 load
[runlim] sample:		9375.52 time, 9380.01 real, 518 MB, 1.00 load
[runlim] sample:		9385.52 time, 9390.01 real, 518 MB, 1.00 load
[runlim] sample:		9395.51 time, 9400.01 real, 518 MB, 1.00 load
[runlim] sample:		9405.50 time, 9410.01 real, 518 MB, 1.00 load
[runlim] sample:		9415.50 time, 9420.01 real, 518 MB, 1.08 load
[runlim] sample:		9425.49 time, 9430.01 real, 518 MB, 1.14 load
[runlim] sample:		9435.49 time, 9440.01 real, 545 MB, 1.12 load
[runlim] sample:		9445.48 time, 9450.01 real, 545 MB, 1.10 load
[runlim] sample:		9455.48 time, 9460.01 real, 545 MB, 1.08 load
[runlim] sample:		9465.47 time, 9470.01 real, 545 MB, 1.07 load
[runlim] sample:		9475.47 time, 9480.01 real, 545 MB, 1.06 load
[runlim] sample:		9485.47 time, 9490.01 real, 545 MB, 1.05 load
[runlim] sample:		9495.46 time, 9500.01 real, 545 MB, 1.04 load
[runlim] sample:		9505.46 time, 9510.01 real, 564 MB, 1.04 load
[runlim] sample:		9515.46 time, 9520.01 real, 564 MB, 1.03 load
[runlim] sample:		9525.45 time, 9530.01 real, 564 MB, 1.02 load
[runlim] sample:		9535.45 time, 9540.01 real, 564 MB, 1.02 load
[runlim] sample:		9545.44 time, 9550.01 real, 564 MB, 1.02 load
[runlim] sample:		9555.44 time, 9560.01 real, 564 MB, 1.09 load
[runlim] sample:		9565.43 time, 9570.01 real, 564 MB, 1.07 load
[runlim] sample:		9575.43 time, 9580.01 real, 564 MB, 1.06 load
[runlim] sample:		9585.41 time, 9590.01 real, 564 MB, 1.05 load
[runlim] sample:		9595.41 time, 9600.01 real, 564 MB, 1.04 load
[runlim] sample:		9605.41 time, 9610.01 real, 564 MB, 1.04 load
[runlim] sample:		9615.40 time, 9620.01 real, 564 MB, 1.03 load
[runlim] sample:		9625.40 time, 9630.01 real, 564 MB, 1.02 load
[runlim] sample:		9635.39 time, 9640.01 real, 564 MB, 1.02 load
[runlim] sample:		9645.38 time, 9650.01 real, 564 MB, 1.02 load
[runlim] sample:		9655.38 time, 9660.01 real, 564 MB, 1.01 load
[runlim] sample:		9665.37 time, 9670.01 real, 564 MB, 1.01 load
[runlim] sample:		9675.37 time, 9680.01 real, 520 MB, 1.01 load
[runlim] sample:		9685.36 time, 9690.01 real, 520 MB, 1.01 load
[runlim] sample:		9695.36 time, 9700.01 real, 520 MB, 1.01 load
[runlim] sample:		9705.35 time, 9710.01 real, 520 MB, 1.00 load
[runlim] sample:		9715.35 time, 9720.01 real, 520 MB, 1.00 load
[runlim] sample:		9725.34 time, 9730.01 real, 520 MB, 1.00 load
[runlim] sample:		9735.34 time, 9740.01 real, 520 MB, 1.00 load
[runlim] sample:		9745.33 time, 9750.01 real, 520 MB, 1.00 load
[runlim] sample:		9755.33 time, 9760.01 real, 520 MB, 1.00 load
[runlim] sample:		9765.32 time, 9770.01 real, 520 MB, 1.08 load
[runlim] sample:		9775.32 time, 9780.01 real, 520 MB, 1.07 load
[runlim] sample:		9785.31 time, 9790.01 real, 520 MB, 1.06 load
[runlim] sample:		9795.31 time, 9800.01 real, 520 MB, 1.05 load
[runlim] sample:		9805.30 time, 9810.01 real, 520 MB, 1.04 load
[runlim] sample:		9815.30 time, 9820.01 real, 520 MB, 1.03 load
[runlim] sample:		9825.30 time, 9830.01 real, 520 MB, 1.03 load
[runlim] sample:		9835.29 time, 9840.01 real, 520 MB, 1.02 load
[runlim] sample:		9845.29 time, 9850.01 real, 520 MB, 1.02 load
[runlim] sample:		9855.28 time, 9860.01 real, 520 MB, 1.02 load
[runlim] sample:		9865.28 time, 9870.01 real, 520 MB, 1.01 load
[runlim] sample:		9875.27 time, 9880.01 real, 520 MB, 1.01 load
[runlim] sample:		9885.27 time, 9890.01 real, 611 MB, 1.01 load
[runlim] sample:		9895.28 time, 9900.01 real, 521 MB, 1.01 load
[runlim] sample:		9905.27 time, 9910.01 real, 521 MB, 1.00 load
[runlim] sample:		9915.27 time, 9920.01 real, 521 MB, 1.08 load
[runlim] sample:		9925.26 time, 9930.01 real, 521 MB, 1.15 load
[runlim] sample:		9935.26 time, 9940.01 real, 521 MB, 1.12 load
[runlim] sample:		9945.25 time, 9950.01 real, 521 MB, 1.10 load
[runlim] sample:		9955.25 time, 9960.01 real, 521 MB, 1.09 load
[runlim] sample:		9965.25 time, 9970.01 real, 521 MB, 1.07 load
[runlim] sample:		9975.24 time, 9980.01 real, 521 MB, 1.06 load
[runlim] sample:		9985.24 time, 9990.01 real, 521 MB, 1.05 load
[runlim] sample:		9995.23 time, 10000.01 real, 522 MB, 1.04 load
[runlim] sample:		10005.23 time, 10010.01 real, 522 MB, 1.04 load
[runlim] sample:		10015.22 time, 10020.01 real, 522 MB, 1.03 load
[runlim] sample:		10025.22 time, 10030.01 real, 522 MB, 1.02 load
[runlim] sample:		10035.21 time, 10040.01 real, 522 MB, 1.02 load
[runlim] sample:		10045.21 time, 10050.01 real, 522 MB, 1.02 load
[runlim] sample:		10055.20 time, 10060.01 real, 522 MB, 1.01 load
[runlim] sample:		10065.20 time, 10070.01 real, 522 MB, 1.01 load
[runlim] sample:		10075.20 time, 10080.01 real, 522 MB, 1.01 load
[runlim] sample:		10085.19 time, 10090.01 real, 522 MB, 1.01 load
[runlim] sample:		10095.19 time, 10100.01 real, 522 MB, 1.01 load
[runlim] sample:		10105.18 time, 10110.01 real, 523 MB, 1.00 load
[runlim] sample:		10115.17 time, 10120.01 real, 523 MB, 1.00 load
[runlim] sample:		10125.17 time, 10130.01 real, 523 MB, 1.00 load
[runlim] sample:		10135.16 time, 10140.01 real, 523 MB, 1.00 load
[runlim] sample:		10145.16 time, 10150.01 real, 523 MB, 1.00 load
[runlim] sample:		10155.16 time, 10160.01 real, 525 MB, 1.00 load
[runlim] sample:		10165.15 time, 10170.01 real, 525 MB, 1.00 load
[runlim] sample:		10175.15 time, 10180.01 real, 525 MB, 1.00 load
[runlim] sample:		10185.14 time, 10190.01 real, 525 MB, 1.00 load
[runlim] sample:		10195.14 time, 10200.01 real, 525 MB, 1.00 load
[runlim] sample:		10205.14 time, 10210.01 real, 525 MB, 1.00 load
[runlim] sample:		10215.13 time, 10220.01 real, 532 MB, 1.00 load
[runlim] sample:		10225.13 time, 10230.01 real, 532 MB, 1.00 load
[runlim] sample:		10235.12 time, 10240.01 real, 532 MB, 1.00 load
[runlim] sample:		10245.12 time, 10250.01 real, 532 MB, 1.07 load
[runlim] sample:		10255.11 time, 10260.01 real, 532 MB, 1.06 load
[runlim] sample:		10265.11 time, 10270.01 real, 532 MB, 1.05 load
[runlim] sample:		10275.11 time, 10280.01 real, 532 MB, 1.04 load
[runlim] sample:		10285.10 time, 10290.01 real, 569 MB, 1.04 load
[runlim] sample:		10295.09 time, 10300.01 real, 569 MB, 1.03 load
[runlim] sample:		10305.09 time, 10310.01 real, 569 MB, 1.02 load
[runlim] sample:		10315.09 time, 10320.01 real, 569 MB, 1.02 load
[runlim] sample:		10325.08 time, 10330.01 real, 569 MB, 1.02 load
[runlim] sample:		10335.08 time, 10340.01 real, 569 MB, 1.01 load
[runlim] sample:		10345.07 time, 10350.01 real, 569 MB, 1.01 load
[runlim] sample:		10355.07 time, 10360.01 real, 569 MB, 1.01 load
[runlim] sample:		10365.07 time, 10370.01 real, 569 MB, 1.01 load
[runlim] sample:		10375.06 time, 10380.01 real, 569 MB, 1.01 load
[runlim] sample:		10385.06 time, 10390.01 real, 569 MB, 1.00 load
[runlim] sample:		10395.06 time, 10400.01 real, 574 MB, 1.00 load
[runlim] sample:		10405.05 time, 10410.01 real, 574 MB, 1.00 load
[runlim] sample:		10415.05 time, 10420.01 real, 574 MB, 1.08 load
[runlim] sample:		10425.04 time, 10430.01 real, 574 MB, 1.14 load
[runlim] sample:		10435.04 time, 10440.01 real, 574 MB, 1.12 load
[runlim] sample:		10445.04 time, 10450.01 real, 574 MB, 1.10 load
[runlim] sample:		10455.03 time, 10460.01 real, 574 MB, 1.09 load
[runlim] sample:		10465.03 time, 10470.01 real, 574 MB, 1.07 load
[runlim] sample:		10475.03 time, 10480.01 real, 572 MB, 1.06 load
[runlim] sample:		10485.02 time, 10490.01 real, 572 MB, 1.05 load
[runlim] sample:		10495.02 time, 10500.01 real, 572 MB, 1.04 load
[runlim] sample:		10505.01 time, 10510.01 real, 572 MB, 1.04 load
[runlim] sample:		10515.01 time, 10520.01 real, 572 MB, 1.03 load
[runlim] sample:		10525.00 time, 10530.01 real, 572 MB, 1.02 load
[runlim] sample:		10535.00 time, 10540.01 real, 612 MB, 1.02 load
[runlim] sample:		10544.99 time, 10550.01 real, 572 MB, 1.02 load
[runlim] sample:		10554.99 time, 10560.01 real, 572 MB, 1.01 load
[runlim] sample:		10564.98 time, 10570.01 real, 572 MB, 1.01 load
[runlim] sample:		10574.98 time, 10580.01 real, 572 MB, 1.01 load
[runlim] sample:		10584.97 time, 10590.01 real, 572 MB, 1.01 load
[runlim] sample:		10594.97 time, 10600.01 real, 581 MB, 1.01 load
[runlim] sample:		10604.96 time, 10610.01 real, 581 MB, 1.00 load
[runlim] sample:		10614.96 time, 10620.01 real, 581 MB, 1.00 load
[runlim] sample:		10624.96 time, 10630.01 real, 581 MB, 1.00 load
[runlim] sample:		10634.95 time, 10640.01 real, 581 MB, 1.00 load
[runlim] sample:		10644.95 time, 10650.01 real, 581 MB, 1.00 load
[runlim] sample:		10654.94 time, 10660.01 real, 581 MB, 1.00 load
[runlim] sample:		10664.94 time, 10670.01 real, 581 MB, 1.00 load
[runlim] sample:		10674.93 time, 10680.01 real, 581 MB, 1.00 load
[runlim] sample:		10684.93 time, 10690.01 real, 581 MB, 1.07 load
[runlim] sample:		10694.93 time, 10700.01 real, 581 MB, 1.06 load
[runlim] sample:		10704.93 time, 10710.01 real, 570 MB, 1.05 load
[runlim] sample:		10714.91 time, 10720.01 real, 570 MB, 1.28 load
[runlim] sample:		10724.90 time, 10730.01 real, 570 MB, 1.24 load
[runlim] sample:		10734.90 time, 10740.01 real, 570 MB, 1.20 load
[runlim] sample:		10744.89 time, 10750.01 real, 570 MB, 1.17 load
[runlim] sample:		10754.89 time, 10760.01 real, 570 MB, 1.14 load
[runlim] sample:		10764.88 time, 10770.01 real, 570 MB, 1.12 load
[runlim] sample:		10774.88 time, 10780.01 real, 570 MB, 1.10 load
[runlim] sample:		10784.87 time, 10790.01 real, 570 MB, 1.09 load
[runlim] sample:		10794.87 time, 10800.01 real, 562 MB, 1.07 load
[runlim] end:			Wed Jul  1 22:27:20 2026
[runlim] status:		out of time
[runlim] result:		2
[runlim] children:		1
[runlim] processes:		2
[runlim] real:			10801.06 seconds
[runlim] time:			10794.87 seconds
[runlim] space:			765 MB
[runlim] load:			1.62 maximum
[runlim] samples:		108000
