[runlim] version:		2.0.0rc12
[runlim] host:			ap-Precision-7550
[runlim] time limit:		311040000 seconds
[runlim] real time limit:	10800 seconds
[runlim] space limit:		15624 MB
[runlim] argv[0]:		python3
[runlim] argv[1]:		-u
[runlim] argv[2]:		main.py
[runlim] argv[3]:		datasets/dafjs/DAFJS10
[runlim] start:			Wed Jul  1 02:37:43 2026
[runlim] child:			9092
Operations: 58, Edges: 52, Machines: 5
Greedy Schedule UB: 633
Building constraints took 1.45 seconds.
SAT

=> TOTAL COMPLETION TIME (Makespan / UB): 632
Schedule is valid
 Time taken: 1.68 seconds
SAT

=> TOTAL COMPLETION TIME (Makespan / UB): 631
Schedule is valid
 Time taken: 1.68 seconds
SAT

=> TOTAL COMPLETION TIME (Makespan / UB): 630
Schedule is valid
 Time taken: 1.69 seconds
SAT

=> TOTAL COMPLETION TIME (Makespan / UB): 629
Schedule is valid
 Time taken: 1.70 seconds
SAT

=> TOTAL COMPLETION TIME (Makespan / UB): 628
Schedule is valid
 Time taken: 1.99 seconds
SAT

=> TOTAL COMPLETION TIME (Makespan / UB): 627
Schedule is valid
 Time taken: 2.00 seconds
SAT

=> TOTAL COMPLETION TIME (Makespan / UB): 626
Schedule is valid
 Time taken: 2.22 seconds
SAT

=> TOTAL COMPLETION TIME (Makespan / UB): 625
Schedule is valid
 Time taken: 2.29 seconds
SAT

=> TOTAL COMPLETION TIME (Makespan / UB): 624
Schedule is valid
 Time taken: 2.88 seconds
SAT

=> TOTAL COMPLETION TIME (Makespan / UB): 623
Schedule is valid
 Time taken: 3.07 seconds
SAT

=> TOTAL COMPLETION TIME (Makespan / UB): 622
Schedule is valid
 Time taken: 3.10 seconds
SAT

=> TOTAL COMPLETION TIME (Makespan / UB): 621
Schedule is valid
 Time taken: 3.11 seconds
SAT

=> TOTAL COMPLETION TIME (Makespan / UB): 620
Schedule is valid
 Time taken: 3.11 seconds
SAT

=> TOTAL COMPLETION TIME (Makespan / UB): 619
Schedule is valid
 Time taken: 3.22 seconds
SAT

=> TOTAL COMPLETION TIME (Makespan / UB): 618
Schedule is valid
 Time taken: 6.73 seconds
SAT

=> TOTAL COMPLETION TIME (Makespan / UB): 617
Schedule is valid
 Time taken: 6.87 seconds
SAT

=> TOTAL COMPLETION TIME (Makespan / UB): 616
Schedule is valid
 Time taken: 6.89 seconds
SAT

=> TOTAL COMPLETION TIME (Makespan / UB): 615
Schedule is valid
 Time taken: 6.89 seconds
SAT

=> TOTAL COMPLETION TIME (Makespan / UB): 614
Schedule is valid
 Time taken: 6.90 seconds
SAT

=> TOTAL COMPLETION TIME (Makespan / UB): 613
Schedule is valid
 Time taken: 6.90 seconds
SAT

=> TOTAL COMPLETION TIME (Makespan / UB): 612
Schedule is valid
 Time taken: 6.91 seconds
SAT

=> TOTAL COMPLETION TIME (Makespan / UB): 611
Schedule is valid
 Time taken: 6.91 seconds
SAT

=> TOTAL COMPLETION TIME (Makespan / UB): 610
Schedule is valid
 Time taken: 6.92 seconds
SAT

=> TOTAL COMPLETION TIME (Makespan / UB): 609
Schedule is valid
 Time taken: 6.93 seconds
SAT

=> TOTAL COMPLETION TIME (Makespan / UB): 608
Schedule is valid
 Time taken: 6.93 seconds
SAT

=> TOTAL COMPLETION TIME (Makespan / UB): 607
Schedule is valid
 Time taken: 7.22 seconds
SAT

=> TOTAL COMPLETION TIME (Makespan / UB): 606
Schedule is valid
 Time taken: 7.66 seconds
SAT

=> TOTAL COMPLETION TIME (Makespan / UB): 605
Schedule is valid
 Time taken: 8.35 seconds
SAT

=> TOTAL COMPLETION TIME (Makespan / UB): 604
Schedule is valid
 Time taken: 8.77 seconds
SAT

=> TOTAL COMPLETION TIME (Makespan / UB): 603
Schedule is valid
 Time taken: 8.78 seconds
SAT

=> TOTAL COMPLETION TIME (Makespan / UB): 602
Schedule is valid
 Time taken: 8.88 seconds
SAT

=> TOTAL COMPLETION TIME (Makespan / UB): 601
Schedule is valid
 Time taken: 8.88 seconds
SAT

=> TOTAL COMPLETION TIME (Makespan / UB): 600
Schedule is valid
 Time taken: 8.89 seconds
SAT

=> TOTAL COMPLETION TIME (Makespan / UB): 599
Schedule is valid
 Time taken: 9.15 seconds
SAT

=> TOTAL COMPLETION TIME (Makespan / UB): 598
Schedule is valid
 Time taken: 9.55 seconds
SAT

=> TOTAL COMPLETION TIME (Makespan / UB): 597
Schedule is valid
 Time taken: 9.94 seconds
[runlim] sample:		9.99 time, 10.01 real, 276 MB, 1.04 load
SAT

=> TOTAL COMPLETION TIME (Makespan / UB): 596
Schedule is valid
 Time taken: 10.21 seconds
SAT

=> TOTAL COMPLETION TIME (Makespan / UB): 595
Schedule is valid
 Time taken: 10.22 seconds
SAT

=> TOTAL COMPLETION TIME (Makespan / UB): 594
Schedule is valid
 Time taken: 10.22 seconds
SAT

=> TOTAL COMPLETION TIME (Makespan / UB): 593
Schedule is valid
 Time taken: 10.23 seconds
SAT

=> TOTAL COMPLETION TIME (Makespan / UB): 592
Schedule is valid
 Time taken: 10.24 seconds
SAT

=> TOTAL COMPLETION TIME (Makespan / UB): 591
Schedule is valid
 Time taken: 10.27 seconds
SAT

=> TOTAL COMPLETION TIME (Makespan / UB): 590
Schedule is valid
 Time taken: 10.55 seconds
SAT

=> TOTAL COMPLETION TIME (Makespan / UB): 589
Schedule is valid
 Time taken: 10.94 seconds
SAT

=> TOTAL COMPLETION TIME (Makespan / UB): 588
Schedule is valid
 Time taken: 11.56 seconds
SAT

=> TOTAL COMPLETION TIME (Makespan / UB): 587
Schedule is valid
 Time taken: 13.94 seconds
SAT

=> TOTAL COMPLETION TIME (Makespan / UB): 586
Schedule is valid
 Time taken: 14.48 seconds
SAT

=> TOTAL COMPLETION TIME (Makespan / UB): 585
Schedule is valid
 Time taken: 14.85 seconds
SAT

=> TOTAL COMPLETION TIME (Makespan / UB): 584
Schedule is valid
 Time taken: 15.09 seconds
SAT

=> TOTAL COMPLETION TIME (Makespan / UB): 583
Schedule is valid
 Time taken: 15.39 seconds
SAT

=> TOTAL COMPLETION TIME (Makespan / UB): 582
Schedule is valid
 Time taken: 15.40 seconds
SAT

=> TOTAL COMPLETION TIME (Makespan / UB): 581
Schedule is valid
 Time taken: 16.81 seconds
SAT

=> TOTAL COMPLETION TIME (Makespan / UB): 580
Schedule is valid
 Time taken: 17.47 seconds
SAT

=> TOTAL COMPLETION TIME (Makespan / UB): 579
Schedule is valid
 Time taken: 17.69 seconds
SAT

=> TOTAL COMPLETION TIME (Makespan / UB): 578
Schedule is valid
 Time taken: 18.09 seconds
SAT

=> TOTAL COMPLETION TIME (Makespan / UB): 577
Schedule is valid
 Time taken: 18.56 seconds
SAT

=> TOTAL COMPLETION TIME (Makespan / UB): 576
Schedule is valid
 Time taken: 18.89 seconds
SAT

=> TOTAL COMPLETION TIME (Makespan / UB): 575
Schedule is valid
 Time taken: 19.21 seconds
SAT

=> TOTAL COMPLETION TIME (Makespan / UB): 574
Schedule is valid
 Time taken: 19.22 seconds
SAT

=> TOTAL COMPLETION TIME (Makespan / UB): 573
Schedule is valid
 Time taken: 19.23 seconds
SAT

=> TOTAL COMPLETION TIME (Makespan / UB): 572
Schedule is valid
 Time taken: 19.23 seconds
SAT

=> TOTAL COMPLETION TIME (Makespan / UB): 571
Schedule is valid
 Time taken: 19.24 seconds
SAT

=> TOTAL COMPLETION TIME (Makespan / UB): 570
Schedule is valid
 Time taken: 19.24 seconds
[runlim] sample:		19.98 time, 20.01 real, 256 MB, 1.03 load
SAT

=> TOTAL COMPLETION TIME (Makespan / UB): 569
Schedule is valid
 Time taken: 21.96 seconds
SAT

=> TOTAL COMPLETION TIME (Makespan / UB): 568
Schedule is valid
 Time taken: 22.42 seconds
SAT

=> TOTAL COMPLETION TIME (Makespan / UB): 567
Schedule is valid
 Time taken: 22.88 seconds
SAT

=> TOTAL COMPLETION TIME (Makespan / UB): 566
Schedule is valid
 Time taken: 22.89 seconds
SAT

=> TOTAL COMPLETION TIME (Makespan / UB): 565
Schedule is valid
 Time taken: 24.88 seconds
SAT

=> TOTAL COMPLETION TIME (Makespan / UB): 564
Schedule is valid
 Time taken: 25.25 seconds
SAT

=> TOTAL COMPLETION TIME (Makespan / UB): 563
Schedule is valid
 Time taken: 26.63 seconds
SAT

=> TOTAL COMPLETION TIME (Makespan / UB): 562
Schedule is valid
 Time taken: 26.64 seconds
SAT

=> TOTAL COMPLETION TIME (Makespan / UB): 561
Schedule is valid
 Time taken: 27.72 seconds
[runlim] sample:		29.97 time, 30.01 real, 250 MB, 1.03 load
SAT

=> TOTAL COMPLETION TIME (Makespan / UB): 560
Schedule is valid
 Time taken: 30.45 seconds
SAT

=> TOTAL COMPLETION TIME (Makespan / UB): 559
Schedule is valid
 Time taken: 36.55 seconds
SAT

=> TOTAL COMPLETION TIME (Makespan / UB): 558
Schedule is valid
 Time taken: 38.08 seconds
[runlim] sample:		39.97 time, 40.01 real, 264 MB, 1.02 load
SAT

=> TOTAL COMPLETION TIME (Makespan / UB): 557
Schedule is valid
 Time taken: 41.01 seconds
SAT

=> TOTAL COMPLETION TIME (Makespan / UB): 556
Schedule is valid
 Time taken: 42.56 seconds
SAT

=> TOTAL COMPLETION TIME (Makespan / UB): 555
Schedule is valid
 Time taken: 42.63 seconds
SAT

=> TOTAL COMPLETION TIME (Makespan / UB): 554
Schedule is valid
 Time taken: 49.34 seconds
SAT

=> TOTAL COMPLETION TIME (Makespan / UB): 553
Schedule is valid
 Time taken: 49.76 seconds
[runlim] sample:		49.96 time, 50.01 real, 264 MB, 1.02 load
SAT

=> TOTAL COMPLETION TIME (Makespan / UB): 552
Schedule is valid
 Time taken: 52.96 seconds
SAT

=> TOTAL COMPLETION TIME (Makespan / UB): 551
Schedule is valid
 Time taken: 53.81 seconds
[runlim] sample:		59.96 time, 60.01 real, 264 MB, 1.01 load
SAT

=> TOTAL COMPLETION TIME (Makespan / UB): 550
Schedule is valid
 Time taken: 60.01 seconds
SAT

=> TOTAL COMPLETION TIME (Makespan / UB): 549
Schedule is valid
 Time taken: 60.34 seconds
SAT

=> TOTAL COMPLETION TIME (Makespan / UB): 548
Schedule is valid
 Time taken: 61.70 seconds
SAT

=> TOTAL COMPLETION TIME (Makespan / UB): 547
Schedule is valid
 Time taken: 63.50 seconds
[runlim] sample:		69.95 time, 70.01 real, 265 MB, 1.09 load
[runlim] sample:		79.95 time, 80.01 real, 265 MB, 1.08 load
[runlim] sample:		89.94 time, 90.01 real, 265 MB, 1.06 load
SAT

=> TOTAL COMPLETION TIME (Makespan / UB): 546
Schedule is valid
 Time taken: 92.75 seconds
[runlim] sample:		99.94 time, 100.01 real, 266 MB, 1.05 load
SAT

=> TOTAL COMPLETION TIME (Makespan / UB): 545
Schedule is valid
 Time taken: 100.87 seconds
SAT

=> TOTAL COMPLETION TIME (Makespan / UB): 544
Schedule is valid
 Time taken: 109.43 seconds
[runlim] sample:		109.93 time, 110.01 real, 266 MB, 1.05 load
SAT

=> TOTAL COMPLETION TIME (Makespan / UB): 543
Schedule is valid
 Time taken: 118.67 seconds
[runlim] sample:		119.92 time, 120.01 real, 267 MB, 1.04 load
SAT

=> TOTAL COMPLETION TIME (Makespan / UB): 542
Schedule is valid
 Time taken: 120.47 seconds
SAT

=> TOTAL COMPLETION TIME (Makespan / UB): 541
Schedule is valid
 Time taken: 129.00 seconds
[runlim] sample:		129.92 time, 130.01 real, 267 MB, 1.03 load
SAT

=> TOTAL COMPLETION TIME (Makespan / UB): 540
Schedule is valid
 Time taken: 136.55 seconds
[runlim] sample:		139.91 time, 140.01 real, 267 MB, 1.03 load
[runlim] sample:		149.90 time, 150.01 real, 269 MB, 1.02 load
[runlim] sample:		159.90 time, 160.01 real, 267 MB, 1.02 load
[runlim] sample:		169.89 time, 170.01 real, 268 MB, 1.02 load
[runlim] sample:		179.89 time, 180.01 real, 270 MB, 1.01 load
[runlim] sample:		189.88 time, 190.01 real, 270 MB, 1.01 load
[runlim] sample:		199.88 time, 200.01 real, 270 MB, 1.01 load
[runlim] sample:		209.88 time, 210.01 real, 267 MB, 1.01 load
[runlim] sample:		219.87 time, 220.01 real, 267 MB, 1.00 load
[runlim] sample:		229.87 time, 230.01 real, 268 MB, 1.00 load
[runlim] sample:		239.87 time, 240.01 real, 268 MB, 1.00 load
[runlim] sample:		249.86 time, 250.01 real, 268 MB, 1.00 load
[runlim] sample:		259.86 time, 260.01 real, 269 MB, 1.00 load
[runlim] sample:		269.85 time, 270.01 real, 269 MB, 1.00 load
[runlim] sample:		279.85 time, 280.01 real, 275 MB, 1.00 load
[runlim] sample:		289.84 time, 290.01 real, 273 MB, 1.07 load
[runlim] sample:		299.84 time, 300.01 real, 275 MB, 1.06 load
[runlim] sample:		309.83 time, 310.01 real, 275 MB, 1.05 load
[runlim] sample:		319.83 time, 320.01 real, 275 MB, 1.04 load
[runlim] sample:		329.83 time, 330.01 real, 277 MB, 1.04 load
[runlim] sample:		339.82 time, 340.01 real, 275 MB, 1.03 load
[runlim] sample:		349.81 time, 350.01 real, 274 MB, 1.02 load
[runlim] sample:		359.81 time, 360.01 real, 275 MB, 1.02 load
[runlim] sample:		369.81 time, 370.01 real, 277 MB, 1.02 load
[runlim] sample:		379.80 time, 380.01 real, 280 MB, 1.01 load
[runlim] sample:		389.79 time, 390.01 real, 280 MB, 1.17 load
[runlim] sample:		399.79 time, 400.01 real, 280 MB, 1.14 load
[runlim] sample:		409.79 time, 410.01 real, 272 MB, 1.12 load
[runlim] sample:		419.78 time, 420.01 real, 271 MB, 1.18 load
[runlim] sample:		429.78 time, 430.01 real, 272 MB, 1.23 load
[runlim] sample:		439.77 time, 440.01 real, 273 MB, 1.19 load
[runlim] sample:		449.77 time, 450.01 real, 273 MB, 1.16 load
[runlim] sample:		459.76 time, 460.01 real, 273 MB, 1.14 load
[runlim] sample:		469.76 time, 470.01 real, 323 MB, 1.19 load
[runlim] sample:		479.75 time, 480.01 real, 274 MB, 1.24 load
[runlim] sample:		489.75 time, 490.01 real, 274 MB, 1.20 load
[runlim] sample:		499.75 time, 500.01 real, 274 MB, 1.25 load
[runlim] sample:		509.74 time, 510.01 real, 274 MB, 1.29 load
[runlim] sample:		519.74 time, 520.01 real, 275 MB, 1.24 load
[runlim] sample:		529.73 time, 530.01 real, 275 MB, 1.20 load
[runlim] sample:		539.73 time, 540.01 real, 275 MB, 1.17 load
[runlim] sample:		549.72 time, 550.01 real, 275 MB, 1.22 load
[runlim] sample:		559.72 time, 560.01 real, 275 MB, 1.19 load
[runlim] sample:		569.71 time, 570.01 real, 276 MB, 1.16 load
[runlim] sample:		579.71 time, 580.01 real, 276 MB, 1.13 load
[runlim] sample:		589.70 time, 590.01 real, 276 MB, 1.11 load
[runlim] sample:		599.70 time, 600.01 real, 276 MB, 1.09 load
[runlim] sample:		609.69 time, 610.01 real, 276 MB, 1.08 load
[runlim] sample:		619.69 time, 620.01 real, 277 MB, 1.07 load
[runlim] sample:		629.69 time, 630.01 real, 277 MB, 1.06 load
[runlim] sample:		639.69 time, 640.01 real, 277 MB, 1.05 load
[runlim] sample:		649.68 time, 650.01 real, 277 MB, 1.04 load
[runlim] sample:		659.67 time, 660.01 real, 277 MB, 1.03 load
[runlim] sample:		669.67 time, 670.01 real, 277 MB, 1.03 load
[runlim] sample:		679.66 time, 680.01 real, 277 MB, 1.02 load
[runlim] sample:		689.66 time, 690.01 real, 278 MB, 1.02 load
[runlim] sample:		699.65 time, 700.01 real, 278 MB, 1.02 load
[runlim] sample:		709.65 time, 710.01 real, 278 MB, 1.01 load
SAT

=> TOTAL COMPLETION TIME (Makespan / UB): 539
Schedule is valid
 Time taken: 718.37 seconds
[runlim] sample:		719.64 time, 720.01 real, 280 MB, 1.01 load
SAT

=> TOTAL COMPLETION TIME (Makespan / UB): 538
Schedule is valid
 Time taken: 727.76 seconds
[runlim] sample:		729.64 time, 730.01 real, 281 MB, 1.01 load
[runlim] sample:		739.63 time, 740.01 real, 285 MB, 1.01 load
[runlim] sample:		749.63 time, 750.01 real, 285 MB, 1.00 load
[runlim] sample:		759.63 time, 760.01 real, 283 MB, 1.00 load
[runlim] sample:		769.62 time, 770.01 real, 286 MB, 1.00 load
[runlim] sample:		779.61 time, 780.01 real, 286 MB, 1.00 load
[runlim] sample:		789.61 time, 790.01 real, 289 MB, 1.00 load
[runlim] sample:		799.61 time, 800.01 real, 289 MB, 1.00 load
[runlim] sample:		809.60 time, 810.01 real, 286 MB, 1.00 load
[runlim] sample:		819.59 time, 820.01 real, 282 MB, 1.00 load
[runlim] sample:		829.59 time, 830.01 real, 282 MB, 1.00 load
[runlim] sample:		839.59 time, 840.01 real, 282 MB, 1.00 load
[runlim] sample:		849.59 time, 850.01 real, 282 MB, 1.00 load
[runlim] sample:		859.58 time, 860.01 real, 282 MB, 1.00 load
[runlim] sample:		869.58 time, 870.01 real, 283 MB, 1.07 load
[runlim] sample:		879.58 time, 880.01 real, 283 MB, 1.06 load
[runlim] sample:		889.57 time, 890.01 real, 284 MB, 1.05 load
[runlim] sample:		899.57 time, 900.01 real, 290 MB, 1.04 load
[runlim] sample:		909.56 time, 910.01 real, 290 MB, 1.04 load
[runlim] sample:		919.56 time, 920.01 real, 291 MB, 1.11 load
[runlim] sample:		929.55 time, 930.01 real, 293 MB, 1.17 load
[runlim] sample:		939.55 time, 940.01 real, 293 MB, 1.14 load
SAT

=> TOTAL COMPLETION TIME (Makespan / UB): 537
Schedule is valid
 Time taken: 942.88 seconds
[runlim] sample:		949.55 time, 950.01 real, 291 MB, 1.12 load
[runlim] sample:		959.54 time, 960.01 real, 290 MB, 1.10 load
[runlim] sample:		969.54 time, 970.01 real, 290 MB, 1.08 load
[runlim] sample:		979.53 time, 980.01 real, 285 MB, 1.07 load
[runlim] sample:		989.53 time, 990.01 real, 285 MB, 1.06 load
[runlim] sample:		999.53 time, 1000.01 real, 291 MB, 1.05 load
[runlim] sample:		1009.52 time, 1010.01 real, 291 MB, 1.04 load
[runlim] sample:		1019.52 time, 1020.01 real, 293 MB, 1.04 load
[runlim] sample:		1029.51 time, 1030.01 real, 293 MB, 1.03 load
[runlim] sample:		1039.51 time, 1040.01 real, 285 MB, 1.02 load
[runlim] sample:		1049.51 time, 1050.01 real, 285 MB, 1.02 load
[runlim] sample:		1059.51 time, 1060.01 real, 285 MB, 1.02 load
[runlim] sample:		1069.50 time, 1070.01 real, 285 MB, 1.01 load
[runlim] sample:		1079.49 time, 1080.01 real, 285 MB, 1.01 load
[runlim] sample:		1089.49 time, 1090.01 real, 285 MB, 1.01 load
[runlim] sample:		1099.49 time, 1100.01 real, 286 MB, 1.01 load
[runlim] sample:		1109.48 time, 1110.01 real, 286 MB, 1.01 load
[runlim] sample:		1119.47 time, 1120.01 real, 287 MB, 1.00 load
[runlim] sample:		1129.47 time, 1130.01 real, 287 MB, 1.00 load
[runlim] sample:		1139.47 time, 1140.01 real, 298 MB, 1.00 load
[runlim] sample:		1149.46 time, 1150.01 real, 298 MB, 1.08 load
[runlim] sample:		1159.46 time, 1160.01 real, 297 MB, 1.07 load
SAT

=> TOTAL COMPLETION TIME (Makespan / UB): 536
Schedule is valid
 Time taken: 1162.16 seconds
[runlim] sample:		1169.45 time, 1170.01 real, 294 MB, 1.06 load
[runlim] sample:		1179.45 time, 1180.01 real, 294 MB, 1.05 load
[runlim] sample:		1189.45 time, 1190.01 real, 296 MB, 1.04 load
[runlim] sample:		1199.45 time, 1200.01 real, 293 MB, 1.03 load
[runlim] sample:		1209.44 time, 1210.01 real, 293 MB, 1.03 load
[runlim] sample:		1219.43 time, 1220.01 real, 291 MB, 1.02 load
SAT

=> TOTAL COMPLETION TIME (Makespan / UB): 535
Schedule is valid
 Time taken: 1221.71 seconds
[runlim] sample:		1229.43 time, 1230.01 real, 295 MB, 1.02 load
[runlim] sample:		1239.43 time, 1240.01 real, 295 MB, 1.02 load
[runlim] sample:		1249.42 time, 1250.01 real, 292 MB, 1.01 load
[runlim] sample:		1259.42 time, 1260.01 real, 292 MB, 1.01 load
[runlim] sample:		1269.41 time, 1270.01 real, 293 MB, 1.01 load
[runlim] sample:		1279.41 time, 1280.01 real, 293 MB, 1.01 load
[runlim] sample:		1289.41 time, 1290.01 real, 293 MB, 1.00 load
[runlim] sample:		1299.40 time, 1300.01 real, 298 MB, 1.00 load
[runlim] sample:		1309.39 time, 1310.01 real, 298 MB, 1.00 load
[runlim] sample:		1319.39 time, 1320.01 real, 291 MB, 1.00 load
[runlim] sample:		1329.38 time, 1330.01 real, 291 MB, 1.00 load
[runlim] sample:		1339.38 time, 1340.01 real, 291 MB, 1.00 load
[runlim] sample:		1349.38 time, 1350.01 real, 290 MB, 1.00 load
[runlim] sample:		1359.37 time, 1360.01 real, 290 MB, 1.07 load
[runlim] sample:		1369.37 time, 1370.01 real, 291 MB, 1.06 load
[runlim] sample:		1379.36 time, 1380.01 real, 291 MB, 1.05 load
[runlim] sample:		1389.36 time, 1390.01 real, 291 MB, 1.04 load
SAT

=> TOTAL COMPLETION TIME (Makespan / UB): 534
Schedule is valid
 Time taken: 1398.64 seconds
[runlim] sample:		1399.35 time, 1400.01 real, 295 MB, 1.04 load
[runlim] sample:		1409.35 time, 1410.01 real, 295 MB, 1.03 load
SAT

=> TOTAL COMPLETION TIME (Makespan / UB): 533
Schedule is valid
 Time taken: 1414.34 seconds
[runlim] sample:		1419.35 time, 1420.01 real, 297 MB, 1.11 load
[runlim] sample:		1429.34 time, 1430.01 real, 297 MB, 1.16 load
[runlim] sample:		1439.34 time, 1440.01 real, 297 MB, 1.14 load
[runlim] sample:		1449.34 time, 1450.01 real, 296 MB, 1.12 load
[runlim] sample:		1459.33 time, 1460.01 real, 296 MB, 1.17 load
[runlim] sample:		1469.32 time, 1470.01 real, 298 MB, 1.15 load
[runlim] sample:		1479.32 time, 1480.01 real, 298 MB, 1.12 load
[runlim] sample:		1489.32 time, 1490.01 real, 299 MB, 1.10 load
[runlim] sample:		1499.31 time, 1500.01 real, 304 MB, 1.09 load
[runlim] sample:		1509.31 time, 1510.01 real, 304 MB, 1.07 load
[runlim] sample:		1519.31 time, 1520.01 real, 304 MB, 1.06 load
[runlim] sample:		1529.31 time, 1530.01 real, 294 MB, 1.05 load
[runlim] sample:		1539.30 time, 1540.01 real, 294 MB, 1.04 load
[runlim] sample:		1549.30 time, 1550.01 real, 294 MB, 1.04 load
[runlim] sample:		1559.29 time, 1560.01 real, 293 MB, 1.03 load
[runlim] sample:		1569.28 time, 1570.01 real, 293 MB, 1.02 load
[runlim] sample:		1579.28 time, 1580.01 real, 293 MB, 1.02 load
[runlim] sample:		1589.28 time, 1590.01 real, 294 MB, 1.02 load
[runlim] sample:		1599.27 time, 1600.01 real, 294 MB, 1.01 load
[runlim] sample:		1609.26 time, 1610.01 real, 294 MB, 1.01 load
[runlim] sample:		1619.26 time, 1620.01 real, 303 MB, 1.01 load
[runlim] sample:		1629.26 time, 1630.01 real, 303 MB, 1.01 load
[runlim] sample:		1639.25 time, 1640.01 real, 304 MB, 1.01 load
[runlim] sample:		1649.25 time, 1650.01 real, 304 MB, 1.00 load
[runlim] sample:		1659.24 time, 1660.01 real, 304 MB, 1.00 load
[runlim] sample:		1669.24 time, 1670.01 real, 304 MB, 1.00 load
SAT

=> TOTAL COMPLETION TIME (Makespan / UB): 532
Schedule is valid
 Time taken: 1679.07 seconds
[runlim] sample:		1679.23 time, 1680.01 real, 281 MB, 1.00 load
[runlim] sample:		1689.23 time, 1690.01 real, 281 MB, 1.00 load
[runlim] sample:		1699.22 time, 1700.01 real, 276 MB, 1.00 load
[runlim] sample:		1709.23 time, 1710.01 real, 276 MB, 1.00 load
[runlim] sample:		1719.22 time, 1720.01 real, 277 MB, 1.00 load
[runlim] sample:		1729.21 time, 1730.01 real, 306 MB, 1.00 load
[runlim] sample:		1739.21 time, 1740.01 real, 306 MB, 1.00 load
[runlim] sample:		1749.20 time, 1750.01 real, 306 MB, 1.00 load
[runlim] sample:		1759.20 time, 1760.01 real, 316 MB, 1.00 load
[runlim] sample:		1769.20 time, 1770.01 real, 316 MB, 1.00 load
[runlim] sample:		1779.19 time, 1780.01 real, 316 MB, 1.00 load
[runlim] sample:		1789.19 time, 1790.01 real, 309 MB, 1.00 load
[runlim] sample:		1799.18 time, 1800.01 real, 309 MB, 1.00 load
[runlim] sample:		1809.18 time, 1810.01 real, 309 MB, 1.00 load
[runlim] sample:		1819.17 time, 1820.01 real, 305 MB, 1.00 load
[runlim] sample:		1829.16 time, 1830.01 real, 305 MB, 1.00 load
[runlim] sample:		1839.16 time, 1840.01 real, 305 MB, 1.00 load
[runlim] sample:		1849.16 time, 1850.01 real, 306 MB, 1.00 load
[runlim] sample:		1859.15 time, 1860.01 real, 306 MB, 1.00 load
[runlim] sample:		1869.15 time, 1870.01 real, 306 MB, 1.00 load
[runlim] sample:		1879.14 time, 1880.01 real, 312 MB, 1.00 load
[runlim] sample:		1889.14 time, 1890.01 real, 312 MB, 1.00 load
SAT

=> TOTAL COMPLETION TIME (Makespan / UB): 531
Schedule is valid
 Time taken: 1895.54 seconds
[runlim] sample:		1899.14 time, 1900.01 real, 275 MB, 1.00 load
[runlim] sample:		1909.13 time, 1910.01 real, 285 MB, 1.00 load
[runlim] sample:		1919.12 time, 1920.01 real, 285 MB, 1.08 load
[runlim] sample:		1929.12 time, 1930.01 real, 285 MB, 1.14 load
[runlim] sample:		1939.11 time, 1940.01 real, 286 MB, 1.12 load
[runlim] sample:		1949.11 time, 1950.01 real, 286 MB, 1.10 load
[runlim] sample:		1959.11 time, 1960.01 real, 286 MB, 1.08 load
[runlim] sample:		1969.10 time, 1970.01 real, 292 MB, 1.07 load
[runlim] sample:		1979.10 time, 1980.01 real, 292 MB, 1.06 load
[runlim] sample:		1989.09 time, 1990.01 real, 311 MB, 1.05 load
[runlim] sample:		1999.09 time, 2000.01 real, 308 MB, 1.04 load
[runlim] sample:		2009.09 time, 2010.01 real, 308 MB, 1.04 load
[runlim] sample:		2019.08 time, 2020.01 real, 308 MB, 1.03 load
[runlim] sample:		2029.08 time, 2030.01 real, 308 MB, 1.02 load
[runlim] sample:		2039.07 time, 2040.01 real, 299 MB, 1.02 load
[runlim] sample:		2049.07 time, 2050.01 real, 299 MB, 1.02 load
[runlim] sample:		2059.07 time, 2060.01 real, 299 MB, 1.01 load
[runlim] sample:		2069.06 time, 2070.01 real, 299 MB, 1.01 load
[runlim] sample:		2079.06 time, 2080.01 real, 299 MB, 1.01 load
SAT

=> TOTAL COMPLETION TIME (Makespan / UB): 530
Schedule is valid
 Time taken: 2089.66 seconds
[runlim] sample:		2089.06 time, 2090.01 real, 274 MB, 1.01 load
[runlim] sample:		2099.05 time, 2100.01 real, 275 MB, 1.01 load
[runlim] sample:		2109.05 time, 2110.01 real, 273 MB, 1.00 load
[runlim] sample:		2119.04 time, 2120.01 real, 273 MB, 1.00 load
[runlim] sample:		2129.04 time, 2130.01 real, 273 MB, 1.24 load
[runlim] sample:		2139.03 time, 2140.01 real, 312 MB, 1.21 load
[runlim] sample:		2149.03 time, 2150.01 real, 313 MB, 1.17 load
[runlim] sample:		2159.03 time, 2160.01 real, 313 MB, 1.15 load
[runlim] sample:		2169.03 time, 2170.01 real, 313 MB, 1.12 load
[runlim] sample:		2179.02 time, 2180.01 real, 313 MB, 1.10 load
[runlim] sample:		2189.01 time, 2190.01 real, 322 MB, 1.09 load
[runlim] sample:		2199.00 time, 2200.01 real, 322 MB, 1.07 load
[runlim] sample:		2209.00 time, 2210.01 real, 322 MB, 1.06 load
[runlim] sample:		2218.99 time, 2220.01 real, 322 MB, 1.05 load
[runlim] sample:		2228.99 time, 2230.01 real, 316 MB, 1.04 load
[runlim] sample:		2238.99 time, 2240.01 real, 316 MB, 1.04 load
[runlim] sample:		2248.98 time, 2250.01 real, 316 MB, 1.03 load
[runlim] sample:		2258.98 time, 2260.01 real, 310 MB, 1.02 load
[runlim] sample:		2268.97 time, 2270.01 real, 310 MB, 1.02 load
[runlim] sample:		2278.97 time, 2280.01 real, 310 MB, 1.02 load
[runlim] sample:		2288.96 time, 2290.01 real, 310 MB, 1.01 load
[runlim] sample:		2298.95 time, 2300.01 real, 310 MB, 1.01 load
SAT

=> TOTAL COMPLETION TIME (Makespan / UB): 529
Schedule is valid
 Time taken: 2308.21 seconds
[runlim] sample:		2308.95 time, 2310.01 real, 272 MB, 1.01 load
SAT

=> TOTAL COMPLETION TIME (Makespan / UB): 528
Schedule is valid
 Time taken: 2312.29 seconds
SAT

=> TOTAL COMPLETION TIME (Makespan / UB): 527
Schedule is valid
 Time taken: 2312.30 seconds
SAT

=> TOTAL COMPLETION TIME (Makespan / UB): 526
Schedule is valid
 Time taken: 2312.41 seconds
[runlim] sample:		2318.94 time, 2320.01 real, 272 MB, 1.01 load
[runlim] sample:		2328.94 time, 2330.01 real, 367 MB, 1.01 load
[runlim] sample:		2338.93 time, 2340.01 real, 299 MB, 1.00 load
[runlim] sample:		2348.93 time, 2350.01 real, 299 MB, 1.00 load
[runlim] sample:		2358.92 time, 2360.01 real, 299 MB, 1.00 load
[runlim] sample:		2368.92 time, 2370.01 real, 298 MB, 1.00 load
[runlim] sample:		2378.91 time, 2380.01 real, 298 MB, 1.00 load
[runlim] sample:		2388.91 time, 2390.01 real, 298 MB, 1.00 load
[runlim] sample:		2398.90 time, 2400.01 real, 298 MB, 1.00 load
[runlim] sample:		2408.89 time, 2410.01 real, 299 MB, 1.00 load
[runlim] sample:		2418.89 time, 2420.01 real, 299 MB, 1.08 load
[runlim] sample:		2428.88 time, 2430.01 real, 299 MB, 1.14 load
[runlim] sample:		2438.88 time, 2440.01 real, 299 MB, 1.12 load
[runlim] sample:		2448.88 time, 2450.01 real, 296 MB, 1.10 load
[runlim] sample:		2458.87 time, 2460.01 real, 312 MB, 1.08 load
[runlim] sample:		2468.87 time, 2470.01 real, 312 MB, 1.07 load
[runlim] sample:		2478.86 time, 2480.01 real, 312 MB, 1.06 load
[runlim] sample:		2488.85 time, 2490.01 real, 311 MB, 1.05 load
[runlim] sample:		2498.85 time, 2500.01 real, 311 MB, 1.04 load
[runlim] sample:		2508.84 time, 2510.01 real, 311 MB, 1.04 load
[runlim] sample:		2518.84 time, 2520.01 real, 311 MB, 1.03 load
[runlim] sample:		2528.83 time, 2530.01 real, 313 MB, 1.02 load
[runlim] sample:		2538.83 time, 2540.01 real, 313 MB, 1.02 load
[runlim] sample:		2548.83 time, 2550.01 real, 313 MB, 1.02 load
[runlim] sample:		2558.82 time, 2560.01 real, 325 MB, 1.01 load
[runlim] sample:		2568.81 time, 2570.01 real, 325 MB, 1.01 load
[runlim] sample:		2578.81 time, 2580.01 real, 325 MB, 1.01 load
[runlim] sample:		2588.80 time, 2590.01 real, 325 MB, 1.01 load
[runlim] sample:		2598.80 time, 2600.01 real, 324 MB, 1.01 load
[runlim] sample:		2608.79 time, 2610.01 real, 324 MB, 1.00 load
[runlim] sample:		2618.79 time, 2620.01 real, 324 MB, 1.00 load
[runlim] sample:		2628.78 time, 2630.01 real, 324 MB, 1.00 load
[runlim] sample:		2638.79 time, 2640.01 real, 326 MB, 1.00 load
[runlim] sample:		2648.78 time, 2650.01 real, 326 MB, 1.00 load
[runlim] sample:		2658.78 time, 2660.01 real, 326 MB, 1.00 load
[runlim] sample:		2668.77 time, 2670.01 real, 326 MB, 1.00 load
[runlim] sample:		2678.76 time, 2680.01 real, 328 MB, 1.00 load
[runlim] sample:		2688.76 time, 2690.01 real, 328 MB, 1.00 load
[runlim] sample:		2698.75 time, 2700.01 real, 328 MB, 1.00 load
[runlim] sample:		2708.75 time, 2710.01 real, 331 MB, 1.00 load
[runlim] sample:		2718.75 time, 2720.01 real, 331 MB, 1.00 load
[runlim] sample:		2728.74 time, 2730.01 real, 331 MB, 1.00 load
[runlim] sample:		2738.74 time, 2740.01 real, 331 MB, 1.00 load
[runlim] sample:		2748.73 time, 2750.01 real, 317 MB, 1.00 load
[runlim] sample:		2758.73 time, 2760.01 real, 317 MB, 1.00 load
[runlim] sample:		2768.72 time, 2770.01 real, 317 MB, 1.00 load
[runlim] sample:		2778.72 time, 2780.01 real, 317 MB, 1.00 load
[runlim] sample:		2788.72 time, 2790.01 real, 314 MB, 1.00 load
[runlim] sample:		2798.71 time, 2800.01 real, 314 MB, 1.00 load
[runlim] sample:		2808.71 time, 2810.01 real, 314 MB, 1.00 load
[runlim] sample:		2818.71 time, 2820.01 real, 314 MB, 1.00 load
[runlim] sample:		2828.70 time, 2830.01 real, 314 MB, 1.00 load
[runlim] sample:		2838.70 time, 2840.01 real, 314 MB, 1.00 load
[runlim] sample:		2848.70 time, 2850.01 real, 314 MB, 1.00 load
[runlim] sample:		2858.69 time, 2860.01 real, 314 MB, 1.16 load
[runlim] sample:		2868.69 time, 2870.01 real, 314 MB, 1.13 load
[runlim] sample:		2878.68 time, 2880.01 real, 315 MB, 1.11 load
[runlim] sample:		2888.67 time, 2890.01 real, 315 MB, 1.10 load
[runlim] sample:		2898.67 time, 2900.01 real, 315 MB, 1.08 load
[runlim] sample:		2908.66 time, 2910.01 real, 315 MB, 1.07 load
[runlim] sample:		2918.66 time, 2920.01 real, 315 MB, 1.14 load
[runlim] sample:		2928.66 time, 2930.01 real, 316 MB, 1.19 load
[runlim] sample:		2938.66 time, 2940.01 real, 316 MB, 1.16 load
[runlim] sample:		2948.65 time, 2950.01 real, 316 MB, 1.13 load
[runlim] sample:		2958.65 time, 2960.01 real, 316 MB, 1.11 load
[runlim] sample:		2968.64 time, 2970.01 real, 316 MB, 1.10 load
[runlim] sample:		2978.64 time, 2980.01 real, 317 MB, 1.08 load
[runlim] sample:		2988.63 time, 2990.01 real, 318 MB, 1.07 load
[runlim] sample:		2998.63 time, 3000.01 real, 318 MB, 1.06 load
[runlim] sample:		3008.62 time, 3010.01 real, 318 MB, 1.05 load
[runlim] sample:		3018.62 time, 3020.01 real, 318 MB, 1.12 load
[runlim] sample:		3028.62 time, 3030.01 real, 318 MB, 1.10 load
[runlim] sample:		3038.61 time, 3040.01 real, 318 MB, 1.08 load
[runlim] sample:		3048.61 time, 3050.01 real, 318 MB, 1.07 load
[runlim] sample:		3058.61 time, 3060.01 real, 318 MB, 1.06 load
[runlim] sample:		3068.60 time, 3070.01 real, 318 MB, 1.05 load
[runlim] sample:		3078.59 time, 3080.01 real, 319 MB, 1.04 load
[runlim] sample:		3088.59 time, 3090.01 real, 319 MB, 1.04 load
[runlim] sample:		3098.58 time, 3100.01 real, 319 MB, 1.03 load
[runlim] sample:		3108.58 time, 3110.01 real, 319 MB, 1.02 load
[runlim] sample:		3118.57 time, 3120.01 real, 319 MB, 1.02 load
[runlim] sample:		3128.57 time, 3130.01 real, 319 MB, 1.02 load
[runlim] sample:		3138.57 time, 3140.01 real, 319 MB, 1.01 load
[runlim] sample:		3148.56 time, 3150.01 real, 319 MB, 1.01 load
[runlim] sample:		3158.56 time, 3160.01 real, 319 MB, 1.01 load
[runlim] sample:		3168.55 time, 3170.01 real, 319 MB, 1.01 load
[runlim] sample:		3178.54 time, 3180.01 real, 320 MB, 1.01 load
[runlim] sample:		3188.54 time, 3190.01 real, 320 MB, 1.00 load
[runlim] sample:		3198.53 time, 3200.01 real, 320 MB, 1.00 load
[runlim] sample:		3208.53 time, 3210.01 real, 320 MB, 1.00 load
[runlim] sample:		3218.52 time, 3220.01 real, 320 MB, 1.00 load
[runlim] sample:		3228.52 time, 3230.01 real, 328 MB, 1.00 load
[runlim] sample:		3238.52 time, 3240.01 real, 328 MB, 1.00 load
[runlim] sample:		3248.51 time, 3250.01 real, 328 MB, 1.00 load
[runlim] sample:		3258.51 time, 3260.01 real, 328 MB, 1.07 load
[runlim] sample:		3268.50 time, 3270.01 real, 328 MB, 1.06 load
[runlim] sample:		3278.50 time, 3280.01 real, 328 MB, 1.05 load
[runlim] sample:		3288.49 time, 3290.01 real, 330 MB, 1.04 load
[runlim] sample:		3298.49 time, 3300.01 real, 330 MB, 1.04 load
[runlim] sample:		3308.49 time, 3310.01 real, 330 MB, 1.03 load
[runlim] sample:		3318.48 time, 3320.01 real, 330 MB, 1.02 load
[runlim] sample:		3328.48 time, 3330.01 real, 330 MB, 1.02 load
[runlim] sample:		3338.48 time, 3340.01 real, 326 MB, 1.02 load
[runlim] sample:		3348.47 time, 3350.01 real, 326 MB, 1.01 load
[runlim] sample:		3358.47 time, 3360.01 real, 326 MB, 1.01 load
[runlim] sample:		3368.46 time, 3370.01 real, 326 MB, 1.01 load
[runlim] sample:		3378.46 time, 3380.01 real, 326 MB, 1.01 load
[runlim] sample:		3388.45 time, 3390.01 real, 327 MB, 1.01 load
[runlim] sample:		3398.45 time, 3400.01 real, 327 MB, 1.00 load
[runlim] sample:		3408.44 time, 3410.01 real, 327 MB, 1.00 load
[runlim] sample:		3418.44 time, 3420.01 real, 327 MB, 1.08 load
[runlim] sample:		3428.44 time, 3430.01 real, 327 MB, 1.14 load
[runlim] sample:		3438.44 time, 3440.01 real, 330 MB, 1.12 load
[runlim] sample:		3448.43 time, 3450.01 real, 330 MB, 1.10 load
[runlim] sample:		3458.43 time, 3460.01 real, 330 MB, 1.09 load
[runlim] sample:		3468.42 time, 3470.01 real, 330 MB, 1.07 load
[runlim] sample:		3478.41 time, 3480.01 real, 334 MB, 1.06 load
[runlim] sample:		3488.41 time, 3490.01 real, 334 MB, 1.13 load
[runlim] sample:		3498.40 time, 3500.01 real, 334 MB, 1.11 load
[runlim] sample:		3508.40 time, 3510.01 real, 334 MB, 1.17 load
[runlim] sample:		3518.40 time, 3520.01 real, 334 MB, 1.15 load
[runlim] sample:		3528.39 time, 3530.01 real, 331 MB, 1.12 load
[runlim] sample:		3538.39 time, 3540.01 real, 331 MB, 1.10 load
[runlim] sample:		3548.38 time, 3550.01 real, 331 MB, 1.09 load
[runlim] sample:		3558.37 time, 3560.01 real, 340 MB, 1.07 load
[runlim] sample:		3568.37 time, 3570.01 real, 340 MB, 1.06 load
[runlim] sample:		3578.36 time, 3580.01 real, 340 MB, 1.05 load
[runlim] sample:		3588.36 time, 3590.01 real, 340 MB, 1.04 load
[runlim] sample:		3598.36 time, 3600.01 real, 338 MB, 1.04 load
[runlim] sample:		3608.35 time, 3610.01 real, 338 MB, 1.03 load
[runlim] sample:		3618.35 time, 3620.01 real, 338 MB, 1.11 load
[runlim] sample:		3628.34 time, 3630.01 real, 338 MB, 1.09 load
[runlim] sample:		3638.34 time, 3640.01 real, 338 MB, 1.07 load
[runlim] sample:		3648.33 time, 3650.01 real, 334 MB, 1.06 load
[runlim] sample:		3658.33 time, 3660.01 real, 334 MB, 1.05 load
[runlim] sample:		3668.32 time, 3670.01 real, 334 MB, 1.04 load
[runlim] sample:		3678.32 time, 3680.01 real, 334 MB, 1.04 load
[runlim] sample:		3688.31 time, 3690.01 real, 334 MB, 1.03 load
[runlim] sample:		3698.31 time, 3700.01 real, 338 MB, 1.03 load
[runlim] sample:		3708.30 time, 3710.01 real, 338 MB, 1.10 load
[runlim] sample:		3718.30 time, 3720.01 real, 338 MB, 1.09 load
[runlim] sample:		3728.29 time, 3730.01 real, 338 MB, 1.07 load
[runlim] sample:		3738.29 time, 3740.01 real, 338 MB, 1.06 load
[runlim] sample:		3748.28 time, 3750.01 real, 332 MB, 1.05 load
[runlim] sample:		3758.28 time, 3760.01 real, 332 MB, 1.04 load
[runlim] sample:		3768.27 time, 3770.01 real, 332 MB, 1.04 load
[runlim] sample:		3778.27 time, 3780.01 real, 332 MB, 1.03 load
[runlim] sample:		3788.26 time, 3790.01 real, 332 MB, 1.02 load
[runlim] sample:		3798.26 time, 3800.01 real, 336 MB, 1.02 load
[runlim] sample:		3808.26 time, 3810.01 real, 336 MB, 1.02 load
[runlim] sample:		3818.25 time, 3820.01 real, 336 MB, 1.01 load
[runlim] sample:		3828.24 time, 3830.01 real, 336 MB, 1.01 load
[runlim] sample:		3838.24 time, 3840.01 real, 336 MB, 1.01 load
[runlim] sample:		3848.23 time, 3850.01 real, 351 MB, 1.01 load
[runlim] sample:		3858.23 time, 3860.01 real, 351 MB, 1.01 load
[runlim] sample:		3868.23 time, 3870.01 real, 351 MB, 1.00 load
[runlim] sample:		3878.22 time, 3880.01 real, 351 MB, 1.00 load
[runlim] sample:		3888.22 time, 3890.01 real, 351 MB, 1.00 load
[runlim] sample:		3898.21 time, 3900.01 real, 347 MB, 1.00 load
[runlim] sample:		3908.21 time, 3910.01 real, 347 MB, 1.00 load
[runlim] sample:		3918.20 time, 3920.01 real, 347 MB, 1.08 load
SAT

=> TOTAL COMPLETION TIME (Makespan / UB): 525
Schedule is valid
 Time taken: 3924.07 seconds
[runlim] sample:		3928.20 time, 3930.01 real, 347 MB, 1.14 load
[runlim] sample:		3938.19 time, 3940.01 real, 356 MB, 1.12 load
[runlim] sample:		3948.19 time, 3950.01 real, 356 MB, 1.10 load
[runlim] sample:		3958.18 time, 3960.01 real, 356 MB, 1.08 load
[runlim] sample:		3968.18 time, 3970.01 real, 356 MB, 1.07 load
[runlim] sample:		3978.18 time, 3980.01 real, 340 MB, 1.06 load
[runlim] sample:		3988.17 time, 3990.01 real, 340 MB, 1.12 load
[runlim] sample:		3998.17 time, 4000.01 real, 340 MB, 1.10 load
[runlim] sample:		4008.16 time, 4010.01 real, 365 MB, 1.09 load
[runlim] sample:		4018.15 time, 4020.01 real, 365 MB, 1.07 load
[runlim] sample:		4028.15 time, 4030.01 real, 374 MB, 1.06 load
[runlim] sample:		4038.15 time, 4040.01 real, 374 MB, 1.05 load
[runlim] sample:		4048.14 time, 4050.01 real, 374 MB, 1.04 load
[runlim] sample:		4058.14 time, 4060.01 real, 374 MB, 1.04 load
[runlim] sample:		4068.13 time, 4070.01 real, 374 MB, 1.03 load
[runlim] sample:		4078.12 time, 4080.01 real, 374 MB, 1.02 load
[runlim] sample:		4088.12 time, 4090.01 real, 359 MB, 1.02 load
[runlim] sample:		4098.11 time, 4100.01 real, 359 MB, 1.24 load
[runlim] sample:		4108.11 time, 4110.01 real, 359 MB, 1.20 load
[runlim] sample:		4118.10 time, 4120.01 real, 359 MB, 1.17 load
[runlim] sample:		4128.10 time, 4130.01 real, 359 MB, 1.14 load
[runlim] sample:		4138.10 time, 4140.01 real, 360 MB, 1.12 load
[runlim] sample:		4148.09 time, 4150.01 real, 360 MB, 1.10 load
[runlim] sample:		4158.09 time, 4160.01 real, 360 MB, 1.09 load
[runlim] sample:		4168.08 time, 4170.01 real, 360 MB, 1.07 load
[runlim] sample:		4178.08 time, 4180.01 real, 372 MB, 1.06 load
[runlim] sample:		4188.07 time, 4190.01 real, 372 MB, 1.05 load
SAT

=> TOTAL COMPLETION TIME (Makespan / UB): 524
Schedule is valid
 Time taken: 4199.44 seconds
[runlim] sample:		4198.06 time, 4200.01 real, 315 MB, 1.04 load
[runlim] sample:		4208.05 time, 4210.01 real, 315 MB, 1.04 load
[runlim] sample:		4218.05 time, 4220.01 real, 341 MB, 1.03 load
[runlim] sample:		4228.05 time, 4230.01 real, 331 MB, 1.02 load
[runlim] sample:		4238.05 time, 4240.01 real, 331 MB, 1.02 load
[runlim] sample:		4248.04 time, 4250.01 real, 331 MB, 1.02 load
[runlim] sample:		4258.03 time, 4260.01 real, 331 MB, 1.01 load
[runlim] sample:		4268.04 time, 4270.01 real, 335 MB, 1.01 load
[runlim] sample:		4278.03 time, 4280.01 real, 335 MB, 1.01 load
[runlim] sample:		4288.03 time, 4290.01 real, 335 MB, 1.01 load
[runlim] sample:		4298.03 time, 4300.01 real, 335 MB, 1.01 load
[runlim] sample:		4308.02 time, 4310.01 real, 335 MB, 1.00 load
[runlim] sample:		4318.02 time, 4320.01 real, 335 MB, 1.00 load
[runlim] sample:		4328.01 time, 4330.01 real, 334 MB, 1.00 load
[runlim] sample:		4338.01 time, 4340.01 real, 334 MB, 1.00 load
[runlim] sample:		4348.00 time, 4350.01 real, 334 MB, 1.00 load
[runlim] sample:		4358.00 time, 4360.01 real, 334 MB, 1.00 load
[runlim] sample:		4368.00 time, 4370.01 real, 334 MB, 1.00 load
[runlim] sample:		4377.99 time, 4380.01 real, 326 MB, 1.00 load
[runlim] sample:		4387.99 time, 4390.01 real, 326 MB, 1.00 load
[runlim] sample:		4397.98 time, 4400.01 real, 326 MB, 1.00 load
[runlim] sample:		4407.98 time, 4410.01 real, 326 MB, 1.00 load
[runlim] sample:		4417.97 time, 4420.01 real, 326 MB, 1.08 load
[runlim] sample:		4427.97 time, 4430.01 real, 326 MB, 1.14 load
[runlim] sample:		4437.97 time, 4440.01 real, 328 MB, 1.12 load
[runlim] sample:		4447.96 time, 4450.01 real, 358 MB, 1.25 load
[runlim] sample:		4457.96 time, 4460.01 real, 358 MB, 1.21 load
[runlim] sample:		4467.95 time, 4470.01 real, 358 MB, 1.25 load
[runlim] sample:		4477.95 time, 4480.01 real, 358 MB, 1.21 load
[runlim] sample:		4487.95 time, 4490.01 real, 358 MB, 1.25 load
[runlim] sample:		4497.94 time, 4500.01 real, 371 MB, 1.21 load
[runlim] sample:		4507.94 time, 4510.01 real, 371 MB, 1.18 load
SAT

=> TOTAL COMPLETION TIME (Makespan / UB): 523
Schedule is valid
 Time taken: 4517.23 seconds
[runlim] sample:		4517.94 time, 4520.01 real, 319 MB, 1.15 load
[runlim] sample:		4527.93 time, 4530.01 real, 319 MB, 1.13 load
[runlim] sample:		4537.93 time, 4540.01 real, 330 MB, 1.11 load
[runlim] sample:		4547.93 time, 4550.01 real, 330 MB, 1.09 load
[runlim] sample:		4557.92 time, 4560.01 real, 330 MB, 1.08 load
[runlim] sample:		4567.92 time, 4570.01 real, 330 MB, 1.23 load
[runlim] sample:		4577.91 time, 4580.01 real, 330 MB, 1.19 load
[runlim] sample:		4587.91 time, 4590.01 real, 325 MB, 1.16 load
[runlim] sample:		4597.91 time, 4600.01 real, 325 MB, 1.14 load
[runlim] sample:		4607.90 time, 4610.01 real, 325 MB, 1.11 load
[runlim] sample:		4617.90 time, 4620.01 real, 325 MB, 1.10 load
[runlim] sample:		4627.90 time, 4630.01 real, 325 MB, 1.08 load
[runlim] sample:		4637.89 time, 4640.01 real, 325 MB, 1.07 load
[runlim] sample:		4647.89 time, 4650.01 real, 322 MB, 1.06 load
[runlim] sample:		4657.88 time, 4660.01 real, 322 MB, 1.05 load
[runlim] sample:		4667.88 time, 4670.01 real, 322 MB, 1.04 load
[runlim] sample:		4677.87 time, 4680.01 real, 357 MB, 1.03 load
[runlim] sample:		4687.87 time, 4690.01 real, 357 MB, 1.03 load
[runlim] sample:		4697.86 time, 4700.01 real, 357 MB, 1.02 load
[runlim] sample:		4707.86 time, 4710.01 real, 357 MB, 1.02 load
[runlim] sample:		4717.86 time, 4720.01 real, 353 MB, 1.02 load
[runlim] sample:		4727.86 time, 4730.01 real, 353 MB, 1.01 load
[runlim] sample:		4737.85 time, 4740.01 real, 353 MB, 1.01 load
[runlim] sample:		4747.85 time, 4750.01 real, 353 MB, 1.01 load
[runlim] sample:		4757.85 time, 4760.01 real, 353 MB, 1.01 load
SAT

=> TOTAL COMPLETION TIME (Makespan / UB): 522
Schedule is valid
 Time taken: 4767.17 seconds
[runlim] sample:		4767.84 time, 4770.01 real, 353 MB, 1.00 load
[runlim] sample:		4777.83 time, 4780.01 real, 366 MB, 1.00 load
[runlim] sample:		4787.83 time, 4790.01 real, 366 MB, 1.00 load
[runlim] sample:		4797.83 time, 4800.01 real, 366 MB, 1.00 load
[runlim] sample:		4807.82 time, 4810.01 real, 366 MB, 1.00 load
[runlim] sample:		4817.82 time, 4820.01 real, 366 MB, 1.00 load
[runlim] sample:		4827.82 time, 4830.01 real, 368 MB, 1.00 load
[runlim] sample:		4837.82 time, 4840.01 real, 368 MB, 1.00 load
[runlim] sample:		4847.81 time, 4850.01 real, 368 MB, 1.00 load
[runlim] sample:		4857.81 time, 4860.01 real, 368 MB, 1.00 load
[runlim] sample:		4867.80 time, 4870.01 real, 368 MB, 1.00 load
[runlim] sample:		4877.80 time, 4880.01 real, 368 MB, 1.00 load
[runlim] sample:		4887.80 time, 4890.01 real, 377 MB, 1.08 load
[runlim] sample:		4897.79 time, 4900.01 real, 377 MB, 1.07 load
[runlim] sample:		4907.79 time, 4910.01 real, 377 MB, 1.06 load
[runlim] sample:		4917.78 time, 4920.01 real, 377 MB, 1.13 load
[runlim] sample:		4927.77 time, 4930.01 real, 332 MB, 1.18 load
[runlim] sample:		4937.77 time, 4940.01 real, 332 MB, 1.15 load
[runlim] sample:		4947.76 time, 4950.01 real, 326 MB, 1.13 load
[runlim] sample:		4957.76 time, 4960.01 real, 326 MB, 1.11 load
[runlim] sample:		4967.75 time, 4970.01 real, 326 MB, 1.09 load
[runlim] sample:		4977.75 time, 4980.01 real, 326 MB, 1.08 load
[runlim] sample:		4987.74 time, 4990.01 real, 326 MB, 1.06 load
[runlim] sample:		4997.74 time, 5000.01 real, 326 MB, 1.05 load
[runlim] sample:		5007.74 time, 5010.01 real, 326 MB, 1.05 load
[runlim] sample:		5017.74 time, 5020.01 real, 327 MB, 1.04 load
[runlim] sample:		5027.74 time, 5030.01 real, 327 MB, 1.03 load
[runlim] sample:		5037.73 time, 5040.01 real, 327 MB, 1.03 load
SAT

=> TOTAL COMPLETION TIME (Makespan / UB): 521
Schedule is valid
 Time taken: 5046.51 seconds
[runlim] sample:		5047.73 time, 5050.01 real, 345 MB, 1.10 load
[runlim] sample:		5057.72 time, 5060.01 real, 345 MB, 1.08 load
[runlim] sample:		5067.72 time, 5070.01 real, 345 MB, 1.07 load
[runlim] sample:		5077.72 time, 5080.01 real, 345 MB, 1.06 load
[runlim] sample:		5087.71 time, 5090.01 real, 345 MB, 1.05 load
[runlim] sample:		5097.71 time, 5100.01 real, 345 MB, 1.04 load
[runlim] sample:		5107.69 time, 5110.01 real, 334 MB, 1.03 load
[runlim] sample:		5117.69 time, 5120.01 real, 334 MB, 1.03 load
[runlim] sample:		5127.68 time, 5130.01 real, 334 MB, 1.02 load
[runlim] sample:		5137.68 time, 5140.01 real, 334 MB, 1.02 load
[runlim] sample:		5147.68 time, 5150.01 real, 334 MB, 1.02 load
[runlim] sample:		5157.68 time, 5160.01 real, 334 MB, 1.01 load
[runlim] sample:		5167.68 time, 5170.01 real, 373 MB, 1.01 load
[runlim] sample:		5177.67 time, 5180.01 real, 373 MB, 1.01 load
[runlim] sample:		5187.67 time, 5190.01 real, 373 MB, 1.01 load
[runlim] sample:		5197.66 time, 5200.01 real, 373 MB, 1.00 load
[runlim] sample:		5207.66 time, 5210.01 real, 373 MB, 1.00 load
[runlim] sample:		5217.65 time, 5220.01 real, 373 MB, 1.00 load
[runlim] sample:		5227.65 time, 5230.01 real, 373 MB, 1.00 load
[runlim] sample:		5237.65 time, 5240.01 real, 364 MB, 1.00 load
[runlim] sample:		5247.64 time, 5250.01 real, 364 MB, 1.00 load
[runlim] sample:		5257.64 time, 5260.01 real, 364 MB, 1.00 load
[runlim] sample:		5267.63 time, 5270.01 real, 364 MB, 1.00 load
[runlim] sample:		5277.63 time, 5280.01 real, 364 MB, 1.00 load
[runlim] sample:		5287.63 time, 5290.01 real, 364 MB, 1.00 load
[runlim] sample:		5297.62 time, 5300.01 real, 365 MB, 1.00 load
[runlim] sample:		5307.62 time, 5310.01 real, 365 MB, 1.00 load
[runlim] sample:		5317.62 time, 5320.01 real, 365 MB, 1.00 load
[runlim] sample:		5327.61 time, 5330.01 real, 365 MB, 1.00 load
[runlim] sample:		5337.61 time, 5340.01 real, 365 MB, 1.00 load
[runlim] sample:		5347.60 time, 5350.01 real, 382 MB, 1.00 load
[runlim] sample:		5357.60 time, 5360.01 real, 382 MB, 1.00 load
SAT

=> TOTAL COMPLETION TIME (Makespan / UB): 520
Schedule is valid
 Time taken: 5360.45 seconds
[runlim] sample:		5367.59 time, 5370.01 real, 382 MB, 1.15 load
[runlim] sample:		5377.59 time, 5380.01 real, 382 MB, 1.12 load
[runlim] sample:		5387.59 time, 5390.01 real, 382 MB, 1.10 load
[runlim] sample:		5397.59 time, 5400.01 real, 382 MB, 1.09 load
[runlim] sample:		5407.58 time, 5410.01 real, 333 MB, 1.07 load
[runlim] sample:		5417.58 time, 5420.01 real, 376 MB, 1.14 load
[runlim] sample:		5427.57 time, 5430.01 real, 377 MB, 1.19 load
[runlim] sample:		5437.57 time, 5440.01 real, 377 MB, 1.16 load
[runlim] sample:		5447.56 time, 5450.01 real, 377 MB, 1.14 load
[runlim] sample:		5457.56 time, 5460.01 real, 377 MB, 1.12 load
[runlim] sample:		5467.56 time, 5470.01 real, 377 MB, 1.10 load
[runlim] sample:		5477.55 time, 5480.01 real, 377 MB, 1.08 load
[runlim] sample:		5487.55 time, 5490.01 real, 377 MB, 1.07 load
[runlim] sample:		5497.55 time, 5500.01 real, 377 MB, 1.06 load
[runlim] sample:		5507.54 time, 5510.01 real, 377 MB, 1.05 load
[runlim] sample:		5517.54 time, 5520.01 real, 377 MB, 1.04 load
[runlim] sample:		5527.53 time, 5530.01 real, 377 MB, 1.03 load
[runlim] sample:		5537.53 time, 5540.01 real, 375 MB, 1.03 load
[runlim] sample:		5547.53 time, 5550.01 real, 375 MB, 1.02 load
[runlim] sample:		5557.52 time, 5560.01 real, 375 MB, 1.02 load
[runlim] sample:		5567.52 time, 5570.01 real, 375 MB, 1.02 load
[runlim] sample:		5577.51 time, 5580.01 real, 375 MB, 1.01 load
[runlim] sample:		5587.51 time, 5590.01 real, 375 MB, 1.08 load
[runlim] sample:		5597.51 time, 5600.01 real, 375 MB, 1.07 load
[runlim] sample:		5607.50 time, 5610.01 real, 375 MB, 1.06 load
[runlim] sample:		5617.49 time, 5620.01 real, 373 MB, 1.05 load
[runlim] sample:		5627.49 time, 5630.01 real, 373 MB, 1.04 load
[runlim] sample:		5637.49 time, 5640.01 real, 373 MB, 1.04 load
[runlim] sample:		5647.48 time, 5650.01 real, 373 MB, 1.03 load
[runlim] sample:		5657.48 time, 5660.01 real, 373 MB, 1.02 load
[runlim] sample:		5667.48 time, 5670.01 real, 393 MB, 1.02 load
SAT

=> TOTAL COMPLETION TIME (Makespan / UB): 519
Schedule is valid
 Time taken: 5676.52 seconds
[runlim] sample:		5677.48 time, 5680.01 real, 393 MB, 1.02 load
[runlim] sample:		5687.47 time, 5690.01 real, 393 MB, 1.01 load
[runlim] sample:		5697.46 time, 5700.01 real, 405 MB, 1.01 load
[runlim] sample:		5707.46 time, 5710.01 real, 405 MB, 1.01 load
[runlim] sample:		5717.46 time, 5720.01 real, 405 MB, 1.01 load
[runlim] sample:		5727.45 time, 5730.01 real, 405 MB, 1.01 load
[runlim] sample:		5737.44 time, 5740.01 real, 345 MB, 1.00 load
[runlim] sample:		5747.43 time, 5750.01 real, 345 MB, 1.00 load
[runlim] sample:		5757.43 time, 5760.01 real, 345 MB, 1.00 load
[runlim] sample:		5767.43 time, 5770.01 real, 345 MB, 1.00 load
[runlim] sample:		5777.43 time, 5780.01 real, 345 MB, 1.00 load
[runlim] sample:		5787.43 time, 5790.01 real, 346 MB, 1.00 load
[runlim] sample:		5797.42 time, 5800.01 real, 342 MB, 1.00 load
[runlim] sample:		5807.41 time, 5810.01 real, 342 MB, 1.00 load
[runlim] sample:		5817.41 time, 5820.01 real, 342 MB, 1.00 load
[runlim] sample:		5827.40 time, 5830.01 real, 342 MB, 1.00 load
[runlim] sample:		5837.40 time, 5840.01 real, 342 MB, 1.08 load
[runlim] sample:		5847.40 time, 5850.01 real, 342 MB, 1.07 load
[runlim] sample:		5857.39 time, 5860.01 real, 342 MB, 1.06 load
[runlim] sample:		5867.38 time, 5870.01 real, 336 MB, 1.05 load
[runlim] sample:		5877.37 time, 5880.01 real, 336 MB, 1.04 load
[runlim] sample:		5887.37 time, 5890.01 real, 336 MB, 1.03 load
[runlim] sample:		5897.36 time, 5900.01 real, 336 MB, 1.03 load
[runlim] sample:		5907.36 time, 5910.01 real, 336 MB, 1.10 load
[runlim] sample:		5917.35 time, 5920.01 real, 336 MB, 1.16 load
[runlim] sample:		5927.35 time, 5930.01 real, 336 MB, 1.21 load
[runlim] sample:		5937.35 time, 5940.01 real, 336 MB, 1.18 load
[runlim] sample:		5947.35 time, 5950.01 real, 334 MB, 1.15 load
[runlim] sample:		5957.35 time, 5960.01 real, 334 MB, 1.13 load
[runlim] sample:		5967.34 time, 5970.01 real, 334 MB, 1.11 load
[runlim] sample:		5977.34 time, 5980.01 real, 334 MB, 1.09 load
[runlim] sample:		5987.33 time, 5990.01 real, 379 MB, 1.08 load
[runlim] sample:		5997.32 time, 6000.01 real, 379 MB, 1.21 load
[runlim] sample:		6007.32 time, 6010.01 real, 396 MB, 1.18 load
[runlim] sample:		6017.31 time, 6020.01 real, 396 MB, 1.15 load
[runlim] sample:		6027.31 time, 6030.01 real, 396 MB, 1.13 load
[runlim] sample:		6037.30 time, 6040.01 real, 396 MB, 1.11 load
[runlim] sample:		6047.30 time, 6050.01 real, 396 MB, 1.09 load
[runlim] sample:		6057.29 time, 6060.01 real, 396 MB, 1.08 load
[runlim] sample:		6067.30 time, 6070.01 real, 398 MB, 1.06 load
[runlim] sample:		6077.29 time, 6080.01 real, 398 MB, 1.05 load
[runlim] sample:		6087.29 time, 6090.01 real, 398 MB, 1.04 load
[runlim] sample:		6097.28 time, 6100.01 real, 398 MB, 1.04 load
[runlim] sample:		6107.28 time, 6110.01 real, 398 MB, 1.03 load
[runlim] sample:		6117.27 time, 6120.01 real, 398 MB, 1.03 load
[runlim] sample:		6127.27 time, 6130.01 real, 398 MB, 1.02 load
[runlim] sample:		6137.27 time, 6140.01 real, 396 MB, 1.02 load
[runlim] sample:		6147.26 time, 6150.01 real, 396 MB, 1.01 load
[runlim] sample:		6157.26 time, 6160.01 real, 396 MB, 1.01 load
[runlim] sample:		6167.26 time, 6170.01 real, 396 MB, 1.01 load
[runlim] sample:		6177.25 time, 6180.01 real, 396 MB, 1.01 load
[runlim] sample:		6187.25 time, 6190.01 real, 396 MB, 1.01 load
[runlim] sample:		6197.24 time, 6200.01 real, 395 MB, 1.00 load
[runlim] sample:		6207.24 time, 6210.01 real, 395 MB, 1.00 load
[runlim] sample:		6217.24 time, 6220.01 real, 395 MB, 1.00 load
[runlim] sample:		6227.23 time, 6230.01 real, 395 MB, 1.00 load
[runlim] sample:		6237.23 time, 6240.01 real, 395 MB, 1.00 load
[runlim] sample:		6247.22 time, 6250.01 real, 395 MB, 1.00 load
[runlim] sample:		6257.22 time, 6260.01 real, 395 MB, 1.00 load
[runlim] sample:		6267.21 time, 6270.01 real, 379 MB, 1.00 load
[runlim] sample:		6277.20 time, 6280.01 real, 379 MB, 1.00 load
[runlim] sample:		6287.20 time, 6290.01 real, 379 MB, 1.00 load
[runlim] sample:		6297.19 time, 6300.01 real, 379 MB, 1.00 load
[runlim] sample:		6307.19 time, 6310.01 real, 379 MB, 1.00 load
[runlim] sample:		6317.18 time, 6320.01 real, 379 MB, 1.15 load
[runlim] sample:		6327.18 time, 6330.01 real, 379 MB, 1.12 load
[runlim] sample:		6337.18 time, 6340.01 real, 379 MB, 1.10 load
[runlim] sample:		6347.18 time, 6350.01 real, 380 MB, 1.09 load
[runlim] sample:		6357.18 time, 6360.01 real, 380 MB, 1.07 load
[runlim] sample:		6367.17 time, 6370.01 real, 380 MB, 1.06 load
[runlim] sample:		6377.17 time, 6380.01 real, 380 MB, 1.05 load
[runlim] sample:		6387.16 time, 6390.01 real, 380 MB, 1.04 load
[runlim] sample:		6397.16 time, 6400.01 real, 380 MB, 1.04 load
[runlim] sample:		6407.16 time, 6410.01 real, 380 MB, 1.03 load
[runlim] sample:		6417.15 time, 6420.01 real, 380 MB, 1.11 load
[runlim] sample:		6427.15 time, 6430.01 real, 381 MB, 1.16 load
[runlim] sample:		6437.14 time, 6440.01 real, 381 MB, 1.14 load
[runlim] sample:		6447.14 time, 6450.01 real, 381 MB, 1.12 load
[runlim] sample:		6457.13 time, 6460.01 real, 381 MB, 1.10 load
[runlim] sample:		6467.13 time, 6470.01 real, 381 MB, 1.08 load
[runlim] sample:		6477.13 time, 6480.01 real, 381 MB, 1.15 load
[runlim] sample:		6487.12 time, 6490.01 real, 381 MB, 1.13 load
[runlim] sample:		6497.12 time, 6500.01 real, 381 MB, 1.19 load
[runlim] sample:		6507.12 time, 6510.01 real, 382 MB, 1.16 load
[runlim] sample:		6517.11 time, 6520.01 real, 382 MB, 1.13 load
[runlim] sample:		6527.11 time, 6530.01 real, 382 MB, 1.11 load
[runlim] sample:		6537.11 time, 6540.01 real, 382 MB, 1.18 load
[runlim] sample:		6547.10 time, 6550.01 real, 382 MB, 1.15 load
[runlim] sample:		6557.10 time, 6560.01 real, 382 MB, 1.12 load
[runlim] sample:		6567.10 time, 6570.01 real, 382 MB, 1.10 load
[runlim] sample:		6577.09 time, 6580.01 real, 382 MB, 1.09 load
[runlim] sample:		6587.09 time, 6590.01 real, 382 MB, 1.07 load
[runlim] sample:		6597.09 time, 6600.01 real, 383 MB, 1.06 load
[runlim] sample:		6607.09 time, 6610.01 real, 383 MB, 1.05 load
[runlim] sample:		6617.08 time, 6620.01 real, 383 MB, 1.04 load
[runlim] sample:		6627.07 time, 6630.01 real, 383 MB, 1.04 load
[runlim] sample:		6637.07 time, 6640.01 real, 383 MB, 1.03 load
[runlim] sample:		6647.07 time, 6650.01 real, 383 MB, 1.03 load
[runlim] sample:		6657.06 time, 6660.01 real, 383 MB, 1.02 load
[runlim] sample:		6667.06 time, 6670.01 real, 383 MB, 1.02 load
[runlim] sample:		6677.05 time, 6680.01 real, 383 MB, 1.01 load
[runlim] sample:		6687.05 time, 6690.01 real, 383 MB, 1.01 load
[runlim] sample:		6697.05 time, 6700.01 real, 383 MB, 1.01 load
[runlim] sample:		6707.04 time, 6710.01 real, 383 MB, 1.01 load
[runlim] sample:		6717.04 time, 6720.01 real, 383 MB, 1.01 load
[runlim] sample:		6727.04 time, 6730.01 real, 383 MB, 1.00 load
[runlim] sample:		6737.03 time, 6740.01 real, 383 MB, 1.00 load
[runlim] sample:		6747.03 time, 6750.01 real, 383 MB, 1.00 load
[runlim] sample:		6757.02 time, 6760.01 real, 383 MB, 1.00 load
[runlim] sample:		6767.02 time, 6770.01 real, 383 MB, 1.00 load
[runlim] sample:		6777.01 time, 6780.01 real, 384 MB, 1.00 load
[runlim] sample:		6787.01 time, 6790.01 real, 384 MB, 1.08 load
[runlim] sample:		6797.00 time, 6800.01 real, 384 MB, 1.07 load
[runlim] sample:		6807.00 time, 6810.01 real, 384 MB, 1.06 load
[runlim] sample:		6817.00 time, 6820.01 real, 384 MB, 1.05 load
[runlim] sample:		6826.99 time, 6830.01 real, 384 MB, 1.04 load
[runlim] sample:		6836.99 time, 6840.01 real, 384 MB, 1.03 load
[runlim] sample:		6846.99 time, 6850.01 real, 394 MB, 1.03 load
[runlim] sample:		6856.98 time, 6860.01 real, 394 MB, 1.02 load
[runlim] sample:		6866.98 time, 6870.01 real, 394 MB, 1.02 load
[runlim] sample:		6876.97 time, 6880.01 real, 394 MB, 1.02 load
[runlim] sample:		6886.97 time, 6890.01 real, 394 MB, 1.01 load
[runlim] sample:		6896.97 time, 6900.01 real, 394 MB, 1.01 load
[runlim] sample:		6906.96 time, 6910.01 real, 394 MB, 1.01 load
[runlim] sample:		6916.96 time, 6920.01 real, 394 MB, 1.09 load
[runlim] sample:		6926.95 time, 6930.01 real, 397 MB, 1.15 load
[runlim] sample:		6936.95 time, 6940.01 real, 397 MB, 1.12 load
[runlim] sample:		6946.95 time, 6950.01 real, 397 MB, 1.10 load
[runlim] sample:		6956.94 time, 6960.01 real, 397 MB, 1.09 load
[runlim] sample:		6966.94 time, 6970.01 real, 397 MB, 1.07 load
[runlim] sample:		6976.93 time, 6980.01 real, 397 MB, 1.14 load
[runlim] sample:		6986.93 time, 6990.01 real, 397 MB, 1.12 load
[runlim] sample:		6996.92 time, 7000.01 real, 397 MB, 1.10 load
[runlim] sample:		7006.92 time, 7010.01 real, 397 MB, 1.08 load
[runlim] sample:		7016.92 time, 7020.01 real, 397 MB, 1.07 load
[runlim] sample:		7026.91 time, 7030.01 real, 402 MB, 1.06 load
[runlim] sample:		7036.90 time, 7040.01 real, 402 MB, 1.05 load
[runlim] sample:		7046.90 time, 7050.01 real, 402 MB, 1.04 load
[runlim] sample:		7056.89 time, 7060.01 real, 402 MB, 1.04 load
[runlim] sample:		7066.89 time, 7070.01 real, 402 MB, 1.03 load
[runlim] sample:		7076.89 time, 7080.01 real, 402 MB, 1.02 load
[runlim] sample:		7086.88 time, 7090.01 real, 402 MB, 1.02 load
[runlim] sample:		7096.88 time, 7100.01 real, 402 MB, 1.02 load
[runlim] sample:		7106.88 time, 7110.01 real, 402 MB, 1.01 load
[runlim] sample:		7116.88 time, 7120.01 real, 401 MB, 1.01 load
[runlim] sample:		7126.87 time, 7130.01 real, 401 MB, 1.01 load
[runlim] sample:		7136.87 time, 7140.01 real, 401 MB, 1.01 load
[runlim] sample:		7146.87 time, 7150.01 real, 401 MB, 1.01 load
[runlim] sample:		7156.86 time, 7160.01 real, 401 MB, 1.00 load
[runlim] sample:		7166.86 time, 7170.01 real, 401 MB, 1.00 load
[runlim] sample:		7176.85 time, 7180.01 real, 401 MB, 1.00 load
[runlim] sample:		7186.85 time, 7190.01 real, 401 MB, 1.00 load
[runlim] sample:		7196.84 time, 7200.01 real, 395 MB, 1.00 load
[runlim] sample:		7206.84 time, 7210.01 real, 395 MB, 1.00 load
[runlim] sample:		7216.83 time, 7220.01 real, 395 MB, 1.00 load
[runlim] sample:		7226.83 time, 7230.01 real, 395 MB, 1.00 load
[runlim] sample:		7236.82 time, 7240.01 real, 395 MB, 1.00 load
[runlim] sample:		7246.83 time, 7250.01 real, 395 MB, 1.00 load
[runlim] sample:		7256.82 time, 7260.01 real, 395 MB, 1.00 load
[runlim] sample:		7266.81 time, 7270.01 real, 394 MB, 1.00 load
[runlim] sample:		7276.82 time, 7280.01 real, 394 MB, 1.00 load
[runlim] sample:		7286.81 time, 7290.01 real, 394 MB, 1.00 load
[runlim] sample:		7296.81 time, 7300.01 real, 394 MB, 1.08 load
[runlim] sample:		7306.81 time, 7310.01 real, 394 MB, 1.07 load
[runlim] sample:		7316.80 time, 7320.01 real, 394 MB, 1.06 load
[runlim] sample:		7326.80 time, 7330.01 real, 394 MB, 1.05 load
[runlim] sample:		7336.79 time, 7340.01 real, 394 MB, 1.04 load
[runlim] sample:		7346.79 time, 7350.01 real, 399 MB, 1.03 load
[runlim] sample:		7356.78 time, 7360.01 real, 399 MB, 1.03 load
[runlim] sample:		7366.78 time, 7370.01 real, 399 MB, 1.02 load
[runlim] sample:		7376.78 time, 7380.01 real, 399 MB, 1.02 load
[runlim] sample:		7386.77 time, 7390.01 real, 399 MB, 1.02 load
[runlim] sample:		7396.77 time, 7400.01 real, 399 MB, 1.01 load
[runlim] sample:		7406.76 time, 7410.01 real, 399 MB, 1.01 load
[runlim] sample:		7416.76 time, 7420.01 real, 396 MB, 1.09 load
[runlim] sample:		7426.75 time, 7430.01 real, 396 MB, 1.15 load
[runlim] sample:		7436.75 time, 7440.01 real, 396 MB, 1.12 load
[runlim] sample:		7446.75 time, 7450.01 real, 396 MB, 1.11 load
[runlim] sample:		7456.74 time, 7460.01 real, 396 MB, 1.24 load
[runlim] sample:		7466.74 time, 7470.01 real, 396 MB, 1.20 load
[runlim] sample:		7476.73 time, 7480.01 real, 396 MB, 1.24 load
[runlim] sample:		7486.72 time, 7490.01 real, 408 MB, 1.21 load
[runlim] sample:		7496.72 time, 7500.01 real, 408 MB, 1.25 load
[runlim] sample:		7506.72 time, 7510.01 real, 408 MB, 1.21 load
[runlim] sample:		7516.71 time, 7520.01 real, 408 MB, 1.18 load
[runlim] sample:		7526.71 time, 7530.01 real, 408 MB, 1.15 load
[runlim] sample:		7536.70 time, 7540.01 real, 408 MB, 1.12 load
[runlim] sample:		7546.70 time, 7550.01 real, 408 MB, 1.11 load
[runlim] sample:		7556.70 time, 7560.01 real, 422 MB, 1.09 load
[runlim] sample:		7566.69 time, 7570.01 real, 422 MB, 1.07 load
[runlim] sample:		7576.69 time, 7580.01 real, 422 MB, 1.06 load
[runlim] sample:		7586.69 time, 7590.01 real, 422 MB, 1.05 load
[runlim] sample:		7596.68 time, 7600.01 real, 422 MB, 1.04 load
[runlim] sample:		7606.68 time, 7610.01 real, 422 MB, 1.04 load
[runlim] sample:		7616.67 time, 7620.01 real, 422 MB, 1.03 load
[runlim] sample:		7626.67 time, 7630.01 real, 422 MB, 1.03 load
[runlim] sample:		7636.67 time, 7640.01 real, 422 MB, 1.02 load
[runlim] sample:		7646.66 time, 7650.01 real, 427 MB, 1.02 load
[runlim] sample:		7656.66 time, 7660.01 real, 427 MB, 1.01 load
[runlim] sample:		7666.66 time, 7670.01 real, 427 MB, 1.01 load
[runlim] sample:		7676.65 time, 7680.01 real, 427 MB, 1.01 load
[runlim] sample:		7686.65 time, 7690.01 real, 427 MB, 1.01 load
[runlim] sample:		7696.64 time, 7700.01 real, 427 MB, 1.01 load
[runlim] sample:		7706.64 time, 7710.01 real, 427 MB, 1.00 load
[runlim] sample:		7716.64 time, 7720.01 real, 427 MB, 1.00 load
[runlim] sample:		7726.64 time, 7730.01 real, 416 MB, 1.00 load
[runlim] sample:		7736.64 time, 7740.01 real, 416 MB, 1.00 load
[runlim] sample:		7746.63 time, 7750.01 real, 416 MB, 1.00 load
[runlim] sample:		7756.63 time, 7760.01 real, 416 MB, 1.00 load
[runlim] sample:		7766.63 time, 7770.01 real, 416 MB, 1.00 load
[runlim] sample:		7776.62 time, 7780.01 real, 416 MB, 1.07 load
[runlim] sample:		7786.62 time, 7790.01 real, 416 MB, 1.14 load
[runlim] sample:		7796.61 time, 7800.01 real, 413 MB, 1.12 load
[runlim] sample:		7806.61 time, 7810.01 real, 413 MB, 1.10 load
[runlim] sample:		7816.61 time, 7820.01 real, 413 MB, 1.08 load
[runlim] sample:		7826.60 time, 7830.01 real, 413 MB, 1.07 load
[runlim] sample:		7836.60 time, 7840.01 real, 413 MB, 1.06 load
[runlim] sample:		7846.59 time, 7850.01 real, 413 MB, 1.05 load
[runlim] sample:		7856.59 time, 7860.01 real, 413 MB, 1.04 load
[runlim] sample:		7866.59 time, 7870.01 real, 413 MB, 1.04 load
[runlim] sample:		7876.58 time, 7880.01 real, 406 MB, 1.03 load
[runlim] sample:		7886.57 time, 7890.01 real, 406 MB, 1.02 load
[runlim] sample:		7896.57 time, 7900.01 real, 406 MB, 1.02 load
[runlim] sample:		7906.57 time, 7910.01 real, 406 MB, 1.02 load
[runlim] sample:		7916.56 time, 7920.01 real, 406 MB, 1.09 load
[runlim] sample:		7926.56 time, 7930.01 real, 406 MB, 1.23 load
[runlim] sample:		7936.55 time, 7940.01 real, 406 MB, 1.20 load
[runlim] sample:		7946.55 time, 7950.01 real, 410 MB, 1.17 load
[runlim] sample:		7956.55 time, 7960.01 real, 410 MB, 1.14 load
[runlim] sample:		7966.55 time, 7970.01 real, 410 MB, 1.12 load
[runlim] sample:		7976.53 time, 7980.01 real, 425 MB, 1.10 load
[runlim] sample:		7986.53 time, 7990.01 real, 425 MB, 1.08 load
[runlim] sample:		7996.52 time, 8000.01 real, 425 MB, 1.07 load
[runlim] sample:		8006.52 time, 8010.01 real, 425 MB, 1.06 load
[runlim] sample:		8016.51 time, 8020.01 real, 425 MB, 1.05 load
[runlim] sample:		8026.52 time, 8030.01 real, 400 MB, 1.04 load
[runlim] sample:		8036.51 time, 8040.01 real, 400 MB, 1.04 load
[runlim] sample:		8046.51 time, 8050.01 real, 400 MB, 1.03 load
[runlim] sample:		8056.50 time, 8060.01 real, 400 MB, 1.02 load
[runlim] sample:		8066.50 time, 8070.01 real, 400 MB, 1.02 load
[runlim] sample:		8076.50 time, 8080.01 real, 400 MB, 1.02 load
[runlim] sample:		8086.49 time, 8090.01 real, 400 MB, 1.01 load
[runlim] sample:		8096.49 time, 8100.01 real, 400 MB, 1.01 load
[runlim] sample:		8106.48 time, 8110.01 real, 400 MB, 1.01 load
[runlim] sample:		8116.48 time, 8120.01 real, 401 MB, 1.01 load
[runlim] sample:		8126.48 time, 8130.01 real, 401 MB, 1.01 load
[runlim] sample:		8136.47 time, 8140.01 real, 401 MB, 1.00 load
[runlim] sample:		8146.47 time, 8150.01 real, 401 MB, 1.00 load
[runlim] sample:		8156.46 time, 8160.01 real, 401 MB, 1.00 load
[runlim] sample:		8166.46 time, 8170.01 real, 401 MB, 1.00 load
[runlim] sample:		8176.46 time, 8180.01 real, 401 MB, 1.00 load
[runlim] sample:		8186.45 time, 8190.01 real, 401 MB, 1.08 load
[runlim] sample:		8196.45 time, 8200.01 real, 401 MB, 1.07 load
[runlim] sample:		8206.44 time, 8210.01 real, 402 MB, 1.06 load
[runlim] sample:		8216.44 time, 8220.01 real, 402 MB, 1.05 load
[runlim] sample:		8226.43 time, 8230.01 real, 402 MB, 1.04 load
[runlim] sample:		8236.43 time, 8240.01 real, 402 MB, 1.03 load
[runlim] sample:		8246.43 time, 8250.01 real, 402 MB, 1.11 load
[runlim] sample:		8256.42 time, 8260.01 real, 402 MB, 1.09 load
[runlim] sample:		8266.42 time, 8270.01 real, 402 MB, 1.08 load
[runlim] sample:		8276.41 time, 8280.01 real, 402 MB, 1.06 load
[runlim] sample:		8286.41 time, 8290.01 real, 402 MB, 1.05 load
[runlim] sample:		8296.40 time, 8300.01 real, 402 MB, 1.05 load
[runlim] sample:		8306.40 time, 8310.01 real, 403 MB, 1.04 load
[runlim] sample:		8316.39 time, 8320.01 real, 403 MB, 1.03 load
[runlim] sample:		8326.39 time, 8330.01 real, 403 MB, 1.03 load
[runlim] sample:		8336.38 time, 8340.01 real, 403 MB, 1.02 load
[runlim] sample:		8346.38 time, 8350.01 real, 403 MB, 1.02 load
[runlim] sample:		8356.37 time, 8360.01 real, 403 MB, 1.02 load
[runlim] sample:		8366.37 time, 8370.01 real, 403 MB, 1.01 load
[runlim] sample:		8376.37 time, 8380.01 real, 404 MB, 1.01 load
[runlim] sample:		8386.37 time, 8390.01 real, 404 MB, 1.01 load
[runlim] sample:		8396.36 time, 8400.01 real, 404 MB, 1.01 load
[runlim] sample:		8406.36 time, 8410.01 real, 404 MB, 1.00 load
[runlim] sample:		8416.35 time, 8420.01 real, 406 MB, 1.08 load
[runlim] sample:		8426.34 time, 8430.01 real, 406 MB, 1.15 load
[runlim] sample:		8436.34 time, 8440.01 real, 406 MB, 1.12 load
[runlim] sample:		8446.33 time, 8450.01 real, 406 MB, 1.10 load
[runlim] sample:		8456.33 time, 8460.01 real, 406 MB, 1.09 load
[runlim] sample:		8466.33 time, 8470.01 real, 406 MB, 1.07 load
[runlim] sample:		8476.32 time, 8480.01 real, 406 MB, 1.06 load
[runlim] sample:		8486.32 time, 8490.01 real, 406 MB, 1.05 load
[runlim] sample:		8496.31 time, 8500.01 real, 406 MB, 1.04 load
[runlim] sample:		8506.32 time, 8510.01 real, 407 MB, 1.04 load
[runlim] sample:		8516.31 time, 8520.01 real, 407 MB, 1.03 load
[runlim] sample:		8526.31 time, 8530.01 real, 407 MB, 1.02 load
[runlim] sample:		8536.30 time, 8540.01 real, 407 MB, 1.02 load
[runlim] sample:		8546.30 time, 8550.01 real, 407 MB, 1.02 load
[runlim] sample:		8556.29 time, 8560.01 real, 407 MB, 1.01 load
[runlim] sample:		8566.29 time, 8570.01 real, 407 MB, 1.01 load
[runlim] sample:		8576.28 time, 8580.01 real, 407 MB, 1.01 load
[runlim] sample:		8586.28 time, 8590.01 real, 407 MB, 1.01 load
[runlim] sample:		8596.28 time, 8600.01 real, 407 MB, 1.01 load
[runlim] sample:		8606.28 time, 8610.01 real, 407 MB, 1.00 load
[runlim] sample:		8616.27 time, 8620.01 real, 408 MB, 1.00 load
[runlim] sample:		8626.27 time, 8630.01 real, 408 MB, 1.00 load
[runlim] sample:		8636.26 time, 8640.01 real, 408 MB, 1.00 load
[runlim] sample:		8646.26 time, 8650.01 real, 408 MB, 1.00 load
[runlim] sample:		8656.25 time, 8660.01 real, 408 MB, 1.00 load
[runlim] sample:		8666.25 time, 8670.01 real, 408 MB, 1.00 load
[runlim] sample:		8676.25 time, 8680.01 real, 408 MB, 1.00 load
[runlim] sample:		8686.24 time, 8690.01 real, 408 MB, 1.00 load
[runlim] sample:		8696.24 time, 8700.01 real, 408 MB, 1.00 load
[runlim] sample:		8706.23 time, 8710.01 real, 408 MB, 1.00 load
[runlim] sample:		8716.23 time, 8720.01 real, 408 MB, 1.00 load
[runlim] sample:		8726.22 time, 8730.01 real, 408 MB, 1.00 load
[runlim] sample:		8736.22 time, 8740.01 real, 408 MB, 1.00 load
[runlim] sample:		8746.21 time, 8750.01 real, 408 MB, 1.00 load
[runlim] sample:		8756.21 time, 8760.01 real, 408 MB, 1.00 load
[runlim] sample:		8766.21 time, 8770.01 real, 408 MB, 1.00 load
[runlim] sample:		8776.20 time, 8780.01 real, 408 MB, 1.00 load
[runlim] sample:		8786.20 time, 8790.01 real, 408 MB, 1.00 load
[runlim] sample:		8796.19 time, 8800.01 real, 408 MB, 1.00 load
[runlim] sample:		8806.19 time, 8810.01 real, 408 MB, 1.00 load
[runlim] sample:		8816.18 time, 8820.01 real, 408 MB, 1.00 load
[runlim] sample:		8826.17 time, 8830.01 real, 407 MB, 1.00 load
[runlim] sample:		8836.17 time, 8840.01 real, 407 MB, 1.00 load
[runlim] sample:		8846.17 time, 8850.01 real, 407 MB, 1.00 load
[runlim] sample:		8856.16 time, 8860.01 real, 407 MB, 1.00 load
[runlim] sample:		8866.16 time, 8870.01 real, 407 MB, 1.00 load
[runlim] sample:		8876.15 time, 8880.01 real, 407 MB, 1.00 load
[runlim] sample:		8886.15 time, 8890.01 real, 407 MB, 1.00 load
[runlim] sample:		8896.14 time, 8900.01 real, 407 MB, 1.00 load
[runlim] sample:		8906.14 time, 8910.01 real, 407 MB, 1.00 load
[runlim] sample:		8916.14 time, 8920.01 real, 407 MB, 1.08 load
[runlim] sample:		8926.13 time, 8930.01 real, 407 MB, 1.14 load
[runlim] sample:		8936.13 time, 8940.01 real, 408 MB, 1.12 load
[runlim] sample:		8946.13 time, 8950.01 real, 408 MB, 1.10 load
[runlim] sample:		8956.12 time, 8960.01 real, 408 MB, 1.08 load
[runlim] sample:		8966.12 time, 8970.01 real, 408 MB, 1.07 load
[runlim] sample:		8976.11 time, 8980.01 real, 408 MB, 1.06 load
[runlim] sample:		8986.11 time, 8990.01 real, 408 MB, 1.05 load
[runlim] sample:		8996.10 time, 9000.01 real, 408 MB, 1.04 load
[runlim] sample:		9006.10 time, 9010.01 real, 408 MB, 1.04 load
[runlim] sample:		9016.10 time, 9020.01 real, 408 MB, 1.03 load
[runlim] sample:		9026.09 time, 9030.01 real, 408 MB, 1.02 load
[runlim] sample:		9036.09 time, 9040.01 real, 408 MB, 1.02 load
[runlim] sample:		9046.09 time, 9050.01 real, 408 MB, 1.02 load
[runlim] sample:		9056.08 time, 9060.01 real, 408 MB, 1.01 load
[runlim] sample:		9066.08 time, 9070.01 real, 408 MB, 1.01 load
[runlim] sample:		9076.07 time, 9080.01 real, 408 MB, 1.01 load
[runlim] sample:		9086.07 time, 9090.01 real, 408 MB, 1.01 load
[runlim] sample:		9096.07 time, 9100.01 real, 408 MB, 1.01 load
[runlim] sample:		9106.06 time, 9110.01 real, 408 MB, 1.00 load
[runlim] sample:		9116.06 time, 9120.01 real, 408 MB, 1.00 load
[runlim] sample:		9126.05 time, 9130.01 real, 408 MB, 1.00 load
[runlim] sample:		9136.05 time, 9140.01 real, 408 MB, 1.00 load
[runlim] sample:		9146.05 time, 9150.01 real, 408 MB, 1.00 load
[runlim] sample:		9156.04 time, 9160.01 real, 409 MB, 1.00 load
[runlim] sample:		9166.03 time, 9170.01 real, 409 MB, 1.07 load
[runlim] sample:		9176.03 time, 9180.01 real, 409 MB, 1.06 load
[runlim] sample:		9186.02 time, 9190.01 real, 409 MB, 1.05 load
[runlim] sample:		9196.02 time, 9200.01 real, 409 MB, 1.04 load
[runlim] sample:		9206.02 time, 9210.01 real, 409 MB, 1.04 load
[runlim] sample:		9216.01 time, 9220.01 real, 409 MB, 1.03 load
[runlim] sample:		9226.01 time, 9230.01 real, 409 MB, 1.02 load
[runlim] sample:		9236.00 time, 9240.01 real, 409 MB, 1.02 load
[runlim] sample:		9246.00 time, 9250.01 real, 409 MB, 1.02 load
[runlim] sample:		9256.00 time, 9260.01 real, 409 MB, 1.01 load
[runlim] sample:		9265.99 time, 9270.01 real, 409 MB, 1.01 load
[runlim] sample:		9275.99 time, 9280.01 real, 409 MB, 1.01 load
[runlim] sample:		9285.99 time, 9290.01 real, 409 MB, 1.01 load
[runlim] sample:		9295.98 time, 9300.01 real, 410 MB, 1.01 load
[runlim] sample:		9305.97 time, 9310.01 real, 410 MB, 1.00 load
[runlim] sample:		9315.96 time, 9320.01 real, 410 MB, 1.00 load
[runlim] sample:		9325.96 time, 9330.01 real, 410 MB, 1.00 load
[runlim] sample:		9335.95 time, 9340.01 real, 410 MB, 1.00 load
[runlim] sample:		9345.95 time, 9350.01 real, 410 MB, 1.00 load
[runlim] sample:		9355.95 time, 9360.01 real, 410 MB, 1.00 load
[runlim] sample:		9365.94 time, 9370.01 real, 410 MB, 1.00 load
[runlim] sample:		9375.94 time, 9380.01 real, 410 MB, 1.00 load
[runlim] sample:		9385.93 time, 9390.01 real, 410 MB, 1.08 load
[runlim] sample:		9395.93 time, 9400.01 real, 411 MB, 1.07 load
[runlim] sample:		9405.93 time, 9410.01 real, 411 MB, 1.06 load
[runlim] sample:		9415.92 time, 9420.01 real, 411 MB, 1.13 load
[runlim] sample:		9425.92 time, 9430.01 real, 411 MB, 1.18 load
[runlim] sample:		9435.92 time, 9440.01 real, 411 MB, 1.15 load
[runlim] sample:		9445.91 time, 9450.01 real, 411 MB, 1.13 load
[runlim] sample:		9455.91 time, 9460.01 real, 411 MB, 1.11 load
[runlim] sample:		9465.90 time, 9470.01 real, 411 MB, 1.09 load
[runlim] sample:		9475.90 time, 9480.01 real, 411 MB, 1.08 load
[runlim] sample:		9485.89 time, 9490.01 real, 411 MB, 1.14 load
[runlim] sample:		9495.89 time, 9500.01 real, 411 MB, 1.20 load
[runlim] sample:		9505.89 time, 9510.01 real, 411 MB, 1.17 load
[runlim] sample:		9515.88 time, 9520.01 real, 411 MB, 1.22 load
[runlim] sample:		9525.88 time, 9530.01 real, 411 MB, 1.19 load
[runlim] sample:		9535.87 time, 9540.01 real, 411 MB, 1.24 load
[runlim] sample:		9545.87 time, 9550.01 real, 411 MB, 1.20 load
[runlim] sample:		9555.86 time, 9560.01 real, 411 MB, 1.17 load
[runlim] sample:		9565.86 time, 9570.01 real, 411 MB, 1.14 load
[runlim] sample:		9575.85 time, 9580.01 real, 411 MB, 1.12 load
[runlim] sample:		9585.85 time, 9590.01 real, 411 MB, 1.10 load
[runlim] sample:		9595.85 time, 9600.01 real, 411 MB, 1.09 load
[runlim] sample:		9605.84 time, 9610.01 real, 411 MB, 1.07 load
[runlim] sample:		9615.84 time, 9620.01 real, 411 MB, 1.06 load
[runlim] sample:		9625.83 time, 9630.01 real, 412 MB, 1.05 load
[runlim] sample:		9635.83 time, 9640.01 real, 412 MB, 1.04 load
[runlim] sample:		9645.83 time, 9650.01 real, 412 MB, 1.04 load
[runlim] sample:		9655.82 time, 9660.01 real, 412 MB, 1.03 load
[runlim] sample:		9665.82 time, 9670.01 real, 412 MB, 1.02 load
[runlim] sample:		9675.81 time, 9680.01 real, 412 MB, 1.02 load
[runlim] sample:		9685.81 time, 9690.01 real, 412 MB, 1.02 load
[runlim] sample:		9695.80 time, 9700.01 real, 412 MB, 1.01 load
[runlim] sample:		9705.80 time, 9710.01 real, 412 MB, 1.01 load
[runlim] sample:		9715.80 time, 9720.01 real, 412 MB, 1.01 load
[runlim] sample:		9725.79 time, 9730.01 real, 412 MB, 1.01 load
[runlim] sample:		9735.78 time, 9740.01 real, 412 MB, 1.01 load
[runlim] sample:		9745.78 time, 9750.01 real, 412 MB, 1.00 load
[runlim] sample:		9755.78 time, 9760.01 real, 412 MB, 1.00 load
[runlim] sample:		9765.77 time, 9770.01 real, 412 MB, 1.00 load
[runlim] sample:		9775.77 time, 9780.01 real, 412 MB, 1.00 load
[runlim] sample:		9785.77 time, 9790.01 real, 412 MB, 1.00 load
[runlim] sample:		9795.76 time, 9800.01 real, 412 MB, 1.00 load
[runlim] sample:		9805.76 time, 9810.01 real, 412 MB, 1.00 load
[runlim] sample:		9815.76 time, 9820.01 real, 412 MB, 1.00 load
[runlim] sample:		9825.75 time, 9830.01 real, 412 MB, 1.00 load
[runlim] sample:		9835.75 time, 9840.01 real, 412 MB, 1.00 load
[runlim] sample:		9845.74 time, 9850.01 real, 412 MB, 1.00 load
[runlim] sample:		9855.73 time, 9860.01 real, 413 MB, 1.00 load
[runlim] sample:		9865.73 time, 9870.01 real, 413 MB, 1.00 load
[runlim] sample:		9875.72 time, 9880.01 real, 413 MB, 1.00 load
[runlim] sample:		9885.72 time, 9890.01 real, 413 MB, 1.00 load
[runlim] sample:		9895.72 time, 9900.01 real, 413 MB, 1.00 load
[runlim] sample:		9905.71 time, 9910.01 real, 413 MB, 1.00 load
[runlim] sample:		9915.71 time, 9920.01 real, 413 MB, 1.08 load
[runlim] sample:		9925.70 time, 9930.01 real, 413 MB, 1.14 load
[runlim] sample:		9935.70 time, 9940.01 real, 413 MB, 1.12 load
[runlim] sample:		9945.70 time, 9950.01 real, 413 MB, 1.10 load
[runlim] sample:		9955.69 time, 9960.01 real, 413 MB, 1.16 load
[runlim] sample:		9965.69 time, 9970.01 real, 413 MB, 1.14 load
[runlim] sample:		9975.68 time, 9980.01 real, 413 MB, 1.12 load
[runlim] sample:		9985.68 time, 9990.01 real, 413 MB, 1.10 load
[runlim] sample:		9995.68 time, 10000.01 real, 413 MB, 1.08 load
[runlim] sample:		10005.68 time, 10010.01 real, 413 MB, 1.07 load
[runlim] sample:		10015.67 time, 10020.01 real, 413 MB, 1.06 load
[runlim] sample:		10025.67 time, 10030.01 real, 413 MB, 1.05 load
[runlim] sample:		10035.66 time, 10040.01 real, 413 MB, 1.04 load
[runlim] sample:		10045.66 time, 10050.01 real, 413 MB, 1.03 load
[runlim] sample:		10055.65 time, 10060.01 real, 413 MB, 1.03 load
[runlim] sample:		10065.65 time, 10070.01 real, 413 MB, 1.02 load
[runlim] sample:		10075.64 time, 10080.01 real, 413 MB, 1.02 load
[runlim] sample:		10085.64 time, 10090.01 real, 413 MB, 1.02 load
[runlim] sample:		10095.63 time, 10100.01 real, 413 MB, 1.01 load
[runlim] sample:		10105.63 time, 10110.01 real, 414 MB, 1.01 load
[runlim] sample:		10115.62 time, 10120.01 real, 414 MB, 1.01 load
[runlim] sample:		10125.62 time, 10130.01 real, 414 MB, 1.01 load
[runlim] sample:		10135.61 time, 10140.01 real, 414 MB, 1.01 load
[runlim] sample:		10145.61 time, 10150.01 real, 414 MB, 1.00 load
[runlim] sample:		10155.60 time, 10160.01 real, 414 MB, 1.00 load
[runlim] sample:		10165.60 time, 10170.01 real, 414 MB, 1.00 load
[runlim] sample:		10175.59 time, 10180.01 real, 414 MB, 1.00 load
[runlim] sample:		10185.59 time, 10190.01 real, 414 MB, 1.00 load
[runlim] sample:		10195.59 time, 10200.01 real, 414 MB, 1.00 load
[runlim] sample:		10205.58 time, 10210.01 real, 414 MB, 1.00 load
[runlim] sample:		10215.58 time, 10220.01 real, 414 MB, 1.00 load
[runlim] sample:		10225.57 time, 10230.01 real, 415 MB, 1.00 load
[runlim] sample:		10235.57 time, 10240.01 real, 415 MB, 1.00 load
[runlim] sample:		10245.56 time, 10250.01 real, 415 MB, 1.00 load
[runlim] sample:		10255.56 time, 10260.01 real, 415 MB, 1.00 load
[runlim] sample:		10265.55 time, 10270.01 real, 415 MB, 1.00 load
[runlim] sample:		10275.55 time, 10280.01 real, 415 MB, 1.23 load
[runlim] sample:		10285.54 time, 10290.01 real, 415 MB, 1.19 load
[runlim] sample:		10295.54 time, 10300.01 real, 415 MB, 1.16 load
[runlim] sample:		10305.54 time, 10310.01 real, 415 MB, 1.14 load
[runlim] sample:		10315.53 time, 10320.01 real, 415 MB, 1.12 load
[runlim] sample:		10325.53 time, 10330.01 real, 415 MB, 1.10 load
[runlim] sample:		10335.52 time, 10340.01 real, 415 MB, 1.08 load
[runlim] sample:		10345.52 time, 10350.01 real, 416 MB, 1.07 load
[runlim] sample:		10355.52 time, 10360.01 real, 416 MB, 1.06 load
[runlim] sample:		10365.52 time, 10370.01 real, 416 MB, 1.05 load
[runlim] sample:		10375.51 time, 10380.01 real, 416 MB, 1.04 load
[runlim] sample:		10385.51 time, 10390.01 real, 416 MB, 1.03 load
[runlim] sample:		10395.50 time, 10400.01 real, 416 MB, 1.03 load
[runlim] sample:		10405.50 time, 10410.01 real, 416 MB, 1.02 load
[runlim] sample:		10415.49 time, 10420.01 real, 416 MB, 1.10 load
[runlim] sample:		10425.49 time, 10430.01 real, 416 MB, 1.16 load
[runlim] sample:		10435.48 time, 10440.01 real, 416 MB, 1.21 load
[runlim] sample:		10445.48 time, 10450.01 real, 416 MB, 1.17 load
[runlim] sample:		10455.47 time, 10460.01 real, 416 MB, 1.15 load
[runlim] sample:		10465.46 time, 10470.01 real, 415 MB, 1.12 load
[runlim] sample:		10475.45 time, 10480.01 real, 415 MB, 1.18 load
[runlim] sample:		10485.45 time, 10490.01 real, 415 MB, 1.15 load
[runlim] sample:		10495.44 time, 10500.01 real, 415 MB, 1.13 load
[runlim] sample:		10505.44 time, 10510.01 real, 415 MB, 1.11 load
[runlim] sample:		10515.43 time, 10520.01 real, 415 MB, 1.09 load
[runlim] sample:		10525.43 time, 10530.01 real, 415 MB, 1.08 load
[runlim] sample:		10535.42 time, 10540.01 real, 415 MB, 1.06 load
[runlim] sample:		10545.42 time, 10550.01 real, 415 MB, 1.05 load
[runlim] sample:		10555.41 time, 10560.01 real, 415 MB, 1.04 load
[runlim] sample:		10565.41 time, 10570.01 real, 415 MB, 1.04 load
[runlim] sample:		10575.40 time, 10580.01 real, 415 MB, 1.03 load
[runlim] sample:		10585.40 time, 10590.01 real, 415 MB, 1.03 load
[runlim] sample:		10595.39 time, 10600.01 real, 416 MB, 1.02 load
[runlim] sample:		10605.39 time, 10610.01 real, 416 MB, 1.02 load
[runlim] sample:		10615.38 time, 10620.01 real, 416 MB, 1.01 load
[runlim] sample:		10625.38 time, 10630.01 real, 416 MB, 1.01 load
[runlim] sample:		10635.37 time, 10640.01 real, 416 MB, 1.01 load
[runlim] sample:		10645.37 time, 10650.01 real, 416 MB, 1.01 load
[runlim] sample:		10655.36 time, 10660.01 real, 416 MB, 1.01 load
[runlim] sample:		10665.35 time, 10670.01 real, 416 MB, 1.16 load
[runlim] sample:		10675.35 time, 10680.01 real, 416 MB, 1.21 load
[runlim] sample:		10685.35 time, 10690.01 real, 416 MB, 1.18 load
[runlim] sample:		10695.34 time, 10700.01 real, 416 MB, 1.15 load
[runlim] sample:		10705.33 time, 10710.01 real, 416 MB, 1.12 load
[runlim] sample:		10715.33 time, 10720.01 real, 416 MB, 1.27 load
[runlim] sample:		10725.32 time, 10730.01 real, 416 MB, 1.22 load
[runlim] sample:		10735.32 time, 10740.01 real, 416 MB, 1.19 load
[runlim] sample:		10745.31 time, 10750.01 real, 416 MB, 1.16 load
[runlim] sample:		10755.31 time, 10760.01 real, 416 MB, 1.13 load
[runlim] sample:		10765.30 time, 10770.01 real, 416 MB, 1.11 load
[runlim] sample:		10775.30 time, 10780.01 real, 416 MB, 1.10 load
[runlim] sample:		10785.29 time, 10790.01 real, 416 MB, 1.08 load
[runlim] sample:		10795.29 time, 10800.01 real, 416 MB, 1.07 load
[runlim] end:			Wed Jul  1 05:37:44 2026
[runlim] status:		out of time
[runlim] result:		2
[runlim] children:		1
[runlim] processes:		2
[runlim] real:			10801.06 seconds
[runlim] time:			10795.29 seconds
[runlim] space:			556 MB
[runlim] load:			1.31 maximum
[runlim] samples:		108000
