[runlim] version:		2.0.0rc12
[runlim] host:			ap-Precision-7550
[runlim] time limit:		311040000 seconds
[runlim] real time limit:	10800 seconds
[runlim] space limit:		15624 MB
[runlim] argv[0]:		python3
[runlim] argv[1]:		-u
[runlim] argv[2]:		main.py
[runlim] argv[3]:		datasets/dafjs/DAFJS30
[runlim] start:			Wed Jul  1 05:37:44 2026
[runlim] child:			10102
Operations: 98, Edges: 94, Machines: 10
Greedy Schedule UB: 737
Building constraints took 5.15 seconds.
SAT

=> TOTAL COMPLETION TIME (Makespan / UB): 736
Schedule is valid
 Time taken: 5.66 seconds
SAT

=> TOTAL COMPLETION TIME (Makespan / UB): 735
Schedule is valid
 Time taken: 5.67 seconds
SAT

=> TOTAL COMPLETION TIME (Makespan / UB): 734
Schedule is valid
 Time taken: 5.70 seconds
SAT

=> TOTAL COMPLETION TIME (Makespan / UB): 733
Schedule is valid
 Time taken: 6.29 seconds
SAT

=> TOTAL COMPLETION TIME (Makespan / UB): 732
Schedule is valid
 Time taken: 6.30 seconds
SAT

=> TOTAL COMPLETION TIME (Makespan / UB): 731
Schedule is valid
 Time taken: 6.32 seconds
SAT

=> TOTAL COMPLETION TIME (Makespan / UB): 730
Schedule is valid
 Time taken: 6.32 seconds
SAT

=> TOTAL COMPLETION TIME (Makespan / UB): 729
Schedule is valid
 Time taken: 6.33 seconds
SAT

=> TOTAL COMPLETION TIME (Makespan / UB): 728
Schedule is valid
 Time taken: 6.34 seconds
SAT

=> TOTAL COMPLETION TIME (Makespan / UB): 727
Schedule is valid
 Time taken: 6.35 seconds
SAT

=> TOTAL COMPLETION TIME (Makespan / UB): 726
Schedule is valid
 Time taken: 6.37 seconds
SAT

=> TOTAL COMPLETION TIME (Makespan / UB): 725
Schedule is valid
 Time taken: 6.38 seconds
SAT

=> TOTAL COMPLETION TIME (Makespan / UB): 724
Schedule is valid
 Time taken: 6.39 seconds
SAT

=> TOTAL COMPLETION TIME (Makespan / UB): 723
Schedule is valid
 Time taken: 6.97 seconds
SAT

=> TOTAL COMPLETION TIME (Makespan / UB): 722
Schedule is valid
 Time taken: 6.98 seconds
SAT

=> TOTAL COMPLETION TIME (Makespan / UB): 721
Schedule is valid
 Time taken: 7.01 seconds
SAT

=> TOTAL COMPLETION TIME (Makespan / UB): 720
Schedule is valid
 Time taken: 7.02 seconds
SAT

=> TOTAL COMPLETION TIME (Makespan / UB): 719
Schedule is valid
 Time taken: 7.04 seconds
SAT

=> TOTAL COMPLETION TIME (Makespan / UB): 718
Schedule is valid
 Time taken: 8.04 seconds
SAT

=> TOTAL COMPLETION TIME (Makespan / UB): 717
Schedule is valid
 Time taken: 8.21 seconds
SAT

=> TOTAL COMPLETION TIME (Makespan / UB): 716
Schedule is valid
 Time taken: 8.22 seconds
SAT

=> TOTAL COMPLETION TIME (Makespan / UB): 715
Schedule is valid
 Time taken: 8.23 seconds
SAT

=> TOTAL COMPLETION TIME (Makespan / UB): 714
Schedule is valid
 Time taken: 8.31 seconds
SAT

=> TOTAL COMPLETION TIME (Makespan / UB): 713
Schedule is valid
 Time taken: 8.32 seconds
SAT

=> TOTAL COMPLETION TIME (Makespan / UB): 712
Schedule is valid
 Time taken: 8.33 seconds
SAT

=> TOTAL COMPLETION TIME (Makespan / UB): 711
Schedule is valid
 Time taken: 8.34 seconds
SAT

=> TOTAL COMPLETION TIME (Makespan / UB): 710
Schedule is valid
 Time taken: 8.35 seconds
SAT

=> TOTAL COMPLETION TIME (Makespan / UB): 709
Schedule is valid
 Time taken: 8.36 seconds
SAT

=> TOTAL COMPLETION TIME (Makespan / UB): 708
Schedule is valid
 Time taken: 8.36 seconds
SAT

=> TOTAL COMPLETION TIME (Makespan / UB): 707
Schedule is valid
 Time taken: 8.37 seconds
SAT

=> TOTAL COMPLETION TIME (Makespan / UB): 706
Schedule is valid
 Time taken: 8.39 seconds
SAT

=> TOTAL COMPLETION TIME (Makespan / UB): 705
Schedule is valid
 Time taken: 8.40 seconds
SAT

=> TOTAL COMPLETION TIME (Makespan / UB): 704
Schedule is valid
 Time taken: 8.40 seconds
SAT

=> TOTAL COMPLETION TIME (Makespan / UB): 703
Schedule is valid
 Time taken: 8.41 seconds
SAT

=> TOTAL COMPLETION TIME (Makespan / UB): 702
Schedule is valid
 Time taken: 8.42 seconds
SAT

=> TOTAL COMPLETION TIME (Makespan / UB): 701
Schedule is valid
 Time taken: 8.43 seconds
SAT

=> TOTAL COMPLETION TIME (Makespan / UB): 700
Schedule is valid
 Time taken: 8.44 seconds
SAT

=> TOTAL COMPLETION TIME (Makespan / UB): 699
Schedule is valid
 Time taken: 8.45 seconds
SAT

=> TOTAL COMPLETION TIME (Makespan / UB): 698
Schedule is valid
 Time taken: 8.46 seconds
SAT

=> TOTAL COMPLETION TIME (Makespan / UB): 697
Schedule is valid
 Time taken: 8.47 seconds
SAT

=> TOTAL COMPLETION TIME (Makespan / UB): 696
Schedule is valid
 Time taken: 8.48 seconds
SAT

=> TOTAL COMPLETION TIME (Makespan / UB): 695
Schedule is valid
 Time taken: 8.49 seconds
SAT

=> TOTAL COMPLETION TIME (Makespan / UB): 694
Schedule is valid
 Time taken: 8.49 seconds
SAT

=> TOTAL COMPLETION TIME (Makespan / UB): 693
Schedule is valid
 Time taken: 8.50 seconds
SAT

=> TOTAL COMPLETION TIME (Makespan / UB): 692
Schedule is valid
 Time taken: 8.53 seconds
SAT

=> TOTAL COMPLETION TIME (Makespan / UB): 691
Schedule is valid
 Time taken: 9.62 seconds
SAT

=> TOTAL COMPLETION TIME (Makespan / UB): 690
Schedule is valid
 Time taken: 9.64 seconds
SAT

=> TOTAL COMPLETION TIME (Makespan / UB): 689
Schedule is valid
 Time taken: 9.65 seconds
SAT

=> TOTAL COMPLETION TIME (Makespan / UB): 688
Schedule is valid
 Time taken: 9.66 seconds
SAT

=> TOTAL COMPLETION TIME (Makespan / UB): 687
Schedule is valid
 Time taken: 9.67 seconds
SAT

=> TOTAL COMPLETION TIME (Makespan / UB): 686
Schedule is valid
 Time taken: 9.68 seconds
SAT

=> TOTAL COMPLETION TIME (Makespan / UB): 685
Schedule is valid
 Time taken: 9.92 seconds
[runlim] sample:		9.94 time, 10.01 real, 673 MB, 1.13 load
SAT

=> TOTAL COMPLETION TIME (Makespan / UB): 684
Schedule is valid
 Time taken: 14.93 seconds
SAT

=> TOTAL COMPLETION TIME (Makespan / UB): 683
Schedule is valid
 Time taken: 15.40 seconds
SAT

=> TOTAL COMPLETION TIME (Makespan / UB): 682
Schedule is valid
 Time taken: 16.31 seconds
SAT

=> TOTAL COMPLETION TIME (Makespan / UB): 681
Schedule is valid
 Time taken: 16.79 seconds
SAT

=> TOTAL COMPLETION TIME (Makespan / UB): 680
Schedule is valid
 Time taken: 17.12 seconds
SAT

=> TOTAL COMPLETION TIME (Makespan / UB): 679
Schedule is valid
 Time taken: 17.43 seconds
SAT

=> TOTAL COMPLETION TIME (Makespan / UB): 678
Schedule is valid
 Time taken: 18.02 seconds
SAT

=> TOTAL COMPLETION TIME (Makespan / UB): 677
Schedule is valid
 Time taken: 18.24 seconds
SAT

=> TOTAL COMPLETION TIME (Makespan / UB): 676
Schedule is valid
 Time taken: 18.50 seconds
SAT

=> TOTAL COMPLETION TIME (Makespan / UB): 675
Schedule is valid
 Time taken: 18.51 seconds
SAT

=> TOTAL COMPLETION TIME (Makespan / UB): 674
Schedule is valid
 Time taken: 19.06 seconds
SAT

=> TOTAL COMPLETION TIME (Makespan / UB): 673
Schedule is valid
 Time taken: 19.26 seconds
SAT

=> TOTAL COMPLETION TIME (Makespan / UB): 672
Schedule is valid
 Time taken: 19.49 seconds
[runlim] sample:		19.93 time, 20.01 real, 645 MB, 1.11 load
SAT

=> TOTAL COMPLETION TIME (Makespan / UB): 671
Schedule is valid
 Time taken: 20.51 seconds
SAT

=> TOTAL COMPLETION TIME (Makespan / UB): 670
Schedule is valid
 Time taken: 21.02 seconds
SAT

=> TOTAL COMPLETION TIME (Makespan / UB): 669
Schedule is valid
 Time taken: 24.90 seconds
SAT

=> TOTAL COMPLETION TIME (Makespan / UB): 668
Schedule is valid
 Time taken: 25.41 seconds
SAT

=> TOTAL COMPLETION TIME (Makespan / UB): 667
Schedule is valid
 Time taken: 25.43 seconds
SAT

=> TOTAL COMPLETION TIME (Makespan / UB): 666
Schedule is valid
 Time taken: 25.44 seconds
SAT

=> TOTAL COMPLETION TIME (Makespan / UB): 665
Schedule is valid
 Time taken: 25.45 seconds
SAT

=> TOTAL COMPLETION TIME (Makespan / UB): 664
Schedule is valid
 Time taken: 26.84 seconds
SAT

=> TOTAL COMPLETION TIME (Makespan / UB): 663
Schedule is valid
 Time taken: 27.05 seconds
SAT

=> TOTAL COMPLETION TIME (Makespan / UB): 662
Schedule is valid
 Time taken: 27.38 seconds
SAT

=> TOTAL COMPLETION TIME (Makespan / UB): 661
Schedule is valid
 Time taken: 29.52 seconds
[runlim] sample:		29.92 time, 30.01 real, 608 MB, 1.09 load
SAT

=> TOTAL COMPLETION TIME (Makespan / UB): 660
Schedule is valid
 Time taken: 30.08 seconds
SAT

=> TOTAL COMPLETION TIME (Makespan / UB): 659
Schedule is valid
 Time taken: 30.34 seconds
SAT

=> TOTAL COMPLETION TIME (Makespan / UB): 658
Schedule is valid
 Time taken: 30.57 seconds
SAT

=> TOTAL COMPLETION TIME (Makespan / UB): 657
Schedule is valid
 Time taken: 30.92 seconds
SAT

=> TOTAL COMPLETION TIME (Makespan / UB): 656
Schedule is valid
 Time taken: 31.15 seconds
SAT

=> TOTAL COMPLETION TIME (Makespan / UB): 655
Schedule is valid
 Time taken: 31.70 seconds
SAT

=> TOTAL COMPLETION TIME (Makespan / UB): 654
Schedule is valid
 Time taken: 34.95 seconds
SAT

=> TOTAL COMPLETION TIME (Makespan / UB): 653
Schedule is valid
 Time taken: 35.41 seconds
SAT

=> TOTAL COMPLETION TIME (Makespan / UB): 652
Schedule is valid
 Time taken: 36.11 seconds
SAT

=> TOTAL COMPLETION TIME (Makespan / UB): 651
Schedule is valid
 Time taken: 37.05 seconds
SAT

=> TOTAL COMPLETION TIME (Makespan / UB): 650
Schedule is valid
 Time taken: 37.34 seconds
SAT

=> TOTAL COMPLETION TIME (Makespan / UB): 649
Schedule is valid
 Time taken: 37.35 seconds
SAT

=> TOTAL COMPLETION TIME (Makespan / UB): 648
Schedule is valid
 Time taken: 37.36 seconds
SAT

=> TOTAL COMPLETION TIME (Makespan / UB): 647
Schedule is valid
 Time taken: 37.97 seconds
SAT

=> TOTAL COMPLETION TIME (Makespan / UB): 646
Schedule is valid
 Time taken: 38.25 seconds
SAT

=> TOTAL COMPLETION TIME (Makespan / UB): 645
Schedule is valid
 Time taken: 38.52 seconds
SAT

=> TOTAL COMPLETION TIME (Makespan / UB): 644
Schedule is valid
 Time taken: 38.80 seconds
[runlim] sample:		39.91 time, 40.01 real, 633 MB, 1.08 load
SAT

=> TOTAL COMPLETION TIME (Makespan / UB): 643
Schedule is valid
 Time taken: 40.16 seconds
SAT

=> TOTAL COMPLETION TIME (Makespan / UB): 642
Schedule is valid
 Time taken: 40.18 seconds
SAT

=> TOTAL COMPLETION TIME (Makespan / UB): 641
Schedule is valid
 Time taken: 40.19 seconds
SAT

=> TOTAL COMPLETION TIME (Makespan / UB): 640
Schedule is valid
 Time taken: 40.20 seconds
SAT

=> TOTAL COMPLETION TIME (Makespan / UB): 639
Schedule is valid
 Time taken: 40.21 seconds
SAT

=> TOTAL COMPLETION TIME (Makespan / UB): 638
Schedule is valid
 Time taken: 40.23 seconds
SAT

=> TOTAL COMPLETION TIME (Makespan / UB): 637
Schedule is valid
 Time taken: 40.24 seconds
SAT

=> TOTAL COMPLETION TIME (Makespan / UB): 636
Schedule is valid
 Time taken: 40.25 seconds
SAT

=> TOTAL COMPLETION TIME (Makespan / UB): 635
Schedule is valid
 Time taken: 40.26 seconds
SAT

=> TOTAL COMPLETION TIME (Makespan / UB): 634
Schedule is valid
 Time taken: 40.27 seconds
SAT

=> TOTAL COMPLETION TIME (Makespan / UB): 633
Schedule is valid
 Time taken: 40.64 seconds
SAT

=> TOTAL COMPLETION TIME (Makespan / UB): 632
Schedule is valid
 Time taken: 40.86 seconds
SAT

=> TOTAL COMPLETION TIME (Makespan / UB): 631
Schedule is valid
 Time taken: 41.18 seconds
SAT

=> TOTAL COMPLETION TIME (Makespan / UB): 630
Schedule is valid
 Time taken: 43.14 seconds
SAT

=> TOTAL COMPLETION TIME (Makespan / UB): 629
Schedule is valid
 Time taken: 43.38 seconds
SAT

=> TOTAL COMPLETION TIME (Makespan / UB): 628
Schedule is valid
 Time taken: 47.02 seconds
SAT

=> TOTAL COMPLETION TIME (Makespan / UB): 627
Schedule is valid
 Time taken: 47.59 seconds
SAT

=> TOTAL COMPLETION TIME (Makespan / UB): 626
Schedule is valid
 Time taken: 47.97 seconds
SAT

=> TOTAL COMPLETION TIME (Makespan / UB): 625
Schedule is valid
 Time taken: 49.44 seconds
SAT

=> TOTAL COMPLETION TIME (Makespan / UB): 624
Schedule is valid
 Time taken: 49.77 seconds
[runlim] sample:		49.89 time, 50.01 real, 644 MB, 1.15 load
SAT

=> TOTAL COMPLETION TIME (Makespan / UB): 623
Schedule is valid
 Time taken: 52.20 seconds
SAT

=> TOTAL COMPLETION TIME (Makespan / UB): 622
Schedule is valid
 Time taken: 52.48 seconds
SAT

=> TOTAL COMPLETION TIME (Makespan / UB): 621
Schedule is valid
 Time taken: 52.49 seconds
SAT

=> TOTAL COMPLETION TIME (Makespan / UB): 620
Schedule is valid
 Time taken: 53.75 seconds
SAT

=> TOTAL COMPLETION TIME (Makespan / UB): 619
Schedule is valid
 Time taken: 53.76 seconds
SAT

=> TOTAL COMPLETION TIME (Makespan / UB): 618
Schedule is valid
 Time taken: 54.06 seconds
SAT

=> TOTAL COMPLETION TIME (Makespan / UB): 617
Schedule is valid
 Time taken: 54.35 seconds
SAT

=> TOTAL COMPLETION TIME (Makespan / UB): 616
Schedule is valid
 Time taken: 54.67 seconds
SAT

=> TOTAL COMPLETION TIME (Makespan / UB): 615
Schedule is valid
 Time taken: 54.90 seconds
SAT

=> TOTAL COMPLETION TIME (Makespan / UB): 614
Schedule is valid
 Time taken: 56.41 seconds
[runlim] sample:		59.89 time, 60.01 real, 614 MB, 1.12 load
SAT

=> TOTAL COMPLETION TIME (Makespan / UB): 613
Schedule is valid
 Time taken: 60.38 seconds
SAT

=> TOTAL COMPLETION TIME (Makespan / UB): 612
Schedule is valid
 Time taken: 61.95 seconds
SAT

=> TOTAL COMPLETION TIME (Makespan / UB): 611
Schedule is valid
 Time taken: 62.86 seconds
SAT

=> TOTAL COMPLETION TIME (Makespan / UB): 610
Schedule is valid
 Time taken: 63.14 seconds
SAT

=> TOTAL COMPLETION TIME (Makespan / UB): 609
Schedule is valid
 Time taken: 63.74 seconds
SAT

=> TOTAL COMPLETION TIME (Makespan / UB): 608
Schedule is valid
 Time taken: 64.73 seconds
SAT

=> TOTAL COMPLETION TIME (Makespan / UB): 607
Schedule is valid
 Time taken: 65.93 seconds
SAT

=> TOTAL COMPLETION TIME (Makespan / UB): 606
Schedule is valid
 Time taken: 65.94 seconds
SAT

=> TOTAL COMPLETION TIME (Makespan / UB): 605
Schedule is valid
 Time taken: 66.41 seconds
SAT

=> TOTAL COMPLETION TIME (Makespan / UB): 604
Schedule is valid
 Time taken: 66.43 seconds
SAT

=> TOTAL COMPLETION TIME (Makespan / UB): 603
Schedule is valid
 Time taken: 68.53 seconds
SAT

=> TOTAL COMPLETION TIME (Makespan / UB): 602
Schedule is valid
 Time taken: 68.85 seconds
SAT

=> TOTAL COMPLETION TIME (Makespan / UB): 601
Schedule is valid
 Time taken: 69.22 seconds
SAT

=> TOTAL COMPLETION TIME (Makespan / UB): 600
Schedule is valid
 Time taken: 69.24 seconds
SAT

=> TOTAL COMPLETION TIME (Makespan / UB): 599
Schedule is valid
 Time taken: 69.86 seconds
[runlim] sample:		69.89 time, 70.01 real, 588 MB, 1.10 load
SAT

=> TOTAL COMPLETION TIME (Makespan / UB): 598
Schedule is valid
 Time taken: 73.05 seconds
SAT

=> TOTAL COMPLETION TIME (Makespan / UB): 597
Schedule is valid
 Time taken: 73.62 seconds
SAT

=> TOTAL COMPLETION TIME (Makespan / UB): 596
Schedule is valid
 Time taken: 74.94 seconds
SAT

=> TOTAL COMPLETION TIME (Makespan / UB): 595
Schedule is valid
 Time taken: 75.51 seconds
SAT

=> TOTAL COMPLETION TIME (Makespan / UB): 594
Schedule is valid
 Time taken: 76.89 seconds
SAT

=> TOTAL COMPLETION TIME (Makespan / UB): 593
Schedule is valid
 Time taken: 79.09 seconds
[runlim] sample:		79.88 time, 80.01 real, 564 MB, 1.09 load
SAT

=> TOTAL COMPLETION TIME (Makespan / UB): 592
Schedule is valid
 Time taken: 80.59 seconds
SAT

=> TOTAL COMPLETION TIME (Makespan / UB): 591
Schedule is valid
 Time taken: 82.18 seconds
SAT

=> TOTAL COMPLETION TIME (Makespan / UB): 590
Schedule is valid
 Time taken: 83.30 seconds
SAT

=> TOTAL COMPLETION TIME (Makespan / UB): 589
Schedule is valid
 Time taken: 87.11 seconds
[runlim] sample:		89.87 time, 90.01 real, 579 MB, 1.07 load
SAT

=> TOTAL COMPLETION TIME (Makespan / UB): 588
Schedule is valid
 Time taken: 90.14 seconds
SAT

=> TOTAL COMPLETION TIME (Makespan / UB): 587
Schedule is valid
 Time taken: 95.69 seconds
SAT

=> TOTAL COMPLETION TIME (Makespan / UB): 586
Schedule is valid
 Time taken: 96.95 seconds
[runlim] sample:		99.86 time, 100.01 real, 578 MB, 1.06 load
SAT

=> TOTAL COMPLETION TIME (Makespan / UB): 585
Schedule is valid
 Time taken: 105.42 seconds
SAT

=> TOTAL COMPLETION TIME (Makespan / UB): 584
Schedule is valid
 Time taken: 105.89 seconds
SAT

=> TOTAL COMPLETION TIME (Makespan / UB): 583
Schedule is valid
 Time taken: 107.22 seconds
SAT

=> TOTAL COMPLETION TIME (Makespan / UB): 582
Schedule is valid
 Time taken: 108.31 seconds
[runlim] sample:		109.86 time, 110.01 real, 541 MB, 1.05 load
SAT

=> TOTAL COMPLETION TIME (Makespan / UB): 581
Schedule is valid
 Time taken: 111.05 seconds
SAT

=> TOTAL COMPLETION TIME (Makespan / UB): 580
Schedule is valid
 Time taken: 111.07 seconds
SAT

=> TOTAL COMPLETION TIME (Makespan / UB): 579
Schedule is valid
 Time taken: 112.62 seconds
SAT

=> TOTAL COMPLETION TIME (Makespan / UB): 578
Schedule is valid
 Time taken: 114.05 seconds
[runlim] sample:		119.85 time, 120.01 real, 541 MB, 1.04 load
SAT

=> TOTAL COMPLETION TIME (Makespan / UB): 577
Schedule is valid
 Time taken: 127.61 seconds
SAT

=> TOTAL COMPLETION TIME (Makespan / UB): 576
Schedule is valid
 Time taken: 129.49 seconds
[runlim] sample:		129.84 time, 130.01 real, 539 MB, 1.04 load
SAT

=> TOTAL COMPLETION TIME (Makespan / UB): 575
Schedule is valid
 Time taken: 131.08 seconds
SAT

=> TOTAL COMPLETION TIME (Makespan / UB): 574
Schedule is valid
 Time taken: 132.86 seconds
SAT

=> TOTAL COMPLETION TIME (Makespan / UB): 573
Schedule is valid
 Time taken: 134.48 seconds
SAT

=> TOTAL COMPLETION TIME (Makespan / UB): 572
Schedule is valid
 Time taken: 136.21 seconds
SAT

=> TOTAL COMPLETION TIME (Makespan / UB): 571
Schedule is valid
 Time taken: 138.12 seconds
[runlim] sample:		139.84 time, 140.01 real, 538 MB, 1.03 load
SAT

=> TOTAL COMPLETION TIME (Makespan / UB): 570
Schedule is valid
 Time taken: 147.24 seconds
SAT

=> TOTAL COMPLETION TIME (Makespan / UB): 569
Schedule is valid
 Time taken: 149.02 seconds
[runlim] sample:		149.83 time, 150.01 real, 536 MB, 1.02 load
SAT

=> TOTAL COMPLETION TIME (Makespan / UB): 568
Schedule is valid
 Time taken: 150.35 seconds
SAT

=> TOTAL COMPLETION TIME (Makespan / UB): 567
Schedule is valid
 Time taken: 151.80 seconds
SAT

=> TOTAL COMPLETION TIME (Makespan / UB): 566
Schedule is valid
 Time taken: 159.22 seconds
[runlim] sample:		159.82 time, 160.01 real, 536 MB, 1.02 load
SAT

=> TOTAL COMPLETION TIME (Makespan / UB): 565
Schedule is valid
 Time taken: 167.24 seconds
[runlim] sample:		169.82 time, 170.01 real, 591 MB, 1.02 load
SAT

=> TOTAL COMPLETION TIME (Makespan / UB): 564
Schedule is valid
 Time taken: 171.67 seconds
SAT

=> TOTAL COMPLETION TIME (Makespan / UB): 563
Schedule is valid
 Time taken: 174.59 seconds
SAT

=> TOTAL COMPLETION TIME (Makespan / UB): 562
Schedule is valid
 Time taken: 176.35 seconds
[runlim] sample:		179.82 time, 180.01 real, 534 MB, 1.01 load
SAT

=> TOTAL COMPLETION TIME (Makespan / UB): 561
Schedule is valid
 Time taken: 183.35 seconds
[runlim] sample:		189.81 time, 190.01 real, 609 MB, 1.01 load
[runlim] sample:		199.80 time, 200.01 real, 592 MB, 1.01 load
[runlim] sample:		209.80 time, 210.01 real, 521 MB, 1.08 load
SAT

=> TOTAL COMPLETION TIME (Makespan / UB): 560
Schedule is valid
 Time taken: 217.89 seconds
[runlim] sample:		219.79 time, 220.01 real, 533 MB, 1.07 load
SAT

=> TOTAL COMPLETION TIME (Makespan / UB): 559
Schedule is valid
 Time taken: 226.95 seconds
[runlim] sample:		229.78 time, 230.01 real, 534 MB, 1.06 load
SAT

=> TOTAL COMPLETION TIME (Makespan / UB): 558
Schedule is valid
 Time taken: 237.78 seconds
[runlim] sample:		239.77 time, 240.01 real, 562 MB, 1.05 load
SAT

=> TOTAL COMPLETION TIME (Makespan / UB): 557
Schedule is valid
 Time taken: 240.13 seconds
SAT

=> TOTAL COMPLETION TIME (Makespan / UB): 556
Schedule is valid
 Time taken: 243.54 seconds
[runlim] sample:		249.76 time, 250.01 real, 560 MB, 1.04 load
[runlim] sample:		259.76 time, 260.01 real, 562 MB, 1.03 load
[runlim] sample:		269.75 time, 270.01 real, 566 MB, 1.03 load
SAT

=> TOTAL COMPLETION TIME (Makespan / UB): 555
Schedule is valid
 Time taken: 277.61 seconds
[runlim] sample:		279.75 time, 280.01 real, 558 MB, 1.02 load
SAT

=> TOTAL COMPLETION TIME (Makespan / UB): 554
Schedule is valid
 Time taken: 289.93 seconds
[runlim] sample:		289.75 time, 290.01 real, 563 MB, 1.02 load
SAT

=> TOTAL COMPLETION TIME (Makespan / UB): 553
Schedule is valid
 Time taken: 298.59 seconds
[runlim] sample:		299.74 time, 300.01 real, 561 MB, 1.02 load
SAT

=> TOTAL COMPLETION TIME (Makespan / UB): 552
Schedule is valid
 Time taken: 306.11 seconds
[runlim] sample:		309.73 time, 310.01 real, 561 MB, 1.01 load
[runlim] sample:		319.73 time, 320.01 real, 561 MB, 1.01 load
[runlim] sample:		329.71 time, 330.01 real, 562 MB, 1.01 load
[runlim] sample:		339.71 time, 340.01 real, 561 MB, 1.01 load
[runlim] sample:		349.70 time, 350.01 real, 560 MB, 1.00 load
[runlim] sample:		359.70 time, 360.01 real, 570 MB, 1.00 load
[runlim] sample:		369.70 time, 370.01 real, 570 MB, 1.00 load
[runlim] sample:		379.69 time, 380.01 real, 572 MB, 1.00 load
[runlim] sample:		389.68 time, 390.01 real, 568 MB, 1.00 load
[runlim] sample:		399.68 time, 400.01 real, 559 MB, 1.00 load
[runlim] sample:		409.67 time, 410.01 real, 559 MB, 1.15 load
[runlim] sample:		419.67 time, 420.01 real, 560 MB, 1.13 load
[runlim] sample:		429.67 time, 430.01 real, 560 MB, 1.11 load
[runlim] sample:		439.66 time, 440.01 real, 560 MB, 1.09 load
[runlim] sample:		449.66 time, 450.01 real, 561 MB, 1.08 load
[runlim] sample:		459.64 time, 460.01 real, 561 MB, 1.06 load
[runlim] sample:		469.64 time, 470.01 real, 574 MB, 1.05 load
[runlim] sample:		479.63 time, 480.01 real, 574 MB, 1.05 load
[runlim] sample:		489.62 time, 490.01 real, 581 MB, 1.04 load
[runlim] sample:		499.62 time, 500.01 real, 571 MB, 1.03 load
[runlim] sample:		509.61 time, 510.01 real, 571 MB, 1.03 load
[runlim] sample:		519.62 time, 520.01 real, 571 MB, 1.02 load
[runlim] sample:		529.61 time, 530.01 real, 571 MB, 1.02 load
[runlim] sample:		539.60 time, 540.01 real, 573 MB, 1.02 load
SAT

=> TOTAL COMPLETION TIME (Makespan / UB): 551
Schedule is valid
 Time taken: 545.83 seconds
[runlim] sample:		549.59 time, 550.01 real, 574 MB, 1.01 load
SAT

=> TOTAL COMPLETION TIME (Makespan / UB): 550
Schedule is valid
 Time taken: 553.13 seconds
[runlim] sample:		559.59 time, 560.01 real, 577 MB, 1.01 load
SAT

=> TOTAL COMPLETION TIME (Makespan / UB): 549
Schedule is valid
 Time taken: 567.77 seconds
[runlim] sample:		569.58 time, 570.01 real, 578 MB, 1.01 load
SAT

=> TOTAL COMPLETION TIME (Makespan / UB): 548
Schedule is valid
 Time taken: 578.65 seconds
[runlim] sample:		579.58 time, 580.01 real, 581 MB, 1.01 load
[runlim] sample:		589.57 time, 590.01 real, 579 MB, 1.00 load
[runlim] sample:		599.57 time, 600.01 real, 579 MB, 1.00 load
[runlim] sample:		609.56 time, 610.01 real, 584 MB, 1.00 load
[runlim] sample:		619.56 time, 620.01 real, 579 MB, 1.00 load
[runlim] sample:		629.55 time, 630.01 real, 579 MB, 1.00 load
[runlim] sample:		639.55 time, 640.01 real, 589 MB, 1.00 load
[runlim] sample:		649.54 time, 650.01 real, 589 MB, 1.00 load
[runlim] sample:		659.53 time, 660.01 real, 592 MB, 1.00 load
[runlim] sample:		669.53 time, 670.01 real, 575 MB, 1.00 load
[runlim] sample:		679.52 time, 680.01 real, 575 MB, 1.08 load
[runlim] sample:		689.52 time, 690.01 real, 576 MB, 1.07 load
[runlim] sample:		699.51 time, 700.01 real, 576 MB, 1.06 load
[runlim] sample:		709.51 time, 710.01 real, 577 MB, 1.05 load
[runlim] sample:		719.50 time, 720.01 real, 577 MB, 1.04 load
[runlim] sample:		729.50 time, 730.01 real, 578 MB, 1.03 load
SAT

=> TOTAL COMPLETION TIME (Makespan / UB): 547
Schedule is valid
 Time taken: 738.78 seconds
[runlim] sample:		739.49 time, 740.01 real, 590 MB, 1.03 load
SAT

=> TOTAL COMPLETION TIME (Makespan / UB): 546
Schedule is valid
 Time taken: 748.94 seconds
[runlim] sample:		749.48 time, 750.01 real, 590 MB, 1.02 load
[runlim] sample:		759.48 time, 760.01 real, 586 MB, 1.02 load
SAT

=> TOTAL COMPLETION TIME (Makespan / UB): 545
Schedule is valid
 Time taken: 761.03 seconds
[runlim] sample:		769.47 time, 770.01 real, 586 MB, 1.02 load
[runlim] sample:		779.46 time, 780.01 real, 583 MB, 1.01 load
[runlim] sample:		789.46 time, 790.01 real, 583 MB, 1.01 load
[runlim] sample:		799.46 time, 800.01 real, 583 MB, 1.01 load
[runlim] sample:		809.45 time, 810.01 real, 582 MB, 1.01 load
[runlim] sample:		819.45 time, 820.01 real, 582 MB, 1.00 load
[runlim] sample:		829.44 time, 830.01 real, 591 MB, 1.00 load
[runlim] sample:		839.44 time, 840.01 real, 591 MB, 1.00 load
[runlim] sample:		849.43 time, 850.01 real, 591 MB, 1.00 load
[runlim] sample:		859.42 time, 860.01 real, 587 MB, 1.00 load
[runlim] sample:		869.42 time, 870.01 real, 587 MB, 1.00 load
[runlim] sample:		879.42 time, 880.01 real, 578 MB, 1.00 load
[runlim] sample:		889.41 time, 890.01 real, 578 MB, 1.00 load
[runlim] sample:		899.40 time, 900.01 real, 579 MB, 1.00 load
[runlim] sample:		909.40 time, 910.01 real, 579 MB, 1.15 load
[runlim] sample:		919.39 time, 920.01 real, 580 MB, 1.13 load
[runlim] sample:		929.38 time, 930.01 real, 580 MB, 1.11 load
[runlim] sample:		939.38 time, 940.01 real, 588 MB, 1.09 load
SAT

=> TOTAL COMPLETION TIME (Makespan / UB): 544
Schedule is valid
 Time taken: 945.02 seconds
[runlim] sample:		949.37 time, 950.01 real, 588 MB, 1.08 load
[runlim] sample:		959.36 time, 960.01 real, 592 MB, 1.06 load
[runlim] sample:		969.36 time, 970.01 real, 592 MB, 1.14 load
[runlim] sample:		979.36 time, 980.01 real, 589 MB, 1.11 load
[runlim] sample:		989.35 time, 990.01 real, 589 MB, 1.18 load
[runlim] sample:		999.35 time, 1000.01 real, 594 MB, 1.15 load
[runlim] sample:		1009.34 time, 1010.01 real, 594 MB, 1.13 load
[runlim] sample:		1019.33 time, 1020.01 real, 594 MB, 1.11 load
[runlim] sample:		1029.33 time, 1030.01 real, 602 MB, 1.09 load
[runlim] sample:		1039.33 time, 1040.01 real, 602 MB, 1.08 load
[runlim] sample:		1049.32 time, 1050.01 real, 587 MB, 1.06 load
[runlim] sample:		1059.31 time, 1060.01 real, 587 MB, 1.05 load
[runlim] sample:		1069.31 time, 1070.01 real, 583 MB, 1.04 load
[runlim] sample:		1079.30 time, 1080.01 real, 583 MB, 1.04 load
[runlim] sample:		1089.29 time, 1090.01 real, 583 MB, 1.03 load
[runlim] sample:		1099.30 time, 1100.01 real, 584 MB, 1.03 load
[runlim] sample:		1109.29 time, 1110.01 real, 584 MB, 1.02 load
[runlim] sample:		1119.29 time, 1120.01 real, 588 MB, 1.02 load
[runlim] sample:		1129.28 time, 1130.01 real, 588 MB, 1.01 load
SAT

=> TOTAL COMPLETION TIME (Makespan / UB): 543
Schedule is valid
 Time taken: 1134.81 seconds
[runlim] sample:		1139.27 time, 1140.01 real, 602 MB, 1.09 load
SAT

=> TOTAL COMPLETION TIME (Makespan / UB): 542
Schedule is valid
 Time taken: 1146.74 seconds
[runlim] sample:		1149.27 time, 1150.01 real, 602 MB, 1.08 load
SAT

=> TOTAL COMPLETION TIME (Makespan / UB): 541
Schedule is valid
 Time taken: 1158.88 seconds
SAT

=> TOTAL COMPLETION TIME (Makespan / UB): 540
Schedule is valid
 Time taken: 1159.32 seconds
[runlim] sample:		1159.25 time, 1160.01 real, 590 MB, 1.14 load
[runlim] sample:		1169.25 time, 1170.01 real, 590 MB, 1.12 load
[runlim] sample:		1179.24 time, 1180.01 real, 590 MB, 1.10 load
[runlim] sample:		1189.25 time, 1190.01 real, 591 MB, 1.08 load
[runlim] sample:		1199.24 time, 1200.01 real, 591 MB, 1.07 load
[runlim] sample:		1209.24 time, 1210.01 real, 587 MB, 1.06 load
[runlim] sample:		1219.23 time, 1220.01 real, 596 MB, 1.05 load
[runlim] sample:		1229.22 time, 1230.01 real, 619 MB, 1.04 load
[runlim] sample:		1239.21 time, 1240.01 real, 595 MB, 1.03 load
[runlim] sample:		1249.21 time, 1250.01 real, 595 MB, 1.03 load
[runlim] sample:		1259.21 time, 1260.01 real, 592 MB, 1.02 load
[runlim] sample:		1269.20 time, 1270.01 real, 592 MB, 1.02 load
[runlim] sample:		1279.20 time, 1280.01 real, 592 MB, 1.02 load
[runlim] sample:		1289.20 time, 1290.01 real, 584 MB, 1.01 load
[runlim] sample:		1299.19 time, 1300.01 real, 584 MB, 1.01 load
[runlim] sample:		1309.18 time, 1310.01 real, 585 MB, 1.01 load
[runlim] sample:		1319.17 time, 1320.01 real, 585 MB, 1.01 load
[runlim] sample:		1329.17 time, 1330.01 real, 587 MB, 1.01 load
[runlim] sample:		1339.16 time, 1340.01 real, 587 MB, 1.00 load
[runlim] sample:		1349.16 time, 1350.01 real, 589 MB, 1.00 load
[runlim] sample:		1359.16 time, 1360.01 real, 589 MB, 1.00 load
[runlim] sample:		1369.15 time, 1370.01 real, 608 MB, 1.00 load
[runlim] sample:		1379.15 time, 1380.01 real, 608 MB, 1.00 load
[runlim] sample:		1389.14 time, 1390.01 real, 608 MB, 1.00 load
[runlim] sample:		1399.14 time, 1400.01 real, 711 MB, 1.00 load
[runlim] sample:		1409.13 time, 1410.01 real, 609 MB, 1.15 load
[runlim] sample:		1419.12 time, 1420.01 real, 609 MB, 1.13 load
[runlim] sample:		1429.12 time, 1430.01 real, 609 MB, 1.11 load
[runlim] sample:		1439.11 time, 1440.01 real, 612 MB, 1.25 load
[runlim] sample:		1449.11 time, 1450.01 real, 612 MB, 1.21 load
[runlim] sample:		1459.10 time, 1460.01 real, 612 MB, 1.18 load
[runlim] sample:		1469.10 time, 1470.01 real, 612 MB, 1.15 load
[runlim] sample:		1479.09 time, 1480.01 real, 608 MB, 1.13 load
[runlim] sample:		1489.09 time, 1490.01 real, 608 MB, 1.11 load
[runlim] sample:		1499.08 time, 1500.01 real, 608 MB, 1.09 load
[runlim] sample:		1509.08 time, 1510.01 real, 608 MB, 1.08 load
[runlim] sample:		1519.07 time, 1520.01 real, 609 MB, 1.06 load
[runlim] sample:		1529.07 time, 1530.01 real, 609 MB, 1.05 load
[runlim] sample:		1539.06 time, 1540.01 real, 609 MB, 1.05 load
[runlim] sample:		1549.05 time, 1550.01 real, 608 MB, 1.04 load
[runlim] sample:		1559.05 time, 1560.01 real, 608 MB, 1.03 load
[runlim] sample:		1569.04 time, 1570.01 real, 599 MB, 1.03 load
[runlim] sample:		1579.04 time, 1580.01 real, 599 MB, 1.02 load
[runlim] sample:		1589.03 time, 1590.01 real, 599 MB, 1.02 load
[runlim] sample:		1599.02 time, 1600.01 real, 589 MB, 1.02 load
[runlim] sample:		1609.02 time, 1610.01 real, 589 MB, 1.01 load
[runlim] sample:		1619.01 time, 1620.01 real, 589 MB, 1.01 load
[runlim] sample:		1629.02 time, 1630.01 real, 590 MB, 1.01 load
[runlim] sample:		1639.01 time, 1640.01 real, 590 MB, 1.01 load
[runlim] sample:		1649.01 time, 1650.01 real, 590 MB, 1.00 load
[runlim] sample:		1659.00 time, 1660.01 real, 591 MB, 1.00 load
[runlim] sample:		1669.00 time, 1670.01 real, 591 MB, 1.00 load
[runlim] sample:		1678.99 time, 1680.01 real, 591 MB, 1.00 load
[runlim] sample:		1688.99 time, 1690.01 real, 592 MB, 1.00 load
[runlim] sample:		1698.99 time, 1700.01 real, 592 MB, 1.00 load
[runlim] sample:		1708.98 time, 1710.01 real, 592 MB, 1.00 load
[runlim] sample:		1718.98 time, 1720.01 real, 592 MB, 1.00 load
[runlim] sample:		1728.97 time, 1730.01 real, 593 MB, 1.00 load
[runlim] sample:		1738.96 time, 1740.01 real, 593 MB, 1.00 load
[runlim] sample:		1748.96 time, 1750.01 real, 593 MB, 1.00 load
[runlim] sample:		1758.96 time, 1760.01 real, 593 MB, 1.08 load
[runlim] sample:		1768.95 time, 1770.01 real, 593 MB, 1.07 load
[runlim] sample:		1778.95 time, 1780.01 real, 593 MB, 1.06 load
[runlim] sample:		1788.95 time, 1790.01 real, 593 MB, 1.05 load
[runlim] sample:		1798.94 time, 1800.01 real, 594 MB, 1.04 load
[runlim] sample:		1808.94 time, 1810.01 real, 594 MB, 1.03 load
[runlim] sample:		1818.93 time, 1820.01 real, 594 MB, 1.03 load
[runlim] sample:		1828.93 time, 1830.01 real, 595 MB, 1.02 load
[runlim] sample:		1838.92 time, 1840.01 real, 595 MB, 1.02 load
[runlim] sample:		1848.92 time, 1850.01 real, 595 MB, 1.02 load
[runlim] sample:		1858.91 time, 1860.01 real, 595 MB, 1.01 load
[runlim] sample:		1868.90 time, 1870.01 real, 595 MB, 1.01 load
[runlim] sample:		1878.90 time, 1880.01 real, 595 MB, 1.01 load
[runlim] sample:		1888.90 time, 1890.01 real, 595 MB, 1.01 load
[runlim] sample:		1898.89 time, 1900.01 real, 595 MB, 1.00 load
[runlim] sample:		1908.88 time, 1910.01 real, 597 MB, 1.16 load
[runlim] sample:		1918.88 time, 1920.01 real, 597 MB, 1.13 load
[runlim] sample:		1928.87 time, 1930.01 real, 597 MB, 1.11 load
[runlim] sample:		1938.87 time, 1940.01 real, 597 MB, 1.17 load
[runlim] sample:		1948.87 time, 1950.01 real, 597 MB, 1.14 load
[runlim] sample:		1958.86 time, 1960.01 real, 597 MB, 1.12 load
[runlim] sample:		1968.86 time, 1970.01 real, 597 MB, 1.10 load
[runlim] sample:		1978.86 time, 1980.01 real, 602 MB, 1.16 load
[runlim] sample:		1988.85 time, 1990.01 real, 602 MB, 1.13 load
[runlim] sample:		1998.85 time, 2000.01 real, 602 MB, 1.19 load
[runlim] sample:		2008.84 time, 2010.01 real, 602 MB, 1.16 load
SAT

=> TOTAL COMPLETION TIME (Makespan / UB): 539
Schedule is valid
 Time taken: 2016.44 seconds
[runlim] sample:		2018.83 time, 2020.01 real, 615 MB, 1.13 load
[runlim] sample:		2028.83 time, 2030.01 real, 615 MB, 1.11 load
SAT

=> TOTAL COMPLETION TIME (Makespan / UB): 538
Schedule is valid
 Time taken: 2037.36 seconds
[runlim] sample:		2038.82 time, 2040.01 real, 615 MB, 1.09 load
[runlim] sample:		2048.82 time, 2050.01 real, 615 MB, 1.08 load
[runlim] sample:		2058.81 time, 2060.01 real, 603 MB, 1.07 load
[runlim] sample:		2068.81 time, 2070.01 real, 603 MB, 1.06 load
[runlim] sample:		2078.80 time, 2080.01 real, 603 MB, 1.05 load
[runlim] sample:		2088.80 time, 2090.01 real, 599 MB, 1.04 load
[runlim] sample:		2098.79 time, 2100.01 real, 599 MB, 1.03 load
[runlim] sample:		2108.79 time, 2110.01 real, 599 MB, 1.03 load
[runlim] sample:		2118.78 time, 2120.01 real, 611 MB, 1.02 load
[runlim] sample:		2128.78 time, 2130.01 real, 611 MB, 1.02 load
[runlim] sample:		2138.77 time, 2140.01 real, 611 MB, 1.02 load
[runlim] sample:		2148.77 time, 2150.01 real, 601 MB, 1.01 load
[runlim] sample:		2158.76 time, 2160.01 real, 601 MB, 1.01 load
[runlim] sample:		2168.76 time, 2170.01 real, 601 MB, 1.01 load
[runlim] sample:		2178.76 time, 2180.01 real, 601 MB, 1.01 load
[runlim] sample:		2188.75 time, 2190.01 real, 596 MB, 1.00 load
[runlim] sample:		2198.75 time, 2200.01 real, 596 MB, 1.00 load
[runlim] sample:		2208.74 time, 2210.01 real, 596 MB, 1.00 load
[runlim] sample:		2218.74 time, 2220.01 real, 597 MB, 1.00 load
[runlim] sample:		2228.73 time, 2230.01 real, 597 MB, 1.00 load
[runlim] sample:		2238.73 time, 2240.01 real, 597 MB, 1.00 load
[runlim] sample:		2248.72 time, 2250.01 real, 597 MB, 1.00 load
[runlim] sample:		2258.72 time, 2260.01 real, 614 MB, 1.00 load
[runlim] sample:		2268.71 time, 2270.01 real, 614 MB, 1.00 load
[runlim] sample:		2278.71 time, 2280.01 real, 614 MB, 1.00 load
[runlim] sample:		2288.70 time, 2290.01 real, 614 MB, 1.00 load
[runlim] sample:		2298.70 time, 2300.01 real, 619 MB, 1.00 load
[runlim] sample:		2308.69 time, 2310.01 real, 619 MB, 1.00 load
[runlim] sample:		2318.69 time, 2320.01 real, 619 MB, 1.00 load
[runlim] sample:		2328.68 time, 2330.01 real, 619 MB, 1.00 load
[runlim] sample:		2338.68 time, 2340.01 real, 619 MB, 1.00 load
[runlim] sample:		2348.68 time, 2350.01 real, 617 MB, 1.00 load
[runlim] sample:		2358.67 time, 2360.01 real, 617 MB, 1.00 load
SAT

=> TOTAL COMPLETION TIME (Makespan / UB): 537
Schedule is valid
 Time taken: 2369.85 seconds
[runlim] sample:		2368.67 time, 2370.01 real, 617 MB, 1.00 load
[runlim] sample:		2378.66 time, 2380.01 real, 617 MB, 1.00 load
[runlim] sample:		2388.66 time, 2390.01 real, 613 MB, 1.00 load
[runlim] sample:		2398.65 time, 2400.01 real, 613 MB, 1.00 load
[runlim] sample:		2408.64 time, 2410.01 real, 613 MB, 1.15 load
SAT

=> TOTAL COMPLETION TIME (Makespan / UB): 536
Schedule is valid
 Time taken: 2414.36 seconds
[runlim] sample:		2418.64 time, 2420.01 real, 602 MB, 1.13 load
[runlim] sample:		2428.63 time, 2430.01 real, 602 MB, 1.11 load
[runlim] sample:		2438.63 time, 2440.01 real, 602 MB, 1.09 load
[runlim] sample:		2448.63 time, 2450.01 real, 605 MB, 1.08 load
[runlim] sample:		2458.62 time, 2460.01 real, 605 MB, 1.06 load
SAT

=> TOTAL COMPLETION TIME (Makespan / UB): 535
Schedule is valid
 Time taken: 2461.04 seconds
[runlim] sample:		2468.62 time, 2470.01 real, 605 MB, 1.05 load
[runlim] sample:		2478.61 time, 2480.01 real, 605 MB, 1.05 load
[runlim] sample:		2488.60 time, 2490.01 real, 605 MB, 1.04 load
[runlim] sample:		2498.60 time, 2500.01 real, 605 MB, 1.03 load
[runlim] sample:		2508.59 time, 2510.01 real, 605 MB, 1.03 load
[runlim] sample:		2518.59 time, 2520.01 real, 605 MB, 1.02 load
[runlim] sample:		2528.59 time, 2530.01 real, 603 MB, 1.02 load
[runlim] sample:		2538.58 time, 2540.01 real, 603 MB, 1.02 load
[runlim] sample:		2548.58 time, 2550.01 real, 603 MB, 1.01 load
[runlim] sample:		2558.57 time, 2560.01 real, 603 MB, 1.01 load
[runlim] sample:		2568.56 time, 2570.01 real, 609 MB, 1.01 load
[runlim] sample:		2578.56 time, 2580.01 real, 609 MB, 1.09 load
[runlim] sample:		2588.55 time, 2590.01 real, 609 MB, 1.07 load
[runlim] sample:		2598.55 time, 2600.01 real, 599 MB, 1.06 load
[runlim] sample:		2608.55 time, 2610.01 real, 599 MB, 1.05 load
[runlim] sample:		2618.54 time, 2620.01 real, 599 MB, 1.12 load
[runlim] sample:		2628.54 time, 2630.01 real, 599 MB, 1.10 load
[runlim] sample:		2638.53 time, 2640.01 real, 599 MB, 1.08 load
[runlim] sample:		2648.52 time, 2650.01 real, 599 MB, 1.07 load
[runlim] sample:		2658.52 time, 2660.01 real, 599 MB, 1.06 load
[runlim] sample:		2668.51 time, 2670.01 real, 599 MB, 1.05 load
[runlim] sample:		2678.51 time, 2680.01 real, 599 MB, 1.04 load
[runlim] sample:		2688.50 time, 2690.01 real, 608 MB, 1.03 load
[runlim] sample:		2698.50 time, 2700.01 real, 608 MB, 1.03 load
[runlim] sample:		2708.49 time, 2710.01 real, 608 MB, 1.02 load
[runlim] sample:		2718.49 time, 2720.01 real, 608 MB, 1.02 load
[runlim] sample:		2728.49 time, 2730.01 real, 619 MB, 1.02 load
[runlim] sample:		2738.48 time, 2740.01 real, 619 MB, 1.01 load
[runlim] sample:		2748.48 time, 2750.01 real, 619 MB, 1.01 load
[runlim] sample:		2758.48 time, 2760.01 real, 619 MB, 1.01 load
[runlim] sample:		2768.46 time, 2770.01 real, 619 MB, 1.01 load
[runlim] sample:		2778.46 time, 2780.01 real, 619 MB, 1.01 load
[runlim] sample:		2788.45 time, 2790.01 real, 619 MB, 1.08 load
[runlim] sample:		2798.45 time, 2800.01 real, 619 MB, 1.07 load
[runlim] sample:		2808.44 time, 2810.01 real, 619 MB, 1.06 load
[runlim] sample:		2818.44 time, 2820.01 real, 624 MB, 1.05 load
[runlim] sample:		2828.44 time, 2830.01 real, 624 MB, 1.04 load
[runlim] sample:		2838.43 time, 2840.01 real, 624 MB, 1.03 load
[runlim] sample:		2848.43 time, 2850.01 real, 624 MB, 1.03 load
[runlim] sample:		2858.42 time, 2860.01 real, 624 MB, 1.02 load
[runlim] sample:		2868.41 time, 2870.01 real, 614 MB, 1.02 load
[runlim] sample:		2878.41 time, 2880.01 real, 614 MB, 1.02 load
[runlim] sample:		2888.40 time, 2890.01 real, 614 MB, 1.01 load
[runlim] sample:		2898.40 time, 2900.01 real, 614 MB, 1.09 load
[runlim] sample:		2908.39 time, 2910.01 real, 614 MB, 1.23 load
[runlim] sample:		2918.38 time, 2920.01 real, 610 MB, 1.20 load
[runlim] sample:		2928.38 time, 2930.01 real, 610 MB, 1.16 load
[runlim] sample:		2938.38 time, 2940.01 real, 610 MB, 1.14 load
[runlim] sample:		2948.37 time, 2950.01 real, 610 MB, 1.12 load
[runlim] sample:		2958.37 time, 2960.01 real, 600 MB, 1.10 load
[runlim] sample:		2968.36 time, 2970.01 real, 600 MB, 1.08 load
[runlim] sample:		2978.36 time, 2980.01 real, 600 MB, 1.07 load
[runlim] sample:		2988.36 time, 2990.01 real, 600 MB, 1.06 load
[runlim] sample:		2998.35 time, 3000.01 real, 600 MB, 1.21 load
[runlim] sample:		3008.34 time, 3010.01 real, 601 MB, 1.18 load
[runlim] sample:		3018.33 time, 3020.01 real, 601 MB, 1.15 load
[runlim] sample:		3028.32 time, 3030.01 real, 601 MB, 1.13 load
[runlim] sample:		3038.32 time, 3040.01 real, 601 MB, 1.11 load
[runlim] sample:		3048.31 time, 3050.01 real, 601 MB, 1.09 load
[runlim] sample:		3058.31 time, 3060.01 real, 602 MB, 1.08 load
[runlim] sample:		3068.31 time, 3070.01 real, 602 MB, 1.06 load
[runlim] sample:		3078.30 time, 3080.01 real, 602 MB, 1.05 load
[runlim] sample:		3088.30 time, 3090.01 real, 602 MB, 1.04 load
[runlim] sample:		3098.29 time, 3100.01 real, 602 MB, 1.04 load
[runlim] sample:		3108.29 time, 3110.01 real, 603 MB, 1.03 load
[runlim] sample:		3118.28 time, 3120.01 real, 603 MB, 1.03 load
[runlim] sample:		3128.28 time, 3130.01 real, 603 MB, 1.02 load
[runlim] sample:		3138.27 time, 3140.01 real, 603 MB, 1.02 load
[runlim] sample:		3148.26 time, 3150.01 real, 604 MB, 1.01 load
[runlim] sample:		3158.26 time, 3160.01 real, 604 MB, 1.01 load
[runlim] sample:		3168.25 time, 3170.01 real, 604 MB, 1.01 load
[runlim] sample:		3178.25 time, 3180.01 real, 604 MB, 1.01 load
[runlim] sample:		3188.24 time, 3190.01 real, 604 MB, 1.01 load
[runlim] sample:		3198.23 time, 3200.01 real, 605 MB, 1.00 load
[runlim] sample:		3208.23 time, 3210.01 real, 605 MB, 1.00 load
[runlim] sample:		3218.22 time, 3220.01 real, 605 MB, 1.00 load
[runlim] sample:		3228.22 time, 3230.01 real, 605 MB, 1.00 load
[runlim] sample:		3238.21 time, 3240.01 real, 605 MB, 1.00 load
[runlim] sample:		3248.21 time, 3250.01 real, 605 MB, 1.00 load
[runlim] sample:		3258.21 time, 3260.01 real, 606 MB, 1.00 load
[runlim] sample:		3268.20 time, 3270.01 real, 606 MB, 1.00 load
[runlim] sample:		3278.20 time, 3280.01 real, 606 MB, 1.00 load
[runlim] sample:		3288.19 time, 3290.01 real, 606 MB, 1.00 load
[runlim] sample:		3298.19 time, 3300.01 real, 606 MB, 1.00 load
[runlim] sample:		3308.18 time, 3310.01 real, 606 MB, 1.00 load
[runlim] sample:		3318.17 time, 3320.01 real, 606 MB, 1.00 load
[runlim] sample:		3328.17 time, 3330.01 real, 606 MB, 1.00 load
[runlim] sample:		3338.16 time, 3340.01 real, 606 MB, 1.00 load
[runlim] sample:		3348.16 time, 3350.01 real, 606 MB, 1.00 load
[runlim] sample:		3358.16 time, 3360.01 real, 608 MB, 1.00 load
[runlim] sample:		3368.15 time, 3370.01 real, 608 MB, 1.00 load
[runlim] sample:		3378.15 time, 3380.01 real, 608 MB, 1.00 load
[runlim] sample:		3388.14 time, 3390.01 real, 608 MB, 1.00 load
[runlim] sample:		3398.14 time, 3400.01 real, 608 MB, 1.00 load
[runlim] sample:		3408.13 time, 3410.01 real, 616 MB, 1.15 load
[runlim] sample:		3418.12 time, 3420.01 real, 616 MB, 1.13 load
[runlim] sample:		3428.12 time, 3430.01 real, 616 MB, 1.11 load
[runlim] sample:		3438.11 time, 3440.01 real, 616 MB, 1.09 load
[runlim] sample:		3448.11 time, 3450.01 real, 616 MB, 1.08 load
[runlim] sample:		3458.10 time, 3460.01 real, 616 MB, 1.06 load
[runlim] sample:		3468.10 time, 3470.01 real, 617 MB, 1.05 load
[runlim] sample:		3478.09 time, 3480.01 real, 617 MB, 1.05 load
[runlim] sample:		3488.08 time, 3490.01 real, 617 MB, 1.04 load
[runlim] sample:		3498.08 time, 3500.01 real, 617 MB, 1.03 load
[runlim] sample:		3508.07 time, 3510.01 real, 617 MB, 1.03 load
[runlim] sample:		3518.07 time, 3520.01 real, 617 MB, 1.02 load
[runlim] sample:		3528.07 time, 3530.01 real, 621 MB, 1.02 load
[runlim] sample:		3538.06 time, 3540.01 real, 621 MB, 1.02 load
[runlim] sample:		3548.05 time, 3550.01 real, 621 MB, 1.01 load
[runlim] sample:		3558.05 time, 3560.01 real, 621 MB, 1.01 load
[runlim] sample:		3568.04 time, 3570.01 real, 621 MB, 1.01 load
[runlim] sample:		3578.04 time, 3580.01 real, 621 MB, 1.01 load
[runlim] sample:		3588.04 time, 3590.01 real, 621 MB, 1.00 load
[runlim] sample:		3598.03 time, 3600.01 real, 626 MB, 1.00 load
[runlim] sample:		3608.03 time, 3610.01 real, 626 MB, 1.00 load
[runlim] sample:		3618.03 time, 3620.01 real, 626 MB, 1.00 load
[runlim] sample:		3628.02 time, 3630.01 real, 626 MB, 1.00 load
[runlim] sample:		3638.02 time, 3640.01 real, 626 MB, 1.00 load
[runlim] sample:		3648.01 time, 3650.01 real, 622 MB, 1.00 load
[runlim] sample:		3658.00 time, 3660.01 real, 622 MB, 1.00 load
[runlim] sample:		3668.00 time, 3670.01 real, 622 MB, 1.00 load
[runlim] sample:		3677.99 time, 3680.01 real, 622 MB, 1.00 load
[runlim] sample:		3687.98 time, 3690.01 real, 622 MB, 1.00 load
[runlim] sample:		3697.99 time, 3700.01 real, 622 MB, 1.00 load
[runlim] sample:		3707.98 time, 3710.01 real, 622 MB, 1.00 load
[runlim] sample:		3717.97 time, 3720.01 real, 622 MB, 1.00 load
[runlim] sample:		3727.97 time, 3730.01 real, 622 MB, 1.00 load
[runlim] sample:		3737.96 time, 3740.01 real, 622 MB, 1.00 load
[runlim] sample:		3747.96 time, 3750.01 real, 622 MB, 1.00 load
[runlim] sample:		3757.95 time, 3760.01 real, 622 MB, 1.00 load
[runlim] sample:		3767.95 time, 3770.01 real, 622 MB, 1.00 load
[runlim] sample:		3777.92 time, 3780.01 real, 625 MB, 1.00 load
[runlim] sample:		3787.92 time, 3790.01 real, 625 MB, 1.07 load
[runlim] sample:		3797.91 time, 3800.01 real, 625 MB, 1.52 load
[runlim] sample:		3807.91 time, 3810.01 real, 625 MB, 1.44 load
[runlim] sample:		3817.90 time, 3820.01 real, 625 MB, 1.37 load
[runlim] sample:		3827.90 time, 3830.01 real, 625 MB, 1.31 load
[runlim] sample:		3837.89 time, 3840.01 real, 625 MB, 1.26 load
[runlim] sample:		3847.89 time, 3850.01 real, 625 MB, 1.22 load
[runlim] sample:		3857.89 time, 3860.01 real, 625 MB, 1.19 load
[runlim] sample:		3867.88 time, 3870.01 real, 625 MB, 1.16 load
[runlim] sample:		3877.88 time, 3880.01 real, 625 MB, 1.13 load
SAT

=> TOTAL COMPLETION TIME (Makespan / UB): 534
Schedule is valid
 Time taken: 3886.08 seconds
[runlim] sample:		3887.87 time, 3890.01 real, 625 MB, 1.11 load
[runlim] sample:		3897.87 time, 3900.01 real, 623 MB, 1.10 load
[runlim] sample:		3907.86 time, 3910.01 real, 623 MB, 1.23 load
[runlim] sample:		3917.86 time, 3920.01 real, 623 MB, 1.20 load
[runlim] sample:		3927.85 time, 3930.01 real, 623 MB, 1.17 load
[runlim] sample:		3937.85 time, 3940.01 real, 612 MB, 1.14 load
[runlim] sample:		3947.84 time, 3950.01 real, 612 MB, 1.12 load
[runlim] sample:		3957.84 time, 3960.01 real, 612 MB, 1.10 load
[runlim] sample:		3967.83 time, 3970.01 real, 612 MB, 1.16 load
[runlim] sample:		3977.83 time, 3980.01 real, 612 MB, 1.14 load
[runlim] sample:		3987.82 time, 3990.01 real, 618 MB, 1.20 load
[runlim] sample:		3997.82 time, 4000.01 real, 618 MB, 1.24 load
[runlim] sample:		4007.81 time, 4010.01 real, 618 MB, 1.28 load
[runlim] sample:		4017.81 time, 4020.01 real, 618 MB, 1.24 load
[runlim] sample:		4027.80 time, 4030.01 real, 618 MB, 1.20 load
[runlim] sample:		4037.80 time, 4040.01 real, 606 MB, 1.17 load
[runlim] sample:		4047.80 time, 4050.01 real, 606 MB, 1.14 load
[runlim] sample:		4057.79 time, 4060.01 real, 606 MB, 1.12 load
[runlim] sample:		4067.79 time, 4070.01 real, 606 MB, 1.10 load
[runlim] sample:		4077.78 time, 4080.01 real, 606 MB, 1.09 load
[runlim] sample:		4087.77 time, 4090.01 real, 607 MB, 1.07 load
[runlim] sample:		4097.77 time, 4100.01 real, 607 MB, 1.06 load
[runlim] sample:		4107.76 time, 4110.01 real, 607 MB, 1.05 load
SAT

=> TOTAL COMPLETION TIME (Makespan / UB): 533
Schedule is valid
 Time taken: 4113.77 seconds
[runlim] sample:		4117.76 time, 4120.01 real, 607 MB, 1.04 load
[runlim] sample:		4127.76 time, 4130.01 real, 621 MB, 1.04 load
[runlim] sample:		4137.75 time, 4140.01 real, 621 MB, 1.03 load
[runlim] sample:		4147.75 time, 4150.01 real, 621 MB, 1.02 load
[runlim] sample:		4157.74 time, 4160.01 real, 621 MB, 1.02 load
[runlim] sample:		4167.74 time, 4170.01 real, 621 MB, 1.02 load
[runlim] sample:		4177.73 time, 4180.01 real, 621 MB, 1.01 load
[runlim] sample:		4187.72 time, 4190.01 real, 612 MB, 1.01 load
[runlim] sample:		4197.72 time, 4200.01 real, 612 MB, 1.01 load
[runlim] sample:		4207.71 time, 4210.01 real, 612 MB, 1.01 load
[runlim] sample:		4217.71 time, 4220.01 real, 612 MB, 1.01 load
[runlim] sample:		4227.71 time, 4230.01 real, 616 MB, 1.00 load
[runlim] sample:		4237.71 time, 4240.01 real, 616 MB, 1.00 load
[runlim] sample:		4247.70 time, 4250.01 real, 616 MB, 1.00 load
[runlim] sample:		4257.70 time, 4260.01 real, 616 MB, 1.00 load
[runlim] sample:		4267.69 time, 4270.01 real, 616 MB, 1.00 load
[runlim] sample:		4277.68 time, 4280.01 real, 608 MB, 1.00 load
[runlim] sample:		4287.68 time, 4290.01 real, 608 MB, 1.00 load
[runlim] sample:		4297.67 time, 4300.01 real, 608 MB, 1.00 load
[runlim] sample:		4307.67 time, 4310.01 real, 608 MB, 1.00 load
[runlim] sample:		4317.66 time, 4320.01 real, 608 MB, 1.00 load
[runlim] sample:		4327.66 time, 4330.01 real, 608 MB, 1.00 load
[runlim] sample:		4337.66 time, 4340.01 real, 609 MB, 1.00 load
[runlim] sample:		4347.65 time, 4350.01 real, 609 MB, 1.00 load
[runlim] sample:		4357.65 time, 4360.01 real, 609 MB, 1.00 load
[runlim] sample:		4367.64 time, 4370.01 real, 609 MB, 1.00 load
[runlim] sample:		4377.63 time, 4380.01 real, 609 MB, 1.00 load
[runlim] sample:		4387.63 time, 4390.01 real, 609 MB, 1.00 load
[runlim] sample:		4397.63 time, 4400.01 real, 628 MB, 1.00 load
[runlim] sample:		4407.62 time, 4410.01 real, 628 MB, 1.15 load
[runlim] sample:		4417.62 time, 4420.01 real, 628 MB, 1.13 load
[runlim] sample:		4427.61 time, 4430.01 real, 628 MB, 1.11 load
[runlim] sample:		4437.61 time, 4440.01 real, 628 MB, 1.09 load
[runlim] sample:		4447.60 time, 4450.01 real, 628 MB, 1.08 load
[runlim] sample:		4457.60 time, 4460.01 real, 623 MB, 1.06 load
[runlim] sample:		4467.60 time, 4470.01 real, 623 MB, 1.14 load
[runlim] sample:		4477.59 time, 4480.01 real, 623 MB, 1.11 load
[runlim] sample:		4487.59 time, 4490.01 real, 623 MB, 1.10 load
[runlim] sample:		4497.58 time, 4500.01 real, 623 MB, 1.08 load
[runlim] sample:		4507.58 time, 4510.01 real, 623 MB, 1.07 load
[runlim] sample:		4517.58 time, 4520.01 real, 623 MB, 1.06 load
[runlim] sample:		4527.57 time, 4530.01 real, 623 MB, 1.05 load
[runlim] sample:		4537.57 time, 4540.01 real, 623 MB, 1.04 load
[runlim] sample:		4547.55 time, 4550.01 real, 625 MB, 1.03 load
[runlim] sample:		4557.55 time, 4560.01 real, 625 MB, 1.03 load
[runlim] sample:		4567.54 time, 4570.01 real, 625 MB, 1.02 load
[runlim] sample:		4577.54 time, 4580.01 real, 625 MB, 1.02 load
[runlim] sample:		4587.54 time, 4590.01 real, 625 MB, 1.02 load
SAT

=> TOTAL COMPLETION TIME (Makespan / UB): 532
Schedule is valid
 Time taken: 4591.30 seconds
[runlim] sample:		4597.53 time, 4600.01 real, 625 MB, 1.01 load
[runlim] sample:		4607.53 time, 4610.01 real, 627 MB, 1.01 load
[runlim] sample:		4617.52 time, 4620.01 real, 627 MB, 1.01 load
[runlim] sample:		4627.51 time, 4630.01 real, 627 MB, 1.15 load
[runlim] sample:		4637.51 time, 4640.01 real, 627 MB, 1.13 load
[runlim] sample:		4647.50 time, 4650.01 real, 627 MB, 1.11 load
[runlim] sample:		4657.50 time, 4660.01 real, 627 MB, 1.09 load
[runlim] sample:		4667.50 time, 4670.01 real, 616 MB, 1.08 load
[runlim] sample:		4677.49 time, 4680.01 real, 616 MB, 1.06 load
[runlim] sample:		4687.48 time, 4690.01 real, 616 MB, 1.05 load
[runlim] sample:		4697.48 time, 4700.01 real, 616 MB, 1.05 load
[runlim] sample:		4707.48 time, 4710.01 real, 616 MB, 1.04 load
[runlim] sample:		4717.47 time, 4720.01 real, 616 MB, 1.03 load
[runlim] sample:		4727.47 time, 4730.01 real, 615 MB, 1.03 load
[runlim] sample:		4737.46 time, 4740.01 real, 615 MB, 1.02 load
[runlim] sample:		4747.46 time, 4750.01 real, 615 MB, 1.02 load
[runlim] sample:		4757.45 time, 4760.01 real, 615 MB, 1.02 load
[runlim] sample:		4767.45 time, 4770.01 real, 615 MB, 1.01 load
[runlim] sample:		4777.44 time, 4780.01 real, 609 MB, 1.01 load
[runlim] sample:		4787.43 time, 4790.01 real, 609 MB, 1.01 load
[runlim] sample:		4797.43 time, 4800.01 real, 609 MB, 1.01 load
[runlim] sample:		4807.42 time, 4810.01 real, 609 MB, 1.00 load
[runlim] sample:		4817.42 time, 4820.01 real, 609 MB, 1.00 load
[runlim] sample:		4827.42 time, 4830.01 real, 617 MB, 1.00 load
[runlim] sample:		4837.41 time, 4840.01 real, 617 MB, 1.00 load
[runlim] sample:		4847.41 time, 4850.01 real, 617 MB, 1.00 load
[runlim] sample:		4857.40 time, 4860.01 real, 617 MB, 1.00 load
SAT

=> TOTAL COMPLETION TIME (Makespan / UB): 531
Schedule is valid
 Time taken: 4860.29 seconds
[runlim] sample:		4867.40 time, 4870.01 real, 617 MB, 1.00 load
[runlim] sample:		4877.40 time, 4880.01 real, 628 MB, 1.00 load
[runlim] sample:		4887.39 time, 4890.01 real, 628 MB, 1.08 load
[runlim] sample:		4897.39 time, 4900.01 real, 628 MB, 1.07 load
[runlim] sample:		4907.38 time, 4910.01 real, 628 MB, 1.21 load
[runlim] sample:		4917.38 time, 4920.01 real, 628 MB, 1.18 load
[runlim] sample:		4927.37 time, 4930.01 real, 628 MB, 1.15 load
[runlim] sample:		4937.37 time, 4940.01 real, 616 MB, 1.13 load
[runlim] sample:		4947.37 time, 4950.01 real, 616 MB, 1.25 load
[runlim] sample:		4957.36 time, 4960.01 real, 616 MB, 1.22 load
[runlim] sample:		4967.36 time, 4970.01 real, 616 MB, 1.18 load
[runlim] sample:		4977.35 time, 4980.01 real, 616 MB, 1.15 load
[runlim] sample:		4987.35 time, 4990.01 real, 616 MB, 1.13 load
[runlim] sample:		4997.34 time, 5000.01 real, 622 MB, 1.18 load
[runlim] sample:		5007.34 time, 5010.01 real, 622 MB, 1.15 load
[runlim] sample:		5017.33 time, 5020.01 real, 622 MB, 1.13 load
[runlim] sample:		5027.33 time, 5030.01 real, 622 MB, 1.11 load
[runlim] sample:		5037.32 time, 5040.01 real, 622 MB, 1.09 load
[runlim] sample:		5047.32 time, 5050.01 real, 622 MB, 1.08 load
[runlim] sample:		5057.31 time, 5060.01 real, 611 MB, 1.07 load
[runlim] sample:		5067.31 time, 5070.01 real, 611 MB, 1.06 load
[runlim] sample:		5077.30 time, 5080.01 real, 611 MB, 1.05 load
[runlim] sample:		5087.30 time, 5090.01 real, 611 MB, 1.04 load
[runlim] sample:		5097.30 time, 5100.01 real, 611 MB, 1.03 load
[runlim] sample:		5107.29 time, 5110.01 real, 611 MB, 1.03 load
[runlim] sample:		5117.29 time, 5120.01 real, 624 MB, 1.02 load
[runlim] sample:		5127.28 time, 5130.01 real, 624 MB, 1.02 load
[runlim] sample:		5137.28 time, 5140.01 real, 624 MB, 1.02 load
[runlim] sample:		5147.27 time, 5150.01 real, 624 MB, 1.01 load
[runlim] sample:		5157.27 time, 5160.01 real, 624 MB, 1.01 load
[runlim] sample:		5167.26 time, 5170.01 real, 624 MB, 1.01 load
[runlim] sample:		5177.25 time, 5180.01 real, 633 MB, 1.01 load
[runlim] sample:		5187.25 time, 5190.01 real, 633 MB, 1.00 load
[runlim] sample:		5197.24 time, 5200.01 real, 633 MB, 1.00 load
[runlim] sample:		5207.24 time, 5210.01 real, 633 MB, 1.00 load
[runlim] sample:		5217.23 time, 5220.01 real, 633 MB, 1.00 load
[runlim] sample:		5227.23 time, 5230.01 real, 633 MB, 1.00 load
[runlim] sample:		5237.22 time, 5240.01 real, 633 MB, 1.00 load
[runlim] sample:		5247.22 time, 5250.01 real, 633 MB, 1.00 load
[runlim] sample:		5257.22 time, 5260.01 real, 645 MB, 1.00 load
[runlim] sample:		5267.21 time, 5270.01 real, 645 MB, 1.00 load
[runlim] sample:		5277.21 time, 5280.01 real, 645 MB, 1.00 load
[runlim] sample:		5287.20 time, 5290.01 real, 645 MB, 1.00 load
SAT

=> TOTAL COMPLETION TIME (Makespan / UB): 530
Schedule is valid
 Time taken: 5291.66 seconds
[runlim] sample:		5297.19 time, 5300.01 real, 645 MB, 1.00 load
[runlim] sample:		5307.19 time, 5310.01 real, 645 MB, 1.00 load
[runlim] sample:		5317.19 time, 5320.01 real, 639 MB, 1.00 load
[runlim] sample:		5327.18 time, 5330.01 real, 639 MB, 1.00 load
[runlim] sample:		5337.18 time, 5340.01 real, 639 MB, 1.00 load
[runlim] sample:		5347.17 time, 5350.01 real, 639 MB, 1.00 load
[runlim] sample:		5357.17 time, 5360.01 real, 639 MB, 1.00 load
[runlim] sample:		5367.16 time, 5370.01 real, 617 MB, 1.00 load
[runlim] sample:		5377.16 time, 5380.01 real, 617 MB, 1.00 load
[runlim] sample:		5387.15 time, 5390.01 real, 617 MB, 1.00 load
[runlim] sample:		5397.15 time, 5400.01 real, 617 MB, 1.00 load
[runlim] sample:		5407.14 time, 5410.01 real, 617 MB, 1.15 load
[runlim] sample:		5417.14 time, 5420.01 real, 617 MB, 1.21 load
[runlim] sample:		5427.14 time, 5430.01 real, 616 MB, 1.18 load
[runlim] sample:		5437.13 time, 5440.01 real, 616 MB, 1.15 load
[runlim] sample:		5447.13 time, 5450.01 real, 616 MB, 1.13 load
[runlim] sample:		5457.12 time, 5460.01 real, 616 MB, 1.11 load
[runlim] sample:		5467.12 time, 5470.01 real, 616 MB, 1.09 load
[runlim] sample:		5477.11 time, 5480.01 real, 616 MB, 1.08 load
[runlim] sample:		5487.11 time, 5490.01 real, 616 MB, 1.06 load
[runlim] sample:		5497.10 time, 5500.01 real, 613 MB, 1.05 load
[runlim] sample:		5507.10 time, 5510.01 real, 613 MB, 1.04 load
[runlim] sample:		5517.09 time, 5520.01 real, 613 MB, 1.04 load
[runlim] sample:		5527.09 time, 5530.01 real, 613 MB, 1.03 load
[runlim] sample:		5537.08 time, 5540.01 real, 613 MB, 1.03 load
[runlim] sample:		5547.08 time, 5550.01 real, 613 MB, 1.02 load
[runlim] sample:		5557.06 time, 5560.01 real, 631 MB, 1.02 load
[runlim] sample:		5567.06 time, 5570.01 real, 631 MB, 1.01 load
[runlim] sample:		5577.05 time, 5580.01 real, 631 MB, 1.01 load
SAT

=> TOTAL COMPLETION TIME (Makespan / UB): 529
Schedule is valid
 Time taken: 5582.34 seconds
[runlim] sample:		5587.05 time, 5590.01 real, 631 MB, 1.01 load
[runlim] sample:		5597.04 time, 5600.01 real, 631 MB, 1.01 load
[runlim] sample:		5607.04 time, 5610.01 real, 763 MB, 1.01 load
[runlim] sample:		5617.03 time, 5620.01 real, 638 MB, 1.00 load
[runlim] sample:		5627.03 time, 5630.01 real, 638 MB, 1.00 load
[runlim] sample:		5637.03 time, 5640.01 real, 638 MB, 1.00 load
[runlim] sample:		5647.02 time, 5650.01 real, 638 MB, 1.00 load
[runlim] sample:		5657.02 time, 5660.01 real, 638 MB, 1.00 load
[runlim] sample:		5667.01 time, 5670.01 real, 638 MB, 1.07 load
[runlim] sample:		5677.01 time, 5680.01 real, 621 MB, 1.06 load
[runlim] sample:		5687.00 time, 5690.01 real, 621 MB, 1.05 load
[runlim] sample:		5697.00 time, 5700.01 real, 621 MB, 1.04 load
[runlim] sample:		5706.99 time, 5710.01 real, 621 MB, 1.04 load
[runlim] sample:		5716.99 time, 5720.01 real, 621 MB, 1.03 load
[runlim] sample:		5726.98 time, 5730.01 real, 621 MB, 1.02 load
[runlim] sample:		5736.98 time, 5740.01 real, 621 MB, 1.02 load
[runlim] sample:		5746.97 time, 5750.01 real, 619 MB, 1.02 load
[runlim] sample:		5756.96 time, 5760.01 real, 619 MB, 1.01 load
[runlim] sample:		5766.96 time, 5770.01 real, 619 MB, 1.01 load
[runlim] sample:		5776.95 time, 5780.01 real, 619 MB, 1.01 load
[runlim] sample:		5786.95 time, 5790.01 real, 619 MB, 1.01 load
[runlim] sample:		5796.94 time, 5800.01 real, 619 MB, 1.01 load
[runlim] sample:		5806.94 time, 5810.01 real, 619 MB, 1.00 load
[runlim] sample:		5816.93 time, 5820.01 real, 616 MB, 1.00 load
[runlim] sample:		5826.92 time, 5830.01 real, 616 MB, 1.00 load
[runlim] sample:		5836.92 time, 5840.01 real, 616 MB, 1.00 load
[runlim] sample:		5846.91 time, 5850.01 real, 616 MB, 1.00 load
[runlim] sample:		5856.90 time, 5860.01 real, 616 MB, 1.00 load
[runlim] sample:		5866.90 time, 5870.01 real, 616 MB, 1.00 load
[runlim] sample:		5876.90 time, 5880.01 real, 622 MB, 1.00 load
[runlim] sample:		5886.89 time, 5890.01 real, 622 MB, 1.00 load
[runlim] sample:		5896.89 time, 5900.01 real, 622 MB, 1.07 load
[runlim] sample:		5906.88 time, 5910.01 real, 622 MB, 1.22 load
[runlim] sample:		5916.88 time, 5920.01 real, 622 MB, 1.18 load
[runlim] sample:		5926.87 time, 5930.01 real, 622 MB, 1.15 load
[runlim] sample:		5936.86 time, 5940.01 real, 622 MB, 1.13 load
[runlim] sample:		5946.86 time, 5950.01 real, 622 MB, 1.11 load
[runlim] sample:		5956.85 time, 5960.01 real, 637 MB, 1.09 load
[runlim] sample:		5966.84 time, 5970.01 real, 637 MB, 1.08 load
[runlim] sample:		5976.84 time, 5980.01 real, 637 MB, 1.06 load
[runlim] sample:		5986.83 time, 5990.01 real, 637 MB, 1.05 load
[runlim] sample:		5996.83 time, 6000.01 real, 637 MB, 1.05 load
[runlim] sample:		6006.82 time, 6010.01 real, 637 MB, 1.04 load
[runlim] sample:		6016.82 time, 6020.01 real, 637 MB, 1.03 load
[runlim] sample:		6026.81 time, 6030.01 real, 637 MB, 1.03 load
[runlim] sample:		6036.81 time, 6040.01 real, 637 MB, 1.02 load
[runlim] sample:		6046.80 time, 6050.01 real, 641 MB, 1.02 load
[runlim] sample:		6056.80 time, 6060.01 real, 641 MB, 1.02 load
[runlim] sample:		6066.79 time, 6070.01 real, 641 MB, 1.01 load
[runlim] sample:		6076.79 time, 6080.01 real, 641 MB, 1.01 load
[runlim] sample:		6086.78 time, 6090.01 real, 641 MB, 1.01 load
[runlim] sample:		6096.77 time, 6100.01 real, 641 MB, 1.01 load
[runlim] sample:		6106.77 time, 6110.01 real, 641 MB, 1.00 load
[runlim] sample:		6116.76 time, 6120.01 real, 641 MB, 1.00 load
[runlim] sample:		6126.76 time, 6130.01 real, 642 MB, 1.00 load
[runlim] sample:		6136.76 time, 6140.01 real, 642 MB, 1.00 load
[runlim] sample:		6146.75 time, 6150.01 real, 642 MB, 1.08 load
[runlim] sample:		6156.75 time, 6160.01 real, 642 MB, 1.06 load
[runlim] sample:		6166.75 time, 6170.01 real, 642 MB, 1.05 load
[runlim] sample:		6176.74 time, 6180.01 real, 642 MB, 1.04 load
[runlim] sample:		6186.73 time, 6190.01 real, 619 MB, 1.04 load
[runlim] sample:		6196.73 time, 6200.01 real, 619 MB, 1.03 load
[runlim] sample:		6206.72 time, 6210.01 real, 619 MB, 1.03 load
[runlim] sample:		6216.72 time, 6220.01 real, 619 MB, 1.10 load
[runlim] sample:		6226.71 time, 6230.01 real, 619 MB, 1.08 load
[runlim] sample:		6236.71 time, 6240.01 real, 619 MB, 1.07 load
[runlim] sample:		6246.70 time, 6250.01 real, 617 MB, 1.06 load
[runlim] sample:		6256.70 time, 6260.01 real, 617 MB, 1.05 load
[runlim] sample:		6266.69 time, 6270.01 real, 617 MB, 1.04 load
[runlim] sample:		6276.69 time, 6280.01 real, 617 MB, 1.03 load
[runlim] sample:		6286.68 time, 6290.01 real, 617 MB, 1.03 load
[runlim] sample:		6296.68 time, 6300.01 real, 617 MB, 1.02 load
[runlim] sample:		6306.67 time, 6310.01 real, 617 MB, 1.02 load
[runlim] sample:		6316.67 time, 6320.01 real, 617 MB, 1.02 load
[runlim] sample:		6326.66 time, 6330.01 real, 617 MB, 1.01 load
[runlim] sample:		6336.66 time, 6340.01 real, 617 MB, 1.01 load
[runlim] sample:		6346.66 time, 6350.01 real, 617 MB, 1.01 load
[runlim] sample:		6356.65 time, 6360.01 real, 617 MB, 1.01 load
[runlim] sample:		6366.65 time, 6370.01 real, 617 MB, 1.00 load
[runlim] sample:		6376.64 time, 6380.01 real, 617 MB, 1.00 load
[runlim] sample:		6386.63 time, 6390.01 real, 617 MB, 1.00 load
[runlim] sample:		6396.63 time, 6400.01 real, 617 MB, 1.00 load
[runlim] sample:		6406.62 time, 6410.01 real, 617 MB, 1.16 load
[runlim] sample:		6416.62 time, 6420.01 real, 619 MB, 1.13 load
[runlim] sample:		6426.61 time, 6430.01 real, 619 MB, 1.11 load
[runlim] sample:		6436.61 time, 6440.01 real, 619 MB, 1.09 load
[runlim] sample:		6446.60 time, 6450.01 real, 619 MB, 1.08 load
[runlim] sample:		6456.60 time, 6460.01 real, 619 MB, 1.07 load
[runlim] sample:		6466.59 time, 6470.01 real, 619 MB, 1.06 load
[runlim] sample:		6476.59 time, 6480.01 real, 619 MB, 1.05 load
[runlim] sample:		6486.58 time, 6490.01 real, 735 MB, 1.04 load
[runlim] sample:		6496.57 time, 6500.01 real, 620 MB, 1.03 load
[runlim] sample:		6506.57 time, 6510.01 real, 620 MB, 1.03 load
[runlim] sample:		6516.56 time, 6520.01 real, 620 MB, 1.02 load
[runlim] sample:		6526.56 time, 6530.01 real, 620 MB, 1.02 load
[runlim] sample:		6536.55 time, 6540.01 real, 620 MB, 1.02 load
[runlim] sample:		6546.55 time, 6550.01 real, 620 MB, 1.01 load
[runlim] sample:		6556.54 time, 6560.01 real, 620 MB, 1.01 load
[runlim] sample:		6566.54 time, 6570.01 real, 620 MB, 1.01 load
[runlim] sample:		6576.53 time, 6580.01 real, 622 MB, 1.01 load
[runlim] sample:		6586.53 time, 6590.01 real, 622 MB, 1.00 load
[runlim] sample:		6596.52 time, 6600.01 real, 622 MB, 1.00 load
[runlim] sample:		6606.52 time, 6610.01 real, 622 MB, 1.00 load
[runlim] sample:		6616.51 time, 6620.01 real, 622 MB, 1.00 load
[runlim] sample:		6626.50 time, 6630.01 real, 622 MB, 1.00 load
[runlim] sample:		6636.50 time, 6640.01 real, 622 MB, 1.00 load
[runlim] sample:		6646.49 time, 6650.01 real, 622 MB, 1.00 load
[runlim] sample:		6656.49 time, 6660.01 real, 622 MB, 1.00 load
[runlim] sample:		6666.48 time, 6670.01 real, 622 MB, 1.00 load
[runlim] sample:		6676.48 time, 6680.01 real, 622 MB, 1.00 load
[runlim] sample:		6686.47 time, 6690.01 real, 622 MB, 1.08 load
[runlim] sample:		6696.47 time, 6700.01 real, 622 MB, 1.07 load
[runlim] sample:		6706.47 time, 6710.01 real, 622 MB, 1.06 load
[runlim] sample:		6716.46 time, 6720.01 real, 622 MB, 1.05 load
[runlim] sample:		6726.46 time, 6730.01 real, 622 MB, 1.04 load
[runlim] sample:		6736.45 time, 6740.01 real, 627 MB, 1.03 load
[runlim] sample:		6746.44 time, 6750.01 real, 627 MB, 1.03 load
[runlim] sample:		6756.44 time, 6760.01 real, 627 MB, 1.02 load
[runlim] sample:		6766.43 time, 6770.01 real, 627 MB, 1.02 load
[runlim] sample:		6776.43 time, 6780.01 real, 627 MB, 1.02 load
[runlim] sample:		6786.42 time, 6790.01 real, 627 MB, 1.01 load
[runlim] sample:		6796.41 time, 6800.01 real, 627 MB, 1.01 load
[runlim] sample:		6806.41 time, 6810.01 real, 627 MB, 1.01 load
[runlim] sample:		6816.40 time, 6820.01 real, 644 MB, 1.01 load
[runlim] sample:		6826.40 time, 6830.01 real, 644 MB, 1.00 load
[runlim] sample:		6836.39 time, 6840.01 real, 644 MB, 1.00 load
[runlim] sample:		6846.38 time, 6850.01 real, 644 MB, 1.08 load
[runlim] sample:		6856.38 time, 6860.01 real, 644 MB, 1.06 load
[runlim] sample:		6866.37 time, 6870.01 real, 644 MB, 1.05 load
[runlim] sample:		6876.37 time, 6880.01 real, 644 MB, 1.12 load
[runlim] sample:		6886.36 time, 6890.01 real, 644 MB, 1.10 load
[runlim] sample:		6896.36 time, 6900.01 real, 650 MB, 1.08 load
[runlim] sample:		6906.35 time, 6910.01 real, 650 MB, 1.23 load
[runlim] sample:		6916.35 time, 6920.01 real, 650 MB, 1.19 load
[runlim] sample:		6926.34 time, 6930.01 real, 650 MB, 1.16 load
[runlim] sample:		6936.34 time, 6940.01 real, 650 MB, 1.14 load
[runlim] sample:		6946.33 time, 6950.01 real, 650 MB, 1.11 load
[runlim] sample:		6956.33 time, 6960.01 real, 650 MB, 1.10 load
[runlim] sample:		6966.32 time, 6970.01 real, 650 MB, 1.08 load
[runlim] sample:		6976.32 time, 6980.01 real, 641 MB, 1.07 load
[runlim] sample:		6986.31 time, 6990.01 real, 641 MB, 1.14 load
[runlim] sample:		6996.31 time, 7000.01 real, 641 MB, 1.12 load
[runlim] sample:		7006.30 time, 7010.01 real, 641 MB, 1.18 load
[runlim] sample:		7016.29 time, 7020.01 real, 641 MB, 1.15 load
[runlim] sample:		7026.29 time, 7030.01 real, 641 MB, 1.21 load
[runlim] sample:		7036.29 time, 7040.01 real, 641 MB, 1.17 load
[runlim] sample:		7046.28 time, 7050.01 real, 641 MB, 1.15 load
[runlim] sample:		7056.28 time, 7060.01 real, 641 MB, 1.12 load
[runlim] sample:		7066.27 time, 7070.01 real, 776 MB, 1.10 load
[runlim] sample:		7076.27 time, 7080.01 real, 640 MB, 1.09 load
[runlim] sample:		7086.26 time, 7090.01 real, 640 MB, 1.07 load
[runlim] sample:		7096.25 time, 7100.01 real, 640 MB, 1.06 load
[runlim] sample:		7106.25 time, 7110.01 real, 640 MB, 1.05 load
[runlim] sample:		7116.24 time, 7120.01 real, 640 MB, 1.04 load
[runlim] sample:		7126.24 time, 7130.01 real, 640 MB, 1.04 load
[runlim] sample:		7136.23 time, 7140.01 real, 640 MB, 1.03 load
[runlim] sample:		7146.23 time, 7150.01 real, 640 MB, 1.02 load
[runlim] sample:		7156.22 time, 7160.01 real, 643 MB, 1.02 load
[runlim] sample:		7166.21 time, 7170.01 real, 643 MB, 1.16 load
[runlim] sample:		7176.21 time, 7180.01 real, 643 MB, 1.14 load
[runlim] sample:		7186.20 time, 7190.01 real, 643 MB, 1.12 load
[runlim] sample:		7196.20 time, 7200.01 real, 643 MB, 1.10 load
[runlim] sample:		7206.19 time, 7210.01 real, 643 MB, 1.08 load
[runlim] sample:		7216.19 time, 7220.01 real, 637 MB, 1.07 load
[runlim] sample:		7226.18 time, 7230.01 real, 637 MB, 1.06 load
[runlim] sample:		7236.18 time, 7240.01 real, 637 MB, 1.05 load
[runlim] sample:		7246.17 time, 7250.01 real, 637 MB, 1.04 load
[runlim] sample:		7256.16 time, 7260.01 real, 637 MB, 1.03 load
[runlim] sample:		7266.16 time, 7270.01 real, 637 MB, 1.03 load
[runlim] sample:		7276.15 time, 7280.01 real, 637 MB, 1.02 load
[runlim] sample:		7286.15 time, 7290.01 real, 637 MB, 1.02 load
[runlim] sample:		7296.14 time, 7300.01 real, 642 MB, 1.02 load
[runlim] sample:		7306.14 time, 7310.01 real, 642 MB, 1.01 load
[runlim] sample:		7316.13 time, 7320.01 real, 642 MB, 1.01 load
[runlim] sample:		7326.13 time, 7330.01 real, 642 MB, 1.01 load
[runlim] sample:		7336.12 time, 7340.01 real, 642 MB, 1.01 load
[runlim] sample:		7346.11 time, 7350.01 real, 642 MB, 1.08 load
[runlim] sample:		7356.11 time, 7360.01 real, 642 MB, 1.07 load
[runlim] sample:		7366.10 time, 7370.01 real, 642 MB, 1.06 load
[runlim] sample:		7376.10 time, 7380.01 real, 640 MB, 1.05 load
[runlim] sample:		7386.10 time, 7390.01 real, 640 MB, 1.04 load
[runlim] sample:		7396.09 time, 7400.01 real, 640 MB, 1.03 load
[runlim] sample:		7406.09 time, 7410.01 real, 640 MB, 1.18 load
[runlim] sample:		7416.08 time, 7420.01 real, 640 MB, 1.15 load
[runlim] sample:		7426.08 time, 7430.01 real, 640 MB, 1.13 load
[runlim] sample:		7436.07 time, 7440.01 real, 640 MB, 1.11 load
[runlim] sample:		7446.07 time, 7450.01 real, 640 MB, 1.09 load
[runlim] sample:		7456.06 time, 7460.01 real, 640 MB, 1.08 load
[runlim] sample:		7466.06 time, 7470.01 real, 644 MB, 1.06 load
[runlim] sample:		7476.06 time, 7480.01 real, 644 MB, 1.05 load
[runlim] sample:		7486.05 time, 7490.01 real, 644 MB, 1.05 load
[runlim] sample:		7496.04 time, 7500.01 real, 644 MB, 1.04 load
[runlim] sample:		7506.04 time, 7510.01 real, 644 MB, 1.03 load
[runlim] sample:		7516.04 time, 7520.01 real, 644 MB, 1.03 load
[runlim] sample:		7526.03 time, 7530.01 real, 644 MB, 1.02 load
[runlim] sample:		7536.03 time, 7540.01 real, 644 MB, 1.02 load
[runlim] sample:		7546.03 time, 7550.01 real, 650 MB, 1.02 load
[runlim] sample:		7556.02 time, 7560.01 real, 650 MB, 1.01 load
[runlim] sample:		7566.02 time, 7570.01 real, 650 MB, 1.01 load
[runlim] sample:		7576.01 time, 7580.01 real, 650 MB, 1.01 load
[runlim] sample:		7586.01 time, 7590.01 real, 650 MB, 1.01 load
[runlim] sample:		7596.00 time, 7600.01 real, 650 MB, 1.00 load
[runlim] sample:		7606.00 time, 7610.01 real, 650 MB, 1.00 load
[runlim] sample:		7615.99 time, 7620.01 real, 650 MB, 1.00 load
[runlim] sample:		7625.99 time, 7630.01 real, 650 MB, 1.00 load
[runlim] sample:		7635.98 time, 7640.01 real, 651 MB, 1.08 load
[runlim] sample:		7645.98 time, 7650.01 real, 651 MB, 1.07 load
[runlim] sample:		7655.97 time, 7660.01 real, 651 MB, 1.06 load
[runlim] sample:		7665.97 time, 7670.01 real, 651 MB, 1.05 load
[runlim] sample:		7675.96 time, 7680.01 real, 651 MB, 1.04 load
[runlim] sample:		7685.96 time, 7690.01 real, 651 MB, 1.03 load
[runlim] sample:		7695.95 time, 7700.01 real, 651 MB, 1.03 load
[runlim] sample:		7705.95 time, 7710.01 real, 651 MB, 1.02 load
[runlim] sample:		7715.94 time, 7720.01 real, 651 MB, 1.02 load
[runlim] sample:		7725.94 time, 7730.01 real, 651 MB, 1.02 load
[runlim] sample:		7735.93 time, 7740.01 real, 641 MB, 1.01 load
[runlim] sample:		7745.93 time, 7750.01 real, 641 MB, 1.01 load
[runlim] sample:		7755.92 time, 7760.01 real, 641 MB, 1.01 load
[runlim] sample:		7765.92 time, 7770.01 real, 641 MB, 1.01 load
[runlim] sample:		7775.91 time, 7780.01 real, 641 MB, 1.00 load
[runlim] sample:		7785.91 time, 7790.01 real, 641 MB, 1.00 load
[runlim] sample:		7795.91 time, 7800.01 real, 641 MB, 1.00 load
[runlim] sample:		7805.90 time, 7810.01 real, 641 MB, 1.00 load
[runlim] sample:		7815.90 time, 7820.01 real, 642 MB, 1.00 load
[runlim] sample:		7825.89 time, 7830.01 real, 642 MB, 1.00 load
[runlim] sample:		7835.88 time, 7840.01 real, 642 MB, 1.00 load
[runlim] sample:		7845.88 time, 7850.01 real, 642 MB, 1.00 load
[runlim] sample:		7855.88 time, 7860.01 real, 642 MB, 1.00 load
[runlim] sample:		7865.87 time, 7870.01 real, 642 MB, 1.00 load
[runlim] sample:		7875.87 time, 7880.01 real, 642 MB, 1.00 load
[runlim] sample:		7885.86 time, 7890.01 real, 642 MB, 1.00 load
[runlim] sample:		7895.86 time, 7900.01 real, 630 MB, 1.00 load
[runlim] sample:		7905.85 time, 7910.01 real, 630 MB, 1.15 load
[runlim] sample:		7915.85 time, 7920.01 real, 630 MB, 1.13 load
[runlim] sample:		7925.84 time, 7930.01 real, 630 MB, 1.11 load
[runlim] sample:		7935.84 time, 7940.01 real, 630 MB, 1.09 load
[runlim] sample:		7945.83 time, 7950.01 real, 630 MB, 1.22 load
[runlim] sample:		7955.83 time, 7960.01 real, 630 MB, 1.19 load
[runlim] sample:		7965.82 time, 7970.01 real, 630 MB, 1.23 load
[runlim] sample:		7975.82 time, 7980.01 real, 624 MB, 1.20 load
[runlim] sample:		7985.81 time, 7990.01 real, 624 MB, 1.24 load
[runlim] sample:		7995.81 time, 8000.01 real, 624 MB, 1.20 load
[runlim] sample:		8005.80 time, 8010.01 real, 624 MB, 1.17 load
[runlim] sample:		8015.80 time, 8020.01 real, 624 MB, 1.14 load
[runlim] sample:		8025.79 time, 8030.01 real, 624 MB, 1.12 load
[runlim] sample:		8035.79 time, 8040.01 real, 624 MB, 1.10 load
[runlim] sample:		8045.78 time, 8050.01 real, 624 MB, 1.09 load
[runlim] sample:		8055.78 time, 8060.01 real, 624 MB, 1.07 load
[runlim] sample:		8065.77 time, 8070.01 real, 623 MB, 1.06 load
[runlim] sample:		8075.76 time, 8080.01 real, 623 MB, 1.05 load
[runlim] sample:		8085.76 time, 8090.01 real, 623 MB, 1.04 load
[runlim] sample:		8095.75 time, 8100.01 real, 623 MB, 1.04 load
[runlim] sample:		8105.75 time, 8110.01 real, 623 MB, 1.03 load
[runlim] sample:		8115.74 time, 8120.01 real, 623 MB, 1.02 load
[runlim] sample:		8125.74 time, 8130.01 real, 623 MB, 1.02 load
[runlim] sample:		8135.73 time, 8140.01 real, 623 MB, 1.02 load
[runlim] sample:		8145.72 time, 8150.01 real, 623 MB, 1.01 load
[runlim] sample:		8155.72 time, 8160.01 real, 625 MB, 1.01 load
[runlim] sample:		8165.71 time, 8170.01 real, 625 MB, 1.01 load
[runlim] sample:		8175.71 time, 8180.01 real, 625 MB, 1.01 load
[runlim] sample:		8185.70 time, 8190.01 real, 625 MB, 1.01 load
[runlim] sample:		8195.70 time, 8200.01 real, 625 MB, 1.00 load
[runlim] sample:		8205.69 time, 8210.01 real, 625 MB, 1.00 load
[runlim] sample:		8215.69 time, 8220.01 real, 625 MB, 1.00 load
[runlim] sample:		8225.68 time, 8230.01 real, 625 MB, 1.08 load
[runlim] sample:		8235.68 time, 8240.01 real, 625 MB, 1.06 load
[runlim] sample:		8245.67 time, 8250.01 real, 626 MB, 1.05 load
[runlim] sample:		8255.67 time, 8260.01 real, 626 MB, 1.04 load
[runlim] sample:		8265.66 time, 8270.01 real, 626 MB, 1.04 load
[runlim] sample:		8275.66 time, 8280.01 real, 626 MB, 1.03 load
[runlim] sample:		8285.65 time, 8290.01 real, 626 MB, 1.03 load
[runlim] sample:		8295.65 time, 8300.01 real, 626 MB, 1.02 load
[runlim] sample:		8305.64 time, 8310.01 real, 626 MB, 1.02 load
[runlim] sample:		8315.64 time, 8320.01 real, 626 MB, 1.01 load
[runlim] sample:		8325.64 time, 8330.01 real, 626 MB, 1.01 load
[runlim] sample:		8335.63 time, 8340.01 real, 626 MB, 1.01 load
[runlim] sample:		8345.63 time, 8350.01 real, 628 MB, 1.01 load
[runlim] sample:		8355.63 time, 8360.01 real, 628 MB, 1.01 load
[runlim] sample:		8365.62 time, 8370.01 real, 628 MB, 1.00 load
[runlim] sample:		8375.62 time, 8380.01 real, 628 MB, 1.00 load
[runlim] sample:		8385.61 time, 8390.01 real, 628 MB, 1.00 load
[runlim] sample:		8395.61 time, 8400.01 real, 628 MB, 1.00 load
[runlim] sample:		8405.60 time, 8410.01 real, 628 MB, 1.16 load
[runlim] sample:		8415.60 time, 8420.01 real, 628 MB, 1.13 load
[runlim] sample:		8425.59 time, 8430.01 real, 628 MB, 1.11 load
[runlim] sample:		8435.59 time, 8440.01 real, 628 MB, 1.09 load
[runlim] sample:		8445.58 time, 8450.01 real, 629 MB, 1.08 load
[runlim] sample:		8455.58 time, 8460.01 real, 629 MB, 1.07 load
[runlim] sample:		8465.57 time, 8470.01 real, 629 MB, 1.06 load
[runlim] sample:		8475.57 time, 8480.01 real, 629 MB, 1.05 load
[runlim] sample:		8485.56 time, 8490.01 real, 629 MB, 1.04 load
[runlim] sample:		8495.56 time, 8500.01 real, 629 MB, 1.03 load
[runlim] sample:		8505.55 time, 8510.01 real, 629 MB, 1.03 load
[runlim] sample:		8515.55 time, 8520.01 real, 629 MB, 1.02 load
[runlim] sample:		8525.54 time, 8530.01 real, 629 MB, 1.02 load
[runlim] sample:		8535.54 time, 8540.01 real, 629 MB, 1.02 load
[runlim] sample:		8545.53 time, 8550.01 real, 631 MB, 1.01 load
[runlim] sample:		8555.52 time, 8560.01 real, 631 MB, 1.01 load
[runlim] sample:		8565.51 time, 8570.01 real, 631 MB, 1.01 load
[runlim] sample:		8575.51 time, 8580.01 real, 631 MB, 1.01 load
[runlim] sample:		8585.50 time, 8590.01 real, 631 MB, 1.00 load
[runlim] sample:		8595.50 time, 8600.01 real, 631 MB, 1.00 load
[runlim] sample:		8605.49 time, 8610.01 real, 631 MB, 1.00 load
[runlim] sample:		8615.49 time, 8620.01 real, 631 MB, 1.00 load
[runlim] sample:		8625.48 time, 8630.01 real, 631 MB, 1.00 load
[runlim] sample:		8635.48 time, 8640.01 real, 631 MB, 1.00 load
[runlim] sample:		8645.48 time, 8650.01 real, 630 MB, 1.00 load
[runlim] sample:		8655.47 time, 8660.01 real, 630 MB, 1.00 load
[runlim] sample:		8665.47 time, 8670.01 real, 630 MB, 1.00 load
[runlim] sample:		8675.46 time, 8680.01 real, 630 MB, 1.00 load
[runlim] sample:		8685.46 time, 8690.01 real, 630 MB, 1.00 load
[runlim] sample:		8695.45 time, 8700.01 real, 630 MB, 1.00 load
[runlim] sample:		8705.45 time, 8710.01 real, 630 MB, 1.00 load
[runlim] sample:		8715.44 time, 8720.01 real, 630 MB, 1.00 load
[runlim] sample:		8725.44 time, 8730.01 real, 630 MB, 1.00 load
[runlim] sample:		8735.43 time, 8740.01 real, 630 MB, 1.00 load
[runlim] sample:		8745.43 time, 8750.01 real, 630 MB, 1.00 load
[runlim] sample:		8755.42 time, 8760.01 real, 632 MB, 1.00 load
[runlim] sample:		8765.41 time, 8770.01 real, 632 MB, 1.00 load
[runlim] sample:		8775.41 time, 8780.01 real, 632 MB, 1.00 load
[runlim] sample:		8785.40 time, 8790.01 real, 632 MB, 1.00 load
[runlim] sample:		8795.40 time, 8800.01 real, 632 MB, 1.00 load
[runlim] sample:		8805.39 time, 8810.01 real, 632 MB, 1.00 load
[runlim] sample:		8815.39 time, 8820.01 real, 632 MB, 1.00 load
[runlim] sample:		8825.38 time, 8830.01 real, 632 MB, 1.00 load
[runlim] sample:		8835.38 time, 8840.01 real, 632 MB, 1.00 load
[runlim] sample:		8845.37 time, 8850.01 real, 632 MB, 1.00 load
[runlim] sample:		8855.36 time, 8860.01 real, 632 MB, 1.00 load
[runlim] sample:		8865.36 time, 8870.01 real, 631 MB, 1.00 load
[runlim] sample:		8875.36 time, 8880.01 real, 631 MB, 1.00 load
[runlim] sample:		8885.36 time, 8890.01 real, 631 MB, 1.00 load
[runlim] sample:		8895.35 time, 8900.01 real, 631 MB, 1.00 load
[runlim] sample:		8905.34 time, 8910.01 real, 631 MB, 1.23 load
[runlim] sample:		8915.34 time, 8920.01 real, 631 MB, 1.27 load
[runlim] sample:		8925.33 time, 8930.01 real, 631 MB, 1.23 load
[runlim] sample:		8935.33 time, 8940.01 real, 631 MB, 1.19 load
[runlim] sample:		8945.33 time, 8950.01 real, 631 MB, 1.16 load
[runlim] sample:		8955.32 time, 8960.01 real, 631 MB, 1.14 load
[runlim] sample:		8965.31 time, 8970.01 real, 636 MB, 1.12 load
[runlim] sample:		8975.31 time, 8980.01 real, 636 MB, 1.10 load
[runlim] sample:		8985.30 time, 8990.01 real, 636 MB, 1.08 load
[runlim] sample:		8995.30 time, 9000.01 real, 636 MB, 1.07 load
[runlim] sample:		9005.29 time, 9010.01 real, 636 MB, 1.06 load
[runlim] sample:		9015.29 time, 9020.01 real, 636 MB, 1.05 load
[runlim] sample:		9025.29 time, 9030.01 real, 636 MB, 1.04 load
[runlim] sample:		9035.28 time, 9040.01 real, 636 MB, 1.03 load
[runlim] sample:		9045.28 time, 9050.01 real, 636 MB, 1.03 load
[runlim] sample:		9055.27 time, 9060.01 real, 636 MB, 1.02 load
[runlim] sample:		9065.27 time, 9070.01 real, 636 MB, 1.02 load
[runlim] sample:		9075.26 time, 9080.01 real, 634 MB, 1.02 load
[runlim] sample:		9085.25 time, 9090.01 real, 634 MB, 1.01 load
[runlim] sample:		9095.25 time, 9100.01 real, 634 MB, 1.01 load
[runlim] sample:		9105.24 time, 9110.01 real, 634 MB, 1.01 load
[runlim] sample:		9115.24 time, 9120.01 real, 634 MB, 1.01 load
[runlim] sample:		9125.23 time, 9130.01 real, 634 MB, 1.00 load
[runlim] sample:		9135.23 time, 9140.01 real, 634 MB, 1.00 load
[runlim] sample:		9145.22 time, 9150.01 real, 634 MB, 1.00 load
[runlim] sample:		9155.22 time, 9160.01 real, 634 MB, 1.00 load
[runlim] sample:		9165.21 time, 9170.01 real, 634 MB, 1.00 load
[runlim] sample:		9175.22 time, 9180.01 real, 749 MB, 1.00 load
[runlim] sample:		9185.20 time, 9190.01 real, 635 MB, 1.00 load
[runlim] sample:		9195.19 time, 9200.01 real, 635 MB, 1.00 load
[runlim] sample:		9205.19 time, 9210.01 real, 635 MB, 1.00 load
[runlim] sample:		9215.18 time, 9220.01 real, 635 MB, 1.00 load
[runlim] sample:		9225.18 time, 9230.01 real, 635 MB, 1.00 load
[runlim] sample:		9235.17 time, 9240.01 real, 635 MB, 1.00 load
[runlim] sample:		9245.17 time, 9250.01 real, 635 MB, 1.00 load
[runlim] sample:		9255.17 time, 9260.01 real, 635 MB, 1.00 load
[runlim] sample:		9265.17 time, 9270.01 real, 635 MB, 1.00 load
[runlim] sample:		9275.16 time, 9280.01 real, 635 MB, 1.00 load
[runlim] sample:		9285.16 time, 9290.01 real, 635 MB, 1.00 load
[runlim] sample:		9295.15 time, 9300.01 real, 627 MB, 1.00 load
[runlim] sample:		9305.14 time, 9310.01 real, 627 MB, 1.00 load
[runlim] sample:		9315.14 time, 9320.01 real, 627 MB, 1.00 load
[runlim] sample:		9325.13 time, 9330.01 real, 627 MB, 1.00 load
[runlim] sample:		9335.13 time, 9340.01 real, 627 MB, 1.00 load
[runlim] sample:		9345.12 time, 9350.01 real, 627 MB, 1.00 load
[runlim] sample:		9355.12 time, 9360.01 real, 627 MB, 1.00 load
[runlim] sample:		9365.11 time, 9370.01 real, 627 MB, 1.00 load
[runlim] sample:		9375.11 time, 9380.01 real, 627 MB, 1.00 load
[runlim] sample:		9385.10 time, 9390.01 real, 627 MB, 1.00 load
[runlim] sample:		9395.10 time, 9400.01 real, 627 MB, 1.00 load
[runlim] sample:		9405.09 time, 9410.01 real, 635 MB, 1.15 load
[runlim] sample:		9415.09 time, 9420.01 real, 635 MB, 1.13 load
[runlim] sample:		9425.08 time, 9430.01 real, 635 MB, 1.11 load
[runlim] sample:		9435.08 time, 9440.01 real, 635 MB, 1.09 load
[runlim] sample:		9445.07 time, 9450.01 real, 635 MB, 1.08 load
[runlim] sample:		9455.07 time, 9460.01 real, 635 MB, 1.06 load
[runlim] sample:		9465.06 time, 9470.01 real, 635 MB, 1.05 load
[runlim] sample:		9475.06 time, 9480.01 real, 635 MB, 1.05 load
[runlim] sample:		9485.05 time, 9490.01 real, 635 MB, 1.04 load
[runlim] sample:		9495.05 time, 9500.01 real, 635 MB, 1.03 load
[runlim] sample:		9505.04 time, 9510.01 real, 635 MB, 1.03 load
[runlim] sample:		9515.04 time, 9520.01 real, 636 MB, 1.02 load
[runlim] sample:		9525.03 time, 9530.01 real, 636 MB, 1.02 load
[runlim] sample:		9535.03 time, 9540.01 real, 636 MB, 1.02 load
[runlim] sample:		9545.02 time, 9550.01 real, 636 MB, 1.01 load
[runlim] sample:		9555.02 time, 9560.01 real, 636 MB, 1.01 load
[runlim] sample:		9565.01 time, 9570.01 real, 636 MB, 1.01 load
[runlim] sample:		9575.01 time, 9580.01 real, 636 MB, 1.01 load
[runlim] sample:		9585.00 time, 9590.01 real, 636 MB, 1.00 load
[runlim] sample:		9594.99 time, 9600.01 real, 636 MB, 1.00 load
[runlim] sample:		9604.99 time, 9610.01 real, 636 MB, 1.00 load
[runlim] sample:		9614.98 time, 9620.01 real, 636 MB, 1.00 load
[runlim] sample:		9624.98 time, 9630.01 real, 637 MB, 1.00 load
[runlim] sample:		9634.98 time, 9640.01 real, 637 MB, 1.00 load
[runlim] sample:		9644.97 time, 9650.01 real, 637 MB, 1.00 load
[runlim] sample:		9654.97 time, 9660.01 real, 637 MB, 1.00 load
[runlim] sample:		9664.96 time, 9670.01 real, 637 MB, 1.00 load
[runlim] sample:		9674.96 time, 9680.01 real, 637 MB, 1.00 load
[runlim] sample:		9684.95 time, 9690.01 real, 637 MB, 1.00 load
[runlim] sample:		9694.95 time, 9700.01 real, 637 MB, 1.00 load
[runlim] sample:		9704.94 time, 9710.01 real, 637 MB, 1.00 load
[runlim] sample:		9714.94 time, 9720.01 real, 637 MB, 1.00 load
[runlim] sample:		9724.93 time, 9730.01 real, 637 MB, 1.00 load
[runlim] sample:		9734.93 time, 9740.01 real, 637 MB, 1.00 load
[runlim] sample:		9744.92 time, 9750.01 real, 637 MB, 1.00 load
[runlim] sample:		9754.91 time, 9760.01 real, 636 MB, 1.00 load
[runlim] sample:		9764.91 time, 9770.01 real, 636 MB, 1.00 load
[runlim] sample:		9774.90 time, 9780.01 real, 636 MB, 1.00 load
[runlim] sample:		9784.90 time, 9790.01 real, 636 MB, 1.00 load
[runlim] sample:		9794.89 time, 9800.01 real, 636 MB, 1.00 load
[runlim] sample:		9804.88 time, 9810.01 real, 636 MB, 1.00 load
[runlim] sample:		9814.88 time, 9820.01 real, 636 MB, 1.00 load
[runlim] sample:		9824.87 time, 9830.01 real, 636 MB, 1.00 load
[runlim] sample:		9834.87 time, 9840.01 real, 636 MB, 1.00 load
[runlim] sample:		9844.86 time, 9850.01 real, 636 MB, 1.00 load
[runlim] sample:		9854.85 time, 9860.01 real, 636 MB, 1.00 load
[runlim] sample:		9864.85 time, 9870.01 real, 638 MB, 1.00 load
[runlim] sample:		9874.85 time, 9880.01 real, 638 MB, 1.00 load
[runlim] sample:		9884.84 time, 9890.01 real, 638 MB, 1.08 load
[runlim] sample:		9894.83 time, 9900.01 real, 638 MB, 1.07 load
[runlim] sample:		9904.83 time, 9910.01 real, 638 MB, 1.21 load
[runlim] sample:		9914.82 time, 9920.01 real, 638 MB, 1.18 load
[runlim] sample:		9924.82 time, 9930.01 real, 638 MB, 1.15 load
[runlim] sample:		9934.81 time, 9940.01 real, 638 MB, 1.13 load
[runlim] sample:		9944.81 time, 9950.01 real, 638 MB, 1.11 load
[runlim] sample:		9954.80 time, 9960.01 real, 638 MB, 1.09 load
[runlim] sample:		9964.79 time, 9970.01 real, 638 MB, 1.08 load
[runlim] sample:		9974.79 time, 9980.01 real, 639 MB, 1.06 load
[runlim] sample:		9984.78 time, 9990.01 real, 639 MB, 1.13 load
[runlim] sample:		9994.78 time, 10000.01 real, 639 MB, 1.11 load
[runlim] sample:		10004.77 time, 10010.01 real, 639 MB, 1.10 load
[runlim] sample:		10014.76 time, 10020.01 real, 639 MB, 1.15 load
[runlim] sample:		10024.76 time, 10030.01 real, 639 MB, 1.13 load
[runlim] sample:		10034.75 time, 10040.01 real, 639 MB, 1.11 load
[runlim] sample:		10044.75 time, 10050.01 real, 639 MB, 1.09 load
[runlim] sample:		10054.74 time, 10060.01 real, 639 MB, 1.08 load
[runlim] sample:		10064.73 time, 10070.01 real, 639 MB, 1.07 load
[runlim] sample:		10074.73 time, 10080.01 real, 639 MB, 1.06 load
[runlim] sample:		10084.72 time, 10090.01 real, 639 MB, 1.05 load
[runlim] sample:		10094.72 time, 10100.01 real, 640 MB, 1.04 load
[runlim] sample:		10104.71 time, 10110.01 real, 640 MB, 1.03 load
[runlim] sample:		10114.71 time, 10120.01 real, 640 MB, 1.03 load
[runlim] sample:		10124.70 time, 10130.01 real, 640 MB, 1.02 load
[runlim] sample:		10134.70 time, 10140.01 real, 640 MB, 1.02 load
[runlim] sample:		10144.69 time, 10150.01 real, 640 MB, 1.09 load
[runlim] sample:		10154.68 time, 10160.01 real, 640 MB, 1.08 load
[runlim] sample:		10164.68 time, 10170.01 real, 640 MB, 1.06 load
[runlim] sample:		10174.67 time, 10180.01 real, 640 MB, 1.05 load
[runlim] sample:		10184.67 time, 10190.01 real, 640 MB, 1.04 load
[runlim] sample:		10194.66 time, 10200.01 real, 640 MB, 1.04 load
[runlim] sample:		10204.66 time, 10210.01 real, 641 MB, 1.03 load
[runlim] sample:		10214.65 time, 10220.01 real, 641 MB, 1.03 load
[runlim] sample:		10224.65 time, 10230.01 real, 641 MB, 1.02 load
[runlim] sample:		10234.64 time, 10240.01 real, 641 MB, 1.02 load
[runlim] sample:		10244.63 time, 10250.01 real, 641 MB, 1.01 load
[runlim] sample:		10254.63 time, 10260.01 real, 641 MB, 1.01 load
[runlim] sample:		10264.62 time, 10270.01 real, 641 MB, 1.01 load
[runlim] sample:		10274.62 time, 10280.01 real, 641 MB, 1.01 load
[runlim] sample:		10284.61 time, 10290.01 real, 641 MB, 1.01 load
[runlim] sample:		10294.60 time, 10300.01 real, 641 MB, 1.08 load
[runlim] sample:		10304.60 time, 10310.01 real, 641 MB, 1.07 load
[runlim] sample:		10314.60 time, 10320.01 real, 641 MB, 1.06 load
[runlim] sample:		10324.59 time, 10330.01 real, 641 MB, 1.05 load
[runlim] sample:		10334.58 time, 10340.01 real, 638 MB, 1.04 load
[runlim] sample:		10344.57 time, 10350.01 real, 638 MB, 1.04 load
[runlim] sample:		10354.57 time, 10360.01 real, 638 MB, 1.03 load
[runlim] sample:		10364.56 time, 10370.01 real, 638 MB, 1.02 load
[runlim] sample:		10374.56 time, 10380.01 real, 638 MB, 1.02 load
[runlim] sample:		10384.55 time, 10390.01 real, 638 MB, 1.02 load
[runlim] sample:		10394.55 time, 10400.01 real, 638 MB, 1.01 load
[runlim] sample:		10404.54 time, 10410.01 real, 638 MB, 1.17 load
[runlim] sample:		10414.53 time, 10420.01 real, 638 MB, 1.14 load
[runlim] sample:		10424.53 time, 10430.01 real, 638 MB, 1.12 load
[runlim] sample:		10434.52 time, 10440.01 real, 638 MB, 1.10 load
[runlim] sample:		10444.52 time, 10450.01 real, 638 MB, 1.08 load
[runlim] sample:		10454.51 time, 10460.01 real, 641 MB, 1.07 load
[runlim] sample:		10464.51 time, 10470.01 real, 641 MB, 1.06 load
[runlim] sample:		10474.50 time, 10480.01 real, 641 MB, 1.05 load
[runlim] sample:		10484.50 time, 10490.01 real, 641 MB, 1.04 load
[runlim] sample:		10494.49 time, 10500.01 real, 641 MB, 1.03 load
[runlim] sample:		10504.49 time, 10510.01 real, 641 MB, 1.03 load
[runlim] sample:		10514.48 time, 10520.01 real, 641 MB, 1.02 load
[runlim] sample:		10524.47 time, 10530.01 real, 641 MB, 1.02 load
[runlim] sample:		10534.47 time, 10540.01 real, 641 MB, 1.02 load
[runlim] sample:		10544.47 time, 10550.01 real, 641 MB, 1.01 load
[runlim] sample:		10554.46 time, 10560.01 real, 641 MB, 1.01 load
[runlim] sample:		10564.46 time, 10570.01 real, 641 MB, 1.01 load
[runlim] sample:		10574.45 time, 10580.01 real, 640 MB, 1.01 load
[runlim] sample:		10584.45 time, 10590.01 real, 640 MB, 1.01 load
[runlim] sample:		10594.44 time, 10600.01 real, 640 MB, 1.00 load
[runlim] sample:		10604.43 time, 10610.01 real, 640 MB, 1.00 load
[runlim] sample:		10614.43 time, 10620.01 real, 640 MB, 1.00 load
[runlim] sample:		10624.42 time, 10630.01 real, 640 MB, 1.00 load
[runlim] sample:		10634.42 time, 10640.01 real, 640 MB, 1.00 load
[runlim] sample:		10644.41 time, 10650.01 real, 640 MB, 1.00 load
[runlim] sample:		10654.41 time, 10660.01 real, 640 MB, 1.00 load
[runlim] sample:		10664.40 time, 10670.01 real, 640 MB, 1.00 load
[runlim] sample:		10674.40 time, 10680.01 real, 645 MB, 1.00 load
[runlim] sample:		10684.40 time, 10690.01 real, 645 MB, 1.00 load
[runlim] sample:		10694.39 time, 10700.01 real, 645 MB, 1.16 load
[runlim] sample:		10704.39 time, 10710.01 real, 645 MB, 1.13 load
[runlim] sample:		10714.38 time, 10720.01 real, 645 MB, 1.11 load
[runlim] sample:		10724.38 time, 10730.01 real, 675 MB, 1.10 load
[runlim] sample:		10734.37 time, 10740.01 real, 675 MB, 1.08 load
[runlim] sample:		10744.37 time, 10750.01 real, 675 MB, 1.07 load
[runlim] sample:		10754.36 time, 10760.01 real, 675 MB, 1.06 load
[runlim] sample:		10764.36 time, 10770.01 real, 675 MB, 1.05 load
[runlim] sample:		10774.35 time, 10780.01 real, 675 MB, 1.04 load
[runlim] sample:		10784.34 time, 10790.01 real, 647 MB, 1.03 load
[runlim] sample:		10794.34 time, 10800.01 real, 647 MB, 1.03 load
[runlim] end:			Wed Jul  1 08:37:45 2026
[runlim] status:		out of time
[runlim] result:		2
[runlim] children:		1
[runlim] processes:		2
[runlim] real:			10801.06 seconds
[runlim] time:			10794.34 seconds
[runlim] space:			833 MB
[runlim] load:			1.52 maximum
[runlim] samples:		108000
