[runlim] version:		2.0.0rc12
[runlim] host:			ap-Precision-7550
[runlim] time limit:		311040000 seconds
[runlim] real time limit:	10800 seconds
[runlim] space limit:		15624 MB
[runlim] argv[0]:		python3
[runlim] argv[1]:		closure.py
[runlim] argv[2]:		datasets/dafjs/DAFJS23
[runlim] start:			Mon May 18 13:09:44 2026
[runlim] child:			17463
Operations: 76, Edges: 71, Machines: 9
Greedy Schedule UB: 659
Building constraints took 2.34 seconds.
SAT

=> TOTAL COMPLETION TIME (Makespan / UB): 658
Schedule is valid
 Time taken: 2.54 seconds
SAT

=> TOTAL COMPLETION TIME (Makespan / UB): 657
Schedule is valid
 Time taken: 2.55 seconds
SAT

=> TOTAL COMPLETION TIME (Makespan / UB): 656
Schedule is valid
 Time taken: 2.55 seconds
SAT

=> TOTAL COMPLETION TIME (Makespan / UB): 655
Schedule is valid
 Time taken: 2.56 seconds
SAT

=> TOTAL COMPLETION TIME (Makespan / UB): 654
Schedule is valid
 Time taken: 2.56 seconds
SAT

=> TOTAL COMPLETION TIME (Makespan / UB): 653
Schedule is valid
 Time taken: 2.56 seconds
SAT

=> TOTAL COMPLETION TIME (Makespan / UB): 652
Schedule is valid
 Time taken: 2.62 seconds
SAT

=> TOTAL COMPLETION TIME (Makespan / UB): 651
Schedule is valid
 Time taken: 2.63 seconds
SAT

=> TOTAL COMPLETION TIME (Makespan / UB): 650
Schedule is valid
 Time taken: 2.64 seconds
SAT

=> TOTAL COMPLETION TIME (Makespan / UB): 649
Schedule is valid
 Time taken: 2.64 seconds
SAT

=> TOTAL COMPLETION TIME (Makespan / UB): 648
Schedule is valid
 Time taken: 2.65 seconds
SAT

=> TOTAL COMPLETION TIME (Makespan / UB): 647
Schedule is valid
 Time taken: 2.66 seconds
SAT

=> TOTAL COMPLETION TIME (Makespan / UB): 646
Schedule is valid
 Time taken: 2.66 seconds
SAT

=> TOTAL COMPLETION TIME (Makespan / UB): 645
Schedule is valid
 Time taken: 2.67 seconds
SAT

=> TOTAL COMPLETION TIME (Makespan / UB): 644
Schedule is valid
 Time taken: 2.68 seconds
SAT

=> TOTAL COMPLETION TIME (Makespan / UB): 643
Schedule is valid
 Time taken: 2.96 seconds
SAT

=> TOTAL COMPLETION TIME (Makespan / UB): 642
Schedule is valid
 Time taken: 2.96 seconds
SAT

=> TOTAL COMPLETION TIME (Makespan / UB): 641
Schedule is valid
 Time taken: 2.97 seconds
SAT

=> TOTAL COMPLETION TIME (Makespan / UB): 640
Schedule is valid
 Time taken: 2.98 seconds
SAT

=> TOTAL COMPLETION TIME (Makespan / UB): 639
Schedule is valid
 Time taken: 2.98 seconds
SAT

=> TOTAL COMPLETION TIME (Makespan / UB): 638
Schedule is valid
 Time taken: 2.99 seconds
SAT

=> TOTAL COMPLETION TIME (Makespan / UB): 637
Schedule is valid
 Time taken: 2.99 seconds
SAT

=> TOTAL COMPLETION TIME (Makespan / UB): 636
Schedule is valid
 Time taken: 3.02 seconds
SAT

=> TOTAL COMPLETION TIME (Makespan / UB): 635
Schedule is valid
 Time taken: 3.02 seconds
SAT

=> TOTAL COMPLETION TIME (Makespan / UB): 634
Schedule is valid
 Time taken: 3.03 seconds
SAT

=> TOTAL COMPLETION TIME (Makespan / UB): 633
Schedule is valid
 Time taken: 3.04 seconds
SAT

=> TOTAL COMPLETION TIME (Makespan / UB): 632
Schedule is valid
 Time taken: 3.04 seconds
SAT

=> TOTAL COMPLETION TIME (Makespan / UB): 631
Schedule is valid
 Time taken: 3.05 seconds
SAT

=> TOTAL COMPLETION TIME (Makespan / UB): 630
Schedule is valid
 Time taken: 3.06 seconds
SAT

=> TOTAL COMPLETION TIME (Makespan / UB): 629
Schedule is valid
 Time taken: 3.06 seconds
SAT

=> TOTAL COMPLETION TIME (Makespan / UB): 628
Schedule is valid
 Time taken: 3.07 seconds
SAT

=> TOTAL COMPLETION TIME (Makespan / UB): 627
Schedule is valid
 Time taken: 3.08 seconds
SAT

=> TOTAL COMPLETION TIME (Makespan / UB): 626
Schedule is valid
 Time taken: 3.08 seconds
SAT

=> TOTAL COMPLETION TIME (Makespan / UB): 625
Schedule is valid
 Time taken: 3.09 seconds
SAT

=> TOTAL COMPLETION TIME (Makespan / UB): 624
Schedule is valid
 Time taken: 3.10 seconds
SAT

=> TOTAL COMPLETION TIME (Makespan / UB): 623
Schedule is valid
 Time taken: 3.10 seconds
SAT

=> TOTAL COMPLETION TIME (Makespan / UB): 622
Schedule is valid
 Time taken: 3.11 seconds
SAT

=> TOTAL COMPLETION TIME (Makespan / UB): 621
Schedule is valid
 Time taken: 3.12 seconds
SAT

=> TOTAL COMPLETION TIME (Makespan / UB): 620
Schedule is valid
 Time taken: 3.12 seconds
SAT

=> TOTAL COMPLETION TIME (Makespan / UB): 619
Schedule is valid
 Time taken: 3.13 seconds
SAT

=> TOTAL COMPLETION TIME (Makespan / UB): 618
Schedule is valid
 Time taken: 3.14 seconds
SAT

=> TOTAL COMPLETION TIME (Makespan / UB): 617
Schedule is valid
 Time taken: 3.14 seconds
SAT

=> TOTAL COMPLETION TIME (Makespan / UB): 616
Schedule is valid
 Time taken: 3.15 seconds
SAT

=> TOTAL COMPLETION TIME (Makespan / UB): 615
Schedule is valid
 Time taken: 3.16 seconds
SAT

=> TOTAL COMPLETION TIME (Makespan / UB): 614
Schedule is valid
 Time taken: 3.16 seconds
SAT

=> TOTAL COMPLETION TIME (Makespan / UB): 613
Schedule is valid
 Time taken: 3.17 seconds
SAT

=> TOTAL COMPLETION TIME (Makespan / UB): 612
Schedule is valid
 Time taken: 3.19 seconds
SAT

=> TOTAL COMPLETION TIME (Makespan / UB): 611
Schedule is valid
 Time taken: 3.23 seconds
SAT

=> TOTAL COMPLETION TIME (Makespan / UB): 610
Schedule is valid
 Time taken: 3.23 seconds
SAT

=> TOTAL COMPLETION TIME (Makespan / UB): 609
Schedule is valid
 Time taken: 3.24 seconds
SAT

=> TOTAL COMPLETION TIME (Makespan / UB): 608
Schedule is valid
 Time taken: 3.24 seconds
SAT

=> TOTAL COMPLETION TIME (Makespan / UB): 607
Schedule is valid
 Time taken: 3.25 seconds
SAT

=> TOTAL COMPLETION TIME (Makespan / UB): 606
Schedule is valid
 Time taken: 3.26 seconds
SAT

=> TOTAL COMPLETION TIME (Makespan / UB): 605
Schedule is valid
 Time taken: 3.26 seconds
SAT

=> TOTAL COMPLETION TIME (Makespan / UB): 604
Schedule is valid
 Time taken: 3.27 seconds
SAT

=> TOTAL COMPLETION TIME (Makespan / UB): 603
Schedule is valid
 Time taken: 3.27 seconds
SAT

=> TOTAL COMPLETION TIME (Makespan / UB): 602
Schedule is valid
 Time taken: 3.28 seconds
SAT

=> TOTAL COMPLETION TIME (Makespan / UB): 601
Schedule is valid
 Time taken: 3.28 seconds
SAT

=> TOTAL COMPLETION TIME (Makespan / UB): 600
Schedule is valid
 Time taken: 3.29 seconds
SAT

=> TOTAL COMPLETION TIME (Makespan / UB): 599
Schedule is valid
 Time taken: 3.29 seconds
SAT

=> TOTAL COMPLETION TIME (Makespan / UB): 598
Schedule is valid
 Time taken: 3.29 seconds
SAT

=> TOTAL COMPLETION TIME (Makespan / UB): 597
Schedule is valid
 Time taken: 3.30 seconds
SAT

=> TOTAL COMPLETION TIME (Makespan / UB): 596
Schedule is valid
 Time taken: 3.30 seconds
SAT

=> TOTAL COMPLETION TIME (Makespan / UB): 595
Schedule is valid
 Time taken: 3.31 seconds
SAT

=> TOTAL COMPLETION TIME (Makespan / UB): 594
Schedule is valid
 Time taken: 3.31 seconds
SAT

=> TOTAL COMPLETION TIME (Makespan / UB): 593
Schedule is valid
 Time taken: 3.32 seconds
SAT

=> TOTAL COMPLETION TIME (Makespan / UB): 592
Schedule is valid
 Time taken: 3.32 seconds
SAT

=> TOTAL COMPLETION TIME (Makespan / UB): 591
Schedule is valid
 Time taken: 3.86 seconds
SAT

=> TOTAL COMPLETION TIME (Makespan / UB): 590
Schedule is valid
 Time taken: 4.53 seconds
SAT

=> TOTAL COMPLETION TIME (Makespan / UB): 589
Schedule is valid
 Time taken: 4.61 seconds
SAT

=> TOTAL COMPLETION TIME (Makespan / UB): 588
Schedule is valid
 Time taken: 4.62 seconds
SAT

=> TOTAL COMPLETION TIME (Makespan / UB): 587
Schedule is valid
 Time taken: 4.62 seconds
SAT

=> TOTAL COMPLETION TIME (Makespan / UB): 586
Schedule is valid
 Time taken: 4.62 seconds
SAT

=> TOTAL COMPLETION TIME (Makespan / UB): 585
Schedule is valid
 Time taken: 4.63 seconds
SAT

=> TOTAL COMPLETION TIME (Makespan / UB): 584
Schedule is valid
 Time taken: 4.84 seconds
SAT

=> TOTAL COMPLETION TIME (Makespan / UB): 583
Schedule is valid
 Time taken: 5.14 seconds
SAT

=> TOTAL COMPLETION TIME (Makespan / UB): 582
Schedule is valid
 Time taken: 5.14 seconds
SAT

=> TOTAL COMPLETION TIME (Makespan / UB): 581
Schedule is valid
 Time taken: 5.15 seconds
SAT

=> TOTAL COMPLETION TIME (Makespan / UB): 580
Schedule is valid
 Time taken: 7.37 seconds
SAT

=> TOTAL COMPLETION TIME (Makespan / UB): 579
Schedule is valid
 Time taken: 7.42 seconds
SAT

=> TOTAL COMPLETION TIME (Makespan / UB): 578
Schedule is valid
 Time taken: 7.65 seconds
SAT

=> TOTAL COMPLETION TIME (Makespan / UB): 577
Schedule is valid
 Time taken: 8.01 seconds
SAT

=> TOTAL COMPLETION TIME (Makespan / UB): 576
Schedule is valid
 Time taken: 8.27 seconds
SAT

=> TOTAL COMPLETION TIME (Makespan / UB): 575
Schedule is valid
 Time taken: 8.28 seconds
SAT

=> TOTAL COMPLETION TIME (Makespan / UB): 574
Schedule is valid
 Time taken: 8.28 seconds
SAT

=> TOTAL COMPLETION TIME (Makespan / UB): 573[runlim] sample:		10.00 time, 10.01 real, 309 MB, 2.05 load
[runlim] sample:		19.99 time, 20.01 real, 331 MB, 1.89 load
[runlim] sample:		29.97 time, 30.01 real, 330 MB, 1.75 load
[runlim] sample:		39.96 time, 40.01 real, 294 MB, 1.64 load
[runlim] sample:		49.97 time, 50.01 real, 314 MB, 1.54 load

Schedule is valid
 Time taken: 8.96 seconds
SAT

=> TOTAL COMPLETION TIME (Makespan / UB): 572
Schedule is valid
 Time taken: 9.02 seconds
SAT

=> TOTAL COMPLETION TIME (Makespan / UB): 571
Schedule is valid
 Time taken: 9.31 seconds
SAT

=> TOTAL COMPLETION TIME (Makespan / UB): 570
Schedule is valid
 Time taken: 9.32 seconds
SAT

=> TOTAL COMPLETION TIME (Makespan / UB): 569
Schedule is valid
 Time taken: 9.52 seconds
SAT

=> TOTAL COMPLETION TIME (Makespan / UB): 568
Schedule is valid
 Time taken: 9.82 seconds
SAT

=> TOTAL COMPLETION TIME (Makespan / UB): 567
Schedule is valid
 Time taken: 9.96 seconds
SAT

=> TOTAL COMPLETION TIME (Makespan / UB): 566
Schedule is valid
 Time taken: 10.21 seconds
SAT

=> TOTAL COMPLETION TIME (Makespan / UB): 565
Schedule is valid
 Time taken: 10.34 seconds
SAT

=> TOTAL COMPLETION TIME (Makespan / UB): 564
Schedule is valid
 Time taken: 11.18 seconds
SAT

=> TOTAL COMPLETION TIME (Makespan / UB): 563
Schedule is valid
 Time taken: 11.31 seconds
SAT

=> TOTAL COMPLETION TIME (Makespan / UB): 562
Schedule is valid
 Time taken: 12.83 seconds
SAT

=> TOTAL COMPLETION TIME (Makespan / UB): 561
Schedule is valid
 Time taken: 13.01 seconds
SAT

=> TOTAL COMPLETION TIME (Makespan / UB): 560
Schedule is valid
 Time taken: 13.38 seconds
SAT

=> TOTAL COMPLETION TIME (Makespan / UB): 559
Schedule is valid
 Time taken: 13.51 seconds
SAT

=> TOTAL COMPLETION TIME (Makespan / UB): 558
Schedule is valid
 Time taken: 13.71 seconds
SAT

=> TOTAL COMPLETION TIME (Makespan / UB): 557
Schedule is valid
 Time taken: 13.86 seconds
SAT

=> TOTAL COMPLETION TIME (Makespan / UB): 556
Schedule is valid
 Time taken: 13.87 seconds
SAT

=> TOTAL COMPLETION TIME (Makespan / UB): 555
Schedule is valid
 Time taken: 13.87 seconds
SAT

=> TOTAL COMPLETION TIME (Makespan / UB): 554
Schedule is valid
 Time taken: 14.18 seconds
SAT

=> TOTAL COMPLETION TIME (Makespan / UB): 553
Schedule is valid
 Time taken: 14.18 seconds
SAT

=> TOTAL COMPLETION TIME (Makespan / UB): 552
Schedule is valid
 Time taken: 14.19 seconds
SAT

=> TOTAL COMPLETION TIME (Makespan / UB): 551
Schedule is valid
 Time taken: 14.19 seconds
SAT

=> TOTAL COMPLETION TIME (Makespan / UB): 550
Schedule is valid
 Time taken: 14.41 seconds
SAT

=> TOTAL COMPLETION TIME (Makespan / UB): 549
Schedule is valid
 Time taken: 14.76 seconds
SAT

=> TOTAL COMPLETION TIME (Makespan / UB): 548
Schedule is valid
 Time taken: 14.76 seconds
SAT

=> TOTAL COMPLETION TIME (Makespan / UB): 547
Schedule is valid
 Time taken: 15.71 seconds
SAT

=> TOTAL COMPLETION TIME (Makespan / UB): 546
Schedule is valid
 Time taken: 16.02 seconds
SAT

=> TOTAL COMPLETION TIME (Makespan / UB): 545
Schedule is valid
 Time taken: 16.23 seconds
SAT

=> TOTAL COMPLETION TIME (Makespan / UB): 544
Schedule is valid
 Time taken: 16.40 seconds
SAT

=> TOTAL COMPLETION TIME (Makespan / UB): 543
Schedule is valid
 Time taken: 16.41 seconds
SAT

=> TOTAL COMPLETION TIME (Makespan / UB): 542
Schedule is valid
 Time taken: 16.41 seconds
SAT

=> TOTAL COMPLETION TIME (Makespan / UB): 541
Schedule is valid
 Time taken: 16.82 seconds
SAT

=> TOTAL COMPLETION TIME (Makespan / UB): 540
Schedule is valid
 Time taken: 17.03 seconds
SAT

=> TOTAL COMPLETION TIME (Makespan / UB): 539
Schedule is valid
 Time taken: 17.18 seconds
SAT

=> TOTAL COMPLETION TIME (Makespan / UB): 538
Schedule is valid
 Time taken: 17.39 seconds
SAT

=> TOTAL COMPLETION TIME (Makespan / UB): 537
Schedule is valid
 Time taken: 17.40 seconds
SAT

=> TOTAL COMPLETION TIME (Makespan / UB): 536
Schedule is valid
 Time taken: 20.40 seconds
SAT

=> TOTAL COMPLETION TIME (Makespan / UB): 535
Schedule is valid
 Time taken: 21.26 seconds
SAT

=> TOTAL COMPLETION TIME (Makespan / UB): 534
Schedule is valid
 Time taken: 21.46 seconds
SAT

=> TOTAL COMPLETION TIME (Makespan / UB): 533
Schedule is valid
 Time taken: 21.68 seconds
SAT

=> TOTAL COMPLETION TIME (Makespan / UB): 532
Schedule is valid
 Time taken: 21.68 seconds
SAT

=> TOTAL COMPLETION TIME (Makespan / UB): 531
Schedule is valid
 Time taken: 21.93 seconds
SAT

=> TOTAL COMPLETION TIME (Makespan / UB): 530
Schedule is valid
 Time taken: 22.15 seconds
SAT

=> TOTAL COMPLETION TIME (Makespan / UB): 529
Schedule is valid
 Time taken: 22.49 seconds
SAT

=> TOTAL COMPLETION TIME (Makespan / UB): 528
Schedule is valid
 Time taken: 22.49 seconds
SAT

=> TOTAL COMPLETION TIME (Makespan / UB): 527
Schedule is valid
 Time taken: 22.50 seconds
SAT

=> TOTAL COMPLETION TIME (Makespan / UB): 526
Schedule is valid
 Time taken: 22.62 seconds
SAT

=> TOTAL COMPLETION TIME (Makespan / UB): 525
Schedule is valid
 Time taken: 22.94 seconds
SAT

=> TOTAL COMPLETION TIME (Makespan / UB): 524
Schedule is valid
 Time taken: 23.85 seconds
SAT

=> TOTAL COMPLETION TIME (Makespan / UB): 523
Schedule is valid
 Time taken: 24.05 seconds
SAT

=> TOTAL COMPLETION TIME (Makespan / UB): 522
Schedule is valid
 Time taken: 24.05 seconds
SAT

=> TOTAL COMPLETION TIME (Makespan / UB): 521
Schedule is valid
 Time taken: 24.06 seconds
SAT

=> TOTAL COMPLETION TIME (Makespan / UB): 520
Schedule is valid
 Time taken: 24.06 seconds
SAT

=> TOTAL COMPLETION TIME (Makespan / UB): 519
Schedule is valid
 Time taken: 24.07 seconds
SAT

=> TOTAL COMPLETION TIME (Makespan / UB): 518
Schedule is valid
 Time taken: 24.07 seconds
SAT

=> TOTAL COMPLETION TIME (Makespan / UB): 517
Schedule is valid
 Time taken: 24.08 seconds
SAT

=> TOTAL COMPLETION TIME (Makespan / UB): 516
Schedule is valid
 Time taken: 24.23 seconds
SAT

=> TOTAL COMPLETION TIME (Makespan / UB): 515
Schedule is valid
 Time taken: 25.08 seconds
SAT

=> TOTAL COMPLETION TIME (Makespan / UB): 514
Schedule is valid
 Time taken: 25.28 seconds
SAT

=> TOTAL COMPLETION TIME (Makespan / UB): 513
Schedule is valid
 Time taken: 28.43 seconds
SAT

=> TOTAL COMPLETION TIME (Makespan / UB): 512
Schedule is valid
 Time taken: 29.02 seconds
SAT

=> TOTAL COMPLETION TIME (Makespan / UB): 511
Schedule is valid
 Time taken: 29.27 seconds
SAT

=> TOTAL COMPLETION TIME (Makespan / UB): 510
Schedule is valid
 Time taken: 30.16 seconds
SAT

=> TOTAL COMPLETION TIME (Makespan / UB): 509
Schedule is valid
 Time taken: 31.57 seconds
SAT

=> TOTAL COMPLETION TIME (Makespan / UB): 508
Schedule is valid
 Time taken: 32.44 seconds
SAT

=> TOTAL COMPLETION TIME (Makespan / UB): 507
Schedule is valid
 Time taken: 33.32 seconds
SAT

=> TOTAL COMPLETION TIME (Makespan / UB): 506
Schedule is valid
 Time taken: 36.28 seconds
SAT

=> TOTAL COMPLETION TIME (Makespan / UB): 505
Schedule is valid
 Time taken: 36.54 seconds
SAT

=> TOTAL COMPLETION TIME (Makespan / UB): 504
Schedule is valid
 Time taken: 38.45 seconds
SAT

=> TOTAL COMPLETION TIME (Makespan / UB): 503
Schedule is valid
 Time taken: 38.65 seconds
SAT

=> TOTAL COMPLETION TIME (Makespan / UB): 502
Schedule is valid
 Time taken: 39.45 seconds
SAT

=> TOTAL COMPLETION TIME (Makespan / UB): 501
Schedule is valid
 Time taken: 40.41 seconds
SAT

=> TOTAL COMPLETION TIME (Makespan / UB): 500
Schedule is valid
 Time taken: 40.59 seconds
SAT

=> TOTAL COMPLETION TIME (Makespan / UB): 499
Schedule is valid
 Time taken: 40.83 seconds
SAT

=> TOTAL COMPLETION TIME (Makespan / UB): 498
Schedule is valid
 Time taken: 41.93 seconds
SAT

=> TOTAL COMPLETION TIME (Makespan / UB): 497
Schedule is valid
 Time taken: 42.20 seconds
SAT

=> TOTAL COMPLETION TIME (Makespan / UB): 496
Schedule is valid
 Time taken: 42.46 seconds
SAT

=> TOTAL COMPLETION TIME (Makespan / UB): 495
Schedule is valid
 Time taken: 42.47 seconds
SAT

=> TOTAL COMPLETION TIME (Makespan / UB): 494
Schedule is valid
 Time taken: 42.65 seconds
SAT

=> TOTAL COMPLETION TIME (Makespan / UB): 493
Schedule is valid
 Time taken: 46.30 seconds
SAT

=> TOTAL COMPLETION TIME (Makespan / UB): 492
Schedule is valid
 Time taken: 46.60 seconds
SAT

=> TOTAL COMPLETION TIME (Makespan / UB): 491
Schedule is valid
 Time taken: 47.57 seconds
SAT

=> TOTAL COMPLETION TIME (Makespan / UB): 490
Schedule is valid
 Time taken: 52.02 seconds
SAT

=> TOTAL COMPLETION TIME (Makespan / UB): 489
Schedule is valid
 Time taken: 52.96 seconds
SAT

=> TOTAL COMPLETION TIME (Makespan / UB): 488
Schedule is valid
 Time taken: 53.33 seconds[runlim] sample:		59.96 time, 60.01 real, 346 MB, 1.45 load
[runlim] sample:		69.96 time, 70.01 real, 312 MB, 1.38 load
[runlim] sample:		79.96 time, 80.01 real, 312 MB, 1.41 load
[runlim] sample:		89.95 time, 90.01 real, 349 MB, 1.34 load
[runlim] sample:		99.94 time, 100.01 real, 350 MB, 1.29 load
[runlim] sample:		109.94 time, 110.01 real, 318 MB, 1.24 load
[runlim] sample:		119.94 time, 120.01 real, 318 MB, 1.21 load
[runlim] sample:		129.93 time, 130.01 real, 289 MB, 1.17 load
[runlim] sample:		139.93 time, 140.01 real, 286 MB, 1.15 load
[runlim] sample:		149.92 time, 150.01 real, 317 MB, 1.12 load
[runlim] sample:		159.91 time, 160.01 real, 317 MB, 1.10 load
[runlim] sample:		169.91 time, 170.01 real, 317 MB, 1.09 load
[runlim] sample:		179.91 time, 180.01 real, 317 MB, 1.07 load
[runlim] sample:		189.90 time, 190.01 real, 317 MB, 1.06 load
[runlim] sample:		199.90 time, 200.01 real, 317 MB, 1.05 load
[runlim] sample:		209.89 time, 210.01 real, 329 MB, 1.04 load
[runlim] sample:		219.89 time, 220.01 real, 329 MB, 1.04 load
[runlim] sample:		229.89 time, 230.01 real, 329 MB, 1.03 load
[runlim] sample:		239.88 time, 240.01 real, 268 MB, 1.02 load
[runlim] sample:		249.87 time, 250.01 real, 269 MB, 1.10 load
[runlim] sample:		259.87 time, 260.01 real, 269 MB, 1.16 load
[runlim] sample:		269.86 time, 270.01 real, 282 MB, 1.13 load
[runlim] sample:		279.86 time, 280.01 real, 283 MB, 1.11 load
[runlim] sample:		289.86 time, 290.01 real, 282 MB, 1.10 load
[runlim] sample:		299.86 time, 300.01 real, 281 MB, 1.08 load
[runlim] sample:		309.84 time, 310.01 real, 309 MB, 1.07 load
[runlim] sample:		319.84 time, 320.01 real, 281 MB, 1.06 load
[runlim] sample:		329.84 time, 330.01 real, 315 MB, 1.05 load
[runlim] sample:		339.83 time, 340.01 real, 281 MB, 1.04 load
[runlim] sample:		349.83 time, 350.01 real, 317 MB, 1.03 load
[runlim] sample:		359.82 time, 360.01 real, 281 MB, 1.03 load
[runlim] sample:		369.81 time, 370.01 real, 318 MB, 1.10 load
[runlim] sample:		379.81 time, 380.01 real, 281 MB, 1.09 load
[runlim] sample:		389.81 time, 390.01 real, 317 MB, 1.07 load
[runlim] sample:		399.80 time, 400.01 real, 285 MB, 1.06 load
[runlim] sample:		409.80 time, 410.01 real, 324 MB, 1.05 load
[runlim] sample:		419.79 time, 420.01 real, 285 MB, 1.04 load
[runlim] sample:		429.79 time, 430.01 real, 321 MB, 1.04 load
[runlim] sample:		439.78 time, 440.01 real, 285 MB, 1.03 load
[runlim] sample:		449.78 time, 450.01 real, 285 MB, 1.02 load
[runlim] sample:		459.78 time, 460.01 real, 322 MB, 1.02 load
[runlim] sample:		469.77 time, 470.01 real, 285 MB, 1.02 load
[runlim] sample:		479.78 time, 480.01 real, 323 MB, 1.01 load
[runlim] sample:		489.77 time, 490.01 real, 323 MB, 1.01 load
[runlim] sample:		499.76 time, 500.01 real, 285 MB, 1.01 load
[runlim] sample:		509.75 time, 510.01 real, 327 MB, 1.01 load
[runlim] sample:		519.75 time, 520.01 real, 325 MB, 1.01 load
[runlim] sample:		529.75 time, 530.01 real, 285 MB, 1.00 load
[runlim] sample:		539.75 time, 540.01 real, 285 MB, 1.00 load
[runlim] sample:		549.74 time, 550.01 real, 323 MB, 1.00 load
[runlim] sample:		559.74 time, 560.01 real, 287 MB, 1.00 load
[runlim] sample:		569.73 time, 570.01 real, 282 MB, 1.00 load
[runlim] sample:		579.73 time, 580.01 real, 283 MB, 1.00 load
[runlim] sample:		589.73 time, 590.01 real, 283 MB, 1.00 load
[runlim] sample:		599.72 time, 600.01 real, 279 MB, 1.00 load
[runlim] sample:		609.72 time, 610.01 real, 279 MB, 1.00 load
[runlim] sample:		619.71 time, 620.01 real, 279 MB, 1.00 load
[runlim] sample:		629.71 time, 630.01 real, 284 MB, 1.00 load
[runlim] sample:		639.70 time, 640.01 real, 284 MB, 1.00 load
[runlim] sample:		649.70 time, 650.01 real, 285 MB, 1.00 load
[runlim] sample:		659.70 time, 660.01 real, 285 MB, 1.00 load
[runlim] sample:		669.69 time, 670.01 real, 285 MB, 1.07 load
[runlim] sample:		679.69 time, 680.01 real, 288 MB, 1.06 load
[runlim] sample:		689.69 time, 690.01 real, 288 MB, 1.05 load
[runlim] sample:		699.69 time, 700.01 real, 288 MB, 1.04 load
[runlim] sample:		709.68 time, 710.01 real, 288 MB, 1.04 load
[runlim] sample:		719.68 time, 720.01 real, 286 MB, 1.03 load
[runlim] sample:		729.67 time, 730.01 real, 286 MB, 1.02 load
[runlim] sample:		739.67 time, 740.01 real, 285 MB, 1.02 load
[runlim] sample:		749.66 time, 750.01 real, 287 MB, 1.10 load
[runlim] sample:		759.66 time, 760.01 real, 287 MB, 1.16 load
[runlim] sample:		769.65 time, 770.01 real, 288 MB, 1.13 load
[runlim] sample:		779.64 time, 780.01 real, 288 MB, 1.11 load
[runlim] sample:		789.64 time, 790.01 real, 288 MB, 1.09 load
[runlim] sample:		799.63 time, 800.01 real, 288 MB, 1.16 load
[runlim] sample:		809.63 time, 810.01 real, 285 MB, 1.13 load
[runlim] sample:		819.63 time, 820.01 real, 286 MB, 1.11 load
[runlim] sample:		829.63 time, 830.01 real, 286 MB, 1.24 load
[runlim] sample:		839.62 time, 840.01 real, 286 MB, 1.21 load
[runlim] sample:		849.61 time, 850.01 real, 286 MB, 1.17 load
[runlim] sample:		859.61 time, 860.01 real, 287 MB, 1.15 load
[runlim] sample:		869.61 time, 870.01 real, 287 MB, 1.12 load
[runlim] sample:		879.60 time, 880.01 real, 289 MB, 1.10 load
[runlim] sample:		889.59 time, 890.01 real, 290 MB, 1.09 load
[runlim] sample:		899.59 time, 900.01 real, 290 MB, 1.07 load
[runlim] sample:		909.58 time, 910.01 real, 288 MB, 1.06 load
[runlim] sample:		919.58 time, 920.01 real, 288 MB, 1.05 load
[runlim] sample:		929.56 time, 930.01 real, 288 MB, 1.04 load
[runlim] sample:		939.56 time, 940.01 real, 288 MB, 1.04 load
[runlim] sample:		949.56 time, 950.01 real, 286 MB, 1.03 load
[runlim] sample:		959.55 time, 960.01 real, 300 MB, 1.10 load
[runlim] sample:		969.55 time, 970.01 real, 290 MB, 1.23 load
[runlim] sample:		979.54 time, 980.01 real, 291 MB, 1.20 load
[runlim] sample:		989.54 time, 990.01 real, 291 MB, 1.16 load
[runlim] sample:		999.54 time, 1000.01 real, 287 MB, 1.14 load
[runlim] sample:		1009.53 time, 1010.01 real, 287 MB, 1.12 load
[runlim] sample:		1019.53 time, 1020.01 real, 288 MB, 1.10 load
[runlim] sample:		1029.52 time, 1030.01 real, 288 MB, 1.08 load
[runlim] sample:		1039.52 time, 1040.01 real, 288 MB, 1.07 load
[runlim] sample:		1049.51 time, 1050.01 real, 287 MB, 1.06 load
[runlim] sample:		1059.50 time, 1060.01 real, 287 MB, 1.05 load
[runlim] sample:		1069.50 time, 1070.01 real, 288 MB, 1.04 load
[runlim] sample:		1079.49 time, 1080.01 real, 288 MB, 1.03 load
[runlim] sample:		1089.50 time, 1090.01 real, 290 MB, 1.03 load
[runlim] sample:		1099.49 time, 1100.01 real, 288 MB, 1.02 load
[runlim] sample:		1109.49 time, 1110.01 real, 288 MB, 1.02 load
[runlim] sample:		1119.49 time, 1120.01 real, 288 MB, 1.02 load
[runlim] sample:		1129.48 time, 1130.01 real, 288 MB, 1.01 load
[runlim] sample:		1139.48 time, 1140.01 real, 288 MB, 1.01 load
[runlim] sample:		1149.47 time, 1150.01 real, 290 MB, 1.01 load
[runlim] sample:		1159.46 time, 1160.01 real, 290 MB, 1.01 load
[runlim] sample:		1169.46 time, 1170.01 real, 290 MB, 1.01 load
[runlim] sample:		1179.46 time, 1180.01 real, 290 MB, 1.00 load
[runlim] sample:		1189.45 time, 1190.01 real, 288 MB, 1.00 load
[runlim] sample:		1199.45 time, 1200.01 real, 288 MB, 1.00 load
[runlim] sample:		1209.45 time, 1210.01 real, 288 MB, 1.08 load
[runlim] sample:		1219.45 time, 1220.01 real, 288 MB, 1.07 load
[runlim] sample:		1229.44 time, 1230.01 real, 288 MB, 1.06 load
[runlim] sample:		1239.44 time, 1240.01 real, 288 MB, 1.13 load
[runlim] sample:		1249.43 time, 1250.01 real, 288 MB, 1.19 load
[runlim] sample:		1259.43 time, 1260.01 real, 290 MB, 1.23 load
[runlim] sample:		1269.43 time, 1270.01 real, 290 MB, 1.20 load
[runlim] sample:		1279.43 time, 1280.01 real, 291 MB, 1.31 load
[runlim] sample:		1289.42 time, 1290.01 real, 291 MB, 1.27 load
[runlim] sample:		1299.42 time, 1300.01 real, 291 MB, 1.22 load
[runlim] sample:		1309.41 time, 1310.01 real, 291 MB, 1.19 load
[runlim] sample:		1319.41 time, 1320.01 real, 291 MB, 1.23 load
[runlim] sample:		1329.40 time, 1330.01 real, 292 MB, 1.20 load
[runlim] sample:		1339.40 time, 1340.01 real, 292 MB, 1.17 load
[runlim] sample:		1349.41 time, 1350.01 real, 289 MB, 1.14 load
[runlim] sample:		1359.40 time, 1360.01 real, 289 MB, 1.12 load
[runlim] sample:		1369.40 time, 1370.01 real, 289 MB, 1.10 load
[runlim] sample:		1379.40 time, 1380.01 real, 289 MB, 1.08 load
[runlim] sample:		1389.39 time, 1390.01 real, 289 MB, 1.07 load
[runlim] sample:		1399.38 time, 1400.01 real, 289 MB, 1.06 load
[runlim] sample:		1409.38 time, 1410.01 real, 289 MB, 1.05 load
[runlim] sample:		1419.38 time, 1420.01 real, 289 MB, 1.04 load
[runlim] sample:		1429.37 time, 1430.01 real, 289 MB, 1.04 load
[runlim] sample:		1439.37 time, 1440.01 real, 293 MB, 1.03 load
[runlim] sample:		1449.37 time, 1450.01 real, 293 MB, 1.02 load
[runlim] sample:		1459.36 time, 1460.01 real, 294 MB, 1.02 load
[runlim] sample:		1469.36 time, 1470.01 real, 294 MB, 1.02 load
[runlim] sample:		1479.37 time, 1480.01 real, 292 MB, 1.01 load
[runlim] sample:		1489.36 time, 1490.01 real, 292 MB, 1.01 load
[runlim] sample:		1499.35 time, 1500.01 real, 296 MB, 1.01 load
[runlim] sample:		1509.35 time, 1510.01 real, 296 MB, 1.01 load
[runlim] sample:		1519.34 time, 1520.01 real, 295 MB, 1.01 load
[runlim] sample:		1529.34 time, 1530.01 real, 295 MB, 1.08 load
[runlim] sample:		1539.34 time, 1540.01 real, 295 MB, 1.07 load
[runlim] sample:		1549.33 time, 1550.01 real, 293 MB, 1.06 load
[runlim] sample:		1559.33 time, 1560.01 real, 293 MB, 1.05 load
[runlim] sample:		1569.33 time, 1570.01 real, 293 MB, 1.04 load
[runlim] sample:		1579.33 time, 1580.01 real, 293 MB, 1.04 load
[runlim] sample:		1589.33 time, 1590.01 real, 293 MB, 1.03 load
[runlim] sample:		1599.32 time, 1600.01 real, 293 MB, 1.02 load
[runlim] sample:		1609.31 time, 1610.01 real, 293 MB, 1.02 load
[runlim] sample:		1619.31 time, 1620.01 real, 298 MB, 1.02 load
[runlim] sample:		1629.30 time, 1630.01 real, 298 MB, 1.01 load
[runlim] sample:		1639.30 time, 1640.01 real, 296 MB, 1.01 load
[runlim] sample:		1649.30 time, 1650.01 real, 296 MB, 1.09 load
[runlim] sample:		1659.30 time, 1660.01 real, 296 MB, 1.08 load
[runlim] sample:		1669.29 time, 1670.01 real, 295 MB, 1.06 load
[runlim] sample:		1679.29 time, 1680.01 real, 295 MB, 1.05 load
[runlim] sample:		1689.29 time, 1690.01 real, 299 MB, 1.04 load
[runlim] sample:		1699.29 time, 1700.01 real, 299 MB, 1.04 load
[runlim] sample:		1709.29 time, 1710.01 real, 299 MB, 1.03 load
[runlim] sample:		1719.28 time, 1720.01 real, 299 MB, 1.03 load
[runlim] sample:		1729.28 time, 1730.01 real, 298 MB, 1.02 load
[runlim] sample:		1739.27 time, 1740.01 real, 298 MB, 1.02 load
[runlim] sample:		1749.27 time, 1750.01 real, 298 MB, 1.09 load
[runlim] sample:		1759.26 time, 1760.01 real, 296 MB, 1.15 load
[runlim] sample:		1769.26 time, 1770.01 real, 296 MB, 1.13 load
[runlim] sample:		1779.26 time, 1780.01 real, 296 MB, 1.11 load
[runlim] sample:		1789.26 time, 1790.01 real, 293 MB, 1.17 load
[runlim] sample:		1799.25 time, 1800.01 real, 293 MB, 1.15 load
[runlim] sample:		1809.25 time, 1810.01 real, 293 MB, 1.12 load
[runlim] sample:		1819.25 time, 1820.01 real, 293 MB, 1.10 load
[runlim] sample:		1829.24 time, 1830.01 real, 293 MB, 1.09 load
[runlim] sample:		1839.24 time, 1840.01 real, 293 MB, 1.07 load
[runlim] sample:		1849.23 time, 1850.01 real, 294 MB, 1.06 load
[runlim] sample:		1859.23 time, 1860.01 real, 294 MB, 1.05 load
[runlim] sample:		1869.22 time, 1870.01 real, 294 MB, 1.04 load
[runlim] sample:		1879.22 time, 1880.01 real, 295 MB, 1.04 load
[runlim] sample:		1889.21 time, 1890.01 real, 295 MB, 1.03 load
[runlim] sample:		1899.21 time, 1900.01 real, 295 MB, 1.02 load
[runlim] sample:		1909.21 time, 1910.01 real, 295 MB, 1.02 load
[runlim] sample:		1919.20 time, 1920.01 real, 295 MB, 1.02 load
[runlim] sample:		1929.19 time, 1930.01 real, 295 MB, 1.17 load
[runlim] sample:		1939.20 time, 1940.01 real, 293 MB, 1.53 load
[runlim] sample:		1949.19 time, 1950.01 real, 293 MB, 1.45 load
[runlim] sample:		1959.19 time, 1960.01 real, 293 MB, 1.38 load
[runlim] sample:		1969.18 time, 1970.01 real, 293 MB, 1.32 load
[runlim] sample:		1979.18 time, 1980.01 real, 294 MB, 1.27 load
[runlim] sample:		1989.18 time, 1990.01 real, 294 MB, 1.23 load
[runlim] sample:		1999.17 time, 2000.01 real, 294 MB, 1.34 load
[runlim] sample:		2009.17 time, 2010.01 real, 294 MB, 1.29 load
[runlim] sample:		2019.17 time, 2020.01 real, 296 MB, 1.24 load
[runlim] sample:		2029.16 time, 2030.01 real, 296 MB, 1.21 load
[runlim] sample:		2039.16 time, 2040.01 real, 296 MB, 1.17 load
[runlim] sample:		2049.16 time, 2050.01 real, 296 MB, 1.15 load
[runlim] sample:		2059.15 time, 2060.01 real, 296 MB, 1.12 load
[runlim] sample:		2069.15 time, 2070.01 real, 296 MB, 1.10 load
[runlim] sample:		2079.15 time, 2080.01 real, 296 MB, 1.09 load
[runlim] sample:		2089.14 time, 2090.01 real, 295 MB, 1.07 load
[runlim] sample:		2099.13 time, 2100.01 real, 295 MB, 1.06 load
[runlim] sample:		2109.13 time, 2110.01 real, 295 MB, 1.05 load
[runlim] sample:		2119.13 time, 2120.01 real, 295 MB, 1.04 load
[runlim] sample:		2129.13 time, 2130.01 real, 295 MB, 1.04 load
[runlim] sample:		2139.13 time, 2140.01 real, 295 MB, 1.03 load
[runlim] sample:		2149.12 time, 2150.01 real, 297 MB, 1.02 load
[runlim] sample:		2159.12 time, 2160.01 real, 297 MB, 1.02 load
[runlim] sample:		2169.11 time, 2170.01 real, 297 MB, 1.02 load
[runlim] sample:		2179.11 time, 2180.01 real, 295 MB, 1.16 load
[runlim] sample:		2189.10 time, 2190.01 real, 295 MB, 1.14 load
[runlim] sample:		2199.10 time, 2200.01 real, 295 MB, 1.11 load
[runlim] sample:		2209.10 time, 2210.01 real, 296 MB, 1.10 load
[runlim] sample:		2219.10 time, 2220.01 real, 296 MB, 1.08 load
[runlim] sample:		2229.09 time, 2230.01 real, 296 MB, 1.07 load
[runlim] sample:		2239.09 time, 2240.01 real, 297 MB, 1.06 load
[runlim] sample:		2249.09 time, 2250.01 real, 297 MB, 1.13 load
[runlim] sample:		2259.08 time, 2260.01 real, 302 MB, 1.26 load
[runlim] sample:		2269.07 time, 2270.01 real, 302 MB, 1.22 load
[runlim] sample:		2279.07 time, 2280.01 real, 302 MB, 1.19 load
[runlim] sample:		2289.07 time, 2290.01 real, 304 MB, 1.16 load
[runlim] sample:		2299.07 time, 2300.01 real, 304 MB, 1.13 load
[runlim] sample:		2309.06 time, 2310.01 real, 306 MB, 1.11 load
[runlim] sample:		2319.06 time, 2320.01 real, 306 MB, 1.09 load
[runlim] sample:		2329.05 time, 2330.01 real, 306 MB, 1.08 load
[runlim] sample:		2339.05 time, 2340.01 real, 294 MB, 1.07 load
[runlim] sample:		2349.05 time, 2350.01 real, 294 MB, 1.06 load
[runlim] sample:		2359.04 time, 2360.01 real, 294 MB, 1.05 load
[runlim] sample:		2369.04 time, 2370.01 real, 298 MB, 1.04 load
[runlim] sample:		2379.04 time, 2380.01 real, 298 MB, 1.03 load
[runlim] sample:		2389.03 time, 2390.01 real, 298 MB, 1.03 load
[runlim] sample:		2399.03 time, 2400.01 real, 300 MB, 1.02 load
[runlim] sample:		2409.02 time, 2410.01 real, 300 MB, 1.02 load
[runlim] sample:		2419.02 time, 2420.01 real, 300 MB, 1.09 load
[runlim] sample:		2429.02 time, 2430.01 real, 302 MB, 1.08 load
[runlim] sample:		2439.02 time, 2440.01 real, 302 MB, 1.06 load
[runlim] sample:		2449.01 time, 2450.01 real, 302 MB, 1.05 load
[runlim] sample:		2459.00 time, 2460.01 real, 305 MB, 1.12 load
[runlim] sample:		2469.00 time, 2470.01 real, 305 MB, 1.11 load
[runlim] sample:		2479.00 time, 2480.01 real, 305 MB, 1.09 load
[runlim] sample:		2489.00 time, 2490.01 real, 294 MB, 1.07 load
[runlim] sample:		2498.99 time, 2500.01 real, 294 MB, 1.06 load
[runlim] sample:		2508.99 time, 2510.01 real, 294 MB, 1.05 load
[runlim] sample:		2518.98 time, 2520.01 real, 297 MB, 1.04 load
[runlim] sample:		2528.98 time, 2530.01 real, 297 MB, 1.04 load
[runlim] sample:		2538.98 time, 2540.01 real, 299 MB, 1.03 load
[runlim] sample:		2548.97 time, 2550.01 real, 299 MB, 1.03 load
[runlim] sample:		2558.97 time, 2560.01 real, 347 MB, 1.18 load
[runlim] sample:		2568.96 time, 2570.01 real, 298 MB, 1.15 load
[runlim] sample:		2578.96 time, 2580.01 real, 298 MB, 1.13 load
[runlim] sample:		2588.96 time, 2590.01 real, 308 MB, 1.11 load
[runlim] sample:		2598.95 time, 2600.01 real, 308 MB, 1.09 load
[runlim] sample:		2608.95 time, 2610.01 real, 308 MB, 1.08 load
[runlim] sample:		2618.95 time, 2620.01 real, 301 MB, 1.06 load
[runlim] sample:		2628.94 time, 2630.01 real, 301 MB, 1.05 load
[runlim] sample:		2638.94 time, 2640.01 real, 301 MB, 1.05 load
[runlim] sample:		2648.94 time, 2650.01 real, 295 MB, 1.04 load
[runlim] sample:		2658.93 time, 2660.01 real, 295 MB, 1.03 load
[runlim] sample:		2668.93 time, 2670.01 real, 296 MB, 1.03 load
[runlim] sample:		2678.92 time, 2680.01 real, 296 MB, 1.02 load
[runlim] sample:		2688.92 time, 2690.01 real, 296 MB, 1.02 load
[runlim] sample:		2698.91 time, 2700.01 real, 296 MB, 1.02 load
[runlim] sample:		2708.91 time, 2710.01 real, 297 MB, 1.01 load
[runlim] sample:		2718.90 time, 2720.01 real, 297 MB, 1.01 load
[runlim] sample:		2728.90 time, 2730.01 real, 297 MB, 1.01 load
[runlim] sample:		2738.89 time, 2740.01 real, 297 MB, 1.15 load
[runlim] sample:		2748.89 time, 2750.01 real, 294 MB, 1.21 load
[runlim] sample:		2758.88 time, 2760.01 real, 294 MB, 1.25 load
[runlim] sample:		2768.88 time, 2770.01 real, 294 MB, 1.21 load
[runlim] sample:		2778.88 time, 2780.01 real, 295 MB, 1.18 load
[runlim] sample:		2788.87 time, 2790.01 real, 295 MB, 1.15 load
[runlim] sample:		2798.87 time, 2800.01 real, 295 MB, 1.13 load
[runlim] sample:		2808.87 time, 2810.01 real, 301 MB, 1.11 load
[runlim] sample:		2818.87 time, 2820.01 real, 301 MB, 1.09 load
[runlim] sample:		2828.86 time, 2830.01 real, 301 MB, 1.08 load
[runlim] sample:		2838.86 time, 2840.01 real, 301 MB, 1.06 load
[runlim] sample:		2848.85 time, 2850.01 real, 301 MB, 1.05 load
[runlim] sample:		2858.85 time, 2860.01 real, 301 MB, 1.05 load
[runlim] sample:		2868.85 time, 2870.01 real, 300 MB, 1.04 load
[runlim] sample:		2878.84 time, 2880.01 real, 300 MB, 1.03 load
[runlim] sample:		2888.84 time, 2890.01 real, 300 MB, 1.11 load
[runlim] sample:		2898.84 time, 2900.01 real, 300 MB, 1.09 load
[runlim] sample:		2908.83 time, 2910.01 real, 303 MB, 1.08 load
[runlim] sample:		2918.83 time, 2920.01 real, 303 MB, 1.06 load
[runlim] sample:		2928.82 time, 2930.01 real, 303 MB, 1.05 load
[runlim] sample:		2938.82 time, 2940.01 real, 302 MB, 1.04 load
[runlim] sample:		2948.82 time, 2950.01 real, 302 MB, 1.04 load
[runlim] sample:		2958.82 time, 2960.01 real, 302 MB, 1.03 load
[runlim] sample:		2968.81 time, 2970.01 real, 299 MB, 1.03 load
[runlim] sample:		2978.81 time, 2980.01 real, 299 MB, 1.02 load
[runlim] sample:		2988.81 time, 2990.01 real, 299 MB, 1.02 load
[runlim] sample:		2998.80 time, 3000.01 real, 295 MB, 1.01 load
[runlim] sample:		3008.79 time, 3010.01 real, 295 MB, 1.01 load
[runlim] sample:		3018.79 time, 3020.01 real, 295 MB, 1.01 load
[runlim] sample:		3028.78 time, 3030.01 real, 295 MB, 1.01 load
[runlim] sample:		3038.78 time, 3040.01 real, 295 MB, 1.01 load
[runlim] sample:		3048.78 time, 3050.01 real, 295 MB, 1.00 load
[runlim] sample:		3058.78 time, 3060.01 real, 295 MB, 1.00 load
[runlim] sample:		3068.77 time, 3070.01 real, 295 MB, 1.00 load
[runlim] sample:		3078.77 time, 3080.01 real, 295 MB, 1.00 load
[runlim] sample:		3088.77 time, 3090.01 real, 296 MB, 1.00 load
[runlim] sample:		3098.76 time, 3100.01 real, 296 MB, 1.00 load
[runlim] sample:		3108.76 time, 3110.01 real, 296 MB, 1.00 load
[runlim] sample:		3118.75 time, 3120.01 real, 296 MB, 1.00 load
[runlim] sample:		3128.75 time, 3130.01 real, 297 MB, 1.00 load
[runlim] sample:		3138.75 time, 3140.01 real, 297 MB, 1.00 load
[runlim] sample:		3148.74 time, 3150.01 real, 297 MB, 1.00 load
[runlim] sample:		3158.74 time, 3160.01 real, 297 MB, 1.00 load
[runlim] sample:		3168.74 time, 3170.01 real, 297 MB, 1.00 load
[runlim] sample:		3178.73 time, 3180.01 real, 298 MB, 1.00 load
[runlim] sample:		3188.72 time, 3190.01 real, 298 MB, 1.00 load
[runlim] sample:		3198.72 time, 3200.01 real, 298 MB, 1.00 load
[runlim] sample:		3208.71 time, 3210.01 real, 298 MB, 1.08 load
[runlim] sample:		3218.72 time, 3220.01 real, 298 MB, 1.07 load
[runlim] sample:		3228.72 time, 3230.01 real, 298 MB, 1.06 load
[runlim] sample:		3238.71 time, 3240.01 real, 298 MB, 1.05 load
[runlim] sample:		3248.71 time, 3250.01 real, 298 MB, 1.12 load
[runlim] sample:		3258.71 time, 3260.01 real, 298 MB, 1.17 load
[runlim] sample:		3268.70 time, 3270.01 real, 298 MB, 1.15 load
[runlim] sample:		3278.70 time, 3280.01 real, 298 MB, 1.12 load
[runlim] sample:		3288.70 time, 3290.01 real, 298 MB, 1.10 load
[runlim] sample:		3298.69 time, 3300.01 real, 299 MB, 1.09 load
[runlim] sample:		3308.69 time, 3310.01 real, 299 MB, 1.07 load
[runlim] sample:		3318.69 time, 3320.01 real, 299 MB, 1.06 load
[runlim] sample:		3328.69 time, 3330.01 real, 299 MB, 1.05 load
[runlim] sample:		3338.69 time, 3340.01 real, 299 MB, 1.04 load
[runlim] sample:		3348.68 time, 3350.01 real, 298 MB, 1.12 load
[runlim] sample:		3358.68 time, 3360.01 real, 298 MB, 1.10 load
[runlim] sample:		3368.67 time, 3370.01 real, 298 MB, 1.08 load
[runlim] sample:		3378.67 time, 3380.01 real, 298 MB, 1.07 load
[runlim] sample:		3388.66 time, 3390.01 real, 299 MB, 1.06 load
[runlim] sample:		3398.66 time, 3400.01 real, 299 MB, 1.13 load
[runlim] sample:		3408.66 time, 3410.01 real, 299 MB, 1.11 load
[runlim] sample:		3418.66 time, 3420.01 real, 299 MB, 1.09 load
[runlim] sample:		3428.65 time, 3430.01 real, 301 MB, 1.08 load
[runlim] sample:		3438.65 time, 3440.01 real, 301 MB, 1.06 load
[runlim] sample:		3448.65 time, 3450.01 real, 301 MB, 1.05 load
[runlim] sample:		3458.64 time, 3460.01 real, 301 MB, 1.05 load
[runlim] sample:		3468.64 time, 3470.01 real, 301 MB, 1.04 load
[runlim] sample:		3478.63 time, 3480.01 real, 301 MB, 1.03 load
[runlim] sample:		3488.63 time, 3490.01 real, 301 MB, 1.03 load
[runlim] sample:		3498.63 time, 3500.01 real, 303 MB, 1.17 load
[runlim] sample:		3508.62 time, 3510.01 real, 303 MB, 1.14 load
[runlim] sample:		3518.62 time, 3520.01 real, 303 MB, 1.12 load
[runlim] sample:		3528.62 time, 3530.01 real, 303 MB, 1.10 load
