[runlim] version:		2.0.0rc12
[runlim] host:			ap-Precision-7550
[runlim] time limit:		311040000 seconds
[runlim] real time limit:	10800 seconds
[runlim] space limit:		15624 MB
[runlim] argv[0]:		python3
[runlim] argv[1]:		-u
[runlim] argv[2]:		temp.py
[runlim] argv[3]:		datasets/yfjs/YFJS20
[runlim] start:			Sun May 17 17:26:30 2026
[runlim] child:			22788
Operations: 289, Edges: 272, Machines: 26
Greedy Schedule UB: 1252
[runlim] sample:		9.99 time, 10.01 real, 814 MB, 0.99 load
Building constraints took 17.89 seconds.
[runlim] sample:		19.99 time, 20.01 real, 1959 MB, 1.07 load
SAT

=> TOTAL COMPLETION TIME (Makespan / UB): 1251
Schedule is valid
 Time taken: 28.05 seconds
[runlim] sample:		29.99 time, 30.01 real, 2169 MB, 1.06 load
[runlim] sample:		39.99 time, 40.01 real, 1997 MB, 1.05 load
[runlim] sample:		49.98 time, 50.01 real, 1933 MB, 1.04 load
SAT

=> TOTAL COMPLETION TIME (Makespan / UB): 1250
Schedule is valid
 Time taken: 55.49 seconds
[runlim] sample:		59.98 time, 60.01 real, 1932 MB, 1.04 load
SAT

=> TOTAL COMPLETION TIME (Makespan / UB): 1249
Schedule is valid
 Time taken: 65.47 seconds
[runlim] sample:		69.98 time, 70.01 real, 1931 MB, 1.03 load
[runlim] sample:		79.97 time, 80.01 real, 1932 MB, 1.02 load
SAT

=> TOTAL COMPLETION TIME (Makespan / UB): 1248
Schedule is valid
 Time taken: 86.19 seconds
[runlim] sample:		89.97 time, 90.01 real, 1933 MB, 1.10 load
SAT

=> TOTAL COMPLETION TIME (Makespan / UB): 1247
Schedule is valid
 Time taken: 97.09 seconds
[runlim] sample:		99.96 time, 100.01 real, 1930 MB, 1.08 load
SAT

=> TOTAL COMPLETION TIME (Makespan / UB): 1246
Schedule is valid
 Time taken: 102.99 seconds
[runlim] sample:		109.95 time, 110.01 real, 2025 MB, 1.07 load
[runlim] sample:		119.95 time, 120.01 real, 1930 MB, 1.06 load
SAT

=> TOTAL COMPLETION TIME (Makespan / UB): 1245
Schedule is valid
 Time taken: 121.52 seconds
[runlim] sample:		129.94 time, 130.01 real, 1934 MB, 1.05 load
SAT

=> TOTAL COMPLETION TIME (Makespan / UB): 1244
Schedule is valid
 Time taken: 131.70 seconds
SAT

=> TOTAL COMPLETION TIME (Makespan / UB): 1243
Schedule is valid
 Time taken: 138.01 seconds
[runlim] sample:		139.94 time, 140.01 real, 1927 MB, 1.12 load
SAT

=> TOTAL COMPLETION TIME (Makespan / UB): 1242
Schedule is valid
 Time taken: 144.67 seconds
[runlim] sample:		149.93 time, 150.01 real, 1930 MB, 1.10 load
SAT

=> TOTAL COMPLETION TIME (Makespan / UB): 1241
Schedule is valid
 Time taken: 153.58 seconds
[runlim] sample:		159.93 time, 160.01 real, 2123 MB, 1.09 load
[runlim] sample:		169.92 time, 170.01 real, 1922 MB, 1.07 load
SAT

=> TOTAL COMPLETION TIME (Makespan / UB): 1240
Schedule is valid
 Time taken: 173.17 seconds
[runlim] sample:		179.92 time, 180.01 real, 1922 MB, 1.06 load
SAT

=> TOTAL COMPLETION TIME (Makespan / UB): 1239
Schedule is valid
 Time taken: 181.79 seconds
SAT

=> TOTAL COMPLETION TIME (Makespan / UB): 1238
Schedule is valid
 Time taken: 187.36 seconds
SAT

=> TOTAL COMPLETION TIME (Makespan / UB): 1237
Schedule is valid
 Time taken: 189.63 seconds
[runlim] sample:		189.92 time, 190.01 real, 1921 MB, 1.05 load
[runlim] sample:		199.91 time, 200.01 real, 1919 MB, 1.04 load
SAT

=> TOTAL COMPLETION TIME (Makespan / UB): 1236
Schedule is valid
 Time taken: 201.13 seconds
SAT

=> TOTAL COMPLETION TIME (Makespan / UB): 1235
Schedule is valid
 Time taken: 207.49 seconds
[runlim] sample:		209.91 time, 210.01 real, 1919 MB, 1.04 load
SAT

=> TOTAL COMPLETION TIME (Makespan / UB): 1234
Schedule is valid
 Time taken: 214.56 seconds
SAT

=> TOTAL COMPLETION TIME (Makespan / UB): 1233
Schedule is valid
 Time taken: 216.49 seconds
[runlim] sample:		219.90 time, 220.01 real, 1915 MB, 1.03 load
[runlim] sample:		229.90 time, 230.01 real, 1916 MB, 1.02 load
SAT

=> TOTAL COMPLETION TIME (Makespan / UB): 1232
Schedule is valid
 Time taken: 231.99 seconds
SAT

=> TOTAL COMPLETION TIME (Makespan / UB): 1231
Schedule is valid
 Time taken: 234.71 seconds
[runlim] sample:		239.89 time, 240.01 real, 1917 MB, 1.09 load
SAT

=> TOTAL COMPLETION TIME (Makespan / UB): 1230
Schedule is valid
 Time taken: 244.50 seconds
SAT

=> TOTAL COMPLETION TIME (Makespan / UB): 1229
Schedule is valid
 Time taken: 246.44 seconds
SAT

=> TOTAL COMPLETION TIME (Makespan / UB): 1228
Schedule is valid
 Time taken: 248.48 seconds
[runlim] sample:		249.89 time, 250.01 real, 1918 MB, 1.08 load
SAT

=> TOTAL COMPLETION TIME (Makespan / UB): 1227
Schedule is valid
 Time taken: 255.09 seconds
SAT

=> TOTAL COMPLETION TIME (Makespan / UB): 1226
Schedule is valid
 Time taken: 255.96 seconds
[runlim] sample:		259.88 time, 260.01 real, 1909 MB, 1.07 load
SAT

=> TOTAL COMPLETION TIME (Makespan / UB): 1225
Schedule is valid
 Time taken: 260.54 seconds
SAT

=> TOTAL COMPLETION TIME (Makespan / UB): 1224
Schedule is valid
 Time taken: 266.06 seconds
SAT

=> TOTAL COMPLETION TIME (Makespan / UB): 1223
Schedule is valid
 Time taken: 268.67 seconds
SAT

=> TOTAL COMPLETION TIME (Makespan / UB): 1222
Schedule is valid
 Time taken: 268.74 seconds
[runlim] sample:		269.87 time, 270.01 real, 1902 MB, 1.06 load
SAT

=> TOTAL COMPLETION TIME (Makespan / UB): 1221
Schedule is valid
 Time taken: 273.88 seconds
[runlim] sample:		279.87 time, 280.01 real, 1909 MB, 1.05 load
SAT

=> TOTAL COMPLETION TIME (Makespan / UB): 1220
Schedule is valid
 Time taken: 284.98 seconds
[runlim] sample:		289.87 time, 290.01 real, 1896 MB, 1.04 load
SAT

=> TOTAL COMPLETION TIME (Makespan / UB): 1219
Schedule is valid
 Time taken: 291.87 seconds
[runlim] sample:		299.87 time, 300.01 real, 1896 MB, 1.19 load
SAT

=> TOTAL COMPLETION TIME (Makespan / UB): 1218
Schedule is valid
 Time taken: 304.48 seconds
SAT

=> TOTAL COMPLETION TIME (Makespan / UB): 1217
Schedule is valid
 Time taken: 305.88 seconds
SAT

=> TOTAL COMPLETION TIME (Makespan / UB): 1216
Schedule is valid
 Time taken: 307.25 seconds
[runlim] sample:		309.86 time, 310.01 real, 1897 MB, 1.23 load
SAT

=> TOTAL COMPLETION TIME (Makespan / UB): 1215
Schedule is valid
 Time taken: 311.97 seconds
SAT

=> TOTAL COMPLETION TIME (Makespan / UB): 1214
Schedule is valid
 Time taken: 318.11 seconds
[runlim] sample:		319.85 time, 320.01 real, 1886 MB, 1.43 load
SAT

=> TOTAL COMPLETION TIME (Makespan / UB): 1213
Schedule is valid
 Time taken: 323.19 seconds
SAT

=> TOTAL COMPLETION TIME (Makespan / UB): 1212
Schedule is valid
 Time taken: 324.36 seconds
[runlim] sample:		329.84 time, 330.01 real, 1894 MB, 1.52 load
SAT

=> TOTAL COMPLETION TIME (Makespan / UB): 1211
Schedule is valid
 Time taken: 331.61 seconds
SAT

=> TOTAL COMPLETION TIME (Makespan / UB): 1210
Schedule is valid
 Time taken: 333.09 seconds
SAT

=> TOTAL COMPLETION TIME (Makespan / UB): 1209
Schedule is valid
 Time taken: 335.81 seconds
SAT

=> TOTAL COMPLETION TIME (Makespan / UB): 1208
Schedule is valid
 Time taken: 335.96 seconds
[runlim] sample:		339.83 time, 340.01 real, 1882 MB, 1.44 load
SAT

=> TOTAL COMPLETION TIME (Makespan / UB): 1207
Schedule is valid
 Time taken: 341.52 seconds
SAT

=> TOTAL COMPLETION TIME (Makespan / UB): 1206
Schedule is valid
 Time taken: 342.80 seconds
SAT

=> TOTAL COMPLETION TIME (Makespan / UB): 1205
Schedule is valid
 Time taken: 344.24 seconds
[runlim] sample:		349.83 time, 350.01 real, 2382 MB, 1.37 load
SAT

=> TOTAL COMPLETION TIME (Makespan / UB): 1204
Schedule is valid
 Time taken: 350.31 seconds
SAT

=> TOTAL COMPLETION TIME (Makespan / UB): 1203
Schedule is valid
 Time taken: 350.39 seconds
SAT

=> TOTAL COMPLETION TIME (Makespan / UB): 1202
Schedule is valid
 Time taken: 350.44 seconds
SAT

=> TOTAL COMPLETION TIME (Makespan / UB): 1201
Schedule is valid
 Time taken: 351.76 seconds
SAT

=> TOTAL COMPLETION TIME (Makespan / UB): 1200
Schedule is valid
 Time taken: 357.23 seconds
SAT

=> TOTAL COMPLETION TIME (Makespan / UB): 1199
Schedule is valid
 Time taken: 358.40 seconds
[runlim] sample:		359.83 time, 360.01 real, 1873 MB, 1.46 load
[runlim] sample:		369.82 time, 370.01 real, 1873 MB, 1.39 load
SAT

=> TOTAL COMPLETION TIME (Makespan / UB): 1198
Schedule is valid
 Time taken: 374.49 seconds
SAT

=> TOTAL COMPLETION TIME (Makespan / UB): 1197
Schedule is valid
 Time taken: 377.33 seconds
SAT

=> TOTAL COMPLETION TIME (Makespan / UB): 1196
Schedule is valid
 Time taken: 378.81 seconds
[runlim] sample:		379.81 time, 380.01 real, 1864 MB, 1.33 load
SAT

=> TOTAL COMPLETION TIME (Makespan / UB): 1195
Schedule is valid
 Time taken: 386.95 seconds
SAT

=> TOTAL COMPLETION TIME (Makespan / UB): 1194
Schedule is valid
 Time taken: 388.36 seconds
SAT

=> TOTAL COMPLETION TIME (Makespan / UB): 1193
Schedule is valid
 Time taken: 389.83 seconds
[runlim] sample:		389.80 time, 390.01 real, 1908 MB, 1.28 load
SAT

=> TOTAL COMPLETION TIME (Makespan / UB): 1192
Schedule is valid
 Time taken: 394.47 seconds
[runlim] sample:		399.81 time, 400.01 real, 2353 MB, 1.24 load
SAT

=> TOTAL COMPLETION TIME (Makespan / UB): 1191
Schedule is valid
 Time taken: 401.63 seconds
SAT

=> TOTAL COMPLETION TIME (Makespan / UB): 1190
Schedule is valid
 Time taken: 403.33 seconds
SAT

=> TOTAL COMPLETION TIME (Makespan / UB): 1189
Schedule is valid
 Time taken: 404.92 seconds
[runlim] sample:		409.79 time, 410.01 real, 1854 MB, 1.20 load
SAT

=> TOTAL COMPLETION TIME (Makespan / UB): 1188
Schedule is valid
 Time taken: 410.30 seconds
SAT

=> TOTAL COMPLETION TIME (Makespan / UB): 1187
Schedule is valid
 Time taken: 411.54 seconds
SAT

=> TOTAL COMPLETION TIME (Makespan / UB): 1186
Schedule is valid
 Time taken: 412.64 seconds
SAT

=> TOTAL COMPLETION TIME (Makespan / UB): 1185
Schedule is valid
 Time taken: 419.03 seconds
[runlim] sample:		419.78 time, 420.01 real, 1847 MB, 1.17 load
SAT

=> TOTAL COMPLETION TIME (Makespan / UB): 1184
Schedule is valid
 Time taken: 423.67 seconds
SAT

=> TOTAL COMPLETION TIME (Makespan / UB): 1183
Schedule is valid
 Time taken: 424.92 seconds
[runlim] sample:		429.78 time, 430.01 real, 1854 MB, 1.14 load
SAT

=> TOTAL COMPLETION TIME (Makespan / UB): 1182
Schedule is valid
 Time taken: 432.40 seconds
SAT

=> TOTAL COMPLETION TIME (Makespan / UB): 1181
Schedule is valid
 Time taken: 434.12 seconds
[runlim] sample:		439.77 time, 440.01 real, 1855 MB, 1.12 load
SAT

=> TOTAL COMPLETION TIME (Makespan / UB): 1180
Schedule is valid
 Time taken: 440.03 seconds
SAT

=> TOTAL COMPLETION TIME (Makespan / UB): 1179
Schedule is valid
 Time taken: 446.32 seconds
SAT

=> TOTAL COMPLETION TIME (Makespan / UB): 1178
Schedule is valid
 Time taken: 447.55 seconds
[runlim] sample:		449.76 time, 450.01 real, 1835 MB, 1.10 load
[runlim] sample:		459.75 time, 460.01 real, 1837 MB, 1.08 load
SAT

=> TOTAL COMPLETION TIME (Makespan / UB): 1177
Schedule is valid
 Time taken: 463.07 seconds
SAT

=> TOTAL COMPLETION TIME (Makespan / UB): 1176
Schedule is valid
 Time taken: 464.31 seconds
SAT

=> TOTAL COMPLETION TIME (Makespan / UB): 1175
Schedule is valid
 Time taken: 465.69 seconds
[runlim] sample:		469.74 time, 470.01 real, 1830 MB, 1.07 load
SAT

=> TOTAL COMPLETION TIME (Makespan / UB): 1174
Schedule is valid
 Time taken: 472.66 seconds
SAT

=> TOTAL COMPLETION TIME (Makespan / UB): 1173
Schedule is valid
 Time taken: 472.73 seconds
SAT

=> TOTAL COMPLETION TIME (Makespan / UB): 1172
Schedule is valid
 Time taken: 472.78 seconds
SAT

=> TOTAL COMPLETION TIME (Makespan / UB): 1171
Schedule is valid
 Time taken: 472.84 seconds
SAT

=> TOTAL COMPLETION TIME (Makespan / UB): 1170
Schedule is valid
 Time taken: 472.89 seconds
SAT

=> TOTAL COMPLETION TIME (Makespan / UB): 1169
Schedule is valid
 Time taken: 472.94 seconds
SAT

=> TOTAL COMPLETION TIME (Makespan / UB): 1168
Schedule is valid
 Time taken: 477.84 seconds
[runlim] sample:		479.74 time, 480.01 real, 1831 MB, 1.06 load
SAT

=> TOTAL COMPLETION TIME (Makespan / UB): 1167
Schedule is valid
 Time taken: 483.16 seconds
SAT

=> TOTAL COMPLETION TIME (Makespan / UB): 1166
Schedule is valid
 Time taken: 484.50 seconds
[runlim] sample:		489.73 time, 490.01 real, 1839 MB, 1.05 load
SAT

=> TOTAL COMPLETION TIME (Makespan / UB): 1165
Schedule is valid
 Time taken: 497.62 seconds
SAT

=> TOTAL COMPLETION TIME (Makespan / UB): 1164
Schedule is valid
 Time taken: 498.76 seconds
[runlim] sample:		499.72 time, 500.01 real, 1813 MB, 1.04 load
SAT

=> TOTAL COMPLETION TIME (Makespan / UB): 1163
Schedule is valid
 Time taken: 503.46 seconds
SAT

=> TOTAL COMPLETION TIME (Makespan / UB): 1162
Schedule is valid
 Time taken: 508.04 seconds
SAT

=> TOTAL COMPLETION TIME (Makespan / UB): 1161
Schedule is valid
 Time taken: 509.32 seconds
[runlim] sample:		509.71 time, 510.01 real, 1813 MB, 1.04 load
SAT

=> TOTAL COMPLETION TIME (Makespan / UB): 1160
Schedule is valid
 Time taken: 510.67 seconds
SAT

=> TOTAL COMPLETION TIME (Makespan / UB): 1159
Schedule is valid
 Time taken: 516.89 seconds
SAT

=> TOTAL COMPLETION TIME (Makespan / UB): 1158
Schedule is valid
 Time taken: 518.41 seconds
SAT

=> TOTAL COMPLETION TIME (Makespan / UB): 1157
Schedule is valid
 Time taken: 519.83 seconds
[runlim] sample:		519.71 time, 520.01 real, 1808 MB, 1.03 load
SAT

=> TOTAL COMPLETION TIME (Makespan / UB): 1156
Schedule is valid
 Time taken: 521.11 seconds
SAT

=> TOTAL COMPLETION TIME (Makespan / UB): 1155
Schedule is valid
 Time taken: 522.48 seconds
SAT

=> TOTAL COMPLETION TIME (Makespan / UB): 1154
Schedule is valid
 Time taken: 527.83 seconds
SAT

=> TOTAL COMPLETION TIME (Makespan / UB): 1153
Schedule is valid
 Time taken: 529.02 seconds
[runlim] sample:		529.70 time, 530.01 real, 1808 MB, 1.02 load
SAT

=> TOTAL COMPLETION TIME (Makespan / UB): 1152
Schedule is valid
 Time taken: 530.32 seconds
SAT

=> TOTAL COMPLETION TIME (Makespan / UB): 1151
Schedule is valid
 Time taken: 530.38 seconds
[runlim] sample:		539.70 time, 540.01 real, 1796 MB, 1.02 load
SAT

=> TOTAL COMPLETION TIME (Makespan / UB): 1150
Schedule is valid
 Time taken: 548.19 seconds
[runlim] sample:		549.70 time, 550.01 real, 1804 MB, 1.02 load
SAT

=> TOTAL COMPLETION TIME (Makespan / UB): 1149
Schedule is valid
 Time taken: 558.55 seconds
SAT

=> TOTAL COMPLETION TIME (Makespan / UB): 1148
Schedule is valid
 Time taken: 558.62 seconds
SAT

=> TOTAL COMPLETION TIME (Makespan / UB): 1147
Schedule is valid
 Time taken: 559.71 seconds
[runlim] sample:		559.70 time, 560.01 real, 1805 MB, 1.09 load
SAT

=> TOTAL COMPLETION TIME (Makespan / UB): 1146
Schedule is valid
 Time taken: 565.17 seconds
[runlim] sample:		569.69 time, 570.01 real, 1784 MB, 1.15 load
SAT

=> TOTAL COMPLETION TIME (Makespan / UB): 1145
Schedule is valid
 Time taken: 571.59 seconds
SAT

=> TOTAL COMPLETION TIME (Makespan / UB): 1144
Schedule is valid
 Time taken: 572.80 seconds
SAT

=> TOTAL COMPLETION TIME (Makespan / UB): 1143
Schedule is valid
 Time taken: 577.34 seconds
SAT

=> TOTAL COMPLETION TIME (Makespan / UB): 1142
Schedule is valid
 Time taken: 578.28 seconds
SAT

=> TOTAL COMPLETION TIME (Makespan / UB): 1141
Schedule is valid
 Time taken: 579.57 seconds
[runlim] sample:		579.68 time, 580.01 real, 1784 MB, 1.21 load
SAT

=> TOTAL COMPLETION TIME (Makespan / UB): 1140
Schedule is valid
 Time taken: 580.94 seconds
SAT

=> TOTAL COMPLETION TIME (Makespan / UB): 1139
Schedule is valid
 Time taken: 582.30 seconds
SAT

=> TOTAL COMPLETION TIME (Makespan / UB): 1138
Schedule is valid
 Time taken: 583.30 seconds
SAT

=> TOTAL COMPLETION TIME (Makespan / UB): 1137
Schedule is valid
 Time taken: 584.51 seconds
SAT

=> TOTAL COMPLETION TIME (Makespan / UB): 1136
Schedule is valid
 Time taken: 586.63 seconds
[runlim] sample:		589.68 time, 590.01 real, 1774 MB, 1.17 load
SAT

=> TOTAL COMPLETION TIME (Makespan / UB): 1135
Schedule is valid
 Time taken: 591.23 seconds
SAT

=> TOTAL COMPLETION TIME (Makespan / UB): 1134
Schedule is valid
 Time taken: 591.29 seconds
SAT

=> TOTAL COMPLETION TIME (Makespan / UB): 1133
Schedule is valid
 Time taken: 592.47 seconds
SAT

=> TOTAL COMPLETION TIME (Makespan / UB): 1132
Schedule is valid
 Time taken: 593.86 seconds
SAT

=> TOTAL COMPLETION TIME (Makespan / UB): 1131
Schedule is valid
 Time taken: 595.14 seconds
[runlim] sample:		599.68 time, 600.01 real, 1779 MB, 1.23 load
SAT

=> TOTAL COMPLETION TIME (Makespan / UB): 1130
Schedule is valid
 Time taken: 605.83 seconds
SAT

=> TOTAL COMPLETION TIME (Makespan / UB): 1129
Schedule is valid
 Time taken: 606.75 seconds
SAT

=> TOTAL COMPLETION TIME (Makespan / UB): 1128
Schedule is valid
 Time taken: 608.24 seconds
SAT

=> TOTAL COMPLETION TIME (Makespan / UB): 1127
Schedule is valid
 Time taken: 609.32 seconds
[runlim] sample:		609.67 time, 610.01 real, 1784 MB, 1.19 load
SAT

=> TOTAL COMPLETION TIME (Makespan / UB): 1126
Schedule is valid
 Time taken: 611.89 seconds
SAT

=> TOTAL COMPLETION TIME (Makespan / UB): 1125
Schedule is valid
 Time taken: 616.91 seconds
[runlim] sample:		619.67 time, 620.01 real, 1756 MB, 1.16 load
SAT

=> TOTAL COMPLETION TIME (Makespan / UB): 1124
Schedule is valid
 Time taken: 621.54 seconds
[runlim] sample:		629.67 time, 630.01 real, 1756 MB, 1.14 load
SAT

=> TOTAL COMPLETION TIME (Makespan / UB): 1123
Schedule is valid
 Time taken: 636.26 seconds
SAT

=> TOTAL COMPLETION TIME (Makespan / UB): 1122
Schedule is valid
 Time taken: 637.53 seconds
[runlim] sample:		639.66 time, 640.01 real, 1759 MB, 1.11 load
SAT

=> TOTAL COMPLETION TIME (Makespan / UB): 1121
Schedule is valid
 Time taken: 643.14 seconds
SAT

=> TOTAL COMPLETION TIME (Makespan / UB): 1120
Schedule is valid
 Time taken: 644.21 seconds
SAT

=> TOTAL COMPLETION TIME (Makespan / UB): 1119
Schedule is valid
 Time taken: 645.48 seconds
[runlim] sample:		649.66 time, 650.01 real, 1750 MB, 1.24 load
SAT

=> TOTAL COMPLETION TIME (Makespan / UB): 1118
Schedule is valid
 Time taken: 650.40 seconds
SAT

=> TOTAL COMPLETION TIME (Makespan / UB): 1117
Schedule is valid
 Time taken: 654.95 seconds
SAT

=> TOTAL COMPLETION TIME (Makespan / UB): 1116
Schedule is valid
 Time taken: 656.39 seconds
SAT

=> TOTAL COMPLETION TIME (Makespan / UB): 1115
Schedule is valid
 Time taken: 657.64 seconds
[runlim] sample:		659.65 time, 660.01 real, 1750 MB, 1.21 load
SAT

=> TOTAL COMPLETION TIME (Makespan / UB): 1114
Schedule is valid
 Time taken: 663.52 seconds
[runlim] sample:		669.65 time, 670.01 real, 1751 MB, 1.25 load
SAT

=> TOTAL COMPLETION TIME (Makespan / UB): 1113
Schedule is valid
 Time taken: 672.08 seconds
SAT

=> TOTAL COMPLETION TIME (Makespan / UB): 1112
Schedule is valid
 Time taken: 676.62 seconds
SAT

=> TOTAL COMPLETION TIME (Makespan / UB): 1111
Schedule is valid
 Time taken: 678.71 seconds
[runlim] sample:		679.64 time, 680.01 real, 1750 MB, 1.21 load
SAT

=> TOTAL COMPLETION TIME (Makespan / UB): 1110
Schedule is valid
 Time taken: 680.03 seconds
SAT

=> TOTAL COMPLETION TIME (Makespan / UB): 1109
Schedule is valid
 Time taken: 686.50 seconds
SAT

=> TOTAL COMPLETION TIME (Makespan / UB): 1108
Schedule is valid
 Time taken: 687.73 seconds
[runlim] sample:		689.64 time, 690.01 real, 1729 MB, 1.18 load
SAT

=> TOTAL COMPLETION TIME (Makespan / UB): 1107
Schedule is valid
 Time taken: 690.10 seconds
SAT

=> TOTAL COMPLETION TIME (Makespan / UB): 1106
Schedule is valid
 Time taken: 694.51 seconds
SAT

=> TOTAL COMPLETION TIME (Makespan / UB): 1105
Schedule is valid
 Time taken: 695.72 seconds
SAT

=> TOTAL COMPLETION TIME (Makespan / UB): 1104
Schedule is valid
 Time taken: 697.00 seconds
SAT

=> TOTAL COMPLETION TIME (Makespan / UB): 1103
Schedule is valid
 Time taken: 698.09 seconds
[runlim] sample:		699.64 time, 700.01 real, 1730 MB, 1.15 load
SAT

=> TOTAL COMPLETION TIME (Makespan / UB): 1102
Schedule is valid
 Time taken: 702.74 seconds
SAT

=> TOTAL COMPLETION TIME (Makespan / UB): 1101
Schedule is valid
 Time taken: 707.55 seconds
SAT

=> TOTAL COMPLETION TIME (Makespan / UB): 1100
Schedule is valid
 Time taken: 709.73 seconds
[runlim] sample:		709.63 time, 710.01 real, 1722 MB, 1.13 load
SAT

=> TOTAL COMPLETION TIME (Makespan / UB): 1099
Schedule is valid
 Time taken: 710.93 seconds
[runlim] sample:		719.63 time, 720.01 real, 1722 MB, 1.18 load
SAT

=> TOTAL COMPLETION TIME (Makespan / UB): 1098
Schedule is valid
 Time taken: 724.14 seconds
[runlim] sample:		729.63 time, 730.01 real, 1734 MB, 1.15 load
SAT

=> TOTAL COMPLETION TIME (Makespan / UB): 1097
Schedule is valid
 Time taken: 734.08 seconds
SAT

=> TOTAL COMPLETION TIME (Makespan / UB): 1096
Schedule is valid
 Time taken: 735.31 seconds
[runlim] sample:		739.62 time, 740.01 real, 1734 MB, 1.13 load
SAT

=> TOTAL COMPLETION TIME (Makespan / UB): 1095
Schedule is valid
 Time taken: 740.40 seconds
SAT

=> TOTAL COMPLETION TIME (Makespan / UB): 1094
Schedule is valid
 Time taken: 741.67 seconds
SAT

=> TOTAL COMPLETION TIME (Makespan / UB): 1093
Schedule is valid
 Time taken: 743.96 seconds
SAT

=> TOTAL COMPLETION TIME (Makespan / UB): 1092
Schedule is valid
 Time taken: 745.73 seconds
[runlim] sample:		749.61 time, 750.01 real, 1709 MB, 1.11 load
SAT

=> TOTAL COMPLETION TIME (Makespan / UB): 1091
Schedule is valid
 Time taken: 750.14 seconds
SAT

=> TOTAL COMPLETION TIME (Makespan / UB): 1090
Schedule is valid
 Time taken: 754.76 seconds
SAT

=> TOTAL COMPLETION TIME (Makespan / UB): 1089
Schedule is valid
 Time taken: 755.84 seconds
SAT

=> TOTAL COMPLETION TIME (Makespan / UB): 1088
Schedule is valid
 Time taken: 756.86 seconds
SAT

=> TOTAL COMPLETION TIME (Makespan / UB): 1087
Schedule is valid
 Time taken: 758.19 seconds
[runlim] sample:		759.61 time, 760.01 real, 1709 MB, 1.09 load
SAT

=> TOTAL COMPLETION TIME (Makespan / UB): 1086
Schedule is valid
 Time taken: 762.22 seconds
SAT

=> TOTAL COMPLETION TIME (Makespan / UB): 1085
Schedule is valid
 Time taken: 764.32 seconds
SAT

=> TOTAL COMPLETION TIME (Makespan / UB): 1084
Schedule is valid
 Time taken: 768.90 seconds
SAT

=> TOTAL COMPLETION TIME (Makespan / UB): 1083
Schedule is valid
 Time taken: 769.89 seconds
[runlim] sample:		769.61 time, 770.01 real, 1701 MB, 1.40 load
SAT

=> TOTAL COMPLETION TIME (Makespan / UB): 1082
Schedule is valid
 Time taken: 770.85 seconds
SAT

=> TOTAL COMPLETION TIME (Makespan / UB): 1081
Schedule is valid
 Time taken: 771.96 seconds
SAT

=> TOTAL COMPLETION TIME (Makespan / UB): 1080
Schedule is valid
 Time taken: 773.18 seconds
SAT

=> TOTAL COMPLETION TIME (Makespan / UB): 1079
Schedule is valid
 Time taken: 774.43 seconds
SAT

=> TOTAL COMPLETION TIME (Makespan / UB): 1078
Schedule is valid
 Time taken: 775.51 seconds
SAT

=> TOTAL COMPLETION TIME (Makespan / UB): 1077
Schedule is valid
 Time taken: 775.56 seconds
SAT

=> TOTAL COMPLETION TIME (Makespan / UB): 1076
Schedule is valid
 Time taken: 779.73 seconds
[runlim] sample:		779.61 time, 780.01 real, 1701 MB, 1.34 load
[runlim] sample:		789.60 time, 790.01 real, 1679 MB, 1.28 load
SAT

=> TOTAL COMPLETION TIME (Makespan / UB): 1075
Schedule is valid
 Time taken: 790.02 seconds
SAT

=> TOTAL COMPLETION TIME (Makespan / UB): 1074
Schedule is valid
 Time taken: 794.18 seconds
SAT

=> TOTAL COMPLETION TIME (Makespan / UB): 1073
Schedule is valid
 Time taken: 795.26 seconds
SAT

=> TOTAL COMPLETION TIME (Makespan / UB): 1072
Schedule is valid
 Time taken: 799.51 seconds
[runlim] sample:		799.60 time, 800.01 real, 1679 MB, 1.39 load
SAT

=> TOTAL COMPLETION TIME (Makespan / UB): 1071
Schedule is valid
 Time taken: 800.79 seconds
SAT

=> TOTAL COMPLETION TIME (Makespan / UB): 1070
Schedule is valid
 Time taken: 803.11 seconds
SAT

=> TOTAL COMPLETION TIME (Makespan / UB): 1069
Schedule is valid
 Time taken: 804.22 seconds
SAT

=> TOTAL COMPLETION TIME (Makespan / UB): 1068
Schedule is valid
 Time taken: 805.92 seconds
[runlim] sample:		809.60 time, 810.01 real, 1678 MB, 1.41 load
SAT

=> TOTAL COMPLETION TIME (Makespan / UB): 1067
Schedule is valid
 Time taken: 815.32 seconds
[runlim] sample:		819.59 time, 820.01 real, 1671 MB, 1.34 load
SAT

=> TOTAL COMPLETION TIME (Makespan / UB): 1066
Schedule is valid
 Time taken: 820.48 seconds
SAT

=> TOTAL COMPLETION TIME (Makespan / UB): 1065
Schedule is valid
 Time taken: 821.48 seconds
SAT

=> TOTAL COMPLETION TIME (Makespan / UB): 1064
Schedule is valid
 Time taken: 825.31 seconds
SAT

=> TOTAL COMPLETION TIME (Makespan / UB): 1063
Schedule is valid
 Time taken: 829.28 seconds
[runlim] sample:		829.59 time, 830.01 real, 1672 MB, 1.29 load
SAT

=> TOTAL COMPLETION TIME (Makespan / UB): 1062
Schedule is valid
 Time taken: 830.22 seconds
SAT

=> TOTAL COMPLETION TIME (Makespan / UB): 1061
Schedule is valid
 Time taken: 834.22 seconds
SAT

=> TOTAL COMPLETION TIME (Makespan / UB): 1060
Schedule is valid
 Time taken: 835.32 seconds
[runlim] sample:		839.59 time, 840.01 real, 1658 MB, 1.40 load
SAT

=> TOTAL COMPLETION TIME (Makespan / UB): 1059
Schedule is valid
 Time taken: 840.48 seconds
SAT

=> TOTAL COMPLETION TIME (Makespan / UB): 1058
Schedule is valid
 Time taken: 841.34 seconds
SAT

=> TOTAL COMPLETION TIME (Makespan / UB): 1057
Schedule is valid
 Time taken: 842.53 seconds
[runlim] sample:		849.58 time, 850.01 real, 1670 MB, 1.41 load
SAT

=> TOTAL COMPLETION TIME (Makespan / UB): 1056
Schedule is valid
 Time taken: 851.11 seconds
SAT

=> TOTAL COMPLETION TIME (Makespan / UB): 1055
Schedule is valid
 Time taken: 855.68 seconds
SAT

=> TOTAL COMPLETION TIME (Makespan / UB): 1054
Schedule is valid
 Time taken: 856.74 seconds
[runlim] sample:		859.58 time, 860.01 real, 1669 MB, 1.35 load
SAT

=> TOTAL COMPLETION TIME (Makespan / UB): 1053
Schedule is valid
 Time taken: 861.74 seconds
SAT

=> TOTAL COMPLETION TIME (Makespan / UB): 1052
Schedule is valid
 Time taken: 863.92 seconds
SAT

=> TOTAL COMPLETION TIME (Makespan / UB): 1051
Schedule is valid
 Time taken: 864.92 seconds
SAT

=> TOTAL COMPLETION TIME (Makespan / UB): 1050
Schedule is valid
 Time taken: 869.11 seconds
SAT

=> TOTAL COMPLETION TIME (Makespan / UB): 1049
Schedule is valid
 Time taken: 869.18 seconds
[runlim] sample:		869.58 time, 870.01 real, 1649 MB, 1.29 load
SAT

=> TOTAL COMPLETION TIME (Makespan / UB): 1048
Schedule is valid
 Time taken: 873.73 seconds
SAT

=> TOTAL COMPLETION TIME (Makespan / UB): 1047
Schedule is valid
 Time taken: 877.69 seconds
SAT

=> TOTAL COMPLETION TIME (Makespan / UB): 1046
Schedule is valid
 Time taken: 878.91 seconds
[runlim] sample:		879.57 time, 880.01 real, 1649 MB, 1.41 load
SAT

=> TOTAL COMPLETION TIME (Makespan / UB): 1045
Schedule is valid
 Time taken: 880.25 seconds
SAT

=> TOTAL COMPLETION TIME (Makespan / UB): 1044
Schedule is valid
 Time taken: 881.20 seconds
SAT

=> TOTAL COMPLETION TIME (Makespan / UB): 1043
Schedule is valid
 Time taken: 886.31 seconds
[runlim] sample:		889.58 time, 890.01 real, 1636 MB, 1.35 load
SAT

=> TOTAL COMPLETION TIME (Makespan / UB): 1042
Schedule is valid
 Time taken: 890.44 seconds
SAT

=> TOTAL COMPLETION TIME (Makespan / UB): 1041
Schedule is valid
 Time taken: 891.55 seconds
SAT

=> TOTAL COMPLETION TIME (Makespan / UB): 1040
Schedule is valid
 Time taken: 892.85 seconds
[runlim] sample:		899.57 time, 900.01 real, 1634 MB, 1.29 load
SAT

=> TOTAL COMPLETION TIME (Makespan / UB): 1039
Schedule is valid
 Time taken: 906.13 seconds
[runlim] sample:		909.57 time, 910.01 real, 1634 MB, 1.25 load
SAT

=> TOTAL COMPLETION TIME (Makespan / UB): 1038
Schedule is valid
 Time taken: 911.16 seconds
SAT

=> TOTAL COMPLETION TIME (Makespan / UB): 1037
Schedule is valid
 Time taken: 916.41 seconds
[runlim] sample:		919.57 time, 920.01 real, 1623 MB, 1.21 load
SAT

=> TOTAL COMPLETION TIME (Makespan / UB): 1036
Schedule is valid
 Time taken: 922.57 seconds
SAT

=> TOTAL COMPLETION TIME (Makespan / UB): 1035
Schedule is valid
 Time taken: 926.45 seconds
SAT

=> TOTAL COMPLETION TIME (Makespan / UB): 1034
Schedule is valid
 Time taken: 928.23 seconds
SAT

=> TOTAL COMPLETION TIME (Makespan / UB): 1033
Schedule is valid
 Time taken: 929.28 seconds
[runlim] sample:		929.56 time, 930.01 real, 1623 MB, 1.18 load
SAT

=> TOTAL COMPLETION TIME (Makespan / UB): 1032
Schedule is valid
 Time taken: 930.20 seconds
SAT

=> TOTAL COMPLETION TIME (Makespan / UB): 1031
Schedule is valid
 Time taken: 934.19 seconds
SAT

=> TOTAL COMPLETION TIME (Makespan / UB): 1030
Schedule is valid
 Time taken: 938.27 seconds
[runlim] sample:		939.55 time, 940.01 real, 1614 MB, 1.15 load
SAT

=> TOTAL COMPLETION TIME (Makespan / UB): 1029
Schedule is valid
 Time taken: 942.87 seconds
SAT

=> TOTAL COMPLETION TIME (Makespan / UB): 1028
Schedule is valid
 Time taken: 943.86 seconds
SAT

=> TOTAL COMPLETION TIME (Makespan / UB): 1027
Schedule is valid
 Time taken: 947.90 seconds
SAT

=> TOTAL COMPLETION TIME (Makespan / UB): 1026
Schedule is valid
 Time taken: 948.95 seconds
[runlim] sample:		949.55 time, 950.01 real, 1614 MB, 1.20 load
SAT

=> TOTAL COMPLETION TIME (Makespan / UB): 1025
Schedule is valid
 Time taken: 952.92 seconds
SAT

=> TOTAL COMPLETION TIME (Makespan / UB): 1024
Schedule is valid
 Time taken: 953.85 seconds
SAT

=> TOTAL COMPLETION TIME (Makespan / UB): 1023
Schedule is valid
 Time taken: 954.99 seconds
SAT

=> TOTAL COMPLETION TIME (Makespan / UB): 1022
Schedule is valid
 Time taken: 956.22 seconds
SAT

=> TOTAL COMPLETION TIME (Makespan / UB): 1021
Schedule is valid
 Time taken: 957.42 seconds
[runlim] sample:		959.54 time, 960.01 real, 1849 MB, 1.24 load
SAT

=> TOTAL COMPLETION TIME (Makespan / UB): 1020
Schedule is valid
 Time taken: 962.30 seconds
SAT

=> TOTAL COMPLETION TIME (Makespan / UB): 1019
Schedule is valid
 Time taken: 963.30 seconds
SAT

=> TOTAL COMPLETION TIME (Makespan / UB): 1018
Schedule is valid
 Time taken: 967.17 seconds
SAT

=> TOTAL COMPLETION TIME (Makespan / UB): 1017
Schedule is valid
 Time taken: 968.47 seconds
[runlim] sample:		969.55 time, 970.01 real, 1604 MB, 1.20 load
SAT

=> TOTAL COMPLETION TIME (Makespan / UB): 1016
Schedule is valid
 Time taken: 976.96 seconds
[runlim] sample:		979.55 time, 980.01 real, 1671 MB, 1.17 load
SAT

=> TOTAL COMPLETION TIME (Makespan / UB): 1015
Schedule is valid
 Time taken: 983.57 seconds
SAT

=> TOTAL COMPLETION TIME (Makespan / UB): 1014
Schedule is valid
 Time taken: 988.56 seconds
[runlim] sample:		989.54 time, 990.01 real, 1594 MB, 1.15 load
SAT

=> TOTAL COMPLETION TIME (Makespan / UB): 1013
Schedule is valid
 Time taken: 992.89 seconds
SAT

=> TOTAL COMPLETION TIME (Makespan / UB): 1012
Schedule is valid
 Time taken: 993.92 seconds
[runlim] sample:		999.54 time, 1000.01 real, 1594 MB, 1.12 load
SAT

=> TOTAL COMPLETION TIME (Makespan / UB): 1011
Schedule is valid
 Time taken: 1006.45 seconds
[runlim] sample:		1009.53 time, 1010.01 real, 1593 MB, 1.10 load
SAT

=> TOTAL COMPLETION TIME (Makespan / UB): 1010
Schedule is valid
 Time taken: 1011.27 seconds
SAT

=> TOTAL COMPLETION TIME (Makespan / UB): 1009
Schedule is valid
 Time taken: 1011.68 seconds
SAT

=> TOTAL COMPLETION TIME (Makespan / UB): 1008
Schedule is valid
 Time taken: 1016.47 seconds
[runlim] sample:		1019.53 time, 1020.01 real, 1810 MB, 1.09 load
SAT

=> TOTAL COMPLETION TIME (Makespan / UB): 1007
Schedule is valid
 Time taken: 1021.74 seconds
SAT

=> TOTAL COMPLETION TIME (Makespan / UB): 1006
Schedule is valid
 Time taken: 1023.22 seconds
SAT

=> TOTAL COMPLETION TIME (Makespan / UB): 1005
Schedule is valid
 Time taken: 1024.68 seconds
SAT

=> TOTAL COMPLETION TIME (Makespan / UB): 1004
Schedule is valid
 Time taken: 1025.95 seconds
[runlim] sample:		1029.53 time, 1030.01 real, 1582 MB, 1.07 load
SAT

=> TOTAL COMPLETION TIME (Makespan / UB): 1003
Schedule is valid
 Time taken: 1030.30 seconds
SAT

=> TOTAL COMPLETION TIME (Makespan / UB): 1002
Schedule is valid
 Time taken: 1034.87 seconds
SAT

=> TOTAL COMPLETION TIME (Makespan / UB): 1001
Schedule is valid
 Time taken: 1039.73 seconds
[runlim] sample:		1039.52 time, 1040.01 real, 1582 MB, 1.06 load
SAT

=> TOTAL COMPLETION TIME (Makespan / UB): 1000
Schedule is valid
 Time taken: 1044.22 seconds
SAT

=> TOTAL COMPLETION TIME (Makespan / UB): 999
Schedule is valid
 Time taken: 1046.48 seconds
[runlim] sample:		1049.52 time, 1050.01 real, 1586 MB, 1.05 load
SAT

=> TOTAL COMPLETION TIME (Makespan / UB): 998
Schedule is valid
 Time taken: 1054.98 seconds
SAT

=> TOTAL COMPLETION TIME (Makespan / UB): 997
Schedule is valid
 Time taken: 1056.72 seconds
[runlim] sample:		1059.52 time, 1060.01 real, 1586 MB, 1.04 load
SAT

=> TOTAL COMPLETION TIME (Makespan / UB): 996
Schedule is valid
 Time taken: 1061.08 seconds
SAT

=> TOTAL COMPLETION TIME (Makespan / UB): 995
Schedule is valid
 Time taken: 1067.56 seconds
[runlim] sample:		1069.51 time, 1070.01 real, 1586 MB, 1.04 load
SAT

=> TOTAL COMPLETION TIME (Makespan / UB): 994
Schedule is valid
 Time taken: 1073.20 seconds
SAT

=> TOTAL COMPLETION TIME (Makespan / UB): 993
Schedule is valid
 Time taken: 1079.81 seconds
[runlim] sample:		1079.50 time, 1080.01 real, 1562 MB, 1.03 load
SAT

=> TOTAL COMPLETION TIME (Makespan / UB): 992
Schedule is valid
 Time taken: 1084.60 seconds
SAT

=> TOTAL COMPLETION TIME (Makespan / UB): 991
Schedule is valid
 Time taken: 1089.28 seconds
[runlim] sample:		1089.50 time, 1090.01 real, 1562 MB, 1.02 load
SAT

=> TOTAL COMPLETION TIME (Makespan / UB): 990
Schedule is valid
 Time taken: 1094.57 seconds
SAT

=> TOTAL COMPLETION TIME (Makespan / UB): 989
Schedule is valid
 Time taken: 1095.60 seconds
[runlim] sample:		1099.50 time, 1100.01 real, 1562 MB, 1.02 load
SAT

=> TOTAL COMPLETION TIME (Makespan / UB): 988
Schedule is valid
 Time taken: 1100.09 seconds
SAT

=> TOTAL COMPLETION TIME (Makespan / UB): 987
Schedule is valid
 Time taken: 1106.07 seconds
[runlim] sample:		1109.50 time, 1110.01 real, 1509 MB, 1.10 load
SAT

=> TOTAL COMPLETION TIME (Makespan / UB): 986
Schedule is valid
 Time taken: 1119.38 seconds
[runlim] sample:		1119.49 time, 1120.01 real, 1500 MB, 1.08 load
SAT

=> TOTAL COMPLETION TIME (Makespan / UB): 985
Schedule is valid
 Time taken: 1123.83 seconds
SAT

=> TOTAL COMPLETION TIME (Makespan / UB): 984
Schedule is valid
 Time taken: 1128.73 seconds
[runlim] sample:		1129.49 time, 1130.01 real, 1500 MB, 1.07 load
SAT

=> TOTAL COMPLETION TIME (Makespan / UB): 983
Schedule is valid
 Time taken: 1138.46 seconds
[runlim] sample:		1139.49 time, 1140.01 real, 1546 MB, 1.06 load
SAT

=> TOTAL COMPLETION TIME (Makespan / UB): 982
Schedule is valid
 Time taken: 1143.75 seconds
SAT

=> TOTAL COMPLETION TIME (Makespan / UB): 981
Schedule is valid
 Time taken: 1149.55 seconds
[runlim] sample:		1149.48 time, 1150.01 real, 1492 MB, 1.05 load
SAT

=> TOTAL COMPLETION TIME (Makespan / UB): 980
Schedule is valid
 Time taken: 1153.94 seconds
SAT

=> TOTAL COMPLETION TIME (Makespan / UB): 979
Schedule is valid
 Time taken: 1155.22 seconds
[runlim] sample:		1159.48 time, 1160.01 real, 1492 MB, 1.04 load
SAT

=> TOTAL COMPLETION TIME (Makespan / UB): 978
Schedule is valid
 Time taken: 1160.14 seconds
SAT

=> TOTAL COMPLETION TIME (Makespan / UB): 977
Schedule is valid
 Time taken: 1161.51 seconds
SAT

=> TOTAL COMPLETION TIME (Makespan / UB): 976
Schedule is valid
 Time taken: 1166.76 seconds
[runlim] sample:		1169.47 time, 1170.01 real, 1483 MB, 1.03 load
SAT

=> TOTAL COMPLETION TIME (Makespan / UB): 975
Schedule is valid
 Time taken: 1172.10 seconds
SAT

=> TOTAL COMPLETION TIME (Makespan / UB): 974
Schedule is valid
 Time taken: 1176.28 seconds
[runlim] sample:		1179.46 time, 1180.01 real, 1483 MB, 1.03 load
SAT

=> TOTAL COMPLETION TIME (Makespan / UB): 973
Schedule is valid
 Time taken: 1180.73 seconds
SAT

=> TOTAL COMPLETION TIME (Makespan / UB): 972
Schedule is valid
 Time taken: 1185.50 seconds
[runlim] sample:		1189.47 time, 1190.01 real, 1483 MB, 1.02 load
SAT

=> TOTAL COMPLETION TIME (Makespan / UB): 971
Schedule is valid
 Time taken: 1191.10 seconds
SAT

=> TOTAL COMPLETION TIME (Makespan / UB): 970
Schedule is valid
 Time taken: 1196.90 seconds
[runlim] sample:		1199.46 time, 1200.01 real, 1478 MB, 1.02 load
SAT

=> TOTAL COMPLETION TIME (Makespan / UB): 969
Schedule is valid
 Time taken: 1208.46 seconds
[runlim] sample:		1209.46 time, 1210.01 real, 1569 MB, 1.02 load
SAT

=> TOTAL COMPLETION TIME (Makespan / UB): 968
Schedule is valid
 Time taken: 1215.51 seconds
UNSAT
status: optimal
Time taken: 1215.51 seconds
[runlim] end:			Sun May 17 17:46:45 2026
[runlim] status:		ok
[runlim] result:		0
[runlim] children:		1
[runlim] processes:		2
[runlim] real:			1215.69 seconds
[runlim] time:			1215.05 seconds
[runlim] space:			2574 MB
[runlim] load:			1.52 maximum
[runlim] samples:		12157
