[runlim] version:		2.0.0rc12
[runlim] host:			ap-Precision-7550
[runlim] time limit:		311040000 seconds
[runlim] real time limit:	600 seconds
[runlim] space limit:		15624 MB
[runlim] argv[0]:		python3
[runlim] argv[1]:		-u
[runlim] argv[2]:		main.py
[runlim] argv[3]:		datasets/hurink/vdata/car1.txt
[runlim] start:			Sun May  3 22:38:50 2026
[runlim] child:			8057
Greedy Schedule UB: 5554
Building constraints took 7.70 seconds.
[runlim] sample:		9.95 time, 10.01 real, 1193 MB, 1.09 load
SAT

=> TOTAL COMPLETION TIME (Makespan / UB): 5553
Schedule is valid
 Time taken: 13.39 seconds
SAT

=> TOTAL COMPLETION TIME (Makespan / UB): 5552
Schedule is valid
 Time taken: 13.92 seconds
SAT

=> TOTAL COMPLETION TIME (Makespan / UB): 5551
Schedule is valid
 Time taken: 14.00 seconds
SAT

=> TOTAL COMPLETION TIME (Makespan / UB): 5550
Schedule is valid
 Time taken: 14.08 seconds
SAT

=> TOTAL COMPLETION TIME (Makespan / UB): 5549
Schedule is valid
 Time taken: 14.16 seconds
SAT

=> TOTAL COMPLETION TIME (Makespan / UB): 5548
Schedule is valid
 Time taken: 14.25 seconds
SAT

=> TOTAL COMPLETION TIME (Makespan / UB): 5547
Schedule is valid
 Time taken: 14.33 seconds
SAT

=> TOTAL COMPLETION TIME (Makespan / UB): 5546
Schedule is valid
 Time taken: 14.41 seconds
SAT

=> TOTAL COMPLETION TIME (Makespan / UB): 5545
Schedule is valid
 Time taken: 14.49 seconds
SAT

=> TOTAL COMPLETION TIME (Makespan / UB): 5544
Schedule is valid
 Time taken: 14.57 seconds
SAT

=> TOTAL COMPLETION TIME (Makespan / UB): 5543
Schedule is valid
 Time taken: 14.66 seconds
SAT

=> TOTAL COMPLETION TIME (Makespan / UB): 5542
Schedule is valid
 Time taken: 14.74 seconds
SAT

=> TOTAL COMPLETION TIME (Makespan / UB): 5541
Schedule is valid
 Time taken: 14.82 seconds
SAT

=> TOTAL COMPLETION TIME (Makespan / UB): 5540
Schedule is valid
 Time taken: 14.91 seconds
SAT

=> TOTAL COMPLETION TIME (Makespan / UB): 5539
Schedule is valid
 Time taken: 14.99 seconds
SAT

=> TOTAL COMPLETION TIME (Makespan / UB): 5538
Schedule is valid
 Time taken: 15.07 seconds
SAT

=> TOTAL COMPLETION TIME (Makespan / UB): 5537
Schedule is valid
 Time taken: 15.15 seconds
SAT

=> TOTAL COMPLETION TIME (Makespan / UB): 5536
Schedule is valid
 Time taken: 15.23 seconds
SAT

=> TOTAL COMPLETION TIME (Makespan / UB): 5535
Schedule is valid
 Time taken: 15.32 seconds
SAT

=> TOTAL COMPLETION TIME (Makespan / UB): 5534
Schedule is valid
 Time taken: 15.40 seconds
SAT

=> TOTAL COMPLETION TIME (Makespan / UB): 5533
Schedule is valid
 Time taken: 15.48 seconds
SAT

=> TOTAL COMPLETION TIME (Makespan / UB): 5532
Schedule is valid
 Time taken: 15.56 seconds
SAT

=> TOTAL COMPLETION TIME (Makespan / UB): 5531
Schedule is valid
 Time taken: 15.64 seconds
SAT

=> TOTAL COMPLETION TIME (Makespan / UB): 5530
Schedule is valid
 Time taken: 15.73 seconds
SAT

=> TOTAL COMPLETION TIME (Makespan / UB): 5529
Schedule is valid
 Time taken: 15.81 seconds
SAT

=> TOTAL COMPLETION TIME (Makespan / UB): 5528
Schedule is valid
 Time taken: 15.89 seconds
SAT

=> TOTAL COMPLETION TIME (Makespan / UB): 5527
Schedule is valid
 Time taken: 15.97 seconds
SAT

=> TOTAL COMPLETION TIME (Makespan / UB): 5526
Schedule is valid
 Time taken: 16.05 seconds
SAT

=> TOTAL COMPLETION TIME (Makespan / UB): 5525
Schedule is valid
 Time taken: 16.13 seconds
SAT

=> TOTAL COMPLETION TIME (Makespan / UB): 5524
Schedule is valid
 Time taken: 16.22 seconds
SAT

=> TOTAL COMPLETION TIME (Makespan / UB): 5523
Schedule is valid
 Time taken: 16.30 seconds
SAT

=> TOTAL COMPLETION TIME (Makespan / UB): 5522
Schedule is valid
 Time taken: 16.38 seconds
SAT

=> TOTAL COMPLETION TIME (Makespan / UB): 5521
Schedule is valid
 Time taken: 16.46 seconds
SAT

=> TOTAL COMPLETION TIME (Makespan / UB): 5520
Schedule is valid
 Time taken: 16.55 seconds
SAT

=> TOTAL COMPLETION TIME (Makespan / UB): 5519
Schedule is valid
 Time taken: 16.63 seconds
SAT

=> TOTAL COMPLETION TIME (Makespan / UB): 5518
Schedule is valid
 Time taken: 16.71 seconds
SAT

=> TOTAL COMPLETION TIME (Makespan / UB): 5517
Schedule is valid
 Time taken: 16.79 seconds
SAT

=> TOTAL COMPLETION TIME (Makespan / UB): 5516
Schedule is valid
 Time taken: 16.87 seconds
SAT

=> TOTAL COMPLETION TIME (Makespan / UB): 5515
Schedule is valid
 Time taken: 16.95 seconds
SAT

=> TOTAL COMPLETION TIME (Makespan / UB): 5514
Schedule is valid
 Time taken: 17.03 seconds
SAT

=> TOTAL COMPLETION TIME (Makespan / UB): 5513
Schedule is valid
 Time taken: 17.11 seconds
SAT

=> TOTAL COMPLETION TIME (Makespan / UB): 5512
Schedule is valid
 Time taken: 17.18 seconds
SAT

=> TOTAL COMPLETION TIME (Makespan / UB): 5511
Schedule is valid
 Time taken: 17.26 seconds
SAT

=> TOTAL COMPLETION TIME (Makespan / UB): 5510
Schedule is valid
 Time taken: 17.34 seconds
SAT

=> TOTAL COMPLETION TIME (Makespan / UB): 5509
Schedule is valid
 Time taken: 17.42 seconds
SAT

=> TOTAL COMPLETION TIME (Makespan / UB): 5508
Schedule is valid
 Time taken: 17.50 seconds
SAT

=> TOTAL COMPLETION TIME (Makespan / UB): 5507
Schedule is valid
 Time taken: 17.58 seconds
SAT

=> TOTAL COMPLETION TIME (Makespan / UB): 5506
Schedule is valid
 Time taken: 17.66 seconds
SAT

=> TOTAL COMPLETION TIME (Makespan / UB): 5505
Schedule is valid
 Time taken: 17.74 seconds
SAT

=> TOTAL COMPLETION TIME (Makespan / UB): 5504
Schedule is valid
 Time taken: 17.82 seconds
SAT

=> TOTAL COMPLETION TIME (Makespan / UB): 5503
Schedule is valid
 Time taken: 17.90 seconds
SAT

=> TOTAL COMPLETION TIME (Makespan / UB): 5502
Schedule is valid
 Time taken: 17.98 seconds
SAT

=> TOTAL COMPLETION TIME (Makespan / UB): 5501
Schedule is valid
 Time taken: 18.06 seconds
SAT

=> TOTAL COMPLETION TIME (Makespan / UB): 5500
Schedule is valid
 Time taken: 18.14 seconds
SAT

=> TOTAL COMPLETION TIME (Makespan / UB): 5499
Schedule is valid
 Time taken: 18.22 seconds
SAT

=> TOTAL COMPLETION TIME (Makespan / UB): 5498
Schedule is valid
 Time taken: 18.30 seconds
SAT

=> TOTAL COMPLETION TIME (Makespan / UB): 5497
Schedule is valid
 Time taken: 18.38 seconds
SAT

=> TOTAL COMPLETION TIME (Makespan / UB): 5496
Schedule is valid
 Time taken: 18.45 seconds
SAT

=> TOTAL COMPLETION TIME (Makespan / UB): 5495
Schedule is valid
 Time taken: 18.53 seconds
SAT

=> TOTAL COMPLETION TIME (Makespan / UB): 5494
Schedule is valid
 Time taken: 18.61 seconds
SAT

=> TOTAL COMPLETION TIME (Makespan / UB): 5493
Schedule is valid
 Time taken: 18.69 seconds
SAT

=> TOTAL COMPLETION TIME (Makespan / UB): 5492
Schedule is valid
 Time taken: 18.77 seconds
SAT

=> TOTAL COMPLETION TIME (Makespan / UB): 5491
Schedule is valid
 Time taken: 18.85 seconds
SAT

=> TOTAL COMPLETION TIME (Makespan / UB): 5490
Schedule is valid
 Time taken: 18.93 seconds
SAT

=> TOTAL COMPLETION TIME (Makespan / UB): 5489
Schedule is valid
 Time taken: 19.01 seconds
SAT

=> TOTAL COMPLETION TIME (Makespan / UB): 5488
Schedule is valid
 Time taken: 19.09 seconds
SAT

=> TOTAL COMPLETION TIME (Makespan / UB): 5487
Schedule is valid
 Time taken: 19.17 seconds
SAT

=> TOTAL COMPLETION TIME (Makespan / UB): 5486
Schedule is valid
 Time taken: 19.25 seconds
SAT

=> TOTAL COMPLETION TIME (Makespan / UB): 5485
Schedule is valid
 Time taken: 19.33 seconds
SAT

=> TOTAL COMPLETION TIME (Makespan / UB): 5484
Schedule is valid
 Time taken: 19.41 seconds
SAT

=> TOTAL COMPLETION TIME (Makespan / UB): 5483
Schedule is valid
 Time taken: 19.49 seconds
SAT

=> TOTAL COMPLETION TIME (Makespan / UB): 5482
Schedule is valid
 Time taken: 19.57 seconds
SAT

=> TOTAL COMPLETION TIME (Makespan / UB): 5481
Schedule is valid
 Time taken: 19.65 seconds
SAT

=> TOTAL COMPLETION TIME (Makespan / UB): 5480
Schedule is valid
 Time taken: 19.73 seconds
SAT

=> TOTAL COMPLETION TIME (Makespan / UB): 5479
Schedule is valid
 Time taken: 19.81 seconds
SAT

=> TOTAL COMPLETION TIME (Makespan / UB): 5478
Schedule is valid
 Time taken: 19.89 seconds
SAT

=> TOTAL COMPLETION TIME (Makespan / UB): 5477
Schedule is valid
 Time taken: 19.97 seconds
[runlim] sample:		19.92 time, 20.01 real, 1230 MB, 1.08 load
SAT

=> TOTAL COMPLETION TIME (Makespan / UB): 5476
Schedule is valid
 Time taken: 20.05 seconds
SAT

=> TOTAL COMPLETION TIME (Makespan / UB): 5475
Schedule is valid
 Time taken: 20.13 seconds
SAT

=> TOTAL COMPLETION TIME (Makespan / UB): 5474
Schedule is valid
 Time taken: 20.21 seconds
SAT

=> TOTAL COMPLETION TIME (Makespan / UB): 5473
Schedule is valid
 Time taken: 20.29 seconds
SAT

=> TOTAL COMPLETION TIME (Makespan / UB): 5472
Schedule is valid
 Time taken: 20.37 seconds
SAT

=> TOTAL COMPLETION TIME (Makespan / UB): 5471
Schedule is valid
 Time taken: 20.44 seconds
SAT

=> TOTAL COMPLETION TIME (Makespan / UB): 5470
Schedule is valid
 Time taken: 20.53 seconds
SAT

=> TOTAL COMPLETION TIME (Makespan / UB): 5469
Schedule is valid
 Time taken: 20.60 seconds
SAT

=> TOTAL COMPLETION TIME (Makespan / UB): 5468
Schedule is valid
 Time taken: 20.69 seconds
SAT

=> TOTAL COMPLETION TIME (Makespan / UB): 5467
Schedule is valid
 Time taken: 20.77 seconds
SAT

=> TOTAL COMPLETION TIME (Makespan / UB): 5466
Schedule is valid
 Time taken: 20.85 seconds
SAT

=> TOTAL COMPLETION TIME (Makespan / UB): 5465
Schedule is valid
 Time taken: 20.93 seconds
SAT

=> TOTAL COMPLETION TIME (Makespan / UB): 5464
Schedule is valid
 Time taken: 21.01 seconds
SAT

=> TOTAL COMPLETION TIME (Makespan / UB): 5463
Schedule is valid
 Time taken: 21.09 seconds
SAT

=> TOTAL COMPLETION TIME (Makespan / UB): 5462
Schedule is valid
 Time taken: 21.17 seconds
SAT

=> TOTAL COMPLETION TIME (Makespan / UB): 5461
Schedule is valid
 Time taken: 21.25 seconds
[runlim] sample:		29.90 time, 30.01 real, 1245 MB, 1.06 load
[runlim] sample:		39.90 time, 40.01 real, 1261 MB, 1.05 load
SAT

=> TOTAL COMPLETION TIME (Makespan / UB): 5460
Schedule is valid
 Time taken: 47.19 seconds
SAT

=> TOTAL COMPLETION TIME (Makespan / UB): 5459
Schedule is valid
 Time taken: 48.41 seconds
[runlim] sample:		49.89 time, 50.01 real, 1359 MB, 1.05 load
[runlim] sample:		59.89 time, 60.01 real, 1204 MB, 1.04 load
SAT

=> TOTAL COMPLETION TIME (Makespan / UB): 5397
Schedule is valid
 Time taken: 61.66 seconds
SAT

=> TOTAL COMPLETION TIME (Makespan / UB): 5396
Schedule is valid
 Time taken: 68.07 seconds
[runlim] sample:		69.88 time, 70.01 real, 1182 MB, 1.03 load
SAT

=> TOTAL COMPLETION TIME (Makespan / UB): 5395
Schedule is valid
 Time taken: 70.66 seconds
SAT

=> TOTAL COMPLETION TIME (Makespan / UB): 5394
Schedule is valid
 Time taken: 76.92 seconds
[runlim] sample:		79.87 time, 80.01 real, 1252 MB, 1.03 load
[runlim] sample:		89.87 time, 90.01 real, 1197 MB, 1.02 load
SAT

=> TOTAL COMPLETION TIME (Makespan / UB): 5393
Schedule is valid
 Time taken: 90.30 seconds
SAT

=> TOTAL COMPLETION TIME (Makespan / UB): 5392
Schedule is valid
 Time taken: 92.94 seconds
SAT

=> TOTAL COMPLETION TIME (Makespan / UB): 5391
Schedule is valid
 Time taken: 94.85 seconds
SAT

=> TOTAL COMPLETION TIME (Makespan / UB): 5382
Schedule is valid
 Time taken: 98.93 seconds
[runlim] sample:		99.86 time, 100.01 real, 1180 MB, 1.02 load
SAT

=> TOTAL COMPLETION TIME (Makespan / UB): 5381
Schedule is valid
 Time taken: 101.25 seconds
SAT

=> TOTAL COMPLETION TIME (Makespan / UB): 5380
Schedule is valid
 Time taken: 107.40 seconds
[runlim] sample:		109.86 time, 110.01 real, 1179 MB, 1.02 load
SAT

=> TOTAL COMPLETION TIME (Makespan / UB): 5379
Schedule is valid
 Time taken: 111.91 seconds
[runlim] sample:		119.85 time, 120.01 real, 1179 MB, 1.01 load
SAT

=> TOTAL COMPLETION TIME (Makespan / UB): 5378
Schedule is valid
 Time taken: 125.32 seconds
[runlim] sample:		129.84 time, 130.01 real, 1178 MB, 1.01 load
SAT

=> TOTAL COMPLETION TIME (Makespan / UB): 5377
Schedule is valid
 Time taken: 130.88 seconds
SAT

=> TOTAL COMPLETION TIME (Makespan / UB): 5376
Schedule is valid
 Time taken: 131.83 seconds
SAT

=> TOTAL COMPLETION TIME (Makespan / UB): 5375
Schedule is valid
 Time taken: 138.13 seconds
[runlim] sample:		139.84 time, 140.01 real, 1437 MB, 1.01 load
SAT

=> TOTAL COMPLETION TIME (Makespan / UB): 5374
Schedule is valid
 Time taken: 140.69 seconds
SAT

=> TOTAL COMPLETION TIME (Makespan / UB): 5373
Schedule is valid
 Time taken: 143.22 seconds
SAT

=> TOTAL COMPLETION TIME (Makespan / UB): 5372
Schedule is valid
 Time taken: 144.83 seconds
SAT

=> TOTAL COMPLETION TIME (Makespan / UB): 5371
Schedule is valid
 Time taken: 149.85 seconds
[runlim] sample:		149.83 time, 150.01 real, 1178 MB, 1.01 load
SAT

=> TOTAL COMPLETION TIME (Makespan / UB): 5370
Schedule is valid
 Time taken: 159.09 seconds
[runlim] sample:		159.82 time, 160.01 real, 1178 MB, 1.00 load
SAT

=> TOTAL COMPLETION TIME (Makespan / UB): 5369
Schedule is valid
 Time taken: 168.65 seconds
[runlim] sample:		169.82 time, 170.01 real, 1178 MB, 1.00 load
SAT

=> TOTAL COMPLETION TIME (Makespan / UB): 5368
Schedule is valid
 Time taken: 170.96 seconds
SAT

=> TOTAL COMPLETION TIME (Makespan / UB): 5367
Schedule is valid
 Time taken: 173.77 seconds
[runlim] sample:		179.81 time, 180.01 real, 1179 MB, 1.00 load
SAT

=> TOTAL COMPLETION TIME (Makespan / UB): 5366
Schedule is valid
 Time taken: 180.04 seconds
SAT

=> TOTAL COMPLETION TIME (Makespan / UB): 5365
Schedule is valid
 Time taken: 187.05 seconds
[runlim] sample:		189.80 time, 190.01 real, 1179 MB, 1.00 load
SAT

=> TOTAL COMPLETION TIME (Makespan / UB): 5364
Schedule is valid
 Time taken: 196.62 seconds
SAT

=> TOTAL COMPLETION TIME (Makespan / UB): 5363
Schedule is valid
 Time taken: 198.18 seconds
SAT

=> TOTAL COMPLETION TIME (Makespan / UB): 5362
Schedule is valid
 Time taken: 199.29 seconds
[runlim] sample:		199.79 time, 200.01 real, 1179 MB, 1.00 load
SAT

=> TOTAL COMPLETION TIME (Makespan / UB): 5361
Schedule is valid
 Time taken: 207.66 seconds
[runlim] sample:		209.79 time, 210.01 real, 1178 MB, 1.00 load
SAT

=> TOTAL COMPLETION TIME (Makespan / UB): 5360
Schedule is valid
 Time taken: 211.37 seconds
SAT

=> TOTAL COMPLETION TIME (Makespan / UB): 5359
Schedule is valid
 Time taken: 212.93 seconds
[runlim] sample:		219.78 time, 220.01 real, 1178 MB, 1.00 load
SAT

=> TOTAL COMPLETION TIME (Makespan / UB): 5358
Schedule is valid
 Time taken: 221.04 seconds
SAT

=> TOTAL COMPLETION TIME (Makespan / UB): 5357
Schedule is valid
 Time taken: 229.88 seconds
[runlim] sample:		229.78 time, 230.01 real, 1179 MB, 1.00 load
SAT

=> TOTAL COMPLETION TIME (Makespan / UB): 5356
Schedule is valid
 Time taken: 232.08 seconds
SAT

=> TOTAL COMPLETION TIME (Makespan / UB): 5355
Schedule is valid
 Time taken: 234.24 seconds
SAT

=> TOTAL COMPLETION TIME (Makespan / UB): 5354
Schedule is valid
 Time taken: 236.83 seconds
[runlim] sample:		239.77 time, 240.01 real, 1179 MB, 1.00 load
SAT

=> TOTAL COMPLETION TIME (Makespan / UB): 5353
Schedule is valid
 Time taken: 247.47 seconds
[runlim] sample:		249.76 time, 250.01 real, 1177 MB, 1.07 load
SAT

=> TOTAL COMPLETION TIME (Makespan / UB): 5352
Schedule is valid
 Time taken: 253.43 seconds
SAT

=> TOTAL COMPLETION TIME (Makespan / UB): 5351
Schedule is valid
 Time taken: 256.37 seconds
SAT

=> TOTAL COMPLETION TIME (Makespan / UB): 5350
Schedule is valid
 Time taken: 258.91 seconds
[runlim] sample:		259.75 time, 260.01 real, 1177 MB, 1.14 load
SAT

=> TOTAL COMPLETION TIME (Makespan / UB): 5349
Schedule is valid
 Time taken: 260.64 seconds
SAT
[runlim] sample:		269.75 time, 270.01 real, 1189 MB, 1.19 load

=> TOTAL COMPLETION TIME (Makespan / UB): 5348
Schedule is valid
 Time taken: 270.00 seconds
SAT

=> TOTAL COMPLETION TIME (Makespan / UB): 5347
Schedule is valid
 Time taken: 272.61 seconds
SAT

=> TOTAL COMPLETION TIME (Makespan / UB): 5346
Schedule is valid
 Time taken: 277.02 seconds
SAT

=> TOTAL COMPLETION TIME (Makespan / UB): 5345
Schedule is valid
 Time taken: 279.54 seconds
[runlim] sample:		279.73 time, 280.01 real, 1178 MB, 1.24 load
SAT

=> TOTAL COMPLETION TIME (Makespan / UB): 5344
Schedule is valid
 Time taken: 289.83 seconds
[runlim] sample:		289.73 time, 290.01 real, 1177 MB, 1.21 load
SAT

=> TOTAL COMPLETION TIME (Makespan / UB): 5343
Schedule is valid
 Time taken: 292.54 seconds
[runlim] sample:		299.72 time, 300.01 real, 1177 MB, 1.17 load
SAT

=> TOTAL COMPLETION TIME (Makespan / UB): 5342
Schedule is valid
 Time taken: 309.94 seconds
[runlim] sample:		309.72 time, 310.01 real, 1136 MB, 1.15 load
SAT

=> TOTAL COMPLETION TIME (Makespan / UB): 5341
Schedule is valid
 Time taken: 312.60 seconds
SAT

=> TOTAL COMPLETION TIME (Makespan / UB): 5335
Schedule is valid
 Time taken: 314.44 seconds
SAT

=> TOTAL COMPLETION TIME (Makespan / UB): 5334
Schedule is valid
 Time taken: 315.04 seconds
SAT

=> TOTAL COMPLETION TIME (Makespan / UB): 5333
Schedule is valid
 Time taken: 315.65 seconds
SAT

=> TOTAL COMPLETION TIME (Makespan / UB): 5332
Schedule is valid
 Time taken: 316.16 seconds
SAT

=> TOTAL COMPLETION TIME (Makespan / UB): 5331
Schedule is valid
 Time taken: 316.69 seconds
SAT

=> TOTAL COMPLETION TIME (Makespan / UB): 5330
Schedule is valid
 Time taken: 317.18 seconds
SAT

=> TOTAL COMPLETION TIME (Makespan / UB): 5329
Schedule is valid
 Time taken: 317.70 seconds
[runlim] sample:		319.70 time, 320.01 real, 1136 MB, 1.12 load
SAT

=> TOTAL COMPLETION TIME (Makespan / UB): 5328
Schedule is valid
 Time taken: 325.65 seconds
SAT

=> TOTAL COMPLETION TIME (Makespan / UB): 5327
Schedule is valid
 Time taken: 326.30 seconds
SAT

=> TOTAL COMPLETION TIME (Makespan / UB): 5326
Schedule is valid
 Time taken: 326.81 seconds
SAT

=> TOTAL COMPLETION TIME (Makespan / UB): 5325
Schedule is valid
 Time taken: 327.31 seconds
SAT

=> TOTAL COMPLETION TIME (Makespan / UB): 5324
Schedule is valid
 Time taken: 327.78 seconds
SAT

=> TOTAL COMPLETION TIME (Makespan / UB): 5323
Schedule is valid
 Time taken: 328.27 seconds
SAT

=> TOTAL COMPLETION TIME (Makespan / UB): 5322
Schedule is valid
 Time taken: 328.74 seconds
SAT

=> TOTAL COMPLETION TIME (Makespan / UB): 5321
Schedule is valid
 Time taken: 329.24 seconds
SAT

=> TOTAL COMPLETION TIME (Makespan / UB): 5320
Schedule is valid
 Time taken: 329.70 seconds
[runlim] sample:		329.69 time, 330.01 real, 1138 MB, 1.10 load
SAT

=> TOTAL COMPLETION TIME (Makespan / UB): 5319
Schedule is valid
 Time taken: 330.20 seconds
SAT

=> TOTAL COMPLETION TIME (Makespan / UB): 5318
Schedule is valid
 Time taken: 330.66 seconds
SAT

=> TOTAL COMPLETION TIME (Makespan / UB): 5317
Schedule is valid
 Time taken: 331.16 seconds
SAT

=> TOTAL COMPLETION TIME (Makespan / UB): 5316
Schedule is valid
 Time taken: 331.62 seconds
SAT

=> TOTAL COMPLETION TIME (Makespan / UB): 5315
Schedule is valid
 Time taken: 332.12 seconds
SAT

=> TOTAL COMPLETION TIME (Makespan / UB): 5314
Schedule is valid
 Time taken: 332.59 seconds
SAT

=> TOTAL COMPLETION TIME (Makespan / UB): 5313
Schedule is valid
 Time taken: 333.08 seconds
SAT

=> TOTAL COMPLETION TIME (Makespan / UB): 5301
Schedule is valid
 Time taken: 337.39 seconds
SAT

=> TOTAL COMPLETION TIME (Makespan / UB): 5300
Schedule is valid
 Time taken: 338.02 seconds
SAT

=> TOTAL COMPLETION TIME (Makespan / UB): 5299
Schedule is valid
 Time taken: 338.55 seconds
SAT

=> TOTAL COMPLETION TIME (Makespan / UB): 5298
Schedule is valid
 Time taken: 339.04 seconds
SAT

=> TOTAL COMPLETION TIME (Makespan / UB): 5297
Schedule is valid
 Time taken: 339.53 seconds
[runlim] sample:		339.68 time, 340.01 real, 1138 MB, 1.09 load
SAT

=> TOTAL COMPLETION TIME (Makespan / UB): 5296
Schedule is valid
 Time taken: 340.02 seconds
SAT

=> TOTAL COMPLETION TIME (Makespan / UB): 5295
Schedule is valid
 Time taken: 340.50 seconds
SAT

=> TOTAL COMPLETION TIME (Makespan / UB): 5294
Schedule is valid
 Time taken: 340.99 seconds
SAT

=> TOTAL COMPLETION TIME (Makespan / UB): 5293
Schedule is valid
 Time taken: 341.48 seconds
SAT

=> TOTAL COMPLETION TIME (Makespan / UB): 5292
Schedule is valid
 Time taken: 341.97 seconds
SAT

=> TOTAL COMPLETION TIME (Makespan / UB): 5291
Schedule is valid
 Time taken: 342.46 seconds
SAT

=> TOTAL COMPLETION TIME (Makespan / UB): 5290
Schedule is valid
 Time taken: 342.94 seconds
SAT

=> TOTAL COMPLETION TIME (Makespan / UB): 5289
Schedule is valid
 Time taken: 343.43 seconds
SAT

=> TOTAL COMPLETION TIME (Makespan / UB): 5288
Schedule is valid
 Time taken: 343.92 seconds
SAT

=> TOTAL COMPLETION TIME (Makespan / UB): 5287
Schedule is valid
 Time taken: 344.41 seconds
SAT

=> TOTAL COMPLETION TIME (Makespan / UB): 5286
Schedule is valid
 Time taken: 344.89 seconds
SAT

=> TOTAL COMPLETION TIME (Makespan / UB): 5285
Schedule is valid
 Time taken: 345.38 seconds
SAT

=> TOTAL COMPLETION TIME (Makespan / UB): 5284
Schedule is valid
 Time taken: 345.87 seconds
SAT

=> TOTAL COMPLETION TIME (Makespan / UB): 5283
Schedule is valid
 Time taken: 346.35 seconds
SAT

=> TOTAL COMPLETION TIME (Makespan / UB): 5282
Schedule is valid
 Time taken: 346.84 seconds
SAT

=> TOTAL COMPLETION TIME (Makespan / UB): 5281
Schedule is valid
 Time taken: 347.33 seconds
SAT

=> TOTAL COMPLETION TIME (Makespan / UB): 5280
Schedule is valid
 Time taken: 347.82 seconds
SAT

=> TOTAL COMPLETION TIME (Makespan / UB): 5279
Schedule is valid
 Time taken: 348.31 seconds
SAT

=> TOTAL COMPLETION TIME (Makespan / UB): 5278
Schedule is valid
 Time taken: 348.79 seconds
SAT

=> TOTAL COMPLETION TIME (Makespan / UB): 5277
Schedule is valid
 Time taken: 349.28 seconds
SAT

=> TOTAL COMPLETION TIME (Makespan / UB): 5276
Schedule is valid
 Time taken: 349.77 seconds
[runlim] sample:		349.67 time, 350.01 real, 1138 MB, 1.15 load
SAT

=> TOTAL COMPLETION TIME (Makespan / UB): 5275
Schedule is valid
 Time taken: 350.25 seconds
SAT

=> TOTAL COMPLETION TIME (Makespan / UB): 5274
Schedule is valid
 Time taken: 350.74 seconds
SAT

=> TOTAL COMPLETION TIME (Makespan / UB): 5273
Schedule is valid
 Time taken: 351.23 seconds
SAT

=> TOTAL COMPLETION TIME (Makespan / UB): 5272
Schedule is valid
 Time taken: 351.71 seconds
SAT

=> TOTAL COMPLETION TIME (Makespan / UB): 5271
Schedule is valid
 Time taken: 352.20 seconds
SAT

=> TOTAL COMPLETION TIME (Makespan / UB): 5270
Schedule is valid
 Time taken: 352.31 seconds
SAT

=> TOTAL COMPLETION TIME (Makespan / UB): 5269
Schedule is valid
 Time taken: 352.80 seconds
SAT

=> TOTAL COMPLETION TIME (Makespan / UB): 5268
Schedule is valid
 Time taken: 353.29 seconds
SAT

=> TOTAL COMPLETION TIME (Makespan / UB): 5267
Schedule is valid
 Time taken: 353.77 seconds
SAT

=> TOTAL COMPLETION TIME (Makespan / UB): 5266
Schedule is valid
 Time taken: 354.26 seconds
SAT

=> TOTAL COMPLETION TIME (Makespan / UB): 5265
Schedule is valid
 Time taken: 354.75 seconds
SAT

=> TOTAL COMPLETION TIME (Makespan / UB): 5264
Schedule is valid
 Time taken: 355.24 seconds
SAT

=> TOTAL COMPLETION TIME (Makespan / UB): 5263
Schedule is valid
 Time taken: 357.90 seconds
[runlim] sample:		359.65 time, 360.01 real, 1138 MB, 1.35 load
SAT

=> TOTAL COMPLETION TIME (Makespan / UB): 5262
Schedule is valid
 Time taken: 366.36 seconds
[runlim] sample:		369.64 time, 370.01 real, 1129 MB, 1.38 load
SAT

=> TOTAL COMPLETION TIME (Makespan / UB): 5261
Schedule is valid
 Time taken: 375.15 seconds
SAT

=> TOTAL COMPLETION TIME (Makespan / UB): 5260
Schedule is valid
 Time taken: 375.78 seconds
SAT

=> TOTAL COMPLETION TIME (Makespan / UB): 5259
Schedule is valid
 Time taken: 376.30 seconds
[runlim] sample:		379.63 time, 380.01 real, 1129 MB, 1.32 load
SAT

=> TOTAL COMPLETION TIME (Makespan / UB): 5258
Schedule is valid
 Time taken: 388.29 seconds
SAT

=> TOTAL COMPLETION TIME (Makespan / UB): 5257
Schedule is valid
 Time taken: 388.86 seconds
SAT

=> TOTAL COMPLETION TIME (Makespan / UB): 5256
Schedule is valid
 Time taken: 388.98 seconds
SAT

=> TOTAL COMPLETION TIME (Makespan / UB): 5255
Schedule is valid
 Time taken: 389.49 seconds
SAT

=> TOTAL COMPLETION TIME (Makespan / UB): 5254
Schedule is valid
 Time taken: 389.96 seconds
[runlim] sample:		389.62 time, 390.01 real, 1129 MB, 1.27 load
SAT

=> TOTAL COMPLETION TIME (Makespan / UB): 5253
Schedule is valid
 Time taken: 390.43 seconds
SAT

=> TOTAL COMPLETION TIME (Makespan / UB): 5252
Schedule is valid
 Time taken: 390.90 seconds
SAT

=> TOTAL COMPLETION TIME (Makespan / UB): 5251
Schedule is valid
 Time taken: 391.36 seconds
SAT

=> TOTAL COMPLETION TIME (Makespan / UB): 5250
Schedule is valid
 Time taken: 391.83 seconds
SAT

=> TOTAL COMPLETION TIME (Makespan / UB): 5249
Schedule is valid
 Time taken: 392.30 seconds
SAT

=> TOTAL COMPLETION TIME (Makespan / UB): 5248
Schedule is valid
 Time taken: 392.77 seconds
SAT

=> TOTAL COMPLETION TIME (Makespan / UB): 5247
Schedule is valid
 Time taken: 393.23 seconds
SAT

=> TOTAL COMPLETION TIME (Makespan / UB): 5246
Schedule is valid
 Time taken: 393.35 seconds
SAT

=> TOTAL COMPLETION TIME (Makespan / UB): 5245
Schedule is valid
 Time taken: 393.82 seconds
SAT

=> TOTAL COMPLETION TIME (Makespan / UB): 5244
Schedule is valid
 Time taken: 394.28 seconds
[runlim] sample:		399.61 time, 400.01 real, 1126 MB, 1.23 load
SAT

=> TOTAL COMPLETION TIME (Makespan / UB): 5243
Schedule is valid
 Time taken: 402.74 seconds
[runlim] sample:		409.60 time, 410.01 real, 1126 MB, 1.19 load
SAT

=> TOTAL COMPLETION TIME (Makespan / UB): 5242
Schedule is valid
 Time taken: 412.42 seconds
SAT

=> TOTAL COMPLETION TIME (Makespan / UB): 5241
Schedule is valid
 Time taken: 413.08 seconds
[runlim] sample:		419.59 time, 420.01 real, 1126 MB, 1.16 load
SAT

=> TOTAL COMPLETION TIME (Makespan / UB): 5240
Schedule is valid
 Time taken: 422.83 seconds
SAT

=> TOTAL COMPLETION TIME (Makespan / UB): 5239
Schedule is valid
 Time taken: 423.41 seconds
[runlim] sample:		429.58 time, 430.01 real, 1169 MB, 1.14 load
[runlim] sample:		439.58 time, 440.01 real, 1126 MB, 1.12 load
SAT

=> TOTAL COMPLETION TIME (Makespan / UB): 5238
Schedule is valid
 Time taken: 440.63 seconds
SAT

=> TOTAL COMPLETION TIME (Makespan / UB): 5237
Schedule is valid
 Time taken: 441.36 seconds
SAT

=> TOTAL COMPLETION TIME (Makespan / UB): 5236
Schedule is valid
 Time taken: 441.94 seconds
SAT

=> TOTAL COMPLETION TIME (Makespan / UB): 5235
Schedule is valid
 Time taken: 442.48 seconds
SAT

=> TOTAL COMPLETION TIME (Makespan / UB): 5234
Schedule is valid
 Time taken: 442.61 seconds
SAT

=> TOTAL COMPLETION TIME (Makespan / UB): 5233
Schedule is valid
 Time taken: 443.14 seconds
SAT

=> TOTAL COMPLETION TIME (Makespan / UB): 5232
Schedule is valid
 Time taken: 443.66 seconds
SAT

=> TOTAL COMPLETION TIME (Makespan / UB): 5231
Schedule is valid
 Time taken: 446.21 seconds
[runlim] sample:		449.57 time, 450.01 real, 1126 MB, 1.10 load
SAT

=> TOTAL COMPLETION TIME (Makespan / UB): 5230
Schedule is valid
 Time taken: 455.94 seconds
[runlim] sample:		459.56 time, 460.01 real, 1126 MB, 1.08 load
SAT

=> TOTAL COMPLETION TIME (Makespan / UB): 5229
Schedule is valid
 Time taken: 467.29 seconds
[runlim] sample:		469.55 time, 470.01 real, 1126 MB, 1.07 load
SAT

=> TOTAL COMPLETION TIME (Makespan / UB): 5228
Schedule is valid
 Time taken: 475.43 seconds
SAT

=> TOTAL COMPLETION TIME (Makespan / UB): 5227
Schedule is valid
 Time taken: 476.10 seconds
SAT

=> TOTAL COMPLETION TIME (Makespan / UB): 5226
Schedule is valid
 Time taken: 476.64 seconds
SAT

=> TOTAL COMPLETION TIME (Makespan / UB): 5225
Schedule is valid
 Time taken: 477.13 seconds
SAT

=> TOTAL COMPLETION TIME (Makespan / UB): 5224
Schedule is valid
 Time taken: 477.61 seconds
SAT

=> TOTAL COMPLETION TIME (Makespan / UB): 5223
Schedule is valid
 Time taken: 478.09 seconds
SAT

=> TOTAL COMPLETION TIME (Makespan / UB): 5222
Schedule is valid
 Time taken: 478.57 seconds
SAT

=> TOTAL COMPLETION TIME (Makespan / UB): 5221
Schedule is valid
 Time taken: 479.05 seconds
SAT

=> TOTAL COMPLETION TIME (Makespan / UB): 5220
Schedule is valid
 Time taken: 479.54 seconds
SAT

=> TOTAL COMPLETION TIME (Makespan / UB): 5219
Schedule is valid
 Time taken: 479.66 seconds
[runlim] sample:		479.54 time, 480.01 real, 1152 MB, 1.06 load
SAT

=> TOTAL COMPLETION TIME (Makespan / UB): 5218
Schedule is valid
 Time taken: 480.14 seconds
SAT

=> TOTAL COMPLETION TIME (Makespan / UB): 5217
Schedule is valid
 Time taken: 480.63 seconds
SAT

=> TOTAL COMPLETION TIME (Makespan / UB): 5216
Schedule is valid
 Time taken: 481.10 seconds
SAT

=> TOTAL COMPLETION TIME (Makespan / UB): 5215
Schedule is valid
 Time taken: 481.59 seconds
[runlim] sample:		489.53 time, 490.01 real, 1126 MB, 1.05 load
SAT

=> TOTAL COMPLETION TIME (Makespan / UB): 5214
Schedule is valid
 Time taken: 490.04 seconds
[runlim] sample:		499.52 time, 500.01 real, 1124 MB, 1.04 load
SAT

=> TOTAL COMPLETION TIME (Makespan / UB): 5213
Schedule is valid
 Time taken: 500.21 seconds
SAT

=> TOTAL COMPLETION TIME (Makespan / UB): 5212
Schedule is valid
 Time taken: 500.88 seconds
SAT

=> TOTAL COMPLETION TIME (Makespan / UB): 5206
Schedule is valid
 Time taken: 505.87 seconds
SAT

=> TOTAL COMPLETION TIME (Makespan / UB): 5205
Schedule is valid
 Time taken: 506.53 seconds
[runlim] sample:		509.51 time, 510.01 real, 1124 MB, 1.03 load
SAT

=> TOTAL COMPLETION TIME (Makespan / UB): 5204
Schedule is valid
 Time taken: 515.78 seconds
SAT

=> TOTAL COMPLETION TIME (Makespan / UB): 5203
Schedule is valid
 Time taken: 519.22 seconds
[runlim] sample:		519.50 time, 520.01 real, 1124 MB, 1.03 load
[runlim] sample:		529.49 time, 530.01 real, 1124 MB, 1.02 load
SAT

=> TOTAL COMPLETION TIME (Makespan / UB): 5202
Schedule is valid
 Time taken: 532.19 seconds
[runlim] sample:		539.48 time, 540.01 real, 1124 MB, 1.02 load
SAT

=> TOTAL COMPLETION TIME (Makespan / UB): 5201
Schedule is valid
 Time taken: 541.94 seconds
[runlim] sample:		549.48 time, 550.01 real, 1167 MB, 1.02 load
[runlim] sample:		559.47 time, 560.01 real, 1134 MB, 1.01 load
SAT

=> TOTAL COMPLETION TIME (Makespan / UB): 5200
Schedule is valid
 Time taken: 561.61 seconds
SAT

=> TOTAL COMPLETION TIME (Makespan / UB): 5199
Schedule is valid
 Time taken: 562.22 seconds
SAT

=> TOTAL COMPLETION TIME (Makespan / UB): 5198
Schedule is valid
 Time taken: 562.73 seconds
SAT

=> TOTAL COMPLETION TIME (Makespan / UB): 5197
Schedule is valid
 Time taken: 563.19 seconds
SAT

=> TOTAL COMPLETION TIME (Makespan / UB): 5196
Schedule is valid
 Time taken: 563.66 seconds
[runlim] sample:		569.45 time, 570.01 real, 1122 MB, 1.01 load
SAT

=> TOTAL COMPLETION TIME (Makespan / UB): 5195
Schedule is valid
 Time taken: 573.18 seconds
[runlim] sample:		579.45 time, 580.01 real, 1122 MB, 1.01 load
SAT

=> TOTAL COMPLETION TIME (Makespan / UB): 5194
Schedule is valid
 Time taken: 582.95 seconds
SAT

=> TOTAL COMPLETION TIME (Makespan / UB): 5193
Schedule is valid
 Time taken: 585.55 seconds
[runlim] sample:		589.44 time, 590.01 real, 1122 MB, 1.01 load
SAT

=> TOTAL COMPLETION TIME (Makespan / UB): 5192
Schedule is valid
 Time taken: 595.36 seconds
SAT

=> TOTAL COMPLETION TIME (Makespan / UB): 5191
Schedule is valid
 Time taken: 595.92 seconds
SAT

=> TOTAL COMPLETION TIME (Makespan / UB): 5190
Schedule is valid
 Time taken: 596.39 seconds
SAT

=> TOTAL COMPLETION TIME (Makespan / UB): 5189
Schedule is valid
 Time taken: 599.71 seconds
[runlim] sample:		599.43 time, 600.01 real, 1122 MB, 1.00 load
[runlim] end:			Sun May  3 22:48:51 2026
[runlim] status:		out of time
[runlim] result:		2
[runlim] children:		1
[runlim] processes:		2
[runlim] real:			601.06 seconds
[runlim] time:			599.43 seconds
[runlim] space:			1559 MB
[runlim] load:			1.38 maximum
[runlim] samples:		6000
