[runlim] version:		2.0.0rc12
[runlim] host:			ap-Precision-7550
[runlim] time limit:		311040000 seconds
[runlim] real time limit:	600 seconds
[runlim] space limit:		15624 MB
[runlim] argv[0]:		python3
[runlim] argv[1]:		-u
[runlim] argv[2]:		main.py
[runlim] argv[3]:		datasets/hurink/vdata/car2.txt
[runlim] start:			Sun May  3 22:48:51 2026
[runlim] child:			8083
Greedy Schedule UB: 6693
Building constraints took 9.55 seconds.
[runlim] sample:		9.97 time, 10.01 real, 1108 MB, 1.00 load
SAT

=> TOTAL COMPLETION TIME (Makespan / UB): 6692
Schedule is valid
 Time taken: 15.98 seconds
SAT

=> TOTAL COMPLETION TIME (Makespan / UB): 6691
Schedule is valid
 Time taken: 16.61 seconds
SAT

=> TOTAL COMPLETION TIME (Makespan / UB): 6690
Schedule is valid
 Time taken: 16.72 seconds
SAT

=> TOTAL COMPLETION TIME (Makespan / UB): 6689
Schedule is valid
 Time taken: 16.83 seconds
SAT

=> TOTAL COMPLETION TIME (Makespan / UB): 6688
Schedule is valid
 Time taken: 16.94 seconds
SAT

=> TOTAL COMPLETION TIME (Makespan / UB): 6687
Schedule is valid
 Time taken: 17.05 seconds
SAT

=> TOTAL COMPLETION TIME (Makespan / UB): 6686
Schedule is valid
 Time taken: 17.16 seconds
SAT

=> TOTAL COMPLETION TIME (Makespan / UB): 6685
Schedule is valid
 Time taken: 17.27 seconds
SAT

=> TOTAL COMPLETION TIME (Makespan / UB): 6684
Schedule is valid
 Time taken: 17.37 seconds
SAT

=> TOTAL COMPLETION TIME (Makespan / UB): 6683
Schedule is valid
 Time taken: 17.48 seconds
SAT

=> TOTAL COMPLETION TIME (Makespan / UB): 6682
Schedule is valid
 Time taken: 17.59 seconds
SAT

=> TOTAL COMPLETION TIME (Makespan / UB): 6681
Schedule is valid
 Time taken: 17.70 seconds
SAT

=> TOTAL COMPLETION TIME (Makespan / UB): 6680
Schedule is valid
 Time taken: 17.81 seconds
SAT

=> TOTAL COMPLETION TIME (Makespan / UB): 6679
Schedule is valid
 Time taken: 17.92 seconds
SAT

=> TOTAL COMPLETION TIME (Makespan / UB): 6678
Schedule is valid
 Time taken: 18.03 seconds
SAT

=> TOTAL COMPLETION TIME (Makespan / UB): 6677
Schedule is valid
 Time taken: 18.14 seconds
SAT

=> TOTAL COMPLETION TIME (Makespan / UB): 6676
Schedule is valid
 Time taken: 18.25 seconds
SAT

=> TOTAL COMPLETION TIME (Makespan / UB): 6675
Schedule is valid
 Time taken: 18.35 seconds
SAT

=> TOTAL COMPLETION TIME (Makespan / UB): 6674
Schedule is valid
 Time taken: 18.46 seconds
SAT

=> TOTAL COMPLETION TIME (Makespan / UB): 6673
Schedule is valid
 Time taken: 18.57 seconds
SAT

=> TOTAL COMPLETION TIME (Makespan / UB): 6672
Schedule is valid
 Time taken: 18.68 seconds
SAT

=> TOTAL COMPLETION TIME (Makespan / UB): 6671
Schedule is valid
 Time taken: 18.79 seconds
SAT

=> TOTAL COMPLETION TIME (Makespan / UB): 6670
Schedule is valid
 Time taken: 18.90 seconds
SAT

=> TOTAL COMPLETION TIME (Makespan / UB): 6669
Schedule is valid
 Time taken: 19.01 seconds
SAT

=> TOTAL COMPLETION TIME (Makespan / UB): 6668
Schedule is valid
 Time taken: 19.12 seconds
SAT

=> TOTAL COMPLETION TIME (Makespan / UB): 6667
Schedule is valid
 Time taken: 19.23 seconds
SAT

=> TOTAL COMPLETION TIME (Makespan / UB): 6666
Schedule is valid
 Time taken: 19.34 seconds
SAT

=> TOTAL COMPLETION TIME (Makespan / UB): 6665
Schedule is valid
 Time taken: 19.45 seconds
SAT

=> TOTAL COMPLETION TIME (Makespan / UB): 6664
Schedule is valid
 Time taken: 19.56 seconds
SAT

=> TOTAL COMPLETION TIME (Makespan / UB): 6663
Schedule is valid
 Time taken: 19.67 seconds
SAT

=> TOTAL COMPLETION TIME (Makespan / UB): 6662
Schedule is valid
 Time taken: 19.77 seconds
SAT

=> TOTAL COMPLETION TIME (Makespan / UB): 6661
Schedule is valid
 Time taken: 19.88 seconds
SAT

=> TOTAL COMPLETION TIME (Makespan / UB): 6660
[runlim] sample:		19.97 time, 20.01 real, 1552 MB, 1.00 load
Schedule is valid
 Time taken: 19.99 seconds
SAT

=> TOTAL COMPLETION TIME (Makespan / UB): 6659
Schedule is valid
 Time taken: 20.10 seconds
SAT

=> TOTAL COMPLETION TIME (Makespan / UB): 6658
Schedule is valid
 Time taken: 20.20 seconds
SAT

=> TOTAL COMPLETION TIME (Makespan / UB): 6657
Schedule is valid
 Time taken: 20.31 seconds
SAT

=> TOTAL COMPLETION TIME (Makespan / UB): 6656
Schedule is valid
 Time taken: 20.42 seconds
SAT

=> TOTAL COMPLETION TIME (Makespan / UB): 6655
Schedule is valid
 Time taken: 20.53 seconds
SAT

=> TOTAL COMPLETION TIME (Makespan / UB): 6654
Schedule is valid
 Time taken: 20.64 seconds
SAT

=> TOTAL COMPLETION TIME (Makespan / UB): 6653
Schedule is valid
 Time taken: 20.74 seconds
SAT

=> TOTAL COMPLETION TIME (Makespan / UB): 6652
Schedule is valid
 Time taken: 20.85 seconds
SAT

=> TOTAL COMPLETION TIME (Makespan / UB): 6651
Schedule is valid
 Time taken: 20.96 seconds
SAT

=> TOTAL COMPLETION TIME (Makespan / UB): 6650
Schedule is valid
 Time taken: 21.06 seconds
SAT

=> TOTAL COMPLETION TIME (Makespan / UB): 6649
Schedule is valid
 Time taken: 21.17 seconds
SAT

=> TOTAL COMPLETION TIME (Makespan / UB): 6648
Schedule is valid
 Time taken: 21.28 seconds
SAT

=> TOTAL COMPLETION TIME (Makespan / UB): 6647
Schedule is valid
 Time taken: 21.38 seconds
SAT

=> TOTAL COMPLETION TIME (Makespan / UB): 6646
Schedule is valid
 Time taken: 21.49 seconds
SAT

=> TOTAL COMPLETION TIME (Makespan / UB): 6645
Schedule is valid
 Time taken: 21.60 seconds
SAT

=> TOTAL COMPLETION TIME (Makespan / UB): 6644
Schedule is valid
 Time taken: 21.71 seconds
SAT

=> TOTAL COMPLETION TIME (Makespan / UB): 6643
Schedule is valid
 Time taken: 21.81 seconds
SAT

=> TOTAL COMPLETION TIME (Makespan / UB): 6642
Schedule is valid
 Time taken: 21.92 seconds
SAT

=> TOTAL COMPLETION TIME (Makespan / UB): 6641
Schedule is valid
 Time taken: 22.03 seconds
SAT

=> TOTAL COMPLETION TIME (Makespan / UB): 6640
Schedule is valid
 Time taken: 22.13 seconds
SAT

=> TOTAL COMPLETION TIME (Makespan / UB): 6639
Schedule is valid
 Time taken: 22.24 seconds
SAT

=> TOTAL COMPLETION TIME (Makespan / UB): 6638
Schedule is valid
 Time taken: 22.35 seconds
SAT

=> TOTAL COMPLETION TIME (Makespan / UB): 6637
Schedule is valid
 Time taken: 22.46 seconds
SAT

=> TOTAL COMPLETION TIME (Makespan / UB): 6636
Schedule is valid
 Time taken: 22.56 seconds
SAT

=> TOTAL COMPLETION TIME (Makespan / UB): 6635
Schedule is valid
 Time taken: 22.67 seconds
SAT

=> TOTAL COMPLETION TIME (Makespan / UB): 6634
Schedule is valid
 Time taken: 22.78 seconds
SAT

=> TOTAL COMPLETION TIME (Makespan / UB): 6633
Schedule is valid
 Time taken: 22.88 seconds
SAT

=> TOTAL COMPLETION TIME (Makespan / UB): 6632
Schedule is valid
 Time taken: 22.99 seconds
SAT

=> TOTAL COMPLETION TIME (Makespan / UB): 6631
Schedule is valid
 Time taken: 23.10 seconds
SAT

=> TOTAL COMPLETION TIME (Makespan / UB): 6630
Schedule is valid
 Time taken: 23.21 seconds
SAT

=> TOTAL COMPLETION TIME (Makespan / UB): 6629
Schedule is valid
 Time taken: 23.32 seconds
SAT

=> TOTAL COMPLETION TIME (Makespan / UB): 6628
Schedule is valid
 Time taken: 23.43 seconds
SAT

=> TOTAL COMPLETION TIME (Makespan / UB): 6627
Schedule is valid
 Time taken: 23.54 seconds
SAT

=> TOTAL COMPLETION TIME (Makespan / UB): 6626
Schedule is valid
 Time taken: 23.65 seconds
SAT

=> TOTAL COMPLETION TIME (Makespan / UB): 6625
Schedule is valid
 Time taken: 23.76 seconds
SAT

=> TOTAL COMPLETION TIME (Makespan / UB): 6624
Schedule is valid
 Time taken: 23.87 seconds
SAT

=> TOTAL COMPLETION TIME (Makespan / UB): 6623
Schedule is valid
 Time taken: 23.98 seconds
SAT

=> TOTAL COMPLETION TIME (Makespan / UB): 6622
Schedule is valid
 Time taken: 24.09 seconds
SAT

=> TOTAL COMPLETION TIME (Makespan / UB): 6621
Schedule is valid
 Time taken: 24.20 seconds
SAT

=> TOTAL COMPLETION TIME (Makespan / UB): 6620
Schedule is valid
 Time taken: 24.31 seconds
SAT

=> TOTAL COMPLETION TIME (Makespan / UB): 6619
Schedule is valid
 Time taken: 24.42 seconds
SAT

=> TOTAL COMPLETION TIME (Makespan / UB): 6618
Schedule is valid
 Time taken: 24.53 seconds
SAT

=> TOTAL COMPLETION TIME (Makespan / UB): 6617
Schedule is valid
 Time taken: 24.64 seconds
SAT

=> TOTAL COMPLETION TIME (Makespan / UB): 6616
Schedule is valid
 Time taken: 24.75 seconds
SAT

=> TOTAL COMPLETION TIME (Makespan / UB): 6615
Schedule is valid
 Time taken: 24.86 seconds
SAT

=> TOTAL COMPLETION TIME (Makespan / UB): 6614
Schedule is valid
 Time taken: 24.97 seconds
SAT

=> TOTAL COMPLETION TIME (Makespan / UB): 6613
Schedule is valid
 Time taken: 25.08 seconds
SAT

=> TOTAL COMPLETION TIME (Makespan / UB): 6612
Schedule is valid
 Time taken: 25.19 seconds
SAT

=> TOTAL COMPLETION TIME (Makespan / UB): 6611
Schedule is valid
 Time taken: 25.30 seconds
SAT

=> TOTAL COMPLETION TIME (Makespan / UB): 6610
Schedule is valid
 Time taken: 25.41 seconds
SAT

=> TOTAL COMPLETION TIME (Makespan / UB): 6609
Schedule is valid
 Time taken: 25.52 seconds
SAT

=> TOTAL COMPLETION TIME (Makespan / UB): 6608
Schedule is valid
 Time taken: 25.63 seconds
SAT

=> TOTAL COMPLETION TIME (Makespan / UB): 6607
Schedule is valid
 Time taken: 25.74 seconds
SAT

=> TOTAL COMPLETION TIME (Makespan / UB): 6606
Schedule is valid
 Time taken: 25.85 seconds
SAT

=> TOTAL COMPLETION TIME (Makespan / UB): 6605
Schedule is valid
 Time taken: 25.96 seconds
SAT

=> TOTAL COMPLETION TIME (Makespan / UB): 6604
Schedule is valid
 Time taken: 26.07 seconds
SAT

=> TOTAL COMPLETION TIME (Makespan / UB): 6603
Schedule is valid
 Time taken: 26.18 seconds
SAT

=> TOTAL COMPLETION TIME (Makespan / UB): 6602
Schedule is valid
 Time taken: 26.29 seconds
SAT

=> TOTAL COMPLETION TIME (Makespan / UB): 6601
Schedule is valid
 Time taken: 26.40 seconds
SAT

=> TOTAL COMPLETION TIME (Makespan / UB): 6600
Schedule is valid
 Time taken: 26.51 seconds
SAT

=> TOTAL COMPLETION TIME (Makespan / UB): 6599
Schedule is valid
 Time taken: 26.62 seconds
SAT

=> TOTAL COMPLETION TIME (Makespan / UB): 6598
Schedule is valid
 Time taken: 26.73 seconds
SAT

=> TOTAL COMPLETION TIME (Makespan / UB): 6597
Schedule is valid
 Time taken: 26.84 seconds
SAT

=> TOTAL COMPLETION TIME (Makespan / UB): 6596
Schedule is valid
 Time taken: 26.95 seconds
SAT

=> TOTAL COMPLETION TIME (Makespan / UB): 6595
Schedule is valid
 Time taken: 27.06 seconds
SAT

=> TOTAL COMPLETION TIME (Makespan / UB): 6594
Schedule is valid
 Time taken: 27.17 seconds
SAT

=> TOTAL COMPLETION TIME (Makespan / UB): 6593
Schedule is valid
 Time taken: 27.28 seconds
SAT

=> TOTAL COMPLETION TIME (Makespan / UB): 6592
Schedule is valid
 Time taken: 27.39 seconds
SAT

=> TOTAL COMPLETION TIME (Makespan / UB): 6591
Schedule is valid
 Time taken: 27.50 seconds
SAT

=> TOTAL COMPLETION TIME (Makespan / UB): 6590
Schedule is valid
 Time taken: 27.61 seconds
SAT

=> TOTAL COMPLETION TIME (Makespan / UB): 6589
Schedule is valid
 Time taken: 27.72 seconds
SAT

=> TOTAL COMPLETION TIME (Makespan / UB): 6588
Schedule is valid
 Time taken: 27.83 seconds
SAT

=> TOTAL COMPLETION TIME (Makespan / UB): 6587
Schedule is valid
 Time taken: 27.94 seconds
SAT

=> TOTAL COMPLETION TIME (Makespan / UB): 6586
Schedule is valid
 Time taken: 28.05 seconds
SAT

=> TOTAL COMPLETION TIME (Makespan / UB): 6585
Schedule is valid
 Time taken: 28.16 seconds
SAT

=> TOTAL COMPLETION TIME (Makespan / UB): 6584
Schedule is valid
 Time taken: 28.27 seconds
SAT

=> TOTAL COMPLETION TIME (Makespan / UB): 6583
Schedule is valid
 Time taken: 28.38 seconds
SAT

=> TOTAL COMPLETION TIME (Makespan / UB): 6582
Schedule is valid
 Time taken: 28.49 seconds
SAT

=> TOTAL COMPLETION TIME (Makespan / UB): 6581
Schedule is valid
 Time taken: 28.60 seconds
SAT

=> TOTAL COMPLETION TIME (Makespan / UB): 6580
Schedule is valid
 Time taken: 28.71 seconds
SAT

=> TOTAL COMPLETION TIME (Makespan / UB): 6579
Schedule is valid
 Time taken: 28.82 seconds
SAT

=> TOTAL COMPLETION TIME (Makespan / UB): 6578
Schedule is valid
 Time taken: 28.93 seconds
SAT

=> TOTAL COMPLETION TIME (Makespan / UB): 6577
Schedule is valid
 Time taken: 29.04 seconds
SAT

=> TOTAL COMPLETION TIME (Makespan / UB): 6576
Schedule is valid
 Time taken: 29.15 seconds
SAT

=> TOTAL COMPLETION TIME (Makespan / UB): 6575
Schedule is valid
 Time taken: 29.26 seconds
SAT

=> TOTAL COMPLETION TIME (Makespan / UB): 6574
Schedule is valid
 Time taken: 29.37 seconds
SAT

=> TOTAL COMPLETION TIME (Makespan / UB): 6573
Schedule is valid
 Time taken: 29.49 seconds
SAT

=> TOTAL COMPLETION TIME (Makespan / UB): 6572
Schedule is valid
 Time taken: 29.60 seconds
SAT

=> TOTAL COMPLETION TIME (Makespan / UB): 6571
Schedule is valid
 Time taken: 29.71 seconds
SAT

=> TOTAL COMPLETION TIME (Makespan / UB): 6570
Schedule is valid
 Time taken: 29.82 seconds
SAT

=> TOTAL COMPLETION TIME (Makespan / UB): 6569
Schedule is valid
 Time taken: 29.93 seconds
[runlim] sample:		29.94 time, 30.01 real, 1538 MB, 1.08 load
SAT

=> TOTAL COMPLETION TIME (Makespan / UB): 6568
Schedule is valid
 Time taken: 30.04 seconds
SAT

=> TOTAL COMPLETION TIME (Makespan / UB): 6567
Schedule is valid
 Time taken: 30.15 seconds
SAT

=> TOTAL COMPLETION TIME (Makespan / UB): 6566
Schedule is valid
 Time taken: 30.26 seconds
SAT

=> TOTAL COMPLETION TIME (Makespan / UB): 6565
Schedule is valid
 Time taken: 30.37 seconds
SAT

=> TOTAL COMPLETION TIME (Makespan / UB): 6564
Schedule is valid
 Time taken: 30.48 seconds
SAT

=> TOTAL COMPLETION TIME (Makespan / UB): 6563
Schedule is valid
 Time taken: 30.59 seconds
SAT

=> TOTAL COMPLETION TIME (Makespan / UB): 6562
Schedule is valid
 Time taken: 30.70 seconds
SAT

=> TOTAL COMPLETION TIME (Makespan / UB): 6561
Schedule is valid
 Time taken: 30.82 seconds
SAT

=> TOTAL COMPLETION TIME (Makespan / UB): 6560
Schedule is valid
 Time taken: 30.93 seconds
SAT

=> TOTAL COMPLETION TIME (Makespan / UB): 6558
Schedule is valid
 Time taken: 31.09 seconds
SAT

=> TOTAL COMPLETION TIME (Makespan / UB): 6557
Schedule is valid
 Time taken: 31.21 seconds
SAT

=> TOTAL COMPLETION TIME (Makespan / UB): 6556
Schedule is valid
 Time taken: 31.32 seconds
SAT

=> TOTAL COMPLETION TIME (Makespan / UB): 6555
Schedule is valid
 Time taken: 31.43 seconds
SAT

=> TOTAL COMPLETION TIME (Makespan / UB): 6554
Schedule is valid
 Time taken: 31.55 seconds
SAT

=> TOTAL COMPLETION TIME (Makespan / UB): 6553
Schedule is valid
 Time taken: 31.70 seconds
SAT

=> TOTAL COMPLETION TIME (Makespan / UB): 6552
Schedule is valid
 Time taken: 31.82 seconds
SAT

=> TOTAL COMPLETION TIME (Makespan / UB): 6551
Schedule is valid
 Time taken: 31.93 seconds
SAT

=> TOTAL COMPLETION TIME (Makespan / UB): 6550
Schedule is valid
 Time taken: 32.04 seconds
SAT

=> TOTAL COMPLETION TIME (Makespan / UB): 6549
Schedule is valid
 Time taken: 32.15 seconds
SAT

=> TOTAL COMPLETION TIME (Makespan / UB): 6548
Schedule is valid
 Time taken: 32.27 seconds
SAT

=> TOTAL COMPLETION TIME (Makespan / UB): 6547
Schedule is valid
 Time taken: 32.38 seconds
SAT

=> TOTAL COMPLETION TIME (Makespan / UB): 6546
Schedule is valid
 Time taken: 32.49 seconds
SAT

=> TOTAL COMPLETION TIME (Makespan / UB): 6545
Schedule is valid
 Time taken: 32.60 seconds
SAT

=> TOTAL COMPLETION TIME (Makespan / UB): 6544
Schedule is valid
 Time taken: 32.71 seconds
SAT

=> TOTAL COMPLETION TIME (Makespan / UB): 6543
Schedule is valid
 Time taken: 32.83 seconds
SAT

=> TOTAL COMPLETION TIME (Makespan / UB): 6542
Schedule is valid
 Time taken: 32.94 seconds
SAT

=> TOTAL COMPLETION TIME (Makespan / UB): 6541
Schedule is valid
 Time taken: 33.05 seconds
SAT

=> TOTAL COMPLETION TIME (Makespan / UB): 6540
Schedule is valid
 Time taken: 33.16 seconds
SAT

=> TOTAL COMPLETION TIME (Makespan / UB): 6539
Schedule is valid
 Time taken: 33.27 seconds
[runlim] sample:		39.92 time, 40.01 real, 1507 MB, 1.07 load
[runlim] sample:		49.90 time, 50.01 real, 1578 MB, 1.06 load
[runlim] sample:		59.89 time, 60.01 real, 1547 MB, 1.05 load
SAT

=> TOTAL COMPLETION TIME (Makespan / UB): 6538
Schedule is valid
 Time taken: 68.43 seconds
[runlim] sample:		69.87 time, 70.01 real, 1832 MB, 1.04 load
[runlim] sample:		79.87 time, 80.01 real, 1566 MB, 1.11 load
SAT

=> TOTAL COMPLETION TIME (Makespan / UB): 6526
Schedule is valid
 Time taken: 83.44 seconds
SAT

=> TOTAL COMPLETION TIME (Makespan / UB): 6525
Schedule is valid
 Time taken: 86.84 seconds
SAT

=> TOTAL COMPLETION TIME (Makespan / UB): 6524
Schedule is valid
 Time taken: 87.09 seconds
[runlim] sample:		89.86 time, 90.01 real, 1507 MB, 1.18 load
SAT

=> TOTAL COMPLETION TIME (Makespan / UB): 6523
Schedule is valid
 Time taken: 90.42 seconds
SAT

=> TOTAL COMPLETION TIME (Makespan / UB): 6522
Schedule is valid
 Time taken: 92.01 seconds
SAT

=> TOTAL COMPLETION TIME (Makespan / UB): 6521
Schedule is valid
 Time taken: 94.66 seconds
SAT

=> TOTAL COMPLETION TIME (Makespan / UB): 6520
Schedule is valid
 Time taken: 97.71 seconds
SAT

=> TOTAL COMPLETION TIME (Makespan / UB): 6480
Schedule is valid
 Time taken: 98.70 seconds
SAT

=> TOTAL COMPLETION TIME (Makespan / UB): 6479
Schedule is valid
 Time taken: 99.48 seconds
[runlim] sample:		99.86 time, 100.01 real, 1515 MB, 1.15 load
SAT

=> TOTAL COMPLETION TIME (Makespan / UB): 6478
Schedule is valid
 Time taken: 100.16 seconds
SAT

=> TOTAL COMPLETION TIME (Makespan / UB): 6477
Schedule is valid
 Time taken: 101.10 seconds
SAT

=> TOTAL COMPLETION TIME (Makespan / UB): 6476
Schedule is valid
 Time taken: 102.09 seconds
SAT

=> TOTAL COMPLETION TIME (Makespan / UB): 6475
Schedule is valid
 Time taken: 102.97 seconds
SAT

=> TOTAL COMPLETION TIME (Makespan / UB): 6474
Schedule is valid
 Time taken: 103.66 seconds
SAT

=> TOTAL COMPLETION TIME (Makespan / UB): 6473
Schedule is valid
 Time taken: 104.33 seconds
SAT

=> TOTAL COMPLETION TIME (Makespan / UB): 6472
Schedule is valid
 Time taken: 105.10 seconds
SAT

=> TOTAL COMPLETION TIME (Makespan / UB): 6471
Schedule is valid
 Time taken: 107.98 seconds
SAT

=> TOTAL COMPLETION TIME (Makespan / UB): 6360
Schedule is valid
 Time taken: 108.86 seconds
SAT

=> TOTAL COMPLETION TIME (Makespan / UB): 6359
Schedule is valid
 Time taken: 109.60 seconds
SAT

=> TOTAL COMPLETION TIME (Makespan / UB): 6358
Schedule is valid
 Time taken: 109.73 seconds
[runlim] sample:		109.84 time, 110.01 real, 1502 MB, 1.13 load
SAT

=> TOTAL COMPLETION TIME (Makespan / UB): 6357
Schedule is valid
 Time taken: 110.37 seconds
SAT

=> TOTAL COMPLETION TIME (Makespan / UB): 6356
Schedule is valid
 Time taken: 110.47 seconds
SAT

=> TOTAL COMPLETION TIME (Makespan / UB): 6355
Schedule is valid
 Time taken: 111.06 seconds
SAT

=> TOTAL COMPLETION TIME (Makespan / UB): 6354
Schedule is valid
 Time taken: 111.16 seconds
SAT

=> TOTAL COMPLETION TIME (Makespan / UB): 6353
Schedule is valid
 Time taken: 111.75 seconds
SAT

=> TOTAL COMPLETION TIME (Makespan / UB): 6352
Schedule is valid
 Time taken: 111.85 seconds
SAT

=> TOTAL COMPLETION TIME (Makespan / UB): 6351
Schedule is valid
 Time taken: 112.44 seconds
SAT

=> TOTAL COMPLETION TIME (Makespan / UB): 6350
Schedule is valid
 Time taken: 112.54 seconds
SAT

=> TOTAL COMPLETION TIME (Makespan / UB): 6349
Schedule is valid
 Time taken: 113.13 seconds
SAT

=> TOTAL COMPLETION TIME (Makespan / UB): 6348
Schedule is valid
 Time taken: 113.23 seconds
SAT

=> TOTAL COMPLETION TIME (Makespan / UB): 6347
Schedule is valid
 Time taken: 113.82 seconds
SAT

=> TOTAL COMPLETION TIME (Makespan / UB): 6346
Schedule is valid
 Time taken: 113.91 seconds
SAT

=> TOTAL COMPLETION TIME (Makespan / UB): 6345
Schedule is valid
 Time taken: 114.01 seconds
SAT

=> TOTAL COMPLETION TIME (Makespan / UB): 6344
Schedule is valid
 Time taken: 114.10 seconds
SAT

=> TOTAL COMPLETION TIME (Makespan / UB): 6343
Schedule is valid
 Time taken: 114.20 seconds
SAT

=> TOTAL COMPLETION TIME (Makespan / UB): 6342
Schedule is valid
 Time taken: 114.29 seconds
SAT

=> TOTAL COMPLETION TIME (Makespan / UB): 6341
Schedule is valid
 Time taken: 114.38 seconds
SAT

=> TOTAL COMPLETION TIME (Makespan / UB): 6340
Schedule is valid
 Time taken: 114.48 seconds
SAT

=> TOTAL COMPLETION TIME (Makespan / UB): 6339
Schedule is valid
 Time taken: 114.57 seconds
SAT

=> TOTAL COMPLETION TIME (Makespan / UB): 6338
Schedule is valid
 Time taken: 114.67 seconds
SAT

=> TOTAL COMPLETION TIME (Makespan / UB): 6337
Schedule is valid
 Time taken: 114.76 seconds
SAT

=> TOTAL COMPLETION TIME (Makespan / UB): 6336
Schedule is valid
 Time taken: 114.86 seconds
SAT

=> TOTAL COMPLETION TIME (Makespan / UB): 6335
Schedule is valid
 Time taken: 114.95 seconds
SAT

=> TOTAL COMPLETION TIME (Makespan / UB): 6334
Schedule is valid
 Time taken: 115.04 seconds
SAT

=> TOTAL COMPLETION TIME (Makespan / UB): 6333
Schedule is valid
 Time taken: 115.14 seconds
SAT

=> TOTAL COMPLETION TIME (Makespan / UB): 6332
Schedule is valid
 Time taken: 115.23 seconds
SAT

=> TOTAL COMPLETION TIME (Makespan / UB): 6331
Schedule is valid
 Time taken: 115.33 seconds
SAT

=> TOTAL COMPLETION TIME (Makespan / UB): 6330
Schedule is valid
 Time taken: 115.42 seconds
SAT

=> TOTAL COMPLETION TIME (Makespan / UB): 6329
Schedule is valid
 Time taken: 115.51 seconds
SAT

=> TOTAL COMPLETION TIME (Makespan / UB): 6328
Schedule is valid
 Time taken: 115.61 seconds
SAT

=> TOTAL COMPLETION TIME (Makespan / UB): 6327
Schedule is valid
 Time taken: 115.70 seconds
SAT

=> TOTAL COMPLETION TIME (Makespan / UB): 6326
Schedule is valid
 Time taken: 115.80 seconds
SAT

=> TOTAL COMPLETION TIME (Makespan / UB): 6325
Schedule is valid
 Time taken: 115.89 seconds
SAT

=> TOTAL COMPLETION TIME (Makespan / UB): 6324
Schedule is valid
 Time taken: 115.98 seconds
SAT

=> TOTAL COMPLETION TIME (Makespan / UB): 6323
Schedule is valid
 Time taken: 116.08 seconds
SAT

=> TOTAL COMPLETION TIME (Makespan / UB): 6322
Schedule is valid
 Time taken: 116.17 seconds
SAT

=> TOTAL COMPLETION TIME (Makespan / UB): 6321
Schedule is valid
 Time taken: 116.27 seconds
SAT

=> TOTAL COMPLETION TIME (Makespan / UB): 6320
Schedule is valid
 Time taken: 116.36 seconds
SAT

=> TOTAL COMPLETION TIME (Makespan / UB): 6319
Schedule is valid
 Time taken: 116.46 seconds
SAT

=> TOTAL COMPLETION TIME (Makespan / UB): 6318
Schedule is valid
 Time taken: 116.55 seconds
SAT

=> TOTAL COMPLETION TIME (Makespan / UB): 6317
Schedule is valid
 Time taken: 116.64 seconds
SAT

=> TOTAL COMPLETION TIME (Makespan / UB): 6316
Schedule is valid
 Time taken: 116.74 seconds
SAT

=> TOTAL COMPLETION TIME (Makespan / UB): 6315
Schedule is valid
 Time taken: 116.83 seconds
SAT

=> TOTAL COMPLETION TIME (Makespan / UB): 6314
Schedule is valid
 Time taken: 116.93 seconds
SAT

=> TOTAL COMPLETION TIME (Makespan / UB): 6313
Schedule is valid
 Time taken: 117.02 seconds
SAT

=> TOTAL COMPLETION TIME (Makespan / UB): 6312
Schedule is valid
 Time taken: 117.12 seconds
SAT

=> TOTAL COMPLETION TIME (Makespan / UB): 6311
Schedule is valid
 Time taken: 117.21 seconds
SAT

=> TOTAL COMPLETION TIME (Makespan / UB): 6310
Schedule is valid
 Time taken: 117.30 seconds
SAT

=> TOTAL COMPLETION TIME (Makespan / UB): 6309
Schedule is valid
 Time taken: 117.40 seconds
SAT

=> TOTAL COMPLETION TIME (Makespan / UB): 6308
Schedule is valid
 Time taken: 117.49 seconds
SAT

=> TOTAL COMPLETION TIME (Makespan / UB): 6307
Schedule is valid
 Time taken: 117.59 seconds
SAT

=> TOTAL COMPLETION TIME (Makespan / UB): 6306
Schedule is valid
 Time taken: 117.68 seconds
SAT

=> TOTAL COMPLETION TIME (Makespan / UB): 6305
Schedule is valid
 Time taken: 117.77 seconds
SAT

=> TOTAL COMPLETION TIME (Makespan / UB): 6304
Schedule is valid
 Time taken: 117.87 seconds
SAT

=> TOTAL COMPLETION TIME (Makespan / UB): 6303
Schedule is valid
 Time taken: 117.96 seconds
SAT

=> TOTAL COMPLETION TIME (Makespan / UB): 6302
Schedule is valid
 Time taken: 118.06 seconds
SAT

=> TOTAL COMPLETION TIME (Makespan / UB): 6301
Schedule is valid
 Time taken: 118.15 seconds
SAT

=> TOTAL COMPLETION TIME (Makespan / UB): 6300
Schedule is valid
 Time taken: 118.25 seconds
SAT

=> TOTAL COMPLETION TIME (Makespan / UB): 6299
Schedule is valid
 Time taken: 118.34 seconds
SAT

=> TOTAL COMPLETION TIME (Makespan / UB): 6298
Schedule is valid
 Time taken: 118.43 seconds
SAT

=> TOTAL COMPLETION TIME (Makespan / UB): 6297
Schedule is valid
 Time taken: 118.53 seconds
SAT

=> TOTAL COMPLETION TIME (Makespan / UB): 6296
Schedule is valid
 Time taken: 118.62 seconds
SAT

=> TOTAL COMPLETION TIME (Makespan / UB): 6295
Schedule is valid
 Time taken: 118.72 seconds
SAT

=> TOTAL COMPLETION TIME (Makespan / UB): 6294
Schedule is valid
 Time taken: 118.81 seconds
SAT

=> TOTAL COMPLETION TIME (Makespan / UB): 6293
Schedule is valid
 Time taken: 118.90 seconds
SAT

=> TOTAL COMPLETION TIME (Makespan / UB): 6292
Schedule is valid
 Time taken: 119.00 seconds
SAT

=> TOTAL COMPLETION TIME (Makespan / UB): 6291
Schedule is valid
 Time taken: 119.09 seconds
SAT

=> TOTAL COMPLETION TIME (Makespan / UB): 6290
Schedule is valid
 Time taken: 119.19 seconds
SAT

=> TOTAL COMPLETION TIME (Makespan / UB): 6289
Schedule is valid
 Time taken: 119.28 seconds
SAT

=> TOTAL COMPLETION TIME (Makespan / UB): 6288
Schedule is valid
 Time taken: 119.37 seconds
SAT

=> TOTAL COMPLETION TIME (Makespan / UB): 6287
Schedule is valid
 Time taken: 119.47 seconds
SAT

=> TOTAL COMPLETION TIME (Makespan / UB): 6286
Schedule is valid
 Time taken: 119.56 seconds
SAT

=> TOTAL COMPLETION TIME (Makespan / UB): 6285
Schedule is valid
 Time taken: 119.66 seconds
SAT

=> TOTAL COMPLETION TIME (Makespan / UB): 6284
Schedule is valid
 Time taken: 119.75 seconds
SAT

=> TOTAL COMPLETION TIME (Makespan / UB): 6283
Schedule is valid
 Time taken: 119.84 seconds
SAT

=> TOTAL COMPLETION TIME (Makespan / UB): 6282
Schedule is valid
 Time taken: 119.94 seconds
[runlim] sample:		119.82 time, 120.01 real, 1502 MB, 1.25 load
SAT

=> TOTAL COMPLETION TIME (Makespan / UB): 6281
Schedule is valid
 Time taken: 120.03 seconds
SAT

=> TOTAL COMPLETION TIME (Makespan / UB): 6280
Schedule is valid
 Time taken: 120.13 seconds
SAT

=> TOTAL COMPLETION TIME (Makespan / UB): 6279
Schedule is valid
 Time taken: 120.22 seconds
SAT

=> TOTAL COMPLETION TIME (Makespan / UB): 6278
Schedule is valid
 Time taken: 120.31 seconds
SAT

=> TOTAL COMPLETION TIME (Makespan / UB): 6277
Schedule is valid
 Time taken: 120.41 seconds
SAT

=> TOTAL COMPLETION TIME (Makespan / UB): 6276
Schedule is valid
 Time taken: 120.50 seconds
SAT

=> TOTAL COMPLETION TIME (Makespan / UB): 6275
Schedule is valid
 Time taken: 120.60 seconds
SAT

=> TOTAL COMPLETION TIME (Makespan / UB): 6274
Schedule is valid
 Time taken: 127.29 seconds
SAT

=> TOTAL COMPLETION TIME (Makespan / UB): 6273
Schedule is valid
 Time taken: 127.41 seconds
SAT

=> TOTAL COMPLETION TIME (Makespan / UB): 6272
Schedule is valid
 Time taken: 127.50 seconds
SAT

=> TOTAL COMPLETION TIME (Makespan / UB): 6271
Schedule is valid
 Time taken: 127.59 seconds
SAT

=> TOTAL COMPLETION TIME (Makespan / UB): 6270
Schedule is valid
 Time taken: 127.68 seconds
SAT

=> TOTAL COMPLETION TIME (Makespan / UB): 6269
Schedule is valid
 Time taken: 127.77 seconds
SAT

=> TOTAL COMPLETION TIME (Makespan / UB): 6268
Schedule is valid
 Time taken: 127.86 seconds
SAT

=> TOTAL COMPLETION TIME (Makespan / UB): 6267
Schedule is valid
 Time taken: 127.95 seconds
SAT

=> TOTAL COMPLETION TIME (Makespan / UB): 6266
Schedule is valid
 Time taken: 128.04 seconds
[runlim] sample:		129.81 time, 130.01 real, 1590 MB, 1.21 load
[runlim] sample:		139.80 time, 140.01 real, 1517 MB, 1.18 load
SAT

=> TOTAL COMPLETION TIME (Makespan / UB): 6265
Schedule is valid
 Time taken: 145.01 seconds
[runlim] sample:		149.79 time, 150.01 real, 1484 MB, 1.15 load
SAT

=> TOTAL COMPLETION TIME (Makespan / UB): 6264
Schedule is valid
 Time taken: 150.41 seconds
SAT

=> TOTAL COMPLETION TIME (Makespan / UB): 6263
Schedule is valid
 Time taken: 154.15 seconds
SAT

=> TOTAL COMPLETION TIME (Makespan / UB): 6262
Schedule is valid
 Time taken: 154.90 seconds
SAT

=> TOTAL COMPLETION TIME (Makespan / UB): 6261
Schedule is valid
 Time taken: 155.61 seconds
SAT

=> TOTAL COMPLETION TIME (Makespan / UB): 6260
Schedule is valid
 Time taken: 156.25 seconds
SAT

=> TOTAL COMPLETION TIME (Makespan / UB): 6259
Schedule is valid
 Time taken: 156.88 seconds
SAT

=> TOTAL COMPLETION TIME (Makespan / UB): 6258
Schedule is valid
 Time taken: 157.50 seconds
SAT

=> TOTAL COMPLETION TIME (Makespan / UB): 6257
Schedule is valid
 Time taken: 158.13 seconds
SAT

=> TOTAL COMPLETION TIME (Makespan / UB): 6256
Schedule is valid
 Time taken: 158.75 seconds
SAT

=> TOTAL COMPLETION TIME (Makespan / UB): 6255
Schedule is valid
 Time taken: 159.37 seconds
SAT
[runlim] sample:		159.79 time, 160.01 real, 1499 MB, 1.13 load

=> TOTAL COMPLETION TIME (Makespan / UB): 6254
Schedule is valid
 Time taken: 159.99 seconds
SAT

=> TOTAL COMPLETION TIME (Makespan / UB): 6253
Schedule is valid
 Time taken: 160.61 seconds
SAT

=> TOTAL COMPLETION TIME (Makespan / UB): 6252
Schedule is valid
 Time taken: 161.24 seconds
SAT

=> TOTAL COMPLETION TIME (Makespan / UB): 6251
Schedule is valid
 Time taken: 161.86 seconds
SAT

=> TOTAL COMPLETION TIME (Makespan / UB): 6250
Schedule is valid
 Time taken: 162.48 seconds
SAT

=> TOTAL COMPLETION TIME (Makespan / UB): 6249
Schedule is valid
 Time taken: 163.11 seconds
SAT

=> TOTAL COMPLETION TIME (Makespan / UB): 6248
Schedule is valid
 Time taken: 163.73 seconds
SAT

=> TOTAL COMPLETION TIME (Makespan / UB): 6247
Schedule is valid
 Time taken: 164.35 seconds
SAT

=> TOTAL COMPLETION TIME (Makespan / UB): 6246
Schedule is valid
 Time taken: 164.98 seconds
SAT

=> TOTAL COMPLETION TIME (Makespan / UB): 6245
Schedule is valid
 Time taken: 165.60 seconds
SAT

=> TOTAL COMPLETION TIME (Makespan / UB): 6244
Schedule is valid
 Time taken: 165.73 seconds
SAT

=> TOTAL COMPLETION TIME (Makespan / UB): 6243
Schedule is valid
 Time taken: 166.36 seconds
SAT

=> TOTAL COMPLETION TIME (Makespan / UB): 6242
Schedule is valid
 Time taken: 166.98 seconds
[runlim] sample:		169.79 time, 170.01 real, 1797 MB, 1.11 load
SAT

=> TOTAL COMPLETION TIME (Makespan / UB): 6241
Schedule is valid
 Time taken: 173.46 seconds
SAT

=> TOTAL COMPLETION TIME (Makespan / UB): 6240
Schedule is valid
 Time taken: 174.31 seconds
SAT

=> TOTAL COMPLETION TIME (Makespan / UB): 6239
Schedule is valid
 Time taken: 174.99 seconds
SAT

=> TOTAL COMPLETION TIME (Makespan / UB): 6238
Schedule is valid
 Time taken: 175.61 seconds
SAT

=> TOTAL COMPLETION TIME (Makespan / UB): 6237
Schedule is valid
 Time taken: 176.22 seconds
SAT

=> TOTAL COMPLETION TIME (Makespan / UB): 6236
Schedule is valid
 Time taken: 176.83 seconds
SAT

=> TOTAL COMPLETION TIME (Makespan / UB): 6235
Schedule is valid
 Time taken: 177.44 seconds
SAT

=> TOTAL COMPLETION TIME (Makespan / UB): 6234
Schedule is valid
 Time taken: 178.05 seconds
SAT

=> TOTAL COMPLETION TIME (Makespan / UB): 6233
Schedule is valid
 Time taken: 178.66 seconds
SAT

=> TOTAL COMPLETION TIME (Makespan / UB): 6232
Schedule is valid
 Time taken: 179.27 seconds
SAT

=> TOTAL COMPLETION TIME (Makespan / UB): 6231
Schedule is valid
 Time taken: 179.88 seconds
[runlim] sample:		179.78 time, 180.01 real, 1483 MB, 1.17 load
SAT

=> TOTAL COMPLETION TIME (Makespan / UB): 6230
Schedule is valid
 Time taken: 180.49 seconds
SAT

=> TOTAL COMPLETION TIME (Makespan / UB): 6229
Schedule is valid
 Time taken: 181.10 seconds
SAT

=> TOTAL COMPLETION TIME (Makespan / UB): 6228
Schedule is valid
 Time taken: 181.71 seconds
SAT

=> TOTAL COMPLETION TIME (Makespan / UB): 6227
Schedule is valid
 Time taken: 182.31 seconds
SAT

=> TOTAL COMPLETION TIME (Makespan / UB): 6226
Schedule is valid
 Time taken: 182.93 seconds
SAT

=> TOTAL COMPLETION TIME (Makespan / UB): 6225
Schedule is valid
 Time taken: 183.54 seconds
SAT

=> TOTAL COMPLETION TIME (Makespan / UB): 6224
Schedule is valid
 Time taken: 184.15 seconds
SAT

=> TOTAL COMPLETION TIME (Makespan / UB): 6223
Schedule is valid
 Time taken: 184.76 seconds
SAT

=> TOTAL COMPLETION TIME (Makespan / UB): 6222
Schedule is valid
 Time taken: 185.37 seconds
SAT

=> TOTAL COMPLETION TIME (Makespan / UB): 6221
Schedule is valid
 Time taken: 185.98 seconds
SAT

=> TOTAL COMPLETION TIME (Makespan / UB): 6220
Schedule is valid
 Time taken: 186.63 seconds
SAT

=> TOTAL COMPLETION TIME (Makespan / UB): 6219
Schedule is valid
 Time taken: 187.27 seconds
SAT

=> TOTAL COMPLETION TIME (Makespan / UB): 6218
Schedule is valid
 Time taken: 189.46 seconds
[runlim] sample:		189.77 time, 190.01 real, 1483 MB, 1.15 load
SAT

=> TOTAL COMPLETION TIME (Makespan / UB): 6217
Schedule is valid
 Time taken: 190.25 seconds
[runlim] sample:		199.76 time, 200.01 real, 1536 MB, 1.12 load
SAT

=> TOTAL COMPLETION TIME (Makespan / UB): 6216
Schedule is valid
 Time taken: 207.99 seconds
[runlim] sample:		209.75 time, 210.01 real, 1483 MB, 1.10 load
SAT

=> TOTAL COMPLETION TIME (Makespan / UB): 6215
Schedule is valid
 Time taken: 212.45 seconds
SAT

=> TOTAL COMPLETION TIME (Makespan / UB): 6214
Schedule is valid
 Time taken: 213.29 seconds
SAT

=> TOTAL COMPLETION TIME (Makespan / UB): 6213
Schedule is valid
 Time taken: 217.78 seconds
SAT

=> TOTAL COMPLETION TIME (Makespan / UB): 6212
Schedule is valid
 Time taken: 218.60 seconds
[runlim] sample:		219.75 time, 220.01 real, 1486 MB, 1.09 load
SAT

=> TOTAL COMPLETION TIME (Makespan / UB): 6211
Schedule is valid
 Time taken: 224.63 seconds
SAT

=> TOTAL COMPLETION TIME (Makespan / UB): 6210
Schedule is valid
 Time taken: 229.42 seconds
[runlim] sample:		229.74 time, 230.01 real, 1481 MB, 1.07 load
SAT

=> TOTAL COMPLETION TIME (Makespan / UB): 6209
Schedule is valid
 Time taken: 230.23 seconds
SAT

=> TOTAL COMPLETION TIME (Makespan / UB): 6208
Schedule is valid
 Time taken: 230.88 seconds
SAT

=> TOTAL COMPLETION TIME (Makespan / UB): 6207
Schedule is valid
 Time taken: 231.48 seconds
SAT

=> TOTAL COMPLETION TIME (Makespan / UB): 6206
Schedule is valid
 Time taken: 232.07 seconds
SAT

=> TOTAL COMPLETION TIME (Makespan / UB): 6205
Schedule is valid
 Time taken: 232.66 seconds
SAT

=> TOTAL COMPLETION TIME (Makespan / UB): 6204
Schedule is valid
 Time taken: 233.25 seconds
SAT

=> TOTAL COMPLETION TIME (Makespan / UB): 6203
Schedule is valid
 Time taken: 233.85 seconds
SAT

=> TOTAL COMPLETION TIME (Makespan / UB): 6202
Schedule is valid
 Time taken: 234.44 seconds
SAT

=> TOTAL COMPLETION TIME (Makespan / UB): 6201
Schedule is valid
 Time taken: 235.03 seconds
SAT

=> TOTAL COMPLETION TIME (Makespan / UB): 6200
Schedule is valid
 Time taken: 235.63 seconds
SAT

=> TOTAL COMPLETION TIME (Makespan / UB): 6199
Schedule is valid
 Time taken: 236.22 seconds
SAT

=> TOTAL COMPLETION TIME (Makespan / UB): 6198
Schedule is valid
 Time taken: 236.81 seconds
SAT

=> TOTAL COMPLETION TIME (Makespan / UB): 6197
Schedule is valid
 Time taken: 237.40 seconds
SAT

=> TOTAL COMPLETION TIME (Makespan / UB): 6196
Schedule is valid
 Time taken: 238.00 seconds
SAT

=> TOTAL COMPLETION TIME (Makespan / UB): 6195
Schedule is valid
 Time taken: 238.59 seconds
SAT

=> TOTAL COMPLETION TIME (Makespan / UB): 6194
Schedule is valid
 Time taken: 239.19 seconds
SAT

=> TOTAL COMPLETION TIME (Makespan / UB): 6193
Schedule is valid
 Time taken: 239.78 seconds
[runlim] sample:		239.74 time, 240.01 real, 1481 MB, 1.06 load
SAT

=> TOTAL COMPLETION TIME (Makespan / UB): 6192
Schedule is valid
 Time taken: 240.38 seconds
SAT

=> TOTAL COMPLETION TIME (Makespan / UB): 6191
Schedule is valid
 Time taken: 240.50 seconds
SAT

=> TOTAL COMPLETION TIME (Makespan / UB): 6190
Schedule is valid
 Time taken: 241.10 seconds
SAT

=> TOTAL COMPLETION TIME (Makespan / UB): 6189
Schedule is valid
 Time taken: 241.69 seconds
SAT

=> TOTAL COMPLETION TIME (Makespan / UB): 6188
Schedule is valid
 Time taken: 242.28 seconds
SAT

=> TOTAL COMPLETION TIME (Makespan / UB): 6187
Schedule is valid
 Time taken: 242.93 seconds
[runlim] sample:		249.73 time, 250.01 real, 1793 MB, 1.05 load
SAT

=> TOTAL COMPLETION TIME (Makespan / UB): 6186
Schedule is valid
 Time taken: 252.14 seconds
SAT

=> TOTAL COMPLETION TIME (Makespan / UB): 6185
Schedule is valid
 Time taken: 252.95 seconds
SAT

=> TOTAL COMPLETION TIME (Makespan / UB): 6184
Schedule is valid
 Time taken: 253.61 seconds
SAT

=> TOTAL COMPLETION TIME (Makespan / UB): 6183
Schedule is valid
 Time taken: 254.20 seconds
SAT

=> TOTAL COMPLETION TIME (Makespan / UB): 6182
Schedule is valid
 Time taken: 254.79 seconds
SAT

=> TOTAL COMPLETION TIME (Makespan / UB): 6181
Schedule is valid
 Time taken: 255.38 seconds
SAT

=> TOTAL COMPLETION TIME (Makespan / UB): 6180
Schedule is valid
 Time taken: 255.97 seconds
SAT

=> TOTAL COMPLETION TIME (Makespan / UB): 6179
Schedule is valid
 Time taken: 256.56 seconds
SAT

=> TOTAL COMPLETION TIME (Makespan / UB): 6178
Schedule is valid
 Time taken: 257.14 seconds
SAT

=> TOTAL COMPLETION TIME (Makespan / UB): 6177
Schedule is valid
 Time taken: 257.74 seconds
SAT

=> TOTAL COMPLETION TIME (Makespan / UB): 6176
Schedule is valid
 Time taken: 258.32 seconds
SAT

=> TOTAL COMPLETION TIME (Makespan / UB): 6175
Schedule is valid
 Time taken: 258.91 seconds
SAT

=> TOTAL COMPLETION TIME (Makespan / UB): 6174
Schedule is valid
 Time taken: 259.51 seconds
[runlim] sample:		259.72 time, 260.01 real, 1481 MB, 1.19 load
SAT

=> TOTAL COMPLETION TIME (Makespan / UB): 6173
Schedule is valid
 Time taken: 260.12 seconds
SAT

=> TOTAL COMPLETION TIME (Makespan / UB): 6172
Schedule is valid
 Time taken: 260.73 seconds
SAT

=> TOTAL COMPLETION TIME (Makespan / UB): 6171
Schedule is valid
 Time taken: 261.32 seconds
SAT

=> TOTAL COMPLETION TIME (Makespan / UB): 6170
Schedule is valid
 Time taken: 261.92 seconds
SAT

=> TOTAL COMPLETION TIME (Makespan / UB): 6169
Schedule is valid
 Time taken: 262.51 seconds
SAT

=> TOTAL COMPLETION TIME (Makespan / UB): 6168
Schedule is valid
 Time taken: 263.11 seconds
SAT

=> TOTAL COMPLETION TIME (Makespan / UB): 6167
Schedule is valid
 Time taken: 263.70 seconds
SAT

=> TOTAL COMPLETION TIME (Makespan / UB): 6166
Schedule is valid
 Time taken: 264.30 seconds
SAT

=> TOTAL COMPLETION TIME (Makespan / UB): 6165
Schedule is valid
 Time taken: 264.89 seconds
SAT

=> TOTAL COMPLETION TIME (Makespan / UB): 6164
Schedule is valid
 Time taken: 265.48 seconds
SAT

=> TOTAL COMPLETION TIME (Makespan / UB): 6163
Schedule is valid
 Time taken: 266.08 seconds
SAT

=> TOTAL COMPLETION TIME (Makespan / UB): 6162
Schedule is valid
 Time taken: 266.68 seconds
SAT

=> TOTAL COMPLETION TIME (Makespan / UB): 6161
Schedule is valid
 Time taken: 267.27 seconds
[runlim] sample:		269.72 time, 270.01 real, 1481 MB, 1.16 load
SAT

=> TOTAL COMPLETION TIME (Makespan / UB): 6160
Schedule is valid
 Time taken: 272.33 seconds
SAT

=> TOTAL COMPLETION TIME (Makespan / UB): 6159
Schedule is valid
 Time taken: 275.43 seconds
SAT

=> TOTAL COMPLETION TIME (Makespan / UB): 6158
Schedule is valid
 Time taken: 276.49 seconds
SAT

=> TOTAL COMPLETION TIME (Makespan / UB): 6157
Schedule is valid
 Time taken: 277.19 seconds
[runlim] sample:		279.71 time, 280.01 real, 1545 MB, 1.14 load
[runlim] sample:		289.70 time, 290.01 real, 1572 MB, 1.11 load
SAT

=> TOTAL COMPLETION TIME (Makespan / UB): 6156
Schedule is valid
 Time taken: 293.88 seconds
SAT

=> TOTAL COMPLETION TIME (Makespan / UB): 6155
Schedule is valid
 Time taken: 294.79 seconds
SAT

=> TOTAL COMPLETION TIME (Makespan / UB): 6154
Schedule is valid
 Time taken: 295.50 seconds
SAT

=> TOTAL COMPLETION TIME (Makespan / UB): 6153
Schedule is valid
 Time taken: 296.16 seconds
SAT

=> TOTAL COMPLETION TIME (Makespan / UB): 6152
Schedule is valid
 Time taken: 296.80 seconds
SAT

=> TOTAL COMPLETION TIME (Makespan / UB): 6151
Schedule is valid
 Time taken: 297.44 seconds
SAT

=> TOTAL COMPLETION TIME (Makespan / UB): 6150
Schedule is valid
 Time taken: 298.08 seconds
SAT

=> TOTAL COMPLETION TIME (Makespan / UB): 6149
Schedule is valid
 Time taken: 298.72 seconds
SAT

=> TOTAL COMPLETION TIME (Makespan / UB): 6148
Schedule is valid
 Time taken: 299.36 seconds
SAT
[runlim] sample:		299.69 time, 300.01 real, 1491 MB, 1.10 load

=> TOTAL COMPLETION TIME (Makespan / UB): 6147
Schedule is valid
 Time taken: 300.01 seconds
SAT

=> TOTAL COMPLETION TIME (Makespan / UB): 6146
Schedule is valid
 Time taken: 300.66 seconds
SAT

=> TOTAL COMPLETION TIME (Makespan / UB): 6145
Schedule is valid
 Time taken: 301.31 seconds
SAT

=> TOTAL COMPLETION TIME (Makespan / UB): 6144
Schedule is valid
 Time taken: 301.95 seconds
SAT

=> TOTAL COMPLETION TIME (Makespan / UB): 6143
Schedule is valid
 Time taken: 302.60 seconds
SAT

=> TOTAL COMPLETION TIME (Makespan / UB): 6142
Schedule is valid
 Time taken: 303.24 seconds
SAT

=> TOTAL COMPLETION TIME (Makespan / UB): 6141
Schedule is valid
 Time taken: 303.88 seconds
SAT

=> TOTAL COMPLETION TIME (Makespan / UB): 6140
Schedule is valid
 Time taken: 304.53 seconds
SAT

=> TOTAL COMPLETION TIME (Makespan / UB): 6139
Schedule is valid
 Time taken: 304.68 seconds
SAT

=> TOTAL COMPLETION TIME (Makespan / UB): 6138
Schedule is valid
 Time taken: 305.33 seconds
SAT

=> TOTAL COMPLETION TIME (Makespan / UB): 6137
Schedule is valid
 Time taken: 306.03 seconds
SAT

=> TOTAL COMPLETION TIME (Makespan / UB): 6136
Schedule is valid
 Time taken: 306.68 seconds
SAT

=> TOTAL COMPLETION TIME (Makespan / UB): 6135
Schedule is valid
 Time taken: 307.32 seconds
SAT

=> TOTAL COMPLETION TIME (Makespan / UB): 6134
Schedule is valid
 Time taken: 307.97 seconds
SAT

=> TOTAL COMPLETION TIME (Makespan / UB): 6133
Schedule is valid
 Time taken: 308.61 seconds
SAT

=> TOTAL COMPLETION TIME (Makespan / UB): 6132
Schedule is valid
 Time taken: 309.25 seconds
[runlim] sample:		309.69 time, 310.01 real, 1551 MB, 1.08 load
SAT

=> TOTAL COMPLETION TIME (Makespan / UB): 6131
Schedule is valid
 Time taken: 318.05 seconds
[runlim] sample:		319.68 time, 320.01 real, 1477 MB, 1.07 load
SAT

=> TOTAL COMPLETION TIME (Makespan / UB): 6130
Schedule is valid
 Time taken: 321.56 seconds
[runlim] sample:		329.68 time, 330.01 real, 1475 MB, 1.06 load
SAT

=> TOTAL COMPLETION TIME (Makespan / UB): 6129
Schedule is valid
 Time taken: 330.09 seconds
SAT

=> TOTAL COMPLETION TIME (Makespan / UB): 6128
Schedule is valid
 Time taken: 335.31 seconds
SAT

=> TOTAL COMPLETION TIME (Makespan / UB): 6127
Schedule is valid
 Time taken: 338.16 seconds
[runlim] sample:		339.67 time, 340.01 real, 1476 MB, 1.05 load
SAT

=> TOTAL COMPLETION TIME (Makespan / UB): 6126
Schedule is valid
 Time taken: 346.37 seconds
[runlim] sample:		349.68 time, 350.01 real, 1476 MB, 1.11 load
[runlim] sample:		359.67 time, 360.01 real, 1475 MB, 1.10 load
[runlim] sample:		369.66 time, 370.01 real, 1475 MB, 1.08 load
[runlim] sample:		379.66 time, 380.01 real, 1477 MB, 1.07 load
SAT

=> TOTAL COMPLETION TIME (Makespan / UB): 6125
Schedule is valid
 Time taken: 384.48 seconds
SAT

=> TOTAL COMPLETION TIME (Makespan / UB): 6124
Schedule is valid
 Time taken: 385.09 seconds
SAT

=> TOTAL COMPLETION TIME (Makespan / UB): 6123
Schedule is valid
 Time taken: 385.65 seconds
SAT

=> TOTAL COMPLETION TIME (Makespan / UB): 6122
Schedule is valid
 Time taken: 386.17 seconds
SAT

=> TOTAL COMPLETION TIME (Makespan / UB): 6121
Schedule is valid
 Time taken: 386.68 seconds
SAT

=> TOTAL COMPLETION TIME (Makespan / UB): 6120
Schedule is valid
 Time taken: 387.19 seconds
SAT

=> TOTAL COMPLETION TIME (Makespan / UB): 6119
Schedule is valid
 Time taken: 387.71 seconds
SAT

=> TOTAL COMPLETION TIME (Makespan / UB): 6118
Schedule is valid
 Time taken: 388.22 seconds
SAT

=> TOTAL COMPLETION TIME (Makespan / UB): 6117
Schedule is valid
 Time taken: 388.74 seconds
SAT

=> TOTAL COMPLETION TIME (Makespan / UB): 6116
Schedule is valid
 Time taken: 389.25 seconds
SAT

=> TOTAL COMPLETION TIME (Makespan / UB): 6115
Schedule is valid
 Time taken: 389.76 seconds
[runlim] sample:		389.65 time, 390.01 real, 1477 MB, 1.06 load
SAT

=> TOTAL COMPLETION TIME (Makespan / UB): 6114
Schedule is valid
 Time taken: 390.28 seconds
SAT

=> TOTAL COMPLETION TIME (Makespan / UB): 6113
Schedule is valid
 Time taken: 390.79 seconds
SAT

=> TOTAL COMPLETION TIME (Makespan / UB): 6112
Schedule is valid
 Time taken: 391.30 seconds
SAT

=> TOTAL COMPLETION TIME (Makespan / UB): 6111
Schedule is valid
 Time taken: 391.82 seconds
SAT

=> TOTAL COMPLETION TIME (Makespan / UB): 6110
Schedule is valid
 Time taken: 392.33 seconds
SAT

=> TOTAL COMPLETION TIME (Makespan / UB): 6109
Schedule is valid
 Time taken: 392.85 seconds
SAT

=> TOTAL COMPLETION TIME (Makespan / UB): 6108
Schedule is valid
 Time taken: 393.36 seconds
SAT

=> TOTAL COMPLETION TIME (Makespan / UB): 6107
Schedule is valid
 Time taken: 393.88 seconds
SAT

=> TOTAL COMPLETION TIME (Makespan / UB): 6106
Schedule is valid
 Time taken: 394.39 seconds
SAT

=> TOTAL COMPLETION TIME (Makespan / UB): 6105
Schedule is valid
 Time taken: 394.90 seconds
SAT

=> TOTAL COMPLETION TIME (Makespan / UB): 6104
Schedule is valid
 Time taken: 395.42 seconds
SAT

=> TOTAL COMPLETION TIME (Makespan / UB): 6103
Schedule is valid
 Time taken: 395.93 seconds
SAT

=> TOTAL COMPLETION TIME (Makespan / UB): 6102
Schedule is valid
 Time taken: 396.46 seconds
SAT

=> TOTAL COMPLETION TIME (Makespan / UB): 6101
Schedule is valid
 Time taken: 397.02 seconds
[runlim] sample:		399.65 time, 400.01 real, 1477 MB, 1.05 load
SAT

=> TOTAL COMPLETION TIME (Makespan / UB): 6100
Schedule is valid
 Time taken: 405.12 seconds
[runlim] sample:		409.65 time, 410.01 real, 1472 MB, 1.04 load
SAT

=> TOTAL COMPLETION TIME (Makespan / UB): 6099
Schedule is valid
 Time taken: 414.98 seconds
[runlim] sample:		419.64 time, 420.01 real, 1472 MB, 1.03 load
SAT

=> TOTAL COMPLETION TIME (Makespan / UB): 6065
Schedule is valid
 Time taken: 423.05 seconds
SAT

=> TOTAL COMPLETION TIME (Makespan / UB): 6064
Schedule is valid
 Time taken: 423.29 seconds
[runlim] sample:		429.64 time, 430.01 real, 1471 MB, 1.03 load
SAT

=> TOTAL COMPLETION TIME (Makespan / UB): 6063
Schedule is valid
 Time taken: 434.10 seconds
SAT

=> TOTAL COMPLETION TIME (Makespan / UB): 6062
Schedule is valid
 Time taken: 434.34 seconds
SAT

=> TOTAL COMPLETION TIME (Makespan / UB): 6061
Schedule is valid
 Time taken: 434.49 seconds
SAT

=> TOTAL COMPLETION TIME (Makespan / UB): 6060
Schedule is valid
 Time taken: 434.63 seconds
SAT

=> TOTAL COMPLETION TIME (Makespan / UB): 6059
Schedule is valid
 Time taken: 434.76 seconds
SAT

=> TOTAL COMPLETION TIME (Makespan / UB): 6058
Schedule is valid
 Time taken: 434.90 seconds
SAT

=> TOTAL COMPLETION TIME (Makespan / UB): 6057
Schedule is valid
 Time taken: 435.04 seconds
SAT

=> TOTAL COMPLETION TIME (Makespan / UB): 6056
Schedule is valid
 Time taken: 435.17 seconds
SAT

=> TOTAL COMPLETION TIME (Makespan / UB): 6055
Schedule is valid
 Time taken: 435.31 seconds
SAT

=> TOTAL COMPLETION TIME (Makespan / UB): 6054
Schedule is valid
 Time taken: 435.45 seconds
SAT

=> TOTAL COMPLETION TIME (Makespan / UB): 6053
Schedule is valid
 Time taken: 435.58 seconds
SAT

=> TOTAL COMPLETION TIME (Makespan / UB): 6052
Schedule is valid
 Time taken: 435.72 seconds
SAT

=> TOTAL COMPLETION TIME (Makespan / UB): 6051
Schedule is valid
 Time taken: 435.86 seconds
[runlim] sample:		439.63 time, 440.01 real, 1471 MB, 1.02 load
SAT

=> TOTAL COMPLETION TIME (Makespan / UB): 6050
Schedule is valid
 Time taken: 444.23 seconds
[runlim] sample:		449.63 time, 450.01 real, 1471 MB, 1.17 load
[runlim] sample:		459.63 time, 460.01 real, 1471 MB, 1.15 load
SAT

=> TOTAL COMPLETION TIME (Makespan / UB): 6049
Schedule is valid
 Time taken: 466.81 seconds
SAT

=> TOTAL COMPLETION TIME (Makespan / UB): 6048
Schedule is valid
 Time taken: 467.70 seconds
SAT

=> TOTAL COMPLETION TIME (Makespan / UB): 6047
Schedule is valid
 Time taken: 468.40 seconds
[runlim] sample:		469.62 time, 470.01 real, 1470 MB, 1.12 load
SAT

=> TOTAL COMPLETION TIME (Makespan / UB): 6046
Schedule is valid
 Time taken: 476.69 seconds
[runlim] sample:		479.62 time, 480.01 real, 1470 MB, 1.10 load
[runlim] sample:		489.61 time, 490.01 real, 1468 MB, 1.09 load
SAT

=> TOTAL COMPLETION TIME (Makespan / UB): 6045
Schedule is valid
 Time taken: 491.40 seconds
[runlim] sample:		499.61 time, 500.01 real, 1468 MB, 1.07 load
SAT

=> TOTAL COMPLETION TIME (Makespan / UB): 6044
Schedule is valid
 Time taken: 502.32 seconds
[runlim] sample:		509.61 time, 510.01 real, 1413 MB, 1.06 load
SAT

=> TOTAL COMPLETION TIME (Makespan / UB): 6043
Schedule is valid
 Time taken: 514.90 seconds
[runlim] sample:		519.60 time, 520.01 real, 1413 MB, 1.05 load
SAT

=> TOTAL COMPLETION TIME (Makespan / UB): 6042
Schedule is valid
 Time taken: 525.99 seconds
[runlim] sample:		529.59 time, 530.01 real, 1408 MB, 1.04 load
[runlim] sample:		539.60 time, 540.01 real, 1409 MB, 1.04 load
SAT

=> TOTAL COMPLETION TIME (Makespan / UB): 6041
Schedule is valid
 Time taken: 546.70 seconds
[runlim] sample:		549.59 time, 550.01 real, 1409 MB, 1.03 load
SAT

=> TOTAL COMPLETION TIME (Makespan / UB): 6040
Schedule is valid
 Time taken: 558.82 seconds
[runlim] sample:		559.58 time, 560.01 real, 1409 MB, 1.02 load
[runlim] sample:		569.59 time, 570.01 real, 1408 MB, 1.02 load
SAT

=> TOTAL COMPLETION TIME (Makespan / UB): 6039
Schedule is valid
 Time taken: 571.29 seconds
SAT

=> TOTAL COMPLETION TIME (Makespan / UB): 6038
Schedule is valid
 Time taken: 572.10 seconds
SAT

=> TOTAL COMPLETION TIME (Makespan / UB): 6037
Schedule is valid
 Time taken: 572.74 seconds
[runlim] sample:		579.57 time, 580.01 real, 1408 MB, 1.02 load
SAT

=> TOTAL COMPLETION TIME (Makespan / UB): 6036
Schedule is valid
 Time taken: 583.30 seconds
SAT

=> TOTAL COMPLETION TIME (Makespan / UB): 6035
Schedule is valid
 Time taken: 584.00 seconds
[runlim] sample:		589.58 time, 590.01 real, 1408 MB, 1.01 load
SAT

=> TOTAL COMPLETION TIME (Makespan / UB): 6034
Schedule is valid
 Time taken: 597.19 seconds
[runlim] sample:		599.58 time, 600.01 real, 1407 MB, 1.01 load
[runlim] end:			Sun May  3 22:58:52 2026
[runlim] status:		out of time
[runlim] result:		2
[runlim] children:		1
[runlim] processes:		2
[runlim] real:			601.06 seconds
[runlim] time:			599.58 seconds
[runlim] space:			1952 MB
[runlim] load:			1.28 maximum
[runlim] samples:		6000
