[runlim] version:		2.0.0rc12
[runlim] host:			ap-Precision-7550
[runlim] time limit:		311040000 seconds
[runlim] real time limit:	600 seconds
[runlim] space limit:		15624 MB
[runlim] argv[0]:		python3
[runlim] argv[1]:		-u
[runlim] argv[2]:		main.py
[runlim] argv[3]:		datasets/hurink/vdata/car3.txt
[runlim] start:			Sun May  3 22:58:52 2026
[runlim] child:			8116
Greedy Schedule UB: 6311
[runlim] sample:		9.94 time, 10.01 real, 1044 MB, 1.01 load
Building constraints took 10.30 seconds.
SAT

=> TOTAL COMPLETION TIME (Makespan / UB): 6310
Schedule is valid
 Time taken: 11.83 seconds
SAT

=> TOTAL COMPLETION TIME (Makespan / UB): 6309
Schedule is valid
 Time taken: 13.68 seconds
[runlim] sample:		19.94 time, 20.01 real, 1728 MB, 1.01 load
[runlim] sample:		29.94 time, 30.01 real, 1617 MB, 1.01 load
[runlim] sample:		39.93 time, 40.01 real, 1587 MB, 1.00 load
[runlim] sample:		49.94 time, 50.01 real, 1567 MB, 1.00 load
SAT

=> TOTAL COMPLETION TIME (Makespan / UB): 6308
Schedule is valid
 Time taken: 50.06 seconds
SAT

=> TOTAL COMPLETION TIME (Makespan / UB): 6305
Schedule is valid
 Time taken: 58.71 seconds
[runlim] sample:		59.93 time, 60.01 real, 1560 MB, 1.00 load
[runlim] sample:		69.93 time, 70.01 real, 1582 MB, 1.00 load
SAT

=> TOTAL COMPLETION TIME (Makespan / UB): 6304
Schedule is valid
 Time taken: 71.08 seconds
SAT

=> TOTAL COMPLETION TIME (Makespan / UB): 6303
Schedule is valid
 Time taken: 76.04 seconds
SAT

=> TOTAL COMPLETION TIME (Makespan / UB): 6286
Schedule is valid
 Time taken: 77.19 seconds
SAT

=> TOTAL COMPLETION TIME (Makespan / UB): 6285
Schedule is valid
 Time taken: 78.02 seconds
[runlim] sample:		79.92 time, 80.01 real, 1560 MB, 1.00 load
SAT

=> TOTAL COMPLETION TIME (Makespan / UB): 6284
Schedule is valid
 Time taken: 84.88 seconds
[runlim] sample:		89.92 time, 90.01 real, 1558 MB, 1.00 load
SAT

=> TOTAL COMPLETION TIME (Makespan / UB): 6283
Schedule is valid
 Time taken: 93.30 seconds
[runlim] sample:		99.92 time, 100.01 real, 1580 MB, 1.00 load
[runlim] sample:		109.92 time, 110.01 real, 1580 MB, 1.00 load
SAT

=> TOTAL COMPLETION TIME (Makespan / UB): 6282
Schedule is valid
 Time taken: 112.61 seconds
SAT

=> TOTAL COMPLETION TIME (Makespan / UB): 6281
Schedule is valid
 Time taken: 117.11 seconds
[runlim] sample:		119.91 time, 120.01 real, 1558 MB, 1.00 load
SAT

=> TOTAL COMPLETION TIME (Makespan / UB): 6280
Schedule is valid
 Time taken: 124.24 seconds
SAT

=> TOTAL COMPLETION TIME (Makespan / UB): 6279
Schedule is valid
 Time taken: 127.09 seconds
[runlim] sample:		129.90 time, 130.01 real, 1558 MB, 1.08 load
SAT

=> TOTAL COMPLETION TIME (Makespan / UB): 6278
Schedule is valid
 Time taken: 133.46 seconds
SAT

=> TOTAL COMPLETION TIME (Makespan / UB): 6277
Schedule is valid
 Time taken: 134.59 seconds
SAT

=> TOTAL COMPLETION TIME (Makespan / UB): 6276
Schedule is valid
 Time taken: 137.57 seconds
[runlim] sample:		139.90 time, 140.01 real, 1558 MB, 1.14 load
SAT

=> TOTAL COMPLETION TIME (Makespan / UB): 6275
Schedule is valid
 Time taken: 144.51 seconds
SAT

=> TOTAL COMPLETION TIME (Makespan / UB): 6274
Schedule is valid
 Time taken: 145.45 seconds
SAT

=> TOTAL COMPLETION TIME (Makespan / UB): 6273
Schedule is valid
 Time taken: 146.45 seconds
SAT

=> TOTAL COMPLETION TIME (Makespan / UB): 6272
Schedule is valid
 Time taken: 147.58 seconds
[runlim] sample:		149.89 time, 150.01 real, 1558 MB, 1.12 load
SAT

=> TOTAL COMPLETION TIME (Makespan / UB): 6271
Schedule is valid
 Time taken: 154.40 seconds
SAT

=> TOTAL COMPLETION TIME (Makespan / UB): 6270
Schedule is valid
 Time taken: 155.19 seconds
SAT

=> TOTAL COMPLETION TIME (Makespan / UB): 6269
Schedule is valid
 Time taken: 157.77 seconds
[runlim] sample:		159.89 time, 160.01 real, 1558 MB, 1.10 load
SAT

=> TOTAL COMPLETION TIME (Makespan / UB): 6268
Schedule is valid
 Time taken: 163.58 seconds
[runlim] sample:		169.89 time, 170.01 real, 1621 MB, 1.16 load
SAT

=> TOTAL COMPLETION TIME (Makespan / UB): 6267
Schedule is valid
 Time taken: 175.16 seconds
[runlim] sample:		179.88 time, 180.01 real, 1557 MB, 1.13 load
SAT

=> TOTAL COMPLETION TIME (Makespan / UB): 6266
Schedule is valid
 Time taken: 180.42 seconds
SAT

=> TOTAL COMPLETION TIME (Makespan / UB): 6265
Schedule is valid
 Time taken: 184.00 seconds
SAT

=> TOTAL COMPLETION TIME (Makespan / UB): 6264
Schedule is valid
 Time taken: 187.53 seconds
[runlim] sample:		189.87 time, 190.01 real, 1557 MB, 1.11 load
SAT

=> TOTAL COMPLETION TIME (Makespan / UB): 6263
Schedule is valid
 Time taken: 198.03 seconds
SAT

=> TOTAL COMPLETION TIME (Makespan / UB): 6262
Schedule is valid
 Time taken: 199.92 seconds
[runlim] sample:		199.87 time, 200.01 real, 1556 MB, 1.10 load
SAT

=> TOTAL COMPLETION TIME (Makespan / UB): 6261
Schedule is valid
 Time taken: 201.19 seconds
SAT

=> TOTAL COMPLETION TIME (Makespan / UB): 6260
Schedule is valid
 Time taken: 202.81 seconds
SAT

=> TOTAL COMPLETION TIME (Makespan / UB): 6259
Schedule is valid
 Time taken: 205.39 seconds
SAT

=> TOTAL COMPLETION TIME (Makespan / UB): 6258
Schedule is valid
 Time taken: 209.63 seconds
[runlim] sample:		209.86 time, 210.01 real, 1556 MB, 1.08 load
SAT

=> TOTAL COMPLETION TIME (Makespan / UB): 6257
Schedule is valid
 Time taken: 214.72 seconds
SAT

=> TOTAL COMPLETION TIME (Makespan / UB): 6256
Schedule is valid
 Time taken: 216.95 seconds
SAT

=> TOTAL COMPLETION TIME (Makespan / UB): 6254
Schedule is valid
 Time taken: 217.80 seconds
[runlim] sample:		219.86 time, 220.01 real, 1556 MB, 1.07 load
SAT

=> TOTAL COMPLETION TIME (Makespan / UB): 6253
Schedule is valid
 Time taken: 221.61 seconds
SAT

=> TOTAL COMPLETION TIME (Makespan / UB): 6252
Schedule is valid
 Time taken: 226.07 seconds
[runlim] sample:		229.85 time, 230.01 real, 1556 MB, 1.06 load
SAT

=> TOTAL COMPLETION TIME (Makespan / UB): 6251
Schedule is valid
 Time taken: 231.36 seconds
SAT

=> TOTAL COMPLETION TIME (Makespan / UB): 6250
Schedule is valid
 Time taken: 235.10 seconds
SAT

=> TOTAL COMPLETION TIME (Makespan / UB): 6249
Schedule is valid
 Time taken: 236.09 seconds
SAT

=> TOTAL COMPLETION TIME (Makespan / UB): 6248
Schedule is valid
 Time taken: 237.82 seconds
[runlim] sample:		239.85 time, 240.01 real, 1556 MB, 1.05 load
SAT

=> TOTAL COMPLETION TIME (Makespan / UB): 6247
Schedule is valid
 Time taken: 240.67 seconds
SAT

=> TOTAL COMPLETION TIME (Makespan / UB): 6246
Schedule is valid
 Time taken: 242.73 seconds
SAT

=> TOTAL COMPLETION TIME (Makespan / UB): 6245
Schedule is valid
 Time taken: 245.38 seconds
[runlim] sample:		249.85 time, 250.01 real, 1617 MB, 1.04 load
SAT

=> TOTAL COMPLETION TIME (Makespan / UB): 6244
Schedule is valid
 Time taken: 258.06 seconds
[runlim] sample:		259.84 time, 260.01 real, 1554 MB, 1.03 load
SAT

=> TOTAL COMPLETION TIME (Makespan / UB): 6243
Schedule is valid
 Time taken: 260.55 seconds
SAT

=> TOTAL COMPLETION TIME (Makespan / UB): 6242
Schedule is valid
 Time taken: 263.25 seconds
SAT

=> TOTAL COMPLETION TIME (Makespan / UB): 6241
Schedule is valid
 Time taken: 265.91 seconds
SAT

=> TOTAL COMPLETION TIME (Makespan / UB): 6240
Schedule is valid
 Time taken: 267.10 seconds
SAT

=> TOTAL COMPLETION TIME (Makespan / UB): 6239
Schedule is valid
 Time taken: 268.56 seconds
[runlim] sample:		269.83 time, 270.01 real, 1554 MB, 1.11 load
SAT

=> TOTAL COMPLETION TIME (Makespan / UB): 6238
Schedule is valid
 Time taken: 273.55 seconds
[runlim] sample:		279.82 time, 280.01 real, 1555 MB, 1.09 load
SAT

=> TOTAL COMPLETION TIME (Makespan / UB): 6237
Schedule is valid
 Time taken: 280.43 seconds
SAT

=> TOTAL COMPLETION TIME (Makespan / UB): 6236
Schedule is valid
 Time taken: 284.46 seconds
SAT

=> TOTAL COMPLETION TIME (Makespan / UB): 6235
Schedule is valid
 Time taken: 287.31 seconds
[runlim] sample:		289.83 time, 290.01 real, 1555 MB, 1.08 load
[runlim] sample:		299.82 time, 300.01 real, 1555 MB, 1.06 load
SAT

=> TOTAL COMPLETION TIME (Makespan / UB): 6234
Schedule is valid
 Time taken: 300.93 seconds
SAT

=> TOTAL COMPLETION TIME (Makespan / UB): 6199
Schedule is valid
 Time taken: 303.46 seconds
SAT

=> TOTAL COMPLETION TIME (Makespan / UB): 6198
Schedule is valid
 Time taken: 304.83 seconds
[runlim] sample:		309.81 time, 310.01 real, 1552 MB, 1.05 load
SAT

=> TOTAL COMPLETION TIME (Makespan / UB): 6197
Schedule is valid
 Time taken: 316.70 seconds
[runlim] sample:		319.80 time, 320.01 real, 1552 MB, 1.13 load
SAT

=> TOTAL COMPLETION TIME (Makespan / UB): 6196
Schedule is valid
 Time taken: 326.94 seconds
SAT

=> TOTAL COMPLETION TIME (Makespan / UB): 6195
Schedule is valid
 Time taken: 328.35 seconds
[runlim] sample:		329.81 time, 330.01 real, 1552 MB, 1.11 load
SAT

=> TOTAL COMPLETION TIME (Makespan / UB): 6194
Schedule is valid
 Time taken: 333.15 seconds
SAT

=> TOTAL COMPLETION TIME (Makespan / UB): 6193
Schedule is valid
 Time taken: 337.72 seconds
SAT

=> TOTAL COMPLETION TIME (Makespan / UB): 6192
Schedule is valid
 Time taken: 339.94 seconds
[runlim] sample:		339.80 time, 340.01 real, 1549 MB, 1.09 load
SAT

=> TOTAL COMPLETION TIME (Makespan / UB): 6191
Schedule is valid
 Time taken: 343.06 seconds
[runlim] sample:		349.79 time, 350.01 real, 1611 MB, 1.08 load
SAT

=> TOTAL COMPLETION TIME (Makespan / UB): 6190
Schedule is valid
 Time taken: 358.43 seconds
SAT

=> TOTAL COMPLETION TIME (Makespan / UB): 6189
Schedule is valid
 Time taken: 359.37 seconds
[runlim] sample:		359.79 time, 360.01 real, 1549 MB, 1.06 load
SAT

=> TOTAL COMPLETION TIME (Makespan / UB): 6188
Schedule is valid
 Time taken: 362.81 seconds
SAT

=> TOTAL COMPLETION TIME (Makespan / UB): 6187
Schedule is valid
 Time taken: 364.17 seconds
SAT

=> TOTAL COMPLETION TIME (Makespan / UB): 6186
Schedule is valid
 Time taken: 365.27 seconds
SAT

=> TOTAL COMPLETION TIME (Makespan / UB): 6185
Schedule is valid
 Time taken: 365.54 seconds
SAT

=> TOTAL COMPLETION TIME (Makespan / UB): 6184
Schedule is valid
 Time taken: 366.27 seconds
SAT

=> TOTAL COMPLETION TIME (Makespan / UB): 6183
Schedule is valid
 Time taken: 366.98 seconds
SAT

=> TOTAL COMPLETION TIME (Makespan / UB): 6182
Schedule is valid
 Time taken: 367.64 seconds
SAT

=> TOTAL COMPLETION TIME (Makespan / UB): 6181
Schedule is valid
 Time taken: 368.34 seconds
SAT

=> TOTAL COMPLETION TIME (Makespan / UB): 6180
Schedule is valid
 Time taken: 368.99 seconds
SAT

=> TOTAL COMPLETION TIME (Makespan / UB): 6179
Schedule is valid
 Time taken: 369.69 seconds
[runlim] sample:		369.78 time, 370.01 real, 1549 MB, 1.05 load
SAT

=> TOTAL COMPLETION TIME (Makespan / UB): 6178
Schedule is valid
 Time taken: 370.35 seconds
SAT

=> TOTAL COMPLETION TIME (Makespan / UB): 6177
Schedule is valid
 Time taken: 371.05 seconds
SAT

=> TOTAL COMPLETION TIME (Makespan / UB): 6176
Schedule is valid
 Time taken: 371.70 seconds
SAT

=> TOTAL COMPLETION TIME (Makespan / UB): 6175
Schedule is valid
 Time taken: 372.40 seconds
SAT

=> TOTAL COMPLETION TIME (Makespan / UB): 6174
Schedule is valid
 Time taken: 373.05 seconds
SAT

=> TOTAL COMPLETION TIME (Makespan / UB): 6173
Schedule is valid
 Time taken: 373.21 seconds
SAT

=> TOTAL COMPLETION TIME (Makespan / UB): 6172
Schedule is valid
 Time taken: 373.86 seconds
SAT

=> TOTAL COMPLETION TIME (Makespan / UB): 6171
Schedule is valid
 Time taken: 374.56 seconds
SAT

=> TOTAL COMPLETION TIME (Makespan / UB): 6170
Schedule is valid
 Time taken: 375.21 seconds
SAT

=> TOTAL COMPLETION TIME (Makespan / UB): 6169
Schedule is valid
 Time taken: 375.91 seconds
SAT

=> TOTAL COMPLETION TIME (Makespan / UB): 6168
Schedule is valid
 Time taken: 376.55 seconds
SAT

=> TOTAL COMPLETION TIME (Makespan / UB): 6167
Schedule is valid
 Time taken: 377.26 seconds
SAT

=> TOTAL COMPLETION TIME (Makespan / UB): 6166
Schedule is valid
 Time taken: 377.90 seconds
SAT

=> TOTAL COMPLETION TIME (Makespan / UB): 6165
Schedule is valid
 Time taken: 378.60 seconds
SAT

=> TOTAL COMPLETION TIME (Makespan / UB): 6164
Schedule is valid
 Time taken: 379.25 seconds
SAT

=> TOTAL COMPLETION TIME (Makespan / UB): 6163
Schedule is valid
 Time taken: 379.95 seconds
[runlim] sample:		379.77 time, 380.01 real, 1549 MB, 1.04 load
SAT

=> TOTAL COMPLETION TIME (Makespan / UB): 6162
Schedule is valid
 Time taken: 380.60 seconds
SAT

=> TOTAL COMPLETION TIME (Makespan / UB): 6161
Schedule is valid
 Time taken: 381.30 seconds
SAT

=> TOTAL COMPLETION TIME (Makespan / UB): 6160
Schedule is valid
 Time taken: 381.95 seconds
SAT

=> TOTAL COMPLETION TIME (Makespan / UB): 6159
Schedule is valid
 Time taken: 382.11 seconds
SAT

=> TOTAL COMPLETION TIME (Makespan / UB): 6158
Schedule is valid
 Time taken: 382.76 seconds
SAT

=> TOTAL COMPLETION TIME (Makespan / UB): 6157
Schedule is valid
 Time taken: 383.46 seconds
SAT

=> TOTAL COMPLETION TIME (Makespan / UB): 6156
Schedule is valid
 Time taken: 384.11 seconds
SAT

=> TOTAL COMPLETION TIME (Makespan / UB): 6155
Schedule is valid
 Time taken: 384.81 seconds
SAT

=> TOTAL COMPLETION TIME (Makespan / UB): 6154
Schedule is valid
 Time taken: 385.46 seconds
SAT

=> TOTAL COMPLETION TIME (Makespan / UB): 6153
Schedule is valid
 Time taken: 386.16 seconds
SAT

=> TOTAL COMPLETION TIME (Makespan / UB): 6152
Schedule is valid
 Time taken: 386.81 seconds
SAT

=> TOTAL COMPLETION TIME (Makespan / UB): 6151
Schedule is valid
 Time taken: 387.52 seconds
SAT

=> TOTAL COMPLETION TIME (Makespan / UB): 6150
Schedule is valid
 Time taken: 388.17 seconds
SAT

=> TOTAL COMPLETION TIME (Makespan / UB): 6149
Schedule is valid
 Time taken: 388.88 seconds
SAT

=> TOTAL COMPLETION TIME (Makespan / UB): 6148
Schedule is valid
 Time taken: 389.53 seconds
[runlim] sample:		389.77 time, 390.01 real, 1555 MB, 1.04 load
SAT

=> TOTAL COMPLETION TIME (Makespan / UB): 6147
Schedule is valid
 Time taken: 397.59 seconds
SAT

=> TOTAL COMPLETION TIME (Makespan / UB): 6146
Schedule is valid
 Time taken: 398.36 seconds
SAT

=> TOTAL COMPLETION TIME (Makespan / UB): 6145
Schedule is valid
 Time taken: 399.19 seconds
[runlim] sample:		399.76 time, 400.01 real, 1545 MB, 1.03 load
SAT

=> TOTAL COMPLETION TIME (Makespan / UB): 6144
Schedule is valid
 Time taken: 404.53 seconds
SAT

=> TOTAL COMPLETION TIME (Makespan / UB): 6143
Schedule is valid
 Time taken: 407.06 seconds
SAT

=> TOTAL COMPLETION TIME (Makespan / UB): 6142
Schedule is valid
 Time taken: 409.76 seconds
[runlim] sample:		409.76 time, 410.01 real, 1545 MB, 1.03 load
SAT

=> TOTAL COMPLETION TIME (Makespan / UB): 6141
Schedule is valid
 Time taken: 414.04 seconds
SAT

=> TOTAL COMPLETION TIME (Makespan / UB): 6140
Schedule is valid
 Time taken: 414.78 seconds
SAT

=> TOTAL COMPLETION TIME (Makespan / UB): 6139
Schedule is valid
 Time taken: 415.54 seconds
SAT

=> TOTAL COMPLETION TIME (Makespan / UB): 6138
Schedule is valid
 Time taken: 416.16 seconds
SAT

=> TOTAL COMPLETION TIME (Makespan / UB): 6137
Schedule is valid
 Time taken: 416.79 seconds
SAT

=> TOTAL COMPLETION TIME (Makespan / UB): 6136
Schedule is valid
 Time taken: 417.38 seconds
SAT

=> TOTAL COMPLETION TIME (Makespan / UB): 6135
Schedule is valid
 Time taken: 417.52 seconds
[runlim] sample:		419.75 time, 420.01 real, 1545 MB, 1.02 load
SAT

=> TOTAL COMPLETION TIME (Makespan / UB): 6134
Schedule is valid
 Time taken: 427.59 seconds
SAT

=> TOTAL COMPLETION TIME (Makespan / UB): 6133
Schedule is valid
 Time taken: 428.39 seconds
[runlim] sample:		429.74 time, 430.01 real, 1542 MB, 1.02 load
SAT

=> TOTAL COMPLETION TIME (Makespan / UB): 6132
Schedule is valid
 Time taken: 437.53 seconds
SAT

=> TOTAL COMPLETION TIME (Makespan / UB): 6131
Schedule is valid
 Time taken: 438.41 seconds
SAT

=> TOTAL COMPLETION TIME (Makespan / UB): 6130
Schedule is valid
 Time taken: 439.05 seconds
SAT

=> TOTAL COMPLETION TIME (Makespan / UB): 6129
Schedule is valid
 Time taken: 439.68 seconds
[runlim] sample:		439.74 time, 440.01 real, 1542 MB, 1.01 load
SAT

=> TOTAL COMPLETION TIME (Makespan / UB): 6128
Schedule is valid
 Time taken: 440.26 seconds
SAT

=> TOTAL COMPLETION TIME (Makespan / UB): 6127
Schedule is valid
 Time taken: 440.88 seconds
SAT

=> TOTAL COMPLETION TIME (Makespan / UB): 6126
Schedule is valid
 Time taken: 441.45 seconds
SAT

=> TOTAL COMPLETION TIME (Makespan / UB): 6125
Schedule is valid
 Time taken: 442.07 seconds
SAT

=> TOTAL COMPLETION TIME (Makespan / UB): 6124
Schedule is valid
 Time taken: 442.64 seconds
SAT

=> TOTAL COMPLETION TIME (Makespan / UB): 6123
Schedule is valid
 Time taken: 443.26 seconds
SAT

=> TOTAL COMPLETION TIME (Makespan / UB): 6122
Schedule is valid
 Time taken: 443.83 seconds
SAT

=> TOTAL COMPLETION TIME (Makespan / UB): 6121
Schedule is valid
 Time taken: 443.97 seconds
SAT

=> TOTAL COMPLETION TIME (Makespan / UB): 6120
Schedule is valid
 Time taken: 444.54 seconds
SAT

=> TOTAL COMPLETION TIME (Makespan / UB): 6119
Schedule is valid
 Time taken: 445.16 seconds
SAT

=> TOTAL COMPLETION TIME (Makespan / UB): 6118
Schedule is valid
 Time taken: 445.73 seconds
SAT

=> TOTAL COMPLETION TIME (Makespan / UB): 6117
Schedule is valid
 Time taken: 446.35 seconds
SAT

=> TOTAL COMPLETION TIME (Makespan / UB): 6116
Schedule is valid
 Time taken: 446.92 seconds
SAT

=> TOTAL COMPLETION TIME (Makespan / UB): 6115
Schedule is valid
 Time taken: 447.54 seconds
SAT

=> TOTAL COMPLETION TIME (Makespan / UB): 6114
Schedule is valid
 Time taken: 448.11 seconds
SAT

=> TOTAL COMPLETION TIME (Makespan / UB): 6113
Schedule is valid
 Time taken: 448.73 seconds
SAT

=> TOTAL COMPLETION TIME (Makespan / UB): 6112
Schedule is valid
 Time taken: 449.30 seconds
SAT

=> TOTAL COMPLETION TIME (Makespan / UB): 6111
Schedule is valid
 Time taken: 449.92 seconds
[runlim] sample:		449.73 time, 450.01 real, 1542 MB, 1.01 load
SAT

=> TOTAL COMPLETION TIME (Makespan / UB): 6110
Schedule is valid
 Time taken: 450.49 seconds
SAT

=> TOTAL COMPLETION TIME (Makespan / UB): 6109
Schedule is valid
 Time taken: 451.11 seconds
SAT

=> TOTAL COMPLETION TIME (Makespan / UB): 6108
Schedule is valid
 Time taken: 451.68 seconds
SAT

=> TOTAL COMPLETION TIME (Makespan / UB): 6107
Schedule is valid
 Time taken: 452.30 seconds
SAT

=> TOTAL COMPLETION TIME (Makespan / UB): 6106
Schedule is valid
 Time taken: 452.87 seconds
SAT

=> TOTAL COMPLETION TIME (Makespan / UB): 6105
Schedule is valid
 Time taken: 453.49 seconds
SAT

=> TOTAL COMPLETION TIME (Makespan / UB): 6104
Schedule is valid
 Time taken: 454.06 seconds
SAT

=> TOTAL COMPLETION TIME (Makespan / UB): 6103
Schedule is valid
 Time taken: 454.68 seconds
SAT

=> TOTAL COMPLETION TIME (Makespan / UB): 6102
Schedule is valid
 Time taken: 455.26 seconds
SAT

=> TOTAL COMPLETION TIME (Makespan / UB): 6101
Schedule is valid
 Time taken: 455.87 seconds
SAT

=> TOTAL COMPLETION TIME (Makespan / UB): 6100
Schedule is valid
 Time taken: 456.45 seconds
SAT

=> TOTAL COMPLETION TIME (Makespan / UB): 6099
Schedule is valid
 Time taken: 457.02 seconds
SAT

=> TOTAL COMPLETION TIME (Makespan / UB): 6098
Schedule is valid
 Time taken: 457.58 seconds
SAT

=> TOTAL COMPLETION TIME (Makespan / UB): 6097
Schedule is valid
 Time taken: 458.15 seconds
SAT

=> TOTAL COMPLETION TIME (Makespan / UB): 6096
Schedule is valid
 Time taken: 458.71 seconds
SAT

=> TOTAL COMPLETION TIME (Makespan / UB): 6095
Schedule is valid
 Time taken: 459.28 seconds
SAT

=> TOTAL COMPLETION TIME (Makespan / UB): 6094
Schedule is valid
 Time taken: 459.84 seconds
[runlim] sample:		459.73 time, 460.01 real, 1542 MB, 1.01 load
SAT

=> TOTAL COMPLETION TIME (Makespan / UB): 6093
Schedule is valid
 Time taken: 460.41 seconds
SAT

=> TOTAL COMPLETION TIME (Makespan / UB): 6092
Schedule is valid
 Time taken: 460.97 seconds
SAT

=> TOTAL COMPLETION TIME (Makespan / UB): 6091
Schedule is valid
 Time taken: 461.54 seconds
SAT

=> TOTAL COMPLETION TIME (Makespan / UB): 6090
Schedule is valid
 Time taken: 462.14 seconds
SAT

=> TOTAL COMPLETION TIME (Makespan / UB): 6089
Schedule is valid
 Time taken: 462.74 seconds
SAT

=> TOTAL COMPLETION TIME (Makespan / UB): 6088
Schedule is valid
 Time taken: 463.31 seconds
SAT

=> TOTAL COMPLETION TIME (Makespan / UB): 6087
Schedule is valid
 Time taken: 463.88 seconds
SAT

=> TOTAL COMPLETION TIME (Makespan / UB): 6086
Schedule is valid
 Time taken: 464.44 seconds
SAT

=> TOTAL COMPLETION TIME (Makespan / UB): 6085
Schedule is valid
 Time taken: 465.01 seconds
SAT

=> TOTAL COMPLETION TIME (Makespan / UB): 6084
Schedule is valid
 Time taken: 465.57 seconds
SAT

=> TOTAL COMPLETION TIME (Makespan / UB): 6083
Schedule is valid
 Time taken: 466.13 seconds
SAT

=> TOTAL COMPLETION TIME (Makespan / UB): 6082
Schedule is valid
 Time taken: 466.70 seconds
SAT

=> TOTAL COMPLETION TIME (Makespan / UB): 6081
Schedule is valid
 Time taken: 466.79 seconds
SAT

=> TOTAL COMPLETION TIME (Makespan / UB): 6080
Schedule is valid
 Time taken: 467.36 seconds
SAT

=> TOTAL COMPLETION TIME (Makespan / UB): 6079
Schedule is valid
 Time taken: 467.92 seconds
SAT

=> TOTAL COMPLETION TIME (Makespan / UB): 6078
Schedule is valid
 Time taken: 468.48 seconds
SAT

=> TOTAL COMPLETION TIME (Makespan / UB): 6077
Schedule is valid
 Time taken: 469.04 seconds
SAT

=> TOTAL COMPLETION TIME (Makespan / UB): 6076
Schedule is valid
 Time taken: 469.61 seconds
[runlim] sample:		469.71 time, 470.01 real, 1542 MB, 1.01 load
SAT

=> TOTAL COMPLETION TIME (Makespan / UB): 6075
Schedule is valid
 Time taken: 470.17 seconds
SAT

=> TOTAL COMPLETION TIME (Makespan / UB): 6074
Schedule is valid
 Time taken: 470.74 seconds
SAT

=> TOTAL COMPLETION TIME (Makespan / UB): 6073
Schedule is valid
 Time taken: 471.30 seconds
SAT

=> TOTAL COMPLETION TIME (Makespan / UB): 6072
Schedule is valid
 Time taken: 471.86 seconds
SAT

=> TOTAL COMPLETION TIME (Makespan / UB): 6071
Schedule is valid
 Time taken: 472.43 seconds
SAT

=> TOTAL COMPLETION TIME (Makespan / UB): 6070
Schedule is valid
 Time taken: 472.99 seconds
SAT

=> TOTAL COMPLETION TIME (Makespan / UB): 6069
Schedule is valid
 Time taken: 473.56 seconds
SAT

=> TOTAL COMPLETION TIME (Makespan / UB): 6068
Schedule is valid
 Time taken: 474.12 seconds
SAT

=> TOTAL COMPLETION TIME (Makespan / UB): 6067
Schedule is valid
 Time taken: 474.22 seconds
SAT

=> TOTAL COMPLETION TIME (Makespan / UB): 6066
Schedule is valid
 Time taken: 474.31 seconds
SAT

=> TOTAL COMPLETION TIME (Makespan / UB): 6065
Schedule is valid
 Time taken: 474.41 seconds
SAT

=> TOTAL COMPLETION TIME (Makespan / UB): 6064
Schedule is valid
 Time taken: 474.50 seconds
SAT

=> TOTAL COMPLETION TIME (Makespan / UB): 6063
Schedule is valid
 Time taken: 474.60 seconds
SAT

=> TOTAL COMPLETION TIME (Makespan / UB): 6062
Schedule is valid
 Time taken: 474.69 seconds
SAT

=> TOTAL COMPLETION TIME (Makespan / UB): 6061
Schedule is valid
 Time taken: 474.78 seconds
SAT

=> TOTAL COMPLETION TIME (Makespan / UB): 6060
Schedule is valid
 Time taken: 474.88 seconds
SAT

=> TOTAL COMPLETION TIME (Makespan / UB): 6059
Schedule is valid
 Time taken: 474.97 seconds
[runlim] sample:		479.71 time, 480.01 real, 1542 MB, 1.01 load
SAT

=> TOTAL COMPLETION TIME (Makespan / UB): 6058
Schedule is valid
 Time taken: 483.30 seconds
SAT

=> TOTAL COMPLETION TIME (Makespan / UB): 6057
Schedule is valid
 Time taken: 483.44 seconds
[runlim] sample:		489.70 time, 490.01 real, 1536 MB, 1.00 load
SAT

=> TOTAL COMPLETION TIME (Makespan / UB): 6056
Schedule is valid
 Time taken: 499.61 seconds
[runlim] sample:		499.70 time, 500.01 real, 1536 MB, 1.00 load
SAT

=> TOTAL COMPLETION TIME (Makespan / UB): 6055
Schedule is valid
 Time taken: 508.81 seconds
[runlim] sample:		509.69 time, 510.01 real, 1536 MB, 1.00 load
[runlim] sample:		519.69 time, 520.01 real, 1534 MB, 1.00 load
SAT

=> TOTAL COMPLETION TIME (Makespan / UB): 6054
Schedule is valid
 Time taken: 524.98 seconds
SAT

=> TOTAL COMPLETION TIME (Makespan / UB): 6053
Schedule is valid
 Time taken: 528.64 seconds
[runlim] sample:		529.68 time, 530.01 real, 1534 MB, 1.00 load
SAT

=> TOTAL COMPLETION TIME (Makespan / UB): 6052
Schedule is valid
 Time taken: 536.69 seconds
SAT

=> TOTAL COMPLETION TIME (Makespan / UB): 6051
Schedule is valid
 Time taken: 537.61 seconds
SAT

=> TOTAL COMPLETION TIME (Makespan / UB): 6050
Schedule is valid
 Time taken: 538.82 seconds
[runlim] sample:		539.68 time, 540.01 real, 1534 MB, 1.00 load
SAT

=> TOTAL COMPLETION TIME (Makespan / UB): 6049
Schedule is valid
 Time taken: 541.67 seconds
[runlim] sample:		549.67 time, 550.01 real, 1534 MB, 1.00 load
SAT

=> TOTAL COMPLETION TIME (Makespan / UB): 6048
Schedule is valid
 Time taken: 551.89 seconds
[runlim] sample:		559.67 time, 560.01 real, 1533 MB, 1.00 load
SAT

=> TOTAL COMPLETION TIME (Makespan / UB): 6047
Schedule is valid
 Time taken: 563.07 seconds
SAT

=> TOTAL COMPLETION TIME (Makespan / UB): 6046
Schedule is valid
 Time taken: 566.57 seconds
SAT

=> TOTAL COMPLETION TIME (Makespan / UB): 6045
Schedule is valid
 Time taken: 569.69 seconds
[runlim] sample:		569.66 time, 570.01 real, 1533 MB, 1.00 load
SAT

=> TOTAL COMPLETION TIME (Makespan / UB): 6044
Schedule is valid
 Time taken: 570.53 seconds
SAT

=> TOTAL COMPLETION TIME (Makespan / UB): 6043
Schedule is valid
 Time taken: 571.22 seconds
SAT

=> TOTAL COMPLETION TIME (Makespan / UB): 6042
Schedule is valid
 Time taken: 571.86 seconds
SAT

=> TOTAL COMPLETION TIME (Makespan / UB): 6041
Schedule is valid
 Time taken: 572.49 seconds
SAT

=> TOTAL COMPLETION TIME (Makespan / UB): 6040
Schedule is valid
 Time taken: 573.12 seconds
SAT

=> TOTAL COMPLETION TIME (Makespan / UB): 6039
Schedule is valid
 Time taken: 573.75 seconds
SAT

=> TOTAL COMPLETION TIME (Makespan / UB): 6038
Schedule is valid
 Time taken: 574.38 seconds
SAT

=> TOTAL COMPLETION TIME (Makespan / UB): 6037
Schedule is valid
 Time taken: 575.01 seconds
SAT

=> TOTAL COMPLETION TIME (Makespan / UB): 6036
Schedule is valid
 Time taken: 575.63 seconds
SAT

=> TOTAL COMPLETION TIME (Makespan / UB): 6035
Schedule is valid
 Time taken: 576.26 seconds
SAT

=> TOTAL COMPLETION TIME (Makespan / UB): 6034
Schedule is valid
 Time taken: 576.89 seconds
SAT

=> TOTAL COMPLETION TIME (Makespan / UB): 6033
Schedule is valid
 Time taken: 577.52 seconds
SAT

=> TOTAL COMPLETION TIME (Makespan / UB): 6032
Schedule is valid
 Time taken: 578.15 seconds
SAT

=> TOTAL COMPLETION TIME (Makespan / UB): 6031
Schedule is valid
 Time taken: 578.78 seconds
SAT

=> TOTAL COMPLETION TIME (Makespan / UB): 6030
Schedule is valid
 Time taken: 579.41 seconds
[runlim] sample:		579.65 time, 580.01 real, 1533 MB, 1.00 load
SAT

=> TOTAL COMPLETION TIME (Makespan / UB): 6029
Schedule is valid
 Time taken: 580.04 seconds
SAT

=> TOTAL COMPLETION TIME (Makespan / UB): 6028
Schedule is valid
 Time taken: 580.67 seconds
SAT

=> TOTAL COMPLETION TIME (Makespan / UB): 6027
Schedule is valid
 Time taken: 581.29 seconds
SAT

=> TOTAL COMPLETION TIME (Makespan / UB): 6026
Schedule is valid
 Time taken: 581.93 seconds
SAT

=> TOTAL COMPLETION TIME (Makespan / UB): 6025
Schedule is valid
 Time taken: 582.55 seconds
SAT

=> TOTAL COMPLETION TIME (Makespan / UB): 6024
Schedule is valid
 Time taken: 583.18 seconds
SAT

=> TOTAL COMPLETION TIME (Makespan / UB): 6023
Schedule is valid
 Time taken: 583.81 seconds
SAT

=> TOTAL COMPLETION TIME (Makespan / UB): 6022
Schedule is valid
 Time taken: 584.44 seconds
SAT

=> TOTAL COMPLETION TIME (Makespan / UB): 6021
Schedule is valid
 Time taken: 585.07 seconds
SAT

=> TOTAL COMPLETION TIME (Makespan / UB): 6020
Schedule is valid
 Time taken: 585.70 seconds
SAT

=> TOTAL COMPLETION TIME (Makespan / UB): 6019
Schedule is valid
 Time taken: 586.33 seconds
SAT

=> TOTAL COMPLETION TIME (Makespan / UB): 6018
Schedule is valid
 Time taken: 586.99 seconds
SAT

=> TOTAL COMPLETION TIME (Makespan / UB): 6017
Schedule is valid
 Time taken: 587.65 seconds
SAT

=> TOTAL COMPLETION TIME (Makespan / UB): 6016
Schedule is valid
 Time taken: 588.28 seconds
SAT

=> TOTAL COMPLETION TIME (Makespan / UB): 6015
Schedule is valid
 Time taken: 588.91 seconds
SAT

=> TOTAL COMPLETION TIME (Makespan / UB): 6014
Schedule is valid
 Time taken: 589.54 seconds
[runlim] sample:		589.65 time, 590.01 real, 1588 MB, 1.00 load
SAT

=> TOTAL COMPLETION TIME (Makespan / UB): 6013
Schedule is valid
 Time taken: 590.17 seconds
SAT

=> TOTAL COMPLETION TIME (Makespan / UB): 6012
Schedule is valid
 Time taken: 590.80 seconds
SAT

=> TOTAL COMPLETION TIME (Makespan / UB): 6011
Schedule is valid
 Time taken: 591.43 seconds
SAT

=> TOTAL COMPLETION TIME (Makespan / UB): 6010
Schedule is valid
 Time taken: 592.06 seconds
SAT

=> TOTAL COMPLETION TIME (Makespan / UB): 6009
Schedule is valid
 Time taken: 592.70 seconds
SAT

=> TOTAL COMPLETION TIME (Makespan / UB): 6008
Schedule is valid
 Time taken: 593.35 seconds
SAT

=> TOTAL COMPLETION TIME (Makespan / UB): 6007
Schedule is valid
 Time taken: 593.99 seconds
SAT

=> TOTAL COMPLETION TIME (Makespan / UB): 6006
Schedule is valid
 Time taken: 594.62 seconds
SAT

=> TOTAL COMPLETION TIME (Makespan / UB): 6005
Schedule is valid
 Time taken: 595.25 seconds
SAT

=> TOTAL COMPLETION TIME (Makespan / UB): 6004
Schedule is valid
 Time taken: 595.88 seconds
SAT

=> TOTAL COMPLETION TIME (Makespan / UB): 6003
Schedule is valid
 Time taken: 596.51 seconds
SAT

=> TOTAL COMPLETION TIME (Makespan / UB): 6002
Schedule is valid
 Time taken: 597.14 seconds
SAT

=> TOTAL COMPLETION TIME (Makespan / UB): 6001
Schedule is valid
 Time taken: 597.77 seconds
SAT

=> TOTAL COMPLETION TIME (Makespan / UB): 6000
Schedule is valid
 Time taken: 598.40 seconds
SAT

=> TOTAL COMPLETION TIME (Makespan / UB): 5999
Schedule is valid
 Time taken: 599.02 seconds
SAT

=> TOTAL COMPLETION TIME (Makespan / UB): 5998
Schedule is valid
 Time taken: 599.65 seconds
[runlim] sample:		599.64 time, 600.01 real, 1533 MB, 1.00 load
[runlim] end:			Sun May  3 23:08:53 2026
[runlim] status:		out of time
[runlim] result:		2
[runlim] children:		1
[runlim] processes:		2
[runlim] real:			601.06 seconds
[runlim] time:			599.64 seconds
[runlim] space:			2032 MB
[runlim] load:			1.17 maximum
[runlim] samples:		6000
