[runlim] version:		2.0.0rc12
[runlim] host:			ap-Precision-7550
[runlim] time limit:		311040000 seconds
[runlim] real time limit:	600 seconds
[runlim] space limit:		15624 MB
[runlim] argv[0]:		python3
[runlim] argv[1]:		-u
[runlim] argv[2]:		main.py
[runlim] argv[3]:		datasets/hurink/vdata/la03.txt
[runlim] start:			Sun May  3 23:51:44 2026
[runlim] child:			8277
Greedy Schedule UB: 537
Building constraints took 0.51 seconds.
SAT

=> TOTAL COMPLETION TIME (Makespan / UB): 536
Schedule is valid
 Time taken: 0.72 seconds
SAT

=> TOTAL COMPLETION TIME (Makespan / UB): 535
Schedule is valid
 Time taken: 0.74 seconds
SAT

=> TOTAL COMPLETION TIME (Makespan / UB): 534
Schedule is valid
 Time taken: 0.82 seconds
SAT

=> TOTAL COMPLETION TIME (Makespan / UB): 533
Schedule is valid
 Time taken: 0.85 seconds
SAT

=> TOTAL COMPLETION TIME (Makespan / UB): 532
Schedule is valid
 Time taken: 0.86 seconds
SAT

=> TOTAL COMPLETION TIME (Makespan / UB): 531
Schedule is valid
 Time taken: 0.87 seconds
SAT

=> TOTAL COMPLETION TIME (Makespan / UB): 530
Schedule is valid
 Time taken: 1.16 seconds
SAT

=> TOTAL COMPLETION TIME (Makespan / UB): 529
Schedule is valid
 Time taken: 1.19 seconds
SAT

=> TOTAL COMPLETION TIME (Makespan / UB): 528
Schedule is valid
 Time taken: 1.27 seconds
SAT

=> TOTAL COMPLETION TIME (Makespan / UB): 527
Schedule is valid
 Time taken: 1.28 seconds
SAT

=> TOTAL COMPLETION TIME (Makespan / UB): 526
Schedule is valid
 Time taken: 1.28 seconds
SAT

=> TOTAL COMPLETION TIME (Makespan / UB): 525
Schedule is valid
 Time taken: 1.29 seconds
SAT

=> TOTAL COMPLETION TIME (Makespan / UB): 524
Schedule is valid
 Time taken: 1.30 seconds
SAT

=> TOTAL COMPLETION TIME (Makespan / UB): 523
Schedule is valid
 Time taken: 1.30 seconds
SAT

=> TOTAL COMPLETION TIME (Makespan / UB): 522
Schedule is valid
 Time taken: 1.31 seconds
SAT

=> TOTAL COMPLETION TIME (Makespan / UB): 521
Schedule is valid
 Time taken: 1.32 seconds
SAT

=> TOTAL COMPLETION TIME (Makespan / UB): 520
Schedule is valid
 Time taken: 1.32 seconds
SAT

=> TOTAL COMPLETION TIME (Makespan / UB): 519
Schedule is valid
 Time taken: 1.33 seconds
SAT

=> TOTAL COMPLETION TIME (Makespan / UB): 518
Schedule is valid
 Time taken: 1.33 seconds
SAT

=> TOTAL COMPLETION TIME (Makespan / UB): 517
Schedule is valid
 Time taken: 2.54 seconds
SAT

=> TOTAL COMPLETION TIME (Makespan / UB): 516
Schedule is valid
 Time taken: 2.62 seconds
SAT

=> TOTAL COMPLETION TIME (Makespan / UB): 515
Schedule is valid
 Time taken: 2.82 seconds
SAT

=> TOTAL COMPLETION TIME (Makespan / UB): 514
Schedule is valid
 Time taken: 3.00 seconds
SAT

=> TOTAL COMPLETION TIME (Makespan / UB): 513
Schedule is valid
 Time taken: 3.16 seconds
SAT

=> TOTAL COMPLETION TIME (Makespan / UB): 512
Schedule is valid
 Time taken: 3.44 seconds
SAT

=> TOTAL COMPLETION TIME (Makespan / UB): 511
Schedule is valid
 Time taken: 3.58 seconds
SAT

=> TOTAL COMPLETION TIME (Makespan / UB): 510
Schedule is valid
 Time taken: 3.78 seconds
SAT

=> TOTAL COMPLETION TIME (Makespan / UB): 509
Schedule is valid
 Time taken: 3.91 seconds
SAT

=> TOTAL COMPLETION TIME (Makespan / UB): 508
Schedule is valid
 Time taken: 4.01 seconds
SAT

=> TOTAL COMPLETION TIME (Makespan / UB): 507
Schedule is valid
 Time taken: 4.19 seconds
SAT

=> TOTAL COMPLETION TIME (Makespan / UB): 506
Schedule is valid
 Time taken: 4.30 seconds
SAT

=> TOTAL COMPLETION TIME (Makespan / UB): 505
Schedule is valid
 Time taken: 4.48 seconds
SAT

=> TOTAL COMPLETION TIME (Makespan / UB): 504
Schedule is valid
 Time taken: 5.16 seconds
SAT

=> TOTAL COMPLETION TIME (Makespan / UB): 503
Schedule is valid
 Time taken: 5.50 seconds
SAT

=> TOTAL COMPLETION TIME (Makespan / UB): 502
Schedule is valid
 Time taken: 5.55 seconds
SAT

=> TOTAL COMPLETION TIME (Makespan / UB): 501
Schedule is valid
 Time taken: 5.85 seconds
SAT

=> TOTAL COMPLETION TIME (Makespan / UB): 500
Schedule is valid
 Time taken: 6.02 seconds
SAT

=> TOTAL COMPLETION TIME (Makespan / UB): 499
Schedule is valid
 Time taken: 6.06 seconds
SAT

=> TOTAL COMPLETION TIME (Makespan / UB): 498
Schedule is valid
 Time taken: 6.10 seconds
SAT

=> TOTAL COMPLETION TIME (Makespan / UB): 497
Schedule is valid
 Time taken: 6.13 seconds
SAT

=> TOTAL COMPLETION TIME (Makespan / UB): 496
Schedule is valid
 Time taken: 6.34 seconds
SAT

=> TOTAL COMPLETION TIME (Makespan / UB): 495
Schedule is valid
 Time taken: 6.51 seconds
SAT

=> TOTAL COMPLETION TIME (Makespan / UB): 494
Schedule is valid
 Time taken: 6.63 seconds
SAT

=> TOTAL COMPLETION TIME (Makespan / UB): 493
Schedule is valid
 Time taken: 6.90 seconds
SAT

=> TOTAL COMPLETION TIME (Makespan / UB): 492
Schedule is valid
 Time taken: 7.04 seconds
SAT

=> TOTAL COMPLETION TIME (Makespan / UB): 491
Schedule is valid
 Time taken: 7.26 seconds
SAT

=> TOTAL COMPLETION TIME (Makespan / UB): 490
Schedule is valid
 Time taken: 8.57 seconds
SAT

=> TOTAL COMPLETION TIME (Makespan / UB): 489
Schedule is valid
 Time taken: 9.33 seconds
SAT

=> TOTAL COMPLETION TIME (Makespan / UB): 488
Schedule is valid
 Time taken: 9.48 seconds
[runlim] sample:		9.94 time, 10.01 real, 152 MB, 0.98 load
SAT

=> TOTAL COMPLETION TIME (Makespan / UB): 487
Schedule is valid
 Time taken: 10.50 seconds
SAT

=> TOTAL COMPLETION TIME (Makespan / UB): 486
Schedule is valid
 Time taken: 11.22 seconds
SAT

=> TOTAL COMPLETION TIME (Makespan / UB): 485
Schedule is valid
 Time taken: 12.51 seconds
SAT

=> TOTAL COMPLETION TIME (Makespan / UB): 484
Schedule is valid
 Time taken: 13.46 seconds
SAT

=> TOTAL COMPLETION TIME (Makespan / UB): 483
Schedule is valid
 Time taken: 13.85 seconds
SAT

=> TOTAL COMPLETION TIME (Makespan / UB): 482
Schedule is valid
 Time taken: 14.85 seconds
SAT

=> TOTAL COMPLETION TIME (Makespan / UB): 481
Schedule is valid
 Time taken: 15.61 seconds
SAT

=> TOTAL COMPLETION TIME (Makespan / UB): 480
Schedule is valid
 Time taken: 19.97 seconds
[runlim] sample:		19.93 time, 20.01 real, 142 MB, 0.98 load
SAT

=> TOTAL COMPLETION TIME (Makespan / UB): 479
Schedule is valid
 Time taken: 21.52 seconds
SAT

=> TOTAL COMPLETION TIME (Makespan / UB): 478
Schedule is valid
 Time taken: 27.52 seconds
[runlim] sample:		29.93 time, 30.01 real, 145 MB, 0.99 load
[runlim] sample:		39.92 time, 40.01 real, 126 MB, 0.99 load
[runlim] sample:		49.91 time, 50.01 real, 126 MB, 0.99 load
[runlim] sample:		59.91 time, 60.01 real, 128 MB, 0.99 load
[runlim] sample:		69.91 time, 70.01 real, 129 MB, 0.99 load
[runlim] sample:		79.91 time, 80.01 real, 129 MB, 1.00 load
[runlim] sample:		89.90 time, 90.01 real, 129 MB, 1.00 load
[runlim] sample:		99.90 time, 100.01 real, 129 MB, 1.00 load
[runlim] sample:		109.89 time, 110.01 real, 129 MB, 1.00 load
[runlim] sample:		119.88 time, 120.01 real, 129 MB, 1.00 load
[runlim] sample:		129.88 time, 130.01 real, 152 MB, 1.00 load
[runlim] sample:		139.87 time, 140.01 real, 152 MB, 1.00 load
[runlim] sample:		149.86 time, 150.01 real, 175 MB, 1.00 load
[runlim] sample:		159.86 time, 160.01 real, 131 MB, 1.08 load
[runlim] sample:		169.86 time, 170.01 real, 130 MB, 1.07 load
[runlim] sample:		179.86 time, 180.01 real, 132 MB, 1.06 load
[runlim] sample:		189.85 time, 190.01 real, 131 MB, 1.13 load
[runlim] sample:		199.84 time, 200.01 real, 157 MB, 1.11 load
[runlim] sample:		209.83 time, 210.01 real, 158 MB, 1.09 load
[runlim] sample:		219.83 time, 220.01 real, 132 MB, 1.08 load
[runlim] sample:		229.83 time, 230.01 real, 154 MB, 1.06 load
[runlim] sample:		239.82 time, 240.01 real, 154 MB, 1.05 load
[runlim] sample:		249.81 time, 250.01 real, 175 MB, 1.04 load
[runlim] sample:		259.80 time, 260.01 real, 175 MB, 1.04 load
[runlim] sample:		269.80 time, 270.01 real, 175 MB, 1.03 load
[runlim] sample:		279.79 time, 280.01 real, 178 MB, 1.03 load
[runlim] sample:		289.79 time, 290.01 real, 178 MB, 1.02 load
[runlim] sample:		299.78 time, 300.01 real, 181 MB, 1.02 load
[runlim] sample:		309.77 time, 310.01 real, 181 MB, 1.01 load
[runlim] sample:		319.77 time, 320.01 real, 181 MB, 1.01 load
[runlim] sample:		329.76 time, 330.01 real, 183 MB, 1.01 load
[runlim] sample:		339.77 time, 340.01 real, 183 MB, 1.01 load
[runlim] sample:		349.76 time, 350.01 real, 183 MB, 1.01 load
[runlim] sample:		359.75 time, 360.01 real, 183 MB, 1.00 load
[runlim] sample:		369.74 time, 370.01 real, 133 MB, 1.00 load
[runlim] sample:		379.74 time, 380.01 real, 140 MB, 1.00 load
[runlim] sample:		389.73 time, 390.01 real, 140 MB, 1.00 load
[runlim] sample:		399.72 time, 400.01 real, 141 MB, 1.00 load
[runlim] sample:		409.72 time, 410.01 real, 141 MB, 1.00 load
[runlim] sample:		419.71 time, 420.01 real, 141 MB, 1.00 load
[runlim] sample:		429.71 time, 430.01 real, 142 MB, 1.00 load
[runlim] sample:		439.71 time, 440.01 real, 142 MB, 1.00 load
[runlim] sample:		449.69 time, 450.01 real, 142 MB, 1.00 load
[runlim] sample:		459.69 time, 460.01 real, 142 MB, 1.00 load
[runlim] sample:		469.69 time, 470.01 real, 142 MB, 1.15 load
[runlim] sample:		479.68 time, 480.01 real, 143 MB, 1.13 load
[runlim] sample:		489.68 time, 490.01 real, 146 MB, 1.11 load
[runlim] sample:		499.68 time, 500.01 real, 148 MB, 1.09 load
[runlim] sample:		509.67 time, 510.01 real, 150 MB, 1.08 load
[runlim] sample:		519.67 time, 520.01 real, 148 MB, 1.06 load
[runlim] sample:		529.66 time, 530.01 real, 149 MB, 1.05 load
[runlim] sample:		539.66 time, 540.01 real, 149 MB, 1.05 load
[runlim] sample:		549.65 time, 550.01 real, 149 MB, 1.04 load
[runlim] sample:		559.65 time, 560.01 real, 187 MB, 1.03 load
[runlim] sample:		569.64 time, 570.01 real, 151 MB, 1.03 load
[runlim] sample:		579.63 time, 580.01 real, 149 MB, 1.02 load
[runlim] sample:		589.63 time, 590.01 real, 149 MB, 1.02 load
[runlim] sample:		599.63 time, 600.01 real, 148 MB, 1.02 load
[runlim] end:			Mon May  4 00:01:45 2026
[runlim] status:		out of time
[runlim] result:		2
[runlim] children:		1
[runlim] processes:		2
[runlim] real:			601.06 seconds
[runlim] time:			599.63 seconds
[runlim] space:			211 MB
[runlim] load:			1.15 maximum
[runlim] samples:		6000
