[runlim] version:		2.0.0rc12
[runlim] host:			ap-Precision-7550
[runlim] time limit:		311040000 seconds
[runlim] real time limit:	600 seconds
[runlim] space limit:		15624 MB
[runlim] argv[0]:		python3
[runlim] argv[1]:		-u
[runlim] argv[2]:		main.py
[runlim] argv[3]:		datasets/hurink/vdata/la08.txt
[runlim] start:			Mon May  4 00:41:49 2026
[runlim] child:			8536
Greedy Schedule UB: 837
Building constraints took 2.21 seconds.
SAT

=> TOTAL COMPLETION TIME (Makespan / UB): 836
Schedule is valid
 Time taken: 2.96 seconds
SAT

=> TOTAL COMPLETION TIME (Makespan / UB): 835
Schedule is valid
 Time taken: 3.46 seconds
SAT

=> TOTAL COMPLETION TIME (Makespan / UB): 834
Schedule is valid
 Time taken: 3.51 seconds
SAT

=> TOTAL COMPLETION TIME (Makespan / UB): 833
Schedule is valid
 Time taken: 4.38 seconds
SAT

=> TOTAL COMPLETION TIME (Makespan / UB): 832
Schedule is valid
 Time taken: 5.09 seconds
[runlim] sample:		9.98 time, 10.01 real, 417 MB, 0.98 load
SAT

=> TOTAL COMPLETION TIME (Makespan / UB): 831
Schedule is valid
 Time taken: 10.67 seconds
SAT

=> TOTAL COMPLETION TIME (Makespan / UB): 830
Schedule is valid
 Time taken: 13.21 seconds
SAT

=> TOTAL COMPLETION TIME (Makespan / UB): 829
Schedule is valid
 Time taken: 14.20 seconds
SAT

=> TOTAL COMPLETION TIME (Makespan / UB): 828
Schedule is valid
 Time taken: 14.82 seconds
SAT

=> TOTAL COMPLETION TIME (Makespan / UB): 827
Schedule is valid
 Time taken: 15.39 seconds
SAT

=> TOTAL COMPLETION TIME (Makespan / UB): 826
Schedule is valid
 Time taken: 16.03 seconds
SAT

=> TOTAL COMPLETION TIME (Makespan / UB): 825
Schedule is valid
 Time taken: 16.53 seconds
[runlim] sample:		19.97 time, 20.01 real, 406 MB, 0.99 load
SAT

=> TOTAL COMPLETION TIME (Makespan / UB): 824
Schedule is valid
 Time taken: 20.08 seconds
SAT

=> TOTAL COMPLETION TIME (Makespan / UB): 823
Schedule is valid
 Time taken: 20.30 seconds
SAT

=> TOTAL COMPLETION TIME (Makespan / UB): 822
Schedule is valid
 Time taken: 20.46 seconds
SAT

=> TOTAL COMPLETION TIME (Makespan / UB): 821
Schedule is valid
 Time taken: 20.63 seconds
SAT

=> TOTAL COMPLETION TIME (Makespan / UB): 820
Schedule is valid
 Time taken: 20.78 seconds
SAT

=> TOTAL COMPLETION TIME (Makespan / UB): 819
Schedule is valid
 Time taken: 20.94 seconds
SAT

=> TOTAL COMPLETION TIME (Makespan / UB): 818
Schedule is valid
 Time taken: 21.09 seconds
SAT

=> TOTAL COMPLETION TIME (Makespan / UB): 817
Schedule is valid
 Time taken: 21.14 seconds
SAT

=> TOTAL COMPLETION TIME (Makespan / UB): 816
Schedule is valid
 Time taken: 21.30 seconds
SAT

=> TOTAL COMPLETION TIME (Makespan / UB): 815
Schedule is valid
 Time taken: 21.67 seconds
SAT

=> TOTAL COMPLETION TIME (Makespan / UB): 814
Schedule is valid
 Time taken: 22.43 seconds
SAT

=> TOTAL COMPLETION TIME (Makespan / UB): 813
Schedule is valid
 Time taken: 23.27 seconds
SAT

=> TOTAL COMPLETION TIME (Makespan / UB): 812
Schedule is valid
 Time taken: 23.91 seconds
SAT

=> TOTAL COMPLETION TIME (Makespan / UB): 811
Schedule is valid
 Time taken: 24.48 seconds
SAT

=> TOTAL COMPLETION TIME (Makespan / UB): 810
Schedule is valid
 Time taken: 25.05 seconds
SAT

=> TOTAL COMPLETION TIME (Makespan / UB): 809
Schedule is valid
 Time taken: 25.95 seconds
SAT

=> TOTAL COMPLETION TIME (Makespan / UB): 808
Schedule is valid
 Time taken: 26.62 seconds
SAT

=> TOTAL COMPLETION TIME (Makespan / UB): 807
Schedule is valid
 Time taken: 27.67 seconds
[runlim] sample:		29.96 time, 30.01 real, 396 MB, 0.99 load
SAT

=> TOTAL COMPLETION TIME (Makespan / UB): 806
Schedule is valid
 Time taken: 30.17 seconds
SAT

=> TOTAL COMPLETION TIME (Makespan / UB): 805
Schedule is valid
 Time taken: 33.50 seconds
SAT

=> TOTAL COMPLETION TIME (Makespan / UB): 804
Schedule is valid
 Time taken: 33.67 seconds
SAT

=> TOTAL COMPLETION TIME (Makespan / UB): 803
Schedule is valid
 Time taken: 36.05 seconds
SAT

=> TOTAL COMPLETION TIME (Makespan / UB): 802
Schedule is valid
 Time taken: 38.57 seconds
SAT

=> TOTAL COMPLETION TIME (Makespan / UB): 801
Schedule is valid
 Time taken: 39.47 seconds
SAT

=> TOTAL COMPLETION TIME (Makespan / UB): 800
Schedule is valid
 Time taken: 39.64 seconds
SAT

=> TOTAL COMPLETION TIME (Makespan / UB): 799
Schedule is valid
 Time taken: 39.69 seconds
SAT

=> TOTAL COMPLETION TIME (Makespan / UB): 798
Schedule is valid
 Time taken: 39.83 seconds
[runlim] sample:		39.95 time, 40.01 real, 424 MB, 0.99 load
SAT

=> TOTAL COMPLETION TIME (Makespan / UB): 797
Schedule is valid
 Time taken: 40.24 seconds
SAT

=> TOTAL COMPLETION TIME (Makespan / UB): 796
Schedule is valid
 Time taken: 40.83 seconds
SAT

=> TOTAL COMPLETION TIME (Makespan / UB): 795
Schedule is valid
 Time taken: 43.36 seconds
SAT

=> TOTAL COMPLETION TIME (Makespan / UB): 794
Schedule is valid
 Time taken: 43.93 seconds
SAT

=> TOTAL COMPLETION TIME (Makespan / UB): 793
Schedule is valid
 Time taken: 49.44 seconds
[runlim] sample:		49.95 time, 50.01 real, 440 MB, 0.99 load
SAT

=> TOTAL COMPLETION TIME (Makespan / UB): 792
Schedule is valid
 Time taken: 50.32 seconds
SAT

=> TOTAL COMPLETION TIME (Makespan / UB): 791
Schedule is valid
 Time taken: 52.55 seconds
SAT

=> TOTAL COMPLETION TIME (Makespan / UB): 790
Schedule is valid
 Time taken: 53.25 seconds
SAT

=> TOTAL COMPLETION TIME (Makespan / UB): 789
Schedule is valid
 Time taken: 53.30 seconds
SAT

=> TOTAL COMPLETION TIME (Makespan / UB): 788
Schedule is valid
 Time taken: 53.46 seconds
SAT

=> TOTAL COMPLETION TIME (Makespan / UB): 787
Schedule is valid
 Time taken: 54.24 seconds
SAT

=> TOTAL COMPLETION TIME (Makespan / UB): 786
Schedule is valid
 Time taken: 56.12 seconds
SAT

=> TOTAL COMPLETION TIME (Makespan / UB): 785
Schedule is valid
 Time taken: 58.90 seconds
SAT

=> TOTAL COMPLETION TIME (Makespan / UB): 784
Schedule is valid
 Time taken: 59.06 seconds
[runlim] sample:		59.94 time, 60.01 real, 440 MB, 1.00 load
SAT

=> TOTAL COMPLETION TIME (Makespan / UB): 783
Schedule is valid
 Time taken: 60.76 seconds
SAT

=> TOTAL COMPLETION TIME (Makespan / UB): 782
Schedule is valid
 Time taken: 66.14 seconds
SAT

=> TOTAL COMPLETION TIME (Makespan / UB): 781
Schedule is valid
 Time taken: 66.34 seconds
SAT

=> TOTAL COMPLETION TIME (Makespan / UB): 780
Schedule is valid
 Time taken: 69.15 seconds
[runlim] sample:		69.94 time, 70.01 real, 444 MB, 1.00 load
SAT

=> TOTAL COMPLETION TIME (Makespan / UB): 779
Schedule is valid
 Time taken: 72.62 seconds
SAT

=> TOTAL COMPLETION TIME (Makespan / UB): 778
Schedule is valid
 Time taken: 74.90 seconds
SAT

=> TOTAL COMPLETION TIME (Makespan / UB): 777
Schedule is valid
 Time taken: 77.53 seconds
SAT

=> TOTAL COMPLETION TIME (Makespan / UB): 776
Schedule is valid
 Time taken: 79.75 seconds
[runlim] sample:		79.94 time, 80.01 real, 462 MB, 1.07 load
SAT

=> TOTAL COMPLETION TIME (Makespan / UB): 775
Schedule is valid
 Time taken: 85.50 seconds
SAT

=> TOTAL COMPLETION TIME (Makespan / UB): 774
Schedule is valid
 Time taken: 88.40 seconds
[runlim] sample:		89.93 time, 90.01 real, 444 MB, 1.06 load
SAT

=> TOTAL COMPLETION TIME (Makespan / UB): 773
Schedule is valid
 Time taken: 90.52 seconds
SAT

=> TOTAL COMPLETION TIME (Makespan / UB): 772
Schedule is valid
 Time taken: 94.08 seconds
[runlim] sample:		99.93 time, 100.01 real, 444 MB, 1.21 load
SAT

=> TOTAL COMPLETION TIME (Makespan / UB): 771
Schedule is valid
 Time taken: 107.63 seconds
[runlim] sample:		109.92 time, 110.01 real, 445 MB, 1.18 load
[runlim] sample:		119.92 time, 120.01 real, 444 MB, 1.15 load
[runlim] sample:		129.92 time, 130.01 real, 445 MB, 1.13 load
[runlim] sample:		139.90 time, 140.01 real, 444 MB, 1.11 load
SAT

=> TOTAL COMPLETION TIME (Makespan / UB): 770
Schedule is valid
 Time taken: 148.05 seconds
[runlim] sample:		149.90 time, 150.01 real, 446 MB, 1.09 load
[runlim] sample:		159.90 time, 160.01 real, 446 MB, 1.08 load
[runlim] sample:		169.89 time, 170.01 real, 447 MB, 1.06 load
[runlim] sample:		179.89 time, 180.01 real, 447 MB, 1.05 load
[runlim] sample:		189.88 time, 190.01 real, 446 MB, 1.04 load
SAT

=> TOTAL COMPLETION TIME (Makespan / UB): 769
Schedule is valid
 Time taken: 194.35 seconds
[runlim] sample:		199.88 time, 200.01 real, 391 MB, 1.04 load
SAT

=> TOTAL COMPLETION TIME (Makespan / UB): 768
Schedule is valid
 Time taken: 206.64 seconds
[runlim] sample:		209.88 time, 210.01 real, 391 MB, 1.03 load
SAT

=> TOTAL COMPLETION TIME (Makespan / UB): 767
Schedule is valid
 Time taken: 219.02 seconds
[runlim] sample:		219.87 time, 220.01 real, 441 MB, 1.03 load
[runlim] sample:		229.86 time, 230.01 real, 385 MB, 1.02 load
SAT

=> TOTAL COMPLETION TIME (Makespan / UB): 766
Schedule is valid
 Time taken: 233.89 seconds
[runlim] sample:		239.86 time, 240.01 real, 385 MB, 1.02 load
[runlim] sample:		249.86 time, 250.01 real, 402 MB, 1.01 load
[runlim] sample:		259.85 time, 260.01 real, 454 MB, 1.01 load
[runlim] sample:		269.85 time, 270.01 real, 399 MB, 1.01 load
[runlim] sample:		279.85 time, 280.01 real, 398 MB, 1.01 load
[runlim] sample:		289.84 time, 290.01 real, 403 MB, 1.01 load
[runlim] sample:		299.83 time, 300.01 real, 438 MB, 1.00 load
[runlim] sample:		309.83 time, 310.01 real, 437 MB, 1.00 load
[runlim] sample:		319.82 time, 320.01 real, 432 MB, 1.00 load
[runlim] sample:		329.82 time, 330.01 real, 432 MB, 1.00 load
[runlim] sample:		339.82 time, 340.01 real, 432 MB, 1.00 load
[runlim] sample:		349.81 time, 350.01 real, 386 MB, 1.00 load
[runlim] sample:		359.81 time, 360.01 real, 400 MB, 1.00 load
[runlim] sample:		369.81 time, 370.01 real, 401 MB, 1.00 load
[runlim] sample:		379.81 time, 380.01 real, 401 MB, 1.00 load
[runlim] sample:		389.80 time, 390.01 real, 401 MB, 1.08 load
[runlim] sample:		399.79 time, 400.01 real, 402 MB, 1.14 load
[runlim] sample:		409.79 time, 410.01 real, 436 MB, 1.19 load
[runlim] sample:		419.78 time, 420.01 real, 408 MB, 1.24 load
[runlim] sample:		429.78 time, 430.01 real, 409 MB, 1.35 load
[runlim] sample:		439.78 time, 440.01 real, 410 MB, 1.37 load
[runlim] sample:		449.77 time, 450.01 real, 440 MB, 1.38 load
[runlim] sample:		459.76 time, 460.01 real, 442 MB, 1.40 load
[runlim] sample:		469.76 time, 470.01 real, 444 MB, 1.41 load
[runlim] sample:		479.76 time, 480.01 real, 442 MB, 1.42 load
[runlim] sample:		489.75 time, 490.01 real, 447 MB, 1.43 load
[runlim] sample:		499.75 time, 500.01 real, 450 MB, 1.36 load
[runlim] sample:		509.74 time, 510.01 real, 448 MB, 1.31 load
[runlim] sample:		519.74 time, 520.01 real, 446 MB, 1.26 load
[runlim] sample:		529.74 time, 530.01 real, 448 MB, 1.22 load
[runlim] sample:		539.73 time, 540.01 real, 404 MB, 1.19 load
[runlim] sample:		549.72 time, 550.01 real, 404 MB, 1.16 load
[runlim] sample:		559.72 time, 560.01 real, 405 MB, 1.13 load
[runlim] sample:		569.71 time, 570.01 real, 405 MB, 1.11 load
[runlim] sample:		579.71 time, 580.01 real, 405 MB, 1.25 load
[runlim] sample:		589.70 time, 590.01 real, 405 MB, 1.21 load
[runlim] sample:		599.69 time, 600.01 real, 405 MB, 1.18 load
[runlim] end:			Mon May  4 00:51:50 2026
[runlim] status:		out of time
[runlim] result:		2
[runlim] children:		1
[runlim] processes:		2
[runlim] real:			601.06 seconds
[runlim] time:			599.69 seconds
[runlim] space:			545 MB
[runlim] load:			1.47 maximum
[runlim] samples:		6000
