[runlim] version:		2.0.0rc12
[runlim] host:			ap-Precision-7550
[runlim] time limit:		311040000 seconds
[runlim] real time limit:	600 seconds
[runlim] space limit:		15624 MB
[runlim] argv[0]:		python3
[runlim] argv[1]:		-u
[runlim] argv[2]:		main.py
[runlim] argv[3]:		datasets/hurink/vdata/la22.txt
[runlim] start:			Mon May  4 02:12:15 2026
[runlim] child:			8776
Greedy Schedule UB: 836
Building constraints took 6.07 seconds.
SAT

=> TOTAL COMPLETION TIME (Makespan / UB): 835
Schedule is valid
 Time taken: 7.40 seconds
SAT

=> TOTAL COMPLETION TIME (Makespan / UB): 834
Schedule is valid
 Time taken: 9.36 seconds
[runlim] sample:		9.95 time, 10.01 real, 873 MB, 1.00 load
[runlim] sample:		19.94 time, 20.01 real, 829 MB, 1.00 load
SAT

=> TOTAL COMPLETION TIME (Makespan / UB): 833
Schedule is valid
 Time taken: 21.03 seconds
SAT

=> TOTAL COMPLETION TIME (Makespan / UB): 830
Schedule is valid
 Time taken: 23.51 seconds
[runlim] sample:		29.94 time, 30.01 real, 818 MB, 1.00 load
SAT

=> TOTAL COMPLETION TIME (Makespan / UB): 829
Schedule is valid
 Time taken: 32.91 seconds
SAT

=> TOTAL COMPLETION TIME (Makespan / UB): 828
Schedule is valid
 Time taken: 37.07 seconds
[runlim] sample:		39.93 time, 40.01 real, 1010 MB, 1.00 load
SAT

=> TOTAL COMPLETION TIME (Makespan / UB): 827
Schedule is valid
 Time taken: 40.22 seconds
SAT

=> TOTAL COMPLETION TIME (Makespan / UB): 826
Schedule is valid
 Time taken: 49.15 seconds
[runlim] sample:		49.93 time, 50.01 real, 812 MB, 1.00 load
SAT

=> TOTAL COMPLETION TIME (Makespan / UB): 825
Schedule is valid
 Time taken: 52.28 seconds
SAT

=> TOTAL COMPLETION TIME (Makespan / UB): 824
Schedule is valid
 Time taken: 54.51 seconds
SAT

=> TOTAL COMPLETION TIME (Makespan / UB): 823
Schedule is valid
 Time taken: 57.17 seconds
[runlim] sample:		59.92 time, 60.01 real, 809 MB, 1.00 load
SAT

=> TOTAL COMPLETION TIME (Makespan / UB): 822
Schedule is valid
 Time taken: 60.99 seconds
SAT

=> TOTAL COMPLETION TIME (Makespan / UB): 821
Schedule is valid
 Time taken: 68.02 seconds
[runlim] sample:		69.91 time, 70.01 real, 808 MB, 1.00 load
SAT

=> TOTAL COMPLETION TIME (Makespan / UB): 820
Schedule is valid
 Time taken: 70.16 seconds
SAT

=> TOTAL COMPLETION TIME (Makespan / UB): 819
Schedule is valid
 Time taken: 70.96 seconds
SAT

=> TOTAL COMPLETION TIME (Makespan / UB): 818
Schedule is valid
 Time taken: 74.64 seconds
SAT

=> TOTAL COMPLETION TIME (Makespan / UB): 817
Schedule is valid
 Time taken: 76.48 seconds
SAT

=> TOTAL COMPLETION TIME (Makespan / UB): 816
Schedule is valid
 Time taken: 78.51 seconds
[runlim] sample:		79.91 time, 80.01 real, 802 MB, 1.00 load
SAT

=> TOTAL COMPLETION TIME (Makespan / UB): 815
Schedule is valid
 Time taken: 80.46 seconds
SAT

=> TOTAL COMPLETION TIME (Makespan / UB): 814
Schedule is valid
 Time taken: 81.32 seconds
SAT

=> TOTAL COMPLETION TIME (Makespan / UB): 813
Schedule is valid
 Time taken: 87.42 seconds
[runlim] sample:		89.90 time, 90.01 real, 802 MB, 1.00 load
SAT

=> TOTAL COMPLETION TIME (Makespan / UB): 812
Schedule is valid
 Time taken: 90.94 seconds
SAT

=> TOTAL COMPLETION TIME (Makespan / UB): 811
Schedule is valid
 Time taken: 93.20 seconds
SAT

=> TOTAL COMPLETION TIME (Makespan / UB): 810
Schedule is valid
 Time taken: 95.91 seconds
SAT

=> TOTAL COMPLETION TIME (Makespan / UB): 809
Schedule is valid
 Time taken: 97.88 seconds
[runlim] sample:		99.90 time, 100.01 real, 796 MB, 1.00 load
SAT

=> TOTAL COMPLETION TIME (Makespan / UB): 808
Schedule is valid
 Time taken: 101.67 seconds
SAT

=> TOTAL COMPLETION TIME (Makespan / UB): 807
Schedule is valid
 Time taken: 101.70 seconds
SAT

=> TOTAL COMPLETION TIME (Makespan / UB): 806
Schedule is valid
 Time taken: 103.80 seconds
[runlim] sample:		109.89 time, 110.01 real, 794 MB, 1.00 load
SAT

=> TOTAL COMPLETION TIME (Makespan / UB): 805
Schedule is valid
 Time taken: 117.21 seconds
[runlim] sample:		119.89 time, 120.01 real, 792 MB, 1.00 load
SAT

=> TOTAL COMPLETION TIME (Makespan / UB): 804
Schedule is valid
 Time taken: 120.23 seconds
SAT

=> TOTAL COMPLETION TIME (Makespan / UB): 803
Schedule is valid
 Time taken: 122.24 seconds
SAT

=> TOTAL COMPLETION TIME (Makespan / UB): 802
Schedule is valid
 Time taken: 125.17 seconds
SAT

=> TOTAL COMPLETION TIME (Makespan / UB): 801
Schedule is valid
 Time taken: 127.46 seconds
[runlim] sample:		129.88 time, 130.01 real, 823 MB, 1.00 load
SAT

=> TOTAL COMPLETION TIME (Makespan / UB): 800
Schedule is valid
 Time taken: 135.91 seconds
SAT

=> TOTAL COMPLETION TIME (Makespan / UB): 799
Schedule is valid
 Time taken: 138.06 seconds
[runlim] sample:		139.87 time, 140.01 real, 789 MB, 1.00 load
SAT

=> TOTAL COMPLETION TIME (Makespan / UB): 798
Schedule is valid
 Time taken: 140.23 seconds
SAT

=> TOTAL COMPLETION TIME (Makespan / UB): 797
Schedule is valid
 Time taken: 143.30 seconds
SAT

=> TOTAL COMPLETION TIME (Makespan / UB): 796
Schedule is valid
 Time taken: 145.65 seconds
[runlim] sample:		149.86 time, 150.01 real, 784 MB, 1.00 load
SAT

=> TOTAL COMPLETION TIME (Makespan / UB): 795
Schedule is valid
 Time taken: 155.38 seconds
[runlim] sample:		159.86 time, 160.01 real, 785 MB, 1.08 load
SAT

=> TOTAL COMPLETION TIME (Makespan / UB): 794
Schedule is valid
 Time taken: 169.59 seconds
[runlim] sample:		169.85 time, 170.01 real, 821 MB, 1.07 load
SAT

=> TOTAL COMPLETION TIME (Makespan / UB): 793
Schedule is valid
 Time taken: 173.42 seconds
SAT

=> TOTAL COMPLETION TIME (Makespan / UB): 792
Schedule is valid
 Time taken: 173.66 seconds
SAT

=> TOTAL COMPLETION TIME (Makespan / UB): 791
Schedule is valid
 Time taken: 176.49 seconds
[runlim] sample:		179.85 time, 180.01 real, 818 MB, 1.14 load
SAT

=> TOTAL COMPLETION TIME (Makespan / UB): 790
Schedule is valid
 Time taken: 184.92 seconds
SAT

=> TOTAL COMPLETION TIME (Makespan / UB): 789
Schedule is valid
 Time taken: 184.93 seconds
[runlim] sample:		189.84 time, 190.01 real, 817 MB, 1.12 load
SAT

=> TOTAL COMPLETION TIME (Makespan / UB): 788
Schedule is valid
 Time taken: 199.22 seconds
[runlim] sample:		199.85 time, 200.01 real, 815 MB, 1.10 load
SAT

=> TOTAL COMPLETION TIME (Makespan / UB): 787
Schedule is valid
 Time taken: 202.53 seconds
[runlim] sample:		209.84 time, 210.01 real, 814 MB, 1.08 load
SAT

=> TOTAL COMPLETION TIME (Makespan / UB): 786
Schedule is valid
 Time taken: 212.46 seconds
SAT

=> TOTAL COMPLETION TIME (Makespan / UB): 785
Schedule is valid
 Time taken: 216.00 seconds
[runlim] sample:		219.83 time, 220.01 real, 814 MB, 1.07 load
SAT

=> TOTAL COMPLETION TIME (Makespan / UB): 784
Schedule is valid
 Time taken: 228.46 seconds
[runlim] sample:		229.83 time, 230.01 real, 812 MB, 1.06 load
SAT

=> TOTAL COMPLETION TIME (Makespan / UB): 783
Schedule is valid
 Time taken: 230.68 seconds
SAT

=> TOTAL COMPLETION TIME (Makespan / UB): 782
Schedule is valid
 Time taken: 234.37 seconds
[runlim] sample:		239.83 time, 240.01 real, 812 MB, 1.12 load
SAT

=> TOTAL COMPLETION TIME (Makespan / UB): 781
Schedule is valid
 Time taken: 243.84 seconds
[runlim] sample:		249.82 time, 250.01 real, 810 MB, 1.10 load
SAT

=> TOTAL COMPLETION TIME (Makespan / UB): 780
Schedule is valid
 Time taken: 256.73 seconds
[runlim] sample:		259.81 time, 260.01 real, 809 MB, 1.25 load
SAT

=> TOTAL COMPLETION TIME (Makespan / UB): 779
Schedule is valid
 Time taken: 267.64 seconds
[runlim] sample:		269.82 time, 270.01 real, 810 MB, 1.21 load
SAT

=> TOTAL COMPLETION TIME (Makespan / UB): 778
Schedule is valid
 Time taken: 270.49 seconds
SAT

=> TOTAL COMPLETION TIME (Makespan / UB): 777
Schedule is valid
 Time taken: 273.81 seconds
SAT

=> TOTAL COMPLETION TIME (Makespan / UB): 776
Schedule is valid
 Time taken: 276.46 seconds
[runlim] sample:		279.81 time, 280.01 real, 809 MB, 1.18 load
SAT

=> TOTAL COMPLETION TIME (Makespan / UB): 775
Schedule is valid
 Time taken: 286.46 seconds
SAT

=> TOTAL COMPLETION TIME (Makespan / UB): 774
Schedule is valid
 Time taken: 286.47 seconds
[runlim] sample:		289.80 time, 290.01 real, 774 MB, 1.15 load
SAT

=> TOTAL COMPLETION TIME (Makespan / UB): 773
Schedule is valid
 Time taken: 298.74 seconds
[runlim] sample:		299.80 time, 300.01 real, 743 MB, 1.36 load
SAT

=> TOTAL COMPLETION TIME (Makespan / UB): 772
Schedule is valid
 Time taken: 301.99 seconds
[runlim] sample:		309.79 time, 310.01 real, 772 MB, 1.30 load
SAT

=> TOTAL COMPLETION TIME (Makespan / UB): 771
Schedule is valid
 Time taken: 314.75 seconds
[runlim] sample:		319.79 time, 320.01 real, 775 MB, 1.26 load
[runlim] sample:		329.79 time, 330.01 real, 775 MB, 1.30 load
[runlim] sample:		339.78 time, 340.01 real, 774 MB, 1.25 load
[runlim] sample:		349.77 time, 350.01 real, 771 MB, 1.21 load
SAT

=> TOTAL COMPLETION TIME (Makespan / UB): 770
Schedule is valid
 Time taken: 354.84 seconds
[runlim] sample:		359.77 time, 360.01 real, 771 MB, 1.18 load
SAT

=> TOTAL COMPLETION TIME (Makespan / UB): 769
Schedule is valid
 Time taken: 365.35 seconds
[runlim] sample:		369.77 time, 370.01 real, 772 MB, 1.15 load
[runlim] sample:		379.76 time, 380.01 real, 770 MB, 1.13 load
SAT

=> TOTAL COMPLETION TIME (Makespan / UB): 768
Schedule is valid
 Time taken: 381.11 seconds
SAT

=> TOTAL COMPLETION TIME (Makespan / UB): 767
Schedule is valid
 Time taken: 384.18 seconds
[runlim] sample:		389.76 time, 390.01 real, 771 MB, 1.11 load
SAT

=> TOTAL COMPLETION TIME (Makespan / UB): 766
Schedule is valid
 Time taken: 394.87 seconds
[runlim] sample:		399.76 time, 400.01 real, 769 MB, 1.09 load
SAT

=> TOTAL COMPLETION TIME (Makespan / UB): 765
Schedule is valid
 Time taken: 404.35 seconds
[runlim] sample:		409.75 time, 410.01 real, 768 MB, 1.08 load
[runlim] sample:		419.75 time, 420.01 real, 769 MB, 1.06 load
[runlim] sample:		429.74 time, 430.01 real, 771 MB, 1.05 load
[runlim] sample:		439.73 time, 440.01 real, 766 MB, 1.05 load
[runlim] sample:		449.73 time, 450.01 real, 775 MB, 1.04 load
SAT

=> TOTAL COMPLETION TIME (Makespan / UB): 764
Schedule is valid
 Time taken: 454.16 seconds
[runlim] sample:		459.72 time, 460.01 real, 773 MB, 1.11 load
SAT

=> TOTAL COMPLETION TIME (Makespan / UB): 763
Schedule is valid
 Time taken: 468.82 seconds
[runlim] sample:		469.72 time, 470.01 real, 773 MB, 1.09 load
SAT

=> TOTAL COMPLETION TIME (Makespan / UB): 762
Schedule is valid
 Time taken: 479.07 seconds
[runlim] sample:		479.72 time, 480.01 real, 768 MB, 1.08 load
[runlim] sample:		489.72 time, 490.01 real, 794 MB, 1.07 load
[runlim] sample:		499.71 time, 500.01 real, 798 MB, 1.06 load
[runlim] sample:		509.70 time, 510.01 real, 798 MB, 1.05 load
[runlim] sample:		519.69 time, 520.01 real, 792 MB, 1.04 load
SAT

=> TOTAL COMPLETION TIME (Makespan / UB): 761
Schedule is valid
 Time taken: 520.07 seconds
SAT

=> TOTAL COMPLETION TIME (Makespan / UB): 760
Schedule is valid
 Time taken: 523.94 seconds
[runlim] sample:		529.68 time, 530.01 real, 766 MB, 1.03 load
[runlim] sample:		539.67 time, 540.01 real, 770 MB, 1.03 load
[runlim] sample:		549.66 time, 550.01 real, 770 MB, 1.02 load
[runlim] sample:		559.65 time, 560.01 real, 762 MB, 1.02 load
[runlim] sample:		569.65 time, 570.01 real, 799 MB, 1.02 load
SAT

=> TOTAL COMPLETION TIME (Makespan / UB): 759
Schedule is valid
 Time taken: 573.70 seconds
[runlim] sample:		579.63 time, 580.01 real, 795 MB, 1.09 load
SAT

=> TOTAL COMPLETION TIME (Makespan / UB): 758
Schedule is valid
 Time taken: 584.01 seconds
[runlim] sample:		589.63 time, 590.01 real, 796 MB, 1.08 load
[runlim] sample:		599.61 time, 600.01 real, 764 MB, 1.07 load
[runlim] end:			Mon May  4 02:22:16 2026
[runlim] status:		out of time
[runlim] result:		2
[runlim] children:		1
[runlim] processes:		2
[runlim] real:			601.06 seconds
[runlim] time:			599.61 seconds
[runlim] space:			1083 MB
[runlim] load:			1.36 maximum
[runlim] samples:		6000
