[runlim] version:		2.0.0rc12
[runlim] host:			ap-Precision-7550
[runlim] time limit:		311040000 seconds
[runlim] real time limit:	600 seconds
[runlim] space limit:		15624 MB
[runlim] argv[0]:		python3
[runlim] argv[1]:		-u
[runlim] argv[2]:		main.py
[runlim] argv[3]:		datasets/hurink/vdata/la25.txt
[runlim] start:			Mon May  4 02:42:18 2026
[runlim] child:			8841
Greedy Schedule UB: 822
Building constraints took 6.14 seconds.
[runlim] sample:		9.99 time, 10.01 real, 1082 MB, 1.00 load
[runlim] sample:		19.98 time, 20.01 real, 1032 MB, 1.00 load
SAT

=> TOTAL COMPLETION TIME (Makespan / UB): 821
Schedule is valid
 Time taken: 23.52 seconds
[runlim] sample:		29.98 time, 30.01 real, 829 MB, 1.00 load
SAT

=> TOTAL COMPLETION TIME (Makespan / UB): 820
Schedule is valid
 Time taken: 37.65 seconds
[runlim] sample:		39.98 time, 40.01 real, 908 MB, 1.00 load
SAT

=> TOTAL COMPLETION TIME (Makespan / UB): 819
Schedule is valid
 Time taken: 46.35 seconds
[runlim] sample:		49.98 time, 50.01 real, 1032 MB, 1.07 load
SAT

=> TOTAL COMPLETION TIME (Makespan / UB): 818
Schedule is valid
 Time taken: 50.30 seconds
SAT

=> TOTAL COMPLETION TIME (Makespan / UB): 817
Schedule is valid
 Time taken: 53.14 seconds
SAT

=> TOTAL COMPLETION TIME (Makespan / UB): 816
Schedule is valid
 Time taken: 55.93 seconds
[runlim] sample:		59.97 time, 60.01 real, 864 MB, 1.06 load
SAT

=> TOTAL COMPLETION TIME (Makespan / UB): 815
Schedule is valid
 Time taken: 69.73 seconds
[runlim] sample:		69.97 time, 70.01 real, 825 MB, 1.05 load
SAT

=> TOTAL COMPLETION TIME (Makespan / UB): 814
Schedule is valid
 Time taken: 72.71 seconds
SAT

=> TOTAL COMPLETION TIME (Makespan / UB): 813
Schedule is valid
 Time taken: 72.95 seconds
SAT

=> TOTAL COMPLETION TIME (Makespan / UB): 812
Schedule is valid
 Time taken: 74.82 seconds
[runlim] sample:		79.97 time, 80.01 real, 822 MB, 1.04 load
SAT

=> TOTAL COMPLETION TIME (Makespan / UB): 811
Schedule is valid
 Time taken: 81.41 seconds
SAT

=> TOTAL COMPLETION TIME (Makespan / UB): 810
Schedule is valid
 Time taken: 85.15 seconds
SAT

=> TOTAL COMPLETION TIME (Makespan / UB): 809
Schedule is valid
 Time taken: 87.65 seconds
SAT

=> TOTAL COMPLETION TIME (Makespan / UB): 808
Schedule is valid
 Time taken: 89.88 seconds
[runlim] sample:		89.96 time, 90.01 real, 821 MB, 1.04 load
SAT

=> TOTAL COMPLETION TIME (Makespan / UB): 807
Schedule is valid
 Time taken: 92.33 seconds
SAT

=> TOTAL COMPLETION TIME (Makespan / UB): 806
Schedule is valid
 Time taken: 95.66 seconds
SAT

=> TOTAL COMPLETION TIME (Makespan / UB): 805
Schedule is valid
 Time taken: 95.92 seconds
SAT

=> TOTAL COMPLETION TIME (Makespan / UB): 804
Schedule is valid
 Time taken: 95.93 seconds
SAT

=> TOTAL COMPLETION TIME (Makespan / UB): 803
Schedule is valid
 Time taken: 95.94 seconds
[runlim] sample:		99.96 time, 100.01 real, 850 MB, 1.03 load
SAT

=> TOTAL COMPLETION TIME (Makespan / UB): 802
Schedule is valid
 Time taken: 102.38 seconds
SAT

=> TOTAL COMPLETION TIME (Makespan / UB): 801
Schedule is valid
 Time taken: 104.71 seconds
SAT

=> TOTAL COMPLETION TIME (Makespan / UB): 800
Schedule is valid
 Time taken: 107.30 seconds
[runlim] sample:		109.95 time, 110.01 real, 812 MB, 1.02 load
SAT

=> TOTAL COMPLETION TIME (Makespan / UB): 799
Schedule is valid
 Time taken: 110.78 seconds
SAT

=> TOTAL COMPLETION TIME (Makespan / UB): 798
Schedule is valid
 Time taken: 113.97 seconds
[runlim] sample:		119.95 time, 120.01 real, 809 MB, 1.02 load
SAT

=> TOTAL COMPLETION TIME (Makespan / UB): 797
Schedule is valid
 Time taken: 128.92 seconds
[runlim] sample:		129.94 time, 130.01 real, 810 MB, 1.02 load
SAT

=> TOTAL COMPLETION TIME (Makespan / UB): 796
Schedule is valid
 Time taken: 131.86 seconds
[runlim] sample:		139.94 time, 140.01 real, 808 MB, 1.01 load
SAT

=> TOTAL COMPLETION TIME (Makespan / UB): 795
Schedule is valid
 Time taken: 143.37 seconds
SAT

=> TOTAL COMPLETION TIME (Makespan / UB): 794
Schedule is valid
 Time taken: 146.26 seconds
[runlim] sample:		149.93 time, 150.01 real, 809 MB, 1.01 load
SAT

=> TOTAL COMPLETION TIME (Makespan / UB): 793
Schedule is valid
 Time taken: 152.81 seconds
[runlim] sample:		159.93 time, 160.01 real, 805 MB, 1.01 load
SAT

=> TOTAL COMPLETION TIME (Makespan / UB): 792
Schedule is valid
 Time taken: 162.90 seconds
SAT

=> TOTAL COMPLETION TIME (Makespan / UB): 791
Schedule is valid
 Time taken: 165.76 seconds
[runlim] sample:		169.93 time, 170.01 real, 873 MB, 1.01 load
SAT

=> TOTAL COMPLETION TIME (Makespan / UB): 790
Schedule is valid
 Time taken: 173.41 seconds
[runlim] sample:		179.92 time, 180.01 real, 805 MB, 1.01 load
[runlim] sample:		189.92 time, 190.01 real, 804 MB, 1.00 load
SAT

=> TOTAL COMPLETION TIME (Makespan / UB): 789
Schedule is valid
 Time taken: 189.99 seconds
SAT

=> TOTAL COMPLETION TIME (Makespan / UB): 788
Schedule is valid
 Time taken: 190.25 seconds
[runlim] sample:		199.91 time, 200.01 real, 803 MB, 1.00 load
SAT

=> TOTAL COMPLETION TIME (Makespan / UB): 787
Schedule is valid
 Time taken: 200.60 seconds
[runlim] sample:		209.90 time, 210.01 real, 802 MB, 1.00 load
SAT

=> TOTAL COMPLETION TIME (Makespan / UB): 786
Schedule is valid
 Time taken: 213.69 seconds
[runlim] sample:		219.90 time, 220.01 real, 802 MB, 1.00 load
SAT

=> TOTAL COMPLETION TIME (Makespan / UB): 785
Schedule is valid
 Time taken: 224.81 seconds
[runlim] sample:		229.91 time, 230.01 real, 800 MB, 1.00 load
SAT

=> TOTAL COMPLETION TIME (Makespan / UB): 784
Schedule is valid
 Time taken: 234.58 seconds
[runlim] sample:		239.90 time, 240.01 real, 864 MB, 1.00 load
[runlim] sample:		249.89 time, 250.01 real, 801 MB, 1.00 load
SAT

=> TOTAL COMPLETION TIME (Makespan / UB): 783
Schedule is valid
 Time taken: 251.12 seconds
[runlim] sample:		259.88 time, 260.01 real, 798 MB, 1.00 load
[runlim] sample:		269.88 time, 270.01 real, 804 MB, 1.00 load
[runlim] sample:		279.88 time, 280.01 real, 798 MB, 1.00 load
[runlim] sample:		289.87 time, 290.01 real, 798 MB, 1.00 load
SAT

=> TOTAL COMPLETION TIME (Makespan / UB): 782
Schedule is valid
 Time taken: 291.26 seconds
[runlim] sample:		299.87 time, 300.01 real, 799 MB, 1.00 load
SAT

=> TOTAL COMPLETION TIME (Makespan / UB): 781
Schedule is valid
 Time taken: 301.58 seconds
[runlim] sample:		309.86 time, 310.01 real, 798 MB, 1.00 load
[runlim] sample:		319.85 time, 320.01 real, 800 MB, 1.00 load
[runlim] sample:		329.85 time, 330.01 real, 802 MB, 1.00 load
[runlim] sample:		339.85 time, 340.01 real, 797 MB, 1.00 load
SAT

=> TOTAL COMPLETION TIME (Makespan / UB): 780
Schedule is valid
 Time taken: 346.86 seconds
[runlim] sample:		349.84 time, 350.01 real, 805 MB, 1.15 load
SAT

=> TOTAL COMPLETION TIME (Makespan / UB): 779
Schedule is valid
 Time taken: 357.70 seconds
[runlim] sample:		359.84 time, 360.01 real, 798 MB, 1.13 load
[runlim] sample:		369.84 time, 370.01 real, 798 MB, 1.11 load
[runlim] sample:		379.83 time, 380.01 real, 797 MB, 1.09 load
[runlim] sample:		389.83 time, 390.01 real, 803 MB, 1.08 load
[runlim] sample:		399.82 time, 400.01 real, 797 MB, 1.06 load
SAT

=> TOTAL COMPLETION TIME (Makespan / UB): 778
Schedule is valid
 Time taken: 400.89 seconds
[runlim] sample:		409.82 time, 410.01 real, 801 MB, 1.05 load
SAT

=> TOTAL COMPLETION TIME (Makespan / UB): 777
Schedule is valid
 Time taken: 410.29 seconds
[runlim] sample:		419.82 time, 420.01 real, 803 MB, 1.05 load
SAT

=> TOTAL COMPLETION TIME (Makespan / UB): 776
Schedule is valid
 Time taken: 427.21 seconds
[runlim] sample:		429.81 time, 430.01 real, 795 MB, 1.04 load
[runlim] sample:		439.81 time, 440.01 real, 798 MB, 1.03 load
[runlim] sample:		449.80 time, 450.01 real, 803 MB, 1.03 load
[runlim] sample:		459.79 time, 460.01 real, 803 MB, 1.02 load
SAT

=> TOTAL COMPLETION TIME (Makespan / UB): 775
Schedule is valid
 Time taken: 465.78 seconds
[runlim] sample:		469.80 time, 470.01 real, 794 MB, 1.02 load
[runlim] sample:		479.79 time, 480.01 real, 796 MB, 1.02 load
[runlim] sample:		489.79 time, 490.01 real, 798 MB, 1.01 load
[runlim] sample:		499.78 time, 500.01 real, 802 MB, 1.01 load
[runlim] sample:		509.77 time, 510.01 real, 796 MB, 1.08 load
SAT

=> TOTAL COMPLETION TIME (Makespan / UB): 774
Schedule is valid
 Time taken: 515.52 seconds
[runlim] sample:		519.77 time, 520.01 real, 800 MB, 1.07 load
[runlim] sample:		529.77 time, 530.01 real, 800 MB, 1.06 load
[runlim] sample:		539.75 time, 540.01 real, 801 MB, 1.05 load
[runlim] sample:		549.74 time, 550.01 real, 801 MB, 1.04 load
[runlim] sample:		559.74 time, 560.01 real, 793 MB, 1.03 load
[runlim] sample:		569.74 time, 570.01 real, 806 MB, 1.03 load
[runlim] sample:		579.73 time, 580.01 real, 809 MB, 1.02 load
[runlim] sample:		589.73 time, 590.01 real, 980 MB, 1.02 load
[runlim] sample:		599.71 time, 600.01 real, 806 MB, 1.02 load
[runlim] end:			Mon May  4 02:52:19 2026
[runlim] status:		out of time
[runlim] result:		2
[runlim] children:		1
[runlim] processes:		2
[runlim] real:			601.06 seconds
[runlim] time:			599.71 seconds
[runlim] space:			1082 MB
[runlim] load:			1.15 maximum
[runlim] samples:		6000
