[runlim] version:		2.0.0rc12
[runlim] host:			ap-Precision-7550
[runlim] time limit:		311040000 seconds
[runlim] real time limit:	600 seconds
[runlim] space limit:		15624 MB
[runlim] argv[0]:		python3
[runlim] argv[1]:		-u
[runlim] argv[2]:		main.py
[runlim] argv[3]:		datasets/hurink/vdata/la32.txt
[runlim] start:			Mon May  4 03:52:25 2026
[runlim] child:			9022
Greedy Schedule UB: 1747
[runlim] sample:		9.97 time, 10.01 real, 1165 MB, 1.02 load
[runlim] sample:		19.97 time, 20.01 real, 2001 MB, 1.01 load
[runlim] sample:		29.96 time, 30.01 real, 2866 MB, 1.01 load
[runlim] sample:		39.95 time, 40.01 real, 3708 MB, 1.01 load
[runlim] sample:		49.95 time, 50.01 real, 4561 MB, 1.01 load
[runlim] sample:		59.95 time, 60.01 real, 5406 MB, 1.15 load
[runlim] sample:		69.95 time, 70.01 real, 6259 MB, 1.13 load
[runlim] sample:		79.94 time, 80.01 real, 7096 MB, 1.11 load
[runlim] sample:		89.94 time, 90.01 real, 7955 MB, 1.09 load
[runlim] sample:		99.94 time, 100.01 real, 8809 MB, 1.08 load
Building constraints took 109.02 seconds.
[runlim] sample:		109.92 time, 110.01 real, 10000 MB, 1.06 load
[runlim] sample:		119.92 time, 120.01 real, 14201 MB, 1.05 load
[runlim] sample:		128.74 time, 130.01 real, 13779 MB, 1.05 load
[runlim] sample:		137.85 time, 140.01 real, 14023 MB, 1.04 load
[runlim] sample:		147.52 time, 150.01 real, 14150 MB, 1.03 load
[runlim] sample:		154.54 time, 160.01 real, 14629 MB, 1.03 load
[runlim] end:			Mon May  4 03:55:13 2026
[runlim] status:		signal(9)
[runlim] result:		11
[runlim] children:		1
[runlim] processes:		2
[runlim] real:			167.89 seconds
[runlim] time:			159.77 seconds
[runlim] space:			14668 MB
[runlim] load:			1.17 maximum
[runlim] samples:		1673
