[runlim] version:		2.0.0rc12
[runlim] host:			ap-Precision-7550
[runlim] time limit:		311040000 seconds
[runlim] real time limit:	600 seconds
[runlim] space limit:		15624 MB
[runlim] argv[0]:		python3
[runlim] argv[1]:		-u
[runlim] argv[2]:		main.py
[runlim] argv[3]:		datasets/hurink/vdata/la36.txt
[runlim] start:			Mon May  4 04:25:16 2026
[runlim] child:			9139
Greedy Schedule UB: 1036
[runlim] sample:		9.95 time, 10.01 real, 763 MB, 1.00 load
Building constraints took 10.87 seconds.
SAT

=> TOTAL COMPLETION TIME (Makespan / UB): 1035
Schedule is valid
 Time taken: 11.86 seconds
SAT

=> TOTAL COMPLETION TIME (Makespan / UB): 1034
Schedule is valid
 Time taken: 12.87 seconds
SAT

=> TOTAL COMPLETION TIME (Makespan / UB): 1033
Schedule is valid
 Time taken: 12.90 seconds
SAT

=> TOTAL COMPLETION TIME (Makespan / UB): 1032
Schedule is valid
 Time taken: 12.93 seconds
SAT

=> TOTAL COMPLETION TIME (Makespan / UB): 1031
Schedule is valid
 Time taken: 12.95 seconds
SAT

=> TOTAL COMPLETION TIME (Makespan / UB): 1030
Schedule is valid
 Time taken: 12.97 seconds
SAT

=> TOTAL COMPLETION TIME (Makespan / UB): 1029
Schedule is valid
 Time taken: 13.00 seconds
SAT

=> TOTAL COMPLETION TIME (Makespan / UB): 1028
Schedule is valid
 Time taken: 13.02 seconds
SAT

=> TOTAL COMPLETION TIME (Makespan / UB): 1027
Schedule is valid
 Time taken: 13.04 seconds
SAT

=> TOTAL COMPLETION TIME (Makespan / UB): 1026
Schedule is valid
 Time taken: 13.06 seconds
SAT

=> TOTAL COMPLETION TIME (Makespan / UB): 1025
Schedule is valid
 Time taken: 13.09 seconds
SAT

=> TOTAL COMPLETION TIME (Makespan / UB): 1024
Schedule is valid
 Time taken: 13.10 seconds
SAT

=> TOTAL COMPLETION TIME (Makespan / UB): 1023
Schedule is valid
 Time taken: 13.12 seconds
SAT

=> TOTAL COMPLETION TIME (Makespan / UB): 1022
Schedule is valid
 Time taken: 13.14 seconds
SAT

=> TOTAL COMPLETION TIME (Makespan / UB): 1021
Schedule is valid
 Time taken: 13.30 seconds
SAT

=> TOTAL COMPLETION TIME (Makespan / UB): 1020
Schedule is valid
 Time taken: 13.32 seconds
SAT

=> TOTAL COMPLETION TIME (Makespan / UB): 1019
Schedule is valid
 Time taken: 13.55 seconds
SAT

=> TOTAL COMPLETION TIME (Makespan / UB): 1018
Schedule is valid
 Time taken: 16.52 seconds
SAT

=> TOTAL COMPLETION TIME (Makespan / UB): 1017
Schedule is valid
 Time taken: 16.99 seconds
SAT

=> TOTAL COMPLETION TIME (Makespan / UB): 1016
Schedule is valid
 Time taken: 17.02 seconds
SAT

=> TOTAL COMPLETION TIME (Makespan / UB): 1015
Schedule is valid
 Time taken: 17.05 seconds
SAT

=> TOTAL COMPLETION TIME (Makespan / UB): 1014
Schedule is valid
 Time taken: 17.07 seconds
SAT

=> TOTAL COMPLETION TIME (Makespan / UB): 1013
Schedule is valid
 Time taken: 17.10 seconds
SAT

=> TOTAL COMPLETION TIME (Makespan / UB): 1012
Schedule is valid
 Time taken: 17.14 seconds
SAT

=> TOTAL COMPLETION TIME (Makespan / UB): 1011
Schedule is valid
 Time taken: 17.17 seconds
SAT

=> TOTAL COMPLETION TIME (Makespan / UB): 1010
Schedule is valid
 Time taken: 17.20 seconds
SAT

=> TOTAL COMPLETION TIME (Makespan / UB): 1009
Schedule is valid
 Time taken: 17.22 seconds
SAT

=> TOTAL COMPLETION TIME (Makespan / UB): 1008
Schedule is valid
 Time taken: 17.25 seconds
SAT

=> TOTAL COMPLETION TIME (Makespan / UB): 1007
Schedule is valid
 Time taken: 17.28 seconds
SAT

=> TOTAL COMPLETION TIME (Makespan / UB): 1006
Schedule is valid
 Time taken: 18.64 seconds
SAT

=> TOTAL COMPLETION TIME (Makespan / UB): 1005
Schedule is valid
 Time taken: 18.67 seconds
SAT

=> TOTAL COMPLETION TIME (Makespan / UB): 1004
Schedule is valid
 Time taken: 18.69 seconds
SAT

=> TOTAL COMPLETION TIME (Makespan / UB): 1003
Schedule is valid
 Time taken: 18.71 seconds
[runlim] sample:		19.94 time, 20.01 real, 1143 MB, 1.00 load
SAT

=> TOTAL COMPLETION TIME (Makespan / UB): 1002
Schedule is valid
 Time taken: 27.63 seconds
SAT

=> TOTAL COMPLETION TIME (Makespan / UB): 1001
Schedule is valid
 Time taken: 28.11 seconds
SAT

=> TOTAL COMPLETION TIME (Makespan / UB): 1000
Schedule is valid
 Time taken: 28.60 seconds
SAT

=> TOTAL COMPLETION TIME (Makespan / UB): 999
Schedule is valid
 Time taken: 29.92 seconds
[runlim] sample:		29.92 time, 30.01 real, 1089 MB, 1.00 load
SAT

=> TOTAL COMPLETION TIME (Makespan / UB): 998
Schedule is valid
 Time taken: 32.04 seconds
SAT

=> TOTAL COMPLETION TIME (Makespan / UB): 997
Schedule is valid
 Time taken: 33.30 seconds
SAT

=> TOTAL COMPLETION TIME (Makespan / UB): 996
Schedule is valid
 Time taken: 33.72 seconds
SAT

=> TOTAL COMPLETION TIME (Makespan / UB): 995
Schedule is valid
 Time taken: 34.25 seconds
SAT

=> TOTAL COMPLETION TIME (Makespan / UB): 994
Schedule is valid
 Time taken: 34.26 seconds
SAT

=> TOTAL COMPLETION TIME (Makespan / UB): 993
Schedule is valid
 Time taken: 34.61 seconds
SAT

=> TOTAL COMPLETION TIME (Makespan / UB): 992
Schedule is valid
 Time taken: 36.27 seconds
SAT

=> TOTAL COMPLETION TIME (Makespan / UB): 991
Schedule is valid
 Time taken: 36.92 seconds
SAT

=> TOTAL COMPLETION TIME (Makespan / UB): 990
Schedule is valid
 Time taken: 39.23 seconds
[runlim] sample:		39.92 time, 40.01 real, 1069 MB, 1.00 load
SAT

=> TOTAL COMPLETION TIME (Makespan / UB): 989
Schedule is valid
 Time taken: 39.97 seconds
SAT

=> TOTAL COMPLETION TIME (Makespan / UB): 988
Schedule is valid
 Time taken: 47.38 seconds
SAT

=> TOTAL COMPLETION TIME (Makespan / UB): 987
Schedule is valid
 Time taken: 48.85 seconds
SAT

=> TOTAL COMPLETION TIME (Makespan / UB): 986
Schedule is valid
 Time taken: 49.52 seconds
[runlim] sample:		49.91 time, 50.01 real, 1064 MB, 1.00 load
SAT

=> TOTAL COMPLETION TIME (Makespan / UB): 985
Schedule is valid
 Time taken: 51.06 seconds
SAT

=> TOTAL COMPLETION TIME (Makespan / UB): 984
Schedule is valid
 Time taken: 51.40 seconds
SAT

=> TOTAL COMPLETION TIME (Makespan / UB): 983
Schedule is valid
 Time taken: 52.03 seconds
SAT

=> TOTAL COMPLETION TIME (Makespan / UB): 982
Schedule is valid
 Time taken: 52.43 seconds
SAT

=> TOTAL COMPLETION TIME (Makespan / UB): 981
Schedule is valid
 Time taken: 54.45 seconds
SAT

=> TOTAL COMPLETION TIME (Makespan / UB): 980
Schedule is valid
 Time taken: 55.04 seconds
SAT

=> TOTAL COMPLETION TIME (Makespan / UB): 979
Schedule is valid
 Time taken: 55.67 seconds
SAT

=> TOTAL COMPLETION TIME (Makespan / UB): 978
Schedule is valid
 Time taken: 57.05 seconds
SAT

=> TOTAL COMPLETION TIME (Makespan / UB): 977
Schedule is valid
 Time taken: 57.34 seconds
SAT

=> TOTAL COMPLETION TIME (Makespan / UB): 976
Schedule is valid
 Time taken: 57.61 seconds
SAT

=> TOTAL COMPLETION TIME (Makespan / UB): 975
Schedule is valid
 Time taken: 58.12 seconds
[runlim] sample:		59.90 time, 60.01 real, 1037 MB, 1.00 load
SAT

=> TOTAL COMPLETION TIME (Makespan / UB): 974
Schedule is valid
 Time taken: 60.12 seconds
SAT

=> TOTAL COMPLETION TIME (Makespan / UB): 973
Schedule is valid
 Time taken: 60.78 seconds
SAT

=> TOTAL COMPLETION TIME (Makespan / UB): 972
Schedule is valid
 Time taken: 66.30 seconds
SAT

=> TOTAL COMPLETION TIME (Makespan / UB): 971
Schedule is valid
 Time taken: 67.02 seconds
[runlim] sample:		69.90 time, 70.01 real, 1041 MB, 1.00 load
SAT

=> TOTAL COMPLETION TIME (Makespan / UB): 970
Schedule is valid
 Time taken: 70.13 seconds
SAT

=> TOTAL COMPLETION TIME (Makespan / UB): 969
Schedule is valid
 Time taken: 71.78 seconds
SAT

=> TOTAL COMPLETION TIME (Makespan / UB): 968
Schedule is valid
 Time taken: 73.03 seconds
SAT

=> TOTAL COMPLETION TIME (Makespan / UB): 967
Schedule is valid
 Time taken: 74.43 seconds
SAT

=> TOTAL COMPLETION TIME (Makespan / UB): 966
Schedule is valid
 Time taken: 74.82 seconds
SAT

=> TOTAL COMPLETION TIME (Makespan / UB): 965
Schedule is valid
 Time taken: 75.98 seconds
SAT

=> TOTAL COMPLETION TIME (Makespan / UB): 964
Schedule is valid
 Time taken: 76.39 seconds
SAT

=> TOTAL COMPLETION TIME (Makespan / UB): 963
Schedule is valid
 Time taken: 78.96 seconds
[runlim] sample:		79.89 time, 80.01 real, 1203 MB, 1.00 load
SAT

=> TOTAL COMPLETION TIME (Makespan / UB): 962
Schedule is valid
 Time taken: 80.93 seconds
SAT

=> TOTAL COMPLETION TIME (Makespan / UB): 961
Schedule is valid
 Time taken: 85.42 seconds
SAT

=> TOTAL COMPLETION TIME (Makespan / UB): 960
Schedule is valid
 Time taken: 86.12 seconds
SAT

=> TOTAL COMPLETION TIME (Makespan / UB): 959
Schedule is valid
 Time taken: 88.14 seconds
SAT

=> TOTAL COMPLETION TIME (Makespan / UB): 958
Schedule is valid
 Time taken: 88.42 seconds
[runlim] sample:		89.88 time, 90.01 real, 1012 MB, 1.00 load
SAT

=> TOTAL COMPLETION TIME (Makespan / UB): 957
Schedule is valid
 Time taken: 90.17 seconds
SAT

=> TOTAL COMPLETION TIME (Makespan / UB): 956
Schedule is valid
 Time taken: 93.49 seconds
SAT

=> TOTAL COMPLETION TIME (Makespan / UB): 955
Schedule is valid
 Time taken: 95.16 seconds
SAT

=> TOTAL COMPLETION TIME (Makespan / UB): 954
Schedule is valid
 Time taken: 95.42 seconds
SAT

=> TOTAL COMPLETION TIME (Makespan / UB): 953
Schedule is valid
 Time taken: 97.39 seconds
SAT

=> TOTAL COMPLETION TIME (Makespan / UB): 952
Schedule is valid
 Time taken: 99.54 seconds
SAT

=> TOTAL COMPLETION TIME (Makespan / UB): 951
Schedule is valid
 Time taken: 99.76 seconds
[runlim] sample:		99.87 time, 100.01 real, 1030 MB, 1.08 load
SAT

=> TOTAL COMPLETION TIME (Makespan / UB): 950
Schedule is valid
 Time taken: 100.61 seconds
SAT

=> TOTAL COMPLETION TIME (Makespan / UB): 949
Schedule is valid
 Time taken: 101.10 seconds
SAT

=> TOTAL COMPLETION TIME (Makespan / UB): 948
Schedule is valid
 Time taken: 107.53 seconds
UNSAT
status: optimal
[runlim] end:			Mon May  4 04:27:04 2026
[runlim] status:		ok
[runlim] result:		0
[runlim] children:		1
[runlim] processes:		2
[runlim] real:			107.77 seconds
[runlim] time:			107.53 seconds
[runlim] space:			1551 MB
[runlim] load:			1.08 maximum
[runlim] samples:		1078
