[runlim] version:		2.0.0rc12
[runlim] host:			ap-Precision-7550
[runlim] time limit:		311040000 seconds
[runlim] real time limit:	600 seconds
[runlim] space limit:		15624 MB
[runlim] argv[0]:		python3
[runlim] argv[1]:		-u
[runlim] argv[2]:		main.py
[runlim] argv[3]:		datasets/hurink/vdata/orb10.txt
[runlim] start:			Mon May  4 04:43:27 2026
[runlim] child:			9731
Greedy Schedule UB: 728
Building constraints took 1.06 seconds.
SAT

=> TOTAL COMPLETION TIME (Makespan / UB): 727
Schedule is valid
 Time taken: 1.20 seconds
SAT

=> TOTAL COMPLETION TIME (Makespan / UB): 726
Schedule is valid
 Time taken: 1.21 seconds
SAT

=> TOTAL COMPLETION TIME (Makespan / UB): 725
Schedule is valid
 Time taken: 1.21 seconds
SAT

=> TOTAL COMPLETION TIME (Makespan / UB): 724
Schedule is valid
 Time taken: 1.22 seconds
SAT

=> TOTAL COMPLETION TIME (Makespan / UB): 723
Schedule is valid
 Time taken: 1.22 seconds
SAT

=> TOTAL COMPLETION TIME (Makespan / UB): 722
Schedule is valid
 Time taken: 1.23 seconds
SAT

=> TOTAL COMPLETION TIME (Makespan / UB): 721
Schedule is valid
 Time taken: 1.41 seconds
SAT

=> TOTAL COMPLETION TIME (Makespan / UB): 720
Schedule is valid
 Time taken: 1.43 seconds
SAT

=> TOTAL COMPLETION TIME (Makespan / UB): 719
Schedule is valid
 Time taken: 1.44 seconds
SAT

=> TOTAL COMPLETION TIME (Makespan / UB): 718
Schedule is valid
 Time taken: 1.44 seconds
SAT

=> TOTAL COMPLETION TIME (Makespan / UB): 717
Schedule is valid
 Time taken: 1.45 seconds
SAT

=> TOTAL COMPLETION TIME (Makespan / UB): 716
Schedule is valid
 Time taken: 1.45 seconds
SAT

=> TOTAL COMPLETION TIME (Makespan / UB): 715
Schedule is valid
 Time taken: 1.45 seconds
SAT

=> TOTAL COMPLETION TIME (Makespan / UB): 714
Schedule is valid
 Time taken: 1.46 seconds
SAT

=> TOTAL COMPLETION TIME (Makespan / UB): 713
Schedule is valid
 Time taken: 1.46 seconds
SAT

=> TOTAL COMPLETION TIME (Makespan / UB): 712
Schedule is valid
 Time taken: 1.46 seconds
SAT

=> TOTAL COMPLETION TIME (Makespan / UB): 711
Schedule is valid
 Time taken: 1.47 seconds
SAT

=> TOTAL COMPLETION TIME (Makespan / UB): 710
Schedule is valid
 Time taken: 1.47 seconds
SAT

=> TOTAL COMPLETION TIME (Makespan / UB): 709
Schedule is valid
 Time taken: 1.47 seconds
SAT

=> TOTAL COMPLETION TIME (Makespan / UB): 708
Schedule is valid
 Time taken: 1.53 seconds
SAT

=> TOTAL COMPLETION TIME (Makespan / UB): 707
Schedule is valid
 Time taken: 1.53 seconds
SAT

=> TOTAL COMPLETION TIME (Makespan / UB): 706
Schedule is valid
 Time taken: 1.53 seconds
SAT

=> TOTAL COMPLETION TIME (Makespan / UB): 705
Schedule is valid
 Time taken: 1.54 seconds
SAT

=> TOTAL COMPLETION TIME (Makespan / UB): 704
Schedule is valid
 Time taken: 1.54 seconds
SAT

=> TOTAL COMPLETION TIME (Makespan / UB): 703
Schedule is valid
 Time taken: 1.55 seconds
SAT

=> TOTAL COMPLETION TIME (Makespan / UB): 702
Schedule is valid
 Time taken: 1.55 seconds
SAT

=> TOTAL COMPLETION TIME (Makespan / UB): 701
Schedule is valid
 Time taken: 1.74 seconds
SAT

=> TOTAL COMPLETION TIME (Makespan / UB): 700
Schedule is valid
 Time taken: 1.90 seconds
SAT

=> TOTAL COMPLETION TIME (Makespan / UB): 699
Schedule is valid
 Time taken: 1.90 seconds
SAT

=> TOTAL COMPLETION TIME (Makespan / UB): 698
Schedule is valid
 Time taken: 1.91 seconds
SAT

=> TOTAL COMPLETION TIME (Makespan / UB): 697
Schedule is valid
 Time taken: 2.34 seconds
SAT

=> TOTAL COMPLETION TIME (Makespan / UB): 696
Schedule is valid
 Time taken: 2.37 seconds
SAT

=> TOTAL COMPLETION TIME (Makespan / UB): 695
Schedule is valid
 Time taken: 2.38 seconds
SAT

=> TOTAL COMPLETION TIME (Makespan / UB): 694
Schedule is valid
 Time taken: 2.38 seconds
SAT

=> TOTAL COMPLETION TIME (Makespan / UB): 693
Schedule is valid
 Time taken: 2.39 seconds
SAT

=> TOTAL COMPLETION TIME (Makespan / UB): 692
Schedule is valid
 Time taken: 2.39 seconds
SAT

=> TOTAL COMPLETION TIME (Makespan / UB): 691
Schedule is valid
 Time taken: 2.40 seconds
SAT

=> TOTAL COMPLETION TIME (Makespan / UB): 690
Schedule is valid
 Time taken: 2.40 seconds
SAT

=> TOTAL COMPLETION TIME (Makespan / UB): 689
Schedule is valid
 Time taken: 2.40 seconds
SAT

=> TOTAL COMPLETION TIME (Makespan / UB): 688
Schedule is valid
 Time taken: 2.41 seconds
SAT

=> TOTAL COMPLETION TIME (Makespan / UB): 687
Schedule is valid
 Time taken: 2.41 seconds
SAT

=> TOTAL COMPLETION TIME (Makespan / UB): 686
Schedule is valid
 Time taken: 2.42 seconds
SAT

=> TOTAL COMPLETION TIME (Makespan / UB): 685
Schedule is valid
 Time taken: 2.42 seconds
SAT

=> TOTAL COMPLETION TIME (Makespan / UB): 684
Schedule is valid
 Time taken: 2.43 seconds
SAT

=> TOTAL COMPLETION TIME (Makespan / UB): 683
Schedule is valid
 Time taken: 2.43 seconds
SAT

=> TOTAL COMPLETION TIME (Makespan / UB): 682
Schedule is valid
 Time taken: 2.44 seconds
SAT

=> TOTAL COMPLETION TIME (Makespan / UB): 681
Schedule is valid
 Time taken: 2.47 seconds
UNSAT
status: optimal
[runlim] end:			Mon May  4 04:43:30 2026
[runlim] status:		ok
[runlim] result:		0
[runlim] children:		1
[runlim] processes:		2
[runlim] real:			2.52 seconds
[runlim] time:			2.49 seconds
[runlim] space:			192 MB
[runlim] load:			1.15 maximum
[runlim] samples:		26
