[runlim] version:		2.0.0rc12
[runlim] host:			ap-Precision-7550
[runlim] time limit:		311040000 seconds
[runlim] real time limit:	600 seconds
[runlim] space limit:		14000 MB
[runlim] argv[0]:		python3
[runlim] argv[1]:		-u
[runlim] argv[2]:		main.py
[runlim] argv[3]:		datasets/dafjs/DAFJS19
[runlim] start:			Tue Apr 14 16:19:20 2026
[runlim] child:			7609
Operations: 70, Edges: 66, Machines: 7
Greedy Schedule UB: 668
Greedy UB 668 is valid!
Building constraints took 7.43 seconds.
[runlim] sample:		9.99 time, 10.01 real, 1181 MB, 0.94 load
[runlim] sample:		19.99 time, 20.01 real, 1178 MB, 1.03 load
[runlim] sample:		29.98 time, 30.01 real, 1118 MB, 1.02 load
SAT

=> THỜI GIAN HOÀN THÀNH TỔNG (Makespan / UB): 668
UB 668 is valid!
[runlim] sample:		39.98 time, 40.01 real, 1105 MB, 1.10 load
[runlim] sample:		49.97 time, 50.01 real, 1100 MB, 1.08 load
[runlim] sample:		59.97 time, 60.01 real, 1098 MB, 1.15 load
SAT

=> THỜI GIAN HOÀN THÀNH TỔNG (Makespan / UB): 667
UB 667 is valid!
SAT

=> THỜI GIAN HOÀN THÀNH TỔNG (Makespan / UB): 666
UB 666 is valid!
[runlim] sample:		69.97 time, 70.01 real, 1139 MB, 1.13 load
SAT

=> THỜI GIAN HOÀN THÀNH TỔNG (Makespan / UB): 665
UB 665 is valid!
SAT

=> THỜI GIAN HOÀN THÀNH TỔNG (Makespan / UB): 664
UB 664 is valid!
[runlim] sample:		79.96 time, 80.01 real, 1082 MB, 1.11 load
SAT

=> THỜI GIAN HOÀN THÀNH TỔNG (Makespan / UB): 663
UB 663 is valid!
SAT

=> THỜI GIAN HOÀN THÀNH TỔNG (Makespan / UB): 662
UB 662 is valid!
SAT

=> THỜI GIAN HOÀN THÀNH TỔNG (Makespan / UB): 661
UB 661 is valid!
SAT

=> THỜI GIAN HOÀN THÀNH TỔNG (Makespan / UB): 660
UB 660 is valid!
[runlim] sample:		89.95 time, 90.01 real, 1132 MB, 1.17 load
SAT

=> THỜI GIAN HOÀN THÀNH TỔNG (Makespan / UB): 659
UB 659 is valid!
[runlim] sample:		99.95 time, 100.01 real, 1383 MB, 1.22 load
SAT

=> THỜI GIAN HOÀN THÀNH TỔNG (Makespan / UB): 658
UB 658 is valid!
SAT

=> THỜI GIAN HOÀN THÀNH TỔNG (Makespan / UB): 657
UB 657 is valid!
SAT

=> THỜI GIAN HOÀN THÀNH TỔNG (Makespan / UB): 656
UB 656 is valid!
SAT

=> THỜI GIAN HOÀN THÀNH TỔNG (Makespan / UB): 655
UB 655 is valid!
SAT

=> THỜI GIAN HOÀN THÀNH TỔNG (Makespan / UB): 654
UB 654 is valid!
[runlim] sample:		109.94 time, 110.01 real, 1313 MB, 1.19 load
SAT

=> THỜI GIAN HOÀN THÀNH TỔNG (Makespan / UB): 653
UB 653 is valid!
SAT

=> THỜI GIAN HOÀN THÀNH TỔNG (Makespan / UB): 652
UB 652 is valid!
SAT

=> THỜI GIAN HOÀN THÀNH TỔNG (Makespan / UB): 651
UB 651 is valid!
SAT

=> THỜI GIAN HOÀN THÀNH TỔNG (Makespan / UB): 650
UB 650 is valid!
SAT

=> THỜI GIAN HOÀN THÀNH TỔNG (Makespan / UB): 649
UB 649 is valid!
SAT

=> THỜI GIAN HOÀN THÀNH TỔNG (Makespan / UB): 648
UB 648 is valid!
[runlim] sample:		119.93 time, 120.01 real, 1303 MB, 1.16 load
SAT

=> THỜI GIAN HOÀN THÀNH TỔNG (Makespan / UB): 647
UB 647 is valid!
SAT

=> THỜI GIAN HOÀN THÀNH TỔNG (Makespan / UB): 646
UB 646 is valid!
SAT

=> THỜI GIAN HOÀN THÀNH TỔNG (Makespan / UB): 645
UB 645 is valid!
SAT

=> THỜI GIAN HOÀN THÀNH TỔNG (Makespan / UB): 644
UB 644 is valid!
SAT

=> THỜI GIAN HOÀN THÀNH TỔNG (Makespan / UB): 643
UB 643 is valid!
SAT

=> THỜI GIAN HOÀN THÀNH TỔNG (Makespan / UB): 642
UB 642 is valid!
[runlim] sample:		129.92 time, 130.01 real, 1118 MB, 1.21 load
[runlim] sample:		139.92 time, 140.01 real, 1108 MB, 1.18 load
SAT

=> THỜI GIAN HOÀN THÀNH TỔNG (Makespan / UB): 641
UB 641 is valid!
SAT

=> THỜI GIAN HOÀN THÀNH TỔNG (Makespan / UB): 640
UB 640 is valid!
SAT

=> THỜI GIAN HOÀN THÀNH TỔNG (Makespan / UB): 639
UB 639 is valid!
[runlim] sample:		149.92 time, 150.01 real, 1052 MB, 1.15 load
SAT

=> THỜI GIAN HOÀN THÀNH TỔNG (Makespan / UB): 638
UB 638 is valid!
SAT

=> THỜI GIAN HOÀN THÀNH TỔNG (Makespan / UB): 637
UB 637 is valid!
[runlim] sample:		159.91 time, 160.01 real, 1097 MB, 1.20 load
SAT

=> THỜI GIAN HOÀN THÀNH TỔNG (Makespan / UB): 636
UB 636 is valid!
SAT

=> THỜI GIAN HOÀN THÀNH TỔNG (Makespan / UB): 635
UB 635 is valid!
[runlim] sample:		169.90 time, 170.01 real, 1045 MB, 1.17 load
SAT

=> THỜI GIAN HOÀN THÀNH TỔNG (Makespan / UB): 634
UB 634 is valid!
SAT

=> THỜI GIAN HOÀN THÀNH TỔNG (Makespan / UB): 633
UB 633 is valid!
SAT

=> THỜI GIAN HOÀN THÀNH TỔNG (Makespan / UB): 632
UB 632 is valid!
SAT

=> THỜI GIAN HOÀN THÀNH TỔNG (Makespan / UB): 631
UB 631 is valid!
SAT

=> THỜI GIAN HOÀN THÀNH TỔNG (Makespan / UB): 630
UB 630 is valid!
SAT

=> THỜI GIAN HOÀN THÀNH TỔNG (Makespan / UB): 629
UB 629 is valid!
SAT

=> THỜI GIAN HOÀN THÀNH TỔNG (Makespan / UB): 628
UB 628 is valid!
[runlim] sample:		179.90 time, 180.01 real, 1043 MB, 1.14 load
SAT

=> THỜI GIAN HOÀN THÀNH TỔNG (Makespan / UB): 627
UB 627 is valid!
SAT

=> THỜI GIAN HOÀN THÀNH TỔNG (Makespan / UB): 626
UB 626 is valid!
[runlim] sample:		189.90 time, 190.01 real, 1087 MB, 1.12 load
SAT

=> THỜI GIAN HOÀN THÀNH TỔNG (Makespan / UB): 625
UB 625 is valid!
SAT

=> THỜI GIAN HOÀN THÀNH TỔNG (Makespan / UB): 624
UB 624 is valid!
SAT

=> THỜI GIAN HOÀN THÀNH TỔNG (Makespan / UB): 623
UB 623 is valid!
[runlim] sample:		199.89 time, 200.01 real, 1064 MB, 1.25 load
SAT

=> THỜI GIAN HOÀN THÀNH TỔNG (Makespan / UB): 622
UB 622 is valid!
SAT

=> THỜI GIAN HOÀN THÀNH TỔNG (Makespan / UB): 621
UB 621 is valid!
SAT

=> THỜI GIAN HOÀN THÀNH TỔNG (Makespan / UB): 620
UB 620 is valid!
SAT

=> THỜI GIAN HOÀN THÀNH TỔNG (Makespan / UB): 619
UB 619 is valid!
SAT

=> THỜI GIAN HOÀN THÀNH TỔNG (Makespan / UB): 618
UB 618 is valid!
SAT

=> THỜI GIAN HOÀN THÀNH TỔNG (Makespan / UB): 617
UB 617 is valid!
SAT

=> THỜI GIAN HOÀN THÀNH TỔNG (Makespan / UB): 616
UB 616 is valid!
SAT

=> THỜI GIAN HOÀN THÀNH TỔNG (Makespan / UB): 615
UB 615 is valid!
[runlim] sample:		209.88 time, 210.01 real, 1032 MB, 1.21 load
SAT

=> THỜI GIAN HOÀN THÀNH TỔNG (Makespan / UB): 614
UB 614 is valid!
SAT

=> THỜI GIAN HOÀN THÀNH TỔNG (Makespan / UB): 613
UB 613 is valid!
SAT

=> THỜI GIAN HOÀN THÀNH TỔNG (Makespan / UB): 612
UB 612 is valid!
SAT

=> THỜI GIAN HOÀN THÀNH TỔNG (Makespan / UB): 611
UB 611 is valid!
SAT

=> THỜI GIAN HOÀN THÀNH TỔNG (Makespan / UB): 610
UB 610 is valid!
[runlim] sample:		219.87 time, 220.01 real, 1074 MB, 1.18 load
SAT

=> THỜI GIAN HOÀN THÀNH TỔNG (Makespan / UB): 609
UB 609 is valid!
SAT

=> THỜI GIAN HOÀN THÀNH TỔNG (Makespan / UB): 608
UB 608 is valid!
SAT

=> THỜI GIAN HOÀN THÀNH TỔNG (Makespan / UB): 607
UB 607 is valid!
SAT

=> THỜI GIAN HOÀN THÀNH TỔNG (Makespan / UB): 606
UB 606 is valid!
[runlim] sample:		229.87 time, 230.01 real, 1062 MB, 1.15 load
SAT

=> THỜI GIAN HOÀN THÀNH TỔNG (Makespan / UB): 605
UB 605 is valid!
SAT

=> THỜI GIAN HOÀN THÀNH TỔNG (Makespan / UB): 604
UB 604 is valid!
SAT

=> THỜI GIAN HOÀN THÀNH TỔNG (Makespan / UB): 603
UB 603 is valid!
SAT

=> THỜI GIAN HOÀN THÀNH TỔNG (Makespan / UB): 602
UB 602 is valid!
SAT

=> THỜI GIAN HOÀN THÀNH TỔNG (Makespan / UB): 601
UB 601 is valid!
[runlim] sample:		239.86 time, 240.01 real, 1029 MB, 1.13 load
SAT

=> THỜI GIAN HOÀN THÀNH TỔNG (Makespan / UB): 600
UB 600 is valid!
[runlim] sample:		249.86 time, 250.01 real, 1066 MB, 1.11 load
SAT

=> THỜI GIAN HOÀN THÀNH TỔNG (Makespan / UB): 599
UB 599 is valid!
SAT

=> THỜI GIAN HOÀN THÀNH TỔNG (Makespan / UB): 598
UB 598 is valid!
[runlim] sample:		259.85 time, 260.01 real, 1019 MB, 1.09 load
SAT

=> THỜI GIAN HOÀN THÀNH TỔNG (Makespan / UB): 597
UB 597 is valid!
SAT

=> THỜI GIAN HOÀN THÀNH TỔNG (Makespan / UB): 596
UB 596 is valid!
SAT

=> THỜI GIAN HOÀN THÀNH TỔNG (Makespan / UB): 595
UB 595 is valid!
SAT

=> THỜI GIAN HOÀN THÀNH TỔNG (Makespan / UB): 594
UB 594 is valid!
SAT

=> THỜI GIAN HOÀN THÀNH TỔNG (Makespan / UB): 593
UB 593 is valid!
SAT

=> THỜI GIAN HOÀN THÀNH TỔNG (Makespan / UB): 592
UB 592 is valid!
[runlim] sample:		269.85 time, 270.01 real, 1019 MB, 1.08 load
SAT

=> THỜI GIAN HOÀN THÀNH TỔNG (Makespan / UB): 591
UB 591 is valid!
[runlim] sample:		279.84 time, 280.01 real, 1054 MB, 1.06 load
SAT

=> THỜI GIAN HOÀN THÀNH TỔNG (Makespan / UB): 590
UB 590 is valid!
SAT

=> THỜI GIAN HOÀN THÀNH TỔNG (Makespan / UB): 589
UB 589 is valid!
SAT

=> THỜI GIAN HOÀN THÀNH TỔNG (Makespan / UB): 588
UB 588 is valid!
[runlim] sample:		289.84 time, 290.01 real, 1014 MB, 1.05 load
SAT

=> THỜI GIAN HOÀN THÀNH TỔNG (Makespan / UB): 587
UB 587 is valid!
SAT

=> THỜI GIAN HOÀN THÀNH TỔNG (Makespan / UB): 586
UB 586 is valid!
SAT

=> THỜI GIAN HOÀN THÀNH TỔNG (Makespan / UB): 585
UB 585 is valid!
SAT

=> THỜI GIAN HOÀN THÀNH TỔNG (Makespan / UB): 584
UB 584 is valid!
[runlim] sample:		299.83 time, 300.01 real, 1015 MB, 1.04 load
SAT

=> THỜI GIAN HOÀN THÀNH TỔNG (Makespan / UB): 583
UB 583 is valid!
[runlim] sample:		309.83 time, 310.01 real, 1056 MB, 1.04 load
SAT

=> THỜI GIAN HOÀN THÀNH TỔNG (Makespan / UB): 582
UB 582 is valid!
SAT

=> THỜI GIAN HOÀN THÀNH TỔNG (Makespan / UB): 581
UB 581 is valid!
[runlim] sample:		319.82 time, 320.01 real, 1052 MB, 1.03 load
SAT

=> THỜI GIAN HOÀN THÀNH TỔNG (Makespan / UB): 580
UB 580 is valid!
SAT

=> THỜI GIAN HOÀN THÀNH TỔNG (Makespan / UB): 579
UB 579 is valid!
SAT

=> THỜI GIAN HOÀN THÀNH TỔNG (Makespan / UB): 578
UB 578 is valid!
SAT

=> THỜI GIAN HOÀN THÀNH TỔNG (Makespan / UB): 577
UB 577 is valid!
[runlim] sample:		329.81 time, 330.01 real, 1043 MB, 1.03 load
SAT

=> THỜI GIAN HOÀN THÀNH TỔNG (Makespan / UB): 576
UB 576 is valid!
SAT

=> THỜI GIAN HOÀN THÀNH TỔNG (Makespan / UB): 575
UB 575 is valid!
[runlim] sample:		339.81 time, 340.01 real, 1042 MB, 1.02 load
SAT

=> THỜI GIAN HOÀN THÀNH TỔNG (Makespan / UB): 574
UB 574 is valid!
SAT

=> THỜI GIAN HOÀN THÀNH TỔNG (Makespan / UB): 573
UB 573 is valid!
SAT

=> THỜI GIAN HOÀN THÀNH TỔNG (Makespan / UB): 572
UB 572 is valid!
[runlim] sample:		349.81 time, 350.01 real, 1006 MB, 1.02 load
SAT

=> THỜI GIAN HOÀN THÀNH TỔNG (Makespan / UB): 571
UB 571 is valid!
SAT

=> THỜI GIAN HOÀN THÀNH TỔNG (Makespan / UB): 570
UB 570 is valid!
SAT

=> THỜI GIAN HOÀN THÀNH TỔNG (Makespan / UB): 569
UB 569 is valid!
[runlim] sample:		359.80 time, 360.01 real, 1006 MB, 1.01 load
SAT

=> THỜI GIAN HOÀN THÀNH TỔNG (Makespan / UB): 568
UB 568 is valid!
SAT

=> THỜI GIAN HOÀN THÀNH TỔNG (Makespan / UB): 567
UB 567 is valid!
[runlim] sample:		369.79 time, 370.01 real, 1048 MB, 1.01 load
[runlim] sample:		379.79 time, 380.01 real, 1039 MB, 1.01 load
SAT

=> THỜI GIAN HOÀN THÀNH TỔNG (Makespan / UB): 566
UB 566 is valid!
[runlim] sample:		389.79 time, 390.01 real, 991 MB, 1.01 load
SAT

=> THỜI GIAN HOÀN THÀNH TỔNG (Makespan / UB): 565
UB 565 is valid!
SAT

=> THỜI GIAN HOÀN THÀNH TỔNG (Makespan / UB): 564
UB 564 is valid!
[runlim] sample:		399.78 time, 400.01 real, 1039 MB, 1.16 load
SAT

=> THỜI GIAN HOÀN THÀNH TỔNG (Makespan / UB): 563
UB 563 is valid!
SAT

=> THỜI GIAN HOÀN THÀNH TỔNG (Makespan / UB): 562
UB 562 is valid!
SAT

=> THỜI GIAN HOÀN THÀNH TỔNG (Makespan / UB): 561
UB 561 is valid!
SAT

=> THỜI GIAN HOÀN THÀNH TỔNG (Makespan / UB): 560
UB 560 is valid!
[runlim] sample:		409.78 time, 410.01 real, 1018 MB, 1.14 load
[runlim] sample:		419.77 time, 420.01 real, 1018 MB, 1.11 load
SAT

=> THỜI GIAN HOÀN THÀNH TỔNG (Makespan / UB): 559
UB 559 is valid!
[runlim] sample:		429.76 time, 430.01 real, 986 MB, 1.10 load
SAT

=> THỜI GIAN HOÀN THÀNH TỔNG (Makespan / UB): 558
UB 558 is valid!
[runlim] sample:		439.76 time, 440.01 real, 1039 MB, 1.08 load
SAT

=> THỜI GIAN HOÀN THÀNH TỔNG (Makespan / UB): 557
UB 557 is valid!
SAT

=> THỜI GIAN HOÀN THÀNH TỔNG (Makespan / UB): 556
UB 556 is valid!
SAT

=> THỜI GIAN HOÀN THÀNH TỔNG (Makespan / UB): 555
UB 555 is valid!
[runlim] sample:		449.75 time, 450.01 real, 1019 MB, 1.07 load
SAT

=> THỜI GIAN HOÀN THÀNH TỔNG (Makespan / UB): 554
UB 554 is valid!
SAT

=> THỜI GIAN HOÀN THÀNH TỔNG (Makespan / UB): 553
UB 553 is valid!
[runlim] sample:		459.75 time, 460.01 real, 977 MB, 1.06 load
SAT

=> THỜI GIAN HOÀN THÀNH TỔNG (Makespan / UB): 552
UB 552 is valid!
[runlim] sample:		469.74 time, 470.01 real, 977 MB, 1.12 load
[runlim] sample:		479.74 time, 480.01 real, 977 MB, 1.10 load
SAT

=> THỜI GIAN HOÀN THÀNH TỔNG (Makespan / UB): 551
UB 551 is valid!
[runlim] sample:		489.73 time, 490.01 real, 1028 MB, 1.09 load
SAT

=> THỜI GIAN HOÀN THÀNH TỔNG (Makespan / UB): 550
UB 550 is valid!
SAT

=> THỜI GIAN HOÀN THÀNH TỔNG (Makespan / UB): 549
UB 549 is valid!
[runlim] sample:		499.72 time, 500.01 real, 998 MB, 1.07 load
SAT

=> THỜI GIAN HOÀN THÀNH TỔNG (Makespan / UB): 548
UB 548 is valid!
[runlim] sample:		509.72 time, 510.01 real, 1048 MB, 1.06 load
[runlim] sample:		519.71 time, 520.01 real, 1048 MB, 1.05 load
SAT

=> THỜI GIAN HOÀN THÀNH TỔNG (Makespan / UB): 547
UB 547 is valid!
SAT

=> THỜI GIAN HOÀN THÀNH TỔNG (Makespan / UB): 546
UB 546 is valid!
[runlim] sample:		529.71 time, 530.01 real, 991 MB, 1.04 load
SAT

=> THỜI GIAN HOÀN THÀNH TỔNG (Makespan / UB): 545
UB 545 is valid!
SAT

=> THỜI GIAN HOÀN THÀNH TỔNG (Makespan / UB): 544
UB 544 is valid!
[runlim] sample:		539.70 time, 540.01 real, 1019 MB, 1.04 load
SAT

=> THỜI GIAN HOÀN THÀNH TỔNG (Makespan / UB): 543
UB 543 is valid!
SAT

=> THỜI GIAN HOÀN THÀNH TỔNG (Makespan / UB): 542
UB 542 is valid!
SAT

=> THỜI GIAN HOÀN THÀNH TỔNG (Makespan / UB): 541
UB 541 is valid!
[runlim] sample:		549.70 time, 550.01 real, 991 MB, 1.03 load
[runlim] sample:		559.69 time, 560.01 real, 992 MB, 1.02 load
SAT

=> THỜI GIAN HOÀN THÀNH TỔNG (Makespan / UB): 540
UB 540 is valid!
SAT

=> THỜI GIAN HOÀN THÀNH TỔNG (Makespan / UB): 539
UB 539 is valid!
[runlim] sample:		569.68 time, 570.01 real, 992 MB, 1.09 load
SAT

=> THỜI GIAN HOÀN THÀNH TỔNG (Makespan / UB): 538
UB 538 is valid!
[runlim] sample:		579.68 time, 580.01 real, 1049 MB, 1.08 load
[runlim] sample:		589.68 time, 590.01 real, 1049 MB, 1.07 load
[runlim] sample:		599.68 time, 600.01 real, 903 MB, 1.06 load
[runlim] end:			Tue Apr 14 16:29:21 2026
[runlim] status:		out of time
[runlim] result:		2
[runlim] children:		1
[runlim] processes:		2
[runlim] real:			601.06 seconds
[runlim] time:			599.68 seconds
[runlim] space:			1547 MB
[runlim] load:			1.27 maximum
[runlim] samples:		6000
