[runlim] version:		2.0.0rc12
[runlim] host:			ap-Precision-7550
[runlim] time limit:		311040000 seconds
[runlim] real time limit:	600 seconds
[runlim] space limit:		15624 MB
[runlim] argv[0]:		python3
[runlim] argv[1]:		-u
[runlim] argv[2]:		main.py
[runlim] argv[3]:		datasets/dauzere/01a.txt
[runlim] start:			Sat May  2 23:04:13 2026
[runlim] child:			12541
Greedy Schedule UB: 3401
[runlim] sample:		9.99 time, 10.01 real, 1082 MB, 0.25 load
Building constraints took 15.16 seconds.
SAT

=> TOTAL COMPLETION TIME (Makespan / UB): 3400
Schedule is valid
 Time taken: 19.05 seconds
SAT

=> TOTAL COMPLETION TIME (Makespan / UB): 3399
Schedule is valid
 Time taken: 19.46 seconds
SAT

=> TOTAL COMPLETION TIME (Makespan / UB): 3398
Schedule is valid
 Time taken: 19.80 seconds
[runlim] sample:		20.00 time, 20.01 real, 1682 MB, 0.37 load
SAT

=> TOTAL COMPLETION TIME (Makespan / UB): 3397
Schedule is valid
 Time taken: 20.15 seconds
SAT

=> TOTAL COMPLETION TIME (Makespan / UB): 3396
Schedule is valid
 Time taken: 20.50 seconds
SAT

=> TOTAL COMPLETION TIME (Makespan / UB): 3395
Schedule is valid
 Time taken: 20.85 seconds
SAT

=> TOTAL COMPLETION TIME (Makespan / UB): 3394
Schedule is valid
 Time taken: 21.19 seconds
SAT

=> TOTAL COMPLETION TIME (Makespan / UB): 3393
Schedule is valid
 Time taken: 21.54 seconds
SAT

=> TOTAL COMPLETION TIME (Makespan / UB): 3392
Schedule is valid
 Time taken: 21.89 seconds
SAT

=> TOTAL COMPLETION TIME (Makespan / UB): 3391
Schedule is valid
 Time taken: 22.23 seconds
SAT

=> TOTAL COMPLETION TIME (Makespan / UB): 3390
Schedule is valid
 Time taken: 22.58 seconds
SAT

=> TOTAL COMPLETION TIME (Makespan / UB): 3389
Schedule is valid
 Time taken: 22.93 seconds
SAT

=> TOTAL COMPLETION TIME (Makespan / UB): 3388
Schedule is valid
 Time taken: 23.28 seconds
SAT

=> TOTAL COMPLETION TIME (Makespan / UB): 3387
Schedule is valid
 Time taken: 23.62 seconds
SAT

=> TOTAL COMPLETION TIME (Makespan / UB): 3386
Schedule is valid
 Time taken: 23.97 seconds
SAT

=> TOTAL COMPLETION TIME (Makespan / UB): 3385
Schedule is valid
 Time taken: 24.32 seconds
SAT

=> TOTAL COMPLETION TIME (Makespan / UB): 3384
Schedule is valid
 Time taken: 24.66 seconds
SAT

=> TOTAL COMPLETION TIME (Makespan / UB): 3383
Schedule is valid
 Time taken: 25.02 seconds
SAT

=> TOTAL COMPLETION TIME (Makespan / UB): 3382
Schedule is valid
 Time taken: 25.36 seconds
SAT

=> TOTAL COMPLETION TIME (Makespan / UB): 3381
Schedule is valid
 Time taken: 25.72 seconds
SAT

=> TOTAL COMPLETION TIME (Makespan / UB): 3380
Schedule is valid
 Time taken: 26.07 seconds
SAT

=> TOTAL COMPLETION TIME (Makespan / UB): 3379
Schedule is valid
 Time taken: 26.42 seconds
SAT

=> TOTAL COMPLETION TIME (Makespan / UB): 3378
Schedule is valid
 Time taken: 26.78 seconds
SAT

=> TOTAL COMPLETION TIME (Makespan / UB): 3377
Schedule is valid
 Time taken: 27.13 seconds
SAT

=> TOTAL COMPLETION TIME (Makespan / UB): 3376
Schedule is valid
 Time taken: 27.48 seconds
SAT

=> TOTAL COMPLETION TIME (Makespan / UB): 3375
Schedule is valid
 Time taken: 27.84 seconds
SAT

=> TOTAL COMPLETION TIME (Makespan / UB): 3374
Schedule is valid
 Time taken: 28.19 seconds
SAT

=> TOTAL COMPLETION TIME (Makespan / UB): 3373
Schedule is valid
 Time taken: 28.55 seconds
SAT

=> TOTAL COMPLETION TIME (Makespan / UB): 3372
Schedule is valid
 Time taken: 28.90 seconds
SAT

=> TOTAL COMPLETION TIME (Makespan / UB): 3371
Schedule is valid
 Time taken: 29.25 seconds
SAT

=> TOTAL COMPLETION TIME (Makespan / UB): 3370
Schedule is valid
 Time taken: 29.61 seconds
SAT

=> TOTAL COMPLETION TIME (Makespan / UB): 3369
Schedule is valid
 Time taken: 29.96 seconds
[runlim] sample:		29.98 time, 30.01 real, 1685 MB, 0.47 load
SAT

=> TOTAL COMPLETION TIME (Makespan / UB): 3368
Schedule is valid
 Time taken: 30.32 seconds
SAT

=> TOTAL COMPLETION TIME (Makespan / UB): 3367
Schedule is valid
 Time taken: 30.67 seconds
SAT

=> TOTAL COMPLETION TIME (Makespan / UB): 3366
Schedule is valid
 Time taken: 31.02 seconds
SAT

=> TOTAL COMPLETION TIME (Makespan / UB): 3365
Schedule is valid
 Time taken: 31.36 seconds
SAT

=> TOTAL COMPLETION TIME (Makespan / UB): 3364
Schedule is valid
 Time taken: 31.71 seconds
SAT

=> TOTAL COMPLETION TIME (Makespan / UB): 3363
Schedule is valid
 Time taken: 32.05 seconds
SAT

=> TOTAL COMPLETION TIME (Makespan / UB): 3362
Schedule is valid
 Time taken: 32.39 seconds
SAT

=> TOTAL COMPLETION TIME (Makespan / UB): 3361
Schedule is valid
 Time taken: 32.74 seconds
SAT

=> TOTAL COMPLETION TIME (Makespan / UB): 3360
Schedule is valid
 Time taken: 33.08 seconds
SAT

=> TOTAL COMPLETION TIME (Makespan / UB): 3359
Schedule is valid
 Time taken: 33.43 seconds
SAT

=> TOTAL COMPLETION TIME (Makespan / UB): 3358
Schedule is valid
 Time taken: 33.77 seconds
SAT

=> TOTAL COMPLETION TIME (Makespan / UB): 3357
Schedule is valid
 Time taken: 34.12 seconds
SAT

=> TOTAL COMPLETION TIME (Makespan / UB): 3356
Schedule is valid
 Time taken: 34.46 seconds
SAT

=> TOTAL COMPLETION TIME (Makespan / UB): 3355
Schedule is valid
 Time taken: 34.80 seconds
SAT

=> TOTAL COMPLETION TIME (Makespan / UB): 3354
Schedule is valid
 Time taken: 35.15 seconds
[runlim] sample:		39.97 time, 40.01 real, 2099 MB, 0.62 load
[runlim] sample:		49.96 time, 50.01 real, 2583 MB, 0.68 load
SAT

=> TOTAL COMPLETION TIME (Makespan / UB): 3353
Schedule is valid
 Time taken: 50.93 seconds
SAT

=> TOTAL COMPLETION TIME (Makespan / UB): 3352
Schedule is valid
 Time taken: 52.34 seconds
SAT

=> TOTAL COMPLETION TIME (Makespan / UB): 3351
Schedule is valid
 Time taken: 52.66 seconds
SAT

=> TOTAL COMPLETION TIME (Makespan / UB): 3350
Schedule is valid
 Time taken: 52.98 seconds
SAT

=> TOTAL COMPLETION TIME (Makespan / UB): 3349
Schedule is valid
 Time taken: 53.29 seconds
SAT

=> TOTAL COMPLETION TIME (Makespan / UB): 3348
Schedule is valid
 Time taken: 53.60 seconds
SAT

=> TOTAL COMPLETION TIME (Makespan / UB): 3347
Schedule is valid
 Time taken: 53.91 seconds
SAT

=> TOTAL COMPLETION TIME (Makespan / UB): 3346
Schedule is valid
 Time taken: 54.23 seconds
SAT

=> TOTAL COMPLETION TIME (Makespan / UB): 3345
Schedule is valid
 Time taken: 54.54 seconds
SAT

=> TOTAL COMPLETION TIME (Makespan / UB): 3344
Schedule is valid
 Time taken: 54.85 seconds
SAT

=> TOTAL COMPLETION TIME (Makespan / UB): 3343
Schedule is valid
 Time taken: 55.16 seconds
SAT

=> TOTAL COMPLETION TIME (Makespan / UB): 3342
Schedule is valid
 Time taken: 55.47 seconds
SAT

=> TOTAL COMPLETION TIME (Makespan / UB): 3341
Schedule is valid
 Time taken: 55.79 seconds
SAT

=> TOTAL COMPLETION TIME (Makespan / UB): 3340
Schedule is valid
 Time taken: 56.10 seconds
SAT

=> TOTAL COMPLETION TIME (Makespan / UB): 3339
Schedule is valid
 Time taken: 56.41 seconds
SAT

=> TOTAL COMPLETION TIME (Makespan / UB): 3338
Schedule is valid
 Time taken: 56.72 seconds
SAT

=> TOTAL COMPLETION TIME (Makespan / UB): 3337
Schedule is valid
 Time taken: 57.04 seconds
SAT

=> TOTAL COMPLETION TIME (Makespan / UB): 3336
Schedule is valid
 Time taken: 57.35 seconds
SAT

=> TOTAL COMPLETION TIME (Makespan / UB): 3335
Schedule is valid
 Time taken: 57.66 seconds
SAT

=> TOTAL COMPLETION TIME (Makespan / UB): 3334
Schedule is valid
 Time taken: 57.97 seconds
SAT

=> TOTAL COMPLETION TIME (Makespan / UB): 3333
Schedule is valid
 Time taken: 58.29 seconds
[runlim] sample:		59.95 time, 60.01 real, 2394 MB, 0.73 load
[runlim] sample:		69.95 time, 70.01 real, 2174 MB, 0.85 load
[runlim] sample:		79.94 time, 80.01 real, 2182 MB, 0.87 load
[runlim] sample:		89.93 time, 90.01 real, 2198 MB, 0.89 load
[runlim] sample:		99.93 time, 100.01 real, 2106 MB, 0.91 load
SAT

=> TOTAL COMPLETION TIME (Makespan / UB): 3332
Schedule is valid
 Time taken: 101.09 seconds
SAT

=> TOTAL COMPLETION TIME (Makespan / UB): 3331
Schedule is valid
 Time taken: 102.79 seconds
SAT

=> TOTAL COMPLETION TIME (Makespan / UB): 3330
Schedule is valid
 Time taken: 105.36 seconds
SAT

=> TOTAL COMPLETION TIME (Makespan / UB): 3329
Schedule is valid
 Time taken: 107.27 seconds
[runlim] sample:		109.92 time, 110.01 real, 2465 MB, 1.00 load
SAT

=> TOTAL COMPLETION TIME (Makespan / UB): 3325
Schedule is valid
 Time taken: 110.49 seconds
SAT

=> TOTAL COMPLETION TIME (Makespan / UB): 3324
Schedule is valid
 Time taken: 111.81 seconds
SAT

=> TOTAL COMPLETION TIME (Makespan / UB): 3323
Schedule is valid
 Time taken: 119.34 seconds
[runlim] sample:		119.92 time, 120.01 real, 2073 MB, 1.00 load
SAT

=> TOTAL COMPLETION TIME (Makespan / UB): 3322
Schedule is valid
 Time taken: 126.03 seconds
SAT

=> TOTAL COMPLETION TIME (Makespan / UB): 3321
Schedule is valid
 Time taken: 127.49 seconds
SAT

=> TOTAL COMPLETION TIME (Makespan / UB): 3320
Schedule is valid
 Time taken: 128.80 seconds
SAT
[runlim] sample:		129.91 time, 130.01 real, 2037 MB, 1.00 load

=> TOTAL COMPLETION TIME (Makespan / UB): 3319
Schedule is valid
 Time taken: 130.04 seconds
SAT

=> TOTAL COMPLETION TIME (Makespan / UB): 3318
Schedule is valid
 Time taken: 131.25 seconds
SAT

=> TOTAL COMPLETION TIME (Makespan / UB): 3317
Schedule is valid
 Time taken: 132.46 seconds
SAT

=> TOTAL COMPLETION TIME (Makespan / UB): 3316
Schedule is valid
 Time taken: 133.68 seconds
SAT

=> TOTAL COMPLETION TIME (Makespan / UB): 3315
Schedule is valid
 Time taken: 134.90 seconds
SAT

=> TOTAL COMPLETION TIME (Makespan / UB): 3314
Schedule is valid
 Time taken: 136.11 seconds
SAT

=> TOTAL COMPLETION TIME (Makespan / UB): 3313
Schedule is valid
 Time taken: 137.36 seconds
SAT

=> TOTAL COMPLETION TIME (Makespan / UB): 3312
Schedule is valid
 Time taken: 138.61 seconds
SAT

=> TOTAL COMPLETION TIME (Makespan / UB): 3311
Schedule is valid
 Time taken: 139.75 seconds
[runlim] sample:		139.91 time, 140.01 real, 2018 MB, 1.00 load
SAT

=> TOTAL COMPLETION TIME (Makespan / UB): 3308
Schedule is valid
 Time taken: 141.37 seconds
SAT

=> TOTAL COMPLETION TIME (Makespan / UB): 3307
Schedule is valid
 Time taken: 144.73 seconds
SAT

=> TOTAL COMPLETION TIME (Makespan / UB): 3306
Schedule is valid
 Time taken: 145.88 seconds
SAT

=> TOTAL COMPLETION TIME (Makespan / UB): 3305
Schedule is valid
 Time taken: 146.98 seconds
SAT

=> TOTAL COMPLETION TIME (Makespan / UB): 3304
Schedule is valid
 Time taken: 148.22 seconds
[runlim] sample:		149.90 time, 150.01 real, 2012 MB, 1.00 load
SAT

=> TOTAL COMPLETION TIME (Makespan / UB): 3303
Schedule is valid
 Time taken: 153.02 seconds
SAT

=> TOTAL COMPLETION TIME (Makespan / UB): 3302
Schedule is valid
 Time taken: 154.31 seconds
SAT

=> TOTAL COMPLETION TIME (Makespan / UB): 3301
Schedule is valid
 Time taken: 155.42 seconds
SAT

=> TOTAL COMPLETION TIME (Makespan / UB): 3300
Schedule is valid
 Time taken: 156.46 seconds
SAT

=> TOTAL COMPLETION TIME (Makespan / UB): 3299
Schedule is valid
 Time taken: 157.50 seconds
SAT

=> TOTAL COMPLETION TIME (Makespan / UB): 3298
Schedule is valid
 Time taken: 158.87 seconds
[runlim] sample:		159.89 time, 160.01 real, 2012 MB, 1.00 load
[runlim] sample:		169.89 time, 170.01 real, 2013 MB, 1.00 load
[runlim] sample:		179.88 time, 180.01 real, 2013 MB, 1.00 load
SAT

=> TOTAL COMPLETION TIME (Makespan / UB): 3297
Schedule is valid
 Time taken: 189.90 seconds
[runlim] sample:		189.88 time, 190.01 real, 2011 MB, 1.00 load
SAT

=> TOTAL COMPLETION TIME (Makespan / UB): 3296
Schedule is valid
 Time taken: 191.45 seconds
SAT

=> TOTAL COMPLETION TIME (Makespan / UB): 3295
Schedule is valid
 Time taken: 192.74 seconds
SAT

=> TOTAL COMPLETION TIME (Makespan / UB): 3294
Schedule is valid
 Time taken: 193.93 seconds
SAT

=> TOTAL COMPLETION TIME (Makespan / UB): 3293
Schedule is valid
 Time taken: 195.09 seconds
SAT

=> TOTAL COMPLETION TIME (Makespan / UB): 3292
Schedule is valid
 Time taken: 196.25 seconds
SAT

=> TOTAL COMPLETION TIME (Makespan / UB): 3291
Schedule is valid
 Time taken: 197.40 seconds
SAT

=> TOTAL COMPLETION TIME (Makespan / UB): 3290
Schedule is valid
 Time taken: 198.56 seconds
SAT

=> TOTAL COMPLETION TIME (Makespan / UB): 3289
Schedule is valid
 Time taken: 199.72 seconds
[runlim] sample:		199.87 time, 200.01 real, 2010 MB, 1.07 load
SAT

=> TOTAL COMPLETION TIME (Makespan / UB): 3288
Schedule is valid
 Time taken: 200.88 seconds
SAT

=> TOTAL COMPLETION TIME (Makespan / UB): 3287
Schedule is valid
 Time taken: 202.03 seconds
SAT

=> TOTAL COMPLETION TIME (Makespan / UB): 3286
Schedule is valid
 Time taken: 203.19 seconds
SAT

=> TOTAL COMPLETION TIME (Makespan / UB): 3285
Schedule is valid
 Time taken: 204.34 seconds
SAT

=> TOTAL COMPLETION TIME (Makespan / UB): 3284
Schedule is valid
 Time taken: 205.50 seconds
SAT

=> TOTAL COMPLETION TIME (Makespan / UB): 3283
Schedule is valid
 Time taken: 206.65 seconds
SAT

=> TOTAL COMPLETION TIME (Makespan / UB): 3282
Schedule is valid
 Time taken: 207.81 seconds
SAT

=> TOTAL COMPLETION TIME (Makespan / UB): 3281
Schedule is valid
 Time taken: 208.97 seconds
[runlim] sample:		209.86 time, 210.01 real, 2010 MB, 1.06 load
SAT

=> TOTAL COMPLETION TIME (Makespan / UB): 3280
Schedule is valid
 Time taken: 210.13 seconds
SAT

=> TOTAL COMPLETION TIME (Makespan / UB): 3279
Schedule is valid
 Time taken: 211.29 seconds
SAT

=> TOTAL COMPLETION TIME (Makespan / UB): 3278
Schedule is valid
 Time taken: 212.44 seconds
SAT

=> TOTAL COMPLETION TIME (Makespan / UB): 3255
Schedule is valid
 Time taken: 213.63 seconds
SAT

=> TOTAL COMPLETION TIME (Makespan / UB): 3254
Schedule is valid
 Time taken: 213.98 seconds
SAT

=> TOTAL COMPLETION TIME (Makespan / UB): 3253
Schedule is valid
 Time taken: 214.30 seconds
SAT

=> TOTAL COMPLETION TIME (Makespan / UB): 3252
Schedule is valid
 Time taken: 214.63 seconds
SAT

=> TOTAL COMPLETION TIME (Makespan / UB): 3251
Schedule is valid
 Time taken: 214.96 seconds
SAT

=> TOTAL COMPLETION TIME (Makespan / UB): 3250
Schedule is valid
 Time taken: 215.28 seconds
SAT

=> TOTAL COMPLETION TIME (Makespan / UB): 3249
Schedule is valid
 Time taken: 215.61 seconds
SAT

=> TOTAL COMPLETION TIME (Makespan / UB): 3248
Schedule is valid
 Time taken: 215.93 seconds
SAT

=> TOTAL COMPLETION TIME (Makespan / UB): 3247
Schedule is valid
 Time taken: 216.26 seconds
SAT

=> TOTAL COMPLETION TIME (Makespan / UB): 3246
Schedule is valid
 Time taken: 216.59 seconds
SAT

=> TOTAL COMPLETION TIME (Makespan / UB): 3245
Schedule is valid
 Time taken: 216.83 seconds
SAT

=> TOTAL COMPLETION TIME (Makespan / UB): 3244
Schedule is valid
 Time taken: 217.16 seconds
SAT

=> TOTAL COMPLETION TIME (Makespan / UB): 3243
Schedule is valid
 Time taken: 217.49 seconds
SAT

=> TOTAL COMPLETION TIME (Makespan / UB): 3242
Schedule is valid
 Time taken: 217.81 seconds
SAT

=> TOTAL COMPLETION TIME (Makespan / UB): 3241
Schedule is valid
 Time taken: 218.14 seconds
SAT

=> TOTAL COMPLETION TIME (Makespan / UB): 3240
Schedule is valid
 Time taken: 218.46 seconds
SAT

=> TOTAL COMPLETION TIME (Makespan / UB): 3239
Schedule is valid
 Time taken: 218.78 seconds
SAT

=> TOTAL COMPLETION TIME (Makespan / UB): 3238
Schedule is valid
 Time taken: 219.11 seconds
SAT

=> TOTAL COMPLETION TIME (Makespan / UB): 3237
Schedule is valid
 Time taken: 219.43 seconds
SAT

=> TOTAL COMPLETION TIME (Makespan / UB): 3236
Schedule is valid
 Time taken: 219.75 seconds
[runlim] sample:		219.85 time, 220.01 real, 2011 MB, 1.05 load
SAT

=> TOTAL COMPLETION TIME (Makespan / UB): 3235
Schedule is valid
 Time taken: 220.40 seconds
SAT

=> TOTAL COMPLETION TIME (Makespan / UB): 3234
Schedule is valid
 Time taken: 220.75 seconds
SAT

=> TOTAL COMPLETION TIME (Makespan / UB): 3233
Schedule is valid
 Time taken: 221.06 seconds
SAT

=> TOTAL COMPLETION TIME (Makespan / UB): 3232
Schedule is valid
 Time taken: 221.37 seconds
SAT

=> TOTAL COMPLETION TIME (Makespan / UB): 3231
Schedule is valid
 Time taken: 221.68 seconds
SAT

=> TOTAL COMPLETION TIME (Makespan / UB): 3230
Schedule is valid
 Time taken: 221.99 seconds
SAT

=> TOTAL COMPLETION TIME (Makespan / UB): 3229
Schedule is valid
 Time taken: 223.23 seconds
SAT

=> TOTAL COMPLETION TIME (Makespan / UB): 3228
Schedule is valid
 Time taken: 223.54 seconds
SAT

=> TOTAL COMPLETION TIME (Makespan / UB): 3227
Schedule is valid
 Time taken: 224.69 seconds
SAT

=> TOTAL COMPLETION TIME (Makespan / UB): 3226
Schedule is valid
 Time taken: 225.00 seconds
SAT

=> TOTAL COMPLETION TIME (Makespan / UB): 3225
Schedule is valid
 Time taken: 226.13 seconds
SAT

=> TOTAL COMPLETION TIME (Makespan / UB): 3224
Schedule is valid
 Time taken: 226.45 seconds
SAT

=> TOTAL COMPLETION TIME (Makespan / UB): 3223
Schedule is valid
 Time taken: 227.60 seconds
SAT

=> TOTAL COMPLETION TIME (Makespan / UB): 3222
Schedule is valid
 Time taken: 227.91 seconds
SAT

=> TOTAL COMPLETION TIME (Makespan / UB): 3221
Schedule is valid
 Time taken: 229.05 seconds
SAT

=> TOTAL COMPLETION TIME (Makespan / UB): 3220
Schedule is valid
 Time taken: 229.36 seconds
[runlim] sample:		229.84 time, 230.01 real, 2010 MB, 1.04 load
SAT

=> TOTAL COMPLETION TIME (Makespan / UB): 3219
Schedule is valid
 Time taken: 230.50 seconds
SAT

=> TOTAL COMPLETION TIME (Makespan / UB): 3218
Schedule is valid
 Time taken: 230.81 seconds
SAT

=> TOTAL COMPLETION TIME (Makespan / UB): 3217
Schedule is valid
 Time taken: 231.95 seconds
SAT

=> TOTAL COMPLETION TIME (Makespan / UB): 3216
Schedule is valid
 Time taken: 232.26 seconds
SAT

=> TOTAL COMPLETION TIME (Makespan / UB): 3215
Schedule is valid
 Time taken: 233.39 seconds
SAT

=> TOTAL COMPLETION TIME (Makespan / UB): 3214
Schedule is valid
 Time taken: 233.70 seconds
SAT

=> TOTAL COMPLETION TIME (Makespan / UB): 3213
Schedule is valid
 Time taken: 234.83 seconds
SAT

=> TOTAL COMPLETION TIME (Makespan / UB): 3212
Schedule is valid
 Time taken: 235.13 seconds
SAT

=> TOTAL COMPLETION TIME (Makespan / UB): 3211
Schedule is valid
 Time taken: 236.26 seconds
SAT

=> TOTAL COMPLETION TIME (Makespan / UB): 3210
Schedule is valid
 Time taken: 236.57 seconds
SAT

=> TOTAL COMPLETION TIME (Makespan / UB): 3209
Schedule is valid
 Time taken: 237.70 seconds
SAT

=> TOTAL COMPLETION TIME (Makespan / UB): 3208
Schedule is valid
 Time taken: 238.02 seconds
SAT

=> TOTAL COMPLETION TIME (Makespan / UB): 3207
Schedule is valid
 Time taken: 239.20 seconds
SAT

=> TOTAL COMPLETION TIME (Makespan / UB): 3206
Schedule is valid
 Time taken: 239.54 seconds
[runlim] sample:		239.83 time, 240.01 real, 2012 MB, 1.04 load
SAT

=> TOTAL COMPLETION TIME (Makespan / UB): 3205
Schedule is valid
 Time taken: 240.73 seconds
SAT

=> TOTAL COMPLETION TIME (Makespan / UB): 3204
Schedule is valid
 Time taken: 241.04 seconds
SAT

=> TOTAL COMPLETION TIME (Makespan / UB): 3203
Schedule is valid
 Time taken: 242.18 seconds
SAT

=> TOTAL COMPLETION TIME (Makespan / UB): 3202
Schedule is valid
 Time taken: 242.50 seconds
SAT

=> TOTAL COMPLETION TIME (Makespan / UB): 3201
Schedule is valid
 Time taken: 243.65 seconds
[runlim] sample:		249.83 time, 250.01 real, 1987 MB, 1.03 load
SAT

=> TOTAL COMPLETION TIME (Makespan / UB): 3200
Schedule is valid
 Time taken: 251.93 seconds
[runlim] sample:		259.82 time, 260.01 real, 1987 MB, 1.02 load
SAT

=> TOTAL COMPLETION TIME (Makespan / UB): 3199
Schedule is valid
 Time taken: 260.15 seconds
SAT

=> TOTAL COMPLETION TIME (Makespan / UB): 3198
Schedule is valid
 Time taken: 261.57 seconds
SAT

=> TOTAL COMPLETION TIME (Makespan / UB): 3197
Schedule is valid
 Time taken: 262.74 seconds
SAT

=> TOTAL COMPLETION TIME (Makespan / UB): 3196
Schedule is valid
 Time taken: 263.81 seconds
SAT

=> TOTAL COMPLETION TIME (Makespan / UB): 3195
Schedule is valid
 Time taken: 264.90 seconds
SAT

=> TOTAL COMPLETION TIME (Makespan / UB): 3194
Schedule is valid
 Time taken: 265.98 seconds
SAT

=> TOTAL COMPLETION TIME (Makespan / UB): 3193
Schedule is valid
 Time taken: 267.05 seconds
SAT

=> TOTAL COMPLETION TIME (Makespan / UB): 3192
Schedule is valid
 Time taken: 268.10 seconds
SAT

=> TOTAL COMPLETION TIME (Makespan / UB): 3191
Schedule is valid
 Time taken: 269.15 seconds
[runlim] sample:		269.82 time, 270.01 real, 1988 MB, 1.02 load
SAT

=> TOTAL COMPLETION TIME (Makespan / UB): 3190
Schedule is valid
 Time taken: 270.20 seconds
SAT

=> TOTAL COMPLETION TIME (Makespan / UB): 3189
Schedule is valid
 Time taken: 271.25 seconds
SAT

=> TOTAL COMPLETION TIME (Makespan / UB): 3188
Schedule is valid
 Time taken: 271.54 seconds
SAT

=> TOTAL COMPLETION TIME (Makespan / UB): 3187
Schedule is valid
 Time taken: 272.60 seconds
SAT

=> TOTAL COMPLETION TIME (Makespan / UB): 3186
Schedule is valid
 Time taken: 272.90 seconds
SAT

=> TOTAL COMPLETION TIME (Makespan / UB): 3185
Schedule is valid
 Time taken: 273.96 seconds
SAT

=> TOTAL COMPLETION TIME (Makespan / UB): 3184
Schedule is valid
 Time taken: 274.26 seconds
SAT

=> TOTAL COMPLETION TIME (Makespan / UB): 3183
Schedule is valid
 Time taken: 275.31 seconds
SAT

=> TOTAL COMPLETION TIME (Makespan / UB): 3182
Schedule is valid
 Time taken: 275.61 seconds
SAT

=> TOTAL COMPLETION TIME (Makespan / UB): 3181
Schedule is valid
 Time taken: 276.65 seconds
SAT

=> TOTAL COMPLETION TIME (Makespan / UB): 3180
Schedule is valid
 Time taken: 276.95 seconds
SAT

=> TOTAL COMPLETION TIME (Makespan / UB): 3179
Schedule is valid
 Time taken: 278.00 seconds
SAT

=> TOTAL COMPLETION TIME (Makespan / UB): 3178
Schedule is valid
 Time taken: 278.30 seconds
SAT

=> TOTAL COMPLETION TIME (Makespan / UB): 3177
Schedule is valid
 Time taken: 279.35 seconds
SAT

=> TOTAL COMPLETION TIME (Makespan / UB): 3176
Schedule is valid
 Time taken: 279.65 seconds
[runlim] sample:		279.80 time, 280.01 real, 1988 MB, 1.10 load
SAT

=> TOTAL COMPLETION TIME (Makespan / UB): 3175
Schedule is valid
 Time taken: 280.70 seconds
SAT

=> TOTAL COMPLETION TIME (Makespan / UB): 3174
Schedule is valid
 Time taken: 281.00 seconds
SAT

=> TOTAL COMPLETION TIME (Makespan / UB): 3173
Schedule is valid
 Time taken: 282.04 seconds
SAT

=> TOTAL COMPLETION TIME (Makespan / UB): 3172
Schedule is valid
 Time taken: 282.34 seconds
SAT

=> TOTAL COMPLETION TIME (Makespan / UB): 3171
Schedule is valid
 Time taken: 283.39 seconds
SAT

=> TOTAL COMPLETION TIME (Makespan / UB): 3170
Schedule is valid
 Time taken: 283.69 seconds
SAT

=> TOTAL COMPLETION TIME (Makespan / UB): 3169
Schedule is valid
 Time taken: 284.74 seconds
SAT

=> TOTAL COMPLETION TIME (Makespan / UB): 3168
Schedule is valid
 Time taken: 285.04 seconds
SAT

=> TOTAL COMPLETION TIME (Makespan / UB): 3167
Schedule is valid
 Time taken: 286.09 seconds
SAT

=> TOTAL COMPLETION TIME (Makespan / UB): 3166
Schedule is valid
 Time taken: 286.39 seconds
SAT

=> TOTAL COMPLETION TIME (Makespan / UB): 3165
Schedule is valid
 Time taken: 287.44 seconds
SAT

=> TOTAL COMPLETION TIME (Makespan / UB): 3164
Schedule is valid
 Time taken: 287.73 seconds
SAT

=> TOTAL COMPLETION TIME (Makespan / UB): 3163
Schedule is valid
 Time taken: 288.79 seconds
SAT

=> TOTAL COMPLETION TIME (Makespan / UB): 3162
Schedule is valid
 Time taken: 289.08 seconds
[runlim] sample:		289.79 time, 290.01 real, 1987 MB, 1.08 load
SAT

=> TOTAL COMPLETION TIME (Makespan / UB): 3161
Schedule is valid
 Time taken: 290.14 seconds
SAT

=> TOTAL COMPLETION TIME (Makespan / UB): 3160
Schedule is valid
 Time taken: 290.43 seconds
SAT

=> TOTAL COMPLETION TIME (Makespan / UB): 3159
Schedule is valid
 Time taken: 291.49 seconds
SAT

=> TOTAL COMPLETION TIME (Makespan / UB): 3158
Schedule is valid
 Time taken: 291.79 seconds
SAT

=> TOTAL COMPLETION TIME (Makespan / UB): 3157
Schedule is valid
 Time taken: 292.84 seconds
SAT

=> TOTAL COMPLETION TIME (Makespan / UB): 3156
Schedule is valid
 Time taken: 293.13 seconds
SAT

=> TOTAL COMPLETION TIME (Makespan / UB): 3155
Schedule is valid
 Time taken: 294.19 seconds
SAT

=> TOTAL COMPLETION TIME (Makespan / UB): 3154
Schedule is valid
 Time taken: 294.48 seconds
SAT

=> TOTAL COMPLETION TIME (Makespan / UB): 3153
Schedule is valid
 Time taken: 295.53 seconds
SAT

=> TOTAL COMPLETION TIME (Makespan / UB): 3152
Schedule is valid
 Time taken: 295.83 seconds
SAT

=> TOTAL COMPLETION TIME (Makespan / UB): 3151
Schedule is valid
 Time taken: 296.88 seconds
SAT

=> TOTAL COMPLETION TIME (Makespan / UB): 3150
Schedule is valid
 Time taken: 297.18 seconds
SAT

=> TOTAL COMPLETION TIME (Makespan / UB): 3149
Schedule is valid
 Time taken: 298.23 seconds
SAT

=> TOTAL COMPLETION TIME (Makespan / UB): 3148
Schedule is valid
 Time taken: 298.53 seconds
SAT

=> TOTAL COMPLETION TIME (Makespan / UB): 3147
Schedule is valid
 Time taken: 299.58 seconds
SAT

=> TOTAL COMPLETION TIME (Makespan / UB): 3146
Schedule is valid
 Time taken: 299.88 seconds
[runlim] sample:		299.78 time, 300.01 real, 1988 MB, 1.07 load
SAT

=> TOTAL COMPLETION TIME (Makespan / UB): 3145
Schedule is valid
 Time taken: 300.94 seconds
SAT

=> TOTAL COMPLETION TIME (Makespan / UB): 3144
Schedule is valid
 Time taken: 301.23 seconds
SAT

=> TOTAL COMPLETION TIME (Makespan / UB): 3143
Schedule is valid
 Time taken: 302.29 seconds
SAT

=> TOTAL COMPLETION TIME (Makespan / UB): 3142
Schedule is valid
 Time taken: 302.59 seconds
SAT

=> TOTAL COMPLETION TIME (Makespan / UB): 3141
Schedule is valid
 Time taken: 303.64 seconds
SAT

=> TOTAL COMPLETION TIME (Makespan / UB): 3140
Schedule is valid
 Time taken: 303.94 seconds
SAT

=> TOTAL COMPLETION TIME (Makespan / UB): 3139
Schedule is valid
 Time taken: 304.99 seconds
SAT

=> TOTAL COMPLETION TIME (Makespan / UB): 3138
Schedule is valid
 Time taken: 305.30 seconds
SAT

=> TOTAL COMPLETION TIME (Makespan / UB): 3137
Schedule is valid
 Time taken: 306.36 seconds
SAT

=> TOTAL COMPLETION TIME (Makespan / UB): 3136
Schedule is valid
 Time taken: 306.66 seconds
SAT

=> TOTAL COMPLETION TIME (Makespan / UB): 3135
Schedule is valid
 Time taken: 307.72 seconds
SAT

=> TOTAL COMPLETION TIME (Makespan / UB): 3134
Schedule is valid
 Time taken: 308.02 seconds
SAT

=> TOTAL COMPLETION TIME (Makespan / UB): 3133
Schedule is valid
 Time taken: 309.08 seconds
SAT

=> TOTAL COMPLETION TIME (Makespan / UB): 3132
Schedule is valid
 Time taken: 309.47 seconds
[runlim] sample:		309.78 time, 310.01 real, 1987 MB, 1.06 load
SAT

=> TOTAL COMPLETION TIME (Makespan / UB): 3131
Schedule is valid
 Time taken: 310.57 seconds
SAT

=> TOTAL COMPLETION TIME (Makespan / UB): 3130
Schedule is valid
 Time taken: 310.95 seconds
SAT

=> TOTAL COMPLETION TIME (Makespan / UB): 3129
Schedule is valid
 Time taken: 312.03 seconds
SAT

=> TOTAL COMPLETION TIME (Makespan / UB): 3128
Schedule is valid
 Time taken: 312.40 seconds
SAT

=> TOTAL COMPLETION TIME (Makespan / UB): 3127
Schedule is valid
 Time taken: 313.47 seconds
SAT

=> TOTAL COMPLETION TIME (Makespan / UB): 3126
Schedule is valid
 Time taken: 313.84 seconds
SAT

=> TOTAL COMPLETION TIME (Makespan / UB): 3125
Schedule is valid
 Time taken: 314.92 seconds
SAT

=> TOTAL COMPLETION TIME (Makespan / UB): 3124
Schedule is valid
 Time taken: 315.29 seconds
SAT

=> TOTAL COMPLETION TIME (Makespan / UB): 3123
Schedule is valid
 Time taken: 316.36 seconds
SAT

=> TOTAL COMPLETION TIME (Makespan / UB): 3122
Schedule is valid
 Time taken: 316.73 seconds
SAT

=> TOTAL COMPLETION TIME (Makespan / UB): 3121
Schedule is valid
 Time taken: 317.81 seconds
SAT

=> TOTAL COMPLETION TIME (Makespan / UB): 3120
Schedule is valid
 Time taken: 318.18 seconds
SAT

=> TOTAL COMPLETION TIME (Makespan / UB): 3119
Schedule is valid
 Time taken: 319.26 seconds
SAT

=> TOTAL COMPLETION TIME (Makespan / UB): 3118
Schedule is valid
 Time taken: 319.63 seconds
[runlim] sample:		319.77 time, 320.01 real, 1986 MB, 1.13 load
SAT

=> TOTAL COMPLETION TIME (Makespan / UB): 3117
Schedule is valid
 Time taken: 320.71 seconds
SAT

=> TOTAL COMPLETION TIME (Makespan / UB): 3116
Schedule is valid
 Time taken: 321.08 seconds
SAT

=> TOTAL COMPLETION TIME (Makespan / UB): 3115
Schedule is valid
 Time taken: 322.15 seconds
SAT

=> TOTAL COMPLETION TIME (Makespan / UB): 3114
Schedule is valid
 Time taken: 322.52 seconds
SAT

=> TOTAL COMPLETION TIME (Makespan / UB): 3113
Schedule is valid
 Time taken: 323.59 seconds
SAT

=> TOTAL COMPLETION TIME (Makespan / UB): 3112
Schedule is valid
 Time taken: 323.96 seconds
SAT

=> TOTAL COMPLETION TIME (Makespan / UB): 3111
Schedule is valid
 Time taken: 325.04 seconds
SAT

=> TOTAL COMPLETION TIME (Makespan / UB): 3110
Schedule is valid
 Time taken: 325.40 seconds
SAT

=> TOTAL COMPLETION TIME (Makespan / UB): 3109
Schedule is valid
 Time taken: 326.48 seconds
SAT

=> TOTAL COMPLETION TIME (Makespan / UB): 3108
Schedule is valid
 Time taken: 326.85 seconds
SAT

=> TOTAL COMPLETION TIME (Makespan / UB): 3107
Schedule is valid
 Time taken: 327.92 seconds
SAT

=> TOTAL COMPLETION TIME (Makespan / UB): 3106
Schedule is valid
 Time taken: 328.29 seconds
SAT

=> TOTAL COMPLETION TIME (Makespan / UB): 3105
Schedule is valid
 Time taken: 329.37 seconds
[runlim] sample:		329.75 time, 330.01 real, 2331 MB, 1.11 load
SAT

=> TOTAL COMPLETION TIME (Makespan / UB): 3104
Schedule is valid
 Time taken: 331.53 seconds
SAT

=> TOTAL COMPLETION TIME (Makespan / UB): 3103
Schedule is valid
 Time taken: 332.50 seconds
SAT

=> TOTAL COMPLETION TIME (Makespan / UB): 3102
Schedule is valid
 Time taken: 332.87 seconds
SAT

=> TOTAL COMPLETION TIME (Makespan / UB): 3101
Schedule is valid
 Time taken: 333.85 seconds
SAT

=> TOTAL COMPLETION TIME (Makespan / UB): 3100
Schedule is valid
 Time taken: 334.21 seconds
SAT

=> TOTAL COMPLETION TIME (Makespan / UB): 3099
Schedule is valid
 Time taken: 335.19 seconds
SAT

=> TOTAL COMPLETION TIME (Makespan / UB): 3098
Schedule is valid
 Time taken: 335.55 seconds
SAT

=> TOTAL COMPLETION TIME (Makespan / UB): 3097
Schedule is valid
 Time taken: 336.53 seconds
SAT

=> TOTAL COMPLETION TIME (Makespan / UB): 3096
Schedule is valid
 Time taken: 336.90 seconds
SAT

=> TOTAL COMPLETION TIME (Makespan / UB): 3095
Schedule is valid
 Time taken: 337.87 seconds
SAT

=> TOTAL COMPLETION TIME (Makespan / UB): 3094
Schedule is valid
 Time taken: 338.24 seconds
SAT

=> TOTAL COMPLETION TIME (Makespan / UB): 3093
Schedule is valid
 Time taken: 339.23 seconds
SAT

=> TOTAL COMPLETION TIME (Makespan / UB): 3092
Schedule is valid
 Time taken: 339.59 seconds
[runlim] sample:		339.75 time, 340.01 real, 1962 MB, 1.17 load
SAT

=> TOTAL COMPLETION TIME (Makespan / UB): 3091
Schedule is valid
 Time taken: 340.59 seconds
SAT

=> TOTAL COMPLETION TIME (Makespan / UB): 3090
Schedule is valid
 Time taken: 340.95 seconds
SAT

=> TOTAL COMPLETION TIME (Makespan / UB): 3089
Schedule is valid
 Time taken: 341.94 seconds
SAT

=> TOTAL COMPLETION TIME (Makespan / UB): 3088
Schedule is valid
 Time taken: 342.31 seconds
SAT

=> TOTAL COMPLETION TIME (Makespan / UB): 3087
Schedule is valid
 Time taken: 343.29 seconds
SAT

=> TOTAL COMPLETION TIME (Makespan / UB): 3086
Schedule is valid
 Time taken: 343.66 seconds
SAT

=> TOTAL COMPLETION TIME (Makespan / UB): 3085
Schedule is valid
 Time taken: 344.64 seconds
SAT

=> TOTAL COMPLETION TIME (Makespan / UB): 3084
Schedule is valid
 Time taken: 345.01 seconds
SAT

=> TOTAL COMPLETION TIME (Makespan / UB): 3083
Schedule is valid
 Time taken: 346.00 seconds
SAT

=> TOTAL COMPLETION TIME (Makespan / UB): 3082
Schedule is valid
 Time taken: 346.37 seconds
SAT

=> TOTAL COMPLETION TIME (Makespan / UB): 3081
Schedule is valid
 Time taken: 347.36 seconds
SAT

=> TOTAL COMPLETION TIME (Makespan / UB): 3080
Schedule is valid
 Time taken: 347.73 seconds
SAT

=> TOTAL COMPLETION TIME (Makespan / UB): 3079
Schedule is valid
 Time taken: 348.72 seconds
SAT

=> TOTAL COMPLETION TIME (Makespan / UB): 3078
Schedule is valid
 Time taken: 349.08 seconds
[runlim] sample:		349.74 time, 350.01 real, 1962 MB, 1.29 load
SAT

=> TOTAL COMPLETION TIME (Makespan / UB): 3077
Schedule is valid
 Time taken: 350.08 seconds
SAT

=> TOTAL COMPLETION TIME (Makespan / UB): 3076
Schedule is valid
 Time taken: 350.44 seconds
SAT

=> TOTAL COMPLETION TIME (Makespan / UB): 3075
Schedule is valid
 Time taken: 351.44 seconds
SAT

=> TOTAL COMPLETION TIME (Makespan / UB): 3074
Schedule is valid
 Time taken: 355.61 seconds
SAT

=> TOTAL COMPLETION TIME (Makespan / UB): 3073
Schedule is valid
 Time taken: 356.87 seconds
SAT

=> TOTAL COMPLETION TIME (Makespan / UB): 3072
Schedule is valid
 Time taken: 357.23 seconds
SAT

=> TOTAL COMPLETION TIME (Makespan / UB): 3071
Schedule is valid
 Time taken: 358.29 seconds
SAT

=> TOTAL COMPLETION TIME (Makespan / UB): 3070
Schedule is valid
 Time taken: 358.64 seconds
SAT

=> TOTAL COMPLETION TIME (Makespan / UB): 3069
Schedule is valid
 Time taken: 359.64 seconds
SAT

=> TOTAL COMPLETION TIME (Makespan / UB): 3068
[runlim] sample:		359.73 time, 360.01 real, 1963 MB, 1.32 load
Schedule is valid
 Time taken: 359.98 seconds
SAT

=> TOTAL COMPLETION TIME (Makespan / UB): 3067
Schedule is valid
 Time taken: 360.98 seconds
SAT

=> TOTAL COMPLETION TIME (Makespan / UB): 3066
Schedule is valid
 Time taken: 361.32 seconds
SAT

=> TOTAL COMPLETION TIME (Makespan / UB): 3065
Schedule is valid
 Time taken: 362.33 seconds
SAT

=> TOTAL COMPLETION TIME (Makespan / UB): 3064
Schedule is valid
 Time taken: 362.68 seconds
SAT

=> TOTAL COMPLETION TIME (Makespan / UB): 3063
Schedule is valid
 Time taken: 363.68 seconds
SAT

=> TOTAL COMPLETION TIME (Makespan / UB): 3062
Schedule is valid
 Time taken: 364.03 seconds
SAT

=> TOTAL COMPLETION TIME (Makespan / UB): 3061
Schedule is valid
 Time taken: 365.03 seconds
SAT

=> TOTAL COMPLETION TIME (Makespan / UB): 3060
Schedule is valid
 Time taken: 365.38 seconds
SAT

=> TOTAL COMPLETION TIME (Makespan / UB): 3059
Schedule is valid
 Time taken: 366.38 seconds
SAT

=> TOTAL COMPLETION TIME (Makespan / UB): 3058
Schedule is valid
 Time taken: 366.73 seconds
SAT

=> TOTAL COMPLETION TIME (Makespan / UB): 3057
Schedule is valid
 Time taken: 367.73 seconds
SAT

=> TOTAL COMPLETION TIME (Makespan / UB): 3056
Schedule is valid
 Time taken: 368.07 seconds
SAT

=> TOTAL COMPLETION TIME (Makespan / UB): 3055
Schedule is valid
 Time taken: 369.11 seconds
SAT

=> TOTAL COMPLETION TIME (Makespan / UB): 3054
Schedule is valid
 Time taken: 369.45 seconds
[runlim] sample:		369.72 time, 370.01 real, 1962 MB, 1.27 load
SAT

=> TOTAL COMPLETION TIME (Makespan / UB): 3053
Schedule is valid
 Time taken: 370.45 seconds
SAT

=> TOTAL COMPLETION TIME (Makespan / UB): 3052
Schedule is valid
 Time taken: 370.80 seconds
SAT

=> TOTAL COMPLETION TIME (Makespan / UB): 3051
Schedule is valid
 Time taken: 371.80 seconds
SAT

=> TOTAL COMPLETION TIME (Makespan / UB): 3050
Schedule is valid
 Time taken: 372.14 seconds
SAT

=> TOTAL COMPLETION TIME (Makespan / UB): 3049
Schedule is valid
 Time taken: 373.13 seconds
SAT

=> TOTAL COMPLETION TIME (Makespan / UB): 3048
Schedule is valid
 Time taken: 373.47 seconds
SAT

=> TOTAL COMPLETION TIME (Makespan / UB): 3047
Schedule is valid
 Time taken: 374.46 seconds
SAT

=> TOTAL COMPLETION TIME (Makespan / UB): 3046
Schedule is valid
 Time taken: 374.81 seconds
SAT

=> TOTAL COMPLETION TIME (Makespan / UB): 3045
Schedule is valid
 Time taken: 375.79 seconds
SAT

=> TOTAL COMPLETION TIME (Makespan / UB): 3044
Schedule is valid
 Time taken: 376.14 seconds
SAT

=> TOTAL COMPLETION TIME (Makespan / UB): 3043
Schedule is valid
 Time taken: 377.12 seconds
SAT

=> TOTAL COMPLETION TIME (Makespan / UB): 3042
Schedule is valid
 Time taken: 377.47 seconds
SAT

=> TOTAL COMPLETION TIME (Makespan / UB): 3041
Schedule is valid
 Time taken: 378.46 seconds
SAT

=> TOTAL COMPLETION TIME (Makespan / UB): 3040
Schedule is valid
 Time taken: 378.80 seconds
SAT

=> TOTAL COMPLETION TIME (Makespan / UB): 3039
Schedule is valid
 Time taken: 379.79 seconds
[runlim] sample:		379.71 time, 380.01 real, 1962 MB, 1.23 load
SAT

=> TOTAL COMPLETION TIME (Makespan / UB): 3038
Schedule is valid
 Time taken: 380.14 seconds
SAT

=> TOTAL COMPLETION TIME (Makespan / UB): 3037
Schedule is valid
 Time taken: 381.13 seconds
SAT

=> TOTAL COMPLETION TIME (Makespan / UB): 3036
Schedule is valid
 Time taken: 381.48 seconds
[runlim] sample:		389.71 time, 390.01 real, 1974 MB, 1.27 load
[runlim] sample:		399.70 time, 400.01 real, 1909 MB, 1.23 load
[runlim] sample:		409.69 time, 410.01 real, 1909 MB, 1.19 load
[runlim] sample:		419.69 time, 420.01 real, 1909 MB, 1.16 load
[runlim] sample:		429.69 time, 430.01 real, 1909 MB, 1.14 load
SAT

=> TOTAL COMPLETION TIME (Makespan / UB): 3035
Schedule is valid
 Time taken: 434.78 seconds
SAT

=> TOTAL COMPLETION TIME (Makespan / UB): 3034
Schedule is valid
 Time taken: 436.04 seconds
SAT

=> TOTAL COMPLETION TIME (Makespan / UB): 3033
Schedule is valid
 Time taken: 437.10 seconds
SAT

=> TOTAL COMPLETION TIME (Makespan / UB): 3032
Schedule is valid
 Time taken: 438.16 seconds
SAT

=> TOTAL COMPLETION TIME (Makespan / UB): 3031
Schedule is valid
 Time taken: 439.14 seconds
[runlim] sample:		439.68 time, 440.01 real, 1909 MB, 1.11 load
SAT

=> TOTAL COMPLETION TIME (Makespan / UB): 3030
Schedule is valid
 Time taken: 440.17 seconds
SAT

=> TOTAL COMPLETION TIME (Makespan / UB): 3029
Schedule is valid
 Time taken: 441.14 seconds
SAT

=> TOTAL COMPLETION TIME (Makespan / UB): 3028
Schedule is valid
 Time taken: 442.16 seconds
SAT

=> TOTAL COMPLETION TIME (Makespan / UB): 3027
Schedule is valid
 Time taken: 443.13 seconds
SAT

=> TOTAL COMPLETION TIME (Makespan / UB): 3026
Schedule is valid
 Time taken: 444.16 seconds
SAT

=> TOTAL COMPLETION TIME (Makespan / UB): 3025
Schedule is valid
 Time taken: 445.13 seconds
SAT

=> TOTAL COMPLETION TIME (Makespan / UB): 3024
Schedule is valid
 Time taken: 446.16 seconds
SAT

=> TOTAL COMPLETION TIME (Makespan / UB): 3023
Schedule is valid
 Time taken: 447.12 seconds
SAT

=> TOTAL COMPLETION TIME (Makespan / UB): 3022
Schedule is valid
 Time taken: 448.15 seconds
SAT

=> TOTAL COMPLETION TIME (Makespan / UB): 3021
Schedule is valid
 Time taken: 449.13 seconds
[runlim] sample:		449.67 time, 450.01 real, 1908 MB, 1.10 load
SAT

=> TOTAL COMPLETION TIME (Makespan / UB): 3020
Schedule is valid
 Time taken: 450.17 seconds
[runlim] sample:		459.66 time, 460.01 real, 1967 MB, 1.08 load
[runlim] sample:		469.66 time, 470.01 real, 1908 MB, 1.15 load
SAT

=> TOTAL COMPLETION TIME (Makespan / UB): 3019
Schedule is valid
 Time taken: 476.14 seconds
SAT

=> TOTAL COMPLETION TIME (Makespan / UB): 3018
Schedule is valid
 Time taken: 477.58 seconds
SAT

=> TOTAL COMPLETION TIME (Makespan / UB): 3017
Schedule is valid
 Time taken: 478.76 seconds
SAT

=> TOTAL COMPLETION TIME (Makespan / UB): 3016
Schedule is valid
 Time taken: 479.92 seconds
[runlim] sample:		479.65 time, 480.01 real, 1909 MB, 1.12 load
SAT

=> TOTAL COMPLETION TIME (Makespan / UB): 3015
Schedule is valid
 Time taken: 480.98 seconds
SAT

=> TOTAL COMPLETION TIME (Makespan / UB): 3014
Schedule is valid
 Time taken: 482.10 seconds
SAT

=> TOTAL COMPLETION TIME (Makespan / UB): 3013
Schedule is valid
 Time taken: 483.15 seconds
SAT

=> TOTAL COMPLETION TIME (Makespan / UB): 3012
Schedule is valid
 Time taken: 484.27 seconds
SAT

=> TOTAL COMPLETION TIME (Makespan / UB): 3011
Schedule is valid
 Time taken: 485.32 seconds
SAT

=> TOTAL COMPLETION TIME (Makespan / UB): 3010
Schedule is valid
 Time taken: 486.44 seconds
SAT

=> TOTAL COMPLETION TIME (Makespan / UB): 3009
Schedule is valid
 Time taken: 487.49 seconds
SAT

=> TOTAL COMPLETION TIME (Makespan / UB): 3008
Schedule is valid
 Time taken: 488.61 seconds
SAT

=> TOTAL COMPLETION TIME (Makespan / UB): 3007
Schedule is valid
 Time taken: 489.67 seconds
[runlim] sample:		489.64 time, 490.01 real, 1909 MB, 1.11 load
SAT

=> TOTAL COMPLETION TIME (Makespan / UB): 3006
Schedule is valid
 Time taken: 490.80 seconds
SAT

=> TOTAL COMPLETION TIME (Makespan / UB): 3005
Schedule is valid
 Time taken: 491.86 seconds
SAT

=> TOTAL COMPLETION TIME (Makespan / UB): 3004
Schedule is valid
 Time taken: 492.99 seconds
SAT

=> TOTAL COMPLETION TIME (Makespan / UB): 3003
Schedule is valid
 Time taken: 494.04 seconds
SAT

=> TOTAL COMPLETION TIME (Makespan / UB): 3002
Schedule is valid
 Time taken: 495.17 seconds
SAT

=> TOTAL COMPLETION TIME (Makespan / UB): 3001
Schedule is valid
 Time taken: 496.27 seconds
SAT

=> TOTAL COMPLETION TIME (Makespan / UB): 3000
Schedule is valid
 Time taken: 497.46 seconds
SAT

=> TOTAL COMPLETION TIME (Makespan / UB): 2999
Schedule is valid
 Time taken: 498.58 seconds
SAT

=> TOTAL COMPLETION TIME (Makespan / UB): 2998
Schedule is valid
 Time taken: 499.75 seconds
[runlim] sample:		499.64 time, 500.01 real, 1909 MB, 1.09 load
SAT

=> TOTAL COMPLETION TIME (Makespan / UB): 2997
Schedule is valid
 Time taken: 500.88 seconds
SAT

=> TOTAL COMPLETION TIME (Makespan / UB): 2996
Schedule is valid
 Time taken: 502.07 seconds
SAT

=> TOTAL COMPLETION TIME (Makespan / UB): 2995
Schedule is valid
 Time taken: 503.14 seconds
SAT

=> TOTAL COMPLETION TIME (Makespan / UB): 2994
Schedule is valid
 Time taken: 504.35 seconds
SAT

=> TOTAL COMPLETION TIME (Makespan / UB): 2993
Schedule is valid
 Time taken: 505.41 seconds
SAT

=> TOTAL COMPLETION TIME (Makespan / UB): 2992
Schedule is valid
 Time taken: 506.53 seconds
SAT

=> TOTAL COMPLETION TIME (Makespan / UB): 2991
Schedule is valid
 Time taken: 507.57 seconds
SAT

=> TOTAL COMPLETION TIME (Makespan / UB): 2990
Schedule is valid
 Time taken: 508.68 seconds
SAT

=> TOTAL COMPLETION TIME (Makespan / UB): 2989
Schedule is valid
 Time taken: 509.72 seconds
[runlim] sample:		509.62 time, 510.01 real, 1909 MB, 1.07 load
SAT

=> TOTAL COMPLETION TIME (Makespan / UB): 2988
Schedule is valid
 Time taken: 510.83 seconds
SAT

=> TOTAL COMPLETION TIME (Makespan / UB): 2987
Schedule is valid
 Time taken: 511.87 seconds
SAT

=> TOTAL COMPLETION TIME (Makespan / UB): 2986
Schedule is valid
 Time taken: 512.98 seconds
SAT

=> TOTAL COMPLETION TIME (Makespan / UB): 2985
Schedule is valid
 Time taken: 514.01 seconds
SAT

=> TOTAL COMPLETION TIME (Makespan / UB): 2984
Schedule is valid
 Time taken: 515.12 seconds
SAT

=> TOTAL COMPLETION TIME (Makespan / UB): 2983
Schedule is valid
 Time taken: 516.15 seconds
SAT

=> TOTAL COMPLETION TIME (Makespan / UB): 2982
Schedule is valid
 Time taken: 517.26 seconds
SAT

=> TOTAL COMPLETION TIME (Makespan / UB): 2981
Schedule is valid
 Time taken: 518.30 seconds
[runlim] sample:		519.62 time, 520.01 real, 1908 MB, 1.06 load
SAT

=> TOTAL COMPLETION TIME (Makespan / UB): 2980
Schedule is valid
 Time taken: 527.06 seconds
SAT

=> TOTAL COMPLETION TIME (Makespan / UB): 2979
Schedule is valid
 Time taken: 528.29 seconds
SAT

=> TOTAL COMPLETION TIME (Makespan / UB): 2978
Schedule is valid
 Time taken: 529.42 seconds
[runlim] sample:		529.62 time, 530.01 real, 1929 MB, 1.05 load
SAT

=> TOTAL COMPLETION TIME (Makespan / UB): 2977
Schedule is valid
 Time taken: 530.40 seconds
SAT

=> TOTAL COMPLETION TIME (Makespan / UB): 2976
Schedule is valid
 Time taken: 531.43 seconds
SAT

=> TOTAL COMPLETION TIME (Makespan / UB): 2975
Schedule is valid
 Time taken: 532.40 seconds
SAT

=> TOTAL COMPLETION TIME (Makespan / UB): 2974
Schedule is valid
 Time taken: 533.43 seconds
SAT

=> TOTAL COMPLETION TIME (Makespan / UB): 2973
Schedule is valid
 Time taken: 534.40 seconds
SAT

=> TOTAL COMPLETION TIME (Makespan / UB): 2972
Schedule is valid
 Time taken: 534.76 seconds
SAT

=> TOTAL COMPLETION TIME (Makespan / UB): 2971
Schedule is valid
 Time taken: 535.73 seconds
[runlim] sample:		539.61 time, 540.01 real, 1898 MB, 1.20 load
SAT

=> TOTAL COMPLETION TIME (Makespan / UB): 2970
Schedule is valid
 Time taken: 545.38 seconds
SAT

=> TOTAL COMPLETION TIME (Makespan / UB): 2969
Schedule is valid
 Time taken: 546.46 seconds
SAT

=> TOTAL COMPLETION TIME (Makespan / UB): 2968
Schedule is valid
 Time taken: 547.51 seconds
SAT

=> TOTAL COMPLETION TIME (Makespan / UB): 2967
Schedule is valid
 Time taken: 548.50 seconds
SAT

=> TOTAL COMPLETION TIME (Makespan / UB): 2966
Schedule is valid
 Time taken: 549.48 seconds
[runlim] sample:		549.60 time, 550.01 real, 1893 MB, 1.17 load
SAT

=> TOTAL COMPLETION TIME (Makespan / UB): 2965
Schedule is valid
 Time taken: 550.47 seconds
SAT

=> TOTAL COMPLETION TIME (Makespan / UB): 2964
Schedule is valid
 Time taken: 551.46 seconds
SAT

=> TOTAL COMPLETION TIME (Makespan / UB): 2963
Schedule is valid
 Time taken: 552.44 seconds
SAT

=> TOTAL COMPLETION TIME (Makespan / UB): 2962
Schedule is valid
 Time taken: 553.43 seconds
SAT

=> TOTAL COMPLETION TIME (Makespan / UB): 2961
Schedule is valid
 Time taken: 554.41 seconds
SAT

=> TOTAL COMPLETION TIME (Makespan / UB): 2960
Schedule is valid
 Time taken: 555.40 seconds
SAT

=> TOTAL COMPLETION TIME (Makespan / UB): 2959
Schedule is valid
 Time taken: 556.38 seconds
SAT

=> TOTAL COMPLETION TIME (Makespan / UB): 2958
Schedule is valid
 Time taken: 557.37 seconds
SAT

=> TOTAL COMPLETION TIME (Makespan / UB): 2957
Schedule is valid
 Time taken: 558.35 seconds
SAT

=> TOTAL COMPLETION TIME (Makespan / UB): 2956
Schedule is valid
 Time taken: 558.67 seconds
SAT

=> TOTAL COMPLETION TIME (Makespan / UB): 2955
Schedule is valid
 Time taken: 558.99 seconds
[runlim] sample:		559.59 time, 560.01 real, 1893 MB, 1.15 load
SAT

=> TOTAL COMPLETION TIME (Makespan / UB): 2954
Schedule is valid
 Time taken: 564.57 seconds
SAT

=> TOTAL COMPLETION TIME (Makespan / UB): 2953
Schedule is valid
 Time taken: 564.97 seconds
SAT

=> TOTAL COMPLETION TIME (Makespan / UB): 2952
Schedule is valid
 Time taken: 565.29 seconds
SAT

=> TOTAL COMPLETION TIME (Makespan / UB): 2951
Schedule is valid
 Time taken: 565.60 seconds
SAT

=> TOTAL COMPLETION TIME (Makespan / UB): 2950
Schedule is valid
 Time taken: 565.90 seconds
SAT

=> TOTAL COMPLETION TIME (Makespan / UB): 2949
Schedule is valid
 Time taken: 566.21 seconds
[runlim] sample:		569.59 time, 570.01 real, 1893 MB, 1.20 load
SAT

=> TOTAL COMPLETION TIME (Makespan / UB): 2948
Schedule is valid
 Time taken: 574.31 seconds
SAT

=> TOTAL COMPLETION TIME (Makespan / UB): 2947
Schedule is valid
 Time taken: 574.85 seconds
SAT

=> TOTAL COMPLETION TIME (Makespan / UB): 2946
Schedule is valid
 Time taken: 575.20 seconds
SAT

=> TOTAL COMPLETION TIME (Makespan / UB): 2945
Schedule is valid
 Time taken: 575.59 seconds
SAT

=> TOTAL COMPLETION TIME (Makespan / UB): 2944
Schedule is valid
 Time taken: 575.91 seconds
SAT

=> TOTAL COMPLETION TIME (Makespan / UB): 2943
Schedule is valid
 Time taken: 576.19 seconds
SAT

=> TOTAL COMPLETION TIME (Makespan / UB): 2942
Schedule is valid
 Time taken: 576.50 seconds
SAT

=> TOTAL COMPLETION TIME (Makespan / UB): 2941
Schedule is valid
 Time taken: 576.77 seconds
SAT

=> TOTAL COMPLETION TIME (Makespan / UB): 2940
Schedule is valid
 Time taken: 577.09 seconds
SAT

=> TOTAL COMPLETION TIME (Makespan / UB): 2939
Schedule is valid
 Time taken: 577.36 seconds
SAT

=> TOTAL COMPLETION TIME (Makespan / UB): 2938
Schedule is valid
 Time taken: 577.67 seconds
SAT

=> TOTAL COMPLETION TIME (Makespan / UB): 2937
Schedule is valid
 Time taken: 577.94 seconds
SAT

=> TOTAL COMPLETION TIME (Makespan / UB): 2936
Schedule is valid
 Time taken: 578.26 seconds
SAT

=> TOTAL COMPLETION TIME (Makespan / UB): 2935
Schedule is valid
 Time taken: 578.53 seconds
SAT

=> TOTAL COMPLETION TIME (Makespan / UB): 2934
Schedule is valid
 Time taken: 578.84 seconds
SAT

=> TOTAL COMPLETION TIME (Makespan / UB): 2933
Schedule is valid
 Time taken: 579.11 seconds
SAT

=> TOTAL COMPLETION TIME (Makespan / UB): 2932
Schedule is valid
 Time taken: 579.43 seconds
SAT

=> TOTAL COMPLETION TIME (Makespan / UB): 2931
Schedule is valid
 Time taken: 579.71 seconds
[runlim] sample:		579.57 time, 580.01 real, 1889 MB, 1.24 load
[runlim] sample:		589.56 time, 590.01 real, 1944 MB, 1.20 load
[runlim] sample:		599.56 time, 600.01 real, 1889 MB, 1.17 load
[runlim] end:			Sat May  2 23:14:14 2026
[runlim] status:		out of time
[runlim] result:		2
[runlim] children:		1
[runlim] processes:		2
[runlim] real:			601.06 seconds
[runlim] time:			599.56 seconds
[runlim] space:			2668 MB
[runlim] load:			1.35 maximum
[runlim] samples:		6000
