[runlim] version:		2.0.0rc12
[runlim] host:			ap-Precision-7550
[runlim] time limit:		311040000 seconds
[runlim] real time limit:	600 seconds
[runlim] space limit:		15624 MB
[runlim] argv[0]:		python3
[runlim] argv[1]:		-u
[runlim] argv[2]:		main.py
[runlim] argv[3]:		datasets/dauzere/04a.txt
[runlim] start:			Sat May  2 23:34:16 2026
[runlim] child:			12647
Greedy Schedule UB: 3424
[runlim] sample:		9.99 time, 10.01 real, 1098 MB, 1.01 load
Building constraints took 15.10 seconds.
SAT

=> TOTAL COMPLETION TIME (Makespan / UB): 3423
Schedule is valid
 Time taken: 17.94 seconds
SAT

=> TOTAL COMPLETION TIME (Makespan / UB): 3422
Schedule is valid
 Time taken: 18.36 seconds
SAT

=> TOTAL COMPLETION TIME (Makespan / UB): 3421
Schedule is valid
 Time taken: 18.70 seconds
SAT

=> TOTAL COMPLETION TIME (Makespan / UB): 3420
Schedule is valid
 Time taken: 19.02 seconds
SAT

=> TOTAL COMPLETION TIME (Makespan / UB): 3419
Schedule is valid
 Time taken: 19.34 seconds
SAT

=> TOTAL COMPLETION TIME (Makespan / UB): 3418
Schedule is valid
 Time taken: 19.66 seconds
SAT

=> TOTAL COMPLETION TIME (Makespan / UB): 3417
[runlim] sample:		19.99 time, 20.01 real, 1715 MB, 1.01 load
Schedule is valid
 Time taken: 19.98 seconds
SAT

=> TOTAL COMPLETION TIME (Makespan / UB): 3416
Schedule is valid
 Time taken: 20.31 seconds
SAT

=> TOTAL COMPLETION TIME (Makespan / UB): 3415
Schedule is valid
 Time taken: 20.63 seconds
SAT

=> TOTAL COMPLETION TIME (Makespan / UB): 3414
Schedule is valid
 Time taken: 20.95 seconds
SAT

=> TOTAL COMPLETION TIME (Makespan / UB): 3413
Schedule is valid
 Time taken: 21.27 seconds
SAT

=> TOTAL COMPLETION TIME (Makespan / UB): 3412
Schedule is valid
 Time taken: 21.59 seconds
SAT

=> TOTAL COMPLETION TIME (Makespan / UB): 3411
Schedule is valid
 Time taken: 21.91 seconds
SAT

=> TOTAL COMPLETION TIME (Makespan / UB): 3410
Schedule is valid
 Time taken: 22.23 seconds
SAT

=> TOTAL COMPLETION TIME (Makespan / UB): 3409
Schedule is valid
 Time taken: 22.55 seconds
SAT

=> TOTAL COMPLETION TIME (Makespan / UB): 3408
Schedule is valid
 Time taken: 22.88 seconds
SAT

=> TOTAL COMPLETION TIME (Makespan / UB): 3407
Schedule is valid
 Time taken: 23.20 seconds
SAT

=> TOTAL COMPLETION TIME (Makespan / UB): 3406
Schedule is valid
 Time taken: 23.52 seconds
SAT

=> TOTAL COMPLETION TIME (Makespan / UB): 3405
Schedule is valid
 Time taken: 23.84 seconds
SAT

=> TOTAL COMPLETION TIME (Makespan / UB): 3404
Schedule is valid
 Time taken: 24.16 seconds
SAT

=> TOTAL COMPLETION TIME (Makespan / UB): 3403
Schedule is valid
 Time taken: 24.49 seconds
SAT

=> TOTAL COMPLETION TIME (Makespan / UB): 3402
Schedule is valid
 Time taken: 24.81 seconds
SAT

=> TOTAL COMPLETION TIME (Makespan / UB): 3401
Schedule is valid
 Time taken: 25.13 seconds
SAT

=> TOTAL COMPLETION TIME (Makespan / UB): 3400
Schedule is valid
 Time taken: 25.45 seconds
SAT

=> TOTAL COMPLETION TIME (Makespan / UB): 3399
Schedule is valid
 Time taken: 25.77 seconds
SAT

=> TOTAL COMPLETION TIME (Makespan / UB): 3398
Schedule is valid
 Time taken: 26.09 seconds
SAT

=> TOTAL COMPLETION TIME (Makespan / UB): 3397
Schedule is valid
 Time taken: 26.42 seconds
SAT

=> TOTAL COMPLETION TIME (Makespan / UB): 3396
Schedule is valid
 Time taken: 26.74 seconds
SAT

=> TOTAL COMPLETION TIME (Makespan / UB): 3395
Schedule is valid
 Time taken: 27.10 seconds
SAT

=> TOTAL COMPLETION TIME (Makespan / UB): 3394
Schedule is valid
 Time taken: 27.42 seconds
SAT

=> TOTAL COMPLETION TIME (Makespan / UB): 3393
Schedule is valid
 Time taken: 27.74 seconds
SAT

=> TOTAL COMPLETION TIME (Makespan / UB): 3392
Schedule is valid
 Time taken: 28.06 seconds
SAT

=> TOTAL COMPLETION TIME (Makespan / UB): 3391
Schedule is valid
 Time taken: 28.38 seconds
SAT

=> TOTAL COMPLETION TIME (Makespan / UB): 3390
Schedule is valid
 Time taken: 28.70 seconds
SAT

=> TOTAL COMPLETION TIME (Makespan / UB): 3389
Schedule is valid
 Time taken: 29.02 seconds
SAT

=> TOTAL COMPLETION TIME (Makespan / UB): 3388
Schedule is valid
 Time taken: 29.34 seconds
SAT

=> TOTAL COMPLETION TIME (Makespan / UB): 3387
Schedule is valid
 Time taken: 29.66 seconds
SAT

=> TOTAL COMPLETION TIME (Makespan / UB): 3386
Schedule is valid
 Time taken: 29.98 seconds
[runlim] sample:		29.98 time, 30.01 real, 1708 MB, 1.00 load
[runlim] sample:		39.97 time, 40.01 real, 2190 MB, 1.00 load
SAT

=> TOTAL COMPLETION TIME (Makespan / UB): 3385
Schedule is valid
 Time taken: 43.29 seconds
SAT

=> TOTAL COMPLETION TIME (Makespan / UB): 3384
Schedule is valid
 Time taken: 44.76 seconds
SAT

=> TOTAL COMPLETION TIME (Makespan / UB): 3383
Schedule is valid
 Time taken: 45.08 seconds
SAT

=> TOTAL COMPLETION TIME (Makespan / UB): 3382
Schedule is valid
 Time taken: 45.39 seconds
SAT

=> TOTAL COMPLETION TIME (Makespan / UB): 3381
Schedule is valid
 Time taken: 45.71 seconds
SAT

=> TOTAL COMPLETION TIME (Makespan / UB): 3380
Schedule is valid
 Time taken: 46.03 seconds
SAT

=> TOTAL COMPLETION TIME (Makespan / UB): 3379
Schedule is valid
 Time taken: 46.35 seconds
SAT

=> TOTAL COMPLETION TIME (Makespan / UB): 3378
Schedule is valid
 Time taken: 46.67 seconds
SAT

=> TOTAL COMPLETION TIME (Makespan / UB): 3377
Schedule is valid
 Time taken: 46.98 seconds
SAT

=> TOTAL COMPLETION TIME (Makespan / UB): 3376
Schedule is valid
 Time taken: 47.30 seconds
SAT

=> TOTAL COMPLETION TIME (Makespan / UB): 3375
Schedule is valid
 Time taken: 47.62 seconds
SAT

=> TOTAL COMPLETION TIME (Makespan / UB): 3374
Schedule is valid
 Time taken: 47.94 seconds
SAT

=> TOTAL COMPLETION TIME (Makespan / UB): 3373
Schedule is valid
 Time taken: 48.35 seconds
SAT

=> TOTAL COMPLETION TIME (Makespan / UB): 3372
Schedule is valid
 Time taken: 48.67 seconds
SAT

=> TOTAL COMPLETION TIME (Makespan / UB): 3371
Schedule is valid
 Time taken: 48.99 seconds
SAT

=> TOTAL COMPLETION TIME (Makespan / UB): 3370
Schedule is valid
 Time taken: 49.31 seconds
SAT

=> TOTAL COMPLETION TIME (Makespan / UB): 3369
Schedule is valid
 Time taken: 49.63 seconds
SAT

=> TOTAL COMPLETION TIME (Makespan / UB): 3368
Schedule is valid
 Time taken: 49.95 seconds
[runlim] sample:		49.96 time, 50.01 real, 2200 MB, 1.00 load
SAT

=> TOTAL COMPLETION TIME (Makespan / UB): 3367
Schedule is valid
 Time taken: 50.27 seconds
SAT

=> TOTAL COMPLETION TIME (Makespan / UB): 3366
Schedule is valid
 Time taken: 50.59 seconds
SAT

=> TOTAL COMPLETION TIME (Makespan / UB): 3365
Schedule is valid
 Time taken: 50.91 seconds
SAT

=> TOTAL COMPLETION TIME (Makespan / UB): 3364
Schedule is valid
 Time taken: 51.22 seconds
SAT

=> TOTAL COMPLETION TIME (Makespan / UB): 3363
Schedule is valid
 Time taken: 51.54 seconds
SAT

=> TOTAL COMPLETION TIME (Makespan / UB): 3362
Schedule is valid
 Time taken: 51.86 seconds
SAT

=> TOTAL COMPLETION TIME (Makespan / UB): 3361
Schedule is valid
 Time taken: 52.18 seconds
SAT

=> TOTAL COMPLETION TIME (Makespan / UB): 3360
Schedule is valid
 Time taken: 52.50 seconds
SAT

=> TOTAL COMPLETION TIME (Makespan / UB): 3359
Schedule is valid
 Time taken: 52.82 seconds
SAT

=> TOTAL COMPLETION TIME (Makespan / UB): 3358
Schedule is valid
 Time taken: 53.14 seconds
SAT

=> TOTAL COMPLETION TIME (Makespan / UB): 3357
Schedule is valid
 Time taken: 53.46 seconds
SAT

=> TOTAL COMPLETION TIME (Makespan / UB): 3356
Schedule is valid
 Time taken: 53.78 seconds
SAT

=> TOTAL COMPLETION TIME (Makespan / UB): 3355
Schedule is valid
 Time taken: 54.10 seconds
SAT

=> TOTAL COMPLETION TIME (Makespan / UB): 3354
Schedule is valid
 Time taken: 54.41 seconds
SAT

=> TOTAL COMPLETION TIME (Makespan / UB): 3353
Schedule is valid
 Time taken: 54.73 seconds
SAT

=> TOTAL COMPLETION TIME (Makespan / UB): 3352
Schedule is valid
 Time taken: 55.05 seconds
SAT

=> TOTAL COMPLETION TIME (Makespan / UB): 3351
Schedule is valid
 Time taken: 55.37 seconds
SAT

=> TOTAL COMPLETION TIME (Makespan / UB): 3350
Schedule is valid
 Time taken: 55.68 seconds
SAT

=> TOTAL COMPLETION TIME (Makespan / UB): 3349
Schedule is valid
 Time taken: 56.00 seconds
SAT

=> TOTAL COMPLETION TIME (Makespan / UB): 3348
Schedule is valid
 Time taken: 56.32 seconds
SAT

=> TOTAL COMPLETION TIME (Makespan / UB): 3347
Schedule is valid
 Time taken: 56.64 seconds
SAT

=> TOTAL COMPLETION TIME (Makespan / UB): 3346
Schedule is valid
 Time taken: 56.96 seconds
SAT

=> TOTAL COMPLETION TIME (Makespan / UB): 3345
Schedule is valid
 Time taken: 57.28 seconds
SAT

=> TOTAL COMPLETION TIME (Makespan / UB): 3344
Schedule is valid
 Time taken: 57.60 seconds
SAT

=> TOTAL COMPLETION TIME (Makespan / UB): 3343
Schedule is valid
 Time taken: 57.92 seconds
SAT

=> TOTAL COMPLETION TIME (Makespan / UB): 3342
Schedule is valid
 Time taken: 58.24 seconds
SAT

=> TOTAL COMPLETION TIME (Makespan / UB): 3341
Schedule is valid
 Time taken: 58.56 seconds
SAT

=> TOTAL COMPLETION TIME (Makespan / UB): 3340
Schedule is valid
 Time taken: 58.88 seconds
SAT

=> TOTAL COMPLETION TIME (Makespan / UB): 3339
Schedule is valid
 Time taken: 59.19 seconds
SAT

=> TOTAL COMPLETION TIME (Makespan / UB): 3338
Schedule is valid
 Time taken: 59.51 seconds
SAT

=> TOTAL COMPLETION TIME (Makespan / UB): 3337
Schedule is valid
 Time taken: 59.83 seconds
[runlim] sample:		59.94 time, 60.01 real, 2201 MB, 1.08 load
SAT

=> TOTAL COMPLETION TIME (Makespan / UB): 3336
Schedule is valid
 Time taken: 60.15 seconds
SAT

=> TOTAL COMPLETION TIME (Makespan / UB): 3335
Schedule is valid
 Time taken: 60.47 seconds
SAT

=> TOTAL COMPLETION TIME (Makespan / UB): 3334
Schedule is valid
 Time taken: 60.79 seconds
SAT

=> TOTAL COMPLETION TIME (Makespan / UB): 3333
Schedule is valid
 Time taken: 61.11 seconds
SAT

=> TOTAL COMPLETION TIME (Makespan / UB): 3332
Schedule is valid
 Time taken: 61.42 seconds
SAT

=> TOTAL COMPLETION TIME (Makespan / UB): 3331
Schedule is valid
 Time taken: 61.74 seconds
SAT

=> TOTAL COMPLETION TIME (Makespan / UB): 3330
Schedule is valid
 Time taken: 62.06 seconds
SAT

=> TOTAL COMPLETION TIME (Makespan / UB): 3329
Schedule is valid
 Time taken: 62.38 seconds
SAT

=> TOTAL COMPLETION TIME (Makespan / UB): 3328
Schedule is valid
 Time taken: 62.70 seconds
SAT

=> TOTAL COMPLETION TIME (Makespan / UB): 3327
Schedule is valid
 Time taken: 63.02 seconds
SAT

=> TOTAL COMPLETION TIME (Makespan / UB): 3326
Schedule is valid
 Time taken: 63.33 seconds
SAT

=> TOTAL COMPLETION TIME (Makespan / UB): 3325
Schedule is valid
 Time taken: 63.65 seconds
SAT

=> TOTAL COMPLETION TIME (Makespan / UB): 3324
Schedule is valid
 Time taken: 63.97 seconds
SAT

=> TOTAL COMPLETION TIME (Makespan / UB): 3323
Schedule is valid
 Time taken: 64.29 seconds
SAT

=> TOTAL COMPLETION TIME (Makespan / UB): 3322
Schedule is valid
 Time taken: 64.60 seconds
SAT

=> TOTAL COMPLETION TIME (Makespan / UB): 3321
Schedule is valid
 Time taken: 64.92 seconds
SAT

=> TOTAL COMPLETION TIME (Makespan / UB): 3320
Schedule is valid
 Time taken: 65.24 seconds
[runlim] sample:		69.93 time, 70.01 real, 2201 MB, 1.07 load
[runlim] sample:		79.93 time, 80.01 real, 2196 MB, 1.06 load
[runlim] sample:		89.92 time, 90.01 real, 2238 MB, 1.05 load
[runlim] sample:		99.92 time, 100.01 real, 2252 MB, 1.12 load
[runlim] sample:		109.92 time, 110.01 real, 2243 MB, 1.10 load
SAT

=> TOTAL COMPLETION TIME (Makespan / UB): 3317
Schedule is valid
 Time taken: 118.81 seconds
[runlim] sample:		119.91 time, 120.01 real, 2104 MB, 1.09 load
SAT

=> TOTAL COMPLETION TIME (Makespan / UB): 3316
Schedule is valid
 Time taken: 120.51 seconds
SAT

=> TOTAL COMPLETION TIME (Makespan / UB): 3315
Schedule is valid
 Time taken: 122.00 seconds
SAT

=> TOTAL COMPLETION TIME (Makespan / UB): 3314
Schedule is valid
 Time taken: 123.29 seconds
SAT

=> TOTAL COMPLETION TIME (Makespan / UB): 3313
Schedule is valid
 Time taken: 124.58 seconds
SAT

=> TOTAL COMPLETION TIME (Makespan / UB): 3312
Schedule is valid
 Time taken: 125.81 seconds
SAT

=> TOTAL COMPLETION TIME (Makespan / UB): 3311
Schedule is valid
 Time taken: 127.09 seconds
SAT

=> TOTAL COMPLETION TIME (Makespan / UB): 3310
Schedule is valid
 Time taken: 128.29 seconds
SAT

=> TOTAL COMPLETION TIME (Makespan / UB): 3309
Schedule is valid
 Time taken: 129.56 seconds
[runlim] sample:		129.90 time, 130.01 real, 2128 MB, 1.07 load
SAT

=> TOTAL COMPLETION TIME (Makespan / UB): 3308
Schedule is valid
 Time taken: 130.79 seconds
SAT

=> TOTAL COMPLETION TIME (Makespan / UB): 3307
Schedule is valid
 Time taken: 132.07 seconds
SAT

=> TOTAL COMPLETION TIME (Makespan / UB): 3306
Schedule is valid
 Time taken: 133.30 seconds
SAT

=> TOTAL COMPLETION TIME (Makespan / UB): 3305
Schedule is valid
 Time taken: 134.58 seconds
SAT

=> TOTAL COMPLETION TIME (Makespan / UB): 3304
Schedule is valid
 Time taken: 135.87 seconds
SAT

=> TOTAL COMPLETION TIME (Makespan / UB): 3303
Schedule is valid
 Time taken: 137.20 seconds
SAT

=> TOTAL COMPLETION TIME (Makespan / UB): 3302
Schedule is valid
 Time taken: 138.40 seconds
SAT

=> TOTAL COMPLETION TIME (Makespan / UB): 3301
Schedule is valid
 Time taken: 139.67 seconds
[runlim] sample:		139.89 time, 140.01 real, 2128 MB, 1.06 load
SAT

=> TOTAL COMPLETION TIME (Makespan / UB): 3300
Schedule is valid
 Time taken: 140.89 seconds
SAT

=> TOTAL COMPLETION TIME (Makespan / UB): 3299
Schedule is valid
 Time taken: 142.16 seconds
SAT

=> TOTAL COMPLETION TIME (Makespan / UB): 3298
Schedule is valid
 Time taken: 143.38 seconds
SAT

=> TOTAL COMPLETION TIME (Makespan / UB): 3297
Schedule is valid
 Time taken: 144.64 seconds
SAT

=> TOTAL COMPLETION TIME (Makespan / UB): 3296
Schedule is valid
 Time taken: 145.86 seconds
SAT

=> TOTAL COMPLETION TIME (Makespan / UB): 3295
Schedule is valid
 Time taken: 147.12 seconds
SAT

=> TOTAL COMPLETION TIME (Makespan / UB): 3294
Schedule is valid
 Time taken: 148.34 seconds
SAT

=> TOTAL COMPLETION TIME (Makespan / UB): 3293
Schedule is valid
 Time taken: 149.60 seconds
[runlim] sample:		149.88 time, 150.01 real, 2129 MB, 1.12 load
SAT

=> TOTAL COMPLETION TIME (Makespan / UB): 3292
Schedule is valid
 Time taken: 150.82 seconds
SAT

=> TOTAL COMPLETION TIME (Makespan / UB): 3291
Schedule is valid
 Time taken: 152.08 seconds
SAT

=> TOTAL COMPLETION TIME (Makespan / UB): 3290
Schedule is valid
 Time taken: 153.30 seconds
SAT

=> TOTAL COMPLETION TIME (Makespan / UB): 3289
Schedule is valid
 Time taken: 154.59 seconds
SAT

=> TOTAL COMPLETION TIME (Makespan / UB): 3288
Schedule is valid
 Time taken: 155.80 seconds
SAT

=> TOTAL COMPLETION TIME (Makespan / UB): 3287
Schedule is valid
 Time taken: 157.05 seconds
SAT

=> TOTAL COMPLETION TIME (Makespan / UB): 3286
Schedule is valid
 Time taken: 158.26 seconds
SAT

=> TOTAL COMPLETION TIME (Makespan / UB): 3285
Schedule is valid
 Time taken: 159.52 seconds
[runlim] sample:		159.87 time, 160.01 real, 2128 MB, 1.18 load
SAT

=> TOTAL COMPLETION TIME (Makespan / UB): 3284
Schedule is valid
 Time taken: 160.73 seconds
SAT

=> TOTAL COMPLETION TIME (Makespan / UB): 3283
Schedule is valid
 Time taken: 161.99 seconds
SAT

=> TOTAL COMPLETION TIME (Makespan / UB): 3282
Schedule is valid
 Time taken: 163.20 seconds
SAT

=> TOTAL COMPLETION TIME (Makespan / UB): 3281
Schedule is valid
 Time taken: 164.46 seconds
SAT

=> TOTAL COMPLETION TIME (Makespan / UB): 3280
Schedule is valid
 Time taken: 165.69 seconds
SAT

=> TOTAL COMPLETION TIME (Makespan / UB): 3279
Schedule is valid
 Time taken: 166.95 seconds
SAT

=> TOTAL COMPLETION TIME (Makespan / UB): 3278
Schedule is valid
 Time taken: 168.21 seconds
SAT

=> TOTAL COMPLETION TIME (Makespan / UB): 3277
Schedule is valid
 Time taken: 169.46 seconds
[runlim] sample:		169.87 time, 170.01 real, 2128 MB, 1.15 load
SAT

=> TOTAL COMPLETION TIME (Makespan / UB): 3276
Schedule is valid
 Time taken: 170.72 seconds
SAT

=> TOTAL COMPLETION TIME (Makespan / UB): 3275
Schedule is valid
 Time taken: 171.97 seconds
SAT

=> TOTAL COMPLETION TIME (Makespan / UB): 3274
Schedule is valid
 Time taken: 173.23 seconds
SAT

=> TOTAL COMPLETION TIME (Makespan / UB): 3273
Schedule is valid
 Time taken: 174.47 seconds
SAT

=> TOTAL COMPLETION TIME (Makespan / UB): 3272
Schedule is valid
 Time taken: 175.73 seconds
SAT

=> TOTAL COMPLETION TIME (Makespan / UB): 3271
Schedule is valid
 Time taken: 176.98 seconds
SAT

=> TOTAL COMPLETION TIME (Makespan / UB): 3270
Schedule is valid
 Time taken: 178.15 seconds
SAT

=> TOTAL COMPLETION TIME (Makespan / UB): 3269
Schedule is valid
 Time taken: 179.30 seconds
[runlim] sample:		179.86 time, 180.01 real, 2129 MB, 1.13 load
SAT

=> TOTAL COMPLETION TIME (Makespan / UB): 3268
Schedule is valid
 Time taken: 180.45 seconds
SAT

=> TOTAL COMPLETION TIME (Makespan / UB): 3267
Schedule is valid
 Time taken: 181.60 seconds
SAT

=> TOTAL COMPLETION TIME (Makespan / UB): 3266
Schedule is valid
 Time taken: 182.74 seconds
SAT

=> TOTAL COMPLETION TIME (Makespan / UB): 3265
Schedule is valid
 Time taken: 183.90 seconds
SAT

=> TOTAL COMPLETION TIME (Makespan / UB): 3264
Schedule is valid
 Time taken: 185.06 seconds
SAT

=> TOTAL COMPLETION TIME (Makespan / UB): 3263
Schedule is valid
 Time taken: 186.21 seconds
SAT

=> TOTAL COMPLETION TIME (Makespan / UB): 3262
Schedule is valid
 Time taken: 187.35 seconds
SAT

=> TOTAL COMPLETION TIME (Makespan / UB): 3261
Schedule is valid
 Time taken: 188.50 seconds
SAT

=> TOTAL COMPLETION TIME (Makespan / UB): 3260
Schedule is valid
 Time taken: 189.65 seconds
[runlim] sample:		189.86 time, 190.01 real, 2129 MB, 1.18 load
SAT

=> TOTAL COMPLETION TIME (Makespan / UB): 3259
Schedule is valid
 Time taken: 190.79 seconds
SAT

=> TOTAL COMPLETION TIME (Makespan / UB): 3258
Schedule is valid
 Time taken: 191.94 seconds
SAT

=> TOTAL COMPLETION TIME (Makespan / UB): 3257
Schedule is valid
 Time taken: 192.26 seconds
SAT

=> TOTAL COMPLETION TIME (Makespan / UB): 3256
Schedule is valid
 Time taken: 192.57 seconds
SAT

=> TOTAL COMPLETION TIME (Makespan / UB): 3255
Schedule is valid
 Time taken: 192.89 seconds
SAT

=> TOTAL COMPLETION TIME (Makespan / UB): 3254
Schedule is valid
 Time taken: 193.20 seconds
SAT

=> TOTAL COMPLETION TIME (Makespan / UB): 3253
Schedule is valid
 Time taken: 193.53 seconds
SAT

=> TOTAL COMPLETION TIME (Makespan / UB): 3252
Schedule is valid
 Time taken: 193.87 seconds
SAT

=> TOTAL COMPLETION TIME (Makespan / UB): 3251
Schedule is valid
 Time taken: 194.19 seconds
SAT

=> TOTAL COMPLETION TIME (Makespan / UB): 3250
Schedule is valid
 Time taken: 194.50 seconds
SAT

=> TOTAL COMPLETION TIME (Makespan / UB): 3249
Schedule is valid
 Time taken: 194.81 seconds
SAT

=> TOTAL COMPLETION TIME (Makespan / UB): 3248
Schedule is valid
 Time taken: 196.01 seconds
SAT

=> TOTAL COMPLETION TIME (Makespan / UB): 3247
Schedule is valid
 Time taken: 196.33 seconds
SAT

=> TOTAL COMPLETION TIME (Makespan / UB): 3246
Schedule is valid
 Time taken: 197.50 seconds
SAT

=> TOTAL COMPLETION TIME (Makespan / UB): 3245
Schedule is valid
 Time taken: 197.81 seconds
SAT

=> TOTAL COMPLETION TIME (Makespan / UB): 3244
Schedule is valid
 Time taken: 198.97 seconds
SAT

=> TOTAL COMPLETION TIME (Makespan / UB): 3243
Schedule is valid
 Time taken: 199.29 seconds
[runlim] sample:		199.84 time, 200.01 real, 2141 MB, 1.15 load
SAT

=> TOTAL COMPLETION TIME (Makespan / UB): 3242
Schedule is valid
 Time taken: 200.45 seconds
SAT

=> TOTAL COMPLETION TIME (Makespan / UB): 3241
Schedule is valid
 Time taken: 200.76 seconds
SAT

=> TOTAL COMPLETION TIME (Makespan / UB): 3240
Schedule is valid
 Time taken: 201.92 seconds
SAT

=> TOTAL COMPLETION TIME (Makespan / UB): 3239
Schedule is valid
 Time taken: 202.24 seconds
SAT

=> TOTAL COMPLETION TIME (Makespan / UB): 3238
Schedule is valid
 Time taken: 203.39 seconds
SAT

=> TOTAL COMPLETION TIME (Makespan / UB): 3237
Schedule is valid
 Time taken: 203.71 seconds
SAT

=> TOTAL COMPLETION TIME (Makespan / UB): 3236
Schedule is valid
 Time taken: 204.87 seconds
SAT

=> TOTAL COMPLETION TIME (Makespan / UB): 3235
Schedule is valid
 Time taken: 205.19 seconds
SAT

=> TOTAL COMPLETION TIME (Makespan / UB): 3234
Schedule is valid
 Time taken: 206.34 seconds
SAT

=> TOTAL COMPLETION TIME (Makespan / UB): 3233
Schedule is valid
 Time taken: 206.66 seconds
SAT

=> TOTAL COMPLETION TIME (Makespan / UB): 3232
Schedule is valid
 Time taken: 207.82 seconds
SAT

=> TOTAL COMPLETION TIME (Makespan / UB): 3231
Schedule is valid
 Time taken: 208.14 seconds
SAT

=> TOTAL COMPLETION TIME (Makespan / UB): 3230
Schedule is valid
 Time taken: 209.29 seconds
SAT

=> TOTAL COMPLETION TIME (Makespan / UB): 3229
Schedule is valid
 Time taken: 209.61 seconds
[runlim] sample:		209.83 time, 210.01 real, 2128 MB, 1.13 load
SAT

=> TOTAL COMPLETION TIME (Makespan / UB): 3228
Schedule is valid
 Time taken: 210.78 seconds
SAT

=> TOTAL COMPLETION TIME (Makespan / UB): 3227
Schedule is valid
 Time taken: 211.10 seconds
SAT

=> TOTAL COMPLETION TIME (Makespan / UB): 3226
Schedule is valid
 Time taken: 212.26 seconds
SAT

=> TOTAL COMPLETION TIME (Makespan / UB): 3225
Schedule is valid
 Time taken: 212.58 seconds
SAT

=> TOTAL COMPLETION TIME (Makespan / UB): 3224
Schedule is valid
 Time taken: 213.74 seconds
SAT

=> TOTAL COMPLETION TIME (Makespan / UB): 3223
Schedule is valid
 Time taken: 214.06 seconds
SAT

=> TOTAL COMPLETION TIME (Makespan / UB): 3222
Schedule is valid
 Time taken: 215.22 seconds
SAT

=> TOTAL COMPLETION TIME (Makespan / UB): 3221
Schedule is valid
 Time taken: 215.53 seconds
SAT

=> TOTAL COMPLETION TIME (Makespan / UB): 3220
Schedule is valid
 Time taken: 216.70 seconds
SAT

=> TOTAL COMPLETION TIME (Makespan / UB): 3219
Schedule is valid
 Time taken: 217.01 seconds
SAT

=> TOTAL COMPLETION TIME (Makespan / UB): 3218
Schedule is valid
 Time taken: 218.17 seconds
SAT

=> TOTAL COMPLETION TIME (Makespan / UB): 3217
Schedule is valid
 Time taken: 218.49 seconds
SAT

=> TOTAL COMPLETION TIME (Makespan / UB): 3216
Schedule is valid
 Time taken: 219.66 seconds
SAT

=> TOTAL COMPLETION TIME (Makespan / UB): 3215
Schedule is valid
 Time taken: 219.97 seconds
[runlim] sample:		219.82 time, 220.01 real, 2129 MB, 1.19 load
SAT

=> TOTAL COMPLETION TIME (Makespan / UB): 3214
Schedule is valid
 Time taken: 221.13 seconds
SAT

=> TOTAL COMPLETION TIME (Makespan / UB): 3213
Schedule is valid
 Time taken: 221.45 seconds
SAT

=> TOTAL COMPLETION TIME (Makespan / UB): 3212
Schedule is valid
 Time taken: 222.61 seconds
SAT

=> TOTAL COMPLETION TIME (Makespan / UB): 3211
Schedule is valid
 Time taken: 222.93 seconds
SAT

=> TOTAL COMPLETION TIME (Makespan / UB): 3210
Schedule is valid
 Time taken: 224.09 seconds
SAT

=> TOTAL COMPLETION TIME (Makespan / UB): 3209
Schedule is valid
 Time taken: 224.40 seconds
SAT

=> TOTAL COMPLETION TIME (Makespan / UB): 3208
Schedule is valid
 Time taken: 225.56 seconds
SAT

=> TOTAL COMPLETION TIME (Makespan / UB): 3207
Schedule is valid
 Time taken: 225.87 seconds
SAT

=> TOTAL COMPLETION TIME (Makespan / UB): 3206
Schedule is valid
 Time taken: 227.03 seconds
SAT

=> TOTAL COMPLETION TIME (Makespan / UB): 3205
Schedule is valid
 Time taken: 227.34 seconds
SAT

=> TOTAL COMPLETION TIME (Makespan / UB): 3204
Schedule is valid
 Time taken: 228.51 seconds
SAT

=> TOTAL COMPLETION TIME (Makespan / UB): 3203
Schedule is valid
 Time taken: 228.83 seconds
SAT

=> TOTAL COMPLETION TIME (Makespan / UB): 3202
[runlim] sample:		229.81 time, 230.01 real, 2185 MB, 1.16 load
Schedule is valid
 Time taken: 229.99 seconds
SAT

=> TOTAL COMPLETION TIME (Makespan / UB): 3201
Schedule is valid
 Time taken: 230.31 seconds
SAT

=> TOTAL COMPLETION TIME (Makespan / UB): 3200
Schedule is valid
 Time taken: 231.48 seconds
SAT

=> TOTAL COMPLETION TIME (Makespan / UB): 3199
Schedule is valid
 Time taken: 231.78 seconds
SAT

=> TOTAL COMPLETION TIME (Makespan / UB): 3198
Schedule is valid
 Time taken: 232.91 seconds
SAT

=> TOTAL COMPLETION TIME (Makespan / UB): 3197
Schedule is valid
 Time taken: 233.21 seconds
SAT

=> TOTAL COMPLETION TIME (Makespan / UB): 3196
Schedule is valid
 Time taken: 234.34 seconds
SAT

=> TOTAL COMPLETION TIME (Makespan / UB): 3195
Schedule is valid
 Time taken: 234.65 seconds
SAT

=> TOTAL COMPLETION TIME (Makespan / UB): 3194
Schedule is valid
 Time taken: 235.77 seconds
SAT

=> TOTAL COMPLETION TIME (Makespan / UB): 3193
Schedule is valid
 Time taken: 236.08 seconds
SAT

=> TOTAL COMPLETION TIME (Makespan / UB): 3192
Schedule is valid
 Time taken: 237.20 seconds
SAT

=> TOTAL COMPLETION TIME (Makespan / UB): 3191
Schedule is valid
 Time taken: 237.50 seconds
SAT

=> TOTAL COMPLETION TIME (Makespan / UB): 3190
Schedule is valid
 Time taken: 238.63 seconds
SAT

=> TOTAL COMPLETION TIME (Makespan / UB): 3189
Schedule is valid
 Time taken: 238.93 seconds
SAT
[runlim] sample:		239.80 time, 240.01 real, 2132 MB, 1.21 load

=> TOTAL COMPLETION TIME (Makespan / UB): 3188
Schedule is valid
 Time taken: 240.05 seconds
SAT

=> TOTAL COMPLETION TIME (Makespan / UB): 3187
Schedule is valid
 Time taken: 240.36 seconds
SAT

=> TOTAL COMPLETION TIME (Makespan / UB): 3186
Schedule is valid
 Time taken: 241.48 seconds
SAT

=> TOTAL COMPLETION TIME (Makespan / UB): 3185
Schedule is valid
 Time taken: 241.79 seconds
SAT

=> TOTAL COMPLETION TIME (Makespan / UB): 3184
Schedule is valid
 Time taken: 242.91 seconds
SAT

=> TOTAL COMPLETION TIME (Makespan / UB): 3183
Schedule is valid
 Time taken: 243.22 seconds
SAT

=> TOTAL COMPLETION TIME (Makespan / UB): 3182
Schedule is valid
 Time taken: 244.44 seconds
SAT

=> TOTAL COMPLETION TIME (Makespan / UB): 3181
Schedule is valid
 Time taken: 244.79 seconds
SAT

=> TOTAL COMPLETION TIME (Makespan / UB): 3180
Schedule is valid
 Time taken: 245.98 seconds
SAT

=> TOTAL COMPLETION TIME (Makespan / UB): 3179
Schedule is valid
 Time taken: 246.28 seconds
SAT

=> TOTAL COMPLETION TIME (Makespan / UB): 3178
Schedule is valid
 Time taken: 247.41 seconds
SAT

=> TOTAL COMPLETION TIME (Makespan / UB): 3177
Schedule is valid
 Time taken: 247.71 seconds
SAT

=> TOTAL COMPLETION TIME (Makespan / UB): 3176
Schedule is valid
 Time taken: 248.82 seconds
SAT

=> TOTAL COMPLETION TIME (Makespan / UB): 3175
Schedule is valid
 Time taken: 249.12 seconds
[runlim] sample:		249.80 time, 250.01 real, 2128 MB, 1.18 load
SAT

=> TOTAL COMPLETION TIME (Makespan / UB): 3174
Schedule is valid
 Time taken: 250.25 seconds
SAT

=> TOTAL COMPLETION TIME (Makespan / UB): 3173
Schedule is valid
 Time taken: 250.55 seconds
SAT

=> TOTAL COMPLETION TIME (Makespan / UB): 3172
Schedule is valid
 Time taken: 251.67 seconds
SAT

=> TOTAL COMPLETION TIME (Makespan / UB): 3171
Schedule is valid
 Time taken: 251.98 seconds
SAT

=> TOTAL COMPLETION TIME (Makespan / UB): 3170
Schedule is valid
 Time taken: 253.10 seconds
SAT

=> TOTAL COMPLETION TIME (Makespan / UB): 3169
Schedule is valid
 Time taken: 253.43 seconds
SAT

=> TOTAL COMPLETION TIME (Makespan / UB): 3168
Schedule is valid
 Time taken: 254.66 seconds
SAT

=> TOTAL COMPLETION TIME (Makespan / UB): 3167
Schedule is valid
 Time taken: 254.97 seconds
SAT

=> TOTAL COMPLETION TIME (Makespan / UB): 3166
Schedule is valid
 Time taken: 256.17 seconds
SAT

=> TOTAL COMPLETION TIME (Makespan / UB): 3165
Schedule is valid
 Time taken: 256.46 seconds
SAT

=> TOTAL COMPLETION TIME (Makespan / UB): 3164
Schedule is valid
 Time taken: 257.68 seconds
SAT

=> TOTAL COMPLETION TIME (Makespan / UB): 3163
Schedule is valid
 Time taken: 257.98 seconds
SAT

=> TOTAL COMPLETION TIME (Makespan / UB): 3162
Schedule is valid
 Time taken: 259.13 seconds
SAT

=> TOTAL COMPLETION TIME (Makespan / UB): 3161
Schedule is valid
 Time taken: 259.42 seconds
[runlim] sample:		259.79 time, 260.01 real, 2130 MB, 1.31 load
SAT

=> TOTAL COMPLETION TIME (Makespan / UB): 3160
Schedule is valid
 Time taken: 260.55 seconds
SAT

=> TOTAL COMPLETION TIME (Makespan / UB): 3159
Schedule is valid
 Time taken: 260.84 seconds
SAT

=> TOTAL COMPLETION TIME (Makespan / UB): 3158
Schedule is valid
 Time taken: 261.95 seconds
SAT

=> TOTAL COMPLETION TIME (Makespan / UB): 3157
Schedule is valid
 Time taken: 262.24 seconds
SAT

=> TOTAL COMPLETION TIME (Makespan / UB): 3156
Schedule is valid
 Time taken: 263.35 seconds
SAT

=> TOTAL COMPLETION TIME (Makespan / UB): 3155
Schedule is valid
 Time taken: 263.65 seconds
SAT

=> TOTAL COMPLETION TIME (Makespan / UB): 3154
Schedule is valid
 Time taken: 264.76 seconds
SAT

=> TOTAL COMPLETION TIME (Makespan / UB): 3153
Schedule is valid
 Time taken: 265.05 seconds
SAT

=> TOTAL COMPLETION TIME (Makespan / UB): 3152
Schedule is valid
 Time taken: 266.16 seconds
SAT

=> TOTAL COMPLETION TIME (Makespan / UB): 3151
Schedule is valid
 Time taken: 266.45 seconds
SAT

=> TOTAL COMPLETION TIME (Makespan / UB): 3150
Schedule is valid
 Time taken: 267.56 seconds
SAT

=> TOTAL COMPLETION TIME (Makespan / UB): 3149
Schedule is valid
 Time taken: 267.85 seconds
SAT

=> TOTAL COMPLETION TIME (Makespan / UB): 3148
Schedule is valid
 Time taken: 269.02 seconds
SAT

=> TOTAL COMPLETION TIME (Makespan / UB): 3147
Schedule is valid
 Time taken: 269.32 seconds
[runlim] sample:		269.78 time, 270.01 real, 2129 MB, 1.26 load
SAT

=> TOTAL COMPLETION TIME (Makespan / UB): 3146
Schedule is valid
 Time taken: 270.46 seconds
SAT

=> TOTAL COMPLETION TIME (Makespan / UB): 3145
Schedule is valid
 Time taken: 270.75 seconds
SAT

=> TOTAL COMPLETION TIME (Makespan / UB): 3144
Schedule is valid
 Time taken: 271.87 seconds
SAT

=> TOTAL COMPLETION TIME (Makespan / UB): 3143
Schedule is valid
 Time taken: 272.16 seconds
SAT

=> TOTAL COMPLETION TIME (Makespan / UB): 3142
Schedule is valid
 Time taken: 273.28 seconds
SAT

=> TOTAL COMPLETION TIME (Makespan / UB): 3141
Schedule is valid
 Time taken: 273.57 seconds
SAT

=> TOTAL COMPLETION TIME (Makespan / UB): 3140
Schedule is valid
 Time taken: 274.68 seconds
SAT

=> TOTAL COMPLETION TIME (Makespan / UB): 3139
Schedule is valid
 Time taken: 274.97 seconds
SAT

=> TOTAL COMPLETION TIME (Makespan / UB): 3138
Schedule is valid
 Time taken: 276.09 seconds
SAT

=> TOTAL COMPLETION TIME (Makespan / UB): 3137
Schedule is valid
 Time taken: 276.38 seconds
SAT

=> TOTAL COMPLETION TIME (Makespan / UB): 3136
Schedule is valid
 Time taken: 277.50 seconds
SAT

=> TOTAL COMPLETION TIME (Makespan / UB): 3135
Schedule is valid
 Time taken: 277.79 seconds
SAT

=> TOTAL COMPLETION TIME (Makespan / UB): 3134
Schedule is valid
 Time taken: 278.90 seconds
SAT

=> TOTAL COMPLETION TIME (Makespan / UB): 3133
Schedule is valid
 Time taken: 279.19 seconds
[runlim] sample:		279.76 time, 280.01 real, 2129 MB, 1.22 load
SAT

=> TOTAL COMPLETION TIME (Makespan / UB): 3132
Schedule is valid
 Time taken: 280.30 seconds
SAT

=> TOTAL COMPLETION TIME (Makespan / UB): 3131
Schedule is valid
 Time taken: 280.59 seconds
SAT

=> TOTAL COMPLETION TIME (Makespan / UB): 3130
Schedule is valid
 Time taken: 281.70 seconds
SAT

=> TOTAL COMPLETION TIME (Makespan / UB): 3129
Schedule is valid
 Time taken: 281.99 seconds
SAT

=> TOTAL COMPLETION TIME (Makespan / UB): 3128
Schedule is valid
 Time taken: 283.10 seconds
SAT

=> TOTAL COMPLETION TIME (Makespan / UB): 3127
Schedule is valid
 Time taken: 283.39 seconds
SAT

=> TOTAL COMPLETION TIME (Makespan / UB): 3126
Schedule is valid
 Time taken: 284.51 seconds
SAT

=> TOTAL COMPLETION TIME (Makespan / UB): 3125
Schedule is valid
 Time taken: 284.80 seconds
SAT

=> TOTAL COMPLETION TIME (Makespan / UB): 3124
Schedule is valid
 Time taken: 285.90 seconds
SAT

=> TOTAL COMPLETION TIME (Makespan / UB): 3123
Schedule is valid
 Time taken: 286.20 seconds
SAT

=> TOTAL COMPLETION TIME (Makespan / UB): 3122
Schedule is valid
 Time taken: 287.31 seconds
SAT

=> TOTAL COMPLETION TIME (Makespan / UB): 3121
Schedule is valid
 Time taken: 287.60 seconds
SAT

=> TOTAL COMPLETION TIME (Makespan / UB): 3120
Schedule is valid
 Time taken: 288.71 seconds
SAT

=> TOTAL COMPLETION TIME (Makespan / UB): 3119
Schedule is valid
 Time taken: 289.00 seconds
[runlim] sample:		289.75 time, 290.01 real, 2130 MB, 1.19 load
SAT

=> TOTAL COMPLETION TIME (Makespan / UB): 3118
Schedule is valid
 Time taken: 290.11 seconds
SAT

=> TOTAL COMPLETION TIME (Makespan / UB): 3117
Schedule is valid
 Time taken: 290.40 seconds
SAT

=> TOTAL COMPLETION TIME (Makespan / UB): 3116
Schedule is valid
 Time taken: 291.51 seconds
SAT

=> TOTAL COMPLETION TIME (Makespan / UB): 3115
Schedule is valid
 Time taken: 291.94 seconds
SAT

=> TOTAL COMPLETION TIME (Makespan / UB): 3114
Schedule is valid
 Time taken: 293.10 seconds
SAT

=> TOTAL COMPLETION TIME (Makespan / UB): 3113
Schedule is valid
 Time taken: 293.49 seconds
SAT

=> TOTAL COMPLETION TIME (Makespan / UB): 3112
Schedule is valid
 Time taken: 294.63 seconds
SAT

=> TOTAL COMPLETION TIME (Makespan / UB): 3111
Schedule is valid
 Time taken: 295.02 seconds
SAT

=> TOTAL COMPLETION TIME (Makespan / UB): 3110
Schedule is valid
 Time taken: 296.16 seconds
SAT

=> TOTAL COMPLETION TIME (Makespan / UB): 3109
Schedule is valid
 Time taken: 296.55 seconds
SAT

=> TOTAL COMPLETION TIME (Makespan / UB): 3108
Schedule is valid
 Time taken: 297.68 seconds
SAT

=> TOTAL COMPLETION TIME (Makespan / UB): 3107
Schedule is valid
 Time taken: 298.06 seconds
SAT

=> TOTAL COMPLETION TIME (Makespan / UB): 3106
Schedule is valid
 Time taken: 299.19 seconds
SAT

=> TOTAL COMPLETION TIME (Makespan / UB): 3105
Schedule is valid
 Time taken: 299.57 seconds
[runlim] sample:		299.73 time, 300.01 real, 2129 MB, 1.16 load
SAT

=> TOTAL COMPLETION TIME (Makespan / UB): 3104
Schedule is valid
 Time taken: 300.70 seconds
SAT

=> TOTAL COMPLETION TIME (Makespan / UB): 3103
Schedule is valid
 Time taken: 301.09 seconds
SAT

=> TOTAL COMPLETION TIME (Makespan / UB): 3102
Schedule is valid
 Time taken: 302.22 seconds
SAT

=> TOTAL COMPLETION TIME (Makespan / UB): 3101
Schedule is valid
 Time taken: 302.60 seconds
SAT

=> TOTAL COMPLETION TIME (Makespan / UB): 3100
Schedule is valid
 Time taken: 303.74 seconds
SAT

=> TOTAL COMPLETION TIME (Makespan / UB): 3099
Schedule is valid
 Time taken: 304.12 seconds
SAT

=> TOTAL COMPLETION TIME (Makespan / UB): 3098
Schedule is valid
 Time taken: 305.25 seconds
SAT

=> TOTAL COMPLETION TIME (Makespan / UB): 3097
Schedule is valid
 Time taken: 305.63 seconds
SAT

=> TOTAL COMPLETION TIME (Makespan / UB): 3096
Schedule is valid
 Time taken: 306.77 seconds
SAT

=> TOTAL COMPLETION TIME (Makespan / UB): 3095
Schedule is valid
 Time taken: 307.15 seconds
SAT

=> TOTAL COMPLETION TIME (Makespan / UB): 3094
Schedule is valid
 Time taken: 308.28 seconds
SAT

=> TOTAL COMPLETION TIME (Makespan / UB): 3093
Schedule is valid
 Time taken: 308.65 seconds
SAT

=> TOTAL COMPLETION TIME (Makespan / UB): 3092
Schedule is valid
 Time taken: 309.75 seconds
[runlim] sample:		309.71 time, 310.01 real, 2130 MB, 1.13 load
SAT

=> TOTAL COMPLETION TIME (Makespan / UB): 3091
Schedule is valid
 Time taken: 310.13 seconds
SAT

=> TOTAL COMPLETION TIME (Makespan / UB): 3090
Schedule is valid
 Time taken: 311.24 seconds
SAT

=> TOTAL COMPLETION TIME (Makespan / UB): 3089
Schedule is valid
 Time taken: 311.61 seconds
SAT

=> TOTAL COMPLETION TIME (Makespan / UB): 3088
Schedule is valid
 Time taken: 312.72 seconds
SAT

=> TOTAL COMPLETION TIME (Makespan / UB): 3087
Schedule is valid
 Time taken: 313.09 seconds
SAT

=> TOTAL COMPLETION TIME (Makespan / UB): 3086
Schedule is valid
 Time taken: 314.20 seconds
SAT

=> TOTAL COMPLETION TIME (Makespan / UB): 3085
Schedule is valid
 Time taken: 314.58 seconds
SAT

=> TOTAL COMPLETION TIME (Makespan / UB): 3084
Schedule is valid
 Time taken: 315.70 seconds
SAT

=> TOTAL COMPLETION TIME (Makespan / UB): 3083
Schedule is valid
 Time taken: 316.07 seconds
SAT

=> TOTAL COMPLETION TIME (Makespan / UB): 3082
Schedule is valid
 Time taken: 319.21 seconds
SAT

=> TOTAL COMPLETION TIME (Makespan / UB): 3081
Schedule is valid
 Time taken: 319.74 seconds
[runlim] sample:		319.71 time, 320.01 real, 2073 MB, 1.19 load
SAT

=> TOTAL COMPLETION TIME (Makespan / UB): 3080
Schedule is valid
 Time taken: 320.83 seconds
SAT

=> TOTAL COMPLETION TIME (Makespan / UB): 3079
Schedule is valid
 Time taken: 321.19 seconds
SAT

=> TOTAL COMPLETION TIME (Makespan / UB): 3078
Schedule is valid
 Time taken: 323.90 seconds
SAT

=> TOTAL COMPLETION TIME (Makespan / UB): 3077
Schedule is valid
 Time taken: 324.29 seconds
SAT

=> TOTAL COMPLETION TIME (Makespan / UB): 3076
Schedule is valid
 Time taken: 325.25 seconds
SAT

=> TOTAL COMPLETION TIME (Makespan / UB): 3075
Schedule is valid
 Time taken: 325.60 seconds
SAT

=> TOTAL COMPLETION TIME (Makespan / UB): 3074
Schedule is valid
 Time taken: 326.52 seconds
SAT

=> TOTAL COMPLETION TIME (Makespan / UB): 3073
Schedule is valid
 Time taken: 326.87 seconds
SAT

=> TOTAL COMPLETION TIME (Makespan / UB): 3072
Schedule is valid
 Time taken: 327.79 seconds
SAT

=> TOTAL COMPLETION TIME (Makespan / UB): 3071
Schedule is valid
 Time taken: 328.14 seconds
SAT

=> TOTAL COMPLETION TIME (Makespan / UB): 3070
Schedule is valid
 Time taken: 329.07 seconds
SAT

=> TOTAL COMPLETION TIME (Makespan / UB): 3069
Schedule is valid
 Time taken: 329.42 seconds
[runlim] sample:		329.70 time, 330.01 real, 2116 MB, 1.16 load
SAT

=> TOTAL COMPLETION TIME (Makespan / UB): 3068
Schedule is valid
 Time taken: 330.35 seconds
SAT

=> TOTAL COMPLETION TIME (Makespan / UB): 3067
Schedule is valid
 Time taken: 330.70 seconds
SAT

=> TOTAL COMPLETION TIME (Makespan / UB): 3066
Schedule is valid
 Time taken: 331.65 seconds
SAT

=> TOTAL COMPLETION TIME (Makespan / UB): 3065
Schedule is valid
 Time taken: 332.00 seconds
SAT

=> TOTAL COMPLETION TIME (Makespan / UB): 3064
Schedule is valid
 Time taken: 332.96 seconds
[runlim] sample:		339.69 time, 340.01 real, 2041 MB, 1.13 load
[runlim] sample:		349.69 time, 350.01 real, 2044 MB, 1.11 load
[runlim] sample:		359.69 time, 360.01 real, 2045 MB, 1.09 load
SAT

=> TOTAL COMPLETION TIME (Makespan / UB): 3063
Schedule is valid
 Time taken: 363.72 seconds
[runlim] sample:		369.68 time, 370.01 real, 2044 MB, 1.08 load
[runlim] sample:		379.66 time, 380.01 real, 2104 MB, 1.07 load
[runlim] sample:		389.66 time, 390.01 real, 2047 MB, 1.06 load
[runlim] sample:		399.65 time, 400.01 real, 2042 MB, 1.05 load
SAT

=> TOTAL COMPLETION TIME (Makespan / UB): 3062
Schedule is valid
 Time taken: 401.68 seconds
[runlim] sample:		409.65 time, 410.01 real, 2043 MB, 1.04 load
SAT

=> TOTAL COMPLETION TIME (Makespan / UB): 3061
Schedule is valid
 Time taken: 412.33 seconds
SAT

=> TOTAL COMPLETION TIME (Makespan / UB): 3060
Schedule is valid
 Time taken: 413.45 seconds
[runlim] sample:		419.63 time, 420.01 real, 2042 MB, 1.11 load
SAT

=> TOTAL COMPLETION TIME (Makespan / UB): 3059
Schedule is valid
 Time taken: 420.93 seconds
SAT

=> TOTAL COMPLETION TIME (Makespan / UB): 3058
Schedule is valid
 Time taken: 422.13 seconds
[runlim] sample:		429.63 time, 430.01 real, 2101 MB, 1.18 load
SAT

=> TOTAL COMPLETION TIME (Makespan / UB): 3057
Schedule is valid
 Time taken: 439.19 seconds
[runlim] sample:		439.63 time, 440.01 real, 2011 MB, 1.22 load
SAT

=> TOTAL COMPLETION TIME (Makespan / UB): 3056
Schedule is valid
 Time taken: 440.43 seconds
SAT

=> TOTAL COMPLETION TIME (Makespan / UB): 3055
Schedule is valid
 Time taken: 441.70 seconds
SAT

=> TOTAL COMPLETION TIME (Makespan / UB): 3054
Schedule is valid
 Time taken: 443.41 seconds
SAT

=> TOTAL COMPLETION TIME (Makespan / UB): 3053
Schedule is valid
 Time taken: 444.68 seconds
SAT

=> TOTAL COMPLETION TIME (Makespan / UB): 3052
Schedule is valid
 Time taken: 445.76 seconds
SAT

=> TOTAL COMPLETION TIME (Makespan / UB): 3051
Schedule is valid
 Time taken: 446.89 seconds
SAT

=> TOTAL COMPLETION TIME (Makespan / UB): 3050
Schedule is valid
 Time taken: 447.93 seconds
SAT

=> TOTAL COMPLETION TIME (Makespan / UB): 3049
Schedule is valid
 Time taken: 449.04 seconds
SAT
[runlim] sample:		449.62 time, 450.01 real, 2026 MB, 1.19 load

=> TOTAL COMPLETION TIME (Makespan / UB): 3048
Schedule is valid
 Time taken: 450.05 seconds
SAT

=> TOTAL COMPLETION TIME (Makespan / UB): 3047
Schedule is valid
 Time taken: 451.15 seconds
SAT

=> TOTAL COMPLETION TIME (Makespan / UB): 3046
Schedule is valid
 Time taken: 452.17 seconds
SAT

=> TOTAL COMPLETION TIME (Makespan / UB): 3045
Schedule is valid
 Time taken: 453.27 seconds
SAT

=> TOTAL COMPLETION TIME (Makespan / UB): 3044
Schedule is valid
 Time taken: 454.29 seconds
SAT

=> TOTAL COMPLETION TIME (Makespan / UB): 3043
Schedule is valid
 Time taken: 455.39 seconds
SAT

=> TOTAL COMPLETION TIME (Makespan / UB): 3042
Schedule is valid
 Time taken: 456.41 seconds
SAT

=> TOTAL COMPLETION TIME (Makespan / UB): 3041
Schedule is valid
 Time taken: 457.51 seconds
SAT

=> TOTAL COMPLETION TIME (Makespan / UB): 3040
Schedule is valid
 Time taken: 458.52 seconds
SAT

=> TOTAL COMPLETION TIME (Makespan / UB): 3039
Schedule is valid
 Time taken: 459.62 seconds
[runlim] sample:		459.61 time, 460.01 real, 2012 MB, 1.16 load
SAT

=> TOTAL COMPLETION TIME (Makespan / UB): 3038
Schedule is valid
 Time taken: 460.64 seconds
SAT

=> TOTAL COMPLETION TIME (Makespan / UB): 3037
Schedule is valid
 Time taken: 461.75 seconds
SAT

=> TOTAL COMPLETION TIME (Makespan / UB): 3036
Schedule is valid
 Time taken: 462.76 seconds
SAT

=> TOTAL COMPLETION TIME (Makespan / UB): 3035
Schedule is valid
 Time taken: 463.86 seconds
SAT

=> TOTAL COMPLETION TIME (Makespan / UB): 3034
Schedule is valid
 Time taken: 464.88 seconds
SAT

=> TOTAL COMPLETION TIME (Makespan / UB): 3033
Schedule is valid
 Time taken: 465.98 seconds
SAT

=> TOTAL COMPLETION TIME (Makespan / UB): 3032
Schedule is valid
 Time taken: 466.99 seconds
SAT

=> TOTAL COMPLETION TIME (Makespan / UB): 3031
Schedule is valid
 Time taken: 468.10 seconds
SAT

=> TOTAL COMPLETION TIME (Makespan / UB): 3030
Schedule is valid
 Time taken: 469.11 seconds
[runlim] sample:		469.61 time, 470.01 real, 2013 MB, 1.13 load
SAT

=> TOTAL COMPLETION TIME (Makespan / UB): 3029
Schedule is valid
 Time taken: 470.22 seconds
SAT

=> TOTAL COMPLETION TIME (Makespan / UB): 3028
Schedule is valid
 Time taken: 471.23 seconds
SAT

=> TOTAL COMPLETION TIME (Makespan / UB): 3027
Schedule is valid
 Time taken: 472.33 seconds
SAT

=> TOTAL COMPLETION TIME (Makespan / UB): 3026
Schedule is valid
 Time taken: 473.35 seconds
SAT

=> TOTAL COMPLETION TIME (Makespan / UB): 3025
Schedule is valid
 Time taken: 474.45 seconds
SAT

=> TOTAL COMPLETION TIME (Makespan / UB): 3024
Schedule is valid
 Time taken: 475.47 seconds
[runlim] sample:		479.60 time, 480.01 real, 2013 MB, 1.11 load
SAT

=> TOTAL COMPLETION TIME (Makespan / UB): 3023
Schedule is valid
 Time taken: 482.16 seconds
SAT

=> TOTAL COMPLETION TIME (Makespan / UB): 3022
Schedule is valid
 Time taken: 483.40 seconds
[runlim] sample:		489.60 time, 490.01 real, 2004 MB, 1.10 load
SAT

=> TOTAL COMPLETION TIME (Makespan / UB): 3021
Schedule is valid
 Time taken: 492.86 seconds
SAT

=> TOTAL COMPLETION TIME (Makespan / UB): 3020
Schedule is valid
 Time taken: 494.02 seconds
SAT

=> TOTAL COMPLETION TIME (Makespan / UB): 3019
Schedule is valid
 Time taken: 495.08 seconds
SAT

=> TOTAL COMPLETION TIME (Makespan / UB): 3018
Schedule is valid
 Time taken: 496.02 seconds
SAT

=> TOTAL COMPLETION TIME (Makespan / UB): 3017
Schedule is valid
 Time taken: 497.00 seconds
SAT

=> TOTAL COMPLETION TIME (Makespan / UB): 3016
Schedule is valid
 Time taken: 497.92 seconds
SAT

=> TOTAL COMPLETION TIME (Makespan / UB): 3015
Schedule is valid
 Time taken: 498.90 seconds
SAT

=> TOTAL COMPLETION TIME (Makespan / UB): 3014
Schedule is valid
 Time taken: 499.82 seconds
[runlim] sample:		499.58 time, 500.01 real, 2004 MB, 1.16 load
SAT

=> TOTAL COMPLETION TIME (Makespan / UB): 3013
Schedule is valid
 Time taken: 500.80 seconds
SAT

=> TOTAL COMPLETION TIME (Makespan / UB): 3012
Schedule is valid
 Time taken: 501.71 seconds
SAT

=> TOTAL COMPLETION TIME (Makespan / UB): 3011
Schedule is valid
 Time taken: 502.69 seconds
SAT

=> TOTAL COMPLETION TIME (Makespan / UB): 3010
Schedule is valid
 Time taken: 503.62 seconds
SAT

=> TOTAL COMPLETION TIME (Makespan / UB): 3009
Schedule is valid
 Time taken: 504.62 seconds
SAT

=> TOTAL COMPLETION TIME (Makespan / UB): 3008
Schedule is valid
 Time taken: 505.57 seconds
SAT

=> TOTAL COMPLETION TIME (Makespan / UB): 3007
Schedule is valid
 Time taken: 506.55 seconds
SAT

=> TOTAL COMPLETION TIME (Makespan / UB): 3006
Schedule is valid
 Time taken: 507.48 seconds
SAT

=> TOTAL COMPLETION TIME (Makespan / UB): 3005
Schedule is valid
 Time taken: 508.46 seconds
SAT

=> TOTAL COMPLETION TIME (Makespan / UB): 3004
Schedule is valid
 Time taken: 509.38 seconds
[runlim] sample:		509.58 time, 510.01 real, 2004 MB, 1.14 load
SAT

=> TOTAL COMPLETION TIME (Makespan / UB): 3003
Schedule is valid
 Time taken: 510.37 seconds
SAT

=> TOTAL COMPLETION TIME (Makespan / UB): 3002
Schedule is valid
 Time taken: 511.29 seconds
SAT

=> TOTAL COMPLETION TIME (Makespan / UB): 3001
Schedule is valid
 Time taken: 512.28 seconds
SAT

=> TOTAL COMPLETION TIME (Makespan / UB): 3000
Schedule is valid
 Time taken: 513.20 seconds
SAT

=> TOTAL COMPLETION TIME (Makespan / UB): 2999
Schedule is valid
 Time taken: 514.18 seconds
SAT

=> TOTAL COMPLETION TIME (Makespan / UB): 2998
Schedule is valid
 Time taken: 515.10 seconds
SAT

=> TOTAL COMPLETION TIME (Makespan / UB): 2997
Schedule is valid
 Time taken: 516.09 seconds
SAT

=> TOTAL COMPLETION TIME (Makespan / UB): 2996
Schedule is valid
 Time taken: 517.01 seconds
SAT

=> TOTAL COMPLETION TIME (Makespan / UB): 2995
Schedule is valid
 Time taken: 517.33 seconds
SAT

=> TOTAL COMPLETION TIME (Makespan / UB): 2994
Schedule is valid
 Time taken: 517.64 seconds
SAT

=> TOTAL COMPLETION TIME (Makespan / UB): 2993
Schedule is valid
 Time taken: 517.95 seconds
SAT

=> TOTAL COMPLETION TIME (Makespan / UB): 2992
Schedule is valid
 Time taken: 518.25 seconds
SAT

=> TOTAL COMPLETION TIME (Makespan / UB): 2991
Schedule is valid
 Time taken: 518.56 seconds
SAT

=> TOTAL COMPLETION TIME (Makespan / UB): 2990
Schedule is valid
 Time taken: 518.86 seconds
SAT

=> TOTAL COMPLETION TIME (Makespan / UB): 2989
Schedule is valid
 Time taken: 519.17 seconds
SAT

=> TOTAL COMPLETION TIME (Makespan / UB): 2988
Schedule is valid
 Time taken: 519.47 seconds
SAT

=> TOTAL COMPLETION TIME (Makespan / UB): 2987
Schedule is valid
 Time taken: 519.78 seconds
[runlim] sample:		519.57 time, 520.01 real, 2003 MB, 1.11 load
SAT

=> TOTAL COMPLETION TIME (Makespan / UB): 2986
Schedule is valid
 Time taken: 520.08 seconds
SAT

=> TOTAL COMPLETION TIME (Makespan / UB): 2985
Schedule is valid
 Time taken: 520.39 seconds
SAT

=> TOTAL COMPLETION TIME (Makespan / UB): 2984
Schedule is valid
 Time taken: 525.54 seconds
[runlim] sample:		529.56 time, 530.01 real, 1994 MB, 1.10 load
SAT

=> TOTAL COMPLETION TIME (Makespan / UB): 2983
Schedule is valid
 Time taken: 530.19 seconds
SAT

=> TOTAL COMPLETION TIME (Makespan / UB): 2982
Schedule is valid
 Time taken: 530.59 seconds
SAT

=> TOTAL COMPLETION TIME (Makespan / UB): 2981
Schedule is valid
 Time taken: 530.91 seconds
SAT

=> TOTAL COMPLETION TIME (Makespan / UB): 2980
Schedule is valid
 Time taken: 531.22 seconds
[runlim] sample:		539.56 time, 540.01 real, 2081 MB, 1.08 load
[runlim] sample:		549.55 time, 550.01 real, 2022 MB, 1.07 load
SAT

=> TOTAL COMPLETION TIME (Makespan / UB): 2979
Schedule is valid
 Time taken: 551.99 seconds
SAT

=> TOTAL COMPLETION TIME (Makespan / UB): 2978
Schedule is valid
 Time taken: 553.39 seconds
SAT

=> TOTAL COMPLETION TIME (Makespan / UB): 2977
Schedule is valid
 Time taken: 554.62 seconds
[runlim] sample:		559.55 time, 560.01 real, 2021 MB, 1.06 load
SAT

=> TOTAL COMPLETION TIME (Makespan / UB): 2976
Schedule is valid
 Time taken: 565.68 seconds
SAT

=> TOTAL COMPLETION TIME (Makespan / UB): 2975
Schedule is valid
 Time taken: 566.87 seconds
SAT

=> TOTAL COMPLETION TIME (Makespan / UB): 2974
Schedule is valid
 Time taken: 567.95 seconds
SAT

=> TOTAL COMPLETION TIME (Makespan / UB): 2973
Schedule is valid
 Time taken: 568.97 seconds
SAT

=> TOTAL COMPLETION TIME (Makespan / UB): 2972
Schedule is valid
 Time taken: 569.98 seconds
[runlim] sample:		569.55 time, 570.01 real, 2022 MB, 1.05 load
SAT

=> TOTAL COMPLETION TIME (Makespan / UB): 2971
Schedule is valid
 Time taken: 570.98 seconds
SAT

=> TOTAL COMPLETION TIME (Makespan / UB): 2970
Schedule is valid
 Time taken: 571.98 seconds
SAT

=> TOTAL COMPLETION TIME (Makespan / UB): 2969
Schedule is valid
 Time taken: 572.98 seconds
[runlim] sample:		579.53 time, 580.01 real, 2022 MB, 1.20 load
SAT

=> TOTAL COMPLETION TIME (Makespan / UB): 2968
Schedule is valid
 Time taken: 580.11 seconds
SAT

=> TOTAL COMPLETION TIME (Makespan / UB): 2967
Schedule is valid
 Time taken: 582.17 seconds
[runlim] sample:		589.53 time, 590.01 real, 2018 MB, 1.17 load
SAT

=> TOTAL COMPLETION TIME (Makespan / UB): 2966
Schedule is valid
 Time taken: 591.50 seconds
SAT

=> TOTAL COMPLETION TIME (Makespan / UB): 2965
Schedule is valid
 Time taken: 592.73 seconds
[runlim] sample:		599.52 time, 600.01 real, 2343 MB, 1.14 load
[runlim] end:			Sat May  2 23:44:17 2026
[runlim] status:		out of time
[runlim] result:		2
[runlim] children:		1
[runlim] processes:		2
[runlim] real:			601.06 seconds
[runlim] time:			599.52 seconds
[runlim] space:			2711 MB
[runlim] load:			1.31 maximum
[runlim] samples:		6000
