[runlim] version:		2.0.0rc12
[runlim] host:			ap-Precision-7550
[runlim] time limit:		311040000 seconds
[runlim] real time limit:	600 seconds
[runlim] space limit:		15624 MB
[runlim] argv[0]:		python3
[runlim] argv[1]:		-u
[runlim] argv[2]:		main.py
[runlim] argv[3]:		datasets/dauzere/06a.txt
[runlim] start:			Sat May  2 23:54:18 2026
[runlim] child:			12761
Greedy Schedule UB: 2397
[runlim] sample:		10.00 time, 10.01 real, 958 MB, 1.00 load
[runlim] sample:		19.99 time, 20.01 real, 1701 MB, 1.00 load
[runlim] sample:		29.99 time, 30.01 real, 2433 MB, 1.00 load
Building constraints took 32.29 seconds.
[runlim] sample:		39.99 time, 40.01 real, 4007 MB, 1.00 load
[runlim] sample:		49.98 time, 50.01 real, 3977 MB, 1.00 load
[runlim] sample:		59.98 time, 60.01 real, 4268 MB, 1.00 load
[runlim] sample:		69.97 time, 70.01 real, 4180 MB, 1.00 load
[runlim] sample:		79.97 time, 80.01 real, 4052 MB, 1.00 load
[runlim] sample:		89.96 time, 90.01 real, 4935 MB, 1.00 load
[runlim] sample:		99.96 time, 100.01 real, 3929 MB, 1.00 load
[runlim] sample:		109.96 time, 110.01 real, 3932 MB, 1.00 load
[runlim] sample:		119.95 time, 120.01 real, 3932 MB, 1.00 load
[runlim] sample:		129.95 time, 130.01 real, 4209 MB, 1.00 load
[runlim] sample:		139.95 time, 140.01 real, 3933 MB, 1.07 load
[runlim] sample:		149.94 time, 150.01 real, 3935 MB, 1.06 load
[runlim] sample:		159.94 time, 160.01 real, 3936 MB, 1.05 load
[runlim] sample:		169.94 time, 170.01 real, 3935 MB, 1.04 load
[runlim] sample:		179.93 time, 180.01 real, 4521 MB, 1.04 load
[runlim] sample:		189.93 time, 190.01 real, 4212 MB, 1.03 load
[runlim] sample:		199.92 time, 200.01 real, 4083 MB, 1.02 load
[runlim] sample:		209.92 time, 210.01 real, 3936 MB, 1.02 load
[runlim] sample:		219.91 time, 220.01 real, 3936 MB, 1.02 load
[runlim] sample:		229.91 time, 230.01 real, 3936 MB, 1.01 load
[runlim] sample:		239.91 time, 240.01 real, 3936 MB, 1.01 load
[runlim] sample:		249.90 time, 250.01 real, 3936 MB, 1.01 load
[runlim] sample:		259.89 time, 260.01 real, 3936 MB, 1.01 load
[runlim] sample:		269.89 time, 270.01 real, 4315 MB, 1.01 load
[runlim] sample:		279.89 time, 280.01 real, 4214 MB, 1.00 load
[runlim] sample:		289.88 time, 290.01 real, 3955 MB, 1.16 load
[runlim] sample:		299.88 time, 300.01 real, 3937 MB, 1.14 load
[runlim] sample:		309.88 time, 310.01 real, 4925 MB, 1.12 load
SAT

=> TOTAL COMPLETION TIME (Makespan / UB): 2396
Schedule is valid
 Time taken: 317.94 seconds
[runlim] sample:		319.87 time, 320.01 real, 3942 MB, 1.25 load
[runlim] sample:		329.86 time, 330.01 real, 3941 MB, 1.21 load
[runlim] sample:		339.86 time, 340.01 real, 3941 MB, 1.18 load
[runlim] sample:		349.86 time, 350.01 real, 3941 MB, 1.15 load
[runlim] sample:		359.85 time, 360.01 real, 4321 MB, 1.13 load
[runlim] sample:		369.84 time, 370.01 real, 4129 MB, 1.11 load
[runlim] sample:		379.84 time, 380.01 real, 3944 MB, 1.09 load
[runlim] sample:		389.84 time, 390.01 real, 3944 MB, 1.08 load
[runlim] sample:		399.83 time, 400.01 real, 3944 MB, 1.06 load
[runlim] sample:		409.82 time, 410.01 real, 3949 MB, 1.05 load
[runlim] sample:		419.82 time, 420.01 real, 3949 MB, 1.05 load
[runlim] sample:		429.82 time, 430.01 real, 3949 MB, 1.04 load
[runlim] sample:		439.81 time, 440.01 real, 3943 MB, 1.03 load
[runlim] sample:		449.81 time, 450.01 real, 3943 MB, 1.03 load
[runlim] sample:		459.80 time, 460.01 real, 3943 MB, 1.02 load
[runlim] sample:		469.80 time, 470.01 real, 4128 MB, 1.02 load
[runlim] sample:		479.80 time, 480.01 real, 4128 MB, 1.02 load
[runlim] sample:		489.79 time, 490.01 real, 3943 MB, 1.01 load
[runlim] sample:		499.79 time, 500.01 real, 3943 MB, 1.01 load
[runlim] sample:		509.78 time, 510.01 real, 3943 MB, 1.01 load
[runlim] sample:		519.78 time, 520.01 real, 3943 MB, 1.01 load
[runlim] sample:		529.78 time, 530.01 real, 3943 MB, 1.00 load
[runlim] sample:		539.77 time, 540.01 real, 3945 MB, 1.00 load
SAT

=> TOTAL COMPLETION TIME (Makespan / UB): 2395
Schedule is valid
 Time taken: 548.79 seconds
[runlim] sample:		549.77 time, 550.01 real, 3952 MB, 1.00 load
[runlim] sample:		559.77 time, 560.01 real, 3952 MB, 1.00 load
[runlim] sample:		569.76 time, 570.01 real, 3947 MB, 1.00 load
[runlim] sample:		579.75 time, 580.01 real, 4326 MB, 1.00 load
[runlim] sample:		589.75 time, 590.01 real, 4132 MB, 1.00 load
[runlim] sample:		599.75 time, 600.01 real, 3948 MB, 1.00 load
[runlim] end:			Sun May  3 00:04:19 2026
[runlim] status:		out of time
[runlim] result:		2
[runlim] children:		1
[runlim] processes:		2
[runlim] real:			601.06 seconds
[runlim] time:			599.75 seconds
[runlim] space:			5168 MB
[runlim] load:			1.25 maximum
[runlim] samples:		6000
