[runlim] version:		2.0.0rc12
[runlim] host:			ap-Precision-7550
[runlim] time limit:		311040000 seconds
[runlim] real time limit:	600 seconds
[runlim] space limit:		15624 MB
[runlim] argv[0]:		python3
[runlim] argv[1]:		-u
[runlim] argv[2]:		main.py
[runlim] argv[3]:		datasets/dauzere/13a.txt
[runlim] start:			Sun May  3 01:04:26 2026
[runlim] child:			13118
Greedy Schedule UB: 3314
[runlim] sample:		9.97 time, 10.01 real, 1386 MB, 1.05 load
[runlim] sample:		19.96 time, 20.01 real, 2121 MB, 1.20 load
[runlim] sample:		29.96 time, 30.01 real, 2883 MB, 1.17 load
Building constraints took 38.29 seconds.
[runlim] sample:		39.96 time, 40.01 real, 3970 MB, 1.14 load
[runlim] sample:		49.96 time, 50.01 real, 5085 MB, 1.12 load
SAT

=> TOTAL COMPLETION TIME (Makespan / UB): 3313
Schedule is valid
 Time taken: 52.24 seconds
SAT

=> TOTAL COMPLETION TIME (Makespan / UB): 3312
Schedule is valid
 Time taken: 53.15 seconds
SAT

=> TOTAL COMPLETION TIME (Makespan / UB): 3311
Schedule is valid
 Time taken: 53.79 seconds
SAT

=> TOTAL COMPLETION TIME (Makespan / UB): 3310
Schedule is valid
 Time taken: 54.43 seconds
SAT

=> TOTAL COMPLETION TIME (Makespan / UB): 3309
Schedule is valid
 Time taken: 55.07 seconds
SAT

=> TOTAL COMPLETION TIME (Makespan / UB): 3308
Schedule is valid
 Time taken: 55.72 seconds
SAT

=> TOTAL COMPLETION TIME (Makespan / UB): 3307
Schedule is valid
 Time taken: 56.37 seconds
SAT

=> TOTAL COMPLETION TIME (Makespan / UB): 3306
Schedule is valid
 Time taken: 57.02 seconds
SAT

=> TOTAL COMPLETION TIME (Makespan / UB): 3305
Schedule is valid
 Time taken: 57.80 seconds
SAT

=> TOTAL COMPLETION TIME (Makespan / UB): 3304
Schedule is valid
 Time taken: 58.80 seconds
SAT

=> TOTAL COMPLETION TIME (Makespan / UB): 3303
Schedule is valid
 Time taken: 59.51 seconds
[runlim] sample:		59.95 time, 60.01 real, 5089 MB, 1.10 load
SAT

=> TOTAL COMPLETION TIME (Makespan / UB): 3302
Schedule is valid
 Time taken: 60.16 seconds
SAT

=> TOTAL COMPLETION TIME (Makespan / UB): 3301
Schedule is valid
 Time taken: 60.81 seconds
SAT

=> TOTAL COMPLETION TIME (Makespan / UB): 3300
Schedule is valid
 Time taken: 61.46 seconds
SAT

=> TOTAL COMPLETION TIME (Makespan / UB): 3299
Schedule is valid
 Time taken: 62.11 seconds
SAT

=> TOTAL COMPLETION TIME (Makespan / UB): 3298
Schedule is valid
 Time taken: 62.76 seconds
[runlim] sample:		69.94 time, 70.01 real, 5151 MB, 1.08 load
SAT

=> TOTAL COMPLETION TIME (Makespan / UB): 3297
Schedule is valid
 Time taken: 76.56 seconds
SAT

=> TOTAL COMPLETION TIME (Makespan / UB): 3296
Schedule is valid
 Time taken: 79.75 seconds
[runlim] sample:		79.94 time, 80.01 real, 5172 MB, 1.07 load
SAT

=> TOTAL COMPLETION TIME (Makespan / UB): 3295
Schedule is valid
 Time taken: 80.34 seconds
SAT

=> TOTAL COMPLETION TIME (Makespan / UB): 3294
Schedule is valid
 Time taken: 80.92 seconds
SAT

=> TOTAL COMPLETION TIME (Makespan / UB): 3293
Schedule is valid
 Time taken: 81.50 seconds
SAT

=> TOTAL COMPLETION TIME (Makespan / UB): 3292
Schedule is valid
 Time taken: 82.07 seconds
SAT

=> TOTAL COMPLETION TIME (Makespan / UB): 3291
Schedule is valid
 Time taken: 82.65 seconds
SAT

=> TOTAL COMPLETION TIME (Makespan / UB): 3290
Schedule is valid
 Time taken: 83.22 seconds
SAT

=> TOTAL COMPLETION TIME (Makespan / UB): 3289
Schedule is valid
 Time taken: 83.80 seconds
SAT

=> TOTAL COMPLETION TIME (Makespan / UB): 3288
Schedule is valid
 Time taken: 84.37 seconds
SAT

=> TOTAL COMPLETION TIME (Makespan / UB): 3287
Schedule is valid
 Time taken: 84.95 seconds
SAT

=> TOTAL COMPLETION TIME (Makespan / UB): 3286
Schedule is valid
 Time taken: 85.52 seconds
[runlim] sample:		89.92 time, 90.01 real, 6362 MB, 1.21 load
[runlim] sample:		99.92 time, 100.01 real, 5167 MB, 1.17 load
[runlim] sample:		109.92 time, 110.01 real, 5469 MB, 1.15 load
[runlim] sample:		119.91 time, 120.01 real, 5189 MB, 1.12 load
[runlim] sample:		129.91 time, 130.01 real, 5306 MB, 1.10 load
[runlim] sample:		139.91 time, 140.01 real, 5417 MB, 1.09 load
[runlim] sample:		149.90 time, 150.01 real, 5276 MB, 1.07 load
[runlim] sample:		159.90 time, 160.01 real, 5291 MB, 1.06 load
[runlim] sample:		169.90 time, 170.01 real, 5291 MB, 1.05 load
[runlim] sample:		179.89 time, 180.01 real, 5813 MB, 1.04 load
[runlim] sample:		189.89 time, 190.01 real, 5292 MB, 1.04 load
[runlim] sample:		199.88 time, 200.01 real, 5108 MB, 1.03 load
SAT

=> TOTAL COMPLETION TIME (Makespan / UB): 3285
Schedule is valid
 Time taken: 207.90 seconds
[runlim] sample:		209.88 time, 210.01 real, 5066 MB, 1.02 load
SAT

=> TOTAL COMPLETION TIME (Makespan / UB): 3284
Schedule is valid
 Time taken: 211.25 seconds
SAT

=> TOTAL COMPLETION TIME (Makespan / UB): 3283
Schedule is valid
 Time taken: 214.33 seconds
SAT

=> TOTAL COMPLETION TIME (Makespan / UB): 3282
Schedule is valid
 Time taken: 217.04 seconds
SAT

=> TOTAL COMPLETION TIME (Makespan / UB): 3281
Schedule is valid
 Time taken: 219.65 seconds
[runlim] sample:		219.88 time, 220.01 real, 5048 MB, 1.02 load
SAT

=> TOTAL COMPLETION TIME (Makespan / UB): 3280
Schedule is valid
 Time taken: 222.11 seconds
SAT

=> TOTAL COMPLETION TIME (Makespan / UB): 3279
Schedule is valid
 Time taken: 224.50 seconds
SAT

=> TOTAL COMPLETION TIME (Makespan / UB): 3278
Schedule is valid
 Time taken: 226.88 seconds
SAT

=> TOTAL COMPLETION TIME (Makespan / UB): 3277
Schedule is valid
 Time taken: 229.26 seconds
[runlim] sample:		229.86 time, 230.01 real, 5048 MB, 1.02 load
SAT

=> TOTAL COMPLETION TIME (Makespan / UB): 3276
Schedule is valid
 Time taken: 232.89 seconds
SAT

=> TOTAL COMPLETION TIME (Makespan / UB): 3275
Schedule is valid
 Time taken: 235.64 seconds
SAT

=> TOTAL COMPLETION TIME (Makespan / UB): 3274
Schedule is valid
 Time taken: 238.14 seconds
[runlim] sample:		239.86 time, 240.01 real, 5085 MB, 1.17 load
SAT

=> TOTAL COMPLETION TIME (Makespan / UB): 3273
Schedule is valid
 Time taken: 240.57 seconds
SAT

=> TOTAL COMPLETION TIME (Makespan / UB): 3272
Schedule is valid
 Time taken: 242.97 seconds
SAT

=> TOTAL COMPLETION TIME (Makespan / UB): 3271
Schedule is valid
 Time taken: 245.33 seconds
SAT

=> TOTAL COMPLETION TIME (Makespan / UB): 3270
Schedule is valid
 Time taken: 247.69 seconds
SAT
[runlim] sample:		249.86 time, 250.01 real, 5107 MB, 1.23 load

=> TOTAL COMPLETION TIME (Makespan / UB): 3269
Schedule is valid
 Time taken: 250.04 seconds
SAT

=> TOTAL COMPLETION TIME (Makespan / UB): 3268
Schedule is valid
 Time taken: 252.50 seconds
SAT

=> TOTAL COMPLETION TIME (Makespan / UB): 3267
Schedule is valid
 Time taken: 254.92 seconds
SAT

=> TOTAL COMPLETION TIME (Makespan / UB): 3266
Schedule is valid
 Time taken: 257.38 seconds
SAT

=> TOTAL COMPLETION TIME (Makespan / UB): 3265
Schedule is valid
 Time taken: 259.80 seconds
[runlim] sample:		259.84 time, 260.01 real, 5048 MB, 1.19 load
SAT

=> TOTAL COMPLETION TIME (Makespan / UB): 3264
Schedule is valid
 Time taken: 262.23 seconds
SAT

=> TOTAL COMPLETION TIME (Makespan / UB): 3263
Schedule is valid
 Time taken: 264.65 seconds
SAT

=> TOTAL COMPLETION TIME (Makespan / UB): 3262
Schedule is valid
 Time taken: 267.07 seconds
SAT

=> TOTAL COMPLETION TIME (Makespan / UB): 3261
Schedule is valid
 Time taken: 269.48 seconds
[runlim] sample:		269.84 time, 270.01 real, 5048 MB, 1.16 load
SAT

=> TOTAL COMPLETION TIME (Makespan / UB): 3260
Schedule is valid
 Time taken: 271.99 seconds
SAT

=> TOTAL COMPLETION TIME (Makespan / UB): 3259
Schedule is valid
 Time taken: 274.40 seconds
SAT

=> TOTAL COMPLETION TIME (Makespan / UB): 3258
Schedule is valid
 Time taken: 275.56 seconds
SAT

=> TOTAL COMPLETION TIME (Makespan / UB): 3257
Schedule is valid
 Time taken: 278.33 seconds
[runlim] sample:		279.83 time, 280.01 real, 5048 MB, 1.14 load
SAT

=> TOTAL COMPLETION TIME (Makespan / UB): 3256
Schedule is valid
 Time taken: 280.77 seconds
SAT

=> TOTAL COMPLETION TIME (Makespan / UB): 3255
Schedule is valid
 Time taken: 284.46 seconds
SAT

=> TOTAL COMPLETION TIME (Makespan / UB): 3254
Schedule is valid
 Time taken: 285.33 seconds
SAT

=> TOTAL COMPLETION TIME (Makespan / UB): 3253
Schedule is valid
 Time taken: 285.98 seconds
SAT

=> TOTAL COMPLETION TIME (Makespan / UB): 3252
Schedule is valid
 Time taken: 286.61 seconds
SAT

=> TOTAL COMPLETION TIME (Makespan / UB): 3251
Schedule is valid
 Time taken: 287.06 seconds
SAT

=> TOTAL COMPLETION TIME (Makespan / UB): 3250
Schedule is valid
 Time taken: 287.54 seconds
SAT

=> TOTAL COMPLETION TIME (Makespan / UB): 3249
Schedule is valid
 Time taken: 288.02 seconds
SAT

=> TOTAL COMPLETION TIME (Makespan / UB): 3248
Schedule is valid
 Time taken: 288.51 seconds
SAT

=> TOTAL COMPLETION TIME (Makespan / UB): 3247
Schedule is valid
 Time taken: 289.00 seconds
SAT

=> TOTAL COMPLETION TIME (Makespan / UB): 3246
Schedule is valid
 Time taken: 289.54 seconds
SAT
[runlim] sample:		289.82 time, 290.01 real, 5142 MB, 1.12 load

=> TOTAL COMPLETION TIME (Makespan / UB): 3245
Schedule is valid
 Time taken: 290.03 seconds
SAT

=> TOTAL COMPLETION TIME (Makespan / UB): 3244
Schedule is valid
 Time taken: 290.52 seconds
SAT

=> TOTAL COMPLETION TIME (Makespan / UB): 3243
Schedule is valid
 Time taken: 291.00 seconds
SAT

=> TOTAL COMPLETION TIME (Makespan / UB): 3242
Schedule is valid
 Time taken: 291.49 seconds
SAT

=> TOTAL COMPLETION TIME (Makespan / UB): 3241
Schedule is valid
 Time taken: 291.98 seconds
SAT

=> TOTAL COMPLETION TIME (Makespan / UB): 3240
Schedule is valid
 Time taken: 292.46 seconds
SAT

=> TOTAL COMPLETION TIME (Makespan / UB): 3239
Schedule is valid
 Time taken: 292.95 seconds
SAT

=> TOTAL COMPLETION TIME (Makespan / UB): 3238
Schedule is valid
 Time taken: 293.44 seconds
SAT

=> TOTAL COMPLETION TIME (Makespan / UB): 3237
Schedule is valid
 Time taken: 293.88 seconds
SAT

=> TOTAL COMPLETION TIME (Makespan / UB): 3236
Schedule is valid
 Time taken: 294.33 seconds
SAT

=> TOTAL COMPLETION TIME (Makespan / UB): 3235
Schedule is valid
 Time taken: 294.77 seconds
SAT

=> TOTAL COMPLETION TIME (Makespan / UB): 3234
Schedule is valid
 Time taken: 295.22 seconds
SAT

=> TOTAL COMPLETION TIME (Makespan / UB): 3233
Schedule is valid
 Time taken: 295.69 seconds
SAT

=> TOTAL COMPLETION TIME (Makespan / UB): 3232
Schedule is valid
 Time taken: 296.14 seconds
SAT

=> TOTAL COMPLETION TIME (Makespan / UB): 3231
Schedule is valid
 Time taken: 296.59 seconds
SAT

=> TOTAL COMPLETION TIME (Makespan / UB): 3230
Schedule is valid
 Time taken: 297.03 seconds
SAT

=> TOTAL COMPLETION TIME (Makespan / UB): 3229
Schedule is valid
 Time taken: 297.47 seconds
SAT

=> TOTAL COMPLETION TIME (Makespan / UB): 3228
Schedule is valid
 Time taken: 297.90 seconds
SAT

=> TOTAL COMPLETION TIME (Makespan / UB): 3227
Schedule is valid
 Time taken: 298.33 seconds
SAT

=> TOTAL COMPLETION TIME (Makespan / UB): 3226
Schedule is valid
 Time taken: 298.76 seconds
SAT

=> TOTAL COMPLETION TIME (Makespan / UB): 3225
Schedule is valid
 Time taken: 299.19 seconds
SAT

=> TOTAL COMPLETION TIME (Makespan / UB): 3224
Schedule is valid
 Time taken: 299.62 seconds
SAT
[runlim] sample:		299.81 time, 300.01 real, 5097 MB, 1.10 load

=> TOTAL COMPLETION TIME (Makespan / UB): 3223
Schedule is valid
 Time taken: 300.05 seconds
SAT

=> TOTAL COMPLETION TIME (Makespan / UB): 3222
Schedule is valid
 Time taken: 300.48 seconds
SAT

=> TOTAL COMPLETION TIME (Makespan / UB): 3221
Schedule is valid
 Time taken: 300.92 seconds
SAT

=> TOTAL COMPLETION TIME (Makespan / UB): 3220
Schedule is valid
 Time taken: 301.35 seconds
SAT

=> TOTAL COMPLETION TIME (Makespan / UB): 3219
Schedule is valid
 Time taken: 301.78 seconds
SAT

=> TOTAL COMPLETION TIME (Makespan / UB): 3218
Schedule is valid
 Time taken: 302.20 seconds
SAT

=> TOTAL COMPLETION TIME (Makespan / UB): 3217
Schedule is valid
 Time taken: 302.63 seconds
SAT

=> TOTAL COMPLETION TIME (Makespan / UB): 3216
Schedule is valid
 Time taken: 303.05 seconds
SAT

=> TOTAL COMPLETION TIME (Makespan / UB): 3215
Schedule is valid
 Time taken: 303.48 seconds
SAT

=> TOTAL COMPLETION TIME (Makespan / UB): 3214
Schedule is valid
 Time taken: 303.90 seconds
SAT

=> TOTAL COMPLETION TIME (Makespan / UB): 3213
Schedule is valid
 Time taken: 304.32 seconds
SAT

=> TOTAL COMPLETION TIME (Makespan / UB): 3212
Schedule is valid
 Time taken: 304.74 seconds
SAT

=> TOTAL COMPLETION TIME (Makespan / UB): 3211
Schedule is valid
 Time taken: 305.17 seconds
SAT

=> TOTAL COMPLETION TIME (Makespan / UB): 3210
Schedule is valid
 Time taken: 305.59 seconds
SAT

=> TOTAL COMPLETION TIME (Makespan / UB): 3209
Schedule is valid
 Time taken: 306.01 seconds
SAT

=> TOTAL COMPLETION TIME (Makespan / UB): 3208
Schedule is valid
 Time taken: 306.44 seconds
SAT

=> TOTAL COMPLETION TIME (Makespan / UB): 3207
Schedule is valid
 Time taken: 306.86 seconds
SAT

=> TOTAL COMPLETION TIME (Makespan / UB): 3206
Schedule is valid
 Time taken: 307.28 seconds
SAT

=> TOTAL COMPLETION TIME (Makespan / UB): 3205
Schedule is valid
 Time taken: 307.70 seconds
SAT

=> TOTAL COMPLETION TIME (Makespan / UB): 3204
Schedule is valid
 Time taken: 308.13 seconds
SAT

=> TOTAL COMPLETION TIME (Makespan / UB): 3203
Schedule is valid
 Time taken: 308.55 seconds
SAT

=> TOTAL COMPLETION TIME (Makespan / UB): 3202
Schedule is valid
 Time taken: 308.97 seconds
SAT

=> TOTAL COMPLETION TIME (Makespan / UB): 3201
Schedule is valid
 Time taken: 309.40 seconds
SAT

=> TOTAL COMPLETION TIME (Makespan / UB): 3200
Schedule is valid
 Time taken: 309.82 seconds
[runlim] sample:		309.79 time, 310.01 real, 5049 MB, 1.08 load
SAT

=> TOTAL COMPLETION TIME (Makespan / UB): 3199
Schedule is valid
 Time taken: 310.24 seconds
SAT

=> TOTAL COMPLETION TIME (Makespan / UB): 3198
Schedule is valid
 Time taken: 310.66 seconds
SAT

=> TOTAL COMPLETION TIME (Makespan / UB): 3197
Schedule is valid
 Time taken: 311.09 seconds
SAT

=> TOTAL COMPLETION TIME (Makespan / UB): 3196
Schedule is valid
 Time taken: 311.51 seconds
SAT

=> TOTAL COMPLETION TIME (Makespan / UB): 3195
Schedule is valid
 Time taken: 311.93 seconds
SAT

=> TOTAL COMPLETION TIME (Makespan / UB): 3194
Schedule is valid
 Time taken: 312.35 seconds
SAT

=> TOTAL COMPLETION TIME (Makespan / UB): 3193
Schedule is valid
 Time taken: 312.77 seconds
SAT

=> TOTAL COMPLETION TIME (Makespan / UB): 3192
Schedule is valid
 Time taken: 313.18 seconds
SAT

=> TOTAL COMPLETION TIME (Makespan / UB): 3191
Schedule is valid
 Time taken: 313.60 seconds
SAT

=> TOTAL COMPLETION TIME (Makespan / UB): 3190
Schedule is valid
 Time taken: 314.02 seconds
SAT

=> TOTAL COMPLETION TIME (Makespan / UB): 3189
Schedule is valid
 Time taken: 314.44 seconds
SAT

=> TOTAL COMPLETION TIME (Makespan / UB): 3188
Schedule is valid
 Time taken: 314.86 seconds
SAT

=> TOTAL COMPLETION TIME (Makespan / UB): 3187
Schedule is valid
 Time taken: 315.27 seconds
SAT

=> TOTAL COMPLETION TIME (Makespan / UB): 3186
Schedule is valid
 Time taken: 315.68 seconds
SAT

=> TOTAL COMPLETION TIME (Makespan / UB): 3185
Schedule is valid
 Time taken: 316.10 seconds
[runlim] sample:		319.79 time, 320.01 real, 6098 MB, 1.07 load
[runlim] sample:		329.78 time, 330.01 real, 4990 MB, 1.06 load
SAT

=> TOTAL COMPLETION TIME (Makespan / UB): 3184
Schedule is valid
 Time taken: 336.80 seconds
SAT

=> TOTAL COMPLETION TIME (Makespan / UB): 3183
Schedule is valid
 Time taken: 337.27 seconds
SAT

=> TOTAL COMPLETION TIME (Makespan / UB): 3182
Schedule is valid
 Time taken: 337.64 seconds
[runlim] sample:		339.78 time, 340.01 real, 4989 MB, 1.05 load
[runlim] sample:		349.78 time, 350.01 real, 4981 MB, 1.12 load
SAT

=> TOTAL COMPLETION TIME (Makespan / UB): 3181
Schedule is valid
 Time taken: 353.44 seconds
SAT

=> TOTAL COMPLETION TIME (Makespan / UB): 3180
Schedule is valid
 Time taken: 354.24 seconds
SAT

=> TOTAL COMPLETION TIME (Makespan / UB): 3179
Schedule is valid
 Time taken: 354.80 seconds
SAT

=> TOTAL COMPLETION TIME (Makespan / UB): 3178
Schedule is valid
 Time taken: 355.36 seconds
SAT

=> TOTAL COMPLETION TIME (Makespan / UB): 3177
Schedule is valid
 Time taken: 355.91 seconds
SAT

=> TOTAL COMPLETION TIME (Makespan / UB): 3176
Schedule is valid
 Time taken: 356.47 seconds
SAT

=> TOTAL COMPLETION TIME (Makespan / UB): 3175
Schedule is valid
 Time taken: 356.87 seconds
SAT

=> TOTAL COMPLETION TIME (Makespan / UB): 3174
Schedule is valid
 Time taken: 357.27 seconds
SAT

=> TOTAL COMPLETION TIME (Makespan / UB): 3173
Schedule is valid
 Time taken: 357.66 seconds
SAT

=> TOTAL COMPLETION TIME (Makespan / UB): 3172
Schedule is valid
 Time taken: 358.05 seconds
SAT

=> TOTAL COMPLETION TIME (Makespan / UB): 3171
Schedule is valid
 Time taken: 358.44 seconds
SAT

=> TOTAL COMPLETION TIME (Makespan / UB): 3170
Schedule is valid
 Time taken: 358.83 seconds
SAT

=> TOTAL COMPLETION TIME (Makespan / UB): 3169
Schedule is valid
 Time taken: 359.23 seconds
SAT

=> TOTAL COMPLETION TIME (Makespan / UB): 3168
Schedule is valid
 Time taken: 359.62 seconds
SAT
[runlim] sample:		359.76 time, 360.01 real, 5030 MB, 1.10 load

=> TOTAL COMPLETION TIME (Makespan / UB): 3167
Schedule is valid
 Time taken: 360.02 seconds
SAT

=> TOTAL COMPLETION TIME (Makespan / UB): 3166
Schedule is valid
 Time taken: 360.42 seconds
SAT

=> TOTAL COMPLETION TIME (Makespan / UB): 3165
Schedule is valid
 Time taken: 360.80 seconds
SAT

=> TOTAL COMPLETION TIME (Makespan / UB): 3164
Schedule is valid
 Time taken: 361.19 seconds
SAT

=> TOTAL COMPLETION TIME (Makespan / UB): 3163
Schedule is valid
 Time taken: 361.57 seconds
SAT

=> TOTAL COMPLETION TIME (Makespan / UB): 3162
Schedule is valid
 Time taken: 361.96 seconds
SAT

=> TOTAL COMPLETION TIME (Makespan / UB): 3161
Schedule is valid
 Time taken: 362.34 seconds
SAT

=> TOTAL COMPLETION TIME (Makespan / UB): 3160
Schedule is valid
 Time taken: 362.73 seconds
SAT

=> TOTAL COMPLETION TIME (Makespan / UB): 3159
Schedule is valid
 Time taken: 363.13 seconds
SAT

=> TOTAL COMPLETION TIME (Makespan / UB): 3158
Schedule is valid
 Time taken: 363.52 seconds
SAT

=> TOTAL COMPLETION TIME (Makespan / UB): 3157
Schedule is valid
 Time taken: 363.90 seconds
SAT

=> TOTAL COMPLETION TIME (Makespan / UB): 3156
Schedule is valid
 Time taken: 364.49 seconds
SAT

=> TOTAL COMPLETION TIME (Makespan / UB): 3155
Schedule is valid
 Time taken: 364.92 seconds
SAT

=> TOTAL COMPLETION TIME (Makespan / UB): 3154
Schedule is valid
 Time taken: 365.31 seconds
SAT

=> TOTAL COMPLETION TIME (Makespan / UB): 3153
Schedule is valid
 Time taken: 365.70 seconds
SAT

=> TOTAL COMPLETION TIME (Makespan / UB): 3152
Schedule is valid
 Time taken: 366.08 seconds
SAT

=> TOTAL COMPLETION TIME (Makespan / UB): 3151
Schedule is valid
 Time taken: 366.47 seconds
SAT

=> TOTAL COMPLETION TIME (Makespan / UB): 3150
Schedule is valid
 Time taken: 366.85 seconds
SAT

=> TOTAL COMPLETION TIME (Makespan / UB): 3149
Schedule is valid
 Time taken: 367.24 seconds
SAT

=> TOTAL COMPLETION TIME (Makespan / UB): 3148
Schedule is valid
 Time taken: 367.63 seconds
[runlim] sample:		369.75 time, 370.01 real, 4902 MB, 1.09 load
SAT

=> TOTAL COMPLETION TIME (Makespan / UB): 3147
Schedule is valid
 Time taken: 370.35 seconds
SAT

=> TOTAL COMPLETION TIME (Makespan / UB): 3146
Schedule is valid
 Time taken: 370.75 seconds
SAT

=> TOTAL COMPLETION TIME (Makespan / UB): 3145
Schedule is valid
 Time taken: 372.99 seconds
SAT

=> TOTAL COMPLETION TIME (Makespan / UB): 3144
Schedule is valid
 Time taken: 373.38 seconds
SAT

=> TOTAL COMPLETION TIME (Makespan / UB): 3143
Schedule is valid
 Time taken: 375.59 seconds
SAT

=> TOTAL COMPLETION TIME (Makespan / UB): 3142
Schedule is valid
 Time taken: 376.00 seconds
SAT

=> TOTAL COMPLETION TIME (Makespan / UB): 3141
Schedule is valid
 Time taken: 378.22 seconds
SAT

=> TOTAL COMPLETION TIME (Makespan / UB): 3140
Schedule is valid
 Time taken: 378.61 seconds
[runlim] sample:		379.73 time, 380.01 real, 4981 MB, 1.07 load
SAT

=> TOTAL COMPLETION TIME (Makespan / UB): 3139
Schedule is valid
 Time taken: 380.84 seconds
SAT

=> TOTAL COMPLETION TIME (Makespan / UB): 3138
Schedule is valid
 Time taken: 381.30 seconds
SAT

=> TOTAL COMPLETION TIME (Makespan / UB): 3137
Schedule is valid
 Time taken: 383.58 seconds
SAT

=> TOTAL COMPLETION TIME (Makespan / UB): 3136
Schedule is valid
 Time taken: 384.01 seconds
SAT

=> TOTAL COMPLETION TIME (Makespan / UB): 3135
Schedule is valid
 Time taken: 386.28 seconds
SAT

=> TOTAL COMPLETION TIME (Makespan / UB): 3134
Schedule is valid
 Time taken: 386.73 seconds
SAT

=> TOTAL COMPLETION TIME (Makespan / UB): 3133
Schedule is valid
 Time taken: 389.01 seconds
SAT

=> TOTAL COMPLETION TIME (Makespan / UB): 3132
Schedule is valid
 Time taken: 389.43 seconds
[runlim] sample:		389.73 time, 390.01 real, 4981 MB, 1.06 load
SAT

=> TOTAL COMPLETION TIME (Makespan / UB): 3131
Schedule is valid
 Time taken: 391.69 seconds
SAT

=> TOTAL COMPLETION TIME (Makespan / UB): 3130
Schedule is valid
 Time taken: 392.12 seconds
SAT

=> TOTAL COMPLETION TIME (Makespan / UB): 3129
Schedule is valid
 Time taken: 394.38 seconds
SAT

=> TOTAL COMPLETION TIME (Makespan / UB): 3128
Schedule is valid
 Time taken: 394.79 seconds
SAT

=> TOTAL COMPLETION TIME (Makespan / UB): 3127
Schedule is valid
 Time taken: 397.05 seconds
SAT

=> TOTAL COMPLETION TIME (Makespan / UB): 3126
Schedule is valid
 Time taken: 397.47 seconds
SAT

=> TOTAL COMPLETION TIME (Makespan / UB): 3125
Schedule is valid
 Time taken: 399.74 seconds
[runlim] sample:		399.73 time, 400.01 real, 4981 MB, 1.05 load
SAT

=> TOTAL COMPLETION TIME (Makespan / UB): 3124
Schedule is valid
 Time taken: 400.15 seconds
SAT

=> TOTAL COMPLETION TIME (Makespan / UB): 3123
Schedule is valid
 Time taken: 402.41 seconds
SAT

=> TOTAL COMPLETION TIME (Makespan / UB): 3122
Schedule is valid
 Time taken: 402.84 seconds
SAT

=> TOTAL COMPLETION TIME (Makespan / UB): 3121
Schedule is valid
 Time taken: 405.10 seconds
SAT

=> TOTAL COMPLETION TIME (Makespan / UB): 3120
Schedule is valid
 Time taken: 405.50 seconds
SAT

=> TOTAL COMPLETION TIME (Makespan / UB): 3119
Schedule is valid
 Time taken: 407.75 seconds
SAT

=> TOTAL COMPLETION TIME (Makespan / UB): 3118
Schedule is valid
 Time taken: 408.18 seconds
[runlim] sample:		409.72 time, 410.01 real, 4981 MB, 1.04 load
SAT

=> TOTAL COMPLETION TIME (Makespan / UB): 3117
Schedule is valid
 Time taken: 410.45 seconds
SAT

=> TOTAL COMPLETION TIME (Makespan / UB): 3116
Schedule is valid
 Time taken: 410.86 seconds
SAT

=> TOTAL COMPLETION TIME (Makespan / UB): 3115
Schedule is valid
 Time taken: 413.11 seconds
SAT

=> TOTAL COMPLETION TIME (Makespan / UB): 3114
Schedule is valid
 Time taken: 413.54 seconds
SAT

=> TOTAL COMPLETION TIME (Makespan / UB): 3113
Schedule is valid
 Time taken: 415.80 seconds
SAT

=> TOTAL COMPLETION TIME (Makespan / UB): 3112
Schedule is valid
 Time taken: 416.21 seconds
SAT

=> TOTAL COMPLETION TIME (Makespan / UB): 3111
Schedule is valid
 Time taken: 418.55 seconds
SAT

=> TOTAL COMPLETION TIME (Makespan / UB): 3110
Schedule is valid
 Time taken: 419.07 seconds
[runlim] sample:		419.71 time, 420.01 real, 4902 MB, 1.04 load
[runlim] sample:		429.71 time, 430.01 real, 5257 MB, 1.10 load
[runlim] sample:		439.70 time, 440.01 real, 5257 MB, 1.09 load
[runlim] sample:		449.70 time, 450.01 real, 4981 MB, 1.07 load
[runlim] sample:		459.69 time, 460.01 real, 4982 MB, 1.06 load
SAT

=> TOTAL COMPLETION TIME (Makespan / UB): 3109
Schedule is valid
 Time taken: 467.77 seconds
[runlim] sample:		469.69 time, 470.01 real, 4846 MB, 1.05 load
SAT

=> TOTAL COMPLETION TIME (Makespan / UB): 3108
Schedule is valid
 Time taken: 471.59 seconds
[runlim] sample:		479.69 time, 480.01 real, 4927 MB, 1.04 load
SAT

=> TOTAL COMPLETION TIME (Makespan / UB): 3107
Schedule is valid
 Time taken: 482.16 seconds
SAT

=> TOTAL COMPLETION TIME (Makespan / UB): 3106
Schedule is valid
 Time taken: 485.17 seconds
SAT

=> TOTAL COMPLETION TIME (Makespan / UB): 3105
Schedule is valid
 Time taken: 488.16 seconds
[runlim] sample:		489.68 time, 490.01 real, 4983 MB, 1.04 load
SAT

=> TOTAL COMPLETION TIME (Makespan / UB): 3104
Schedule is valid
 Time taken: 491.03 seconds
SAT

=> TOTAL COMPLETION TIME (Makespan / UB): 3103
Schedule is valid
 Time taken: 493.84 seconds
SAT

=> TOTAL COMPLETION TIME (Makespan / UB): 3102
Schedule is valid
 Time taken: 496.72 seconds
[runlim] sample:		499.67 time, 500.01 real, 4927 MB, 1.03 load
[runlim] sample:		509.67 time, 510.01 real, 5919 MB, 1.02 load
SAT

=> TOTAL COMPLETION TIME (Makespan / UB): 3101
Schedule is valid
 Time taken: 512.55 seconds
SAT

=> TOTAL COMPLETION TIME (Makespan / UB): 3100
Schedule is valid
 Time taken: 515.55 seconds
SAT

=> TOTAL COMPLETION TIME (Makespan / UB): 3099
Schedule is valid
 Time taken: 518.40 seconds
[runlim] sample:		519.66 time, 520.01 real, 4923 MB, 1.18 load
SAT

=> TOTAL COMPLETION TIME (Makespan / UB): 3098
Schedule is valid
 Time taken: 521.07 seconds
SAT

=> TOTAL COMPLETION TIME (Makespan / UB): 3097
Schedule is valid
 Time taken: 523.76 seconds
SAT

=> TOTAL COMPLETION TIME (Makespan / UB): 3096
Schedule is valid
 Time taken: 526.49 seconds
SAT

=> TOTAL COMPLETION TIME (Makespan / UB): 3095
Schedule is valid
 Time taken: 529.20 seconds
[runlim] sample:		529.66 time, 530.01 real, 4923 MB, 1.15 load
SAT

=> TOTAL COMPLETION TIME (Makespan / UB): 3094
Schedule is valid
 Time taken: 531.85 seconds
SAT

=> TOTAL COMPLETION TIME (Makespan / UB): 3093
Schedule is valid
 Time taken: 534.50 seconds
SAT

=> TOTAL COMPLETION TIME (Makespan / UB): 3092
Schedule is valid
 Time taken: 537.14 seconds
[runlim] sample:		539.65 time, 540.01 real, 4923 MB, 1.12 load
SAT

=> TOTAL COMPLETION TIME (Makespan / UB): 3091
Schedule is valid
 Time taken: 548.85 seconds
[runlim] sample:		549.65 time, 550.01 real, 4921 MB, 1.10 load
SAT

=> TOTAL COMPLETION TIME (Makespan / UB): 3090
Schedule is valid
 Time taken: 552.21 seconds
SAT

=> TOTAL COMPLETION TIME (Makespan / UB): 3089
Schedule is valid
 Time taken: 555.05 seconds
SAT

=> TOTAL COMPLETION TIME (Makespan / UB): 3088
Schedule is valid
 Time taken: 557.71 seconds
[runlim] sample:		559.63 time, 560.01 real, 4922 MB, 1.25 load
SAT

=> TOTAL COMPLETION TIME (Makespan / UB): 3087
Schedule is valid
 Time taken: 560.39 seconds
SAT

=> TOTAL COMPLETION TIME (Makespan / UB): 3086
Schedule is valid
 Time taken: 563.45 seconds
SAT

=> TOTAL COMPLETION TIME (Makespan / UB): 3085
Schedule is valid
 Time taken: 566.29 seconds
SAT

=> TOTAL COMPLETION TIME (Makespan / UB): 3084
Schedule is valid
 Time taken: 569.00 seconds
[runlim] sample:		569.63 time, 570.01 real, 4842 MB, 1.29 load
SAT

=> TOTAL COMPLETION TIME (Makespan / UB): 3083
Schedule is valid
 Time taken: 571.65 seconds
SAT

=> TOTAL COMPLETION TIME (Makespan / UB): 3082
Schedule is valid
 Time taken: 574.23 seconds
SAT

=> TOTAL COMPLETION TIME (Makespan / UB): 3081
Schedule is valid
 Time taken: 576.81 seconds
SAT

=> TOTAL COMPLETION TIME (Makespan / UB): 3080
Schedule is valid
 Time taken: 579.37 seconds
[runlim] sample:		579.62 time, 580.01 real, 4843 MB, 1.25 load
SAT

=> TOTAL COMPLETION TIME (Makespan / UB): 3079
Schedule is valid
 Time taken: 581.95 seconds
SAT

=> TOTAL COMPLETION TIME (Makespan / UB): 3078
Schedule is valid
 Time taken: 584.53 seconds
SAT

=> TOTAL COMPLETION TIME (Makespan / UB): 3077
Schedule is valid
 Time taken: 587.12 seconds
SAT

=> TOTAL COMPLETION TIME (Makespan / UB): 3076
Schedule is valid
 Time taken: 589.69 seconds
[runlim] sample:		589.62 time, 590.01 real, 4843 MB, 1.21 load
SAT

=> TOTAL COMPLETION TIME (Makespan / UB): 3075
Schedule is valid
 Time taken: 592.28 seconds
SAT

=> TOTAL COMPLETION TIME (Makespan / UB): 3074
Schedule is valid
 Time taken: 594.84 seconds
SAT

=> TOTAL COMPLETION TIME (Makespan / UB): 3073
Schedule is valid
 Time taken: 597.42 seconds
SAT
[runlim] sample:		599.61 time, 600.01 real, 4892 MB, 1.17 load
[runlim] end:			Sun May  3 01:14:27 2026
[runlim] status:		out of time
[runlim] result:		2
[runlim] children:		1
[runlim] processes:		2
[runlim] real:			601.06 seconds
[runlim] time:			599.61 seconds
[runlim] space:			6587 MB
[runlim] load:			1.29 maximum
[runlim] samples:		6000
