[runlim] version:		2.0.0rc12
[runlim] host:			fjssp-instance
[runlim] time limit:		311040000 seconds
[runlim] real time limit:	10800 seconds
[runlim] space limit:		14000 MB
[runlim] argv[0]:		python3
[runlim] argv[1]:		-u
[runlim] argv[2]:		temp.py
[runlim] argv[3]:		datasets/hurink/edata/abz7.txt
[runlim] start:			Sat Jul 18 09:13:32 2026
[runlim] child:			7788
Greedy Schedule UB: 873
Building constraints took 2.73 seconds.
SAT

=> TOTAL COMPLETION TIME (Makespan / UB): 872
Schedule is valid
 Time taken: 3.65 seconds
SAT

=> TOTAL COMPLETION TIME (Makespan / UB): 871
Schedule is valid
 Time taken: 3.80 seconds
SAT

=> TOTAL COMPLETION TIME (Makespan / UB): 870
Schedule is valid
 Time taken: 3.88 seconds
SAT

=> TOTAL COMPLETION TIME (Makespan / UB): 869
Schedule is valid
 Time taken: 3.95 seconds
SAT

=> TOTAL COMPLETION TIME (Makespan / UB): 868
Schedule is valid
 Time taken: 4.03 seconds
SAT

=> TOTAL COMPLETION TIME (Makespan / UB): 867
Schedule is valid
 Time taken: 4.11 seconds
SAT

=> TOTAL COMPLETION TIME (Makespan / UB): 866
Schedule is valid
 Time taken: 4.18 seconds
SAT

=> TOTAL COMPLETION TIME (Makespan / UB): 865
Schedule is valid
 Time taken: 4.25 seconds
SAT

=> TOTAL COMPLETION TIME (Makespan / UB): 864
Schedule is valid
 Time taken: 4.32 seconds
SAT

=> TOTAL COMPLETION TIME (Makespan / UB): 863
Schedule is valid
 Time taken: 4.40 seconds
SAT

=> TOTAL COMPLETION TIME (Makespan / UB): 862
Schedule is valid
 Time taken: 4.47 seconds
SAT

=> TOTAL COMPLETION TIME (Makespan / UB): 861
Schedule is valid
 Time taken: 4.54 seconds
SAT

=> TOTAL COMPLETION TIME (Makespan / UB): 860
Schedule is valid
 Time taken: 4.61 seconds
SAT

=> TOTAL COMPLETION TIME (Makespan / UB): 859
Schedule is valid
 Time taken: 4.68 seconds
SAT

=> TOTAL COMPLETION TIME (Makespan / UB): 858
Schedule is valid
 Time taken: 4.75 seconds
SAT

=> TOTAL COMPLETION TIME (Makespan / UB): 857
Schedule is valid
 Time taken: 4.82 seconds
SAT

=> TOTAL COMPLETION TIME (Makespan / UB): 856
Schedule is valid
 Time taken: 4.89 seconds
SAT

=> TOTAL COMPLETION TIME (Makespan / UB): 855
Schedule is valid
 Time taken: 4.96 seconds
SAT

=> TOTAL COMPLETION TIME (Makespan / UB): 854
Schedule is valid
 Time taken: 5.02 seconds
SAT

=> TOTAL COMPLETION TIME (Makespan / UB): 853
Schedule is valid
 Time taken: 5.10 seconds
SAT

=> TOTAL COMPLETION TIME (Makespan / UB): 852
Schedule is valid
 Time taken: 5.18 seconds
SAT

=> TOTAL COMPLETION TIME (Makespan / UB): 851
Schedule is valid
 Time taken: 5.25 seconds
SAT

=> TOTAL COMPLETION TIME (Makespan / UB): 850
Schedule is valid
 Time taken: 5.32 seconds
SAT

=> TOTAL COMPLETION TIME (Makespan / UB): 849
Schedule is valid
 Time taken: 5.38 seconds
SAT

=> TOTAL COMPLETION TIME (Makespan / UB): 848
Schedule is valid
 Time taken: 5.45 seconds
SAT

=> TOTAL COMPLETION TIME (Makespan / UB): 847
Schedule is valid
 Time taken: 5.51 seconds
SAT

=> TOTAL COMPLETION TIME (Makespan / UB): 846
Schedule is valid
 Time taken: 5.58 seconds
SAT

=> TOTAL COMPLETION TIME (Makespan / UB): 845
Schedule is valid
 Time taken: 5.65 seconds
SAT

=> TOTAL COMPLETION TIME (Makespan / UB): 844
Schedule is valid
 Time taken: 5.71 seconds
SAT

=> TOTAL COMPLETION TIME (Makespan / UB): 843
Schedule is valid
 Time taken: 5.78 seconds
SAT

=> TOTAL COMPLETION TIME (Makespan / UB): 842
Schedule is valid
 Time taken: 5.84 seconds
SAT

=> TOTAL COMPLETION TIME (Makespan / UB): 841
Schedule is valid
 Time taken: 5.91 seconds
SAT

=> TOTAL COMPLETION TIME (Makespan / UB): 840
Schedule is valid
 Time taken: 5.98 seconds
SAT

=> TOTAL COMPLETION TIME (Makespan / UB): 839
Schedule is valid
 Time taken: 6.05 seconds
SAT

=> TOTAL COMPLETION TIME (Makespan / UB): 838
Schedule is valid
 Time taken: 6.13 seconds
SAT

=> TOTAL COMPLETION TIME (Makespan / UB): 837
Schedule is valid
 Time taken: 6.21 seconds
SAT

=> TOTAL COMPLETION TIME (Makespan / UB): 836
Schedule is valid
 Time taken: 6.47 seconds
SAT

=> TOTAL COMPLETION TIME (Makespan / UB): 835
Schedule is valid
 Time taken: 6.54 seconds
SAT

=> TOTAL COMPLETION TIME (Makespan / UB): 834
Schedule is valid
 Time taken: 6.60 seconds
SAT

=> TOTAL COMPLETION TIME (Makespan / UB): 833
Schedule is valid
 Time taken: 6.67 seconds
SAT

=> TOTAL COMPLETION TIME (Makespan / UB): 832
Schedule is valid
 Time taken: 6.74 seconds
SAT

=> TOTAL COMPLETION TIME (Makespan / UB): 831
Schedule is valid
 Time taken: 6.81 seconds
SAT

=> TOTAL COMPLETION TIME (Makespan / UB): 830
Schedule is valid
 Time taken: 6.88 seconds
SAT

=> TOTAL COMPLETION TIME (Makespan / UB): 829
Schedule is valid
 Time taken: 6.95 seconds
SAT

=> TOTAL COMPLETION TIME (Makespan / UB): 828
Schedule is valid
 Time taken: 7.02 seconds
SAT

=> TOTAL COMPLETION TIME (Makespan / UB): 827
Schedule is valid
 Time taken: 7.08 seconds
SAT

=> TOTAL COMPLETION TIME (Makespan / UB): 826
Schedule is valid
 Time taken: 7.15 seconds
SAT

=> TOTAL COMPLETION TIME (Makespan / UB): 825
Schedule is valid
 Time taken: 7.21 seconds
SAT

=> TOTAL COMPLETION TIME (Makespan / UB): 824
Schedule is valid
 Time taken: 7.28 seconds
SAT

=> TOTAL COMPLETION TIME (Makespan / UB): 823
Schedule is valid
 Time taken: 7.80 seconds
SAT

=> TOTAL COMPLETION TIME (Makespan / UB): 822
Schedule is valid
 Time taken: 7.87 seconds
SAT

=> TOTAL COMPLETION TIME (Makespan / UB): 821
Schedule is valid
 Time taken: 7.93 seconds
SAT

=> TOTAL COMPLETION TIME (Makespan / UB): 820
Schedule is valid
 Time taken: 8.00 seconds
SAT

=> TOTAL COMPLETION TIME (Makespan / UB): 819
Schedule is valid
 Time taken: 8.06 seconds
SAT

=> TOTAL COMPLETION TIME (Makespan / UB): 818
Schedule is valid
 Time taken: 8.13 seconds
SAT

=> TOTAL COMPLETION TIME (Makespan / UB): 817
Schedule is valid
 Time taken: 8.19 seconds
SAT

=> TOTAL COMPLETION TIME (Makespan / UB): 816
Schedule is valid
 Time taken: 8.25 seconds
SAT

=> TOTAL COMPLETION TIME (Makespan / UB): 815
Schedule is valid
 Time taken: 8.31 seconds
SAT

=> TOTAL COMPLETION TIME (Makespan / UB): 814
Schedule is valid
 Time taken: 8.37 seconds
SAT

=> TOTAL COMPLETION TIME (Makespan / UB): 813
Schedule is valid
 Time taken: 8.45 seconds
SAT

=> TOTAL COMPLETION TIME (Makespan / UB): 812
Schedule is valid
 Time taken: 8.51 seconds
SAT

=> TOTAL COMPLETION TIME (Makespan / UB): 811
Schedule is valid
 Time taken: 8.58 seconds
SAT

=> TOTAL COMPLETION TIME (Makespan / UB): 810
Schedule is valid
 Time taken: 8.64 seconds
SAT

=> TOTAL COMPLETION TIME (Makespan / UB): 809
Schedule is valid
 Time taken: 8.71 seconds
SAT

=> TOTAL COMPLETION TIME (Makespan / UB): 808
Schedule is valid
 Time taken: 8.76 seconds
SAT

=> TOTAL COMPLETION TIME (Makespan / UB): 807
Schedule is valid
 Time taken: 8.82 seconds
SAT

=> TOTAL COMPLETION TIME (Makespan / UB): 806
Schedule is valid
 Time taken: 8.89 seconds
SAT

=> TOTAL COMPLETION TIME (Makespan / UB): 805
Schedule is valid
 Time taken: 8.96 seconds
SAT

=> TOTAL COMPLETION TIME (Makespan / UB): 804
Schedule is valid
 Time taken: 9.05 seconds
SAT

=> TOTAL COMPLETION TIME (Makespan / UB): 803
Schedule is valid
 Time taken: 9.12 seconds
SAT

=> TOTAL COMPLETION TIME (Makespan / UB): 802
Schedule is valid
 Time taken: 9.18 seconds
SAT

=> TOTAL COMPLETION TIME (Makespan / UB): 801
Schedule is valid
 Time taken: 9.25 seconds
[runlim] sample:		10.00 time, 10.01 real, 500 MB, 0.86 load
SAT

=> TOTAL COMPLETION TIME (Makespan / UB): 800
Schedule is valid
 Time taken: 10.91 seconds
SAT

=> TOTAL COMPLETION TIME (Makespan / UB): 799
Schedule is valid
 Time taken: 17.24 seconds
SAT

=> TOTAL COMPLETION TIME (Makespan / UB): 798
Schedule is valid
 Time taken: 18.26 seconds
SAT

=> TOTAL COMPLETION TIME (Makespan / UB): 797
Schedule is valid
 Time taken: 18.66 seconds
SAT

=> TOTAL COMPLETION TIME (Makespan / UB): 796
Schedule is valid
 Time taken: 18.87 seconds
SAT

=> TOTAL COMPLETION TIME (Makespan / UB): 795
Schedule is valid
 Time taken: 19.72 seconds
[runlim] sample:		20.00 time, 20.01 real, 512 MB, 0.88 load
SAT

=> TOTAL COMPLETION TIME (Makespan / UB): 794
Schedule is valid
 Time taken: 23.88 seconds
SAT

=> TOTAL COMPLETION TIME (Makespan / UB): 793
Schedule is valid
 Time taken: 24.78 seconds
SAT

=> TOTAL COMPLETION TIME (Makespan / UB): 792
Schedule is valid
 Time taken: 26.14 seconds
SAT

=> TOTAL COMPLETION TIME (Makespan / UB): 791
Schedule is valid
 Time taken: 27.52 seconds
SAT

=> TOTAL COMPLETION TIME (Makespan / UB): 790
Schedule is valid
 Time taken: 27.93 seconds
SAT

=> TOTAL COMPLETION TIME (Makespan / UB): 789
Schedule is valid
 Time taken: 28.69 seconds
SAT

=> TOTAL COMPLETION TIME (Makespan / UB): 788
Schedule is valid
 Time taken: 29.16 seconds
SAT

=> TOTAL COMPLETION TIME (Makespan / UB): 787
Schedule is valid
 Time taken: 29.44 seconds
SAT

=> TOTAL COMPLETION TIME (Makespan / UB): 786
Schedule is valid
 Time taken: 29.70 seconds
SAT

=> TOTAL COMPLETION TIME (Makespan / UB): 785
Schedule is valid
 Time taken: 29.94 seconds
[runlim] sample:		30.00 time, 30.01 real, 516 MB, 0.90 load
SAT

=> TOTAL COMPLETION TIME (Makespan / UB): 784
Schedule is valid
 Time taken: 30.19 seconds
SAT

=> TOTAL COMPLETION TIME (Makespan / UB): 783
Schedule is valid
 Time taken: 30.45 seconds
SAT

=> TOTAL COMPLETION TIME (Makespan / UB): 782
Schedule is valid
 Time taken: 30.93 seconds
SAT

=> TOTAL COMPLETION TIME (Makespan / UB): 781
Schedule is valid
 Time taken: 31.20 seconds
SAT

=> TOTAL COMPLETION TIME (Makespan / UB): 780
Schedule is valid
 Time taken: 31.48 seconds
SAT

=> TOTAL COMPLETION TIME (Makespan / UB): 779
Schedule is valid
 Time taken: 31.75 seconds
SAT

=> TOTAL COMPLETION TIME (Makespan / UB): 778
Schedule is valid
 Time taken: 31.99 seconds
SAT

=> TOTAL COMPLETION TIME (Makespan / UB): 777
Schedule is valid
 Time taken: 32.23 seconds
SAT

=> TOTAL COMPLETION TIME (Makespan / UB): 776
Schedule is valid
 Time taken: 32.48 seconds
SAT

=> TOTAL COMPLETION TIME (Makespan / UB): 775
Schedule is valid
 Time taken: 32.72 seconds
SAT

=> TOTAL COMPLETION TIME (Makespan / UB): 774
Schedule is valid
 Time taken: 32.95 seconds
SAT

=> TOTAL COMPLETION TIME (Makespan / UB): 773
Schedule is valid
 Time taken: 33.18 seconds
SAT

=> TOTAL COMPLETION TIME (Makespan / UB): 772
Schedule is valid
 Time taken: 33.51 seconds
SAT

=> TOTAL COMPLETION TIME (Makespan / UB): 771
Schedule is valid
 Time taken: 34.47 seconds
SAT

=> TOTAL COMPLETION TIME (Makespan / UB): 770
Schedule is valid
 Time taken: 35.24 seconds
[runlim] sample:		39.99 time, 40.01 real, 539 MB, 0.92 load
SAT

=> TOTAL COMPLETION TIME (Makespan / UB): 769
Schedule is valid
 Time taken: 40.15 seconds
SAT

=> TOTAL COMPLETION TIME (Makespan / UB): 768
Schedule is valid
 Time taken: 40.79 seconds
SAT

=> TOTAL COMPLETION TIME (Makespan / UB): 767
Schedule is valid
 Time taken: 41.21 seconds
SAT

=> TOTAL COMPLETION TIME (Makespan / UB): 766
Schedule is valid
 Time taken: 43.31 seconds
SAT

=> TOTAL COMPLETION TIME (Makespan / UB): 765
Schedule is valid
 Time taken: 43.80 seconds
SAT

=> TOTAL COMPLETION TIME (Makespan / UB): 764
Schedule is valid
 Time taken: 44.02 seconds
SAT

=> TOTAL COMPLETION TIME (Makespan / UB): 763
Schedule is valid
 Time taken: 44.21 seconds
SAT

=> TOTAL COMPLETION TIME (Makespan / UB): 762
Schedule is valid
 Time taken: 44.40 seconds
SAT

=> TOTAL COMPLETION TIME (Makespan / UB): 761
Schedule is valid
 Time taken: 44.56 seconds
SAT

=> TOTAL COMPLETION TIME (Makespan / UB): 760
Schedule is valid
 Time taken: 44.74 seconds
SAT

=> TOTAL COMPLETION TIME (Makespan / UB): 759
Schedule is valid
 Time taken: 44.92 seconds
SAT

=> TOTAL COMPLETION TIME (Makespan / UB): 758
Schedule is valid
 Time taken: 45.09 seconds
SAT

=> TOTAL COMPLETION TIME (Makespan / UB): 757
Schedule is valid
 Time taken: 45.25 seconds
SAT

=> TOTAL COMPLETION TIME (Makespan / UB): 756
Schedule is valid
 Time taken: 46.23 seconds
SAT

=> TOTAL COMPLETION TIME (Makespan / UB): 755
Schedule is valid
 Time taken: 48.27 seconds
SAT

=> TOTAL COMPLETION TIME (Makespan / UB): 754
Schedule is valid
 Time taken: 48.91 seconds
SAT

=> TOTAL COMPLETION TIME (Makespan / UB): 753
Schedule is valid
 Time taken: 49.77 seconds
[runlim] sample:		49.99 time, 50.01 real, 537 MB, 0.93 load
SAT

=> TOTAL COMPLETION TIME (Makespan / UB): 752
Schedule is valid
 Time taken: 50.38 seconds
SAT

=> TOTAL COMPLETION TIME (Makespan / UB): 751
Schedule is valid
 Time taken: 50.57 seconds
SAT

=> TOTAL COMPLETION TIME (Makespan / UB): 750
Schedule is valid
 Time taken: 50.73 seconds
SAT

=> TOTAL COMPLETION TIME (Makespan / UB): 749
Schedule is valid
 Time taken: 53.01 seconds
SAT

=> TOTAL COMPLETION TIME (Makespan / UB): 748
Schedule is valid
 Time taken: 53.53 seconds
SAT

=> TOTAL COMPLETION TIME (Makespan / UB): 747
Schedule is valid
 Time taken: 54.50 seconds
SAT

=> TOTAL COMPLETION TIME (Makespan / UB): 746
Schedule is valid
 Time taken: 56.28 seconds
SAT

=> TOTAL COMPLETION TIME (Makespan / UB): 745
Schedule is valid
 Time taken: 56.48 seconds
SAT

=> TOTAL COMPLETION TIME (Makespan / UB): 744
Schedule is valid
 Time taken: 56.64 seconds
SAT

=> TOTAL COMPLETION TIME (Makespan / UB): 743
Schedule is valid
 Time taken: 57.18 seconds
SAT

=> TOTAL COMPLETION TIME (Makespan / UB): 742
Schedule is valid
 Time taken: 58.88 seconds
SAT

=> TOTAL COMPLETION TIME (Makespan / UB): 741
Schedule is valid
 Time taken: 59.45 seconds
[runlim] sample:		59.99 time, 60.01 real, 535 MB, 0.94 load
SAT

=> TOTAL COMPLETION TIME (Makespan / UB): 740
Schedule is valid
 Time taken: 61.23 seconds
SAT

=> TOTAL COMPLETION TIME (Makespan / UB): 739
Schedule is valid
 Time taken: 62.20 seconds
SAT

=> TOTAL COMPLETION TIME (Makespan / UB): 738
Schedule is valid
 Time taken: 65.08 seconds
SAT

=> TOTAL COMPLETION TIME (Makespan / UB): 737
Schedule is valid
 Time taken: 66.05 seconds
SAT

=> TOTAL COMPLETION TIME (Makespan / UB): 736
Schedule is valid
 Time taken: 66.73 seconds
SAT

=> TOTAL COMPLETION TIME (Makespan / UB): 735
Schedule is valid
 Time taken: 68.30 seconds
SAT

=> TOTAL COMPLETION TIME (Makespan / UB): 734
Schedule is valid
 Time taken: 68.98 seconds
SAT

=> TOTAL COMPLETION TIME (Makespan / UB): 733
Schedule is valid
 Time taken: 69.16 seconds
SAT

=> TOTAL COMPLETION TIME (Makespan / UB): 732
Schedule is valid
 Time taken: 69.89 seconds
[runlim] sample:		69.99 time, 70.01 real, 535 MB, 0.95 load
SAT

=> TOTAL COMPLETION TIME (Makespan / UB): 731
Schedule is valid
 Time taken: 71.52 seconds
SAT

=> TOTAL COMPLETION TIME (Makespan / UB): 730
Schedule is valid
 Time taken: 72.49 seconds
SAT

=> TOTAL COMPLETION TIME (Makespan / UB): 729
Schedule is valid
 Time taken: 73.11 seconds
SAT

=> TOTAL COMPLETION TIME (Makespan / UB): 728
Schedule is valid
 Time taken: 74.27 seconds
SAT

=> TOTAL COMPLETION TIME (Makespan / UB): 727
Schedule is valid
 Time taken: 75.54 seconds
SAT

=> TOTAL COMPLETION TIME (Makespan / UB): 726
Schedule is valid
 Time taken: 78.09 seconds
SAT

=> TOTAL COMPLETION TIME (Makespan / UB): 725
Schedule is valid
 Time taken: 78.27 seconds
SAT

=> TOTAL COMPLETION TIME (Makespan / UB): 724
Schedule is valid
 Time taken: 78.94 seconds
SAT

=> TOTAL COMPLETION TIME (Makespan / UB): 723
Schedule is valid
 Time taken: 79.46 seconds
[runlim] sample:		79.99 time, 80.01 real, 494 MB, 0.96 load
SAT

=> TOTAL COMPLETION TIME (Makespan / UB): 722
Schedule is valid
 Time taken: 81.32 seconds
SAT

=> TOTAL COMPLETION TIME (Makespan / UB): 721
Schedule is valid
 Time taken: 81.51 seconds
SAT

=> TOTAL COMPLETION TIME (Makespan / UB): 720
Schedule is valid
 Time taken: 81.68 seconds
SAT

=> TOTAL COMPLETION TIME (Makespan / UB): 719
Schedule is valid
 Time taken: 81.81 seconds
SAT

=> TOTAL COMPLETION TIME (Makespan / UB): 718
Schedule is valid
 Time taken: 82.16 seconds
SAT

=> TOTAL COMPLETION TIME (Makespan / UB): 717
Schedule is valid
 Time taken: 82.28 seconds
SAT

=> TOTAL COMPLETION TIME (Makespan / UB): 716
Schedule is valid
 Time taken: 83.01 seconds
SAT

=> TOTAL COMPLETION TIME (Makespan / UB): 715
Schedule is valid
 Time taken: 83.18 seconds
SAT

=> TOTAL COMPLETION TIME (Makespan / UB): 714
Schedule is valid
 Time taken: 84.86 seconds
SAT

=> TOTAL COMPLETION TIME (Makespan / UB): 713
Schedule is valid
 Time taken: 85.66 seconds
SAT

=> TOTAL COMPLETION TIME (Makespan / UB): 712
Schedule is valid
 Time taken: 86.40 seconds
SAT

=> TOTAL COMPLETION TIME (Makespan / UB): 711
Schedule is valid
 Time taken: 88.79 seconds
SAT

=> TOTAL COMPLETION TIME (Makespan / UB): 710
Schedule is valid
 Time taken: 89.04 seconds
SAT
[runlim] sample:		90.00 time, 90.01 real, 497 MB, 0.97 load

=> TOTAL COMPLETION TIME (Makespan / UB): 709
Schedule is valid
 Time taken: 89.99 seconds
SAT

=> TOTAL COMPLETION TIME (Makespan / UB): 708
Schedule is valid
 Time taken: 92.36 seconds
SAT

=> TOTAL COMPLETION TIME (Makespan / UB): 707
Schedule is valid
 Time taken: 97.21 seconds
SAT

=> TOTAL COMPLETION TIME (Makespan / UB): 706
Schedule is valid
 Time taken: 99.74 seconds
[runlim] sample:		99.99 time, 100.01 real, 485 MB, 1.05 load
SAT

=> TOTAL COMPLETION TIME (Makespan / UB): 705
Schedule is valid
 Time taken: 101.99 seconds
SAT

=> TOTAL COMPLETION TIME (Makespan / UB): 704
Schedule is valid
 Time taken: 105.35 seconds
SAT

=> TOTAL COMPLETION TIME (Makespan / UB): 703
Schedule is valid
 Time taken: 108.28 seconds
SAT

=> TOTAL COMPLETION TIME (Makespan / UB): 702
Schedule is valid
 Time taken: 108.83 seconds
[runlim] sample:		109.99 time, 110.01 real, 485 MB, 1.04 load
SAT

=> TOTAL COMPLETION TIME (Makespan / UB): 701
Schedule is valid
 Time taken: 110.62 seconds
SAT

=> TOTAL COMPLETION TIME (Makespan / UB): 700
Schedule is valid
 Time taken: 115.11 seconds
SAT

=> TOTAL COMPLETION TIME (Makespan / UB): 699
Schedule is valid
 Time taken: 117.14 seconds
SAT

=> TOTAL COMPLETION TIME (Makespan / UB): 698
Schedule is valid
 Time taken: 117.33 seconds
SAT

=> TOTAL COMPLETION TIME (Makespan / UB): 697
Schedule is valid
 Time taken: 118.10 seconds
[runlim] sample:		119.99 time, 120.01 real, 484 MB, 1.04 load
SAT

=> TOTAL COMPLETION TIME (Makespan / UB): 696
Schedule is valid
 Time taken: 121.06 seconds
SAT

=> TOTAL COMPLETION TIME (Makespan / UB): 695
Schedule is valid
 Time taken: 123.44 seconds
SAT

=> TOTAL COMPLETION TIME (Makespan / UB): 694
Schedule is valid
 Time taken: 125.82 seconds
SAT

=> TOTAL COMPLETION TIME (Makespan / UB): 693
Schedule is valid
 Time taken: 126.58 seconds
SAT

=> TOTAL COMPLETION TIME (Makespan / UB): 692
Schedule is valid
 Time taken: 127.35 seconds
[runlim] sample:		129.99 time, 130.01 real, 485 MB, 1.03 load
SAT

=> TOTAL COMPLETION TIME (Makespan / UB): 691
Schedule is valid
 Time taken: 130.36 seconds
SAT

=> TOTAL COMPLETION TIME (Makespan / UB): 690
Schedule is valid
 Time taken: 135.60 seconds
SAT

=> TOTAL COMPLETION TIME (Makespan / UB): 689
Schedule is valid
 Time taken: 138.52 seconds
[runlim] sample:		139.99 time, 140.01 real, 485 MB, 1.03 load
SAT

=> TOTAL COMPLETION TIME (Makespan / UB): 688
Schedule is valid
 Time taken: 140.99 seconds
SAT

=> TOTAL COMPLETION TIME (Makespan / UB): 687
Schedule is valid
 Time taken: 143.56 seconds
SAT

=> TOTAL COMPLETION TIME (Makespan / UB): 686
Schedule is valid
 Time taken: 146.04 seconds
SAT

=> TOTAL COMPLETION TIME (Makespan / UB): 685
Schedule is valid
 Time taken: 146.20 seconds
SAT

=> TOTAL COMPLETION TIME (Makespan / UB): 684
Schedule is valid
 Time taken: 149.37 seconds
[runlim] sample:		149.99 time, 150.01 real, 484 MB, 1.02 load
SAT

=> TOTAL COMPLETION TIME (Makespan / UB): 683
Schedule is valid
 Time taken: 153.10 seconds
SAT

=> TOTAL COMPLETION TIME (Makespan / UB): 682
Schedule is valid
 Time taken: 159.64 seconds
[runlim] sample:		159.99 time, 160.01 real, 487 MB, 1.02 load
SAT

=> TOTAL COMPLETION TIME (Makespan / UB): 681
Schedule is valid
 Time taken: 162.21 seconds
SAT

=> TOTAL COMPLETION TIME (Makespan / UB): 680
Schedule is valid
 Time taken: 165.43 seconds
SAT

=> TOTAL COMPLETION TIME (Makespan / UB): 679
Schedule is valid
 Time taken: 168.85 seconds
[runlim] sample:		169.99 time, 170.01 real, 440 MB, 1.01 load
SAT

=> TOTAL COMPLETION TIME (Makespan / UB): 678
Schedule is valid
 Time taken: 172.43 seconds
SAT

=> TOTAL COMPLETION TIME (Makespan / UB): 677
Schedule is valid
 Time taken: 175.75 seconds
SAT

=> TOTAL COMPLETION TIME (Makespan / UB): 676
Schedule is valid
 Time taken: 176.64 seconds
[runlim] sample:		179.98 time, 180.01 real, 486 MB, 1.01 load
SAT

=> TOTAL COMPLETION TIME (Makespan / UB): 675
Schedule is valid
 Time taken: 180.02 seconds
SAT

=> TOTAL COMPLETION TIME (Makespan / UB): 674
Schedule is valid
 Time taken: 181.01 seconds
SAT

=> TOTAL COMPLETION TIME (Makespan / UB): 673
Schedule is valid
 Time taken: 186.67 seconds
[runlim] sample:		189.99 time, 190.01 real, 486 MB, 1.01 load
SAT

=> TOTAL COMPLETION TIME (Makespan / UB): 672
Schedule is valid
 Time taken: 190.02 seconds
SAT

=> TOTAL COMPLETION TIME (Makespan / UB): 671
Schedule is valid
 Time taken: 193.54 seconds
SAT

=> TOTAL COMPLETION TIME (Makespan / UB): 670
Schedule is valid
 Time taken: 196.78 seconds
SAT

=> TOTAL COMPLETION TIME (Makespan / UB): 669
Schedule is valid
 Time taken: 199.88 seconds
[runlim] sample:		199.99 time, 200.01 real, 440 MB, 1.01 load
[runlim] sample:		209.99 time, 210.01 real, 486 MB, 1.01 load
SAT

=> TOTAL COMPLETION TIME (Makespan / UB): 668
Schedule is valid
 Time taken: 217.03 seconds
[runlim] sample:		219.98 time, 220.01 real, 485 MB, 1.00 load
SAT

=> TOTAL COMPLETION TIME (Makespan / UB): 667
Schedule is valid
 Time taken: 220.64 seconds
SAT

=> TOTAL COMPLETION TIME (Makespan / UB): 666
Schedule is valid
 Time taken: 224.29 seconds
SAT

=> TOTAL COMPLETION TIME (Makespan / UB): 665
Schedule is valid
 Time taken: 228.17 seconds
[runlim] sample:		229.99 time, 230.01 real, 486 MB, 1.00 load
SAT

=> TOTAL COMPLETION TIME (Makespan / UB): 664
Schedule is valid
 Time taken: 232.18 seconds
[runlim] sample:		239.98 time, 240.01 real, 487 MB, 1.00 load
SAT

=> TOTAL COMPLETION TIME (Makespan / UB): 663
Schedule is valid
 Time taken: 245.41 seconds
[runlim] sample:		249.98 time, 250.01 real, 487 MB, 1.00 load
SAT

=> TOTAL COMPLETION TIME (Makespan / UB): 662
Schedule is valid
 Time taken: 251.81 seconds
SAT

=> TOTAL COMPLETION TIME (Makespan / UB): 661
Schedule is valid
 Time taken: 255.79 seconds
SAT

=> TOTAL COMPLETION TIME (Makespan / UB): 660
Schedule is valid
 Time taken: 259.02 seconds
[runlim] sample:		259.98 time, 260.01 real, 486 MB, 1.00 load
SAT

=> TOTAL COMPLETION TIME (Makespan / UB): 659
Schedule is valid
 Time taken: 263.35 seconds
SAT

=> TOTAL COMPLETION TIME (Makespan / UB): 658
Schedule is valid
 Time taken: 263.53 seconds
[runlim] sample:		269.99 time, 270.01 real, 448 MB, 1.00 load
SAT

=> TOTAL COMPLETION TIME (Makespan / UB): 657
Schedule is valid
 Time taken: 279.92 seconds
[runlim] sample:		279.98 time, 280.01 real, 448 MB, 1.00 load
[runlim] sample:		289.98 time, 290.01 real, 456 MB, 1.00 load
SAT

=> TOTAL COMPLETION TIME (Makespan / UB): 656
Schedule is valid
 Time taken: 297.33 seconds
[runlim] sample:		299.98 time, 300.01 real, 464 MB, 1.00 load
SAT

=> TOTAL COMPLETION TIME (Makespan / UB): 655
Schedule is valid
 Time taken: 302.70 seconds
[runlim] sample:		309.97 time, 310.01 real, 466 MB, 1.00 load
SAT

=> TOTAL COMPLETION TIME (Makespan / UB): 654
Schedule is valid
 Time taken: 318.99 seconds
[runlim] sample:		319.98 time, 320.01 real, 470 MB, 1.00 load
SAT

=> TOTAL COMPLETION TIME (Makespan / UB): 653
Schedule is valid
 Time taken: 324.21 seconds
SAT

=> TOTAL COMPLETION TIME (Makespan / UB): 652
Schedule is valid
 Time taken: 328.49 seconds
[runlim] sample:		329.98 time, 330.01 real, 473 MB, 1.00 load
SAT

=> TOTAL COMPLETION TIME (Makespan / UB): 651
Schedule is valid
 Time taken: 336.90 seconds
[runlim] sample:		339.97 time, 340.01 real, 483 MB, 1.00 load
SAT

=> TOTAL COMPLETION TIME (Makespan / UB): 650
Schedule is valid
 Time taken: 341.75 seconds
SAT

=> TOTAL COMPLETION TIME (Makespan / UB): 649
Schedule is valid
 Time taken: 347.14 seconds
[runlim] sample:		349.97 time, 350.01 real, 484 MB, 1.08 load
[runlim] sample:		359.97 time, 360.01 real, 484 MB, 1.07 load
SAT

=> TOTAL COMPLETION TIME (Makespan / UB): 648
Schedule is valid
 Time taken: 367.65 seconds
[runlim] sample:		369.97 time, 370.01 real, 486 MB, 1.06 load
[runlim] sample:		379.96 time, 380.01 real, 486 MB, 1.05 load
[runlim] sample:		389.96 time, 390.01 real, 483 MB, 1.04 load
SAT

=> TOTAL COMPLETION TIME (Makespan / UB): 647
Schedule is valid
 Time taken: 390.42 seconds
SAT

=> TOTAL COMPLETION TIME (Makespan / UB): 646
Schedule is valid
 Time taken: 395.44 seconds
[runlim] sample:		399.96 time, 400.01 real, 487 MB, 1.03 load
[runlim] sample:		409.96 time, 410.01 real, 487 MB, 1.03 load
[runlim] sample:		419.95 time, 420.01 real, 484 MB, 1.02 load
[runlim] sample:		429.95 time, 430.01 real, 488 MB, 1.02 load
[runlim] sample:		439.95 time, 440.01 real, 488 MB, 1.02 load
[runlim] sample:		449.95 time, 450.01 real, 483 MB, 1.01 load
[runlim] sample:		459.95 time, 460.01 real, 483 MB, 1.01 load
SAT

=> TOTAL COMPLETION TIME (Makespan / UB): 645
Schedule is valid
 Time taken: 463.87 seconds
SAT

=> TOTAL COMPLETION TIME (Makespan / UB): 644
Schedule is valid
 Time taken: 467.93 seconds
[runlim] sample:		469.94 time, 470.01 real, 446 MB, 1.01 load
[runlim] sample:		479.94 time, 480.01 real, 446 MB, 1.01 load
[runlim] sample:		489.95 time, 490.01 real, 494 MB, 1.00 load
[runlim] sample:		499.94 time, 500.01 real, 497 MB, 1.00 load
[runlim] sample:		509.94 time, 510.01 real, 497 MB, 1.00 load
[runlim] sample:		519.94 time, 520.01 real, 497 MB, 1.00 load
[runlim] sample:		529.94 time, 530.01 real, 492 MB, 1.00 load
[runlim] sample:		539.94 time, 540.01 real, 496 MB, 1.00 load
[runlim] sample:		549.94 time, 550.01 real, 496 MB, 1.00 load
[runlim] sample:		559.94 time, 560.01 real, 499 MB, 1.00 load
SAT

=> TOTAL COMPLETION TIME (Makespan / UB): 643
Schedule is valid
 Time taken: 564.34 seconds
SAT

=> TOTAL COMPLETION TIME (Makespan / UB): 642
Schedule is valid
 Time taken: 569.10 seconds
[runlim] sample:		569.94 time, 570.01 real, 501 MB, 1.00 load
[runlim] sample:		579.94 time, 580.01 real, 501 MB, 1.00 load
[runlim] sample:		589.94 time, 590.01 real, 496 MB, 1.00 load
SAT

=> TOTAL COMPLETION TIME (Makespan / UB): 641
Schedule is valid
 Time taken: 593.79 seconds
[runlim] sample:		599.94 time, 600.01 real, 501 MB, 1.00 load
[runlim] sample:		609.94 time, 610.01 real, 501 MB, 1.00 load
[runlim] sample:		619.94 time, 620.01 real, 498 MB, 1.00 load
[runlim] sample:		629.94 time, 630.01 real, 498 MB, 1.00 load
[runlim] sample:		639.94 time, 640.01 real, 497 MB, 1.00 load
[runlim] sample:		649.94 time, 650.01 real, 497 MB, 1.07 load
[runlim] sample:		659.94 time, 660.01 real, 497 MB, 1.06 load
SAT

=> TOTAL COMPLETION TIME (Makespan / UB): 640
Schedule is valid
 Time taken: 662.60 seconds
[runlim] sample:		669.94 time, 670.01 real, 500 MB, 1.05 load
[runlim] sample:		679.93 time, 680.01 real, 500 MB, 1.04 load
SAT

=> TOTAL COMPLETION TIME (Makespan / UB): 639
Schedule is valid
 Time taken: 688.22 seconds
[runlim] sample:		689.93 time, 690.01 real, 502 MB, 1.04 load
[runlim] sample:		699.94 time, 700.01 real, 504 MB, 1.03 load
SAT

=> TOTAL COMPLETION TIME (Makespan / UB): 638
Schedule is valid
 Time taken: 707.39 seconds
[runlim] sample:		709.94 time, 710.01 real, 504 MB, 1.02 load
[runlim] sample:		719.93 time, 720.01 real, 502 MB, 1.02 load
SAT

=> TOTAL COMPLETION TIME (Makespan / UB): 637
Schedule is valid
 Time taken: 724.31 seconds
[runlim] sample:		729.93 time, 730.01 real, 502 MB, 1.09 load
[runlim] sample:		739.94 time, 740.01 real, 556 MB, 1.08 load
SAT

=> TOTAL COMPLETION TIME (Makespan / UB): 636
Schedule is valid
 Time taken: 747.66 seconds
[runlim] sample:		749.94 time, 750.01 real, 505 MB, 1.06 load
[runlim] sample:		759.94 time, 760.01 real, 455 MB, 1.05 load
[runlim] sample:		769.94 time, 770.01 real, 455 MB, 1.20 load
[runlim] sample:		779.93 time, 780.01 real, 510 MB, 1.17 load
[runlim] sample:		789.93 time, 790.01 real, 510 MB, 1.14 load
[runlim] sample:		799.93 time, 800.01 real, 455 MB, 1.12 load
[runlim] sample:		809.93 time, 810.01 real, 477 MB, 1.10 load
[runlim] sample:		819.93 time, 820.01 real, 484 MB, 1.08 load
[runlim] sample:		829.93 time, 830.01 real, 537 MB, 1.07 load
SAT

=> TOTAL COMPLETION TIME (Makespan / UB): 635
Schedule is valid
 Time taken: 833.05 seconds
[runlim] sample:		839.93 time, 840.01 real, 466 MB, 1.06 load
[runlim] sample:		849.92 time, 850.01 real, 462 MB, 1.05 load
[runlim] sample:		859.93 time, 860.01 real, 462 MB, 1.04 load
[runlim] sample:		869.93 time, 870.01 real, 470 MB, 1.04 load
[runlim] sample:		879.93 time, 880.01 real, 484 MB, 1.03 load
[runlim] sample:		889.93 time, 890.01 real, 500 MB, 1.02 load
[runlim] sample:		899.93 time, 900.01 real, 493 MB, 1.02 load
[runlim] sample:		909.92 time, 910.01 real, 493 MB, 1.02 load
[runlim] sample:		919.92 time, 920.01 real, 501 MB, 1.01 load
[runlim] sample:		929.93 time, 930.01 real, 501 MB, 1.01 load
[runlim] sample:		939.92 time, 940.01 real, 505 MB, 1.01 load
[runlim] sample:		949.92 time, 950.01 real, 505 MB, 1.01 load
[runlim] sample:		959.92 time, 960.01 real, 505 MB, 1.01 load
[runlim] sample:		969.92 time, 970.01 real, 505 MB, 1.00 load
[runlim] sample:		979.92 time, 980.01 real, 505 MB, 1.08 load
[runlim] sample:		989.92 time, 990.01 real, 505 MB, 1.07 load
[runlim] sample:		999.93 time, 1000.01 real, 494 MB, 1.06 load
[runlim] sample:		1009.92 time, 1010.01 real, 494 MB, 1.05 load
[runlim] sample:		1019.92 time, 1020.01 real, 494 MB, 1.04 load
[runlim] sample:		1029.92 time, 1030.01 real, 495 MB, 1.03 load
[runlim] sample:		1039.92 time, 1040.01 real, 495 MB, 1.03 load
[runlim] sample:		1049.92 time, 1050.01 real, 495 MB, 1.02 load
[runlim] sample:		1059.92 time, 1060.01 real, 495 MB, 1.02 load
[runlim] sample:		1069.92 time, 1070.01 real, 496 MB, 1.02 load
[runlim] sample:		1079.92 time, 1080.01 real, 496 MB, 1.01 load
[runlim] sample:		1089.92 time, 1090.01 real, 498 MB, 1.01 load
[runlim] sample:		1099.92 time, 1100.01 real, 499 MB, 1.09 load
[runlim] sample:		1109.92 time, 1110.01 real, 499 MB, 1.07 load
[runlim] sample:		1119.91 time, 1120.01 real, 499 MB, 1.06 load
[runlim] sample:		1129.92 time, 1130.01 real, 500 MB, 1.05 load
SAT

=> TOTAL COMPLETION TIME (Makespan / UB): 634
Schedule is valid
 Time taken: 1137.57 seconds
[runlim] sample:		1139.92 time, 1140.01 real, 500 MB, 1.04 load
[runlim] sample:		1149.91 time, 1150.01 real, 500 MB, 1.04 load
[runlim] sample:		1159.91 time, 1160.01 real, 508 MB, 1.03 load
[runlim] sample:		1169.92 time, 1170.01 real, 508 MB, 1.03 load
[runlim] sample:		1179.92 time, 1180.01 real, 508 MB, 1.02 load
[runlim] sample:		1189.91 time, 1190.01 real, 502 MB, 1.02 load
[runlim] sample:		1199.91 time, 1200.01 real, 510 MB, 1.01 load
[runlim] sample:		1209.91 time, 1210.01 real, 510 MB, 1.01 load
[runlim] sample:		1219.91 time, 1220.01 real, 509 MB, 1.01 load
[runlim] sample:		1229.91 time, 1230.01 real, 509 MB, 1.01 load
[runlim] sample:		1239.91 time, 1240.01 real, 509 MB, 1.01 load
[runlim] sample:		1249.91 time, 1250.01 real, 517 MB, 1.00 load
[runlim] sample:		1259.91 time, 1260.01 real, 517 MB, 1.00 load
[runlim] sample:		1269.91 time, 1270.01 real, 519 MB, 1.00 load
[runlim] sample:		1279.91 time, 1280.01 real, 519 MB, 1.00 load
[runlim] sample:		1289.91 time, 1290.01 real, 523 MB, 1.08 load
[runlim] sample:		1299.91 time, 1300.01 real, 523 MB, 1.07 load
[runlim] sample:		1309.91 time, 1310.01 real, 515 MB, 1.06 load
[runlim] sample:		1319.91 time, 1320.01 real, 515 MB, 1.05 load
[runlim] sample:		1329.91 time, 1330.01 real, 515 MB, 1.04 load
[runlim] sample:		1339.90 time, 1340.01 real, 514 MB, 1.03 load
[runlim] sample:		1349.90 time, 1350.01 real, 514 MB, 1.11 load
[runlim] sample:		1359.90 time, 1360.01 real, 514 MB, 1.09 load
[runlim] sample:		1369.90 time, 1370.01 real, 514 MB, 1.08 load
[runlim] sample:		1379.90 time, 1380.01 real, 514 MB, 1.06 load
[runlim] sample:		1389.90 time, 1390.01 real, 514 MB, 1.05 load
[runlim] sample:		1399.89 time, 1400.01 real, 514 MB, 1.05 load
[runlim] sample:		1409.90 time, 1410.01 real, 514 MB, 1.04 load
[runlim] sample:		1419.91 time, 1420.01 real, 515 MB, 1.03 load
[runlim] sample:		1429.91 time, 1430.01 real, 515 MB, 1.03 load
[runlim] sample:		1439.90 time, 1440.01 real, 515 MB, 1.02 load
[runlim] sample:		1449.90 time, 1450.01 real, 520 MB, 1.02 load
SAT

=> TOTAL COMPLETION TIME (Makespan / UB): 633
Schedule is valid
 Time taken: 1452.00 seconds
[runlim] sample:		1459.90 time, 1460.01 real, 520 MB, 1.02 load
[runlim] sample:		1469.90 time, 1470.01 real, 520 MB, 1.01 load
[runlim] sample:		1479.90 time, 1480.01 real, 522 MB, 1.01 load
[runlim] sample:		1489.89 time, 1490.01 real, 522 MB, 1.01 load
[runlim] sample:		1499.90 time, 1500.01 real, 522 MB, 1.01 load
[runlim] sample:		1509.90 time, 1510.01 real, 522 MB, 1.00 load
[runlim] sample:		1519.90 time, 1520.01 real, 518 MB, 1.08 load
[runlim] sample:		1529.90 time, 1530.01 real, 518 MB, 1.07 load
[runlim] sample:		1539.90 time, 1540.01 real, 518 MB, 1.06 load
[runlim] sample:		1549.89 time, 1550.01 real, 521 MB, 1.05 load
[runlim] sample:		1559.89 time, 1560.01 real, 521 MB, 1.04 load
SAT

=> TOTAL COMPLETION TIME (Makespan / UB): 632
Schedule is valid
 Time taken: 1565.67 seconds
[runlim] sample:		1569.90 time, 1570.01 real, 477 MB, 1.04 load
[runlim] sample:		1579.90 time, 1580.01 real, 479 MB, 1.03 load
SAT

=> TOTAL COMPLETION TIME (Makespan / UB): 631
Schedule is valid
 Time taken: 1588.64 seconds
[runlim] sample:		1589.89 time, 1590.01 real, 479 MB, 1.02 load
[runlim] sample:		1599.89 time, 1600.01 real, 478 MB, 1.02 load
[runlim] sample:		1609.89 time, 1610.01 real, 478 MB, 1.02 load
[runlim] sample:		1619.89 time, 1620.01 real, 493 MB, 1.01 load
[runlim] sample:		1629.90 time, 1630.01 real, 525 MB, 1.01 load
[runlim] sample:		1639.89 time, 1640.01 real, 521 MB, 1.01 load
[runlim] sample:		1649.89 time, 1650.01 real, 521 MB, 1.01 load
[runlim] sample:		1659.89 time, 1660.01 real, 521 MB, 1.01 load
[runlim] sample:		1669.89 time, 1670.01 real, 521 MB, 1.00 load
[runlim] sample:		1679.88 time, 1680.01 real, 519 MB, 1.00 load
[runlim] sample:		1689.88 time, 1690.01 real, 519 MB, 1.00 load
SAT

=> TOTAL COMPLETION TIME (Makespan / UB): 630
Schedule is valid
 Time taken: 1692.97 seconds
[runlim] sample:		1699.89 time, 1700.01 real, 479 MB, 1.00 load
[runlim] sample:		1709.89 time, 1710.01 real, 479 MB, 1.00 load
[runlim] sample:		1719.89 time, 1720.01 real, 481 MB, 1.00 load
[runlim] sample:		1729.89 time, 1730.01 real, 481 MB, 1.07 load
[runlim] sample:		1739.89 time, 1740.01 real, 477 MB, 1.06 load
[runlim] sample:		1749.88 time, 1750.01 real, 521 MB, 1.05 load
[runlim] sample:		1759.89 time, 1760.01 real, 521 MB, 1.04 load
[runlim] sample:		1769.88 time, 1770.01 real, 521 MB, 1.76 load
[runlim] sample:		1779.88 time, 1780.01 real, 518 MB, 1.64 load
[runlim] sample:		1789.88 time, 1790.01 real, 518 MB, 1.54 load
[runlim] sample:		1799.87 time, 1800.01 real, 518 MB, 1.46 load
[runlim] sample:		1809.88 time, 1810.01 real, 529 MB, 1.39 load
[runlim] sample:		1819.88 time, 1820.01 real, 529 MB, 1.33 load
[runlim] sample:		1829.88 time, 1830.01 real, 529 MB, 1.28 load
[runlim] sample:		1839.88 time, 1840.01 real, 527 MB, 1.23 load
[runlim] sample:		1849.88 time, 1850.01 real, 527 MB, 1.28 load
[runlim] sample:		1859.88 time, 1860.01 real, 527 MB, 1.23 load
[runlim] sample:		1869.88 time, 1870.01 real, 541 MB, 1.20 load
[runlim] sample:		1879.88 time, 1880.01 real, 541 MB, 1.17 load
[runlim] sample:		1889.88 time, 1890.01 real, 532 MB, 1.14 load
[runlim] sample:		1899.88 time, 1900.01 real, 532 MB, 1.12 load
[runlim] sample:		1909.88 time, 1910.01 real, 532 MB, 1.10 load
[runlim] sample:		1919.88 time, 1920.01 real, 532 MB, 1.08 load
[runlim] sample:		1929.88 time, 1930.01 real, 532 MB, 1.07 load
[runlim] sample:		1939.87 time, 1940.01 real, 533 MB, 1.06 load
[runlim] sample:		1949.87 time, 1950.01 real, 533 MB, 1.05 load
[runlim] sample:		1959.87 time, 1960.01 real, 533 MB, 1.04 load
[runlim] sample:		1969.87 time, 1970.01 real, 533 MB, 1.04 load
[runlim] sample:		1979.87 time, 1980.01 real, 533 MB, 1.10 load
[runlim] sample:		1989.87 time, 1990.01 real, 533 MB, 1.09 load
[runlim] sample:		1999.87 time, 2000.01 real, 533 MB, 1.07 load
[runlim] sample:		2009.87 time, 2010.01 real, 533 MB, 1.06 load
[runlim] sample:		2019.87 time, 2020.01 real, 533 MB, 1.05 load
[runlim] sample:		2029.87 time, 2030.01 real, 537 MB, 1.04 load
[runlim] sample:		2039.87 time, 2040.01 real, 537 MB, 1.04 load
[runlim] sample:		2049.87 time, 2050.01 real, 537 MB, 1.03 load
SAT

=> TOTAL COMPLETION TIME (Makespan / UB): 629
Schedule is valid
 Time taken: 2057.32 seconds
[runlim] sample:		2059.87 time, 2060.01 real, 545 MB, 1.02 load
[runlim] sample:		2069.87 time, 2070.01 real, 546 MB, 1.02 load
[runlim] sample:		2079.87 time, 2080.01 real, 546 MB, 1.02 load
[runlim] sample:		2089.87 time, 2090.01 real, 546 MB, 1.01 load
[runlim] sample:		2099.87 time, 2100.01 real, 480 MB, 1.09 load
[runlim] sample:		2109.87 time, 2110.01 real, 480 MB, 1.08 load
[runlim] sample:		2119.87 time, 2120.01 real, 480 MB, 1.06 load
[runlim] sample:		2129.87 time, 2130.01 real, 480 MB, 1.05 load
[runlim] sample:		2139.86 time, 2140.01 real, 475 MB, 1.05 load
[runlim] sample:		2149.86 time, 2150.01 real, 475 MB, 1.04 load
[runlim] sample:		2159.86 time, 2160.01 real, 517 MB, 1.03 load
[runlim] sample:		2169.86 time, 2170.01 real, 517 MB, 1.03 load
[runlim] sample:		2179.85 time, 2180.01 real, 526 MB, 1.02 load
[runlim] sample:		2189.86 time, 2190.01 real, 526 MB, 1.02 load
[runlim] sample:		2199.86 time, 2200.01 real, 526 MB, 1.02 load
[runlim] sample:		2209.86 time, 2210.01 real, 526 MB, 1.01 load
[runlim] sample:		2219.86 time, 2220.01 real, 524 MB, 1.01 load
[runlim] sample:		2229.86 time, 2230.01 real, 524 MB, 1.01 load
[runlim] sample:		2239.85 time, 2240.01 real, 524 MB, 1.01 load
[runlim] sample:		2249.85 time, 2250.01 real, 524 MB, 1.00 load
[runlim] sample:		2259.85 time, 2260.01 real, 524 MB, 1.00 load
[runlim] sample:		2269.86 time, 2270.01 real, 518 MB, 1.00 load
[runlim] sample:		2279.85 time, 2280.01 real, 518 MB, 1.00 load
[runlim] sample:		2289.85 time, 2290.01 real, 518 MB, 1.00 load
[runlim] sample:		2299.85 time, 2300.01 real, 518 MB, 1.00 load
[runlim] sample:		2309.85 time, 2310.01 real, 518 MB, 1.15 load
[runlim] sample:		2319.85 time, 2320.01 real, 537 MB, 1.12 load
[runlim] sample:		2329.85 time, 2330.01 real, 538 MB, 1.10 load
[runlim] sample:		2339.85 time, 2340.01 real, 538 MB, 1.09 load
[runlim] sample:		2349.85 time, 2350.01 real, 538 MB, 1.15 load
[runlim] sample:		2359.85 time, 2360.01 real, 538 MB, 1.13 load
[runlim] sample:		2369.85 time, 2370.01 real, 538 MB, 1.11 load
[runlim] sample:		2379.85 time, 2380.01 real, 538 MB, 1.09 load
[runlim] sample:		2389.85 time, 2390.01 real, 538 MB, 1.08 load
[runlim] sample:		2399.85 time, 2400.01 real, 538 MB, 1.06 load
[runlim] sample:		2409.84 time, 2410.01 real, 538 MB, 1.05 load
[runlim] sample:		2419.84 time, 2420.01 real, 538 MB, 1.05 load
[runlim] sample:		2429.85 time, 2430.01 real, 544 MB, 1.04 load
[runlim] sample:		2439.85 time, 2440.01 real, 544 MB, 1.03 load
[runlim] sample:		2449.84 time, 2450.01 real, 544 MB, 1.03 load
SAT

=> TOTAL COMPLETION TIME (Makespan / UB): 628
Schedule is valid
 Time taken: 2458.95 seconds
[runlim] sample:		2459.84 time, 2460.01 real, 524 MB, 1.02 load
[runlim] sample:		2469.84 time, 2470.01 real, 507 MB, 1.02 load
[runlim] sample:		2479.83 time, 2480.01 real, 522 MB, 1.38 load
[runlim] sample:		2489.84 time, 2490.01 real, 522 MB, 1.32 load
[runlim] sample:		2499.84 time, 2500.01 real, 522 MB, 1.27 load
[runlim] sample:		2509.84 time, 2510.01 real, 515 MB, 1.16 load
[runlim] sample:		2519.84 time, 2520.01 real, 515 MB, 1.13 load
[runlim] sample:		2529.84 time, 2530.01 real, 515 MB, 1.11 load
[runlim] sample:		2539.84 time, 2540.01 real, 515 MB, 1.09 load
[runlim] sample:		2549.84 time, 2550.01 real, 515 MB, 1.08 load
[runlim] sample:		2559.84 time, 2560.01 real, 515 MB, 1.07 load
[runlim] sample:		2569.84 time, 2570.01 real, 515 MB, 1.06 load
[runlim] sample:		2579.83 time, 2580.01 real, 515 MB, 1.05 load
[runlim] sample:		2589.83 time, 2590.01 real, 531 MB, 1.04 load
[runlim] sample:		2599.83 time, 2600.01 real, 531 MB, 1.03 load
[runlim] sample:		2609.83 time, 2610.01 real, 531 MB, 1.03 load
[runlim] sample:		2619.83 time, 2620.01 real, 531 MB, 1.02 load
[runlim] sample:		2629.83 time, 2630.01 real, 546 MB, 1.02 load
[runlim] sample:		2639.83 time, 2640.01 real, 534 MB, 1.02 load
[runlim] sample:		2649.83 time, 2650.01 real, 534 MB, 1.01 load
[runlim] sample:		2659.83 time, 2660.01 real, 534 MB, 1.01 load
[runlim] sample:		2669.83 time, 2670.01 real, 534 MB, 1.01 load
[runlim] sample:		2679.83 time, 2680.01 real, 534 MB, 1.01 load
[runlim] sample:		2689.83 time, 2690.01 real, 534 MB, 1.00 load
[runlim] sample:		2699.83 time, 2700.01 real, 527 MB, 1.00 load
[runlim] sample:		2709.83 time, 2710.01 real, 527 MB, 1.00 load
[runlim] sample:		2719.83 time, 2720.01 real, 527 MB, 1.00 load
[runlim] sample:		2729.83 time, 2730.01 real, 527 MB, 1.08 load
[runlim] sample:		2739.83 time, 2740.01 real, 527 MB, 1.06 load
[runlim] sample:		2749.83 time, 2750.01 real, 527 MB, 1.05 load
[runlim] sample:		2759.83 time, 2760.01 real, 528 MB, 1.04 load
[runlim] sample:		2769.82 time, 2770.01 real, 528 MB, 1.04 load
[runlim] sample:		2779.83 time, 2780.01 real, 528 MB, 1.03 load
[runlim] sample:		2789.82 time, 2790.01 real, 528 MB, 1.03 load
[runlim] sample:		2799.82 time, 2800.01 real, 528 MB, 1.02 load
[runlim] sample:		2809.82 time, 2810.01 real, 528 MB, 1.02 load
[runlim] sample:		2819.82 time, 2820.01 real, 531 MB, 1.01 load
[runlim] sample:		2829.82 time, 2830.01 real, 532 MB, 1.01 load
[runlim] sample:		2839.82 time, 2840.01 real, 532 MB, 1.01 load
[runlim] sample:		2849.82 time, 2850.01 real, 532 MB, 1.09 load
[runlim] sample:		2859.82 time, 2860.01 real, 545 MB, 1.07 load
[runlim] sample:		2869.82 time, 2870.01 real, 545 MB, 1.06 load
SAT

=> TOTAL COMPLETION TIME (Makespan / UB): 627
Schedule is valid
 Time taken: 2871.08 seconds
[runlim] sample:		2879.82 time, 2880.01 real, 545 MB, 1.05 load
[runlim] sample:		2889.82 time, 2890.01 real, 545 MB, 1.04 load
[runlim] sample:		2899.82 time, 2900.01 real, 495 MB, 1.04 load
[runlim] sample:		2909.82 time, 2910.01 real, 495 MB, 1.03 load
[runlim] sample:		2919.82 time, 2920.01 real, 495 MB, 1.02 load
[runlim] sample:		2929.82 time, 2930.01 real, 509 MB, 1.02 load
[runlim] sample:		2939.82 time, 2940.01 real, 509 MB, 1.02 load
[runlim] sample:		2949.82 time, 2950.01 real, 587 MB, 1.01 load
[runlim] sample:		2959.82 time, 2960.01 real, 503 MB, 1.01 load
SAT

=> TOTAL COMPLETION TIME (Makespan / UB): 626
Schedule is valid
 Time taken: 2967.69 seconds
[runlim] sample:		2969.82 time, 2970.01 real, 516 MB, 1.01 load
[runlim] sample:		2979.82 time, 2980.01 real, 535 MB, 1.01 load
[runlim] sample:		2989.82 time, 2990.01 real, 535 MB, 1.01 load
[runlim] sample:		2999.82 time, 3000.01 real, 535 MB, 1.00 load
SAT

=> TOTAL COMPLETION TIME (Makespan / UB): 625
Schedule is valid
 Time taken: 3002.95 seconds
[runlim] sample:		3009.81 time, 3010.01 real, 537 MB, 1.00 load
[runlim] sample:		3019.81 time, 3020.01 real, 537 MB, 1.00 load
[runlim] sample:		3029.81 time, 3030.01 real, 537 MB, 1.08 load
[runlim] sample:		3039.81 time, 3040.01 real, 537 MB, 1.06 load
[runlim] sample:		3049.82 time, 3050.01 real, 488 MB, 1.05 load
[runlim] sample:		3059.82 time, 3060.01 real, 488 MB, 1.04 load
[runlim] sample:		3069.81 time, 3070.01 real, 488 MB, 1.04 load
[runlim] sample:		3079.81 time, 3080.01 real, 488 MB, 1.03 load
[runlim] sample:		3089.81 time, 3090.01 real, 503 MB, 1.03 load
[runlim] sample:		3099.81 time, 3100.01 real, 503 MB, 1.02 load
[runlim] sample:		3109.81 time, 3110.01 real, 500 MB, 1.02 load
[runlim] sample:		3119.81 time, 3120.01 real, 500 MB, 1.01 load
[runlim] sample:		3129.81 time, 3130.01 real, 500 MB, 1.01 load
[runlim] sample:		3139.81 time, 3140.01 real, 500 MB, 1.01 load
[runlim] sample:		3149.81 time, 3150.01 real, 547 MB, 1.01 load
[runlim] sample:		3159.81 time, 3160.01 real, 547 MB, 1.01 load
[runlim] sample:		3169.81 time, 3170.01 real, 547 MB, 1.00 load
[runlim] sample:		3179.81 time, 3180.01 real, 549 MB, 1.00 load
[runlim] sample:		3189.80 time, 3190.01 real, 549 MB, 1.00 load
[runlim] sample:		3199.80 time, 3200.01 real, 549 MB, 1.00 load
[runlim] sample:		3209.81 time, 3210.01 real, 539 MB, 1.08 load
[runlim] sample:		3219.81 time, 3220.01 real, 539 MB, 1.07 load
[runlim] sample:		3229.80 time, 3230.01 real, 539 MB, 1.13 load
[runlim] sample:		3239.80 time, 3240.01 real, 539 MB, 1.11 load
[runlim] sample:		3249.81 time, 3250.01 real, 539 MB, 1.09 load
[runlim] sample:		3259.80 time, 3260.01 real, 539 MB, 1.08 load
[runlim] sample:		3269.80 time, 3270.01 real, 539 MB, 1.07 load
[runlim] sample:		3279.80 time, 3280.01 real, 535 MB, 1.06 load
[runlim] sample:		3289.80 time, 3290.01 real, 535 MB, 1.05 load
[runlim] sample:		3299.80 time, 3300.01 real, 535 MB, 1.04 load
[runlim] sample:		3309.80 time, 3310.01 real, 535 MB, 1.03 load
[runlim] sample:		3319.80 time, 3320.01 real, 535 MB, 1.03 load
[runlim] sample:		3329.80 time, 3330.01 real, 535 MB, 1.02 load
[runlim] sample:		3339.80 time, 3340.01 real, 535 MB, 1.02 load
[runlim] sample:		3349.79 time, 3350.01 real, 536 MB, 1.02 load
[runlim] sample:		3359.79 time, 3360.01 real, 536 MB, 1.01 load
[runlim] sample:		3369.79 time, 3370.01 real, 536 MB, 1.01 load
[runlim] sample:		3379.79 time, 3380.01 real, 551 MB, 1.01 load
[runlim] sample:		3389.80 time, 3390.01 real, 551 MB, 1.01 load
[runlim] sample:		3399.80 time, 3400.01 real, 551 MB, 1.08 load
[runlim] sample:		3409.79 time, 3410.01 real, 560 MB, 1.07 load
[runlim] sample:		3419.79 time, 3420.01 real, 560 MB, 1.06 load
[runlim] sample:		3429.79 time, 3430.01 real, 560 MB, 1.05 load
[runlim] sample:		3439.79 time, 3440.01 real, 560 MB, 1.04 load
[runlim] sample:		3449.80 time, 3450.01 real, 558 MB, 1.03 load
[runlim] sample:		3459.80 time, 3460.01 real, 558 MB, 1.03 load
[runlim] sample:		3469.80 time, 3470.01 real, 558 MB, 1.02 load
SAT

=> TOTAL COMPLETION TIME (Makespan / UB): 624
Schedule is valid
 Time taken: 3477.80 seconds
[runlim] sample:		3479.79 time, 3480.01 real, 558 MB, 1.02 load
[runlim] sample:		3489.79 time, 3490.01 real, 507 MB, 1.02 load
[runlim] sample:		3499.79 time, 3500.01 real, 507 MB, 1.01 load
[runlim] sample:		3509.79 time, 3510.01 real, 507 MB, 1.01 load
[runlim] sample:		3519.79 time, 3520.01 real, 507 MB, 1.09 load
[runlim] sample:		3529.79 time, 3530.01 real, 507 MB, 1.07 load
[runlim] sample:		3539.79 time, 3540.01 real, 540 MB, 1.06 load
[runlim] sample:		3549.79 time, 3550.01 real, 537 MB, 1.05 load
[runlim] sample:		3559.79 time, 3560.01 real, 537 MB, 1.04 load
[runlim] sample:		3569.79 time, 3570.01 real, 537 MB, 1.04 load
[runlim] sample:		3579.79 time, 3580.01 real, 537 MB, 1.03 load
[runlim] sample:		3589.79 time, 3590.01 real, 537 MB, 1.03 load
[runlim] sample:		3599.78 time, 3600.01 real, 533 MB, 1.10 load
[runlim] sample:		3609.78 time, 3610.01 real, 533 MB, 1.09 load
[runlim] sample:		3619.78 time, 3620.01 real, 533 MB, 1.07 load
[runlim] sample:		3629.78 time, 3630.01 real, 533 MB, 1.06 load
[runlim] sample:		3639.78 time, 3640.01 real, 533 MB, 1.05 load
[runlim] sample:		3649.78 time, 3650.01 real, 547 MB, 1.26 load
[runlim] sample:		3659.78 time, 3660.01 real, 547 MB, 1.22 load
[runlim] sample:		3669.78 time, 3670.01 real, 547 MB, 1.19 load
[runlim] sample:		3679.77 time, 3680.01 real, 547 MB, 1.16 load
[runlim] sample:		3689.78 time, 3690.01 real, 547 MB, 1.13 load
[runlim] sample:		3699.78 time, 3700.01 real, 547 MB, 1.11 load
[runlim] sample:		3709.77 time, 3710.01 real, 547 MB, 1.10 load
[runlim] sample:		3719.78 time, 3720.01 real, 529 MB, 1.08 load
[runlim] sample:		3729.78 time, 3730.01 real, 529 MB, 1.07 load
[runlim] sample:		3739.77 time, 3740.01 real, 529 MB, 1.06 load
[runlim] sample:		3749.78 time, 3750.01 real, 552 MB, 1.05 load
[runlim] sample:		3759.78 time, 3760.01 real, 552 MB, 1.04 load
[runlim] sample:		3769.78 time, 3770.01 real, 552 MB, 1.03 load
[runlim] sample:		3779.77 time, 3780.01 real, 552 MB, 1.03 load
[runlim] sample:		3789.77 time, 3790.01 real, 552 MB, 1.02 load
[runlim] sample:		3799.77 time, 3800.01 real, 554 MB, 1.02 load
[runlim] sample:		3809.77 time, 3810.01 real, 554 MB, 1.10 load
[runlim] sample:		3819.77 time, 3820.01 real, 554 MB, 1.15 load
[runlim] sample:		3829.77 time, 3830.01 real, 554 MB, 1.13 load
[runlim] sample:		3839.77 time, 3840.01 real, 554 MB, 1.11 load
[runlim] sample:		3849.77 time, 3850.01 real, 554 MB, 1.17 load
[runlim] sample:		3859.77 time, 3860.01 real, 554 MB, 1.15 load
[runlim] sample:		3869.77 time, 3870.01 real, 554 MB, 1.12 load
[runlim] sample:		3879.77 time, 3880.01 real, 555 MB, 1.10 load
[runlim] sample:		3889.77 time, 3890.01 real, 555 MB, 1.09 load
[runlim] sample:		3899.76 time, 3900.01 real, 555 MB, 1.07 load
[runlim] sample:		3909.76 time, 3910.01 real, 555 MB, 1.06 load
[runlim] sample:		3919.77 time, 3920.01 real, 567 MB, 1.05 load
[runlim] sample:		3929.77 time, 3930.01 real, 567 MB, 1.04 load
[runlim] sample:		3939.77 time, 3940.01 real, 567 MB, 1.04 load
[runlim] sample:		3949.77 time, 3950.01 real, 567 MB, 1.03 load
[runlim] sample:		3959.77 time, 3960.01 real, 567 MB, 1.02 load
[runlim] sample:		3969.76 time, 3970.01 real, 568 MB, 1.02 load
SAT

=> TOTAL COMPLETION TIME (Makespan / UB): 623
Schedule is valid
 Time taken: 3970.54 seconds
[runlim] sample:		3979.77 time, 3980.01 real, 522 MB, 1.09 load
[runlim] sample:		3989.76 time, 3990.01 real, 522 MB, 1.08 load
[runlim] sample:		3999.76 time, 4000.01 real, 522 MB, 1.06 load
[runlim] sample:		4009.76 time, 4010.01 real, 522 MB, 1.05 load
[runlim] sample:		4019.76 time, 4020.01 real, 522 MB, 1.05 load
[runlim] sample:		4029.76 time, 4030.01 real, 522 MB, 1.04 load
[runlim] sample:		4039.76 time, 4040.01 real, 522 MB, 1.03 load
[runlim] sample:		4049.76 time, 4050.01 real, 515 MB, 1.03 load
[runlim] sample:		4059.76 time, 4060.01 real, 515 MB, 1.02 load
[runlim] sample:		4069.76 time, 4070.01 real, 515 MB, 1.02 load
[runlim] sample:		4079.76 time, 4080.01 real, 515 MB, 1.02 load
[runlim] sample:		4089.76 time, 4090.01 real, 515 MB, 1.01 load
[runlim] sample:		4099.76 time, 4100.01 real, 520 MB, 1.09 load
[runlim] sample:		4109.76 time, 4110.01 real, 520 MB, 1.08 load
[runlim] sample:		4119.76 time, 4120.01 real, 520 MB, 1.06 load
[runlim] sample:		4129.76 time, 4130.01 real, 520 MB, 1.05 load
[runlim] sample:		4139.76 time, 4140.01 real, 520 MB, 1.04 load
[runlim] sample:		4149.75 time, 4150.01 real, 538 MB, 1.04 load
[runlim] sample:		4159.76 time, 4160.01 real, 532 MB, 1.03 load
[runlim] sample:		4169.76 time, 4170.01 real, 532 MB, 1.03 load
[runlim] sample:		4179.75 time, 4180.01 real, 550 MB, 1.02 load
[runlim] sample:		4189.75 time, 4190.01 real, 550 MB, 1.02 load
[runlim] sample:		4199.75 time, 4200.01 real, 550 MB, 1.01 load
[runlim] sample:		4209.75 time, 4210.01 real, 550 MB, 1.01 load
[runlim] sample:		4219.75 time, 4220.01 real, 550 MB, 1.01 load
[runlim] sample:		4229.75 time, 4230.01 real, 550 MB, 1.08 load
[runlim] sample:		4239.75 time, 4240.01 real, 550 MB, 1.07 load
[runlim] sample:		4249.75 time, 4250.01 real, 547 MB, 1.06 load
[runlim] sample:		4259.75 time, 4260.01 real, 547 MB, 1.05 load
[runlim] sample:		4269.75 time, 4270.01 real, 547 MB, 1.04 load
[runlim] sample:		4279.75 time, 4280.01 real, 547 MB, 1.03 load
[runlim] sample:		4289.75 time, 4290.01 real, 548 MB, 1.03 load
[runlim] sample:		4299.75 time, 4300.01 real, 548 MB, 1.02 load
[runlim] sample:		4309.75 time, 4310.01 real, 549 MB, 1.02 load
[runlim] sample:		4319.75 time, 4320.01 real, 549 MB, 1.02 load
[runlim] sample:		4329.74 time, 4330.01 real, 551 MB, 1.01 load
[runlim] sample:		4339.74 time, 4340.01 real, 551 MB, 1.01 load
[runlim] sample:		4349.74 time, 4350.01 real, 551 MB, 1.09 load
[runlim] sample:		4359.75 time, 4360.01 real, 551 MB, 1.07 load
[runlim] sample:		4369.75 time, 4370.01 real, 551 MB, 1.06 load
[runlim] sample:		4379.75 time, 4380.01 real, 551 MB, 1.05 load
[runlim] sample:		4389.75 time, 4390.01 real, 551 MB, 1.04 load
SAT

=> TOTAL COMPLETION TIME (Makespan / UB): 622
Schedule is valid
 Time taken: 4395.55 seconds
[runlim] sample:		4399.74 time, 4400.01 real, 528 MB, 1.04 load
[runlim] sample:		4409.74 time, 4410.01 real, 528 MB, 1.11 load
[runlim] sample:		4419.74 time, 4420.01 real, 528 MB, 1.09 load
[runlim] sample:		4429.74 time, 4430.01 real, 528 MB, 1.08 load
[runlim] sample:		4439.74 time, 4440.01 real, 564 MB, 1.07 load
[runlim] sample:		4449.74 time, 4450.01 real, 571 MB, 1.06 load
[runlim] sample:		4459.74 time, 4460.01 real, 571 MB, 1.05 load
[runlim] sample:		4469.73 time, 4470.01 real, 557 MB, 1.04 load
[runlim] sample:		4479.73 time, 4480.01 real, 557 MB, 1.11 load
[runlim] sample:		4489.73 time, 4490.01 real, 557 MB, 1.09 load
[runlim] sample:		4499.73 time, 4500.01 real, 557 MB, 1.08 load
[runlim] sample:		4509.73 time, 4510.01 real, 557 MB, 1.06 load
[runlim] sample:		4519.73 time, 4520.01 real, 557 MB, 1.05 load
[runlim] sample:		4529.73 time, 4530.01 real, 557 MB, 1.04 load
[runlim] sample:		4539.73 time, 4540.01 real, 559 MB, 1.04 load
[runlim] sample:		4549.73 time, 4550.01 real, 559 MB, 1.03 load
[runlim] sample:		4559.73 time, 4560.01 real, 559 MB, 1.03 load
[runlim] sample:		4569.73 time, 4570.01 real, 559 MB, 1.02 load
[runlim] sample:		4579.73 time, 4580.01 real, 559 MB, 1.02 load
[runlim] sample:		4589.73 time, 4590.01 real, 561 MB, 1.01 load
[runlim] sample:		4599.73 time, 4600.01 real, 561 MB, 1.09 load
[runlim] sample:		4609.73 time, 4610.01 real, 561 MB, 1.08 load
[runlim] sample:		4619.73 time, 4620.01 real, 561 MB, 1.06 load
[runlim] sample:		4629.73 time, 4630.01 real, 561 MB, 1.05 load
[runlim] sample:		4639.73 time, 4640.01 real, 561 MB, 1.05 load
[runlim] sample:		4649.73 time, 4650.01 real, 561 MB, 1.04 load
[runlim] sample:		4659.73 time, 4660.01 real, 561 MB, 1.03 load
[runlim] sample:		4669.72 time, 4670.01 real, 547 MB, 1.03 load
[runlim] sample:		4679.73 time, 4680.01 real, 569 MB, 1.02 load
[runlim] sample:		4689.73 time, 4690.01 real, 569 MB, 1.02 load
[runlim] sample:		4699.73 time, 4700.01 real, 569 MB, 1.02 load
[runlim] sample:		4709.73 time, 4710.01 real, 569 MB, 1.01 load
[runlim] sample:		4719.73 time, 4720.01 real, 569 MB, 1.01 load
[runlim] sample:		4729.73 time, 4730.01 real, 569 MB, 1.08 load
[runlim] sample:		4739.73 time, 4740.01 real, 569 MB, 1.07 load
[runlim] sample:		4749.72 time, 4750.01 real, 569 MB, 1.06 load
[runlim] sample:		4759.73 time, 4760.01 real, 571 MB, 1.05 load
[runlim] sample:		4769.73 time, 4770.01 real, 571 MB, 1.12 load
[runlim] sample:		4779.73 time, 4780.01 real, 571 MB, 1.10 load
[runlim] sample:		4789.73 time, 4790.01 real, 571 MB, 1.09 load
[runlim] sample:		4799.73 time, 4800.01 real, 571 MB, 1.07 load
[runlim] sample:		4809.73 time, 4810.01 real, 571 MB, 1.06 load
[runlim] sample:		4819.72 time, 4820.01 real, 571 MB, 1.05 load
[runlim] sample:		4829.72 time, 4830.01 real, 585 MB, 1.04 load
SAT

=> TOTAL COMPLETION TIME (Makespan / UB): 621
Schedule is valid
 Time taken: 4837.37 seconds
[runlim] sample:		4839.72 time, 4840.01 real, 585 MB, 1.04 load
[runlim] sample:		4849.72 time, 4850.01 real, 585 MB, 1.11 load
[runlim] sample:		4859.72 time, 4860.01 real, 585 MB, 1.09 load
[runlim] sample:		4869.71 time, 4870.01 real, 585 MB, 1.08 load
[runlim] sample:		4879.72 time, 4880.01 real, 585 MB, 1.07 load
[runlim] sample:		4889.72 time, 4890.01 real, 585 MB, 1.06 load
[runlim] sample:		4899.72 time, 4900.01 real, 530 MB, 1.05 load
[runlim] sample:		4909.72 time, 4910.01 real, 530 MB, 1.04 load
[runlim] sample:		4919.72 time, 4920.01 real, 530 MB, 1.03 load
[runlim] sample:		4929.72 time, 4930.01 real, 530 MB, 1.03 load
[runlim] sample:		4939.72 time, 4940.01 real, 530 MB, 1.02 load
[runlim] sample:		4949.72 time, 4950.01 real, 565 MB, 1.02 load
[runlim] sample:		4959.71 time, 4960.01 real, 565 MB, 1.02 load
[runlim] sample:		4969.71 time, 4970.01 real, 567 MB, 1.01 load
[runlim] sample:		4979.71 time, 4980.01 real, 567 MB, 1.08 load
[runlim] sample:		4989.72 time, 4990.01 real, 567 MB, 1.07 load
[runlim] sample:		4999.71 time, 5000.01 real, 567 MB, 1.06 load
[runlim] sample:		5009.71 time, 5010.01 real, 567 MB, 1.13 load
[runlim] sample:		5019.71 time, 5020.01 real, 567 MB, 1.11 load
[runlim] sample:		5029.71 time, 5030.01 real, 569 MB, 1.09 load
[runlim] sample:		5039.71 time, 5040.01 real, 569 MB, 1.08 load
[runlim] sample:		5049.71 time, 5050.01 real, 569 MB, 1.07 load
[runlim] sample:		5059.71 time, 5060.01 real, 569 MB, 1.06 load
[runlim] sample:		5069.71 time, 5070.01 real, 569 MB, 1.05 load
[runlim] sample:		5079.71 time, 5080.01 real, 569 MB, 1.04 load
[runlim] sample:		5089.71 time, 5090.01 real, 569 MB, 1.03 load
[runlim] sample:		5099.71 time, 5100.01 real, 569 MB, 1.11 load
[runlim] sample:		5109.71 time, 5110.01 real, 569 MB, 1.09 load
[runlim] sample:		5119.70 time, 5120.01 real, 554 MB, 1.08 load
[runlim] sample:		5129.70 time, 5130.01 real, 554 MB, 1.06 load
[runlim] sample:		5139.70 time, 5140.01 real, 554 MB, 1.05 load
[runlim] sample:		5149.70 time, 5150.01 real, 554 MB, 1.05 load
[runlim] sample:		5159.70 time, 5160.01 real, 554 MB, 1.04 load
[runlim] sample:		5169.70 time, 5170.01 real, 554 MB, 1.03 load
[runlim] sample:		5179.70 time, 5180.01 real, 554 MB, 1.03 load
[runlim] sample:		5189.70 time, 5190.01 real, 554 MB, 1.02 load
[runlim] sample:		5199.70 time, 5200.01 real, 554 MB, 1.02 load
[runlim] sample:		5209.70 time, 5210.01 real, 559 MB, 1.02 load
[runlim] sample:		5219.71 time, 5220.01 real, 559 MB, 1.01 load
[runlim] sample:		5229.71 time, 5230.01 real, 559 MB, 1.08 load
[runlim] sample:		5239.70 time, 5240.01 real, 559 MB, 1.07 load
[runlim] sample:		5249.70 time, 5250.01 real, 559 MB, 1.06 load
[runlim] sample:		5259.70 time, 5260.01 real, 559 MB, 1.05 load
[runlim] sample:		5269.70 time, 5270.01 real, 559 MB, 1.04 load
[runlim] sample:		5279.70 time, 5280.01 real, 559 MB, 1.04 load
[runlim] sample:		5289.70 time, 5290.01 real, 559 MB, 1.03 load
SAT

=> TOTAL COMPLETION TIME (Makespan / UB): 620
Schedule is valid
 Time taken: 5292.42 seconds
[runlim] sample:		5299.70 time, 5300.01 real, 522 MB, 1.03 load
[runlim] sample:		5309.69 time, 5310.01 real, 522 MB, 1.02 load
[runlim] sample:		5319.69 time, 5320.01 real, 522 MB, 1.02 load
[runlim] sample:		5329.69 time, 5330.01 real, 522 MB, 1.02 load
[runlim] sample:		5339.69 time, 5340.01 real, 522 MB, 1.01 load
[runlim] sample:		5349.69 time, 5350.01 real, 522 MB, 1.01 load
[runlim] sample:		5359.69 time, 5360.01 real, 522 MB, 1.08 load
[runlim] sample:		5369.69 time, 5370.01 real, 517 MB, 1.07 load
[runlim] sample:		5379.69 time, 5380.01 real, 517 MB, 1.06 load
[runlim] sample:		5389.69 time, 5390.01 real, 517 MB, 1.05 load
[runlim] sample:		5399.69 time, 5400.01 real, 517 MB, 1.04 load
[runlim] sample:		5409.69 time, 5410.01 real, 517 MB, 1.03 load
[runlim] sample:		5419.69 time, 5420.01 real, 517 MB, 1.03 load
[runlim] sample:		5429.69 time, 5430.01 real, 517 MB, 1.02 load
[runlim] sample:		5439.69 time, 5440.01 real, 518 MB, 1.02 load
[runlim] sample:		5449.69 time, 5450.01 real, 518 MB, 1.02 load
[runlim] sample:		5459.68 time, 5460.01 real, 556 MB, 1.01 load
[runlim] sample:		5469.68 time, 5470.01 real, 578 MB, 1.01 load
[runlim] sample:		5479.68 time, 5480.01 real, 578 MB, 1.09 load
[runlim] sample:		5489.68 time, 5490.01 real, 578 MB, 1.07 load
[runlim] sample:		5499.68 time, 5500.01 real, 578 MB, 1.06 load
[runlim] sample:		5509.68 time, 5510.01 real, 575 MB, 1.05 load
[runlim] sample:		5519.69 time, 5520.01 real, 575 MB, 1.04 load
[runlim] sample:		5529.69 time, 5530.01 real, 575 MB, 1.04 load
[runlim] sample:		5539.69 time, 5540.01 real, 575 MB, 1.03 load
[runlim] sample:		5549.69 time, 5550.01 real, 575 MB, 1.35 load
[runlim] sample:		5559.69 time, 5560.01 real, 575 MB, 1.29 load
[runlim] sample:		5569.69 time, 5570.01 real, 575 MB, 1.25 load
[runlim] sample:		5579.68 time, 5580.01 real, 575 MB, 1.21 load
[runlim] sample:		5589.68 time, 5590.01 real, 575 MB, 1.18 load
[runlim] sample:		5599.68 time, 5600.01 real, 575 MB, 1.15 load
[runlim] sample:		5609.68 time, 5610.01 real, 570 MB, 1.20 load
[runlim] sample:		5619.68 time, 5620.01 real, 570 MB, 1.24 load
[runlim] sample:		5629.68 time, 5630.01 real, 570 MB, 1.20 load
[runlim] sample:		5639.68 time, 5640.01 real, 570 MB, 1.17 load
[runlim] sample:		5649.68 time, 5650.01 real, 570 MB, 1.15 load
[runlim] sample:		5659.68 time, 5660.01 real, 570 MB, 1.12 load
[runlim] sample:		5669.68 time, 5670.01 real, 570 MB, 1.10 load
[runlim] sample:		5679.68 time, 5680.01 real, 570 MB, 1.09 load
[runlim] sample:		5689.68 time, 5690.01 real, 570 MB, 1.07 load
[runlim] sample:		5699.68 time, 5700.01 real, 570 MB, 1.06 load
[runlim] sample:		5709.67 time, 5710.01 real, 572 MB, 1.05 load
[runlim] sample:		5719.67 time, 5720.01 real, 572 MB, 1.04 load
[runlim] sample:		5729.67 time, 5730.01 real, 572 MB, 1.12 load
[runlim] sample:		5739.68 time, 5740.01 real, 572 MB, 1.10 load
[runlim] sample:		5749.67 time, 5750.01 real, 572 MB, 1.08 load
SAT

=> TOTAL COMPLETION TIME (Makespan / UB): 619
Schedule is valid
 Time taken: 5751.34 seconds
[runlim] sample:		5759.68 time, 5760.01 real, 572 MB, 1.07 load
[runlim] sample:		5769.67 time, 5770.01 real, 584 MB, 1.06 load
[runlim] sample:		5779.67 time, 5780.01 real, 584 MB, 1.05 load
[runlim] sample:		5789.67 time, 5790.01 real, 543 MB, 1.04 load
[runlim] sample:		5799.67 time, 5800.01 real, 543 MB, 1.11 load
[runlim] sample:		5809.67 time, 5810.01 real, 543 MB, 1.09 load
[runlim] sample:		5819.66 time, 5820.01 real, 543 MB, 1.08 load
[runlim] sample:		5829.67 time, 5830.01 real, 543 MB, 1.06 load
[runlim] sample:		5839.67 time, 5840.01 real, 543 MB, 1.05 load
[runlim] sample:		5849.66 time, 5850.01 real, 543 MB, 1.05 load
[runlim] sample:		5859.66 time, 5860.01 real, 543 MB, 1.11 load
[runlim] sample:		5869.67 time, 5870.01 real, 536 MB, 1.09 load
[runlim] sample:		5879.67 time, 5880.01 real, 536 MB, 1.08 load
[runlim] sample:		5889.67 time, 5890.01 real, 536 MB, 1.07 load
[runlim] sample:		5899.67 time, 5900.01 real, 536 MB, 1.06 load
[runlim] sample:		5909.67 time, 5910.01 real, 536 MB, 1.05 load
[runlim] sample:		5919.67 time, 5920.01 real, 551 MB, 1.04 load
[runlim] sample:		5929.67 time, 5930.01 real, 551 MB, 1.03 load
[runlim] sample:		5939.67 time, 5940.01 real, 551 MB, 1.03 load
[runlim] sample:		5949.67 time, 5950.01 real, 551 MB, 1.02 load
[runlim] sample:		5959.66 time, 5960.01 real, 551 MB, 1.02 load
[runlim] sample:		5969.66 time, 5970.01 real, 551 MB, 1.02 load
[runlim] sample:		5979.66 time, 5980.01 real, 551 MB, 1.09 load
[runlim] sample:		5989.66 time, 5990.01 real, 551 MB, 1.08 load
[runlim] sample:		5999.66 time, 6000.01 real, 551 MB, 1.07 load
[runlim] sample:		6009.66 time, 6010.01 real, 551 MB, 1.06 load
[runlim] sample:		6019.65 time, 6020.01 real, 537 MB, 1.05 load
[runlim] sample:		6029.66 time, 6030.01 real, 537 MB, 1.04 load
[runlim] sample:		6039.65 time, 6040.01 real, 537 MB, 1.03 load
[runlim] sample:		6049.65 time, 6050.01 real, 537 MB, 1.03 load
[runlim] sample:		6059.66 time, 6060.01 real, 577 MB, 1.02 load
[runlim] sample:		6069.66 time, 6070.01 real, 577 MB, 1.02 load
[runlim] sample:		6079.66 time, 6080.01 real, 577 MB, 1.02 load
[runlim] sample:		6089.66 time, 6090.01 real, 577 MB, 1.01 load
[runlim] sample:		6099.66 time, 6100.01 real, 577 MB, 1.01 load
[runlim] sample:		6109.66 time, 6110.01 real, 577 MB, 1.01 load
[runlim] sample:		6119.66 time, 6120.01 real, 577 MB, 1.01 load
[runlim] sample:		6129.65 time, 6130.01 real, 573 MB, 1.00 load
[runlim] sample:		6139.65 time, 6140.01 real, 573 MB, 1.00 load
[runlim] sample:		6149.65 time, 6150.01 real, 573 MB, 1.00 load
[runlim] sample:		6159.65 time, 6160.01 real, 573 MB, 1.00 load
[runlim] sample:		6169.65 time, 6170.01 real, 573 MB, 1.00 load
[runlim] sample:		6179.65 time, 6180.01 real, 573 MB, 1.00 load
[runlim] sample:		6189.65 time, 6190.01 real, 573 MB, 1.00 load
[runlim] sample:		6199.65 time, 6200.01 real, 573 MB, 1.00 load
[runlim] sample:		6209.65 time, 6210.01 real, 580 MB, 1.00 load
[runlim] sample:		6219.65 time, 6220.01 real, 580 MB, 1.00 load
SAT

=> TOTAL COMPLETION TIME (Makespan / UB): 618
Schedule is valid
 Time taken: 6223.48 seconds
[runlim] sample:		6229.65 time, 6230.01 real, 537 MB, 1.08 load
[runlim] sample:		6239.65 time, 6240.01 real, 537 MB, 1.07 load
[runlim] sample:		6249.65 time, 6250.01 real, 537 MB, 1.06 load
[runlim] sample:		6259.65 time, 6260.01 real, 537 MB, 1.05 load
[runlim] sample:		6269.65 time, 6270.01 real, 537 MB, 1.04 load
[runlim] sample:		6279.65 time, 6280.01 real, 537 MB, 1.03 load
[runlim] sample:		6289.65 time, 6290.01 real, 546 MB, 1.03 load
[runlim] sample:		6299.65 time, 6300.01 real, 546 MB, 1.02 load
[runlim] sample:		6309.65 time, 6310.01 real, 546 MB, 1.02 load
[runlim] sample:		6319.65 time, 6320.01 real, 546 MB, 1.02 load
[runlim] sample:		6329.65 time, 6330.01 real, 546 MB, 1.01 load
[runlim] sample:		6339.65 time, 6340.01 real, 546 MB, 1.01 load
[runlim] sample:		6349.65 time, 6350.01 real, 546 MB, 1.01 load
[runlim] sample:		6359.65 time, 6360.01 real, 567 MB, 1.08 load
[runlim] sample:		6369.65 time, 6370.01 real, 587 MB, 1.07 load
[runlim] sample:		6379.65 time, 6380.01 real, 539 MB, 1.06 load
[runlim] sample:		6389.65 time, 6390.01 real, 539 MB, 1.05 load
[runlim] sample:		6399.65 time, 6400.01 real, 539 MB, 1.12 load
[runlim] sample:		6409.65 time, 6410.01 real, 539 MB, 1.10 load
[runlim] sample:		6419.65 time, 6420.01 real, 539 MB, 1.08 load
[runlim] sample:		6429.64 time, 6430.01 real, 539 MB, 1.07 load
[runlim] sample:		6439.64 time, 6440.01 real, 539 MB, 1.06 load
[runlim] sample:		6449.64 time, 6450.01 real, 539 MB, 1.05 load
[runlim] sample:		6459.64 time, 6460.01 real, 539 MB, 1.04 load
[runlim] sample:		6469.64 time, 6470.01 real, 539 MB, 1.04 load
[runlim] sample:		6479.64 time, 6480.01 real, 539 MB, 1.03 load
[runlim] sample:		6489.64 time, 6490.01 real, 539 MB, 1.02 load
[runlim] sample:		6499.64 time, 6500.01 real, 539 MB, 1.02 load
[runlim] sample:		6509.64 time, 6510.01 real, 539 MB, 1.02 load
[runlim] sample:		6519.63 time, 6520.01 real, 539 MB, 1.01 load
[runlim] sample:		6529.63 time, 6530.01 real, 539 MB, 1.01 load
[runlim] sample:		6539.63 time, 6540.01 real, 539 MB, 1.01 load
[runlim] sample:		6549.63 time, 6550.01 real, 539 MB, 1.01 load
[runlim] sample:		6559.63 time, 6560.01 real, 539 MB, 1.01 load
[runlim] sample:		6569.63 time, 6570.01 real, 539 MB, 1.00 load
[runlim] sample:		6579.64 time, 6580.01 real, 533 MB, 1.00 load
[runlim] sample:		6589.64 time, 6590.01 real, 533 MB, 1.00 load
[runlim] sample:		6599.64 time, 6600.01 real, 533 MB, 1.00 load
[runlim] sample:		6609.63 time, 6610.01 real, 533 MB, 1.00 load
[runlim] sample:		6619.63 time, 6620.01 real, 533 MB, 1.00 load
[runlim] sample:		6629.64 time, 6630.01 real, 533 MB, 1.00 load
[runlim] sample:		6639.63 time, 6640.01 real, 533 MB, 1.00 load
[runlim] sample:		6649.63 time, 6650.01 real, 533 MB, 1.00 load
[runlim] sample:		6659.63 time, 6660.01 real, 533 MB, 1.00 load
[runlim] sample:		6669.63 time, 6670.01 real, 533 MB, 1.00 load
[runlim] sample:		6679.63 time, 6680.01 real, 533 MB, 1.00 load
[runlim] sample:		6689.62 time, 6690.01 real, 534 MB, 1.00 load
[runlim] sample:		6699.63 time, 6700.01 real, 534 MB, 1.00 load
[runlim] sample:		6709.63 time, 6710.01 real, 571 MB, 1.00 load
[runlim] sample:		6719.63 time, 6720.01 real, 571 MB, 1.00 load
[runlim] sample:		6729.63 time, 6730.01 real, 571 MB, 1.00 load
SAT

=> TOTAL COMPLETION TIME (Makespan / UB): 617
Schedule is valid
 Time taken: 6735.44 seconds
[runlim] sample:		6739.63 time, 6740.01 real, 571 MB, 1.00 load
[runlim] sample:		6749.63 time, 6750.01 real, 571 MB, 1.00 load
[runlim] sample:		6759.63 time, 6760.01 real, 571 MB, 1.00 load
[runlim] sample:		6769.62 time, 6770.01 real, 515 MB, 1.00 load
[runlim] sample:		6779.62 time, 6780.01 real, 515 MB, 1.00 load
[runlim] sample:		6789.62 time, 6790.01 real, 515 MB, 1.00 load
[runlim] sample:		6799.62 time, 6800.01 real, 515 MB, 1.00 load
[runlim] sample:		6809.62 time, 6810.01 real, 515 MB, 1.00 load
[runlim] sample:		6819.62 time, 6820.01 real, 515 MB, 1.00 load
[runlim] sample:		6829.62 time, 6830.01 real, 515 MB, 1.00 load
[runlim] sample:		6839.62 time, 6840.01 real, 515 MB, 1.00 load
[runlim] sample:		6849.62 time, 6850.01 real, 515 MB, 1.00 load
[runlim] sample:		6859.63 time, 6860.01 real, 512 MB, 1.00 load
[runlim] sample:		6869.62 time, 6870.01 real, 528 MB, 1.00 load
[runlim] sample:		6879.62 time, 6880.01 real, 528 MB, 1.00 load
[runlim] sample:		6889.62 time, 6890.01 real, 528 MB, 1.00 load
[runlim] sample:		6899.62 time, 6900.01 real, 528 MB, 1.07 load
[runlim] sample:		6909.61 time, 6910.01 real, 528 MB, 1.06 load
[runlim] sample:		6919.62 time, 6920.01 real, 528 MB, 1.05 load
[runlim] sample:		6929.62 time, 6930.01 real, 529 MB, 1.04 load
[runlim] sample:		6939.62 time, 6940.01 real, 529 MB, 1.04 load
[runlim] sample:		6949.61 time, 6950.01 real, 529 MB, 1.03 load
[runlim] sample:		6959.61 time, 6960.01 real, 529 MB, 1.02 load
[runlim] sample:		6969.61 time, 6970.01 real, 529 MB, 1.02 load
[runlim] sample:		6979.61 time, 6980.01 real, 529 MB, 1.10 load
[runlim] sample:		6989.61 time, 6990.01 real, 529 MB, 1.08 load
[runlim] sample:		6999.62 time, 7000.01 real, 568 MB, 1.07 load
[runlim] sample:		7009.61 time, 7010.01 real, 569 MB, 1.06 load
[runlim] sample:		7019.61 time, 7020.01 real, 569 MB, 1.05 load
[runlim] sample:		7029.61 time, 7030.01 real, 569 MB, 1.04 load
[runlim] sample:		7039.61 time, 7040.01 real, 569 MB, 1.03 load
[runlim] sample:		7049.62 time, 7050.01 real, 563 MB, 1.03 load
[runlim] sample:		7059.62 time, 7060.01 real, 563 MB, 1.02 load
[runlim] sample:		7069.61 time, 7070.01 real, 563 MB, 1.02 load
[runlim] sample:		7079.61 time, 7080.01 real, 563 MB, 1.02 load
[runlim] sample:		7089.61 time, 7090.01 real, 563 MB, 1.01 load
[runlim] sample:		7099.61 time, 7100.01 real, 563 MB, 1.01 load
[runlim] sample:		7109.61 time, 7110.01 real, 563 MB, 1.01 load
[runlim] sample:		7119.61 time, 7120.01 real, 564 MB, 1.01 load
[runlim] sample:		7129.61 time, 7130.01 real, 564 MB, 1.00 load
[runlim] sample:		7139.61 time, 7140.01 real, 564 MB, 1.00 load
[runlim] sample:		7149.61 time, 7150.01 real, 564 MB, 1.08 load
[runlim] sample:		7159.61 time, 7160.01 real, 651 MB, 1.07 load
[runlim] sample:		7169.60 time, 7170.01 real, 565 MB, 1.06 load
[runlim] sample:		7179.60 time, 7180.01 real, 565 MB, 1.05 load
[runlim] sample:		7189.60 time, 7190.01 real, 565 MB, 1.04 load
[runlim] sample:		7199.60 time, 7200.01 real, 565 MB, 1.03 load
[runlim] sample:		7209.60 time, 7210.01 real, 565 MB, 1.03 load
[runlim] sample:		7219.60 time, 7220.01 real, 565 MB, 1.02 load
[runlim] sample:		7229.60 time, 7230.01 real, 565 MB, 1.10 load
[runlim] sample:		7239.60 time, 7240.01 real, 565 MB, 1.08 load
[runlim] sample:		7249.59 time, 7250.01 real, 565 MB, 1.07 load
[runlim] sample:		7259.61 time, 7260.01 real, 573 MB, 1.06 load
[runlim] sample:		7269.61 time, 7270.01 real, 573 MB, 1.05 load
[runlim] sample:		7279.60 time, 7280.01 real, 573 MB, 1.12 load
SAT

=> TOTAL COMPLETION TIME (Makespan / UB): 616
Schedule is valid
 Time taken: 7282.41 seconds
[runlim] sample:		7289.60 time, 7290.01 real, 573 MB, 1.10 load
[runlim] sample:		7299.60 time, 7300.01 real, 573 MB, 1.08 load
[runlim] sample:		7309.60 time, 7310.01 real, 573 MB, 1.07 load
[runlim] sample:		7319.60 time, 7320.01 real, 573 MB, 1.06 load
[runlim] sample:		7329.60 time, 7330.01 real, 525 MB, 1.05 load
[runlim] sample:		7339.60 time, 7340.01 real, 597 MB, 1.04 load
[runlim] sample:		7349.60 time, 7350.01 real, 597 MB, 1.03 load
[runlim] sample:		7359.59 time, 7360.01 real, 597 MB, 1.03 load
[runlim] sample:		7369.59 time, 7370.01 real, 597 MB, 1.02 load
[runlim] sample:		7379.59 time, 7380.01 real, 597 MB, 1.02 load
[runlim] sample:		7389.59 time, 7390.01 real, 597 MB, 1.02 load
[runlim] sample:		7399.59 time, 7400.01 real, 597 MB, 1.01 load
[runlim] sample:		7409.59 time, 7410.01 real, 597 MB, 1.01 load
[runlim] sample:		7419.59 time, 7420.01 real, 597 MB, 1.01 load
[runlim] sample:		7429.59 time, 7430.01 real, 579 MB, 1.01 load
[runlim] sample:		7439.59 time, 7440.01 real, 579 MB, 1.00 load
[runlim] sample:		7449.59 time, 7450.01 real, 579 MB, 1.00 load
[runlim] sample:		7459.59 time, 7460.01 real, 579 MB, 1.00 load
[runlim] sample:		7469.59 time, 7470.01 real, 579 MB, 1.00 load
[runlim] sample:		7479.59 time, 7480.01 real, 579 MB, 1.08 load
[runlim] sample:		7489.59 time, 7490.01 real, 579 MB, 1.07 load
[runlim] sample:		7499.59 time, 7500.01 real, 579 MB, 1.06 load
[runlim] sample:		7509.59 time, 7510.01 real, 687 MB, 1.05 load
[runlim] sample:		7519.59 time, 7520.01 real, 592 MB, 1.04 load
[runlim] sample:		7529.59 time, 7530.01 real, 592 MB, 1.03 load
[runlim] sample:		7539.59 time, 7540.01 real, 592 MB, 1.03 load
[runlim] sample:		7549.59 time, 7550.01 real, 592 MB, 1.02 load
[runlim] sample:		7559.59 time, 7560.01 real, 592 MB, 1.02 load
[runlim] sample:		7569.58 time, 7570.01 real, 592 MB, 1.02 load
[runlim] sample:		7579.58 time, 7580.01 real, 592 MB, 1.01 load
[runlim] sample:		7589.58 time, 7590.01 real, 592 MB, 1.01 load
[runlim] sample:		7599.58 time, 7600.01 real, 592 MB, 1.01 load
[runlim] sample:		7609.57 time, 7610.01 real, 592 MB, 1.01 load
[runlim] sample:		7619.58 time, 7620.01 real, 592 MB, 1.00 load
[runlim] sample:		7629.58 time, 7630.01 real, 578 MB, 1.00 load
[runlim] sample:		7639.58 time, 7640.01 real, 578 MB, 1.00 load
[runlim] sample:		7649.58 time, 7650.01 real, 578 MB, 1.00 load
[runlim] sample:		7659.58 time, 7660.01 real, 578 MB, 1.00 load
[runlim] sample:		7669.58 time, 7670.01 real, 578 MB, 1.00 load
[runlim] sample:		7679.58 time, 7680.01 real, 578 MB, 1.00 load
[runlim] sample:		7689.58 time, 7690.01 real, 578 MB, 1.00 load
[runlim] sample:		7699.58 time, 7700.01 real, 579 MB, 1.00 load
[runlim] sample:		7709.58 time, 7710.01 real, 580 MB, 1.00 load
[runlim] sample:		7719.58 time, 7720.01 real, 580 MB, 1.00 load
[runlim] sample:		7729.58 time, 7730.01 real, 580 MB, 1.00 load
[runlim] sample:		7739.58 time, 7740.01 real, 580 MB, 1.00 load
[runlim] sample:		7749.58 time, 7750.01 real, 580 MB, 1.00 load
[runlim] sample:		7759.57 time, 7760.01 real, 584 MB, 1.00 load
[runlim] sample:		7769.57 time, 7770.01 real, 584 MB, 1.00 load
[runlim] sample:		7779.57 time, 7780.01 real, 584 MB, 1.07 load
[runlim] sample:		7789.57 time, 7790.01 real, 584 MB, 1.06 load
[runlim] sample:		7799.57 time, 7800.01 real, 584 MB, 1.05 load
[runlim] sample:		7809.57 time, 7810.01 real, 584 MB, 1.04 load
[runlim] sample:		7819.57 time, 7820.01 real, 584 MB, 1.04 load
[runlim] sample:		7829.57 time, 7830.01 real, 584 MB, 1.03 load
[runlim] sample:		7839.57 time, 7840.01 real, 595 MB, 1.02 load
[runlim] sample:		7849.57 time, 7850.01 real, 595 MB, 1.02 load
[runlim] sample:		7859.57 time, 7860.01 real, 595 MB, 1.02 load
[runlim] sample:		7869.57 time, 7870.01 real, 595 MB, 1.01 load
[runlim] sample:		7879.57 time, 7880.01 real, 595 MB, 1.01 load
[runlim] sample:		7889.57 time, 7890.01 real, 595 MB, 1.01 load
[runlim] sample:		7899.57 time, 7900.01 real, 595 MB, 1.01 load
[runlim] sample:		7909.56 time, 7910.01 real, 604 MB, 1.01 load
[runlim] sample:		7919.56 time, 7920.01 real, 604 MB, 1.00 load
[runlim] sample:		7929.56 time, 7930.01 real, 604 MB, 1.00 load
[runlim] sample:		7939.56 time, 7940.01 real, 604 MB, 1.00 load
[runlim] sample:		7949.56 time, 7950.01 real, 604 MB, 1.00 load
[runlim] sample:		7959.57 time, 7960.01 real, 604 MB, 1.00 load
[runlim] sample:		7969.57 time, 7970.01 real, 604 MB, 1.00 load
[runlim] sample:		7979.57 time, 7980.01 real, 608 MB, 1.08 load
[runlim] sample:		7989.57 time, 7990.01 real, 608 MB, 1.07 load
[runlim] sample:		7999.57 time, 8000.01 real, 608 MB, 1.06 load
[runlim] sample:		8009.57 time, 8010.01 real, 608 MB, 1.05 load
[runlim] sample:		8019.57 time, 8020.01 real, 608 MB, 1.04 load
[runlim] sample:		8029.56 time, 8030.01 real, 608 MB, 1.03 load
[runlim] sample:		8039.56 time, 8040.01 real, 608 MB, 1.03 load
[runlim] sample:		8049.56 time, 8050.01 real, 608 MB, 1.02 load
[runlim] sample:		8059.56 time, 8060.01 real, 599 MB, 1.02 load
[runlim] sample:		8069.56 time, 8070.01 real, 599 MB, 1.09 load
[runlim] sample:		8079.56 time, 8080.01 real, 599 MB, 1.08 load
[runlim] sample:		8089.56 time, 8090.01 real, 599 MB, 1.06 load
[runlim] sample:		8099.56 time, 8100.01 real, 599 MB, 1.05 load
[runlim] sample:		8109.56 time, 8110.01 real, 599 MB, 1.04 load
[runlim] sample:		8119.56 time, 8120.01 real, 599 MB, 1.04 load
[runlim] sample:		8129.56 time, 8130.01 real, 599 MB, 1.03 load
[runlim] sample:		8139.56 time, 8140.01 real, 599 MB, 1.03 load
[runlim] sample:		8149.56 time, 8150.01 real, 608 MB, 1.02 load
[runlim] sample:		8159.56 time, 8160.01 real, 608 MB, 1.02 load
[runlim] sample:		8169.56 time, 8170.01 real, 608 MB, 1.01 load
[runlim] sample:		8179.56 time, 8180.01 real, 608 MB, 1.01 load
[runlim] sample:		8189.56 time, 8190.01 real, 608 MB, 1.01 load
[runlim] sample:		8199.56 time, 8200.01 real, 608 MB, 1.01 load
[runlim] sample:		8209.56 time, 8210.01 real, 608 MB, 1.01 load
[runlim] sample:		8219.56 time, 8220.01 real, 608 MB, 1.00 load
[runlim] sample:		8229.56 time, 8230.01 real, 608 MB, 1.08 load
[runlim] sample:		8239.56 time, 8240.01 real, 608 MB, 1.07 load
[runlim] sample:		8249.56 time, 8250.01 real, 608 MB, 1.06 load
[runlim] sample:		8259.55 time, 8260.01 real, 608 MB, 1.05 load
[runlim] sample:		8269.55 time, 8270.01 real, 608 MB, 1.04 load
[runlim] sample:		8279.55 time, 8280.01 real, 583 MB, 1.04 load
[runlim] sample:		8289.55 time, 8290.01 real, 583 MB, 1.03 load
[runlim] sample:		8299.55 time, 8300.01 real, 583 MB, 1.02 load
[runlim] sample:		8309.55 time, 8310.01 real, 583 MB, 1.02 load
[runlim] sample:		8319.55 time, 8320.01 real, 583 MB, 1.02 load
[runlim] sample:		8329.55 time, 8330.01 real, 583 MB, 1.01 load
[runlim] sample:		8339.55 time, 8340.01 real, 584 MB, 1.01 load
[runlim] sample:		8349.55 time, 8350.01 real, 584 MB, 1.01 load
[runlim] sample:		8359.55 time, 8360.01 real, 584 MB, 1.08 load
[runlim] sample:		8369.55 time, 8370.01 real, 584 MB, 1.07 load
[runlim] sample:		8379.55 time, 8380.01 real, 584 MB, 1.06 load
[runlim] sample:		8389.55 time, 8390.01 real, 584 MB, 1.05 load
[runlim] sample:		8399.55 time, 8400.01 real, 584 MB, 1.04 load
[runlim] sample:		8409.55 time, 8410.01 real, 584 MB, 1.03 load
[runlim] sample:		8419.55 time, 8420.01 real, 587 MB, 1.03 load
[runlim] sample:		8429.55 time, 8430.01 real, 587 MB, 1.02 load
[runlim] sample:		8439.54 time, 8440.01 real, 587 MB, 1.02 load
[runlim] sample:		8449.54 time, 8450.01 real, 587 MB, 1.02 load
[runlim] sample:		8459.54 time, 8460.01 real, 587 MB, 1.01 load
[runlim] sample:		8469.54 time, 8470.01 real, 587 MB, 1.01 load
[runlim] sample:		8479.54 time, 8480.01 real, 587 MB, 1.09 load
[runlim] sample:		8489.54 time, 8490.01 real, 587 MB, 1.07 load
[runlim] sample:		8499.54 time, 8500.01 real, 587 MB, 1.06 load
[runlim] sample:		8509.54 time, 8510.01 real, 587 MB, 1.05 load
[runlim] sample:		8519.54 time, 8520.01 real, 587 MB, 1.04 load
[runlim] sample:		8529.54 time, 8530.01 real, 587 MB, 1.11 load
[runlim] sample:		8539.54 time, 8540.01 real, 587 MB, 1.09 load
[runlim] sample:		8549.54 time, 8550.01 real, 587 MB, 1.08 load
[runlim] sample:		8559.54 time, 8560.01 real, 589 MB, 1.07 load
[runlim] sample:		8569.54 time, 8570.01 real, 589 MB, 1.06 load
[runlim] sample:		8579.54 time, 8580.01 real, 589 MB, 1.05 load
[runlim] sample:		8589.54 time, 8590.01 real, 589 MB, 1.04 load
[runlim] sample:		8599.54 time, 8600.01 real, 589 MB, 1.03 load
[runlim] sample:		8609.54 time, 8610.01 real, 589 MB, 1.10 load
[runlim] sample:		8619.54 time, 8620.01 real, 589 MB, 1.08 load
[runlim] sample:		8629.54 time, 8630.01 real, 589 MB, 1.07 load
[runlim] sample:		8639.54 time, 8640.01 real, 589 MB, 1.06 load
[runlim] sample:		8649.53 time, 8650.01 real, 589 MB, 1.05 load
[runlim] sample:		8659.53 time, 8660.01 real, 589 MB, 1.04 load
[runlim] sample:		8669.53 time, 8670.01 real, 589 MB, 1.04 load
[runlim] sample:		8679.53 time, 8680.01 real, 589 MB, 1.03 load
[runlim] sample:		8689.53 time, 8690.01 real, 589 MB, 1.02 load
[runlim] sample:		8699.53 time, 8700.01 real, 590 MB, 1.02 load
[runlim] sample:		8709.53 time, 8710.01 real, 590 MB, 1.02 load
[runlim] sample:		8719.53 time, 8720.01 real, 590 MB, 1.01 load
[runlim] sample:		8729.52 time, 8730.01 real, 590 MB, 1.09 load
[runlim] sample:		8739.52 time, 8740.01 real, 590 MB, 1.08 load
[runlim] sample:		8749.52 time, 8750.01 real, 590 MB, 1.06 load
[runlim] sample:		8759.52 time, 8760.01 real, 590 MB, 1.05 load
[runlim] sample:		8769.52 time, 8770.01 real, 590 MB, 1.05 load
[runlim] sample:		8779.52 time, 8780.01 real, 590 MB, 1.11 load
[runlim] sample:		8789.52 time, 8790.01 real, 590 MB, 1.09 load
[runlim] sample:		8799.52 time, 8800.01 real, 590 MB, 1.08 load
[runlim] sample:		8809.52 time, 8810.01 real, 590 MB, 1.07 load
[runlim] sample:		8819.53 time, 8820.01 real, 590 MB, 1.06 load
[runlim] sample:		8829.52 time, 8830.01 real, 593 MB, 1.05 load
[runlim] sample:		8839.52 time, 8840.01 real, 593 MB, 1.04 load
[runlim] sample:		8849.52 time, 8850.01 real, 593 MB, 1.03 load
[runlim] sample:		8859.52 time, 8860.01 real, 591 MB, 1.10 load
[runlim] sample:		8869.52 time, 8870.01 real, 591 MB, 1.08 load
[runlim] sample:		8879.52 time, 8880.01 real, 591 MB, 1.07 load
[runlim] sample:		8889.52 time, 8890.01 real, 591 MB, 1.06 load
[runlim] sample:		8899.52 time, 8900.01 real, 591 MB, 1.05 load
[runlim] sample:		8909.52 time, 8910.01 real, 591 MB, 1.04 load
[runlim] sample:		8919.52 time, 8920.01 real, 591 MB, 1.04 load
[runlim] sample:		8929.52 time, 8930.01 real, 591 MB, 1.03 load
[runlim] sample:		8939.52 time, 8940.01 real, 591 MB, 1.02 load
[runlim] sample:		8949.52 time, 8950.01 real, 591 MB, 1.02 load
[runlim] sample:		8959.52 time, 8960.01 real, 591 MB, 1.02 load
[runlim] sample:		8969.52 time, 8970.01 real, 591 MB, 1.01 load
[runlim] sample:		8979.52 time, 8980.01 real, 591 MB, 1.01 load
[runlim] sample:		8989.52 time, 8990.01 real, 591 MB, 1.01 load
[runlim] sample:		8999.51 time, 9000.01 real, 595 MB, 1.01 load
[runlim] sample:		9009.51 time, 9010.01 real, 595 MB, 1.01 load
[runlim] sample:		9019.51 time, 9020.01 real, 595 MB, 1.00 load
[runlim] sample:		9029.51 time, 9030.01 real, 595 MB, 1.00 load
[runlim] sample:		9039.51 time, 9040.01 real, 595 MB, 1.00 load
[runlim] sample:		9049.51 time, 9050.01 real, 595 MB, 1.00 load
[runlim] sample:		9059.51 time, 9060.01 real, 595 MB, 1.00 load
[runlim] sample:		9069.51 time, 9070.01 real, 595 MB, 1.00 load
[runlim] sample:		9079.51 time, 9080.01 real, 595 MB, 1.00 load
[runlim] sample:		9089.51 time, 9090.01 real, 595 MB, 1.00 load
[runlim] sample:		9099.51 time, 9100.01 real, 595 MB, 1.00 load
[runlim] sample:		9109.51 time, 9110.01 real, 595 MB, 1.07 load
[runlim] sample:		9119.51 time, 9120.01 real, 595 MB, 1.06 load
[runlim] sample:		9129.51 time, 9130.01 real, 595 MB, 1.05 load
[runlim] sample:		9139.51 time, 9140.01 real, 596 MB, 1.04 load
[runlim] sample:		9149.51 time, 9150.01 real, 596 MB, 1.04 load
[runlim] sample:		9159.51 time, 9160.01 real, 596 MB, 1.03 load
[runlim] sample:		9169.51 time, 9170.01 real, 596 MB, 1.02 load
[runlim] sample:		9179.51 time, 9180.01 real, 596 MB, 1.02 load
[runlim] sample:		9189.51 time, 9190.01 real, 596 MB, 1.02 load
[runlim] sample:		9199.51 time, 9200.01 real, 596 MB, 1.01 load
[runlim] sample:		9209.50 time, 9210.01 real, 596 MB, 1.01 load
[runlim] sample:		9219.50 time, 9220.01 real, 596 MB, 1.01 load
[runlim] sample:		9229.50 time, 9230.01 real, 596 MB, 1.09 load
[runlim] sample:		9239.50 time, 9240.01 real, 596 MB, 1.07 load
[runlim] sample:		9249.50 time, 9250.01 real, 596 MB, 1.06 load
[runlim] sample:		9259.50 time, 9260.01 real, 596 MB, 1.05 load
[runlim] sample:		9269.50 time, 9270.01 real, 596 MB, 1.04 load
[runlim] sample:		9279.50 time, 9280.01 real, 596 MB, 1.04 load
[runlim] sample:		9289.50 time, 9290.01 real, 597 MB, 1.03 load
[runlim] sample:		9299.49 time, 9300.01 real, 597 MB, 1.02 load
[runlim] sample:		9309.50 time, 9310.01 real, 597 MB, 1.02 load
[runlim] sample:		9319.50 time, 9320.01 real, 597 MB, 1.02 load
[runlim] sample:		9329.50 time, 9330.01 real, 597 MB, 1.01 load
[runlim] sample:		9339.50 time, 9340.01 real, 597 MB, 1.01 load
[runlim] sample:		9349.50 time, 9350.01 real, 597 MB, 1.01 load
[runlim] sample:		9359.50 time, 9360.01 real, 597 MB, 1.08 load
[runlim] sample:		9369.50 time, 9370.01 real, 597 MB, 1.07 load
[runlim] sample:		9379.50 time, 9380.01 real, 597 MB, 1.06 load
[runlim] sample:		9389.49 time, 9390.01 real, 597 MB, 1.05 load
[runlim] sample:		9399.49 time, 9400.01 real, 596 MB, 1.04 load
[runlim] sample:		9409.49 time, 9410.01 real, 596 MB, 1.03 load
[runlim] sample:		9419.49 time, 9420.01 real, 596 MB, 1.03 load
[runlim] sample:		9429.49 time, 9430.01 real, 596 MB, 1.02 load
[runlim] sample:		9439.49 time, 9440.01 real, 596 MB, 1.02 load
[runlim] sample:		9449.49 time, 9450.01 real, 596 MB, 1.02 load
[runlim] sample:		9459.49 time, 9460.01 real, 596 MB, 1.01 load
[runlim] sample:		9469.49 time, 9470.01 real, 596 MB, 1.01 load
[runlim] sample:		9479.49 time, 9480.01 real, 600 MB, 1.09 load
[runlim] sample:		9489.49 time, 9490.01 real, 600 MB, 1.07 load
[runlim] sample:		9499.49 time, 9500.01 real, 600 MB, 1.06 load
[runlim] sample:		9509.48 time, 9510.01 real, 600 MB, 1.05 load
[runlim] sample:		9519.48 time, 9520.01 real, 600 MB, 1.04 load
[runlim] sample:		9529.48 time, 9530.01 real, 600 MB, 1.04 load
[runlim] sample:		9539.48 time, 9540.01 real, 600 MB, 1.03 load
[runlim] sample:		9549.48 time, 9550.01 real, 600 MB, 1.03 load
[runlim] sample:		9559.48 time, 9560.01 real, 600 MB, 1.02 load
[runlim] sample:		9569.48 time, 9570.01 real, 601 MB, 1.02 load
[runlim] sample:		9579.48 time, 9580.01 real, 601 MB, 1.01 load
[runlim] sample:		9589.48 time, 9590.01 real, 601 MB, 1.01 load
[runlim] sample:		9599.48 time, 9600.01 real, 601 MB, 1.01 load
[runlim] sample:		9609.48 time, 9610.01 real, 601 MB, 1.08 load
[runlim] sample:		9619.47 time, 9620.01 real, 601 MB, 1.07 load
[runlim] sample:		9629.48 time, 9630.01 real, 601 MB, 1.06 load
[runlim] sample:		9639.48 time, 9640.01 real, 601 MB, 1.05 load
[runlim] sample:		9649.48 time, 9650.01 real, 601 MB, 1.12 load
[runlim] sample:		9659.48 time, 9660.01 real, 608 MB, 1.10 load
[runlim] sample:		9669.48 time, 9670.01 real, 608 MB, 1.09 load
[runlim] sample:		9679.48 time, 9680.01 real, 608 MB, 1.07 load
[runlim] sample:		9689.48 time, 9690.01 real, 608 MB, 1.06 load
[runlim] sample:		9699.48 time, 9700.01 real, 608 MB, 1.05 load
[runlim] sample:		9709.48 time, 9710.01 real, 608 MB, 1.04 load
[runlim] sample:		9719.48 time, 9720.01 real, 608 MB, 1.04 load
[runlim] sample:		9729.48 time, 9730.01 real, 608 MB, 1.11 load
[runlim] sample:		9739.47 time, 9740.01 real, 602 MB, 1.09 load
[runlim] sample:		9749.47 time, 9750.01 real, 602 MB, 1.08 load
[runlim] sample:		9759.48 time, 9760.01 real, 602 MB, 1.07 load
[runlim] sample:		9769.48 time, 9770.01 real, 602 MB, 1.06 load
[runlim] sample:		9779.47 time, 9780.01 real, 602 MB, 1.05 load
[runlim] sample:		9789.47 time, 9790.01 real, 602 MB, 1.04 load
[runlim] sample:		9799.47 time, 9800.01 real, 602 MB, 1.03 load
[runlim] sample:		9809.47 time, 9810.01 real, 613 MB, 1.03 load
[runlim] sample:		9819.47 time, 9820.01 real, 613 MB, 1.02 load
[runlim] sample:		9829.47 time, 9830.01 real, 613 MB, 1.02 load
[runlim] sample:		9839.47 time, 9840.01 real, 613 MB, 1.02 load
[runlim] sample:		9849.47 time, 9850.01 real, 613 MB, 1.01 load
[runlim] sample:		9859.47 time, 9860.01 real, 613 MB, 1.01 load
[runlim] sample:		9869.47 time, 9870.01 real, 613 MB, 1.09 load
[runlim] sample:		9879.47 time, 9880.01 real, 613 MB, 1.07 load
[runlim] sample:		9889.46 time, 9890.01 real, 604 MB, 1.06 load
[runlim] sample:		9899.46 time, 9900.01 real, 604 MB, 1.05 load
[runlim] sample:		9909.46 time, 9910.01 real, 604 MB, 1.04 load
[runlim] sample:		9919.46 time, 9920.01 real, 604 MB, 1.04 load
[runlim] sample:		9929.46 time, 9930.01 real, 604 MB, 1.03 load
[runlim] sample:		9939.46 time, 9940.01 real, 604 MB, 1.03 load
[runlim] sample:		9949.46 time, 9950.01 real, 604 MB, 1.02 load
[runlim] sample:		9959.46 time, 9960.01 real, 604 MB, 1.02 load
[runlim] sample:		9969.46 time, 9970.01 real, 604 MB, 1.01 load
[runlim] sample:		9979.46 time, 9980.01 real, 613 MB, 1.01 load
[runlim] sample:		9989.46 time, 9990.01 real, 613 MB, 1.01 load
[runlim] sample:		9999.46 time, 10000.01 real, 613 MB, 1.01 load
[runlim] sample:		10009.46 time, 10010.01 real, 613 MB, 1.01 load
[runlim] sample:		10019.46 time, 10020.01 real, 613 MB, 1.00 load
[runlim] sample:		10029.46 time, 10030.01 real, 613 MB, 1.00 load
[runlim] sample:		10039.46 time, 10040.01 real, 613 MB, 1.00 load
[runlim] sample:		10049.46 time, 10050.01 real, 613 MB, 1.00 load
[runlim] sample:		10059.46 time, 10060.01 real, 613 MB, 1.22 load
[runlim] sample:		10069.46 time, 10070.01 real, 616 MB, 1.19 load
[runlim] sample:		10079.46 time, 10080.01 real, 616 MB, 1.16 load
[runlim] sample:		10089.46 time, 10090.01 real, 616 MB, 1.13 load
[runlim] sample:		10099.46 time, 10100.01 real, 616 MB, 1.11 load
[runlim] sample:		10109.46 time, 10110.01 real, 616 MB, 1.17 load
[runlim] sample:		10119.46 time, 10120.01 real, 616 MB, 1.14 load
[runlim] sample:		10129.46 time, 10130.01 real, 616 MB, 1.12 load
[runlim] sample:		10139.45 time, 10140.01 real, 616 MB, 1.10 load
[runlim] sample:		10149.45 time, 10150.01 real, 619 MB, 1.17 load
[runlim] sample:		10159.45 time, 10160.01 real, 619 MB, 1.14 load
[runlim] sample:		10169.45 time, 10170.01 real, 619 MB, 1.12 load
[runlim] sample:		10179.45 time, 10180.01 real, 619 MB, 1.17 load
[runlim] sample:		10189.45 time, 10190.01 real, 619 MB, 1.15 load
[runlim] sample:		10199.45 time, 10200.01 real, 619 MB, 1.12 load
[runlim] sample:		10209.45 time, 10210.01 real, 619 MB, 1.10 load
[runlim] sample:		10219.45 time, 10220.01 real, 624 MB, 1.09 load
[runlim] sample:		10229.45 time, 10230.01 real, 624 MB, 1.15 load
[runlim] sample:		10239.45 time, 10240.01 real, 624 MB, 1.13 load
[runlim] sample:		10249.45 time, 10250.01 real, 622 MB, 1.11 load
[runlim] sample:		10259.45 time, 10260.01 real, 622 MB, 1.09 load
[runlim] sample:		10269.45 time, 10270.01 real, 622 MB, 1.08 load
[runlim] sample:		10279.44 time, 10280.01 real, 622 MB, 1.06 load
[runlim] sample:		10289.45 time, 10290.01 real, 622 MB, 1.05 load
[runlim] sample:		10299.45 time, 10300.01 real, 622 MB, 1.05 load
[runlim] sample:		10309.45 time, 10310.01 real, 622 MB, 1.04 load
[runlim] sample:		10319.44 time, 10320.01 real, 622 MB, 1.03 load
[runlim] sample:		10329.44 time, 10330.01 real, 622 MB, 1.03 load
[runlim] sample:		10339.45 time, 10340.01 real, 626 MB, 1.02 load
[runlim] sample:		10349.45 time, 10350.01 real, 626 MB, 1.02 load
[runlim] sample:		10359.44 time, 10360.01 real, 626 MB, 1.02 load
[runlim] sample:		10369.44 time, 10370.01 real, 626 MB, 1.01 load
[runlim] sample:		10379.44 time, 10380.01 real, 626 MB, 1.01 load
[runlim] sample:		10389.44 time, 10390.01 real, 626 MB, 1.01 load
[runlim] sample:		10399.44 time, 10400.01 real, 626 MB, 1.01 load
[runlim] sample:		10409.44 time, 10410.01 real, 626 MB, 1.09 load
[runlim] sample:		10419.44 time, 10420.01 real, 626 MB, 1.07 load
[runlim] sample:		10429.44 time, 10430.01 real, 635 MB, 1.06 load
[runlim] sample:		10439.44 time, 10440.01 real, 635 MB, 1.05 load
[runlim] sample:		10449.44 time, 10450.01 real, 635 MB, 1.04 load
[runlim] sample:		10459.44 time, 10460.01 real, 635 MB, 1.04 load
[runlim] sample:		10469.44 time, 10470.01 real, 635 MB, 1.03 load
[runlim] sample:		10479.44 time, 10480.01 real, 635 MB, 1.11 load
[runlim] sample:		10489.44 time, 10490.01 real, 635 MB, 1.09 load
[runlim] sample:		10499.44 time, 10500.01 real, 635 MB, 1.07 load
[runlim] sample:		10509.43 time, 10510.01 real, 635 MB, 1.06 load
[runlim] sample:		10519.44 time, 10520.01 real, 659 MB, 1.05 load
[runlim] sample:		10529.44 time, 10530.01 real, 661 MB, 1.56 load
[runlim] sample:		10539.44 time, 10540.01 real, 661 MB, 1.47 load
[runlim] sample:		10549.44 time, 10550.01 real, 661 MB, 1.40 load
[runlim] sample:		10559.44 time, 10560.01 real, 661 MB, 1.34 load
[runlim] sample:		10569.44 time, 10570.01 real, 661 MB, 1.29 load
[runlim] sample:		10579.44 time, 10580.01 real, 661 MB, 1.24 load
[runlim] sample:		10589.43 time, 10590.01 real, 639 MB, 1.20 load
[runlim] sample:		10599.43 time, 10600.01 real, 639 MB, 1.17 load
[runlim] sample:		10609.43 time, 10610.01 real, 639 MB, 1.15 load
[runlim] sample:		10619.43 time, 10620.01 real, 639 MB, 1.12 load
[runlim] sample:		10629.43 time, 10630.01 real, 639 MB, 1.10 load
[runlim] sample:		10639.43 time, 10640.01 real, 639 MB, 1.09 load
[runlim] sample:		10649.43 time, 10650.01 real, 639 MB, 1.07 load
[runlim] sample:		10659.43 time, 10660.01 real, 639 MB, 1.06 load
[runlim] sample:		10669.43 time, 10670.01 real, 628 MB, 1.05 load
[runlim] sample:		10679.43 time, 10680.01 real, 628 MB, 1.04 load
[runlim] sample:		10689.43 time, 10690.01 real, 628 MB, 1.04 load
[runlim] sample:		10699.43 time, 10700.01 real, 628 MB, 1.03 load
[runlim] sample:		10709.43 time, 10710.01 real, 628 MB, 1.02 load
[runlim] sample:		10719.43 time, 10720.01 real, 628 MB, 1.02 load
[runlim] sample:		10729.43 time, 10730.01 real, 628 MB, 1.02 load
[runlim] sample:		10739.43 time, 10740.01 real, 628 MB, 1.01 load
[runlim] sample:		10749.43 time, 10750.01 real, 618 MB, 1.01 load
[runlim] sample:		10759.43 time, 10760.01 real, 618 MB, 1.01 load
[runlim] sample:		10769.43 time, 10770.01 real, 618 MB, 1.01 load
[runlim] sample:		10779.43 time, 10780.01 real, 618 MB, 1.01 load
[runlim] sample:		10789.43 time, 10790.01 real, 618 MB, 1.00 load
[runlim] sample:		10799.43 time, 10800.01 real, 618 MB, 1.00 load
[runlim] end:			Sat Jul 18 12:13:33 2026
[runlim] status:		out of time
[runlim] result:		2
[runlim] children:		1
[runlim] processes:		2
[runlim] real:			10801.04 seconds
[runlim] time:			10799.43 seconds
[runlim] space:			801 MB
[runlim] load:			1.76 maximum
[runlim] samples:		108000
