[runlim] version:		2.0.0rc12
[runlim] host:			fjssp-instance
[runlim] time limit:		311040000 seconds
[runlim] real time limit:	10800 seconds
[runlim] space limit:		14000 MB
[runlim] argv[0]:		python3
[runlim] argv[1]:		-u
[runlim] argv[2]:		temp.py
[runlim] argv[3]:		datasets/hurink/edata/abz8.txt
[runlim] start:			Sat Jul 18 12:13:33 2026
[runlim] child:			11788
Greedy Schedule UB: 958
Building constraints took 3.10 seconds.
SAT

=> TOTAL COMPLETION TIME (Makespan / UB): 957
Schedule is valid
 Time taken: 3.25 seconds
SAT

=> TOTAL COMPLETION TIME (Makespan / UB): 956
Schedule is valid
 Time taken: 3.37 seconds
SAT

=> TOTAL COMPLETION TIME (Makespan / UB): 955
Schedule is valid
 Time taken: 3.50 seconds
SAT

=> TOTAL COMPLETION TIME (Makespan / UB): 954
Schedule is valid
 Time taken: 3.62 seconds
SAT

=> TOTAL COMPLETION TIME (Makespan / UB): 953
Schedule is valid
 Time taken: 3.73 seconds
SAT

=> TOTAL COMPLETION TIME (Makespan / UB): 952
Schedule is valid
 Time taken: 3.83 seconds
SAT

=> TOTAL COMPLETION TIME (Makespan / UB): 951
Schedule is valid
 Time taken: 3.93 seconds
SAT

=> TOTAL COMPLETION TIME (Makespan / UB): 950
Schedule is valid
 Time taken: 4.03 seconds
SAT

=> TOTAL COMPLETION TIME (Makespan / UB): 949
Schedule is valid
 Time taken: 4.13 seconds
SAT

=> TOTAL COMPLETION TIME (Makespan / UB): 948
Schedule is valid
 Time taken: 4.62 seconds
SAT

=> TOTAL COMPLETION TIME (Makespan / UB): 947
Schedule is valid
 Time taken: 4.74 seconds
SAT

=> TOTAL COMPLETION TIME (Makespan / UB): 946
Schedule is valid
 Time taken: 4.85 seconds
SAT

=> TOTAL COMPLETION TIME (Makespan / UB): 945
Schedule is valid
 Time taken: 4.96 seconds
SAT

=> TOTAL COMPLETION TIME (Makespan / UB): 944
Schedule is valid
 Time taken: 5.06 seconds
SAT

=> TOTAL COMPLETION TIME (Makespan / UB): 943
Schedule is valid
 Time taken: 5.17 seconds
SAT

=> TOTAL COMPLETION TIME (Makespan / UB): 942
Schedule is valid
 Time taken: 5.27 seconds
SAT

=> TOTAL COMPLETION TIME (Makespan / UB): 941
Schedule is valid
 Time taken: 5.38 seconds
SAT

=> TOTAL COMPLETION TIME (Makespan / UB): 940
Schedule is valid
 Time taken: 5.49 seconds
SAT

=> TOTAL COMPLETION TIME (Makespan / UB): 939
Schedule is valid
 Time taken: 5.59 seconds
SAT

=> TOTAL COMPLETION TIME (Makespan / UB): 938
Schedule is valid
 Time taken: 5.70 seconds
SAT

=> TOTAL COMPLETION TIME (Makespan / UB): 937
Schedule is valid
 Time taken: 5.81 seconds
SAT

=> TOTAL COMPLETION TIME (Makespan / UB): 936
Schedule is valid
 Time taken: 5.92 seconds
SAT

=> TOTAL COMPLETION TIME (Makespan / UB): 935
Schedule is valid
 Time taken: 6.02 seconds
SAT

=> TOTAL COMPLETION TIME (Makespan / UB): 934
Schedule is valid
 Time taken: 6.13 seconds
SAT

=> TOTAL COMPLETION TIME (Makespan / UB): 933
Schedule is valid
 Time taken: 6.24 seconds
SAT

=> TOTAL COMPLETION TIME (Makespan / UB): 932
Schedule is valid
 Time taken: 6.57 seconds
SAT

=> TOTAL COMPLETION TIME (Makespan / UB): 931
Schedule is valid
 Time taken: 6.69 seconds
SAT

=> TOTAL COMPLETION TIME (Makespan / UB): 930
Schedule is valid
 Time taken: 6.80 seconds
SAT

=> TOTAL COMPLETION TIME (Makespan / UB): 929
Schedule is valid
 Time taken: 6.91 seconds
SAT

=> TOTAL COMPLETION TIME (Makespan / UB): 928
Schedule is valid
 Time taken: 7.02 seconds
SAT

=> TOTAL COMPLETION TIME (Makespan / UB): 927
Schedule is valid
 Time taken: 7.13 seconds
SAT

=> TOTAL COMPLETION TIME (Makespan / UB): 926
Schedule is valid
 Time taken: 7.23 seconds
SAT

=> TOTAL COMPLETION TIME (Makespan / UB): 925
Schedule is valid
 Time taken: 7.33 seconds
SAT

=> TOTAL COMPLETION TIME (Makespan / UB): 924
Schedule is valid
 Time taken: 7.44 seconds
SAT

=> TOTAL COMPLETION TIME (Makespan / UB): 923
Schedule is valid
 Time taken: 7.54 seconds
SAT

=> TOTAL COMPLETION TIME (Makespan / UB): 922
Schedule is valid
 Time taken: 7.65 seconds
SAT

=> TOTAL COMPLETION TIME (Makespan / UB): 921
Schedule is valid
 Time taken: 7.75 seconds
SAT

=> TOTAL COMPLETION TIME (Makespan / UB): 920
Schedule is valid
 Time taken: 7.86 seconds
SAT

=> TOTAL COMPLETION TIME (Makespan / UB): 919
Schedule is valid
 Time taken: 7.96 seconds
SAT

=> TOTAL COMPLETION TIME (Makespan / UB): 918
Schedule is valid
 Time taken: 8.07 seconds
SAT

=> TOTAL COMPLETION TIME (Makespan / UB): 917
Schedule is valid
 Time taken: 8.18 seconds
SAT

=> TOTAL COMPLETION TIME (Makespan / UB): 916
Schedule is valid
 Time taken: 8.28 seconds
SAT

=> TOTAL COMPLETION TIME (Makespan / UB): 915
Schedule is valid
 Time taken: 8.39 seconds
SAT

=> TOTAL COMPLETION TIME (Makespan / UB): 914
Schedule is valid
 Time taken: 8.49 seconds
SAT

=> TOTAL COMPLETION TIME (Makespan / UB): 913
Schedule is valid
 Time taken: 8.60 seconds
SAT

=> TOTAL COMPLETION TIME (Makespan / UB): 912
Schedule is valid
 Time taken: 8.71 seconds
SAT

=> TOTAL COMPLETION TIME (Makespan / UB): 911
Schedule is valid
 Time taken: 8.81 seconds
SAT

=> TOTAL COMPLETION TIME (Makespan / UB): 910
Schedule is valid
 Time taken: 8.91 seconds
SAT

=> TOTAL COMPLETION TIME (Makespan / UB): 909
Schedule is valid
 Time taken: 9.01 seconds
SAT

=> TOTAL COMPLETION TIME (Makespan / UB): 908
Schedule is valid
 Time taken: 9.12 seconds
SAT

=> TOTAL COMPLETION TIME (Makespan / UB): 907
Schedule is valid
 Time taken: 9.22 seconds
SAT

=> TOTAL COMPLETION TIME (Makespan / UB): 906
Schedule is valid
 Time taken: 9.33 seconds
SAT

=> TOTAL COMPLETION TIME (Makespan / UB): 905
Schedule is valid
 Time taken: 9.43 seconds
SAT

=> TOTAL COMPLETION TIME (Makespan / UB): 904
Schedule is valid
 Time taken: 9.53 seconds
SAT

=> TOTAL COMPLETION TIME (Makespan / UB): 903
Schedule is valid
 Time taken: 9.63 seconds
SAT

=> TOTAL COMPLETION TIME (Makespan / UB): 902
Schedule is valid
 Time taken: 9.74 seconds
SAT

=> TOTAL COMPLETION TIME (Makespan / UB): 901
Schedule is valid
 Time taken: 9.83 seconds
SAT

=> TOTAL COMPLETION TIME (Makespan / UB): 900
Schedule is valid
 Time taken: 9.93 seconds
[runlim] sample:		9.99 time, 10.01 real, 501 MB, 1.00 load
SAT

=> TOTAL COMPLETION TIME (Makespan / UB): 899
Schedule is valid
 Time taken: 10.03 seconds
SAT

=> TOTAL COMPLETION TIME (Makespan / UB): 898
Schedule is valid
 Time taken: 10.13 seconds
SAT

=> TOTAL COMPLETION TIME (Makespan / UB): 897
Schedule is valid
 Time taken: 10.22 seconds
SAT

=> TOTAL COMPLETION TIME (Makespan / UB): 896
Schedule is valid
 Time taken: 10.32 seconds
SAT

=> TOTAL COMPLETION TIME (Makespan / UB): 895
Schedule is valid
 Time taken: 10.42 seconds
SAT

=> TOTAL COMPLETION TIME (Makespan / UB): 894
Schedule is valid
 Time taken: 10.51 seconds
SAT

=> TOTAL COMPLETION TIME (Makespan / UB): 893
Schedule is valid
 Time taken: 10.61 seconds
SAT

=> TOTAL COMPLETION TIME (Makespan / UB): 892
Schedule is valid
 Time taken: 10.70 seconds
SAT

=> TOTAL COMPLETION TIME (Makespan / UB): 891
Schedule is valid
 Time taken: 10.80 seconds
SAT

=> TOTAL COMPLETION TIME (Makespan / UB): 890
Schedule is valid
 Time taken: 10.90 seconds
SAT

=> TOTAL COMPLETION TIME (Makespan / UB): 889
Schedule is valid
 Time taken: 11.01 seconds
SAT

=> TOTAL COMPLETION TIME (Makespan / UB): 888
Schedule is valid
 Time taken: 11.10 seconds
SAT

=> TOTAL COMPLETION TIME (Makespan / UB): 887
Schedule is valid
 Time taken: 11.20 seconds
SAT

=> TOTAL COMPLETION TIME (Makespan / UB): 886
Schedule is valid
 Time taken: 11.29 seconds
SAT

=> TOTAL COMPLETION TIME (Makespan / UB): 885
Schedule is valid
 Time taken: 11.38 seconds
SAT

=> TOTAL COMPLETION TIME (Makespan / UB): 884
Schedule is valid
 Time taken: 11.48 seconds
SAT

=> TOTAL COMPLETION TIME (Makespan / UB): 883
Schedule is valid
 Time taken: 11.58 seconds
SAT

=> TOTAL COMPLETION TIME (Makespan / UB): 882
Schedule is valid
 Time taken: 11.68 seconds
SAT

=> TOTAL COMPLETION TIME (Makespan / UB): 881
Schedule is valid
 Time taken: 11.78 seconds
SAT

=> TOTAL COMPLETION TIME (Makespan / UB): 880
Schedule is valid
 Time taken: 11.87 seconds
SAT

=> TOTAL COMPLETION TIME (Makespan / UB): 879
Schedule is valid
 Time taken: 11.96 seconds
SAT

=> TOTAL COMPLETION TIME (Makespan / UB): 878
Schedule is valid
 Time taken: 12.06 seconds
SAT

=> TOTAL COMPLETION TIME (Makespan / UB): 877
Schedule is valid
 Time taken: 12.16 seconds
SAT

=> TOTAL COMPLETION TIME (Makespan / UB): 876
Schedule is valid
 Time taken: 12.25 seconds
SAT

=> TOTAL COMPLETION TIME (Makespan / UB): 875
Schedule is valid
 Time taken: 12.35 seconds
SAT

=> TOTAL COMPLETION TIME (Makespan / UB): 874
Schedule is valid
 Time taken: 12.44 seconds
SAT

=> TOTAL COMPLETION TIME (Makespan / UB): 873
Schedule is valid
 Time taken: 12.54 seconds
SAT

=> TOTAL COMPLETION TIME (Makespan / UB): 872
Schedule is valid
 Time taken: 12.63 seconds
SAT

=> TOTAL COMPLETION TIME (Makespan / UB): 871
Schedule is valid
 Time taken: 12.73 seconds
SAT

=> TOTAL COMPLETION TIME (Makespan / UB): 870
Schedule is valid
 Time taken: 12.82 seconds
SAT

=> TOTAL COMPLETION TIME (Makespan / UB): 869
Schedule is valid
 Time taken: 12.92 seconds
SAT

=> TOTAL COMPLETION TIME (Makespan / UB): 868
Schedule is valid
 Time taken: 13.01 seconds
SAT

=> TOTAL COMPLETION TIME (Makespan / UB): 867
Schedule is valid
 Time taken: 13.10 seconds
SAT

=> TOTAL COMPLETION TIME (Makespan / UB): 866
Schedule is valid
 Time taken: 13.20 seconds
SAT

=> TOTAL COMPLETION TIME (Makespan / UB): 865
Schedule is valid
 Time taken: 13.29 seconds
SAT

=> TOTAL COMPLETION TIME (Makespan / UB): 864
Schedule is valid
 Time taken: 13.39 seconds
SAT

=> TOTAL COMPLETION TIME (Makespan / UB): 863
Schedule is valid
 Time taken: 13.48 seconds
SAT

=> TOTAL COMPLETION TIME (Makespan / UB): 862
Schedule is valid
 Time taken: 13.57 seconds
SAT

=> TOTAL COMPLETION TIME (Makespan / UB): 861
Schedule is valid
 Time taken: 13.66 seconds
SAT

=> TOTAL COMPLETION TIME (Makespan / UB): 860
Schedule is valid
 Time taken: 13.75 seconds
SAT

=> TOTAL COMPLETION TIME (Makespan / UB): 859
Schedule is valid
 Time taken: 13.85 seconds
SAT

=> TOTAL COMPLETION TIME (Makespan / UB): 858
Schedule is valid
 Time taken: 14.00 seconds
SAT

=> TOTAL COMPLETION TIME (Makespan / UB): 857
Schedule is valid
 Time taken: 14.10 seconds
SAT

=> TOTAL COMPLETION TIME (Makespan / UB): 856
Schedule is valid
 Time taken: 14.23 seconds
SAT

=> TOTAL COMPLETION TIME (Makespan / UB): 855
Schedule is valid
 Time taken: 14.33 seconds
SAT

=> TOTAL COMPLETION TIME (Makespan / UB): 854
Schedule is valid
 Time taken: 14.42 seconds
SAT

=> TOTAL COMPLETION TIME (Makespan / UB): 853
Schedule is valid
 Time taken: 14.51 seconds
SAT

=> TOTAL COMPLETION TIME (Makespan / UB): 852
Schedule is valid
 Time taken: 14.60 seconds
SAT

=> TOTAL COMPLETION TIME (Makespan / UB): 851
Schedule is valid
 Time taken: 14.70 seconds
SAT

=> TOTAL COMPLETION TIME (Makespan / UB): 850
Schedule is valid
 Time taken: 14.79 seconds
SAT

=> TOTAL COMPLETION TIME (Makespan / UB): 849
Schedule is valid
 Time taken: 14.88 seconds
SAT

=> TOTAL COMPLETION TIME (Makespan / UB): 848
Schedule is valid
 Time taken: 14.97 seconds
SAT

=> TOTAL COMPLETION TIME (Makespan / UB): 847
Schedule is valid
 Time taken: 15.06 seconds
SAT

=> TOTAL COMPLETION TIME (Makespan / UB): 846
Schedule is valid
 Time taken: 15.16 seconds
SAT

=> TOTAL COMPLETION TIME (Makespan / UB): 845
Schedule is valid
 Time taken: 15.25 seconds
SAT

=> TOTAL COMPLETION TIME (Makespan / UB): 844
Schedule is valid
 Time taken: 15.34 seconds
SAT

=> TOTAL COMPLETION TIME (Makespan / UB): 843
Schedule is valid
 Time taken: 15.43 seconds
SAT

=> TOTAL COMPLETION TIME (Makespan / UB): 842
Schedule is valid
 Time taken: 15.53 seconds
SAT

=> TOTAL COMPLETION TIME (Makespan / UB): 841
Schedule is valid
 Time taken: 15.62 seconds
SAT

=> TOTAL COMPLETION TIME (Makespan / UB): 840
Schedule is valid
 Time taken: 15.71 seconds
SAT

=> TOTAL COMPLETION TIME (Makespan / UB): 839
Schedule is valid
 Time taken: 15.80 seconds
SAT

=> TOTAL COMPLETION TIME (Makespan / UB): 838
Schedule is valid
 Time taken: 15.90 seconds
SAT

=> TOTAL COMPLETION TIME (Makespan / UB): 837
Schedule is valid
 Time taken: 15.99 seconds
SAT

=> TOTAL COMPLETION TIME (Makespan / UB): 836
Schedule is valid
 Time taken: 16.09 seconds
SAT

=> TOTAL COMPLETION TIME (Makespan / UB): 835
Schedule is valid
 Time taken: 16.18 seconds
SAT

=> TOTAL COMPLETION TIME (Makespan / UB): 834
Schedule is valid
 Time taken: 16.28 seconds
SAT

=> TOTAL COMPLETION TIME (Makespan / UB): 833
Schedule is valid
 Time taken: 16.38 seconds
SAT

=> TOTAL COMPLETION TIME (Makespan / UB): 832
Schedule is valid
 Time taken: 16.48 seconds
SAT

=> TOTAL COMPLETION TIME (Makespan / UB): 831
Schedule is valid
 Time taken: 16.58 seconds
SAT

=> TOTAL COMPLETION TIME (Makespan / UB): 830
Schedule is valid
 Time taken: 16.67 seconds
[runlim] sample:		19.99 time, 20.01 real, 554 MB, 1.00 load
SAT

=> TOTAL COMPLETION TIME (Makespan / UB): 829
Schedule is valid
 Time taken: 26.36 seconds
SAT

=> TOTAL COMPLETION TIME (Makespan / UB): 828
Schedule is valid
 Time taken: 27.45 seconds
SAT

=> TOTAL COMPLETION TIME (Makespan / UB): 827
Schedule is valid
 Time taken: 28.66 seconds
SAT

=> TOTAL COMPLETION TIME (Makespan / UB): 826
Schedule is valid
 Time taken: 29.68 seconds
[runlim] sample:		29.99 time, 30.01 real, 610 MB, 1.00 load
SAT

=> TOTAL COMPLETION TIME (Makespan / UB): 825
Schedule is valid
 Time taken: 30.61 seconds
SAT

=> TOTAL COMPLETION TIME (Makespan / UB): 824
Schedule is valid
 Time taken: 32.56 seconds
SAT

=> TOTAL COMPLETION TIME (Makespan / UB): 823
Schedule is valid
 Time taken: 33.61 seconds
SAT

=> TOTAL COMPLETION TIME (Makespan / UB): 822
Schedule is valid
 Time taken: 34.45 seconds
SAT

=> TOTAL COMPLETION TIME (Makespan / UB): 821
Schedule is valid
 Time taken: 37.26 seconds
SAT

=> TOTAL COMPLETION TIME (Makespan / UB): 820
Schedule is valid
 Time taken: 37.85 seconds
SAT

=> TOTAL COMPLETION TIME (Makespan / UB): 819
Schedule is valid
 Time taken: 38.95 seconds
SAT

=> TOTAL COMPLETION TIME (Makespan / UB): 818
Schedule is valid
 Time taken: 39.30 seconds
[runlim] sample:		39.99 time, 40.01 real, 611 MB, 1.00 load
SAT

=> TOTAL COMPLETION TIME (Makespan / UB): 817
Schedule is valid
 Time taken: 40.51 seconds
SAT

=> TOTAL COMPLETION TIME (Makespan / UB): 816
Schedule is valid
 Time taken: 40.73 seconds
SAT

=> TOTAL COMPLETION TIME (Makespan / UB): 815
Schedule is valid
 Time taken: 40.91 seconds
SAT

=> TOTAL COMPLETION TIME (Makespan / UB): 814
Schedule is valid
 Time taken: 41.08 seconds
SAT

=> TOTAL COMPLETION TIME (Makespan / UB): 813
Schedule is valid
 Time taken: 41.26 seconds
SAT

=> TOTAL COMPLETION TIME (Makespan / UB): 812
Schedule is valid
 Time taken: 41.43 seconds
SAT

=> TOTAL COMPLETION TIME (Makespan / UB): 811
Schedule is valid
 Time taken: 41.61 seconds
SAT

=> TOTAL COMPLETION TIME (Makespan / UB): 810
Schedule is valid
 Time taken: 41.78 seconds
SAT

=> TOTAL COMPLETION TIME (Makespan / UB): 809
Schedule is valid
 Time taken: 41.95 seconds
SAT

=> TOTAL COMPLETION TIME (Makespan / UB): 808
Schedule is valid
 Time taken: 43.38 seconds
SAT

=> TOTAL COMPLETION TIME (Makespan / UB): 807
Schedule is valid
 Time taken: 43.75 seconds
SAT

=> TOTAL COMPLETION TIME (Makespan / UB): 806
Schedule is valid
 Time taken: 43.94 seconds
SAT

=> TOTAL COMPLETION TIME (Makespan / UB): 805
Schedule is valid
 Time taken: 44.11 seconds
SAT

=> TOTAL COMPLETION TIME (Makespan / UB): 804
Schedule is valid
 Time taken: 44.92 seconds
SAT

=> TOTAL COMPLETION TIME (Makespan / UB): 803
Schedule is valid
 Time taken: 46.20 seconds
SAT

=> TOTAL COMPLETION TIME (Makespan / UB): 802
Schedule is valid
 Time taken: 47.05 seconds
SAT

=> TOTAL COMPLETION TIME (Makespan / UB): 801
Schedule is valid
 Time taken: 47.45 seconds
SAT

=> TOTAL COMPLETION TIME (Makespan / UB): 800
Schedule is valid
 Time taken: 47.67 seconds
SAT

=> TOTAL COMPLETION TIME (Makespan / UB): 799
Schedule is valid
 Time taken: 48.49 seconds
[runlim] sample:		49.99 time, 50.01 real, 610 MB, 1.00 load
SAT

=> TOTAL COMPLETION TIME (Makespan / UB): 798
Schedule is valid
 Time taken: 51.60 seconds
SAT

=> TOTAL COMPLETION TIME (Makespan / UB): 797
Schedule is valid
 Time taken: 51.79 seconds
SAT

=> TOTAL COMPLETION TIME (Makespan / UB): 796
Schedule is valid
 Time taken: 52.47 seconds
SAT

=> TOTAL COMPLETION TIME (Makespan / UB): 795
Schedule is valid
 Time taken: 53.12 seconds
SAT

=> TOTAL COMPLETION TIME (Makespan / UB): 794
Schedule is valid
 Time taken: 54.17 seconds
SAT

=> TOTAL COMPLETION TIME (Makespan / UB): 793
Schedule is valid
 Time taken: 54.34 seconds
SAT

=> TOTAL COMPLETION TIME (Makespan / UB): 792
Schedule is valid
 Time taken: 55.14 seconds
SAT

=> TOTAL COMPLETION TIME (Makespan / UB): 791
Schedule is valid
 Time taken: 56.73 seconds
SAT

=> TOTAL COMPLETION TIME (Makespan / UB): 790
Schedule is valid
 Time taken: 57.52 seconds
SAT

=> TOTAL COMPLETION TIME (Makespan / UB): 789
Schedule is valid
 Time taken: 59.07 seconds
SAT
[runlim] sample:		59.98 time, 60.01 real, 616 MB, 1.00 load

=> TOTAL COMPLETION TIME (Makespan / UB): 788
Schedule is valid
 Time taken: 59.99 seconds
SAT

=> TOTAL COMPLETION TIME (Makespan / UB): 787
Schedule is valid
 Time taken: 60.15 seconds
SAT

=> TOTAL COMPLETION TIME (Makespan / UB): 786
Schedule is valid
 Time taken: 62.53 seconds
SAT

=> TOTAL COMPLETION TIME (Makespan / UB): 785
Schedule is valid
 Time taken: 63.00 seconds
SAT

=> TOTAL COMPLETION TIME (Makespan / UB): 784
Schedule is valid
 Time taken: 63.66 seconds
SAT

=> TOTAL COMPLETION TIME (Makespan / UB): 783
Schedule is valid
 Time taken: 64.71 seconds
SAT

=> TOTAL COMPLETION TIME (Makespan / UB): 782
Schedule is valid
 Time taken: 65.30 seconds
SAT

=> TOTAL COMPLETION TIME (Makespan / UB): 781
Schedule is valid
 Time taken: 66.03 seconds
SAT

=> TOTAL COMPLETION TIME (Makespan / UB): 780
Schedule is valid
 Time taken: 66.69 seconds
SAT

=> TOTAL COMPLETION TIME (Makespan / UB): 779
Schedule is valid
 Time taken: 67.28 seconds
SAT

=> TOTAL COMPLETION TIME (Makespan / UB): 778
Schedule is valid
 Time taken: 67.80 seconds
SAT

=> TOTAL COMPLETION TIME (Makespan / UB): 777
Schedule is valid
 Time taken: 68.63 seconds
SAT

=> TOTAL COMPLETION TIME (Makespan / UB): 776
Schedule is valid
 Time taken: 69.06 seconds
SAT

=> TOTAL COMPLETION TIME (Makespan / UB): 775
Schedule is valid
 Time taken: 69.55 seconds
[runlim] sample:		69.98 time, 70.01 real, 545 MB, 1.00 load
SAT

=> TOTAL COMPLETION TIME (Makespan / UB): 774
Schedule is valid
 Time taken: 70.43 seconds
SAT

=> TOTAL COMPLETION TIME (Makespan / UB): 773
Schedule is valid
 Time taken: 71.03 seconds
SAT

=> TOTAL COMPLETION TIME (Makespan / UB): 772
Schedule is valid
 Time taken: 72.07 seconds
SAT

=> TOTAL COMPLETION TIME (Makespan / UB): 771
Schedule is valid
 Time taken: 72.23 seconds
SAT

=> TOTAL COMPLETION TIME (Makespan / UB): 770
Schedule is valid
 Time taken: 72.37 seconds
SAT

=> TOTAL COMPLETION TIME (Makespan / UB): 769
Schedule is valid
 Time taken: 73.45 seconds
SAT

=> TOTAL COMPLETION TIME (Makespan / UB): 768
Schedule is valid
 Time taken: 76.03 seconds
SAT

=> TOTAL COMPLETION TIME (Makespan / UB): 767
Schedule is valid
 Time taken: 76.74 seconds
SAT

=> TOTAL COMPLETION TIME (Makespan / UB): 766
Schedule is valid
 Time taken: 78.76 seconds
SAT

=> TOTAL COMPLETION TIME (Makespan / UB): 765
Schedule is valid
 Time taken: 79.39 seconds
SAT

=> TOTAL COMPLETION TIME (Makespan / UB): 764
Schedule is valid
 Time taken: 79.56 seconds
[runlim] sample:		79.98 time, 80.01 real, 537 MB, 1.00 load
SAT

=> TOTAL COMPLETION TIME (Makespan / UB): 763
Schedule is valid
 Time taken: 80.35 seconds
SAT

=> TOTAL COMPLETION TIME (Makespan / UB): 762
Schedule is valid
 Time taken: 82.14 seconds
SAT

=> TOTAL COMPLETION TIME (Makespan / UB): 761
Schedule is valid
 Time taken: 82.68 seconds
SAT

=> TOTAL COMPLETION TIME (Makespan / UB): 760
Schedule is valid
 Time taken: 83.44 seconds
SAT

=> TOTAL COMPLETION TIME (Makespan / UB): 759
Schedule is valid
 Time taken: 84.07 seconds
SAT

=> TOTAL COMPLETION TIME (Makespan / UB): 758
Schedule is valid
 Time taken: 85.17 seconds
SAT

=> TOTAL COMPLETION TIME (Makespan / UB): 757
Schedule is valid
 Time taken: 85.61 seconds
[runlim] sample:		89.98 time, 90.01 real, 613 MB, 1.00 load
SAT

=> TOTAL COMPLETION TIME (Makespan / UB): 756
Schedule is valid
 Time taken: 90.43 seconds
SAT

=> TOTAL COMPLETION TIME (Makespan / UB): 755
Schedule is valid
 Time taken: 91.46 seconds
SAT

=> TOTAL COMPLETION TIME (Makespan / UB): 754
Schedule is valid
 Time taken: 93.90 seconds
SAT

=> TOTAL COMPLETION TIME (Makespan / UB): 753
Schedule is valid
 Time taken: 96.61 seconds
SAT

=> TOTAL COMPLETION TIME (Makespan / UB): 752
Schedule is valid
 Time taken: 98.67 seconds
[runlim] sample:		99.98 time, 100.01 real, 527 MB, 1.08 load
SAT

=> TOTAL COMPLETION TIME (Makespan / UB): 751
Schedule is valid
 Time taken: 100.06 seconds
SAT

=> TOTAL COMPLETION TIME (Makespan / UB): 750
Schedule is valid
 Time taken: 100.27 seconds
SAT

=> TOTAL COMPLETION TIME (Makespan / UB): 749
Schedule is valid
 Time taken: 100.47 seconds
SAT

=> TOTAL COMPLETION TIME (Makespan / UB): 748
Schedule is valid
 Time taken: 102.87 seconds
SAT

=> TOTAL COMPLETION TIME (Makespan / UB): 747
Schedule is valid
 Time taken: 103.14 seconds
SAT

=> TOTAL COMPLETION TIME (Makespan / UB): 746
Schedule is valid
 Time taken: 103.33 seconds
SAT

=> TOTAL COMPLETION TIME (Makespan / UB): 745
Schedule is valid
 Time taken: 105.92 seconds
SAT

=> TOTAL COMPLETION TIME (Makespan / UB): 744
Schedule is valid
 Time taken: 106.43 seconds
[runlim] sample:		109.97 time, 110.01 real, 509 MB, 1.07 load
SAT

=> TOTAL COMPLETION TIME (Makespan / UB): 743
Schedule is valid
 Time taken: 111.14 seconds
SAT

=> TOTAL COMPLETION TIME (Makespan / UB): 742
Schedule is valid
 Time taken: 112.02 seconds
SAT

=> TOTAL COMPLETION TIME (Makespan / UB): 741
Schedule is valid
 Time taken: 112.62 seconds
SAT

=> TOTAL COMPLETION TIME (Makespan / UB): 740
Schedule is valid
 Time taken: 113.29 seconds
SAT

=> TOTAL COMPLETION TIME (Makespan / UB): 739
Schedule is valid
 Time taken: 115.25 seconds
SAT

=> TOTAL COMPLETION TIME (Makespan / UB): 738
Schedule is valid
 Time taken: 115.44 seconds
SAT

=> TOTAL COMPLETION TIME (Makespan / UB): 737
Schedule is valid
 Time taken: 115.59 seconds
SAT

=> TOTAL COMPLETION TIME (Makespan / UB): 736
Schedule is valid
 Time taken: 117.00 seconds
SAT

=> TOTAL COMPLETION TIME (Makespan / UB): 735
Schedule is valid
 Time taken: 119.03 seconds
[runlim] sample:		119.97 time, 120.01 real, 518 MB, 1.06 load
SAT

=> TOTAL COMPLETION TIME (Makespan / UB): 734
Schedule is valid
 Time taken: 121.45 seconds
SAT

=> TOTAL COMPLETION TIME (Makespan / UB): 733
Schedule is valid
 Time taken: 125.56 seconds
SAT

=> TOTAL COMPLETION TIME (Makespan / UB): 732
Schedule is valid
 Time taken: 125.75 seconds
SAT

=> TOTAL COMPLETION TIME (Makespan / UB): 731
Schedule is valid
 Time taken: 128.75 seconds
SAT

=> TOTAL COMPLETION TIME (Makespan / UB): 730
Schedule is valid
 Time taken: 129.50 seconds
[runlim] sample:		129.97 time, 130.01 real, 517 MB, 1.05 load
SAT

=> TOTAL COMPLETION TIME (Makespan / UB): 729
Schedule is valid
 Time taken: 132.62 seconds
SAT

=> TOTAL COMPLETION TIME (Makespan / UB): 728
Schedule is valid
 Time taken: 134.77 seconds
SAT

=> TOTAL COMPLETION TIME (Makespan / UB): 727
Schedule is valid
 Time taken: 135.56 seconds
SAT

=> TOTAL COMPLETION TIME (Makespan / UB): 726
Schedule is valid
 Time taken: 136.45 seconds
SAT

=> TOTAL COMPLETION TIME (Makespan / UB): 725
Schedule is valid
 Time taken: 139.28 seconds
[runlim] sample:		139.97 time, 140.01 real, 515 MB, 1.04 load
SAT

=> TOTAL COMPLETION TIME (Makespan / UB): 724
Schedule is valid
 Time taken: 141.57 seconds
SAT

=> TOTAL COMPLETION TIME (Makespan / UB): 723
Schedule is valid
 Time taken: 141.75 seconds
SAT

=> TOTAL COMPLETION TIME (Makespan / UB): 722
Schedule is valid
 Time taken: 146.41 seconds
SAT

=> TOTAL COMPLETION TIME (Makespan / UB): 721
Schedule is valid
 Time taken: 149.61 seconds
[runlim] sample:		149.97 time, 150.01 real, 516 MB, 1.03 load
SAT

=> TOTAL COMPLETION TIME (Makespan / UB): 720
Schedule is valid
 Time taken: 150.57 seconds
SAT

=> TOTAL COMPLETION TIME (Makespan / UB): 719
Schedule is valid
 Time taken: 150.80 seconds
SAT

=> TOTAL COMPLETION TIME (Makespan / UB): 718
Schedule is valid
 Time taken: 154.51 seconds
SAT

=> TOTAL COMPLETION TIME (Makespan / UB): 717
Schedule is valid
 Time taken: 157.32 seconds
SAT

=> TOTAL COMPLETION TIME (Makespan / UB): 716
Schedule is valid
 Time taken: 159.68 seconds
[runlim] sample:		159.97 time, 160.01 real, 517 MB, 1.03 load
SAT

=> TOTAL COMPLETION TIME (Makespan / UB): 715
Schedule is valid
 Time taken: 162.58 seconds
SAT

=> TOTAL COMPLETION TIME (Makespan / UB): 714
Schedule is valid
 Time taken: 165.62 seconds
[runlim] sample:		169.97 time, 170.01 real, 516 MB, 1.02 load
SAT

=> TOTAL COMPLETION TIME (Makespan / UB): 713
Schedule is valid
 Time taken: 172.05 seconds
SAT

=> TOTAL COMPLETION TIME (Makespan / UB): 712
Schedule is valid
 Time taken: 175.11 seconds
SAT

=> TOTAL COMPLETION TIME (Makespan / UB): 711
Schedule is valid
 Time taken: 177.88 seconds
[runlim] sample:		179.96 time, 180.01 real, 515 MB, 1.02 load
SAT

=> TOTAL COMPLETION TIME (Makespan / UB): 710
Schedule is valid
 Time taken: 180.59 seconds
SAT

=> TOTAL COMPLETION TIME (Makespan / UB): 709
Schedule is valid
 Time taken: 183.87 seconds
SAT

=> TOTAL COMPLETION TIME (Makespan / UB): 708
Schedule is valid
 Time taken: 186.85 seconds
[runlim] sample:		189.96 time, 190.01 real, 516 MB, 1.02 load
SAT

=> TOTAL COMPLETION TIME (Makespan / UB): 707
Schedule is valid
 Time taken: 190.63 seconds
SAT

=> TOTAL COMPLETION TIME (Makespan / UB): 706
Schedule is valid
 Time taken: 196.03 seconds
SAT

=> TOTAL COMPLETION TIME (Makespan / UB): 705
Schedule is valid
 Time taken: 198.88 seconds
[runlim] sample:		199.96 time, 200.01 real, 514 MB, 1.01 load
SAT

=> TOTAL COMPLETION TIME (Makespan / UB): 704
Schedule is valid
 Time taken: 202.22 seconds
SAT

=> TOTAL COMPLETION TIME (Makespan / UB): 703
Schedule is valid
 Time taken: 204.65 seconds
SAT

=> TOTAL COMPLETION TIME (Makespan / UB): 702
Schedule is valid
 Time taken: 207.67 seconds
SAT

=> TOTAL COMPLETION TIME (Makespan / UB): 701
Schedule is valid
 Time taken: 208.73 seconds
[runlim] sample:		209.97 time, 210.01 real, 562 MB, 1.09 load
SAT

=> TOTAL COMPLETION TIME (Makespan / UB): 700
Schedule is valid
 Time taken: 214.13 seconds
SAT

=> TOTAL COMPLETION TIME (Makespan / UB): 699
Schedule is valid
 Time taken: 217.77 seconds
[runlim] sample:		219.96 time, 220.01 real, 514 MB, 1.08 load
SAT

=> TOTAL COMPLETION TIME (Makespan / UB): 698
Schedule is valid
 Time taken: 222.23 seconds
[runlim] sample:		229.96 time, 230.01 real, 485 MB, 1.06 load
SAT

=> TOTAL COMPLETION TIME (Makespan / UB): 697
Schedule is valid
 Time taken: 237.80 seconds
[runlim] sample:		239.96 time, 240.01 real, 456 MB, 1.05 load
SAT

=> TOTAL COMPLETION TIME (Makespan / UB): 696
Schedule is valid
 Time taken: 241.26 seconds
SAT

=> TOTAL COMPLETION TIME (Makespan / UB): 695
Schedule is valid
 Time taken: 245.39 seconds
SAT

=> TOTAL COMPLETION TIME (Makespan / UB): 694
Schedule is valid
 Time taken: 248.94 seconds
[runlim] sample:		249.96 time, 250.01 real, 473 MB, 1.04 load
[runlim] sample:		259.96 time, 260.01 real, 473 MB, 1.04 load
SAT

=> TOTAL COMPLETION TIME (Makespan / UB): 693
Schedule is valid
 Time taken: 264.43 seconds
[runlim] sample:		269.96 time, 270.01 real, 471 MB, 1.03 load
[runlim] sample:		279.96 time, 280.01 real, 473 MB, 1.03 load
SAT

=> TOTAL COMPLETION TIME (Makespan / UB): 692
Schedule is valid
 Time taken: 282.53 seconds
[runlim] sample:		289.96 time, 290.01 real, 473 MB, 1.02 load
SAT

=> TOTAL COMPLETION TIME (Makespan / UB): 691
Schedule is valid
 Time taken: 297.50 seconds
[runlim] sample:		299.96 time, 300.01 real, 472 MB, 1.02 load
SAT

=> TOTAL COMPLETION TIME (Makespan / UB): 690
Schedule is valid
 Time taken: 304.41 seconds
SAT

=> TOTAL COMPLETION TIME (Makespan / UB): 689
Schedule is valid
 Time taken: 308.55 seconds
[runlim] sample:		309.96 time, 310.01 real, 473 MB, 1.01 load
SAT

=> TOTAL COMPLETION TIME (Makespan / UB): 688
Schedule is valid
 Time taken: 313.32 seconds
[runlim] sample:		319.96 time, 320.01 real, 474 MB, 1.01 load
SAT

=> TOTAL COMPLETION TIME (Makespan / UB): 687
Schedule is valid
 Time taken: 327.83 seconds
[runlim] sample:		329.96 time, 330.01 real, 474 MB, 1.01 load
SAT

=> TOTAL COMPLETION TIME (Makespan / UB): 686
Schedule is valid
 Time taken: 333.19 seconds
[runlim] sample:		339.95 time, 340.01 real, 474 MB, 1.01 load
[runlim] sample:		349.95 time, 350.01 real, 474 MB, 1.17 load
SAT

=> TOTAL COMPLETION TIME (Makespan / UB): 685
Schedule is valid
 Time taken: 356.72 seconds
[runlim] sample:		359.96 time, 360.01 real, 472 MB, 1.14 load
SAT

=> TOTAL COMPLETION TIME (Makespan / UB): 684
Schedule is valid
 Time taken: 361.41 seconds
SAT

=> TOTAL COMPLETION TIME (Makespan / UB): 683
Schedule is valid
 Time taken: 365.40 seconds
[runlim] sample:		369.96 time, 370.01 real, 474 MB, 1.12 load
[runlim] sample:		379.95 time, 380.01 real, 473 MB, 1.10 load
SAT

=> TOTAL COMPLETION TIME (Makespan / UB): 682
Schedule is valid
 Time taken: 380.07 seconds
SAT

=> TOTAL COMPLETION TIME (Makespan / UB): 681
Schedule is valid
 Time taken: 384.95 seconds
SAT

=> TOTAL COMPLETION TIME (Makespan / UB): 680
Schedule is valid
 Time taken: 389.25 seconds
[runlim] sample:		389.96 time, 390.01 real, 474 MB, 1.08 load
[runlim] sample:		399.96 time, 400.01 real, 474 MB, 1.07 load
[runlim] sample:		409.96 time, 410.01 real, 523 MB, 1.06 load
[runlim] sample:		419.95 time, 420.01 real, 477 MB, 1.05 load
[runlim] sample:		429.95 time, 430.01 real, 477 MB, 1.04 load
[runlim] sample:		439.95 time, 440.01 real, 477 MB, 1.04 load
[runlim] sample:		449.95 time, 450.01 real, 473 MB, 1.03 load
[runlim] sample:		459.95 time, 460.01 real, 473 MB, 1.02 load
SAT

=> TOTAL COMPLETION TIME (Makespan / UB): 679
Schedule is valid
 Time taken: 464.09 seconds
[runlim] sample:		469.95 time, 470.01 real, 474 MB, 1.02 load
[runlim] sample:		479.96 time, 480.01 real, 476 MB, 1.09 load
SAT

=> TOTAL COMPLETION TIME (Makespan / UB): 678
Schedule is valid
 Time taken: 481.03 seconds
[runlim] sample:		489.95 time, 490.01 real, 476 MB, 1.08 load
SAT

=> TOTAL COMPLETION TIME (Makespan / UB): 677
Schedule is valid
 Time taken: 496.77 seconds
[runlim] sample:		499.95 time, 500.01 real, 476 MB, 1.06 load
[runlim] sample:		509.95 time, 510.01 real, 476 MB, 1.05 load
[runlim] sample:		519.95 time, 520.01 real, 474 MB, 1.04 load
SAT

=> TOTAL COMPLETION TIME (Makespan / UB): 676
Schedule is valid
 Time taken: 520.09 seconds
[runlim] sample:		529.95 time, 530.01 real, 479 MB, 1.04 load
SAT

=> TOTAL COMPLETION TIME (Makespan / UB): 675
Schedule is valid
 Time taken: 538.31 seconds
[runlim] sample:		539.94 time, 540.01 real, 480 MB, 1.03 load
[runlim] sample:		549.94 time, 550.01 real, 480 MB, 1.03 load
SAT

=> TOTAL COMPLETION TIME (Makespan / UB): 674
Schedule is valid
 Time taken: 559.47 seconds
[runlim] sample:		559.94 time, 560.01 real, 479 MB, 1.02 load
[runlim] sample:		569.94 time, 570.01 real, 479 MB, 1.02 load
[runlim] sample:		579.93 time, 580.01 real, 479 MB, 1.01 load
SAT

=> TOTAL COMPLETION TIME (Makespan / UB): 673
Schedule is valid
 Time taken: 586.77 seconds
[runlim] sample:		589.93 time, 590.01 real, 480 MB, 1.01 load
[runlim] sample:		599.93 time, 600.01 real, 483 MB, 1.01 load
SAT

=> TOTAL COMPLETION TIME (Makespan / UB): 672
Schedule is valid
 Time taken: 608.19 seconds
[runlim] sample:		609.93 time, 610.01 real, 492 MB, 1.08 load
[runlim] sample:		619.93 time, 620.01 real, 489 MB, 1.07 load
[runlim] sample:		629.92 time, 630.01 real, 490 MB, 1.06 load
[runlim] sample:		639.92 time, 640.01 real, 490 MB, 1.05 load
[runlim] sample:		649.93 time, 650.01 real, 489 MB, 1.04 load
[runlim] sample:		659.92 time, 660.01 real, 490 MB, 1.03 load
[runlim] sample:		669.92 time, 670.01 real, 490 MB, 1.03 load
SAT

=> TOTAL COMPLETION TIME (Makespan / UB): 671
Schedule is valid
 Time taken: 679.70 seconds
[runlim] sample:		679.92 time, 680.01 real, 489 MB, 1.02 load
[runlim] sample:		689.93 time, 690.01 real, 495 MB, 1.02 load
[runlim] sample:		699.93 time, 700.01 real, 495 MB, 1.02 load
[runlim] sample:		709.93 time, 710.01 real, 495 MB, 1.01 load
[runlim] sample:		719.92 time, 720.01 real, 495 MB, 1.01 load
[runlim] sample:		729.92 time, 730.01 real, 495 MB, 1.09 load
[runlim] sample:		739.92 time, 740.01 real, 491 MB, 1.07 load
[runlim] sample:		749.92 time, 750.01 real, 491 MB, 1.06 load
SAT

=> TOTAL COMPLETION TIME (Makespan / UB): 670
Schedule is valid
 Time taken: 751.23 seconds
[runlim] sample:		759.92 time, 760.01 real, 494 MB, 1.05 load
[runlim] sample:		769.92 time, 770.01 real, 494 MB, 1.04 load
[runlim] sample:		779.92 time, 780.01 real, 494 MB, 1.04 load
[runlim] sample:		789.92 time, 790.01 real, 496 MB, 1.03 load
[runlim] sample:		799.92 time, 800.01 real, 496 MB, 1.03 load
[runlim] sample:		809.92 time, 810.01 real, 492 MB, 1.18 load
[runlim] sample:		819.92 time, 820.01 real, 492 MB, 1.15 load
SAT

=> TOTAL COMPLETION TIME (Makespan / UB): 669
Schedule is valid
 Time taken: 826.25 seconds
[runlim] sample:		829.92 time, 830.01 real, 493 MB, 1.13 load
[runlim] sample:		839.92 time, 840.01 real, 494 MB, 1.11 load
SAT

=> TOTAL COMPLETION TIME (Makespan / UB): 668
Schedule is valid
 Time taken: 842.30 seconds
[runlim] sample:		849.92 time, 850.01 real, 493 MB, 1.09 load
[runlim] sample:		859.92 time, 860.01 real, 503 MB, 1.15 load
SAT

=> TOTAL COMPLETION TIME (Makespan / UB): 667
Schedule is valid
 Time taken: 865.14 seconds
[runlim] sample:		869.91 time, 870.01 real, 504 MB, 1.13 load
[runlim] sample:		879.91 time, 880.01 real, 504 MB, 1.11 load
[runlim] sample:		889.91 time, 890.01 real, 506 MB, 1.09 load
[runlim] sample:		899.91 time, 900.01 real, 506 MB, 1.08 load
[runlim] sample:		909.92 time, 910.01 real, 506 MB, 1.06 load
[runlim] sample:		919.92 time, 920.01 real, 506 MB, 1.05 load
[runlim] sample:		929.92 time, 930.01 real, 506 MB, 1.05 load
[runlim] sample:		939.92 time, 940.01 real, 503 MB, 1.04 load
[runlim] sample:		949.92 time, 950.01 real, 509 MB, 1.03 load
[runlim] sample:		959.92 time, 960.01 real, 509 MB, 1.03 load
SAT

=> TOTAL COMPLETION TIME (Makespan / UB): 666
Schedule is valid
 Time taken: 964.18 seconds
[runlim] sample:		969.91 time, 970.01 real, 516 MB, 1.02 load
[runlim] sample:		979.91 time, 980.01 real, 516 MB, 1.09 load
SAT

=> TOTAL COMPLETION TIME (Makespan / UB): 665
Schedule is valid
 Time taken: 988.82 seconds
[runlim] sample:		989.91 time, 990.01 real, 514 MB, 1.08 load
[runlim] sample:		999.91 time, 1000.01 real, 514 MB, 1.07 load
[runlim] sample:		1009.91 time, 1010.01 real, 514 MB, 1.06 load
[runlim] sample:		1019.91 time, 1020.01 real, 513 MB, 1.05 load
[runlim] sample:		1029.91 time, 1030.01 real, 513 MB, 1.04 load
[runlim] sample:		1039.91 time, 1040.01 real, 512 MB, 1.03 load
[runlim] sample:		1049.91 time, 1050.01 real, 512 MB, 1.03 load
[runlim] sample:		1059.91 time, 1060.01 real, 512 MB, 1.02 load
[runlim] sample:		1069.91 time, 1070.01 real, 511 MB, 1.02 load
[runlim] sample:		1079.91 time, 1080.01 real, 511 MB, 1.02 load
SAT

=> TOTAL COMPLETION TIME (Makespan / UB): 664
Schedule is valid
 Time taken: 1082.52 seconds
[runlim] sample:		1089.90 time, 1090.01 real, 519 MB, 1.01 load
[runlim] sample:		1099.90 time, 1100.01 real, 519 MB, 1.01 load
SAT

=> TOTAL COMPLETION TIME (Makespan / UB): 663
Schedule is valid
 Time taken: 1106.94 seconds
[runlim] sample:		1109.90 time, 1110.01 real, 583 MB, 1.01 load
[runlim] sample:		1119.90 time, 1120.01 real, 517 MB, 1.01 load
[runlim] sample:		1129.90 time, 1130.01 real, 517 MB, 1.00 load
SAT

=> TOTAL COMPLETION TIME (Makespan / UB): 662
Schedule is valid
 Time taken: 1132.39 seconds
[runlim] sample:		1139.90 time, 1140.01 real, 516 MB, 1.00 load
[runlim] sample:		1149.90 time, 1150.01 real, 515 MB, 1.00 load
[runlim] sample:		1159.90 time, 1160.01 real, 515 MB, 1.00 load
[runlim] sample:		1169.90 time, 1170.01 real, 514 MB, 1.00 load
[runlim] sample:		1179.90 time, 1180.01 real, 514 MB, 1.00 load
[runlim] sample:		1189.90 time, 1190.01 real, 514 MB, 1.00 load
[runlim] sample:		1199.90 time, 1200.01 real, 514 MB, 1.00 load
[runlim] sample:		1209.90 time, 1210.01 real, 510 MB, 1.00 load
[runlim] sample:		1219.90 time, 1220.01 real, 510 MB, 1.00 load
[runlim] sample:		1229.89 time, 1230.01 real, 516 MB, 1.00 load
[runlim] sample:		1239.89 time, 1240.01 real, 516 MB, 1.00 load
[runlim] sample:		1249.89 time, 1250.01 real, 516 MB, 1.00 load
[runlim] sample:		1259.90 time, 1260.01 real, 519 MB, 1.00 load
[runlim] sample:		1269.90 time, 1270.01 real, 519 MB, 1.00 load
[runlim] sample:		1279.90 time, 1280.01 real, 519 MB, 1.00 load
[runlim] sample:		1289.89 time, 1290.01 real, 518 MB, 1.00 load
[runlim] sample:		1299.89 time, 1300.01 real, 518 MB, 1.00 load
[runlim] sample:		1309.89 time, 1310.01 real, 518 MB, 1.00 load
[runlim] sample:		1319.90 time, 1320.01 real, 518 MB, 1.00 load
[runlim] sample:		1329.89 time, 1330.01 real, 511 MB, 1.00 load
[runlim] sample:		1339.89 time, 1340.01 real, 511 MB, 1.00 load
[runlim] sample:		1349.89 time, 1350.01 real, 511 MB, 1.08 load
[runlim] sample:		1359.89 time, 1360.01 real, 511 MB, 1.14 load
[runlim] sample:		1369.89 time, 1370.01 real, 512 MB, 1.12 load
[runlim] sample:		1379.89 time, 1380.01 real, 512 MB, 1.10 load
[runlim] sample:		1389.89 time, 1390.01 real, 512 MB, 1.08 load
[runlim] sample:		1399.89 time, 1400.01 real, 512 MB, 1.07 load
[runlim] sample:		1409.89 time, 1410.01 real, 513 MB, 1.06 load
[runlim] sample:		1419.89 time, 1420.01 real, 513 MB, 1.05 load
[runlim] sample:		1429.89 time, 1430.01 real, 513 MB, 1.04 load
[runlim] sample:		1439.88 time, 1440.01 real, 513 MB, 1.04 load
[runlim] sample:		1449.89 time, 1450.01 real, 515 MB, 1.03 load
[runlim] sample:		1459.89 time, 1460.01 real, 515 MB, 1.02 load
SAT

=> TOTAL COMPLETION TIME (Makespan / UB): 661
Schedule is valid
 Time taken: 1462.25 seconds
[runlim] sample:		1469.89 time, 1470.01 real, 538 MB, 1.02 load
[runlim] sample:		1479.88 time, 1480.01 real, 538 MB, 1.10 load
[runlim] sample:		1489.88 time, 1490.01 real, 538 MB, 1.08 load
[runlim] sample:		1499.88 time, 1500.01 real, 538 MB, 1.07 load
[runlim] sample:		1509.88 time, 1510.01 real, 520 MB, 1.06 load
[runlim] sample:		1519.88 time, 1520.01 real, 520 MB, 1.05 load
[runlim] sample:		1529.88 time, 1530.01 real, 520 MB, 1.04 load
[runlim] sample:		1539.89 time, 1540.01 real, 520 MB, 1.03 load
[runlim] sample:		1549.88 time, 1550.01 real, 515 MB, 1.03 load
[runlim] sample:		1559.88 time, 1560.01 real, 515 MB, 1.02 load
[runlim] sample:		1569.88 time, 1570.01 real, 531 MB, 1.02 load
SAT

=> TOTAL COMPLETION TIME (Makespan / UB): 660
Schedule is valid
 Time taken: 1577.86 seconds
[runlim] sample:		1579.88 time, 1580.01 real, 477 MB, 1.02 load
[runlim] sample:		1589.88 time, 1590.01 real, 477 MB, 1.01 load
SAT

=> TOTAL COMPLETION TIME (Makespan / UB): 659
Schedule is valid
 Time taken: 1599.05 seconds
[runlim] sample:		1599.88 time, 1600.01 real, 494 MB, 1.01 load
[runlim] sample:		1609.88 time, 1610.01 real, 493 MB, 1.08 load
[runlim] sample:		1619.88 time, 1620.01 real, 493 MB, 1.07 load
[runlim] sample:		1629.87 time, 1630.01 real, 493 MB, 1.06 load
[runlim] sample:		1639.88 time, 1640.01 real, 492 MB, 1.05 load
[runlim] sample:		1649.88 time, 1650.01 real, 492 MB, 1.04 load
[runlim] sample:		1659.87 time, 1660.01 real, 492 MB, 1.03 load
[runlim] sample:		1669.87 time, 1670.01 real, 492 MB, 1.03 load
[runlim] sample:		1679.87 time, 1680.01 real, 492 MB, 1.02 load
[runlim] sample:		1689.88 time, 1690.01 real, 488 MB, 1.02 load
[runlim] sample:		1699.88 time, 1700.01 real, 520 MB, 1.02 load
[runlim] sample:		1709.87 time, 1710.01 real, 528 MB, 1.01 load
[runlim] sample:		1719.87 time, 1720.01 real, 528 MB, 1.01 load
[runlim] sample:		1729.87 time, 1730.01 real, 528 MB, 1.01 load
[runlim] sample:		1739.87 time, 1740.01 real, 524 MB, 1.01 load
[runlim] sample:		1749.87 time, 1750.01 real, 524 MB, 1.00 load
[runlim] sample:		1759.87 time, 1760.01 real, 524 MB, 1.00 load
[runlim] sample:		1769.87 time, 1770.01 real, 524 MB, 1.00 load
[runlim] sample:		1779.87 time, 1780.01 real, 524 MB, 1.00 load
[runlim] sample:		1789.86 time, 1790.01 real, 520 MB, 1.00 load
[runlim] sample:		1799.86 time, 1800.01 real, 520 MB, 1.00 load
[runlim] sample:		1809.86 time, 1810.01 real, 520 MB, 1.00 load
[runlim] sample:		1819.86 time, 1820.01 real, 520 MB, 1.00 load
[runlim] sample:		1829.86 time, 1830.01 real, 520 MB, 1.00 load
[runlim] sample:		1839.86 time, 1840.01 real, 521 MB, 1.00 load
[runlim] sample:		1849.86 time, 1850.01 real, 521 MB, 1.08 load
[runlim] sample:		1859.86 time, 1860.01 real, 521 MB, 1.14 load
[runlim] sample:		1869.86 time, 1870.01 real, 521 MB, 1.12 load
[runlim] sample:		1879.87 time, 1880.01 real, 522 MB, 1.10 load
[runlim] sample:		1889.87 time, 1890.01 real, 522 MB, 1.08 load
[runlim] sample:		1899.87 time, 1900.01 real, 522 MB, 1.07 load
[runlim] sample:		1909.87 time, 1910.01 real, 522 MB, 1.06 load
[runlim] sample:		1919.87 time, 1920.01 real, 522 MB, 1.05 load
[runlim] sample:		1929.86 time, 1930.01 real, 523 MB, 1.04 load
[runlim] sample:		1939.86 time, 1940.01 real, 523 MB, 1.04 load
[runlim] sample:		1949.86 time, 1950.01 real, 535 MB, 1.03 load
[runlim] sample:		1959.86 time, 1960.01 real, 535 MB, 1.02 load
SAT

=> TOTAL COMPLETION TIME (Makespan / UB): 658
Schedule is valid
 Time taken: 1967.31 seconds
[runlim] sample:		1969.86 time, 1970.01 real, 534 MB, 1.02 load
[runlim] sample:		1979.85 time, 1980.01 real, 534 MB, 1.02 load
[runlim] sample:		1989.86 time, 1990.01 real, 529 MB, 1.01 load
[runlim] sample:		1999.86 time, 2000.01 real, 529 MB, 1.01 load
[runlim] sample:		2009.86 time, 2010.01 real, 529 MB, 1.01 load
[runlim] sample:		2019.86 time, 2020.01 real, 529 MB, 1.01 load
[runlim] sample:		2029.86 time, 2030.01 real, 529 MB, 1.01 load
[runlim] sample:		2039.86 time, 2040.01 real, 525 MB, 1.00 load
[runlim] sample:		2049.86 time, 2050.01 real, 525 MB, 1.00 load
[runlim] sample:		2059.86 time, 2060.01 real, 525 MB, 1.00 load
[runlim] sample:		2069.85 time, 2070.01 real, 529 MB, 1.00 load
[runlim] sample:		2079.85 time, 2080.01 real, 529 MB, 1.00 load
[runlim] sample:		2089.86 time, 2090.01 real, 530 MB, 1.00 load
[runlim] sample:		2099.85 time, 2100.01 real, 538 MB, 1.00 load
[runlim] sample:		2109.85 time, 2110.01 real, 538 MB, 1.08 load
[runlim] sample:		2119.85 time, 2120.01 real, 538 MB, 1.07 load
[runlim] sample:		2129.85 time, 2130.01 real, 538 MB, 1.06 load
[runlim] sample:		2139.85 time, 2140.01 real, 538 MB, 1.05 load
[runlim] sample:		2149.85 time, 2150.01 real, 530 MB, 1.04 load
[runlim] sample:		2159.85 time, 2160.01 real, 530 MB, 1.03 load
[runlim] sample:		2169.85 time, 2170.01 real, 532 MB, 1.03 load
[runlim] sample:		2179.85 time, 2180.01 real, 532 MB, 1.02 load
[runlim] sample:		2189.85 time, 2190.01 real, 532 MB, 1.02 load
[runlim] sample:		2199.85 time, 2200.01 real, 526 MB, 1.02 load
[runlim] sample:		2209.85 time, 2210.01 real, 526 MB, 1.01 load
[runlim] sample:		2219.85 time, 2220.01 real, 526 MB, 1.01 load
[runlim] sample:		2229.85 time, 2230.01 real, 526 MB, 1.09 load
[runlim] sample:		2239.85 time, 2240.01 real, 526 MB, 1.07 load
[runlim] sample:		2249.84 time, 2250.01 real, 527 MB, 1.14 load
[runlim] sample:		2259.85 time, 2260.01 real, 527 MB, 1.12 load
[runlim] sample:		2269.85 time, 2270.01 real, 527 MB, 1.10 load
[runlim] sample:		2279.85 time, 2280.01 real, 527 MB, 1.08 load
[runlim] sample:		2289.85 time, 2290.01 real, 527 MB, 1.07 load
[runlim] sample:		2299.85 time, 2300.01 real, 527 MB, 1.06 load
[runlim] sample:		2309.84 time, 2310.01 real, 529 MB, 1.05 load
[runlim] sample:		2319.84 time, 2320.01 real, 529 MB, 1.04 load
[runlim] sample:		2329.84 time, 2330.01 real, 529 MB, 1.04 load
[runlim] sample:		2339.84 time, 2340.01 real, 529 MB, 1.03 load
[runlim] sample:		2349.84 time, 2350.01 real, 542 MB, 1.02 load
[runlim] sample:		2359.84 time, 2360.01 real, 542 MB, 1.10 load
SAT

=> TOTAL COMPLETION TIME (Makespan / UB): 657
Schedule is valid
 Time taken: 2361.65 seconds
[runlim] sample:		2369.84 time, 2370.01 real, 543 MB, 1.08 load
[runlim] sample:		2379.84 time, 2380.01 real, 543 MB, 1.07 load
[runlim] sample:		2389.84 time, 2390.01 real, 538 MB, 1.06 load
[runlim] sample:		2399.84 time, 2400.01 real, 539 MB, 1.05 load
[runlim] sample:		2409.84 time, 2410.01 real, 539 MB, 1.04 load
[runlim] sample:		2419.84 time, 2420.01 real, 539 MB, 1.04 load
[runlim] sample:		2429.84 time, 2430.01 real, 539 MB, 1.03 load
[runlim] sample:		2439.84 time, 2440.01 real, 533 MB, 1.02 load
[runlim] sample:		2449.84 time, 2450.01 real, 533 MB, 1.02 load
[runlim] sample:		2459.84 time, 2460.01 real, 533 MB, 1.02 load
[runlim] sample:		2469.84 time, 2470.01 real, 533 MB, 1.01 load
[runlim] sample:		2479.84 time, 2480.01 real, 541 MB, 1.09 load
SAT

=> TOTAL COMPLETION TIME (Makespan / UB): 656
Schedule is valid
 Time taken: 2489.95 seconds
[runlim] sample:		2489.83 time, 2490.01 real, 540 MB, 1.15 load
[runlim] sample:		2499.83 time, 2500.01 real, 540 MB, 1.13 load
[runlim] sample:		2509.83 time, 2510.01 real, 540 MB, 1.11 load
[runlim] sample:		2519.84 time, 2520.01 real, 538 MB, 1.09 load
[runlim] sample:		2529.83 time, 2530.01 real, 538 MB, 1.08 load
[runlim] sample:		2539.83 time, 2540.01 real, 538 MB, 1.06 load
[runlim] sample:		2549.83 time, 2550.01 real, 539 MB, 1.05 load
[runlim] sample:		2559.83 time, 2560.01 real, 539 MB, 1.05 load
[runlim] sample:		2569.83 time, 2570.01 real, 536 MB, 1.04 load
[runlim] sample:		2579.83 time, 2580.01 real, 536 MB, 1.03 load
[runlim] sample:		2589.83 time, 2590.01 real, 536 MB, 1.03 load
SAT

=> TOTAL COMPLETION TIME (Makespan / UB): 655
Schedule is valid
 Time taken: 2594.39 seconds
[runlim] sample:		2599.83 time, 2600.01 real, 537 MB, 1.02 load
[runlim] sample:		2609.83 time, 2610.01 real, 541 MB, 1.02 load
[runlim] sample:		2619.83 time, 2620.01 real, 541 MB, 1.02 load
[runlim] sample:		2629.83 time, 2630.01 real, 541 MB, 1.01 load
[runlim] sample:		2639.83 time, 2640.01 real, 541 MB, 1.01 load
[runlim] sample:		2649.83 time, 2650.01 real, 541 MB, 1.01 load
[runlim] sample:		2659.83 time, 2660.01 real, 537 MB, 1.01 load
[runlim] sample:		2669.82 time, 2670.01 real, 537 MB, 1.00 load
[runlim] sample:		2679.82 time, 2680.01 real, 537 MB, 1.00 load
[runlim] sample:		2689.82 time, 2690.01 real, 537 MB, 1.00 load
[runlim] sample:		2699.82 time, 2700.01 real, 537 MB, 1.00 load
[runlim] sample:		2709.82 time, 2710.01 real, 539 MB, 1.00 load
[runlim] sample:		2719.82 time, 2720.01 real, 553 MB, 1.00 load
[runlim] sample:		2729.82 time, 2730.01 real, 553 MB, 1.00 load
[runlim] sample:		2739.82 time, 2740.01 real, 553 MB, 1.07 load
[runlim] sample:		2749.81 time, 2750.01 real, 565 MB, 1.06 load
[runlim] sample:		2759.81 time, 2760.01 real, 565 MB, 1.05 load
[runlim] sample:		2769.81 time, 2770.01 real, 565 MB, 1.04 load
[runlim] sample:		2779.81 time, 2780.01 real, 565 MB, 1.04 load
[runlim] sample:		2789.81 time, 2790.01 real, 565 MB, 1.03 load
[runlim] sample:		2799.81 time, 2800.01 real, 565 MB, 1.02 load
[runlim] sample:		2809.82 time, 2810.01 real, 550 MB, 1.02 load
[runlim] sample:		2819.81 time, 2820.01 real, 550 MB, 1.02 load
[runlim] sample:		2829.81 time, 2830.01 real, 550 MB, 1.01 load
[runlim] sample:		2839.81 time, 2840.01 real, 550 MB, 1.01 load
[runlim] sample:		2849.81 time, 2850.01 real, 550 MB, 1.01 load
[runlim] sample:		2859.81 time, 2860.01 real, 550 MB, 1.24 load
[runlim] sample:		2869.81 time, 2870.01 real, 549 MB, 1.20 load
[runlim] sample:		2879.81 time, 2880.01 real, 549 MB, 1.17 load
[runlim] sample:		2889.81 time, 2890.01 real, 549 MB, 1.14 load
[runlim] sample:		2899.81 time, 2900.01 real, 549 MB, 1.12 load
[runlim] sample:		2909.81 time, 2910.01 real, 549 MB, 1.10 load
[runlim] sample:		2919.81 time, 2920.01 real, 549 MB, 1.08 load
[runlim] sample:		2929.81 time, 2930.01 real, 549 MB, 1.07 load
[runlim] sample:		2939.81 time, 2940.01 real, 549 MB, 1.06 load
[runlim] sample:		2949.81 time, 2950.01 real, 549 MB, 1.05 load
[runlim] sample:		2959.81 time, 2960.01 real, 549 MB, 1.04 load
[runlim] sample:		2969.81 time, 2970.01 real, 549 MB, 1.04 load
[runlim] sample:		2979.80 time, 2980.01 real, 559 MB, 1.03 load
[runlim] sample:		2989.80 time, 2990.01 real, 559 MB, 1.10 load
SAT

=> TOTAL COMPLETION TIME (Makespan / UB): 654
Schedule is valid
 Time taken: 2997.66 seconds
[runlim] sample:		2999.80 time, 3000.01 real, 558 MB, 1.08 load
[runlim] sample:		3009.80 time, 3010.01 real, 558 MB, 1.07 load
[runlim] sample:		3019.80 time, 3020.01 real, 558 MB, 1.06 load
[runlim] sample:		3029.81 time, 3030.01 real, 507 MB, 1.05 load
[runlim] sample:		3039.81 time, 3040.01 real, 507 MB, 1.04 load
[runlim] sample:		3049.81 time, 3050.01 real, 507 MB, 1.03 load
[runlim] sample:		3059.81 time, 3060.01 real, 507 MB, 1.03 load
[runlim] sample:		3069.81 time, 3070.01 real, 507 MB, 1.02 load
[runlim] sample:		3079.80 time, 3080.01 real, 507 MB, 1.02 load
[runlim] sample:		3089.80 time, 3090.01 real, 518 MB, 1.02 load
[runlim] sample:		3099.80 time, 3100.01 real, 518 MB, 1.01 load
[runlim] sample:		3109.80 time, 3110.01 real, 518 MB, 1.08 load
[runlim] sample:		3119.80 time, 3120.01 real, 518 MB, 1.07 load
[runlim] sample:		3129.80 time, 3130.01 real, 529 MB, 1.06 load
[runlim] sample:		3139.80 time, 3140.01 real, 529 MB, 1.05 load
[runlim] sample:		3149.80 time, 3150.01 real, 529 MB, 1.04 load
[runlim] sample:		3159.80 time, 3160.01 real, 529 MB, 1.04 load
[runlim] sample:		3169.80 time, 3170.01 real, 529 MB, 1.03 load
[runlim] sample:		3179.80 time, 3180.01 real, 528 MB, 1.02 load
[runlim] sample:		3189.80 time, 3190.01 real, 528 MB, 1.02 load
[runlim] sample:		3199.80 time, 3200.01 real, 528 MB, 1.02 load
[runlim] sample:		3209.80 time, 3210.01 real, 528 MB, 1.01 load
[runlim] sample:		3219.80 time, 3220.01 real, 528 MB, 1.08 load
[runlim] sample:		3229.79 time, 3230.01 real, 528 MB, 1.07 load
[runlim] sample:		3239.79 time, 3240.01 real, 528 MB, 1.13 load
[runlim] sample:		3249.79 time, 3250.01 real, 513 MB, 1.11 load
[runlim] sample:		3259.79 time, 3260.01 real, 513 MB, 1.10 load
[runlim] sample:		3269.79 time, 3270.01 real, 530 MB, 1.08 load
[runlim] sample:		3279.79 time, 3280.01 real, 530 MB, 1.07 load
[runlim] sample:		3289.79 time, 3290.01 real, 530 MB, 1.06 load
[runlim] sample:		3299.78 time, 3300.01 real, 530 MB, 1.05 load
[runlim] sample:		3309.79 time, 3310.01 real, 530 MB, 1.04 load
[runlim] sample:		3319.78 time, 3320.01 real, 532 MB, 1.03 load
[runlim] sample:		3329.78 time, 3330.01 real, 532 MB, 1.03 load
[runlim] sample:		3339.78 time, 3340.01 real, 532 MB, 1.02 load
[runlim] sample:		3349.78 time, 3350.01 real, 533 MB, 1.02 load
[runlim] sample:		3359.78 time, 3360.01 real, 536 MB, 1.10 load
[runlim] sample:		3369.78 time, 3370.01 real, 536 MB, 1.08 load
[runlim] sample:		3379.78 time, 3380.01 real, 536 MB, 1.07 load
[runlim] sample:		3389.78 time, 3390.01 real, 538 MB, 1.06 load
[runlim] sample:		3399.78 time, 3400.01 real, 538 MB, 1.05 load
[runlim] sample:		3409.78 time, 3410.01 real, 538 MB, 1.04 load
SAT

=> TOTAL COMPLETION TIME (Makespan / UB): 653
Schedule is valid
 Time taken: 3414.24 seconds
[runlim] sample:		3419.78 time, 3420.01 real, 538 MB, 1.03 load
[runlim] sample:		3429.78 time, 3430.01 real, 538 MB, 1.03 load
SAT

=> TOTAL COMPLETION TIME (Makespan / UB): 652
Schedule is valid
 Time taken: 3437.40 seconds
[runlim] sample:		3439.78 time, 3440.01 real, 508 MB, 1.02 load
[runlim] sample:		3449.78 time, 3450.01 real, 508 MB, 1.02 load
[runlim] sample:		3459.78 time, 3460.01 real, 508 MB, 1.02 load
[runlim] sample:		3469.78 time, 3470.01 real, 508 MB, 1.01 load
[runlim] sample:		3479.78 time, 3480.01 real, 508 MB, 1.25 load
[runlim] sample:		3489.78 time, 3490.01 real, 527 MB, 1.29 load
[runlim] sample:		3499.78 time, 3500.01 real, 521 MB, 1.24 load
[runlim] sample:		3509.78 time, 3510.01 real, 521 MB, 1.20 load
[runlim] sample:		3519.78 time, 3520.01 real, 521 MB, 1.17 load
[runlim] sample:		3529.78 time, 3530.01 real, 521 MB, 1.15 load
[runlim] sample:		3539.78 time, 3540.01 real, 521 MB, 1.12 load
[runlim] sample:		3549.78 time, 3550.01 real, 521 MB, 1.10 load
SAT

=> TOTAL COMPLETION TIME (Makespan / UB): 651
Schedule is valid
 Time taken: 3552.62 seconds
[runlim] sample:		3559.77 time, 3560.01 real, 538 MB, 1.09 load
[runlim] sample:		3569.77 time, 3570.01 real, 538 MB, 1.07 load
[runlim] sample:		3579.77 time, 3580.01 real, 538 MB, 1.06 load
[runlim] sample:		3589.77 time, 3590.01 real, 540 MB, 1.05 load
[runlim] sample:		3599.77 time, 3600.01 real, 540 MB, 1.04 load
[runlim] sample:		3609.77 time, 3610.01 real, 539 MB, 1.12 load
[runlim] sample:		3619.77 time, 3620.01 real, 539 MB, 1.10 load
[runlim] sample:		3629.77 time, 3630.01 real, 539 MB, 1.08 load
[runlim] sample:		3639.77 time, 3640.01 real, 539 MB, 1.07 load
[runlim] sample:		3649.77 time, 3650.01 real, 539 MB, 1.06 load
SAT

=> TOTAL COMPLETION TIME (Makespan / UB): 650
Schedule is valid
 Time taken: 3653.16 seconds
[runlim] sample:		3659.77 time, 3660.01 real, 540 MB, 1.05 load
[runlim] sample:		3669.77 time, 3670.01 real, 537 MB, 1.04 load
[runlim] sample:		3679.77 time, 3680.01 real, 549 MB, 1.03 load
[runlim] sample:		3689.77 time, 3690.01 real, 549 MB, 1.03 load
[runlim] sample:		3699.77 time, 3700.01 real, 549 MB, 1.02 load
[runlim] sample:		3709.77 time, 3710.01 real, 549 MB, 1.02 load
[runlim] sample:		3719.77 time, 3720.01 real, 549 MB, 1.02 load
[runlim] sample:		3729.77 time, 3730.01 real, 550 MB, 1.09 load
[runlim] sample:		3739.77 time, 3740.01 real, 550 MB, 1.07 load
[runlim] sample:		3749.77 time, 3750.01 real, 550 MB, 1.06 load
[runlim] sample:		3759.77 time, 3760.01 real, 550 MB, 1.05 load
[runlim] sample:		3769.77 time, 3770.01 real, 550 MB, 1.04 load
[runlim] sample:		3779.77 time, 3780.01 real, 550 MB, 1.04 load
[runlim] sample:		3789.77 time, 3790.01 real, 553 MB, 1.03 load
[runlim] sample:		3799.77 time, 3800.01 real, 553 MB, 1.02 load
[runlim] sample:		3809.77 time, 3810.01 real, 553 MB, 1.02 load
[runlim] sample:		3819.77 time, 3820.01 real, 553 MB, 1.02 load
[runlim] sample:		3829.77 time, 3830.01 real, 553 MB, 1.01 load
[runlim] sample:		3839.76 time, 3840.01 real, 553 MB, 1.01 load
[runlim] sample:		3849.76 time, 3850.01 real, 548 MB, 1.01 load
[runlim] sample:		3859.76 time, 3860.01 real, 548 MB, 1.01 load
[runlim] sample:		3869.76 time, 3870.01 real, 548 MB, 1.01 load
[runlim] sample:		3879.76 time, 3880.01 real, 550 MB, 1.00 load
[runlim] sample:		3889.76 time, 3890.01 real, 550 MB, 1.00 load
[runlim] sample:		3899.75 time, 3900.01 real, 550 MB, 1.00 load
[runlim] sample:		3909.75 time, 3910.01 real, 550 MB, 1.00 load
[runlim] sample:		3919.75 time, 3920.01 real, 550 MB, 1.00 load
[runlim] sample:		3929.76 time, 3930.01 real, 548 MB, 1.00 load
[runlim] sample:		3939.76 time, 3940.01 real, 548 MB, 1.00 load
[runlim] sample:		3949.76 time, 3950.01 real, 548 MB, 1.00 load
[runlim] sample:		3959.76 time, 3960.01 real, 548 MB, 1.00 load
[runlim] sample:		3969.76 time, 3970.01 real, 548 MB, 1.00 load
[runlim] sample:		3979.75 time, 3980.01 real, 548 MB, 1.00 load
[runlim] sample:		3989.75 time, 3990.01 real, 548 MB, 1.07 load
[runlim] sample:		3999.75 time, 4000.01 real, 548 MB, 1.06 load
[runlim] sample:		4009.75 time, 4010.01 real, 549 MB, 1.05 load
[runlim] sample:		4019.75 time, 4020.01 real, 549 MB, 1.04 load
[runlim] sample:		4029.75 time, 4030.01 real, 549 MB, 1.04 load
[runlim] sample:		4039.75 time, 4040.01 real, 549 MB, 1.03 load
[runlim] sample:		4049.75 time, 4050.01 real, 549 MB, 1.02 load
[runlim] sample:		4059.75 time, 4060.01 real, 549 MB, 1.02 load
[runlim] sample:		4069.75 time, 4070.01 real, 549 MB, 1.02 load
[runlim] sample:		4079.75 time, 4080.01 real, 559 MB, 1.01 load
SAT

=> TOTAL COMPLETION TIME (Makespan / UB): 649
Schedule is valid
 Time taken: 4082.82 seconds
[runlim] sample:		4089.75 time, 4090.01 real, 573 MB, 1.01 load
[runlim] sample:		4099.75 time, 4100.01 real, 573 MB, 1.01 load
[runlim] sample:		4109.75 time, 4110.01 real, 573 MB, 1.09 load
[runlim] sample:		4119.75 time, 4120.01 real, 573 MB, 1.07 load
[runlim] sample:		4129.75 time, 4130.01 real, 573 MB, 1.06 load
[runlim] sample:		4139.74 time, 4140.01 real, 573 MB, 1.05 load
[runlim] sample:		4149.75 time, 4150.01 real, 577 MB, 1.04 load
[runlim] sample:		4159.75 time, 4160.01 real, 577 MB, 1.04 load
[runlim] sample:		4169.75 time, 4170.01 real, 577 MB, 1.03 load
[runlim] sample:		4179.74 time, 4180.01 real, 577 MB, 1.02 load
[runlim] sample:		4189.74 time, 4190.01 real, 577 MB, 1.02 load
[runlim] sample:		4199.74 time, 4200.01 real, 577 MB, 1.02 load
[runlim] sample:		4209.74 time, 4210.01 real, 570 MB, 1.01 load
[runlim] sample:		4219.74 time, 4220.01 real, 570 MB, 1.01 load
[runlim] sample:		4229.74 time, 4230.01 real, 570 MB, 1.09 load
[runlim] sample:		4239.74 time, 4240.01 real, 570 MB, 1.15 load
[runlim] sample:		4249.74 time, 4250.01 real, 570 MB, 1.13 load
[runlim] sample:		4259.74 time, 4260.01 real, 576 MB, 1.11 load
[runlim] sample:		4269.74 time, 4270.01 real, 576 MB, 1.09 load
[runlim] sample:		4279.74 time, 4280.01 real, 576 MB, 1.08 load
[runlim] sample:		4289.74 time, 4290.01 real, 576 MB, 1.06 load
[runlim] sample:		4299.73 time, 4300.01 real, 576 MB, 1.05 load
[runlim] sample:		4309.73 time, 4310.01 real, 576 MB, 1.04 load
[runlim] sample:		4319.73 time, 4320.01 real, 576 MB, 1.04 load
[runlim] sample:		4329.73 time, 4330.01 real, 576 MB, 1.03 load
[runlim] sample:		4339.73 time, 4340.01 real, 564 MB, 1.03 load
[runlim] sample:		4349.73 time, 4350.01 real, 564 MB, 1.02 load
[runlim] sample:		4359.73 time, 4360.01 real, 564 MB, 1.10 load
[runlim] sample:		4369.73 time, 4370.01 real, 564 MB, 1.08 load
[runlim] sample:		4379.73 time, 4380.01 real, 564 MB, 1.07 load
[runlim] sample:		4389.73 time, 4390.01 real, 564 MB, 1.06 load
[runlim] sample:		4399.73 time, 4400.01 real, 564 MB, 1.05 load
[runlim] sample:		4409.73 time, 4410.01 real, 564 MB, 1.04 load
[runlim] sample:		4419.73 time, 4420.01 real, 564 MB, 1.03 load
[runlim] sample:		4429.73 time, 4430.01 real, 566 MB, 1.03 load
[runlim] sample:		4439.73 time, 4440.01 real, 566 MB, 1.02 load
[runlim] sample:		4449.73 time, 4450.01 real, 566 MB, 1.02 load
[runlim] sample:		4459.73 time, 4460.01 real, 566 MB, 1.02 load
[runlim] sample:		4469.73 time, 4470.01 real, 566 MB, 1.01 load
[runlim] sample:		4479.72 time, 4480.01 real, 566 MB, 1.01 load
[runlim] sample:		4489.72 time, 4490.01 real, 566 MB, 1.08 load
[runlim] sample:		4499.72 time, 4500.01 real, 566 MB, 1.14 load
[runlim] sample:		4509.72 time, 4510.01 real, 566 MB, 1.12 load
SAT

=> TOTAL COMPLETION TIME (Makespan / UB): 648
Schedule is valid
 Time taken: 4515.10 seconds
[runlim] sample:		4519.73 time, 4520.01 real, 516 MB, 1.10 load
[runlim] sample:		4529.73 time, 4530.01 real, 531 MB, 1.09 load
[runlim] sample:		4539.73 time, 4540.01 real, 531 MB, 1.07 load
[runlim] sample:		4549.72 time, 4550.01 real, 531 MB, 1.06 load
[runlim] sample:		4559.72 time, 4560.01 real, 531 MB, 1.05 load
[runlim] sample:		4569.72 time, 4570.01 real, 533 MB, 1.04 load
[runlim] sample:		4579.72 time, 4580.01 real, 527 MB, 1.04 load
[runlim] sample:		4589.72 time, 4590.01 real, 527 MB, 1.03 load
[runlim] sample:		4599.72 time, 4600.01 real, 527 MB, 1.02 load
[runlim] sample:		4609.72 time, 4610.01 real, 527 MB, 1.02 load
[runlim] sample:		4619.72 time, 4620.01 real, 527 MB, 1.02 load
[runlim] sample:		4629.72 time, 4630.01 real, 527 MB, 1.01 load
[runlim] sample:		4639.72 time, 4640.01 real, 547 MB, 1.01 load
[runlim] sample:		4649.72 time, 4650.01 real, 547 MB, 1.01 load
[runlim] sample:		4659.72 time, 4660.01 real, 547 MB, 1.01 load
[runlim] sample:		4669.72 time, 4670.01 real, 547 MB, 1.01 load
[runlim] sample:		4679.72 time, 4680.01 real, 547 MB, 1.00 load
[runlim] sample:		4689.72 time, 4690.01 real, 547 MB, 1.00 load
[runlim] sample:		4699.72 time, 4700.01 real, 547 MB, 1.00 load
[runlim] sample:		4709.72 time, 4710.01 real, 553 MB, 1.00 load
[runlim] sample:		4719.72 time, 4720.01 real, 553 MB, 1.00 load
[runlim] sample:		4729.72 time, 4730.01 real, 553 MB, 1.00 load
[runlim] sample:		4739.72 time, 4740.01 real, 553 MB, 1.00 load
[runlim] sample:		4749.72 time, 4750.01 real, 553 MB, 1.00 load
[runlim] sample:		4759.72 time, 4760.01 real, 553 MB, 1.00 load
[runlim] sample:		4769.72 time, 4770.01 real, 553 MB, 1.00 load
[runlim] sample:		4779.72 time, 4780.01 real, 553 MB, 1.00 load
[runlim] sample:		4789.71 time, 4790.01 real, 553 MB, 1.00 load
[runlim] sample:		4799.71 time, 4800.01 real, 553 MB, 1.00 load
[runlim] sample:		4809.71 time, 4810.01 real, 542 MB, 1.00 load
[runlim] sample:		4819.71 time, 4820.01 real, 542 MB, 1.00 load
[runlim] sample:		4829.71 time, 4830.01 real, 542 MB, 1.00 load
[runlim] sample:		4839.71 time, 4840.01 real, 542 MB, 1.00 load
[runlim] sample:		4849.71 time, 4850.01 real, 542 MB, 1.00 load
[runlim] sample:		4859.71 time, 4860.01 real, 542 MB, 1.08 load
[runlim] sample:		4869.70 time, 4870.01 real, 542 MB, 1.07 load
[runlim] sample:		4879.70 time, 4880.01 real, 542 MB, 1.06 load
[runlim] sample:		4889.70 time, 4890.01 real, 542 MB, 1.05 load
[runlim] sample:		4899.71 time, 4900.01 real, 544 MB, 1.04 load
[runlim] sample:		4909.70 time, 4910.01 real, 544 MB, 1.03 load
[runlim] sample:		4919.70 time, 4920.01 real, 544 MB, 1.03 load
[runlim] sample:		4929.70 time, 4930.01 real, 544 MB, 1.02 load
[runlim] sample:		4939.70 time, 4940.01 real, 544 MB, 1.02 load
[runlim] sample:		4949.70 time, 4950.01 real, 544 MB, 1.02 load
[runlim] sample:		4959.70 time, 4960.01 real, 544 MB, 1.01 load
[runlim] sample:		4969.70 time, 4970.01 real, 544 MB, 1.01 load
[runlim] sample:		4979.71 time, 4980.01 real, 551 MB, 1.09 load
[runlim] sample:		4989.70 time, 4990.01 real, 551 MB, 1.07 load
[runlim] sample:		4999.70 time, 5000.01 real, 553 MB, 1.06 load
[runlim] sample:		5009.70 time, 5010.01 real, 553 MB, 1.13 load
[runlim] sample:		5019.70 time, 5020.01 real, 554 MB, 1.11 load
[runlim] sample:		5029.70 time, 5030.01 real, 569 MB, 1.09 load
SAT

=> TOTAL COMPLETION TIME (Makespan / UB): 647
Schedule is valid
 Time taken: 5030.56 seconds
[runlim] sample:		5039.70 time, 5040.01 real, 570 MB, 1.08 load
[runlim] sample:		5049.70 time, 5050.01 real, 570 MB, 1.07 load
[runlim] sample:		5059.70 time, 5060.01 real, 570 MB, 1.06 load
[runlim] sample:		5069.70 time, 5070.01 real, 570 MB, 1.05 load
[runlim] sample:		5079.70 time, 5080.01 real, 570 MB, 1.04 load
[runlim] sample:		5089.70 time, 5090.01 real, 570 MB, 1.03 load
[runlim] sample:		5099.70 time, 5100.01 real, 570 MB, 1.03 load
[runlim] sample:		5109.69 time, 5110.01 real, 554 MB, 1.02 load
[runlim] sample:		5119.69 time, 5120.01 real, 554 MB, 1.02 load
[runlim] sample:		5129.69 time, 5130.01 real, 554 MB, 1.02 load
[runlim] sample:		5139.69 time, 5140.01 real, 554 MB, 1.01 load
[runlim] sample:		5149.69 time, 5150.01 real, 554 MB, 1.01 load
[runlim] sample:		5159.69 time, 5160.01 real, 560 MB, 1.01 load
[runlim] sample:		5169.69 time, 5170.01 real, 562 MB, 1.01 load
[runlim] sample:		5179.69 time, 5180.01 real, 565 MB, 1.00 load
[runlim] sample:		5189.69 time, 5190.01 real, 565 MB, 1.00 load
[runlim] sample:		5199.69 time, 5200.01 real, 565 MB, 1.00 load
[runlim] sample:		5209.69 time, 5210.01 real, 565 MB, 1.00 load
[runlim] sample:		5219.69 time, 5220.01 real, 565 MB, 1.00 load
[runlim] sample:		5229.69 time, 5230.01 real, 565 MB, 1.00 load
[runlim] sample:		5239.69 time, 5240.01 real, 565 MB, 1.00 load
[runlim] sample:		5249.69 time, 5250.01 real, 561 MB, 1.00 load
[runlim] sample:		5259.69 time, 5260.01 real, 561 MB, 1.00 load
[runlim] sample:		5269.69 time, 5270.01 real, 561 MB, 1.00 load
[runlim] sample:		5279.69 time, 5280.01 real, 561 MB, 1.00 load
[runlim] sample:		5289.69 time, 5290.01 real, 561 MB, 1.00 load
[runlim] sample:		5299.69 time, 5300.01 real, 561 MB, 1.00 load
[runlim] sample:		5309.69 time, 5310.01 real, 561 MB, 1.00 load
[runlim] sample:		5319.69 time, 5320.01 real, 561 MB, 1.00 load
[runlim] sample:		5329.68 time, 5330.01 real, 561 MB, 1.00 load
[runlim] sample:		5339.68 time, 5340.01 real, 561 MB, 1.00 load
[runlim] sample:		5349.68 time, 5350.01 real, 558 MB, 1.00 load
[runlim] sample:		5359.68 time, 5360.01 real, 558 MB, 1.30 load
[runlim] sample:		5369.68 time, 5370.01 real, 558 MB, 1.25 load
[runlim] sample:		5379.68 time, 5380.01 real, 558 MB, 1.21 load
[runlim] sample:		5389.68 time, 5390.01 real, 558 MB, 1.18 load
[runlim] sample:		5399.68 time, 5400.01 real, 558 MB, 1.15 load
[runlim] sample:		5409.68 time, 5410.01 real, 558 MB, 1.13 load
[runlim] sample:		5419.68 time, 5420.01 real, 558 MB, 1.11 load
[runlim] sample:		5429.68 time, 5430.01 real, 558 MB, 1.09 load
[runlim] sample:		5439.68 time, 5440.01 real, 558 MB, 1.08 load
[runlim] sample:		5449.68 time, 5450.01 real, 560 MB, 1.06 load
[runlim] sample:		5459.67 time, 5460.01 real, 560 MB, 1.05 load
[runlim] sample:		5469.67 time, 5470.01 real, 560 MB, 1.05 load
[runlim] sample:		5479.67 time, 5480.01 real, 560 MB, 1.04 load
[runlim] sample:		5489.67 time, 5490.01 real, 560 MB, 1.11 load
[runlim] sample:		5499.67 time, 5500.01 real, 560 MB, 1.09 load
[runlim] sample:		5509.67 time, 5510.01 real, 560 MB, 1.08 load
SAT

=> TOTAL COMPLETION TIME (Makespan / UB): 646
Schedule is valid
 Time taken: 5516.78 seconds
[runlim] sample:		5519.68 time, 5520.01 real, 573 MB, 1.06 load
[runlim] sample:		5529.67 time, 5530.01 real, 540 MB, 1.05 load
[runlim] sample:		5539.67 time, 5540.01 real, 540 MB, 1.04 load
[runlim] sample:		5549.67 time, 5550.01 real, 540 MB, 1.04 load
[runlim] sample:		5559.67 time, 5560.01 real, 542 MB, 1.03 load
[runlim] sample:		5569.67 time, 5570.01 real, 542 MB, 1.03 load
[runlim] sample:		5579.67 time, 5580.01 real, 542 MB, 1.02 load
[runlim] sample:		5589.67 time, 5590.01 real, 542 MB, 1.02 load
[runlim] sample:		5599.67 time, 5600.01 real, 542 MB, 1.01 load
[runlim] sample:		5609.67 time, 5610.01 real, 539 MB, 1.09 load
[runlim] sample:		5619.67 time, 5620.01 real, 539 MB, 1.08 load
[runlim] sample:		5629.67 time, 5630.01 real, 539 MB, 1.06 load
[runlim] sample:		5639.67 time, 5640.01 real, 539 MB, 1.05 load
[runlim] sample:		5649.67 time, 5650.01 real, 539 MB, 1.05 load
[runlim] sample:		5659.67 time, 5660.01 real, 539 MB, 1.04 load
[runlim] sample:		5669.67 time, 5670.01 real, 539 MB, 1.03 load
[runlim] sample:		5679.66 time, 5680.01 real, 556 MB, 1.03 load
[runlim] sample:		5689.66 time, 5690.01 real, 572 MB, 1.02 load
[runlim] sample:		5699.66 time, 5700.01 real, 572 MB, 1.02 load
[runlim] sample:		5709.67 time, 5710.01 real, 572 MB, 1.02 load
[runlim] sample:		5719.67 time, 5720.01 real, 572 MB, 1.01 load
[runlim] sample:		5729.66 time, 5730.01 real, 572 MB, 1.01 load
[runlim] sample:		5739.66 time, 5740.01 real, 572 MB, 1.08 load
[runlim] sample:		5749.66 time, 5750.01 real, 572 MB, 1.07 load
[runlim] sample:		5759.66 time, 5760.01 real, 555 MB, 1.06 load
[runlim] sample:		5769.66 time, 5770.01 real, 555 MB, 1.05 load
[runlim] sample:		5779.66 time, 5780.01 real, 555 MB, 1.04 load
[runlim] sample:		5789.66 time, 5790.01 real, 555 MB, 1.03 load
[runlim] sample:		5799.66 time, 5800.01 real, 555 MB, 1.03 load
[runlim] sample:		5809.66 time, 5810.01 real, 555 MB, 1.02 load
[runlim] sample:		5819.66 time, 5820.01 real, 555 MB, 1.02 load
[runlim] sample:		5829.66 time, 5830.01 real, 555 MB, 1.02 load
[runlim] sample:		5839.65 time, 5840.01 real, 555 MB, 1.01 load
[runlim] sample:		5849.65 time, 5850.01 real, 555 MB, 1.01 load
[runlim] sample:		5859.66 time, 5860.01 real, 551 MB, 1.09 load
[runlim] sample:		5869.66 time, 5870.01 real, 551 MB, 1.07 load
[runlim] sample:		5879.66 time, 5880.01 real, 551 MB, 1.06 load
[runlim] sample:		5889.66 time, 5890.01 real, 551 MB, 1.05 load
[runlim] sample:		5899.66 time, 5900.01 real, 551 MB, 1.04 load
[runlim] sample:		5909.66 time, 5910.01 real, 551 MB, 1.04 load
[runlim] sample:		5919.66 time, 5920.01 real, 551 MB, 1.03 load
[runlim] sample:		5929.66 time, 5930.01 real, 551 MB, 1.03 load
[runlim] sample:		5939.66 time, 5940.01 real, 551 MB, 1.02 load
[runlim] sample:		5949.65 time, 5950.01 real, 551 MB, 1.02 load
[runlim] sample:		5959.65 time, 5960.01 real, 551 MB, 1.01 load
[runlim] sample:		5969.65 time, 5970.01 real, 552 MB, 1.01 load
[runlim] sample:		5979.65 time, 5980.01 real, 552 MB, 1.41 load
[runlim] sample:		5989.65 time, 5990.01 real, 552 MB, 1.42 load
[runlim] sample:		5999.65 time, 6000.01 real, 552 MB, 1.36 load
[runlim] sample:		6009.65 time, 6010.01 real, 552 MB, 1.30 load
[runlim] sample:		6019.65 time, 6020.01 real, 552 MB, 1.25 load
[runlim] sample:		6029.65 time, 6030.01 real, 575 MB, 1.21 load
[runlim] sample:		6039.65 time, 6040.01 real, 575 MB, 1.18 load
[runlim] sample:		6049.65 time, 6050.01 real, 575 MB, 1.15 load
[runlim] sample:		6059.64 time, 6060.01 real, 575 MB, 1.13 load
[runlim] sample:		6069.64 time, 6070.01 real, 575 MB, 1.11 load
[runlim] sample:		6079.64 time, 6080.01 real, 575 MB, 1.09 load
[runlim] sample:		6089.64 time, 6090.01 real, 582 MB, 1.08 load
[runlim] sample:		6099.64 time, 6100.01 real, 582 MB, 1.06 load
[runlim] sample:		6109.64 time, 6110.01 real, 582 MB, 1.05 load
[runlim] sample:		6119.64 time, 6120.01 real, 582 MB, 1.05 load
[runlim] sample:		6129.64 time, 6130.01 real, 582 MB, 1.04 load
[runlim] sample:		6139.64 time, 6140.01 real, 582 MB, 1.03 load
[runlim] sample:		6149.64 time, 6150.01 real, 589 MB, 1.03 load
[runlim] sample:		6159.64 time, 6160.01 real, 589 MB, 1.02 load
[runlim] sample:		6169.64 time, 6170.01 real, 589 MB, 1.02 load
[runlim] sample:		6179.64 time, 6180.01 real, 589 MB, 1.02 load
[runlim] sample:		6189.64 time, 6190.01 real, 589 MB, 1.01 load
[runlim] sample:		6199.64 time, 6200.01 real, 589 MB, 1.01 load
[runlim] sample:		6209.64 time, 6210.01 real, 589 MB, 1.09 load
[runlim] sample:		6219.64 time, 6220.01 real, 568 MB, 1.07 load
[runlim] sample:		6229.63 time, 6230.01 real, 568 MB, 1.06 load
[runlim] sample:		6239.63 time, 6240.01 real, 568 MB, 1.13 load
[runlim] sample:		6249.63 time, 6250.01 real, 568 MB, 1.11 load
[runlim] sample:		6259.63 time, 6260.01 real, 568 MB, 1.09 load
[runlim] sample:		6269.63 time, 6270.01 real, 568 MB, 1.08 load
[runlim] sample:		6279.63 time, 6280.01 real, 568 MB, 1.06 load
[runlim] sample:		6289.64 time, 6290.01 real, 581 MB, 1.05 load
[runlim] sample:		6299.64 time, 6300.01 real, 581 MB, 1.04 load
[runlim] sample:		6309.63 time, 6310.01 real, 581 MB, 1.04 load
[runlim] sample:		6319.63 time, 6320.01 real, 581 MB, 1.03 load
[runlim] sample:		6329.63 time, 6330.01 real, 581 MB, 1.03 load
[runlim] sample:		6339.63 time, 6340.01 real, 581 MB, 1.02 load
[runlim] sample:		6349.63 time, 6350.01 real, 581 MB, 1.02 load
[runlim] sample:		6359.63 time, 6360.01 real, 581 MB, 1.01 load
[runlim] sample:		6369.63 time, 6370.01 real, 581 MB, 1.01 load
[runlim] sample:		6379.63 time, 6380.01 real, 581 MB, 1.01 load
[runlim] sample:		6389.63 time, 6390.01 real, 558 MB, 1.01 load
[runlim] sample:		6399.62 time, 6400.01 real, 558 MB, 1.01 load
[runlim] sample:		6409.62 time, 6410.01 real, 558 MB, 1.00 load
[runlim] sample:		6419.62 time, 6420.01 real, 558 MB, 1.00 load
[runlim] sample:		6429.62 time, 6430.01 real, 558 MB, 1.00 load
[runlim] sample:		6439.62 time, 6440.01 real, 558 MB, 1.00 load
[runlim] sample:		6449.62 time, 6450.01 real, 558 MB, 1.00 load
[runlim] sample:		6459.62 time, 6460.01 real, 558 MB, 1.00 load
[runlim] sample:		6469.62 time, 6470.01 real, 558 MB, 1.00 load
[runlim] sample:		6479.62 time, 6480.01 real, 558 MB, 1.00 load
[runlim] sample:		6489.62 time, 6490.01 real, 558 MB, 1.07 load
[runlim] sample:		6499.62 time, 6500.01 real, 555 MB, 1.06 load
[runlim] sample:		6509.62 time, 6510.01 real, 555 MB, 1.05 load
[runlim] sample:		6519.62 time, 6520.01 real, 555 MB, 1.04 load
[runlim] sample:		6529.62 time, 6530.01 real, 555 MB, 1.04 load
[runlim] sample:		6539.62 time, 6540.01 real, 555 MB, 1.03 load
[runlim] sample:		6549.62 time, 6550.01 real, 555 MB, 1.02 load
[runlim] sample:		6559.62 time, 6560.01 real, 555 MB, 1.02 load
[runlim] sample:		6569.62 time, 6570.01 real, 555 MB, 1.02 load
[runlim] sample:		6579.62 time, 6580.01 real, 555 MB, 1.01 load
[runlim] sample:		6589.62 time, 6590.01 real, 555 MB, 1.01 load
[runlim] sample:		6599.62 time, 6600.01 real, 557 MB, 1.01 load
[runlim] sample:		6609.62 time, 6610.01 real, 557 MB, 1.15 load
[runlim] sample:		6619.62 time, 6620.01 real, 558 MB, 1.13 load
[runlim] sample:		6629.62 time, 6630.01 real, 558 MB, 1.11 load
[runlim] sample:		6639.62 time, 6640.01 real, 558 MB, 1.09 load
[runlim] sample:		6649.62 time, 6650.01 real, 558 MB, 1.08 load
[runlim] sample:		6659.62 time, 6660.01 real, 558 MB, 1.07 load
[runlim] sample:		6669.62 time, 6670.01 real, 558 MB, 1.06 load
[runlim] sample:		6679.62 time, 6680.01 real, 558 MB, 1.05 load
[runlim] sample:		6689.62 time, 6690.01 real, 558 MB, 1.04 load
[runlim] sample:		6699.61 time, 6700.01 real, 558 MB, 1.03 load
[runlim] sample:		6709.61 time, 6710.01 real, 558 MB, 1.03 load
[runlim] sample:		6719.61 time, 6720.01 real, 558 MB, 1.02 load
[runlim] sample:		6729.61 time, 6730.01 real, 558 MB, 1.02 load
[runlim] sample:		6739.61 time, 6740.01 real, 559 MB, 1.09 load
[runlim] sample:		6749.61 time, 6750.01 real, 559 MB, 1.08 load
[runlim] sample:		6759.61 time, 6760.01 real, 559 MB, 1.06 load
[runlim] sample:		6769.61 time, 6770.01 real, 559 MB, 1.05 load
[runlim] sample:		6779.61 time, 6780.01 real, 559 MB, 1.04 load
[runlim] sample:		6789.61 time, 6790.01 real, 559 MB, 1.04 load
[runlim] sample:		6799.61 time, 6800.01 real, 559 MB, 1.03 load
[runlim] sample:		6809.61 time, 6810.01 real, 559 MB, 1.11 load
[runlim] sample:		6819.61 time, 6820.01 real, 559 MB, 1.09 load
[runlim] sample:		6829.61 time, 6830.01 real, 559 MB, 1.08 load
[runlim] sample:		6839.61 time, 6840.01 real, 559 MB, 1.06 load
[runlim] sample:		6849.60 time, 6850.01 real, 559 MB, 1.05 load
[runlim] sample:		6859.60 time, 6860.01 real, 560 MB, 1.20 load
[runlim] sample:		6869.60 time, 6870.01 real, 560 MB, 1.17 load
[runlim] sample:		6879.60 time, 6880.01 real, 560 MB, 1.14 load
[runlim] sample:		6889.60 time, 6890.01 real, 560 MB, 1.12 load
[runlim] sample:		6899.60 time, 6900.01 real, 560 MB, 1.10 load
[runlim] sample:		6909.60 time, 6910.01 real, 560 MB, 1.08 load
[runlim] sample:		6919.60 time, 6920.01 real, 560 MB, 1.07 load
[runlim] sample:		6929.60 time, 6930.01 real, 560 MB, 1.06 load
[runlim] sample:		6939.60 time, 6940.01 real, 560 MB, 1.05 load
[runlim] sample:		6949.60 time, 6950.01 real, 560 MB, 1.04 load
[runlim] sample:		6959.60 time, 6960.01 real, 560 MB, 1.04 load
[runlim] sample:		6969.60 time, 6970.01 real, 560 MB, 1.03 load
[runlim] sample:		6979.60 time, 6980.01 real, 560 MB, 1.02 load
[runlim] sample:		6989.59 time, 6990.01 real, 560 MB, 1.02 load
[runlim] sample:		6999.59 time, 7000.01 real, 560 MB, 1.02 load
[runlim] sample:		7009.59 time, 7010.01 real, 560 MB, 1.01 load
[runlim] sample:		7019.59 time, 7020.01 real, 560 MB, 1.01 load
[runlim] sample:		7029.59 time, 7030.01 real, 560 MB, 1.01 load
[runlim] sample:		7039.59 time, 7040.01 real, 560 MB, 1.01 load
[runlim] sample:		7049.59 time, 7050.01 real, 560 MB, 1.01 load
[runlim] sample:		7059.59 time, 7060.01 real, 560 MB, 1.00 load
[runlim] sample:		7069.59 time, 7070.01 real, 560 MB, 1.00 load
[runlim] sample:		7079.59 time, 7080.01 real, 560 MB, 1.00 load
[runlim] sample:		7089.59 time, 7090.01 real, 560 MB, 1.00 load
[runlim] sample:		7099.59 time, 7100.01 real, 561 MB, 1.00 load
[runlim] sample:		7109.59 time, 7110.01 real, 561 MB, 1.08 load
[runlim] sample:		7119.59 time, 7120.01 real, 561 MB, 1.07 load
[runlim] sample:		7129.59 time, 7130.01 real, 561 MB, 1.06 load
[runlim] sample:		7139.59 time, 7140.01 real, 561 MB, 1.05 load
[runlim] sample:		7149.59 time, 7150.01 real, 561 MB, 1.04 load
[runlim] sample:		7159.59 time, 7160.01 real, 561 MB, 1.03 load
[runlim] sample:		7169.59 time, 7170.01 real, 561 MB, 1.03 load
[runlim] sample:		7179.59 time, 7180.01 real, 561 MB, 1.02 load
[runlim] sample:		7189.59 time, 7190.01 real, 561 MB, 1.02 load
[runlim] sample:		7199.59 time, 7200.01 real, 561 MB, 1.02 load
[runlim] sample:		7209.59 time, 7210.01 real, 561 MB, 1.01 load
[runlim] sample:		7219.58 time, 7220.01 real, 562 MB, 1.01 load
[runlim] sample:		7229.58 time, 7230.01 real, 562 MB, 1.41 load
[runlim] sample:		7239.58 time, 7240.01 real, 562 MB, 1.35 load
[runlim] sample:		7249.58 time, 7250.01 real, 562 MB, 1.29 load
[runlim] sample:		7259.58 time, 7260.01 real, 562 MB, 1.25 load
[runlim] sample:		7269.58 time, 7270.01 real, 562 MB, 1.21 load
[runlim] sample:		7279.58 time, 7280.01 real, 562 MB, 1.18 load
[runlim] sample:		7289.58 time, 7290.01 real, 562 MB, 1.15 load
[runlim] sample:		7299.58 time, 7300.01 real, 562 MB, 1.12 load
[runlim] sample:		7309.58 time, 7310.01 real, 562 MB, 1.10 load
[runlim] sample:		7319.58 time, 7320.01 real, 562 MB, 1.09 load
[runlim] sample:		7329.58 time, 7330.01 real, 562 MB, 1.07 load
[runlim] sample:		7339.57 time, 7340.01 real, 563 MB, 1.06 load
[runlim] sample:		7349.57 time, 7350.01 real, 563 MB, 1.05 load
[runlim] sample:		7359.58 time, 7360.01 real, 563 MB, 1.04 load
[runlim] sample:		7369.58 time, 7370.01 real, 563 MB, 1.04 load
[runlim] sample:		7379.58 time, 7380.01 real, 563 MB, 1.03 load
[runlim] sample:		7389.58 time, 7390.01 real, 563 MB, 1.03 load
[runlim] sample:		7399.58 time, 7400.01 real, 563 MB, 1.02 load
[runlim] sample:		7409.58 time, 7410.01 real, 563 MB, 1.18 load
[runlim] sample:		7419.58 time, 7420.01 real, 563 MB, 1.15 load
[runlim] sample:		7429.58 time, 7430.01 real, 563 MB, 1.13 load
[runlim] sample:		7439.58 time, 7440.01 real, 563 MB, 1.11 load
[runlim] sample:		7449.57 time, 7450.01 real, 568 MB, 1.09 load
[runlim] sample:		7459.57 time, 7460.01 real, 568 MB, 1.08 load
[runlim] sample:		7469.57 time, 7470.01 real, 568 MB, 1.06 load
[runlim] sample:		7479.57 time, 7480.01 real, 568 MB, 1.05 load
[runlim] sample:		7489.57 time, 7490.01 real, 568 MB, 1.12 load
[runlim] sample:		7499.57 time, 7500.01 real, 568 MB, 1.10 load
[runlim] sample:		7509.57 time, 7510.01 real, 596 MB, 1.08 load
[runlim] sample:		7519.57 time, 7520.01 real, 596 MB, 1.07 load
[runlim] sample:		7529.57 time, 7530.01 real, 596 MB, 1.06 load
[runlim] sample:		7539.57 time, 7540.01 real, 596 MB, 1.05 load
[runlim] sample:		7549.57 time, 7550.01 real, 596 MB, 1.04 load
[runlim] sample:		7559.57 time, 7560.01 real, 596 MB, 1.04 load
[runlim] sample:		7569.57 time, 7570.01 real, 596 MB, 1.03 load
[runlim] sample:		7579.57 time, 7580.01 real, 590 MB, 1.02 load
[runlim] sample:		7589.57 time, 7590.01 real, 590 MB, 1.02 load
[runlim] sample:		7599.57 time, 7600.01 real, 590 MB, 1.02 load
[runlim] sample:		7609.57 time, 7610.01 real, 590 MB, 1.01 load
[runlim] sample:		7619.56 time, 7620.01 real, 590 MB, 1.01 load
[runlim] sample:		7629.56 time, 7630.01 real, 590 MB, 1.01 load
[runlim] sample:		7639.56 time, 7640.01 real, 590 MB, 1.01 load
[runlim] sample:		7649.56 time, 7650.01 real, 576 MB, 1.01 load
[runlim] sample:		7659.57 time, 7660.01 real, 576 MB, 1.00 load
[runlim] sample:		7669.56 time, 7670.01 real, 576 MB, 1.00 load
[runlim] sample:		7679.56 time, 7680.01 real, 576 MB, 1.00 load
[runlim] sample:		7689.56 time, 7690.01 real, 576 MB, 1.00 load
[runlim] sample:		7699.56 time, 7700.01 real, 576 MB, 1.00 load
[runlim] sample:		7709.56 time, 7710.01 real, 576 MB, 1.00 load
[runlim] sample:		7719.56 time, 7720.01 real, 589 MB, 1.00 load
[runlim] sample:		7729.56 time, 7730.01 real, 589 MB, 1.00 load
[runlim] sample:		7739.56 time, 7740.01 real, 589 MB, 1.00 load
[runlim] sample:		7749.56 time, 7750.01 real, 589 MB, 1.00 load
[runlim] sample:		7759.56 time, 7760.01 real, 589 MB, 1.08 load
[runlim] sample:		7769.56 time, 7770.01 real, 589 MB, 1.07 load
[runlim] sample:		7779.56 time, 7780.01 real, 589 MB, 1.06 load
[runlim] sample:		7789.56 time, 7790.01 real, 589 MB, 1.05 load
[runlim] sample:		7799.55 time, 7800.01 real, 588 MB, 1.04 load
[runlim] sample:		7809.55 time, 7810.01 real, 588 MB, 1.03 load
[runlim] sample:		7819.55 time, 7820.01 real, 588 MB, 1.03 load
[runlim] sample:		7829.55 time, 7830.01 real, 588 MB, 1.02 load
[runlim] sample:		7839.55 time, 7840.01 real, 588 MB, 1.02 load
[runlim] sample:		7849.55 time, 7850.01 real, 588 MB, 1.02 load
[runlim] sample:		7859.55 time, 7860.01 real, 588 MB, 1.31 load
[runlim] sample:		7869.55 time, 7870.01 real, 589 MB, 1.27 load
[runlim] sample:		7879.55 time, 7880.01 real, 589 MB, 1.22 load
[runlim] sample:		7889.55 time, 7890.01 real, 589 MB, 1.19 load
[runlim] sample:		7899.55 time, 7900.01 real, 589 MB, 1.16 load
[runlim] sample:		7909.55 time, 7910.01 real, 589 MB, 1.13 load
[runlim] sample:		7919.55 time, 7920.01 real, 589 MB, 1.11 load
[runlim] sample:		7929.55 time, 7930.01 real, 589 MB, 1.10 load
[runlim] sample:		7939.55 time, 7940.01 real, 602 MB, 1.08 load
[runlim] sample:		7949.55 time, 7950.01 real, 602 MB, 1.07 load
[runlim] sample:		7959.55 time, 7960.01 real, 602 MB, 1.06 load
[runlim] sample:		7969.55 time, 7970.01 real, 602 MB, 1.05 load
[runlim] sample:		7979.54 time, 7980.01 real, 602 MB, 1.04 load
[runlim] sample:		7989.54 time, 7990.01 real, 602 MB, 1.11 load
[runlim] sample:		7999.54 time, 8000.01 real, 602 MB, 1.09 load
[runlim] sample:		8009.54 time, 8010.01 real, 602 MB, 1.08 load
[runlim] sample:		8019.54 time, 8020.01 real, 596 MB, 1.06 load
[runlim] sample:		8029.54 time, 8030.01 real, 596 MB, 1.05 load
[runlim] sample:		8039.54 time, 8040.01 real, 596 MB, 1.04 load
[runlim] sample:		8049.54 time, 8050.01 real, 596 MB, 1.04 load
[runlim] sample:		8059.54 time, 8060.01 real, 596 MB, 1.03 load
[runlim] sample:		8069.54 time, 8070.01 real, 596 MB, 1.03 load
[runlim] sample:		8079.54 time, 8080.01 real, 596 MB, 1.02 load
[runlim] sample:		8089.54 time, 8090.01 real, 596 MB, 1.02 load
[runlim] sample:		8099.54 time, 8100.01 real, 589 MB, 1.01 load
[runlim] sample:		8109.54 time, 8110.01 real, 589 MB, 1.09 load
[runlim] sample:		8119.54 time, 8120.01 real, 589 MB, 1.08 load
[runlim] sample:		8129.54 time, 8130.01 real, 589 MB, 1.06 load
[runlim] sample:		8139.54 time, 8140.01 real, 589 MB, 1.05 load
[runlim] sample:		8149.54 time, 8150.01 real, 589 MB, 1.05 load
[runlim] sample:		8159.53 time, 8160.01 real, 624 MB, 1.04 load
[runlim] sample:		8169.54 time, 8170.01 real, 589 MB, 1.03 load
[runlim] sample:		8179.54 time, 8180.01 real, 589 MB, 1.03 load
[runlim] sample:		8189.54 time, 8190.01 real, 589 MB, 1.02 load
[runlim] sample:		8199.53 time, 8200.01 real, 589 MB, 1.02 load
[runlim] sample:		8209.53 time, 8210.01 real, 589 MB, 1.02 load
[runlim] sample:		8219.53 time, 8220.01 real, 589 MB, 1.01 load
[runlim] sample:		8229.53 time, 8230.01 real, 589 MB, 1.09 load
[runlim] sample:		8239.53 time, 8240.01 real, 610 MB, 1.15 load
[runlim] sample:		8249.53 time, 8250.01 real, 610 MB, 1.13 load
[runlim] sample:		8259.53 time, 8260.01 real, 610 MB, 1.11 load
[runlim] sample:		8269.53 time, 8270.01 real, 610 MB, 1.09 load
[runlim] sample:		8279.53 time, 8280.01 real, 610 MB, 1.08 load
[runlim] sample:		8289.53 time, 8290.01 real, 610 MB, 1.06 load
[runlim] sample:		8299.53 time, 8300.01 real, 610 MB, 1.05 load
[runlim] sample:		8309.53 time, 8310.01 real, 610 MB, 1.05 load
[runlim] sample:		8319.53 time, 8320.01 real, 629 MB, 1.04 load
[runlim] sample:		8329.53 time, 8330.01 real, 629 MB, 1.03 load
[runlim] sample:		8339.53 time, 8340.01 real, 629 MB, 1.03 load
[runlim] sample:		8349.53 time, 8350.01 real, 629 MB, 1.02 load
[runlim] sample:		8359.53 time, 8360.01 real, 629 MB, 1.02 load
[runlim] sample:		8369.52 time, 8370.01 real, 629 MB, 1.09 load
[runlim] sample:		8379.52 time, 8380.01 real, 629 MB, 1.08 load
[runlim] sample:		8389.52 time, 8390.01 real, 629 MB, 1.06 load
[runlim] sample:		8399.52 time, 8400.01 real, 629 MB, 1.05 load
[runlim] sample:		8409.52 time, 8410.01 real, 611 MB, 1.04 load
[runlim] sample:		8419.52 time, 8420.01 real, 611 MB, 1.04 load
[runlim] sample:		8429.52 time, 8430.01 real, 611 MB, 1.03 load
[runlim] sample:		8439.52 time, 8440.01 real, 611 MB, 1.03 load
[runlim] sample:		8449.52 time, 8450.01 real, 611 MB, 1.02 load
[runlim] sample:		8459.52 time, 8460.01 real, 611 MB, 1.02 load
[runlim] sample:		8469.52 time, 8470.01 real, 611 MB, 1.01 load
[runlim] sample:		8479.52 time, 8480.01 real, 611 MB, 1.01 load
[runlim] sample:		8489.52 time, 8490.01 real, 618 MB, 1.09 load
[runlim] sample:		8499.52 time, 8500.01 real, 618 MB, 1.08 load
[runlim] sample:		8509.52 time, 8510.01 real, 618 MB, 1.06 load
[runlim] sample:		8519.52 time, 8520.01 real, 618 MB, 1.05 load
[runlim] sample:		8529.52 time, 8530.01 real, 618 MB, 1.04 load
[runlim] sample:		8539.52 time, 8540.01 real, 618 MB, 1.04 load
[runlim] sample:		8549.52 time, 8550.01 real, 618 MB, 1.03 load
[runlim] sample:		8559.52 time, 8560.01 real, 618 MB, 1.03 load
[runlim] sample:		8569.52 time, 8570.01 real, 621 MB, 1.02 load
[runlim] sample:		8579.52 time, 8580.01 real, 621 MB, 1.02 load
[runlim] sample:		8589.52 time, 8590.01 real, 621 MB, 1.01 load
[runlim] sample:		8599.52 time, 8600.01 real, 621 MB, 1.01 load
[runlim] sample:		8609.51 time, 8610.01 real, 621 MB, 1.01 load
[runlim] sample:		8619.51 time, 8620.01 real, 621 MB, 1.08 load
[runlim] sample:		8629.51 time, 8630.01 real, 621 MB, 1.07 load
[runlim] sample:		8639.51 time, 8640.01 real, 585 MB, 1.06 load
[runlim] sample:		8649.51 time, 8650.01 real, 585 MB, 1.05 load
[runlim] sample:		8659.51 time, 8660.01 real, 585 MB, 1.04 load
[runlim] sample:		8669.51 time, 8670.01 real, 585 MB, 1.03 load
[runlim] sample:		8679.51 time, 8680.01 real, 585 MB, 1.03 load
[runlim] sample:		8689.51 time, 8690.01 real, 585 MB, 1.02 load
[runlim] sample:		8699.51 time, 8700.01 real, 585 MB, 1.02 load
[runlim] sample:		8709.51 time, 8710.01 real, 585 MB, 1.02 load
[runlim] sample:		8719.51 time, 8720.01 real, 598 MB, 1.01 load
[runlim] sample:		8729.51 time, 8730.01 real, 598 MB, 1.01 load
[runlim] sample:		8739.51 time, 8740.01 real, 598 MB, 1.01 load
[runlim] sample:		8749.51 time, 8750.01 real, 598 MB, 1.01 load
[runlim] sample:		8759.51 time, 8760.01 real, 598 MB, 1.00 load
[runlim] sample:		8769.51 time, 8770.01 real, 598 MB, 1.00 load
[runlim] sample:		8779.51 time, 8780.01 real, 598 MB, 1.00 load
[runlim] sample:		8789.51 time, 8790.01 real, 598 MB, 1.00 load
[runlim] sample:		8799.50 time, 8800.01 real, 598 MB, 1.00 load
[runlim] sample:		8809.50 time, 8810.01 real, 582 MB, 1.00 load
[runlim] sample:		8819.50 time, 8820.01 real, 582 MB, 1.00 load
[runlim] sample:		8829.50 time, 8830.01 real, 582 MB, 1.00 load
[runlim] sample:		8839.50 time, 8840.01 real, 582 MB, 1.00 load
[runlim] sample:		8849.50 time, 8850.01 real, 582 MB, 1.00 load
[runlim] sample:		8859.50 time, 8860.01 real, 582 MB, 1.00 load
[runlim] sample:		8869.50 time, 8870.01 real, 582 MB, 1.07 load
[runlim] sample:		8879.50 time, 8880.01 real, 582 MB, 1.06 load
[runlim] sample:		8889.50 time, 8890.01 real, 582 MB, 1.05 load
[runlim] sample:		8899.50 time, 8900.01 real, 582 MB, 1.04 load
[runlim] sample:		8909.50 time, 8910.01 real, 582 MB, 1.04 load
[runlim] sample:		8919.50 time, 8920.01 real, 582 MB, 1.03 load
[runlim] sample:		8929.50 time, 8930.01 real, 582 MB, 1.02 load
[runlim] sample:		8939.50 time, 8940.01 real, 582 MB, 1.02 load
[runlim] sample:		8949.50 time, 8950.01 real, 567 MB, 1.02 load
[runlim] sample:		8959.50 time, 8960.01 real, 567 MB, 1.01 load
[runlim] sample:		8969.50 time, 8970.01 real, 567 MB, 1.01 load
[runlim] sample:		8979.50 time, 8980.01 real, 567 MB, 1.01 load
[runlim] sample:		8989.50 time, 8990.01 real, 567 MB, 1.01 load
[runlim] sample:		8999.49 time, 9000.01 real, 567 MB, 1.01 load
[runlim] sample:		9009.49 time, 9010.01 real, 567 MB, 1.00 load
[runlim] sample:		9019.49 time, 9020.01 real, 567 MB, 1.00 load
[runlim] sample:		9029.49 time, 9030.01 real, 567 MB, 1.00 load
[runlim] sample:		9039.49 time, 9040.01 real, 567 MB, 1.00 load
[runlim] sample:		9049.49 time, 9050.01 real, 567 MB, 1.00 load
[runlim] sample:		9059.49 time, 9060.01 real, 567 MB, 1.00 load
[runlim] sample:		9069.49 time, 9070.01 real, 567 MB, 1.00 load
[runlim] sample:		9079.49 time, 9080.01 real, 567 MB, 1.00 load
[runlim] sample:		9089.49 time, 9090.01 real, 569 MB, 1.00 load
[runlim] sample:		9099.49 time, 9100.01 real, 569 MB, 1.00 load
[runlim] sample:		9109.49 time, 9110.01 real, 592 MB, 1.00 load
[runlim] sample:		9119.49 time, 9120.01 real, 592 MB, 1.08 load
[runlim] sample:		9129.49 time, 9130.01 real, 592 MB, 1.07 load
[runlim] sample:		9139.49 time, 9140.01 real, 592 MB, 1.06 load
[runlim] sample:		9149.49 time, 9150.01 real, 592 MB, 1.05 load
[runlim] sample:		9159.49 time, 9160.01 real, 592 MB, 1.04 load
[runlim] sample:		9169.49 time, 9170.01 real, 592 MB, 1.03 load
[runlim] sample:		9179.49 time, 9180.01 real, 592 MB, 1.03 load
[runlim] sample:		9189.49 time, 9190.01 real, 592 MB, 1.02 load
[runlim] sample:		9199.49 time, 9200.01 real, 592 MB, 1.02 load
[runlim] sample:		9209.49 time, 9210.01 real, 592 MB, 1.02 load
[runlim] sample:		9219.49 time, 9220.01 real, 592 MB, 1.01 load
[runlim] sample:		9229.48 time, 9230.01 real, 592 MB, 1.01 load
[runlim] sample:		9239.48 time, 9240.01 real, 588 MB, 1.16 load
[runlim] sample:		9249.48 time, 9250.01 real, 588 MB, 1.14 load
[runlim] sample:		9259.48 time, 9260.01 real, 588 MB, 1.12 load
[runlim] sample:		9269.48 time, 9270.01 real, 588 MB, 1.10 load
[runlim] sample:		9279.48 time, 9280.01 real, 588 MB, 1.08 load
[runlim] sample:		9289.48 time, 9290.01 real, 588 MB, 1.07 load
[runlim] sample:		9299.48 time, 9300.01 real, 588 MB, 1.06 load
[runlim] sample:		9309.48 time, 9310.01 real, 588 MB, 1.05 load
[runlim] sample:		9319.48 time, 9320.01 real, 588 MB, 1.04 load
[runlim] sample:		9329.48 time, 9330.01 real, 588 MB, 1.03 load
[runlim] sample:		9339.47 time, 9340.01 real, 588 MB, 1.03 load
[runlim] sample:		9349.47 time, 9350.01 real, 588 MB, 1.02 load
[runlim] sample:		9359.47 time, 9360.01 real, 588 MB, 1.02 load
[runlim] sample:		9369.47 time, 9370.01 real, 588 MB, 1.02 load
[runlim] sample:		9379.47 time, 9380.01 real, 588 MB, 1.01 load
[runlim] sample:		9389.48 time, 9390.01 real, 594 MB, 1.01 load
[runlim] sample:		9399.48 time, 9400.01 real, 594 MB, 1.01 load
[runlim] sample:		9409.47 time, 9410.01 real, 594 MB, 1.01 load
[runlim] sample:		9419.47 time, 9420.01 real, 594 MB, 1.00 load
[runlim] sample:		9429.47 time, 9430.01 real, 594 MB, 1.00 load
[runlim] sample:		9439.47 time, 9440.01 real, 594 MB, 1.00 load
[runlim] sample:		9449.47 time, 9450.01 real, 594 MB, 1.00 load
[runlim] sample:		9459.47 time, 9460.01 real, 594 MB, 1.00 load
[runlim] sample:		9469.47 time, 9470.01 real, 594 MB, 1.00 load
[runlim] sample:		9479.47 time, 9480.01 real, 594 MB, 1.00 load
[runlim] sample:		9489.47 time, 9490.01 real, 594 MB, 1.08 load
[runlim] sample:		9499.47 time, 9500.01 real, 594 MB, 1.07 load
[runlim] sample:		9509.47 time, 9510.01 real, 594 MB, 1.06 load
[runlim] sample:		9519.47 time, 9520.01 real, 594 MB, 1.05 load
[runlim] sample:		9529.47 time, 9530.01 real, 594 MB, 1.04 load
[runlim] sample:		9539.46 time, 9540.01 real, 597 MB, 1.03 load
[runlim] sample:		9549.46 time, 9550.01 real, 597 MB, 1.03 load
[runlim] sample:		9559.46 time, 9560.01 real, 597 MB, 1.02 load
[runlim] sample:		9569.46 time, 9570.01 real, 597 MB, 1.02 load
[runlim] sample:		9579.46 time, 9580.01 real, 597 MB, 1.02 load
[runlim] sample:		9589.46 time, 9590.01 real, 597 MB, 1.01 load
[runlim] sample:		9599.46 time, 9600.01 real, 597 MB, 1.01 load
[runlim] sample:		9609.46 time, 9610.01 real, 597 MB, 1.09 load
[runlim] sample:		9619.46 time, 9620.01 real, 597 MB, 1.15 load
[runlim] sample:		9629.46 time, 9630.01 real, 597 MB, 1.12 load
[runlim] sample:		9639.46 time, 9640.01 real, 597 MB, 1.11 load
[runlim] sample:		9649.46 time, 9650.01 real, 597 MB, 1.09 load
[runlim] sample:		9659.46 time, 9660.01 real, 597 MB, 1.07 load
[runlim] sample:		9669.45 time, 9670.01 real, 597 MB, 1.06 load
[runlim] sample:		9679.45 time, 9680.01 real, 597 MB, 1.05 load
[runlim] sample:		9689.45 time, 9690.01 real, 597 MB, 1.04 load
[runlim] sample:		9699.46 time, 9700.01 real, 595 MB, 1.04 load
[runlim] sample:		9709.46 time, 9710.01 real, 595 MB, 1.03 load
[runlim] sample:		9719.46 time, 9720.01 real, 595 MB, 1.03 load
[runlim] sample:		9729.46 time, 9730.01 real, 595 MB, 1.02 load
[runlim] sample:		9739.46 time, 9740.01 real, 595 MB, 1.61 load
[runlim] sample:		9749.46 time, 9750.01 real, 595 MB, 1.52 load
[runlim] sample:		9759.46 time, 9760.01 real, 595 MB, 1.44 load
[runlim] sample:		9769.46 time, 9770.01 real, 595 MB, 1.37 load
[runlim] sample:		9779.45 time, 9780.01 real, 595 MB, 1.31 load
[runlim] sample:		9789.45 time, 9790.01 real, 595 MB, 1.26 load
[runlim] sample:		9799.45 time, 9800.01 real, 595 MB, 1.22 load
[runlim] sample:		9809.45 time, 9810.01 real, 595 MB, 1.19 load
[runlim] sample:		9819.45 time, 9820.01 real, 595 MB, 1.16 load
[runlim] sample:		9829.45 time, 9830.01 real, 595 MB, 1.13 load
[runlim] sample:		9839.45 time, 9840.01 real, 595 MB, 1.11 load
[runlim] sample:		9849.45 time, 9850.01 real, 598 MB, 1.10 load
[runlim] sample:		9859.45 time, 9860.01 real, 598 MB, 1.08 load
[runlim] sample:		9869.45 time, 9870.01 real, 598 MB, 1.14 load
[runlim] sample:		9879.45 time, 9880.01 real, 598 MB, 1.12 load
[runlim] sample:		9889.45 time, 9890.01 real, 598 MB, 1.10 load
[runlim] sample:		9899.44 time, 9900.01 real, 598 MB, 1.08 load
[runlim] sample:		9909.44 time, 9910.01 real, 598 MB, 1.07 load
[runlim] sample:		9919.44 time, 9920.01 real, 598 MB, 1.06 load
[runlim] sample:		9929.44 time, 9930.01 real, 598 MB, 1.05 load
[runlim] sample:		9939.45 time, 9940.01 real, 598 MB, 1.04 load
[runlim] sample:		9949.44 time, 9950.01 real, 598 MB, 1.04 load
[runlim] sample:		9959.44 time, 9960.01 real, 598 MB, 1.03 load
[runlim] sample:		9969.44 time, 9970.01 real, 598 MB, 1.02 load
[runlim] sample:		9979.44 time, 9980.01 real, 598 MB, 1.02 load
[runlim] sample:		9989.44 time, 9990.01 real, 599 MB, 1.09 load
[runlim] sample:		9999.44 time, 10000.01 real, 599 MB, 1.08 load
[runlim] sample:		10009.44 time, 10010.01 real, 599 MB, 1.06 load
[runlim] sample:		10019.44 time, 10020.01 real, 599 MB, 1.05 load
[runlim] sample:		10029.44 time, 10030.01 real, 599 MB, 1.04 load
[runlim] sample:		10039.44 time, 10040.01 real, 599 MB, 1.04 load
[runlim] sample:		10049.44 time, 10050.01 real, 599 MB, 1.03 load
[runlim] sample:		10059.44 time, 10060.01 real, 599 MB, 1.03 load
[runlim] sample:		10069.44 time, 10070.01 real, 599 MB, 1.02 load
[runlim] sample:		10079.44 time, 10080.01 real, 599 MB, 1.02 load
[runlim] sample:		10089.44 time, 10090.01 real, 599 MB, 1.01 load
[runlim] sample:		10099.44 time, 10100.01 real, 599 MB, 1.01 load
[runlim] sample:		10109.44 time, 10110.01 real, 599 MB, 1.09 load
[runlim] sample:		10119.43 time, 10120.01 real, 599 MB, 1.15 load
[runlim] sample:		10129.43 time, 10130.01 real, 599 MB, 1.13 load
[runlim] sample:		10139.43 time, 10140.01 real, 599 MB, 1.11 load
[runlim] sample:		10149.43 time, 10150.01 real, 600 MB, 1.09 load
[runlim] sample:		10159.43 time, 10160.01 real, 600 MB, 1.08 load
[runlim] sample:		10169.43 time, 10170.01 real, 600 MB, 1.06 load
[runlim] sample:		10179.43 time, 10180.01 real, 600 MB, 1.05 load
[runlim] sample:		10189.43 time, 10190.01 real, 600 MB, 1.04 load
[runlim] sample:		10199.43 time, 10200.01 real, 600 MB, 1.04 load
[runlim] sample:		10209.43 time, 10210.01 real, 600 MB, 1.03 load
[runlim] sample:		10219.43 time, 10220.01 real, 600 MB, 1.03 load
[runlim] sample:		10229.43 time, 10230.01 real, 600 MB, 1.02 load
[runlim] sample:		10239.42 time, 10240.01 real, 600 MB, 1.02 load
[runlim] sample:		10249.42 time, 10250.01 real, 600 MB, 1.01 load
[runlim] sample:		10259.42 time, 10260.01 real, 600 MB, 1.01 load
[runlim] sample:		10269.42 time, 10270.01 real, 600 MB, 1.01 load
[runlim] sample:		10279.42 time, 10280.01 real, 600 MB, 1.01 load
[runlim] sample:		10289.42 time, 10290.01 real, 600 MB, 1.01 load
[runlim] sample:		10299.42 time, 10300.01 real, 600 MB, 1.00 load
[runlim] sample:		10309.42 time, 10310.01 real, 600 MB, 1.00 load
[runlim] sample:		10319.42 time, 10320.01 real, 600 MB, 1.00 load
[runlim] sample:		10329.42 time, 10330.01 real, 600 MB, 1.00 load
[runlim] sample:		10339.42 time, 10340.01 real, 600 MB, 1.00 load
[runlim] sample:		10349.42 time, 10350.01 real, 600 MB, 1.00 load
[runlim] sample:		10359.42 time, 10360.01 real, 600 MB, 1.48 load
[runlim] sample:		10369.42 time, 10370.01 real, 600 MB, 1.48 load
[runlim] sample:		10379.42 time, 10380.01 real, 600 MB, 1.41 load
[runlim] sample:		10389.42 time, 10390.01 real, 600 MB, 1.34 load
[runlim] sample:		10399.42 time, 10400.01 real, 600 MB, 1.29 load
[runlim] sample:		10409.42 time, 10410.01 real, 600 MB, 1.25 load
[runlim] sample:		10419.42 time, 10420.01 real, 600 MB, 1.21 load
[runlim] sample:		10429.42 time, 10430.01 real, 600 MB, 1.17 load
[runlim] sample:		10439.42 time, 10440.01 real, 600 MB, 1.15 load
[runlim] sample:		10449.42 time, 10450.01 real, 600 MB, 1.12 load
[runlim] sample:		10459.42 time, 10460.01 real, 600 MB, 1.10 load
[runlim] sample:		10469.41 time, 10470.01 real, 600 MB, 1.09 load
[runlim] sample:		10479.41 time, 10480.01 real, 600 MB, 1.07 load
[runlim] sample:		10489.41 time, 10490.01 real, 600 MB, 1.14 load
[runlim] sample:		10499.41 time, 10500.01 real, 600 MB, 1.11 load
[runlim] sample:		10509.41 time, 10510.01 real, 600 MB, 1.10 load
[runlim] sample:		10519.41 time, 10520.01 real, 600 MB, 1.08 load
[runlim] sample:		10529.41 time, 10530.01 real, 600 MB, 1.07 load
[runlim] sample:		10539.42 time, 10540.01 real, 600 MB, 1.06 load
[runlim] sample:		10549.41 time, 10550.01 real, 600 MB, 1.05 load
[runlim] sample:		10559.41 time, 10560.01 real, 600 MB, 1.04 load
[runlim] sample:		10569.41 time, 10570.01 real, 600 MB, 1.03 load
[runlim] sample:		10579.41 time, 10580.01 real, 600 MB, 1.03 load
[runlim] sample:		10589.41 time, 10590.01 real, 600 MB, 1.02 load
[runlim] sample:		10599.41 time, 10600.01 real, 600 MB, 1.02 load
[runlim] sample:		10609.41 time, 10610.01 real, 600 MB, 1.02 load
[runlim] sample:		10619.41 time, 10620.01 real, 600 MB, 1.01 load
[runlim] sample:		10629.41 time, 10630.01 real, 603 MB, 1.01 load
[runlim] sample:		10639.40 time, 10640.01 real, 603 MB, 1.01 load
[runlim] sample:		10649.40 time, 10650.01 real, 603 MB, 1.01 load
[runlim] sample:		10659.40 time, 10660.01 real, 603 MB, 1.00 load
[runlim] sample:		10669.40 time, 10670.01 real, 603 MB, 1.00 load
[runlim] sample:		10679.40 time, 10680.01 real, 603 MB, 1.00 load
[runlim] sample:		10689.40 time, 10690.01 real, 603 MB, 1.00 load
[runlim] sample:		10699.40 time, 10700.01 real, 603 MB, 1.00 load
[runlim] sample:		10709.40 time, 10710.01 real, 603 MB, 1.00 load
[runlim] sample:		10719.40 time, 10720.01 real, 603 MB, 1.00 load
[runlim] sample:		10729.40 time, 10730.01 real, 603 MB, 1.00 load
[runlim] sample:		10739.40 time, 10740.01 real, 603 MB, 1.08 load
[runlim] sample:		10749.40 time, 10750.01 real, 603 MB, 1.07 load
[runlim] sample:		10759.40 time, 10760.01 real, 603 MB, 1.06 load
[runlim] sample:		10769.40 time, 10770.01 real, 603 MB, 1.05 load
[runlim] sample:		10779.40 time, 10780.01 real, 603 MB, 1.04 load
[runlim] sample:		10789.40 time, 10790.01 real, 603 MB, 1.03 load
[runlim] sample:		10799.40 time, 10800.01 real, 603 MB, 1.03 load
[runlim] end:			Sat Jul 18 15:13:34 2026
[runlim] status:		out of time
[runlim] result:		2
[runlim] children:		1
[runlim] processes:		2
[runlim] real:			10801.04 seconds
[runlim] time:			10799.40 seconds
[runlim] space:			777 MB
[runlim] load:			1.61 maximum
[runlim] samples:		108000
