[runlim] version:		2.0.0rc12
[runlim] host:			fjssp-instance
[runlim] time limit:		311040000 seconds
[runlim] real time limit:	10800 seconds
[runlim] space limit:		14000 MB
[runlim] argv[0]:		python3
[runlim] argv[1]:		-u
[runlim] argv[2]:		temp.py
[runlim] argv[3]:		datasets/hurink/edata/la07.txt
[runlim] start:			Sun Jul 19 02:49:16 2026
[runlim] child:			30829
Greedy Schedule UB: 948
Building constraints took 0.55 seconds.
SAT

=> TOTAL COMPLETION TIME (Makespan / UB): 947
Schedule is valid
 Time taken: 0.69 seconds
SAT

=> TOTAL COMPLETION TIME (Makespan / UB): 946
Schedule is valid
 Time taken: 0.71 seconds
SAT

=> TOTAL COMPLETION TIME (Makespan / UB): 945
Schedule is valid
 Time taken: 0.73 seconds
SAT

=> TOTAL COMPLETION TIME (Makespan / UB): 944
Schedule is valid
 Time taken: 0.75 seconds
SAT

=> TOTAL COMPLETION TIME (Makespan / UB): 943
Schedule is valid
 Time taken: 0.76 seconds
SAT

=> TOTAL COMPLETION TIME (Makespan / UB): 942
Schedule is valid
 Time taken: 0.78 seconds
SAT

=> TOTAL COMPLETION TIME (Makespan / UB): 941
Schedule is valid
 Time taken: 0.80 seconds
SAT

=> TOTAL COMPLETION TIME (Makespan / UB): 940
Schedule is valid
 Time taken: 0.81 seconds
SAT

=> TOTAL COMPLETION TIME (Makespan / UB): 939
Schedule is valid
 Time taken: 0.83 seconds
SAT

=> TOTAL COMPLETION TIME (Makespan / UB): 938
Schedule is valid
 Time taken: 0.85 seconds
SAT

=> TOTAL COMPLETION TIME (Makespan / UB): 937
Schedule is valid
 Time taken: 0.86 seconds
SAT

=> TOTAL COMPLETION TIME (Makespan / UB): 936
Schedule is valid
 Time taken: 0.88 seconds
SAT

=> TOTAL COMPLETION TIME (Makespan / UB): 935
Schedule is valid
 Time taken: 0.90 seconds
SAT

=> TOTAL COMPLETION TIME (Makespan / UB): 934
Schedule is valid
 Time taken: 0.92 seconds
SAT

=> TOTAL COMPLETION TIME (Makespan / UB): 933
Schedule is valid
 Time taken: 0.94 seconds
SAT

=> TOTAL COMPLETION TIME (Makespan / UB): 932
Schedule is valid
 Time taken: 0.95 seconds
SAT

=> TOTAL COMPLETION TIME (Makespan / UB): 931
Schedule is valid
 Time taken: 0.97 seconds
SAT

=> TOTAL COMPLETION TIME (Makespan / UB): 930
Schedule is valid
 Time taken: 0.99 seconds
SAT

=> TOTAL COMPLETION TIME (Makespan / UB): 929
Schedule is valid
 Time taken: 1.01 seconds
SAT

=> TOTAL COMPLETION TIME (Makespan / UB): 928
Schedule is valid
 Time taken: 1.03 seconds
SAT

=> TOTAL COMPLETION TIME (Makespan / UB): 927
Schedule is valid
 Time taken: 1.04 seconds
SAT

=> TOTAL COMPLETION TIME (Makespan / UB): 926
Schedule is valid
 Time taken: 1.06 seconds
SAT

=> TOTAL COMPLETION TIME (Makespan / UB): 925
Schedule is valid
 Time taken: 1.08 seconds
SAT

=> TOTAL COMPLETION TIME (Makespan / UB): 924
Schedule is valid
 Time taken: 1.09 seconds
SAT

=> TOTAL COMPLETION TIME (Makespan / UB): 923
Schedule is valid
 Time taken: 1.11 seconds
SAT

=> TOTAL COMPLETION TIME (Makespan / UB): 922
Schedule is valid
 Time taken: 1.13 seconds
SAT

=> TOTAL COMPLETION TIME (Makespan / UB): 921
Schedule is valid
 Time taken: 1.15 seconds
SAT

=> TOTAL COMPLETION TIME (Makespan / UB): 920
Schedule is valid
 Time taken: 1.17 seconds
SAT

=> TOTAL COMPLETION TIME (Makespan / UB): 919
Schedule is valid
 Time taken: 1.19 seconds
SAT

=> TOTAL COMPLETION TIME (Makespan / UB): 918
Schedule is valid
 Time taken: 1.20 seconds
SAT

=> TOTAL COMPLETION TIME (Makespan / UB): 917
Schedule is valid
 Time taken: 1.22 seconds
SAT

=> TOTAL COMPLETION TIME (Makespan / UB): 916
Schedule is valid
 Time taken: 1.24 seconds
SAT

=> TOTAL COMPLETION TIME (Makespan / UB): 915
Schedule is valid
 Time taken: 1.26 seconds
SAT

=> TOTAL COMPLETION TIME (Makespan / UB): 914
Schedule is valid
 Time taken: 1.27 seconds
SAT

=> TOTAL COMPLETION TIME (Makespan / UB): 913
Schedule is valid
 Time taken: 1.29 seconds
SAT

=> TOTAL COMPLETION TIME (Makespan / UB): 912
Schedule is valid
 Time taken: 1.31 seconds
SAT

=> TOTAL COMPLETION TIME (Makespan / UB): 911
Schedule is valid
 Time taken: 1.33 seconds
SAT

=> TOTAL COMPLETION TIME (Makespan / UB): 910
Schedule is valid
 Time taken: 1.35 seconds
SAT

=> TOTAL COMPLETION TIME (Makespan / UB): 909
Schedule is valid
 Time taken: 1.36 seconds
SAT

=> TOTAL COMPLETION TIME (Makespan / UB): 908
Schedule is valid
 Time taken: 1.38 seconds
SAT

=> TOTAL COMPLETION TIME (Makespan / UB): 907
Schedule is valid
 Time taken: 1.40 seconds
SAT

=> TOTAL COMPLETION TIME (Makespan / UB): 906
Schedule is valid
 Time taken: 1.42 seconds
SAT

=> TOTAL COMPLETION TIME (Makespan / UB): 905
Schedule is valid
 Time taken: 1.43 seconds
SAT

=> TOTAL COMPLETION TIME (Makespan / UB): 904
Schedule is valid
 Time taken: 1.45 seconds
SAT

=> TOTAL COMPLETION TIME (Makespan / UB): 903
Schedule is valid
 Time taken: 1.47 seconds
SAT

=> TOTAL COMPLETION TIME (Makespan / UB): 902
Schedule is valid
 Time taken: 1.48 seconds
SAT

=> TOTAL COMPLETION TIME (Makespan / UB): 901
Schedule is valid
 Time taken: 1.50 seconds
SAT

=> TOTAL COMPLETION TIME (Makespan / UB): 900
Schedule is valid
 Time taken: 1.52 seconds
SAT

=> TOTAL COMPLETION TIME (Makespan / UB): 899
Schedule is valid
 Time taken: 1.53 seconds
SAT

=> TOTAL COMPLETION TIME (Makespan / UB): 898
Schedule is valid
 Time taken: 1.55 seconds
SAT

=> TOTAL COMPLETION TIME (Makespan / UB): 897
Schedule is valid
 Time taken: 1.66 seconds
SAT

=> TOTAL COMPLETION TIME (Makespan / UB): 896
Schedule is valid
 Time taken: 1.69 seconds
SAT

=> TOTAL COMPLETION TIME (Makespan / UB): 895
Schedule is valid
 Time taken: 1.70 seconds
SAT

=> TOTAL COMPLETION TIME (Makespan / UB): 894
Schedule is valid
 Time taken: 1.72 seconds
SAT

=> TOTAL COMPLETION TIME (Makespan / UB): 893
Schedule is valid
 Time taken: 1.74 seconds
SAT

=> TOTAL COMPLETION TIME (Makespan / UB): 892
Schedule is valid
 Time taken: 1.75 seconds
SAT

=> TOTAL COMPLETION TIME (Makespan / UB): 891
Schedule is valid
 Time taken: 1.77 seconds
SAT

=> TOTAL COMPLETION TIME (Makespan / UB): 890
Schedule is valid
 Time taken: 1.78 seconds
SAT

=> TOTAL COMPLETION TIME (Makespan / UB): 889
Schedule is valid
 Time taken: 1.80 seconds
SAT

=> TOTAL COMPLETION TIME (Makespan / UB): 888
Schedule is valid
 Time taken: 1.82 seconds
SAT

=> TOTAL COMPLETION TIME (Makespan / UB): 887
Schedule is valid
 Time taken: 1.83 seconds
SAT

=> TOTAL COMPLETION TIME (Makespan / UB): 886
Schedule is valid
 Time taken: 1.85 seconds
SAT

=> TOTAL COMPLETION TIME (Makespan / UB): 885
Schedule is valid
 Time taken: 1.86 seconds
SAT

=> TOTAL COMPLETION TIME (Makespan / UB): 884
Schedule is valid
 Time taken: 1.88 seconds
SAT

=> TOTAL COMPLETION TIME (Makespan / UB): 883
Schedule is valid
 Time taken: 1.90 seconds
SAT

=> TOTAL COMPLETION TIME (Makespan / UB): 882
Schedule is valid
 Time taken: 1.91 seconds
SAT

=> TOTAL COMPLETION TIME (Makespan / UB): 881
Schedule is valid
 Time taken: 1.93 seconds
SAT

=> TOTAL COMPLETION TIME (Makespan / UB): 880
Schedule is valid
 Time taken: 1.95 seconds
SAT

=> TOTAL COMPLETION TIME (Makespan / UB): 879
Schedule is valid
 Time taken: 1.96 seconds
SAT

=> TOTAL COMPLETION TIME (Makespan / UB): 878
Schedule is valid
 Time taken: 1.98 seconds
SAT

=> TOTAL COMPLETION TIME (Makespan / UB): 877
Schedule is valid
 Time taken: 2.00 seconds
SAT

=> TOTAL COMPLETION TIME (Makespan / UB): 876
Schedule is valid
 Time taken: 4.52 seconds
SAT

=> TOTAL COMPLETION TIME (Makespan / UB): 875
Schedule is valid
 Time taken: 4.61 seconds
SAT

=> TOTAL COMPLETION TIME (Makespan / UB): 874
Schedule is valid
 Time taken: 4.68 seconds
SAT

=> TOTAL COMPLETION TIME (Makespan / UB): 873
Schedule is valid
 Time taken: 4.94 seconds
SAT

=> TOTAL COMPLETION TIME (Makespan / UB): 872
Schedule is valid
 Time taken: 5.41 seconds
SAT

=> TOTAL COMPLETION TIME (Makespan / UB): 871
Schedule is valid
 Time taken: 5.50 seconds
SAT

=> TOTAL COMPLETION TIME (Makespan / UB): 870
Schedule is valid
 Time taken: 6.28 seconds
SAT

=> TOTAL COMPLETION TIME (Makespan / UB): 869
Schedule is valid
 Time taken: 6.38 seconds
SAT

=> TOTAL COMPLETION TIME (Makespan / UB): 868
Schedule is valid
 Time taken: 6.43 seconds
SAT

=> TOTAL COMPLETION TIME (Makespan / UB): 867
Schedule is valid
 Time taken: 7.04 seconds
SAT

=> TOTAL COMPLETION TIME (Makespan / UB): 866
Schedule is valid
 Time taken: 7.13 seconds
SAT

=> TOTAL COMPLETION TIME (Makespan / UB): 865
Schedule is valid
 Time taken: 7.21 seconds
SAT

=> TOTAL COMPLETION TIME (Makespan / UB): 864
Schedule is valid
 Time taken: 7.45 seconds
SAT

=> TOTAL COMPLETION TIME (Makespan / UB): 863
Schedule is valid
 Time taken: 7.50 seconds
SAT

=> TOTAL COMPLETION TIME (Makespan / UB): 862
Schedule is valid
 Time taken: 8.33 seconds
SAT

=> TOTAL COMPLETION TIME (Makespan / UB): 861
Schedule is valid
 Time taken: 9.19 seconds
SAT

=> TOTAL COMPLETION TIME (Makespan / UB): 860
Schedule is valid
 Time taken: 9.40 seconds
SAT

=> TOTAL COMPLETION TIME (Makespan / UB): 859
Schedule is valid
 Time taken: 9.83 seconds
[runlim] sample:		9.99 time, 10.01 real, 219 MB, 1.05 load
SAT

=> TOTAL COMPLETION TIME (Makespan / UB): 858
Schedule is valid
 Time taken: 10.13 seconds
SAT

=> TOTAL COMPLETION TIME (Makespan / UB): 857
Schedule is valid
 Time taken: 11.25 seconds
SAT

=> TOTAL COMPLETION TIME (Makespan / UB): 856
Schedule is valid
 Time taken: 12.40 seconds
SAT

=> TOTAL COMPLETION TIME (Makespan / UB): 855
Schedule is valid
 Time taken: 12.57 seconds
SAT

=> TOTAL COMPLETION TIME (Makespan / UB): 854
Schedule is valid
 Time taken: 12.63 seconds
SAT

=> TOTAL COMPLETION TIME (Makespan / UB): 853
Schedule is valid
 Time taken: 12.67 seconds
SAT

=> TOTAL COMPLETION TIME (Makespan / UB): 852
Schedule is valid
 Time taken: 12.71 seconds
SAT

=> TOTAL COMPLETION TIME (Makespan / UB): 851
Schedule is valid
 Time taken: 12.75 seconds
SAT

=> TOTAL COMPLETION TIME (Makespan / UB): 850
Schedule is valid
 Time taken: 12.90 seconds
SAT

=> TOTAL COMPLETION TIME (Makespan / UB): 849
Schedule is valid
 Time taken: 13.19 seconds
SAT

=> TOTAL COMPLETION TIME (Makespan / UB): 848
Schedule is valid
 Time taken: 14.15 seconds
SAT

=> TOTAL COMPLETION TIME (Makespan / UB): 847
Schedule is valid
 Time taken: 14.99 seconds
SAT

=> TOTAL COMPLETION TIME (Makespan / UB): 846
Schedule is valid
 Time taken: 15.37 seconds
SAT

=> TOTAL COMPLETION TIME (Makespan / UB): 845
Schedule is valid
 Time taken: 16.40 seconds
SAT

=> TOTAL COMPLETION TIME (Makespan / UB): 844
Schedule is valid
 Time taken: 17.93 seconds
SAT

=> TOTAL COMPLETION TIME (Makespan / UB): 843
Schedule is valid
 Time taken: 18.91 seconds
SAT

=> TOTAL COMPLETION TIME (Makespan / UB): 842
Schedule is valid
 Time taken: 19.06 seconds
SAT

=> TOTAL COMPLETION TIME (Makespan / UB): 841
Schedule is valid
 Time taken: 19.65 seconds
[runlim] sample:		19.99 time, 20.01 real, 204 MB, 1.04 load
SAT

=> TOTAL COMPLETION TIME (Makespan / UB): 840
Schedule is valid
 Time taken: 20.06 seconds
SAT

=> TOTAL COMPLETION TIME (Makespan / UB): 839
Schedule is valid
 Time taken: 20.46 seconds
SAT

=> TOTAL COMPLETION TIME (Makespan / UB): 838
Schedule is valid
 Time taken: 20.69 seconds
SAT

=> TOTAL COMPLETION TIME (Makespan / UB): 837
Schedule is valid
 Time taken: 21.54 seconds
SAT

=> TOTAL COMPLETION TIME (Makespan / UB): 836
Schedule is valid
 Time taken: 21.92 seconds
SAT

=> TOTAL COMPLETION TIME (Makespan / UB): 835
Schedule is valid
 Time taken: 22.28 seconds
SAT

=> TOTAL COMPLETION TIME (Makespan / UB): 834
Schedule is valid
 Time taken: 22.34 seconds
SAT

=> TOTAL COMPLETION TIME (Makespan / UB): 833
Schedule is valid
 Time taken: 22.39 seconds
SAT

=> TOTAL COMPLETION TIME (Makespan / UB): 832
Schedule is valid
 Time taken: 22.43 seconds
SAT

=> TOTAL COMPLETION TIME (Makespan / UB): 831
Schedule is valid
 Time taken: 22.47 seconds
SAT

=> TOTAL COMPLETION TIME (Makespan / UB): 830
Schedule is valid
 Time taken: 22.51 seconds
SAT

=> TOTAL COMPLETION TIME (Makespan / UB): 829
Schedule is valid
 Time taken: 22.54 seconds
SAT

=> TOTAL COMPLETION TIME (Makespan / UB): 828
Schedule is valid
 Time taken: 22.63 seconds
SAT

=> TOTAL COMPLETION TIME (Makespan / UB): 827
Schedule is valid
 Time taken: 22.67 seconds
SAT

=> TOTAL COMPLETION TIME (Makespan / UB): 826
Schedule is valid
 Time taken: 22.71 seconds
SAT

=> TOTAL COMPLETION TIME (Makespan / UB): 825
Schedule is valid
 Time taken: 22.85 seconds
SAT

=> TOTAL COMPLETION TIME (Makespan / UB): 824
Schedule is valid
 Time taken: 23.31 seconds
SAT

=> TOTAL COMPLETION TIME (Makespan / UB): 823
Schedule is valid
 Time taken: 24.96 seconds
SAT

=> TOTAL COMPLETION TIME (Makespan / UB): 822
Schedule is valid
 Time taken: 28.89 seconds
[runlim] sample:		29.99 time, 30.01 real, 204 MB, 1.04 load
SAT

=> TOTAL COMPLETION TIME (Makespan / UB): 821
Schedule is valid
 Time taken: 30.72 seconds
SAT

=> TOTAL COMPLETION TIME (Makespan / UB): 820
Schedule is valid
 Time taken: 30.78 seconds
SAT

=> TOTAL COMPLETION TIME (Makespan / UB): 819
Schedule is valid
 Time taken: 32.50 seconds
SAT

=> TOTAL COMPLETION TIME (Makespan / UB): 818
Schedule is valid
 Time taken: 32.56 seconds
SAT

=> TOTAL COMPLETION TIME (Makespan / UB): 817
Schedule is valid
 Time taken: 34.92 seconds
SAT

=> TOTAL COMPLETION TIME (Makespan / UB): 816
Schedule is valid
 Time taken: 36.77 seconds
SAT

=> TOTAL COMPLETION TIME (Makespan / UB): 815
Schedule is valid
 Time taken: 36.83 seconds
SAT

=> TOTAL COMPLETION TIME (Makespan / UB): 814
Schedule is valid
 Time taken: 36.88 seconds
SAT

=> TOTAL COMPLETION TIME (Makespan / UB): 813
Schedule is valid
 Time taken: 38.67 seconds
SAT

=> TOTAL COMPLETION TIME (Makespan / UB): 812
Schedule is valid
 Time taken: 38.73 seconds
SAT

=> TOTAL COMPLETION TIME (Makespan / UB): 811
Schedule is valid
 Time taken: 38.84 seconds
SAT

=> TOTAL COMPLETION TIME (Makespan / UB): 810
Schedule is valid
 Time taken: 38.88 seconds
SAT

=> TOTAL COMPLETION TIME (Makespan / UB): 809
Schedule is valid
 Time taken: 39.18 seconds
SAT

=> TOTAL COMPLETION TIME (Makespan / UB): 808
Schedule is valid
 Time taken: 39.25 seconds
SAT

=> TOTAL COMPLETION TIME (Makespan / UB): 807
Schedule is valid
 Time taken: 39.78 seconds
[runlim] sample:		39.98 time, 40.01 real, 204 MB, 1.03 load
SAT

=> TOTAL COMPLETION TIME (Makespan / UB): 806
Schedule is valid
 Time taken: 42.11 seconds
SAT

=> TOTAL COMPLETION TIME (Makespan / UB): 805
Schedule is valid
 Time taken: 44.00 seconds
SAT

=> TOTAL COMPLETION TIME (Makespan / UB): 804
Schedule is valid
 Time taken: 45.43 seconds
SAT

=> TOTAL COMPLETION TIME (Makespan / UB): 803
Schedule is valid
 Time taken: 45.52 seconds
SAT

=> TOTAL COMPLETION TIME (Makespan / UB): 802
Schedule is valid
 Time taken: 46.84 seconds
SAT

=> TOTAL COMPLETION TIME (Makespan / UB): 801
Schedule is valid
 Time taken: 47.27 seconds
SAT

=> TOTAL COMPLETION TIME (Makespan / UB): 800
Schedule is valid
 Time taken: 49.59 seconds
[runlim] sample:		49.98 time, 50.01 real, 163 MB, 1.03 load
SAT

=> TOTAL COMPLETION TIME (Makespan / UB): 799
Schedule is valid
 Time taken: 51.77 seconds
SAT

=> TOTAL COMPLETION TIME (Makespan / UB): 798
Schedule is valid
 Time taken: 51.87 seconds
SAT

=> TOTAL COMPLETION TIME (Makespan / UB): 797
Schedule is valid
 Time taken: 53.96 seconds
SAT

=> TOTAL COMPLETION TIME (Makespan / UB): 796
Schedule is valid
 Time taken: 56.02 seconds
SAT

=> TOTAL COMPLETION TIME (Makespan / UB): 795
Schedule is valid
 Time taken: 56.11 seconds
SAT

=> TOTAL COMPLETION TIME (Makespan / UB): 794
Schedule is valid
 Time taken: 56.75 seconds
SAT

=> TOTAL COMPLETION TIME (Makespan / UB): 793
Schedule is valid
 Time taken: 59.01 seconds
SAT

=> TOTAL COMPLETION TIME (Makespan / UB): 792
Schedule is valid
 Time taken: 59.10 seconds
SAT

=> TOTAL COMPLETION TIME (Makespan / UB): 791
Schedule is valid
 Time taken: 59.17 seconds
[runlim] sample:		59.98 time, 60.01 real, 205 MB, 1.02 load
SAT

=> TOTAL COMPLETION TIME (Makespan / UB): 790
Schedule is valid
 Time taken: 67.80 seconds
[runlim] sample:		69.98 time, 70.01 real, 205 MB, 1.02 load
SAT

=> TOTAL COMPLETION TIME (Makespan / UB): 789
Schedule is valid
 Time taken: 76.27 seconds
SAT

=> TOTAL COMPLETION TIME (Makespan / UB): 788
Schedule is valid
 Time taken: 76.34 seconds
[runlim] sample:		79.98 time, 80.01 real, 205 MB, 1.01 load
SAT

=> TOTAL COMPLETION TIME (Makespan / UB): 787
Schedule is valid
 Time taken: 80.01 seconds
SAT

=> TOTAL COMPLETION TIME (Makespan / UB): 786
Schedule is valid
 Time taken: 88.98 seconds
[runlim] sample:		89.98 time, 90.01 real, 205 MB, 1.01 load
SAT

=> TOTAL COMPLETION TIME (Makespan / UB): 785
Schedule is valid
 Time taken: 91.84 seconds
SAT

=> TOTAL COMPLETION TIME (Makespan / UB): 784
Schedule is valid
 Time taken: 94.27 seconds
[runlim] sample:		99.98 time, 100.01 real, 205 MB, 1.01 load
SAT

=> TOTAL COMPLETION TIME (Makespan / UB): 783
Schedule is valid
 Time taken: 104.69 seconds
SAT

=> TOTAL COMPLETION TIME (Makespan / UB): 782
Schedule is valid
 Time taken: 108.11 seconds
SAT

=> TOTAL COMPLETION TIME (Makespan / UB): 781
Schedule is valid
 Time taken: 108.21 seconds
[runlim] sample:		109.97 time, 110.01 real, 205 MB, 1.01 load
[runlim] sample:		119.97 time, 120.01 real, 205 MB, 1.01 load
SAT

=> TOTAL COMPLETION TIME (Makespan / UB): 780
Schedule is valid
 Time taken: 120.33 seconds
SAT

=> TOTAL COMPLETION TIME (Makespan / UB): 779
Schedule is valid
 Time taken: 123.54 seconds
SAT

=> TOTAL COMPLETION TIME (Makespan / UB): 778
Schedule is valid
 Time taken: 123.64 seconds
[runlim] sample:		129.97 time, 130.01 real, 167 MB, 1.00 load
[runlim] sample:		139.98 time, 140.01 real, 197 MB, 1.00 load
[runlim] sample:		149.97 time, 150.01 real, 221 MB, 1.00 load
[runlim] sample:		159.97 time, 160.01 real, 246 MB, 1.00 load
SAT

=> TOTAL COMPLETION TIME (Makespan / UB): 777
Schedule is valid
 Time taken: 166.40 seconds
[runlim] sample:		169.97 time, 170.01 real, 222 MB, 1.00 load
[runlim] sample:		179.97 time, 180.01 real, 178 MB, 1.00 load
[runlim] sample:		189.97 time, 190.01 real, 180 MB, 1.00 load
[runlim] sample:		199.97 time, 200.01 real, 178 MB, 1.00 load
[runlim] sample:		209.97 time, 210.01 real, 185 MB, 1.00 load
[runlim] sample:		219.97 time, 220.01 real, 231 MB, 1.00 load
[runlim] sample:		229.97 time, 230.01 real, 231 MB, 1.00 load
[runlim] sample:		239.97 time, 240.01 real, 231 MB, 1.00 load
SAT

=> TOTAL COMPLETION TIME (Makespan / UB): 776
Schedule is valid
 Time taken: 246.48 seconds
SAT

=> TOTAL COMPLETION TIME (Makespan / UB): 775
Schedule is valid
 Time taken: 246.55 seconds
SAT

=> TOTAL COMPLETION TIME (Makespan / UB): 774
Schedule is valid
 Time taken: 249.05 seconds
[runlim] sample:		249.97 time, 250.01 real, 259 MB, 1.00 load
SAT

=> TOTAL COMPLETION TIME (Makespan / UB): 773
Schedule is valid
 Time taken: 252.26 seconds
SAT

=> TOTAL COMPLETION TIME (Makespan / UB): 772
Schedule is valid
 Time taken: 252.32 seconds
[runlim] sample:		259.97 time, 260.01 real, 185 MB, 1.00 load
SAT

=> TOTAL COMPLETION TIME (Makespan / UB): 771
Schedule is valid
 Time taken: 266.25 seconds
[runlim] sample:		269.97 time, 270.01 real, 186 MB, 1.00 load
SAT

=> TOTAL COMPLETION TIME (Makespan / UB): 770
Schedule is valid
 Time taken: 278.19 seconds
[runlim] sample:		279.96 time, 280.01 real, 186 MB, 1.00 load
[runlim] sample:		289.96 time, 290.01 real, 187 MB, 1.00 load
[runlim] sample:		299.96 time, 300.01 real, 193 MB, 1.00 load
[runlim] sample:		309.96 time, 310.01 real, 185 MB, 1.00 load
[runlim] sample:		319.96 time, 320.01 real, 185 MB, 1.00 load
SAT

=> TOTAL COMPLETION TIME (Makespan / UB): 769
Schedule is valid
 Time taken: 325.66 seconds
[runlim] sample:		329.97 time, 330.01 real, 214 MB, 1.00 load
[runlim] sample:		339.96 time, 340.01 real, 196 MB, 1.00 load
[runlim] sample:		349.96 time, 350.01 real, 195 MB, 1.00 load
[runlim] sample:		359.96 time, 360.01 real, 196 MB, 1.00 load
[runlim] sample:		369.96 time, 370.01 real, 196 MB, 1.00 load
[runlim] sample:		379.95 time, 380.01 real, 182 MB, 1.00 load
[runlim] sample:		389.96 time, 390.01 real, 218 MB, 1.00 load
SAT

=> TOTAL COMPLETION TIME (Makespan / UB): 768
Schedule is valid
 Time taken: 399.61 seconds
[runlim] sample:		399.96 time, 400.01 real, 213 MB, 1.00 load
[runlim] sample:		409.96 time, 410.01 real, 213 MB, 1.00 load
SAT

=> TOTAL COMPLETION TIME (Makespan / UB): 767
Schedule is valid
 Time taken: 416.26 seconds
[runlim] sample:		419.96 time, 420.01 real, 174 MB, 1.00 load
[runlim] sample:		429.95 time, 430.01 real, 210 MB, 1.00 load
[runlim] sample:		439.96 time, 440.01 real, 208 MB, 1.00 load
[runlim] sample:		449.96 time, 450.01 real, 207 MB, 1.00 load
[runlim] sample:		459.96 time, 460.01 real, 207 MB, 1.00 load
[runlim] sample:		469.95 time, 470.01 real, 207 MB, 1.00 load
[runlim] sample:		479.95 time, 480.01 real, 217 MB, 1.00 load
SAT

=> TOTAL COMPLETION TIME (Makespan / UB): 766
Schedule is valid
 Time taken: 484.64 seconds
[runlim] sample:		489.95 time, 490.01 real, 219 MB, 1.00 load
[runlim] sample:		499.95 time, 500.01 real, 219 MB, 1.00 load
[runlim] sample:		509.95 time, 510.01 real, 188 MB, 1.00 load
[runlim] sample:		519.95 time, 520.01 real, 221 MB, 1.00 load
[runlim] sample:		529.95 time, 530.01 real, 221 MB, 1.00 load
[runlim] sample:		539.95 time, 540.01 real, 222 MB, 1.00 load
[runlim] sample:		549.95 time, 550.01 real, 224 MB, 1.00 load
[runlim] sample:		559.95 time, 560.01 real, 225 MB, 1.00 load
SAT

=> TOTAL COMPLETION TIME (Makespan / UB): 765
Schedule is valid
 Time taken: 564.39 seconds
[runlim] sample:		569.95 time, 570.01 real, 188 MB, 1.00 load
[runlim] sample:		579.95 time, 580.01 real, 213 MB, 1.00 load
[runlim] sample:		589.94 time, 590.01 real, 249 MB, 1.00 load
[runlim] sample:		599.95 time, 600.01 real, 249 MB, 1.00 load
[runlim] sample:		609.94 time, 610.01 real, 214 MB, 1.00 load
[runlim] sample:		619.95 time, 620.01 real, 250 MB, 1.00 load
[runlim] sample:		629.94 time, 630.01 real, 251 MB, 1.00 load
[runlim] sample:		639.94 time, 640.01 real, 251 MB, 1.00 load
[runlim] sample:		649.94 time, 650.01 real, 214 MB, 1.00 load
[runlim] sample:		659.94 time, 660.01 real, 253 MB, 1.00 load
[runlim] sample:		669.94 time, 670.01 real, 253 MB, 1.00 load
[runlim] sample:		679.94 time, 680.01 real, 253 MB, 1.00 load
[runlim] sample:		689.94 time, 690.01 real, 250 MB, 1.00 load
[runlim] sample:		699.94 time, 700.01 real, 250 MB, 1.00 load
[runlim] sample:		709.94 time, 710.01 real, 251 MB, 1.00 load
[runlim] sample:		719.94 time, 720.01 real, 251 MB, 1.00 load
[runlim] sample:		729.94 time, 730.01 real, 251 MB, 1.00 load
[runlim] sample:		739.93 time, 740.01 real, 251 MB, 1.00 load
[runlim] sample:		749.93 time, 750.01 real, 251 MB, 1.00 load
[runlim] sample:		759.94 time, 760.01 real, 252 MB, 1.00 load
[runlim] sample:		769.94 time, 770.01 real, 252 MB, 1.00 load
[runlim] sample:		779.93 time, 780.01 real, 252 MB, 1.00 load
[runlim] sample:		789.93 time, 790.01 real, 252 MB, 1.00 load
[runlim] sample:		799.93 time, 800.01 real, 261 MB, 1.00 load
SAT

=> TOTAL COMPLETION TIME (Makespan / UB): 764
Schedule is valid
 Time taken: 800.63 seconds
[runlim] sample:		809.93 time, 810.01 real, 261 MB, 1.00 load
[runlim] sample:		819.93 time, 820.01 real, 258 MB, 1.00 load
[runlim] sample:		829.94 time, 830.01 real, 252 MB, 1.00 load
[runlim] sample:		839.94 time, 840.01 real, 252 MB, 1.00 load
[runlim] sample:		849.94 time, 850.01 real, 252 MB, 1.00 load
[runlim] sample:		859.93 time, 860.01 real, 253 MB, 1.00 load
[runlim] sample:		869.93 time, 870.01 real, 257 MB, 1.00 load
[runlim] sample:		879.93 time, 880.01 real, 257 MB, 1.00 load
[runlim] sample:		889.93 time, 890.01 real, 252 MB, 1.00 load
[runlim] sample:		899.93 time, 900.01 real, 252 MB, 1.00 load
[runlim] sample:		909.92 time, 910.01 real, 254 MB, 1.00 load
[runlim] sample:		919.92 time, 920.01 real, 254 MB, 1.00 load
[runlim] sample:		929.92 time, 930.01 real, 253 MB, 1.00 load
[runlim] sample:		939.92 time, 940.01 real, 253 MB, 1.00 load
[runlim] sample:		949.92 time, 950.01 real, 253 MB, 1.00 load
[runlim] sample:		959.92 time, 960.01 real, 253 MB, 1.00 load
[runlim] sample:		969.93 time, 970.01 real, 254 MB, 1.00 load
[runlim] sample:		979.92 time, 980.01 real, 254 MB, 1.00 load
[runlim] sample:		989.93 time, 990.01 real, 255 MB, 1.00 load
[runlim] sample:		999.93 time, 1000.01 real, 255 MB, 1.00 load
[runlim] sample:		1009.93 time, 1010.01 real, 255 MB, 1.00 load
[runlim] sample:		1019.92 time, 1020.01 real, 255 MB, 1.00 load
[runlim] sample:		1029.92 time, 1030.01 real, 255 MB, 1.00 load
[runlim] sample:		1039.92 time, 1040.01 real, 255 MB, 1.00 load
[runlim] sample:		1049.92 time, 1050.01 real, 259 MB, 1.00 load
[runlim] sample:		1059.91 time, 1060.01 real, 261 MB, 1.00 load
[runlim] sample:		1069.91 time, 1070.01 real, 261 MB, 1.00 load
[runlim] sample:		1079.91 time, 1080.01 real, 258 MB, 1.00 load
[runlim] sample:		1089.91 time, 1090.01 real, 258 MB, 1.00 load
[runlim] sample:		1099.92 time, 1100.01 real, 254 MB, 1.00 load
[runlim] sample:		1109.92 time, 1110.01 real, 254 MB, 1.00 load
[runlim] sample:		1119.91 time, 1120.01 real, 254 MB, 1.00 load
[runlim] sample:		1129.91 time, 1130.01 real, 254 MB, 1.00 load
[runlim] sample:		1139.92 time, 1140.01 real, 254 MB, 1.00 load
[runlim] sample:		1149.91 time, 1150.01 real, 253 MB, 1.00 load
[runlim] sample:		1159.91 time, 1160.01 real, 259 MB, 1.00 load
[runlim] sample:		1169.91 time, 1170.01 real, 259 MB, 1.00 load
[runlim] sample:		1179.91 time, 1180.01 real, 261 MB, 1.00 load
[runlim] sample:		1189.91 time, 1190.01 real, 261 MB, 1.00 load
[runlim] sample:		1199.91 time, 1200.01 real, 264 MB, 1.00 load
[runlim] sample:		1209.91 time, 1210.01 real, 264 MB, 1.00 load
[runlim] sample:		1219.91 time, 1220.01 real, 264 MB, 1.00 load
[runlim] sample:		1229.91 time, 1230.01 real, 257 MB, 1.07 load
[runlim] sample:		1239.91 time, 1240.01 real, 257 MB, 1.06 load
[runlim] sample:		1249.91 time, 1250.01 real, 257 MB, 1.05 load
[runlim] sample:		1259.91 time, 1260.01 real, 257 MB, 1.04 load
[runlim] sample:		1269.90 time, 1270.01 real, 258 MB, 1.04 load
[runlim] sample:		1279.91 time, 1280.01 real, 258 MB, 1.03 load
[runlim] sample:		1289.91 time, 1290.01 real, 258 MB, 1.02 load
[runlim] sample:		1299.90 time, 1300.01 real, 259 MB, 1.02 load
[runlim] sample:		1309.90 time, 1310.01 real, 259 MB, 1.02 load
[runlim] sample:		1319.90 time, 1320.01 real, 259 MB, 1.01 load
[runlim] sample:		1329.91 time, 1330.01 real, 259 MB, 1.01 load
[runlim] sample:		1339.90 time, 1340.01 real, 260 MB, 1.01 load
[runlim] sample:		1349.90 time, 1350.01 real, 260 MB, 1.01 load
[runlim] sample:		1359.90 time, 1360.01 real, 260 MB, 1.01 load
[runlim] sample:		1369.90 time, 1370.01 real, 260 MB, 1.00 load
[runlim] sample:		1379.89 time, 1380.01 real, 260 MB, 1.00 load
[runlim] sample:		1389.89 time, 1390.01 real, 260 MB, 1.00 load
SAT

=> TOTAL COMPLETION TIME (Makespan / UB): 763
Schedule is valid
 Time taken: 1398.32 seconds
[runlim] sample:		1399.89 time, 1400.01 real, 260 MB, 1.00 load
[runlim] sample:		1409.89 time, 1410.01 real, 261 MB, 1.00 load
[runlim] sample:		1419.89 time, 1420.01 real, 261 MB, 1.00 load
[runlim] sample:		1429.89 time, 1430.01 real, 261 MB, 1.00 load
[runlim] sample:		1439.89 time, 1440.01 real, 262 MB, 1.00 load
[runlim] sample:		1449.89 time, 1450.01 real, 262 MB, 1.00 load
[runlim] sample:		1459.89 time, 1460.01 real, 262 MB, 1.00 load
[runlim] sample:		1469.89 time, 1470.01 real, 262 MB, 1.00 load
[runlim] sample:		1479.90 time, 1480.01 real, 262 MB, 1.00 load
[runlim] sample:		1489.89 time, 1490.01 real, 260 MB, 1.00 load
[runlim] sample:		1499.89 time, 1500.01 real, 260 MB, 1.00 load
[runlim] sample:		1509.89 time, 1510.01 real, 260 MB, 1.00 load
[runlim] sample:		1519.89 time, 1520.01 real, 267 MB, 1.00 load
[runlim] sample:		1529.89 time, 1530.01 real, 267 MB, 1.00 load
[runlim] sample:		1539.89 time, 1540.01 real, 267 MB, 1.00 load
[runlim] sample:		1549.89 time, 1550.01 real, 262 MB, 1.00 load
[runlim] sample:		1559.89 time, 1560.01 real, 262 MB, 1.00 load
[runlim] sample:		1569.89 time, 1570.01 real, 262 MB, 1.00 load
[runlim] sample:		1579.89 time, 1580.01 real, 262 MB, 1.00 load
[runlim] sample:		1589.88 time, 1590.01 real, 262 MB, 1.00 load
[runlim] sample:		1599.88 time, 1600.01 real, 262 MB, 1.24 load
[runlim] sample:		1609.88 time, 1610.01 real, 262 MB, 1.20 load
[runlim] sample:		1619.88 time, 1620.01 real, 262 MB, 1.17 load
[runlim] sample:		1629.88 time, 1630.01 real, 263 MB, 1.14 load
[runlim] sample:		1639.88 time, 1640.01 real, 263 MB, 1.12 load
[runlim] sample:		1649.88 time, 1650.01 real, 263 MB, 1.10 load
[runlim] sample:		1659.88 time, 1660.01 real, 263 MB, 1.09 load
[runlim] sample:		1669.88 time, 1670.01 real, 313 MB, 1.07 load
SAT

=> TOTAL COMPLETION TIME (Makespan / UB): 762
Schedule is valid
 Time taken: 1679.44 seconds
[runlim] sample:		1679.88 time, 1680.01 real, 264 MB, 1.06 load
[runlim] sample:		1689.88 time, 1690.01 real, 264 MB, 1.05 load
[runlim] sample:		1699.88 time, 1700.01 real, 269 MB, 1.04 load
[runlim] sample:		1709.88 time, 1710.01 real, 269 MB, 1.04 load
[runlim] sample:		1719.88 time, 1720.01 real, 269 MB, 1.03 load
[runlim] sample:		1729.88 time, 1730.01 real, 269 MB, 1.02 load
[runlim] sample:		1739.88 time, 1740.01 real, 263 MB, 1.02 load
[runlim] sample:		1749.88 time, 1750.01 real, 263 MB, 1.02 load
[runlim] sample:		1759.87 time, 1760.01 real, 267 MB, 1.01 load
[runlim] sample:		1769.87 time, 1770.01 real, 273 MB, 1.01 load
[runlim] sample:		1779.87 time, 1780.01 real, 273 MB, 1.01 load
[runlim] sample:		1789.87 time, 1790.01 real, 273 MB, 1.01 load
[runlim] sample:		1799.87 time, 1800.01 real, 273 MB, 1.01 load
[runlim] sample:		1809.87 time, 1810.01 real, 273 MB, 1.00 load
[runlim] sample:		1819.87 time, 1820.01 real, 270 MB, 1.00 load
[runlim] sample:		1829.87 time, 1830.01 real, 270 MB, 1.00 load
[runlim] sample:		1839.87 time, 1840.01 real, 270 MB, 1.00 load
[runlim] sample:		1849.87 time, 1850.01 real, 270 MB, 1.00 load
[runlim] sample:		1859.87 time, 1860.01 real, 273 MB, 1.00 load
[runlim] sample:		1869.87 time, 1870.01 real, 273 MB, 1.00 load
[runlim] sample:		1879.87 time, 1880.01 real, 273 MB, 1.00 load
[runlim] sample:		1889.87 time, 1890.01 real, 273 MB, 1.00 load
[runlim] sample:		1899.87 time, 1900.01 real, 274 MB, 1.00 load
[runlim] sample:		1909.87 time, 1910.01 real, 275 MB, 1.00 load
[runlim] sample:		1919.87 time, 1920.01 real, 275 MB, 1.00 load
[runlim] sample:		1929.87 time, 1930.01 real, 275 MB, 1.00 load
[runlim] sample:		1939.87 time, 1940.01 real, 275 MB, 1.00 load
[runlim] sample:		1949.87 time, 1950.01 real, 275 MB, 1.00 load
[runlim] sample:		1959.86 time, 1960.01 real, 274 MB, 1.00 load
[runlim] sample:		1969.86 time, 1970.01 real, 274 MB, 1.00 load
[runlim] sample:		1979.87 time, 1980.01 real, 278 MB, 1.00 load
[runlim] sample:		1989.87 time, 1990.01 real, 278 MB, 1.00 load
[runlim] sample:		1999.86 time, 2000.01 real, 278 MB, 1.00 load
[runlim] sample:		2009.86 time, 2010.01 real, 280 MB, 1.00 load
[runlim] sample:		2019.87 time, 2020.01 real, 288 MB, 1.00 load
[runlim] sample:		2029.86 time, 2030.01 real, 279 MB, 1.00 load
[runlim] sample:		2039.86 time, 2040.01 real, 279 MB, 1.00 load
[runlim] sample:		2049.86 time, 2050.01 real, 280 MB, 1.00 load
[runlim] sample:		2059.86 time, 2060.01 real, 280 MB, 1.00 load
[runlim] sample:		2069.85 time, 2070.01 real, 279 MB, 1.00 load
[runlim] sample:		2079.85 time, 2080.01 real, 279 MB, 1.00 load
[runlim] sample:		2089.85 time, 2090.01 real, 279 MB, 1.00 load
[runlim] sample:		2099.86 time, 2100.01 real, 280 MB, 1.00 load
[runlim] sample:		2109.86 time, 2110.01 real, 280 MB, 1.00 load
[runlim] sample:		2119.85 time, 2120.01 real, 288 MB, 1.00 load
[runlim] sample:		2129.85 time, 2130.01 real, 288 MB, 1.00 load
[runlim] sample:		2139.85 time, 2140.01 real, 288 MB, 1.00 load
[runlim] sample:		2149.85 time, 2150.01 real, 288 MB, 1.00 load
[runlim] sample:		2159.85 time, 2160.01 real, 288 MB, 1.00 load
[runlim] sample:		2169.85 time, 2170.01 real, 288 MB, 1.00 load
[runlim] sample:		2179.85 time, 2180.01 real, 288 MB, 1.00 load
[runlim] sample:		2189.85 time, 2190.01 real, 288 MB, 1.00 load
[runlim] sample:		2199.85 time, 2200.01 real, 288 MB, 1.00 load
[runlim] sample:		2209.85 time, 2210.01 real, 283 MB, 1.00 load
[runlim] sample:		2219.85 time, 2220.01 real, 283 MB, 1.00 load
[runlim] sample:		2229.85 time, 2230.01 real, 283 MB, 1.22 load
[runlim] sample:		2239.85 time, 2240.01 real, 283 MB, 1.19 load
[runlim] sample:		2249.85 time, 2250.01 real, 283 MB, 1.16 load
[runlim] sample:		2259.85 time, 2260.01 real, 286 MB, 1.13 load
[runlim] sample:		2269.85 time, 2270.01 real, 287 MB, 1.11 load
[runlim] sample:		2279.85 time, 2280.01 real, 287 MB, 1.09 load
[runlim] sample:		2289.85 time, 2290.01 real, 287 MB, 1.08 load
[runlim] sample:		2299.85 time, 2300.01 real, 287 MB, 1.07 load
[runlim] sample:		2309.85 time, 2310.01 real, 287 MB, 1.06 load
[runlim] sample:		2319.85 time, 2320.01 real, 287 MB, 1.05 load
[runlim] sample:		2329.85 time, 2330.01 real, 287 MB, 1.04 load
[runlim] sample:		2339.85 time, 2340.01 real, 287 MB, 1.03 load
[runlim] sample:		2349.84 time, 2350.01 real, 287 MB, 1.03 load
[runlim] sample:		2359.84 time, 2360.01 real, 287 MB, 1.02 load
[runlim] sample:		2369.85 time, 2370.01 real, 288 MB, 1.02 load
[runlim] sample:		2379.85 time, 2380.01 real, 288 MB, 1.02 load
[runlim] sample:		2389.84 time, 2390.01 real, 288 MB, 1.01 load
[runlim] sample:		2399.84 time, 2400.01 real, 288 MB, 1.01 load
[runlim] sample:		2409.84 time, 2410.01 real, 288 MB, 1.01 load
[runlim] sample:		2419.84 time, 2420.01 real, 289 MB, 1.01 load
[runlim] sample:		2429.84 time, 2430.01 real, 289 MB, 1.00 load
[runlim] sample:		2439.84 time, 2440.01 real, 289 MB, 1.00 load
[runlim] sample:		2449.83 time, 2450.01 real, 289 MB, 1.00 load
[runlim] sample:		2459.83 time, 2460.01 real, 289 MB, 1.00 load
[runlim] sample:		2469.84 time, 2470.01 real, 294 MB, 1.00 load
[runlim] sample:		2479.83 time, 2480.01 real, 294 MB, 1.08 load
[runlim] sample:		2489.83 time, 2490.01 real, 294 MB, 1.07 load
[runlim] sample:		2499.83 time, 2500.01 real, 294 MB, 1.06 load
[runlim] sample:		2509.83 time, 2510.01 real, 294 MB, 1.05 load
[runlim] sample:		2519.83 time, 2520.01 real, 294 MB, 1.04 load
[runlim] sample:		2529.83 time, 2530.01 real, 294 MB, 1.03 load
[runlim] sample:		2539.83 time, 2540.01 real, 295 MB, 1.03 load
[runlim] sample:		2549.83 time, 2550.01 real, 295 MB, 1.02 load
[runlim] sample:		2559.83 time, 2560.01 real, 295 MB, 1.02 load
[runlim] sample:		2569.83 time, 2570.01 real, 295 MB, 1.02 load
[runlim] sample:		2579.83 time, 2580.01 real, 295 MB, 1.01 load
[runlim] sample:		2589.83 time, 2590.01 real, 296 MB, 1.01 load
[runlim] sample:		2599.83 time, 2600.01 real, 296 MB, 1.01 load
[runlim] sample:		2609.83 time, 2610.01 real, 296 MB, 1.01 load
[runlim] sample:		2619.83 time, 2620.01 real, 296 MB, 1.00 load
[runlim] sample:		2629.83 time, 2630.01 real, 296 MB, 1.00 load
[runlim] sample:		2639.83 time, 2640.01 real, 296 MB, 1.00 load
[runlim] sample:		2649.82 time, 2650.01 real, 295 MB, 1.00 load
[runlim] sample:		2659.82 time, 2660.01 real, 295 MB, 1.00 load
[runlim] sample:		2669.82 time, 2670.01 real, 295 MB, 1.00 load
[runlim] sample:		2679.82 time, 2680.01 real, 297 MB, 1.00 load
[runlim] sample:		2689.82 time, 2690.01 real, 297 MB, 1.00 load
[runlim] sample:		2699.82 time, 2700.01 real, 297 MB, 1.00 load
[runlim] sample:		2709.82 time, 2710.01 real, 298 MB, 1.00 load
[runlim] sample:		2719.82 time, 2720.01 real, 298 MB, 1.00 load
[runlim] sample:		2729.82 time, 2730.01 real, 298 MB, 1.00 load
[runlim] sample:		2739.82 time, 2740.01 real, 298 MB, 1.00 load
[runlim] sample:		2749.82 time, 2750.01 real, 298 MB, 1.00 load
[runlim] sample:		2759.82 time, 2760.01 real, 298 MB, 1.00 load
[runlim] sample:		2769.81 time, 2770.01 real, 298 MB, 1.00 load
[runlim] sample:		2779.81 time, 2780.01 real, 298 MB, 1.00 load
[runlim] sample:		2789.81 time, 2790.01 real, 298 MB, 1.00 load
[runlim] sample:		2799.81 time, 2800.01 real, 298 MB, 1.00 load
[runlim] sample:		2809.81 time, 2810.01 real, 298 MB, 1.00 load
[runlim] sample:		2819.82 time, 2820.01 real, 299 MB, 1.00 load
[runlim] sample:		2829.81 time, 2830.01 real, 299 MB, 1.00 load
[runlim] sample:		2839.81 time, 2840.01 real, 299 MB, 1.00 load
[runlim] sample:		2849.81 time, 2850.01 real, 299 MB, 1.00 load
[runlim] sample:		2859.81 time, 2860.01 real, 299 MB, 1.00 load
[runlim] sample:		2869.81 time, 2870.01 real, 299 MB, 1.08 load
[runlim] sample:		2879.81 time, 2880.01 real, 299 MB, 1.07 load
[runlim] sample:		2889.81 time, 2890.01 real, 299 MB, 1.06 load
[runlim] sample:		2899.81 time, 2900.01 real, 299 MB, 1.05 load
[runlim] sample:		2909.81 time, 2910.01 real, 304 MB, 1.04 load
[runlim] sample:		2919.81 time, 2920.01 real, 304 MB, 1.03 load
[runlim] sample:		2929.81 time, 2930.01 real, 305 MB, 1.03 load
[runlim] sample:		2939.81 time, 2940.01 real, 305 MB, 1.02 load
[runlim] sample:		2949.81 time, 2950.01 real, 305 MB, 1.02 load
[runlim] sample:		2959.80 time, 2960.01 real, 307 MB, 1.02 load
[runlim] sample:		2969.80 time, 2970.01 real, 307 MB, 1.01 load
[runlim] sample:		2979.80 time, 2980.01 real, 307 MB, 1.01 load
[runlim] sample:		2989.80 time, 2990.01 real, 321 MB, 1.01 load
[runlim] sample:		2999.80 time, 3000.01 real, 321 MB, 1.01 load
[runlim] sample:		3009.80 time, 3010.01 real, 321 MB, 1.00 load
[runlim] sample:		3019.80 time, 3020.01 real, 312 MB, 1.00 load
[runlim] sample:		3029.80 time, 3030.01 real, 312 MB, 1.00 load
[runlim] sample:		3039.80 time, 3040.01 real, 312 MB, 1.00 load
[runlim] sample:		3049.80 time, 3050.01 real, 316 MB, 1.00 load
[runlim] sample:		3059.80 time, 3060.01 real, 316 MB, 1.00 load
[runlim] sample:		3069.80 time, 3070.01 real, 316 MB, 1.00 load
[runlim] sample:		3079.80 time, 3080.01 real, 316 MB, 1.00 load
[runlim] sample:		3089.79 time, 3090.01 real, 308 MB, 1.00 load
[runlim] sample:		3099.79 time, 3100.01 real, 308 MB, 1.00 load
[runlim] sample:		3109.79 time, 3110.01 real, 308 MB, 1.00 load
[runlim] sample:		3119.80 time, 3120.01 real, 301 MB, 1.00 load
[runlim] sample:		3129.80 time, 3130.01 real, 301 MB, 1.00 load
[runlim] sample:		3139.80 time, 3140.01 real, 301 MB, 1.00 load
[runlim] sample:		3149.80 time, 3150.01 real, 305 MB, 1.00 load
[runlim] sample:		3159.80 time, 3160.01 real, 305 MB, 1.00 load
[runlim] sample:		3169.80 time, 3170.01 real, 305 MB, 1.00 load
[runlim] sample:		3179.79 time, 3180.01 real, 302 MB, 1.00 load
[runlim] sample:		3189.79 time, 3190.01 real, 302 MB, 1.00 load
[runlim] sample:		3199.79 time, 3200.01 real, 302 MB, 1.00 load
[runlim] sample:		3209.79 time, 3210.01 real, 303 MB, 1.00 load
[runlim] sample:		3219.79 time, 3220.01 real, 303 MB, 1.00 load
[runlim] sample:		3229.79 time, 3230.01 real, 303 MB, 1.00 load
[runlim] sample:		3239.78 time, 3240.01 real, 307 MB, 1.00 load
[runlim] sample:		3249.78 time, 3250.01 real, 307 MB, 1.00 load
[runlim] sample:		3259.78 time, 3260.01 real, 307 MB, 1.08 load
[runlim] sample:		3269.78 time, 3270.01 real, 307 MB, 1.07 load
[runlim] sample:		3279.79 time, 3280.01 real, 298 MB, 1.06 load
[runlim] sample:		3289.79 time, 3290.01 real, 298 MB, 1.05 load
[runlim] sample:		3299.79 time, 3300.01 real, 298 MB, 1.04 load
[runlim] sample:		3309.78 time, 3310.01 real, 304 MB, 1.03 load
[runlim] sample:		3319.78 time, 3320.01 real, 304 MB, 1.03 load
[runlim] sample:		3329.78 time, 3330.01 real, 304 MB, 1.02 load
[runlim] sample:		3339.78 time, 3340.01 real, 306 MB, 1.02 load
[runlim] sample:		3349.78 time, 3350.01 real, 306 MB, 1.02 load
[runlim] sample:		3359.78 time, 3360.01 real, 306 MB, 1.01 load
[runlim] sample:		3369.77 time, 3370.01 real, 302 MB, 1.01 load
[runlim] sample:		3379.77 time, 3380.01 real, 302 MB, 1.01 load
[runlim] sample:		3389.77 time, 3390.01 real, 302 MB, 1.01 load
[runlim] sample:		3399.77 time, 3400.01 real, 300 MB, 1.00 load
[runlim] sample:		3409.77 time, 3410.01 real, 300 MB, 1.00 load
[runlim] sample:		3419.77 time, 3420.01 real, 300 MB, 1.00 load
[runlim] sample:		3429.77 time, 3430.01 real, 302 MB, 1.00 load
[runlim] sample:		3439.77 time, 3440.01 real, 302 MB, 1.00 load
[runlim] sample:		3449.77 time, 3450.01 real, 302 MB, 1.00 load
[runlim] sample:		3459.77 time, 3460.01 real, 303 MB, 1.00 load
[runlim] sample:		3469.77 time, 3470.01 real, 303 MB, 1.08 load
[runlim] sample:		3479.77 time, 3480.01 real, 303 MB, 1.07 load
[runlim] sample:		3489.77 time, 3490.01 real, 321 MB, 1.06 load
[runlim] sample:		3499.77 time, 3500.01 real, 321 MB, 1.12 load
[runlim] sample:		3509.77 time, 3510.01 real, 321 MB, 1.10 load
[runlim] sample:		3519.77 time, 3520.01 real, 321 MB, 1.09 load
[runlim] sample:		3529.77 time, 3530.01 real, 317 MB, 1.07 load
[runlim] sample:		3539.77 time, 3540.01 real, 317 MB, 1.06 load
[runlim] sample:		3549.77 time, 3550.01 real, 317 MB, 1.05 load
[runlim] sample:		3559.77 time, 3560.01 real, 313 MB, 1.04 load
[runlim] sample:		3569.77 time, 3570.01 real, 313 MB, 1.04 load
[runlim] sample:		3579.77 time, 3580.01 real, 313 MB, 1.03 load
[runlim] sample:		3589.77 time, 3590.01 real, 307 MB, 1.02 load
[runlim] sample:		3599.77 time, 3600.01 real, 307 MB, 1.02 load
[runlim] sample:		3609.77 time, 3610.01 real, 307 MB, 1.02 load
[runlim] sample:		3619.77 time, 3620.01 real, 307 MB, 1.01 load
[runlim] sample:		3629.77 time, 3630.01 real, 312 MB, 1.01 load
[runlim] sample:		3639.76 time, 3640.01 real, 312 MB, 1.01 load
[runlim] sample:		3649.76 time, 3650.01 real, 312 MB, 1.01 load
[runlim] sample:		3659.76 time, 3660.01 real, 313 MB, 1.01 load
[runlim] sample:		3669.76 time, 3670.01 real, 313 MB, 1.00 load
[runlim] sample:		3679.75 time, 3680.01 real, 313 MB, 1.00 load
[runlim] sample:		3689.76 time, 3690.01 real, 313 MB, 1.00 load
[runlim] sample:		3699.75 time, 3700.01 real, 307 MB, 1.00 load
[runlim] sample:		3709.75 time, 3710.01 real, 307 MB, 1.00 load
[runlim] sample:		3719.75 time, 3720.01 real, 307 MB, 1.00 load
[runlim] sample:		3729.75 time, 3730.01 real, 307 MB, 1.00 load
[runlim] sample:		3739.75 time, 3740.01 real, 307 MB, 1.00 load
[runlim] sample:		3749.75 time, 3750.01 real, 307 MB, 1.00 load
[runlim] sample:		3759.75 time, 3760.01 real, 307 MB, 1.00 load
[runlim] sample:		3769.75 time, 3770.01 real, 308 MB, 1.00 load
[runlim] sample:		3779.75 time, 3780.01 real, 308 MB, 1.00 load
[runlim] sample:		3789.75 time, 3790.01 real, 308 MB, 1.00 load
[runlim] sample:		3799.75 time, 3800.01 real, 308 MB, 1.00 load
[runlim] sample:		3809.75 time, 3810.01 real, 319 MB, 1.00 load
[runlim] sample:		3819.75 time, 3820.01 real, 319 MB, 1.00 load
[runlim] sample:		3829.75 time, 3830.01 real, 319 MB, 1.00 load
[runlim] sample:		3839.75 time, 3840.01 real, 319 MB, 1.00 load
[runlim] sample:		3849.75 time, 3850.01 real, 321 MB, 1.00 load
[runlim] sample:		3859.75 time, 3860.01 real, 321 MB, 1.00 load
[runlim] sample:		3869.75 time, 3870.01 real, 321 MB, 1.00 load
[runlim] sample:		3879.75 time, 3880.01 real, 321 MB, 1.00 load
[runlim] sample:		3889.75 time, 3890.01 real, 321 MB, 1.00 load
[runlim] sample:		3899.75 time, 3900.01 real, 321 MB, 1.00 load
[runlim] sample:		3909.75 time, 3910.01 real, 321 MB, 1.00 load
[runlim] sample:		3919.74 time, 3920.01 real, 321 MB, 1.00 load
[runlim] sample:		3929.74 time, 3930.01 real, 321 MB, 1.00 load
[runlim] sample:		3939.74 time, 3940.01 real, 321 MB, 1.00 load
[runlim] sample:		3949.74 time, 3950.01 real, 321 MB, 1.00 load
[runlim] sample:		3959.74 time, 3960.01 real, 321 MB, 1.00 load
[runlim] sample:		3969.74 time, 3970.01 real, 321 MB, 1.00 load
[runlim] sample:		3979.74 time, 3980.01 real, 321 MB, 1.00 load
[runlim] sample:		3989.74 time, 3990.01 real, 321 MB, 1.00 load
[runlim] sample:		3999.74 time, 4000.01 real, 323 MB, 1.00 load
[runlim] sample:		4009.74 time, 4010.01 real, 323 MB, 1.00 load
[runlim] sample:		4019.74 time, 4020.01 real, 323 MB, 1.00 load
[runlim] sample:		4029.74 time, 4030.01 real, 323 MB, 1.00 load
[runlim] sample:		4039.74 time, 4040.01 real, 323 MB, 1.00 load
[runlim] sample:		4049.74 time, 4050.01 real, 323 MB, 1.00 load
[runlim] sample:		4059.74 time, 4060.01 real, 323 MB, 1.00 load
[runlim] sample:		4069.74 time, 4070.01 real, 323 MB, 1.08 load
[runlim] sample:		4079.74 time, 4080.01 real, 323 MB, 1.07 load
[runlim] sample:		4089.74 time, 4090.01 real, 323 MB, 1.06 load
[runlim] sample:		4099.73 time, 4100.01 real, 332 MB, 1.05 load
[runlim] sample:		4109.73 time, 4110.01 real, 332 MB, 1.04 load
[runlim] sample:		4119.73 time, 4120.01 real, 332 MB, 1.03 load
[runlim] sample:		4129.73 time, 4130.01 real, 332 MB, 1.03 load
[runlim] sample:		4139.73 time, 4140.01 real, 332 MB, 1.02 load
[runlim] sample:		4149.73 time, 4150.01 real, 332 MB, 1.02 load
[runlim] sample:		4159.73 time, 4160.01 real, 332 MB, 1.02 load
[runlim] sample:		4169.73 time, 4170.01 real, 332 MB, 1.01 load
[runlim] sample:		4179.72 time, 4180.01 real, 332 MB, 1.01 load
[runlim] sample:		4189.72 time, 4190.01 real, 332 MB, 1.01 load
[runlim] sample:		4199.72 time, 4200.01 real, 332 MB, 1.01 load
[runlim] sample:		4209.72 time, 4210.01 real, 332 MB, 1.00 load
[runlim] sample:		4219.72 time, 4220.01 real, 332 MB, 1.00 load
[runlim] sample:		4229.72 time, 4230.01 real, 332 MB, 1.00 load
[runlim] sample:		4239.73 time, 4240.01 real, 332 MB, 1.00 load
[runlim] sample:		4249.72 time, 4250.01 real, 332 MB, 1.00 load
[runlim] sample:		4259.72 time, 4260.01 real, 332 MB, 1.00 load
[runlim] sample:		4269.72 time, 4270.01 real, 332 MB, 1.00 load
[runlim] sample:		4279.72 time, 4280.01 real, 332 MB, 1.00 load
[runlim] sample:		4289.72 time, 4290.01 real, 332 MB, 1.00 load
[runlim] sample:		4299.72 time, 4300.01 real, 332 MB, 1.00 load
[runlim] sample:		4309.72 time, 4310.01 real, 332 MB, 1.00 load
[runlim] sample:		4319.72 time, 4320.01 real, 332 MB, 1.00 load
[runlim] sample:		4329.72 time, 4330.01 real, 334 MB, 1.00 load
[runlim] sample:		4339.72 time, 4340.01 real, 334 MB, 1.00 load
[runlim] sample:		4349.72 time, 4350.01 real, 334 MB, 1.00 load
[runlim] sample:		4359.72 time, 4360.01 real, 334 MB, 1.00 load
[runlim] sample:		4369.72 time, 4370.01 real, 334 MB, 1.00 load
[runlim] sample:		4379.72 time, 4380.01 real, 334 MB, 1.07 load
[runlim] sample:		4389.72 time, 4390.01 real, 334 MB, 1.06 load
[runlim] sample:		4399.72 time, 4400.01 real, 334 MB, 1.05 load
[runlim] sample:		4409.71 time, 4410.01 real, 334 MB, 1.04 load
[runlim] sample:		4419.72 time, 4420.01 real, 342 MB, 1.04 load
[runlim] sample:		4429.72 time, 4430.01 real, 342 MB, 1.03 load
[runlim] sample:		4439.72 time, 4440.01 real, 342 MB, 1.02 load
[runlim] sample:		4449.72 time, 4450.01 real, 342 MB, 1.02 load
[runlim] sample:		4459.72 time, 4460.01 real, 342 MB, 1.02 load
[runlim] sample:		4469.72 time, 4470.01 real, 342 MB, 1.01 load
[runlim] sample:		4479.72 time, 4480.01 real, 342 MB, 1.01 load
[runlim] sample:		4489.71 time, 4490.01 real, 342 MB, 1.01 load
[runlim] sample:		4499.71 time, 4500.01 real, 343 MB, 1.01 load
[runlim] sample:		4509.71 time, 4510.01 real, 343 MB, 1.01 load
[runlim] sample:		4519.71 time, 4520.01 real, 343 MB, 1.00 load
[runlim] sample:		4529.71 time, 4530.01 real, 343 MB, 1.00 load
[runlim] sample:		4539.71 time, 4540.01 real, 343 MB, 1.00 load
[runlim] sample:		4549.71 time, 4550.01 real, 343 MB, 1.00 load
[runlim] sample:		4559.71 time, 4560.01 real, 343 MB, 1.00 load
[runlim] sample:		4569.71 time, 4570.01 real, 343 MB, 1.00 load
[runlim] sample:		4579.71 time, 4580.01 real, 343 MB, 1.00 load
[runlim] sample:		4589.71 time, 4590.01 real, 343 MB, 1.00 load
[runlim] sample:		4599.71 time, 4600.01 real, 343 MB, 1.00 load
[runlim] sample:		4609.70 time, 4610.01 real, 343 MB, 1.00 load
[runlim] sample:		4619.70 time, 4620.01 real, 343 MB, 1.00 load
[runlim] sample:		4629.70 time, 4630.01 real, 343 MB, 1.00 load
[runlim] sample:		4639.70 time, 4640.01 real, 343 MB, 1.00 load
[runlim] sample:		4649.70 time, 4650.01 real, 343 MB, 1.00 load
[runlim] sample:		4659.70 time, 4660.01 real, 343 MB, 1.00 load
[runlim] sample:		4669.70 time, 4670.01 real, 344 MB, 1.16 load
[runlim] sample:		4679.70 time, 4680.01 real, 344 MB, 1.13 load
[runlim] sample:		4689.70 time, 4690.01 real, 344 MB, 1.11 load
[runlim] sample:		4699.70 time, 4700.01 real, 344 MB, 1.10 load
[runlim] sample:		4709.70 time, 4710.01 real, 344 MB, 1.08 load
[runlim] sample:		4719.70 time, 4720.01 real, 344 MB, 1.07 load
[runlim] sample:		4729.70 time, 4730.01 real, 344 MB, 1.30 load
[runlim] sample:		4739.69 time, 4740.01 real, 346 MB, 1.25 load
[runlim] sample:		4749.69 time, 4750.01 real, 346 MB, 1.21 load
[runlim] sample:		4759.69 time, 4760.01 real, 346 MB, 1.18 load
[runlim] sample:		4769.69 time, 4770.01 real, 346 MB, 1.15 load
[runlim] sample:		4779.69 time, 4780.01 real, 346 MB, 1.13 load
[runlim] sample:		4789.69 time, 4790.01 real, 346 MB, 1.11 load
[runlim] sample:		4799.69 time, 4800.01 real, 346 MB, 1.09 load
[runlim] sample:		4809.69 time, 4810.01 real, 346 MB, 1.08 load
[runlim] sample:		4819.69 time, 4820.01 real, 346 MB, 1.06 load
[runlim] sample:		4829.69 time, 4830.01 real, 346 MB, 1.05 load
[runlim] sample:		4839.69 time, 4840.01 real, 346 MB, 1.05 load
[runlim] sample:		4849.69 time, 4850.01 real, 346 MB, 1.04 load
[runlim] sample:		4859.69 time, 4860.01 real, 346 MB, 1.03 load
[runlim] sample:		4869.69 time, 4870.01 real, 346 MB, 1.03 load
[runlim] sample:		4879.69 time, 4880.01 real, 346 MB, 1.02 load
[runlim] sample:		4889.69 time, 4890.01 real, 346 MB, 1.02 load
[runlim] sample:		4899.69 time, 4900.01 real, 346 MB, 1.02 load
[runlim] sample:		4909.69 time, 4910.01 real, 346 MB, 1.01 load
[runlim] sample:		4919.69 time, 4920.01 real, 346 MB, 1.01 load
[runlim] sample:		4929.68 time, 4930.01 real, 346 MB, 1.01 load
[runlim] sample:		4939.68 time, 4940.01 real, 346 MB, 1.01 load
[runlim] sample:		4949.69 time, 4950.01 real, 346 MB, 1.00 load
[runlim] sample:		4959.68 time, 4960.01 real, 346 MB, 1.00 load
[runlim] sample:		4969.68 time, 4970.01 real, 346 MB, 1.00 load
[runlim] sample:		4979.68 time, 4980.01 real, 346 MB, 1.00 load
[runlim] sample:		4989.68 time, 4990.01 real, 346 MB, 1.00 load
[runlim] sample:		4999.68 time, 5000.01 real, 346 MB, 1.00 load
[runlim] sample:		5009.68 time, 5010.01 real, 346 MB, 1.00 load
[runlim] sample:		5019.68 time, 5020.01 real, 346 MB, 1.00 load
[runlim] sample:		5029.68 time, 5030.01 real, 348 MB, 1.00 load
[runlim] sample:		5039.68 time, 5040.01 real, 348 MB, 1.00 load
[runlim] sample:		5049.68 time, 5050.01 real, 348 MB, 1.00 load
[runlim] sample:		5059.67 time, 5060.01 real, 348 MB, 1.00 load
[runlim] sample:		5069.67 time, 5070.01 real, 348 MB, 1.00 load
[runlim] sample:		5079.67 time, 5080.01 real, 348 MB, 1.00 load
[runlim] sample:		5089.67 time, 5090.01 real, 350 MB, 1.00 load
[runlim] sample:		5099.67 time, 5100.01 real, 350 MB, 1.00 load
[runlim] sample:		5109.67 time, 5110.01 real, 350 MB, 1.00 load
[runlim] sample:		5119.67 time, 5120.01 real, 350 MB, 1.00 load
[runlim] sample:		5129.67 time, 5130.01 real, 350 MB, 1.00 load
[runlim] sample:		5139.67 time, 5140.01 real, 350 MB, 1.00 load
[runlim] sample:		5149.67 time, 5150.01 real, 350 MB, 1.00 load
[runlim] sample:		5159.67 time, 5160.01 real, 350 MB, 1.00 load
[runlim] sample:		5169.67 time, 5170.01 real, 350 MB, 1.00 load
[runlim] sample:		5179.67 time, 5180.01 real, 350 MB, 1.00 load
[runlim] sample:		5189.67 time, 5190.01 real, 350 MB, 1.00 load
[runlim] sample:		5199.67 time, 5200.01 real, 350 MB, 1.00 load
[runlim] sample:		5209.67 time, 5210.01 real, 350 MB, 1.00 load
[runlim] sample:		5219.67 time, 5220.01 real, 350 MB, 1.00 load
[runlim] sample:		5229.67 time, 5230.01 real, 350 MB, 1.00 load
[runlim] sample:		5239.67 time, 5240.01 real, 350 MB, 1.00 load
[runlim] sample:		5249.67 time, 5250.01 real, 350 MB, 1.00 load
[runlim] sample:		5259.67 time, 5260.01 real, 350 MB, 1.00 load
[runlim] sample:		5269.67 time, 5270.01 real, 350 MB, 1.00 load
[runlim] sample:		5279.67 time, 5280.01 real, 350 MB, 1.00 load
[runlim] sample:		5289.66 time, 5290.01 real, 350 MB, 1.00 load
[runlim] sample:		5299.66 time, 5300.01 real, 350 MB, 1.00 load
[runlim] sample:		5309.66 time, 5310.01 real, 350 MB, 1.00 load
[runlim] sample:		5319.66 time, 5320.01 real, 351 MB, 1.00 load
[runlim] sample:		5329.66 time, 5330.01 real, 351 MB, 1.00 load
[runlim] sample:		5339.66 time, 5340.01 real, 351 MB, 1.00 load
[runlim] sample:		5349.66 time, 5350.01 real, 351 MB, 1.00 load
[runlim] sample:		5359.66 time, 5360.01 real, 351 MB, 1.00 load
[runlim] sample:		5369.66 time, 5370.01 real, 351 MB, 1.00 load
[runlim] sample:		5379.66 time, 5380.01 real, 351 MB, 1.00 load
[runlim] sample:		5389.66 time, 5390.01 real, 351 MB, 1.00 load
[runlim] sample:		5399.66 time, 5400.01 real, 351 MB, 1.00 load
[runlim] sample:		5409.66 time, 5410.01 real, 351 MB, 1.00 load
[runlim] sample:		5419.65 time, 5420.01 real, 353 MB, 1.00 load
[runlim] sample:		5429.65 time, 5430.01 real, 353 MB, 1.00 load
[runlim] sample:		5439.65 time, 5440.01 real, 353 MB, 1.00 load
[runlim] sample:		5449.65 time, 5450.01 real, 360 MB, 1.00 load
[runlim] sample:		5459.65 time, 5460.01 real, 360 MB, 1.00 load
[runlim] sample:		5469.65 time, 5470.01 real, 360 MB, 1.00 load
[runlim] sample:		5479.65 time, 5480.01 real, 360 MB, 1.00 load
[runlim] sample:		5489.65 time, 5490.01 real, 360 MB, 1.00 load
[runlim] sample:		5499.64 time, 5500.01 real, 360 MB, 1.00 load
[runlim] sample:		5509.65 time, 5510.01 real, 360 MB, 1.00 load
[runlim] sample:		5519.65 time, 5520.01 real, 360 MB, 1.00 load
[runlim] sample:		5529.65 time, 5530.01 real, 360 MB, 1.00 load
[runlim] sample:		5539.65 time, 5540.01 real, 360 MB, 1.00 load
[runlim] sample:		5549.65 time, 5550.01 real, 360 MB, 1.00 load
[runlim] sample:		5559.65 time, 5560.01 real, 360 MB, 1.00 load
[runlim] sample:		5569.65 time, 5570.01 real, 360 MB, 1.00 load
[runlim] sample:		5579.65 time, 5580.01 real, 360 MB, 1.00 load
[runlim] sample:		5589.65 time, 5590.01 real, 360 MB, 1.00 load
[runlim] sample:		5599.64 time, 5600.01 real, 360 MB, 1.00 load
[runlim] sample:		5609.65 time, 5610.01 real, 360 MB, 1.07 load
[runlim] sample:		5619.65 time, 5620.01 real, 360 MB, 1.06 load
[runlim] sample:		5629.64 time, 5630.01 real, 360 MB, 1.05 load
[runlim] sample:		5639.64 time, 5640.01 real, 360 MB, 1.04 load
[runlim] sample:		5649.64 time, 5650.01 real, 360 MB, 1.04 load
[runlim] sample:		5659.64 time, 5660.01 real, 360 MB, 1.03 load
[runlim] sample:		5669.64 time, 5670.01 real, 360 MB, 1.02 load
[runlim] sample:		5679.64 time, 5680.01 real, 360 MB, 1.02 load
[runlim] sample:		5689.64 time, 5690.01 real, 360 MB, 1.02 load
[runlim] sample:		5699.64 time, 5700.01 real, 360 MB, 1.01 load
[runlim] sample:		5709.63 time, 5710.01 real, 361 MB, 1.01 load
[runlim] sample:		5719.63 time, 5720.01 real, 361 MB, 1.01 load
[runlim] sample:		5729.63 time, 5730.01 real, 361 MB, 1.01 load
[runlim] sample:		5739.63 time, 5740.01 real, 361 MB, 1.01 load
[runlim] sample:		5749.63 time, 5750.01 real, 361 MB, 1.00 load
[runlim] sample:		5759.63 time, 5760.01 real, 361 MB, 1.00 load
[runlim] sample:		5769.63 time, 5770.01 real, 361 MB, 1.00 load
[runlim] sample:		5779.63 time, 5780.01 real, 361 MB, 1.00 load
[runlim] sample:		5789.63 time, 5790.01 real, 361 MB, 1.00 load
[runlim] sample:		5799.63 time, 5800.01 real, 361 MB, 1.00 load
[runlim] sample:		5809.63 time, 5810.01 real, 362 MB, 1.00 load
[runlim] sample:		5819.63 time, 5820.01 real, 363 MB, 1.00 load
[runlim] sample:		5829.63 time, 5830.01 real, 363 MB, 1.00 load
[runlim] sample:		5839.63 time, 5840.01 real, 363 MB, 1.00 load
[runlim] sample:		5849.63 time, 5850.01 real, 363 MB, 1.00 load
[runlim] sample:		5859.63 time, 5860.01 real, 363 MB, 1.00 load
[runlim] sample:		5869.63 time, 5870.01 real, 363 MB, 1.00 load
[runlim] sample:		5879.63 time, 5880.01 real, 363 MB, 1.00 load
[runlim] sample:		5889.63 time, 5890.01 real, 363 MB, 1.00 load
[runlim] sample:		5899.63 time, 5900.01 real, 363 MB, 1.00 load
[runlim] sample:		5909.62 time, 5910.01 real, 363 MB, 1.00 load
[runlim] sample:		5919.62 time, 5920.01 real, 363 MB, 1.00 load
[runlim] sample:		5929.62 time, 5930.01 real, 363 MB, 1.00 load
[runlim] sample:		5939.62 time, 5940.01 real, 363 MB, 1.00 load
[runlim] sample:		5949.62 time, 5950.01 real, 363 MB, 1.00 load
[runlim] sample:		5959.62 time, 5960.01 real, 363 MB, 1.00 load
[runlim] sample:		5969.62 time, 5970.01 real, 363 MB, 1.00 load
[runlim] sample:		5979.62 time, 5980.01 real, 363 MB, 1.00 load
[runlim] sample:		5989.62 time, 5990.01 real, 363 MB, 1.00 load
[runlim] sample:		5999.62 time, 6000.01 real, 364 MB, 1.00 load
[runlim] sample:		6009.62 time, 6010.01 real, 364 MB, 1.00 load
[runlim] sample:		6019.62 time, 6020.01 real, 364 MB, 1.00 load
[runlim] sample:		6029.62 time, 6030.01 real, 364 MB, 1.00 load
[runlim] sample:		6039.62 time, 6040.01 real, 364 MB, 1.00 load
[runlim] sample:		6049.62 time, 6050.01 real, 364 MB, 1.00 load
[runlim] sample:		6059.62 time, 6060.01 real, 364 MB, 1.00 load
[runlim] sample:		6069.62 time, 6070.01 real, 364 MB, 1.00 load
[runlim] sample:		6079.61 time, 6080.01 real, 364 MB, 1.00 load
[runlim] sample:		6089.61 time, 6090.01 real, 364 MB, 1.00 load
[runlim] sample:		6099.61 time, 6100.01 real, 364 MB, 1.00 load
[runlim] sample:		6109.61 time, 6110.01 real, 364 MB, 1.00 load
[runlim] sample:		6119.61 time, 6120.01 real, 364 MB, 1.00 load
[runlim] sample:		6129.61 time, 6130.01 real, 364 MB, 1.00 load
[runlim] sample:		6139.61 time, 6140.01 real, 364 MB, 1.00 load
[runlim] sample:		6149.60 time, 6150.01 real, 364 MB, 1.00 load
[runlim] sample:		6159.60 time, 6160.01 real, 364 MB, 1.00 load
[runlim] sample:		6169.60 time, 6170.01 real, 364 MB, 1.00 load
[runlim] sample:		6179.60 time, 6180.01 real, 364 MB, 1.00 load
[runlim] sample:		6189.60 time, 6190.01 real, 364 MB, 1.00 load
[runlim] sample:		6199.61 time, 6200.01 real, 364 MB, 1.00 load
[runlim] sample:		6209.61 time, 6210.01 real, 364 MB, 1.00 load
[runlim] sample:		6219.60 time, 6220.01 real, 366 MB, 1.00 load
[runlim] sample:		6229.60 time, 6230.01 real, 366 MB, 1.00 load
[runlim] sample:		6239.60 time, 6240.01 real, 366 MB, 1.00 load
[runlim] sample:		6249.60 time, 6250.01 real, 366 MB, 1.00 load
[runlim] sample:		6259.60 time, 6260.01 real, 366 MB, 1.00 load
[runlim] sample:		6269.60 time, 6270.01 real, 366 MB, 1.00 load
[runlim] sample:		6279.60 time, 6280.01 real, 366 MB, 1.00 load
[runlim] sample:		6289.60 time, 6290.01 real, 366 MB, 1.00 load
[runlim] sample:		6299.60 time, 6300.01 real, 366 MB, 1.00 load
[runlim] sample:		6309.59 time, 6310.01 real, 366 MB, 1.00 load
[runlim] sample:		6319.60 time, 6320.01 real, 365 MB, 1.00 load
[runlim] sample:		6329.60 time, 6330.01 real, 365 MB, 1.00 load
[runlim] sample:		6339.60 time, 6340.01 real, 365 MB, 1.08 load
[runlim] sample:		6349.60 time, 6350.01 real, 365 MB, 1.07 load
[runlim] sample:		6359.60 time, 6360.01 real, 365 MB, 1.06 load
[runlim] sample:		6369.60 time, 6370.01 real, 365 MB, 1.05 load
[runlim] sample:		6379.59 time, 6380.01 real, 365 MB, 1.04 load
[runlim] sample:		6389.59 time, 6390.01 real, 365 MB, 1.03 load
[runlim] sample:		6399.59 time, 6400.01 real, 365 MB, 1.03 load
[runlim] sample:		6409.59 time, 6410.01 real, 365 MB, 1.02 load
[runlim] sample:		6419.60 time, 6420.01 real, 365 MB, 1.02 load
[runlim] sample:		6429.60 time, 6430.01 real, 365 MB, 1.02 load
[runlim] sample:		6439.59 time, 6440.01 real, 365 MB, 1.01 load
[runlim] sample:		6449.59 time, 6450.01 real, 365 MB, 1.01 load
[runlim] sample:		6459.59 time, 6460.01 real, 365 MB, 1.01 load
[runlim] sample:		6469.59 time, 6470.01 real, 365 MB, 1.01 load
[runlim] sample:		6479.59 time, 6480.01 real, 365 MB, 1.00 load
[runlim] sample:		6489.59 time, 6490.01 real, 365 MB, 1.00 load
[runlim] sample:		6499.59 time, 6500.01 real, 365 MB, 1.00 load
[runlim] sample:		6509.59 time, 6510.01 real, 365 MB, 1.00 load
[runlim] sample:		6519.59 time, 6520.01 real, 365 MB, 1.00 load
[runlim] sample:		6529.59 time, 6530.01 real, 366 MB, 1.00 load
[runlim] sample:		6539.58 time, 6540.01 real, 366 MB, 1.00 load
[runlim] sample:		6549.58 time, 6550.01 real, 366 MB, 1.00 load
[runlim] sample:		6559.58 time, 6560.01 real, 366 MB, 1.00 load
[runlim] sample:		6569.58 time, 6570.01 real, 366 MB, 1.00 load
[runlim] sample:		6579.58 time, 6580.01 real, 366 MB, 1.00 load
[runlim] sample:		6589.58 time, 6590.01 real, 379 MB, 1.00 load
[runlim] sample:		6599.58 time, 6600.01 real, 379 MB, 1.00 load
[runlim] sample:		6609.58 time, 6610.01 real, 379 MB, 1.00 load
[runlim] sample:		6619.58 time, 6620.01 real, 379 MB, 1.00 load
[runlim] sample:		6629.58 time, 6630.01 real, 379 MB, 1.00 load
[runlim] sample:		6639.58 time, 6640.01 real, 367 MB, 1.00 load
[runlim] sample:		6649.58 time, 6650.01 real, 367 MB, 1.00 load
[runlim] sample:		6659.58 time, 6660.01 real, 367 MB, 1.00 load
[runlim] sample:		6669.58 time, 6670.01 real, 367 MB, 1.00 load
[runlim] sample:		6679.58 time, 6680.01 real, 367 MB, 1.00 load
[runlim] sample:		6689.58 time, 6690.01 real, 367 MB, 1.00 load
[runlim] sample:		6699.57 time, 6700.01 real, 367 MB, 1.00 load
[runlim] sample:		6709.57 time, 6710.01 real, 367 MB, 1.00 load
[runlim] sample:		6719.57 time, 6720.01 real, 367 MB, 1.00 load
[runlim] sample:		6729.57 time, 6730.01 real, 367 MB, 1.00 load
[runlim] sample:		6739.57 time, 6740.01 real, 367 MB, 1.00 load
[runlim] sample:		6749.58 time, 6750.01 real, 366 MB, 1.00 load
[runlim] sample:		6759.58 time, 6760.01 real, 366 MB, 1.00 load
[runlim] sample:		6769.57 time, 6770.01 real, 366 MB, 1.00 load
[runlim] sample:		6779.57 time, 6780.01 real, 366 MB, 1.00 load
[runlim] sample:		6789.57 time, 6790.01 real, 366 MB, 1.00 load
[runlim] sample:		6799.57 time, 6800.01 real, 366 MB, 1.00 load
[runlim] sample:		6809.57 time, 6810.01 real, 366 MB, 1.00 load
[runlim] sample:		6819.57 time, 6820.01 real, 366 MB, 1.00 load
[runlim] sample:		6829.57 time, 6830.01 real, 366 MB, 1.00 load
[runlim] sample:		6839.57 time, 6840.01 real, 366 MB, 1.00 load
[runlim] sample:		6849.57 time, 6850.01 real, 367 MB, 1.00 load
[runlim] sample:		6859.57 time, 6860.01 real, 367 MB, 1.07 load
[runlim] sample:		6869.56 time, 6870.01 real, 367 MB, 1.06 load
[runlim] sample:		6879.56 time, 6880.01 real, 367 MB, 1.05 load
[runlim] sample:		6889.56 time, 6890.01 real, 367 MB, 1.04 load
[runlim] sample:		6899.56 time, 6900.01 real, 367 MB, 1.04 load
[runlim] sample:		6909.56 time, 6910.01 real, 367 MB, 1.03 load
[runlim] sample:		6919.56 time, 6920.01 real, 367 MB, 1.11 load
[runlim] sample:		6929.56 time, 6930.01 real, 367 MB, 1.09 load
[runlim] sample:		6939.56 time, 6940.01 real, 367 MB, 1.07 load
[runlim] sample:		6949.56 time, 6950.01 real, 367 MB, 1.06 load
[runlim] sample:		6959.56 time, 6960.01 real, 366 MB, 1.05 load
[runlim] sample:		6969.56 time, 6970.01 real, 366 MB, 1.04 load
[runlim] sample:		6979.56 time, 6980.01 real, 366 MB, 1.12 load
[runlim] sample:		6989.56 time, 6990.01 real, 366 MB, 1.10 load
[runlim] sample:		6999.56 time, 7000.01 real, 366 MB, 1.08 load
[runlim] sample:		7009.55 time, 7010.01 real, 366 MB, 1.07 load
[runlim] sample:		7019.55 time, 7020.01 real, 366 MB, 1.06 load
[runlim] sample:		7029.55 time, 7030.01 real, 366 MB, 1.05 load
[runlim] sample:		7039.55 time, 7040.01 real, 366 MB, 1.04 load
[runlim] sample:		7049.55 time, 7050.01 real, 366 MB, 1.03 load
[runlim] sample:		7059.55 time, 7060.01 real, 366 MB, 1.03 load
[runlim] sample:		7069.55 time, 7070.01 real, 368 MB, 1.02 load
[runlim] sample:		7079.55 time, 7080.01 real, 368 MB, 1.02 load
[runlim] sample:		7089.55 time, 7090.01 real, 368 MB, 1.02 load
[runlim] sample:		7099.55 time, 7100.01 real, 368 MB, 1.01 load
[runlim] sample:		7109.55 time, 7110.01 real, 368 MB, 1.01 load
[runlim] sample:		7119.55 time, 7120.01 real, 368 MB, 1.01 load
[runlim] sample:		7129.55 time, 7130.01 real, 368 MB, 1.01 load
[runlim] sample:		7139.55 time, 7140.01 real, 368 MB, 1.01 load
[runlim] sample:		7149.55 time, 7150.01 real, 368 MB, 1.00 load
[runlim] sample:		7159.55 time, 7160.01 real, 368 MB, 1.00 load
[runlim] sample:		7169.55 time, 7170.01 real, 368 MB, 1.00 load
[runlim] sample:		7179.55 time, 7180.01 real, 368 MB, 1.00 load
[runlim] sample:		7189.54 time, 7190.01 real, 368 MB, 1.00 load
[runlim] sample:		7199.55 time, 7200.01 real, 368 MB, 1.00 load
[runlim] sample:		7209.55 time, 7210.01 real, 368 MB, 1.00 load
[runlim] sample:		7219.55 time, 7220.01 real, 368 MB, 1.00 load
[runlim] sample:		7229.54 time, 7230.01 real, 368 MB, 1.00 load
[runlim] sample:		7239.54 time, 7240.01 real, 368 MB, 1.00 load
[runlim] sample:		7249.54 time, 7250.01 real, 368 MB, 1.00 load
[runlim] sample:		7259.54 time, 7260.01 real, 368 MB, 1.00 load
[runlim] sample:		7269.54 time, 7270.01 real, 368 MB, 1.00 load
[runlim] sample:		7279.54 time, 7280.01 real, 368 MB, 1.00 load
[runlim] sample:		7289.54 time, 7290.01 real, 368 MB, 1.00 load
[runlim] sample:		7299.53 time, 7300.01 real, 368 MB, 1.00 load
[runlim] sample:		7309.53 time, 7310.01 real, 368 MB, 1.00 load
[runlim] sample:		7319.53 time, 7320.01 real, 368 MB, 1.00 load
[runlim] sample:		7329.53 time, 7330.01 real, 368 MB, 1.00 load
[runlim] sample:		7339.53 time, 7340.01 real, 368 MB, 1.00 load
[runlim] sample:		7349.53 time, 7350.01 real, 368 MB, 1.00 load
[runlim] sample:		7359.53 time, 7360.01 real, 368 MB, 1.00 load
[runlim] sample:		7369.53 time, 7370.01 real, 368 MB, 1.00 load
[runlim] sample:		7379.53 time, 7380.01 real, 368 MB, 1.00 load
[runlim] sample:		7389.53 time, 7390.01 real, 368 MB, 1.00 load
[runlim] sample:		7399.53 time, 7400.01 real, 368 MB, 1.00 load
[runlim] sample:		7409.53 time, 7410.01 real, 369 MB, 1.00 load
[runlim] sample:		7419.53 time, 7420.01 real, 369 MB, 1.00 load
[runlim] sample:		7429.52 time, 7430.01 real, 369 MB, 1.00 load
[runlim] sample:		7439.52 time, 7440.01 real, 369 MB, 1.00 load
[runlim] sample:		7449.52 time, 7450.01 real, 369 MB, 1.00 load
[runlim] sample:		7459.52 time, 7460.01 real, 369 MB, 1.00 load
[runlim] sample:		7469.52 time, 7470.01 real, 369 MB, 1.00 load
[runlim] sample:		7479.52 time, 7480.01 real, 369 MB, 1.00 load
[runlim] sample:		7489.52 time, 7490.01 real, 369 MB, 1.00 load
[runlim] sample:		7499.52 time, 7500.01 real, 369 MB, 1.00 load
[runlim] sample:		7509.52 time, 7510.01 real, 369 MB, 1.00 load
[runlim] sample:		7519.52 time, 7520.01 real, 361 MB, 1.00 load
[runlim] sample:		7529.52 time, 7530.01 real, 361 MB, 1.00 load
[runlim] sample:		7539.52 time, 7540.01 real, 361 MB, 1.00 load
[runlim] sample:		7549.52 time, 7550.01 real, 361 MB, 1.00 load
[runlim] sample:		7559.52 time, 7560.01 real, 361 MB, 1.00 load
[runlim] sample:		7569.52 time, 7570.01 real, 361 MB, 1.00 load
[runlim] sample:		7579.52 time, 7580.01 real, 361 MB, 1.00 load
[runlim] sample:		7589.52 time, 7590.01 real, 361 MB, 1.00 load
[runlim] sample:		7599.52 time, 7600.01 real, 361 MB, 1.00 load
[runlim] sample:		7609.52 time, 7610.01 real, 361 MB, 1.00 load
[runlim] sample:		7619.52 time, 7620.01 real, 361 MB, 1.00 load
[runlim] sample:		7629.52 time, 7630.01 real, 361 MB, 1.00 load
[runlim] sample:		7639.51 time, 7640.01 real, 369 MB, 1.00 load
[runlim] sample:		7649.51 time, 7650.01 real, 369 MB, 1.00 load
[runlim] sample:		7659.51 time, 7660.01 real, 369 MB, 1.00 load
[runlim] sample:		7669.51 time, 7670.01 real, 369 MB, 1.00 load
[runlim] sample:		7679.51 time, 7680.01 real, 369 MB, 1.00 load
[runlim] sample:		7689.51 time, 7690.01 real, 369 MB, 1.00 load
[runlim] sample:		7699.51 time, 7700.01 real, 379 MB, 1.00 load
[runlim] sample:		7709.51 time, 7710.01 real, 379 MB, 1.00 load
[runlim] sample:		7719.51 time, 7720.01 real, 379 MB, 1.00 load
[runlim] sample:		7729.51 time, 7730.01 real, 379 MB, 1.00 load
[runlim] sample:		7739.51 time, 7740.01 real, 379 MB, 1.00 load
[runlim] sample:		7749.51 time, 7750.01 real, 379 MB, 1.00 load
[runlim] sample:		7759.51 time, 7760.01 real, 382 MB, 1.00 load
[runlim] sample:		7769.51 time, 7770.01 real, 382 MB, 1.00 load
[runlim] sample:		7779.51 time, 7780.01 real, 382 MB, 1.00 load
[runlim] sample:		7789.50 time, 7790.01 real, 382 MB, 1.00 load
[runlim] sample:		7799.50 time, 7800.01 real, 382 MB, 1.00 load
[runlim] sample:		7809.50 time, 7810.01 real, 382 MB, 1.00 load
[runlim] sample:		7819.50 time, 7820.01 real, 373 MB, 1.00 load
[runlim] sample:		7829.50 time, 7830.01 real, 373 MB, 1.00 load
[runlim] sample:		7839.50 time, 7840.01 real, 373 MB, 1.00 load
[runlim] sample:		7849.50 time, 7850.01 real, 373 MB, 1.00 load
[runlim] sample:		7859.50 time, 7860.01 real, 373 MB, 1.00 load
[runlim] sample:		7869.50 time, 7870.01 real, 367 MB, 1.00 load
[runlim] sample:		7879.50 time, 7880.01 real, 367 MB, 1.00 load
[runlim] sample:		7889.50 time, 7890.01 real, 367 MB, 1.00 load
[runlim] sample:		7899.50 time, 7900.01 real, 367 MB, 1.00 load
[runlim] sample:		7909.50 time, 7910.01 real, 367 MB, 1.00 load
[runlim] sample:		7919.50 time, 7920.01 real, 367 MB, 1.00 load
[runlim] sample:		7929.50 time, 7930.01 real, 372 MB, 1.00 load
[runlim] sample:		7939.50 time, 7940.01 real, 372 MB, 1.00 load
[runlim] sample:		7949.50 time, 7950.01 real, 372 MB, 1.00 load
[runlim] sample:		7959.50 time, 7960.01 real, 372 MB, 1.00 load
[runlim] sample:		7969.49 time, 7970.01 real, 372 MB, 1.00 load
[runlim] sample:		7979.49 time, 7980.01 real, 372 MB, 1.08 load
[runlim] sample:		7989.50 time, 7990.01 real, 378 MB, 1.07 load
[runlim] sample:		7999.50 time, 8000.01 real, 378 MB, 1.06 load
[runlim] sample:		8009.50 time, 8010.01 real, 378 MB, 1.05 load
[runlim] sample:		8019.50 time, 8020.01 real, 378 MB, 1.04 load
[runlim] sample:		8029.50 time, 8030.01 real, 361 MB, 1.03 load
[runlim] sample:		8039.49 time, 8040.01 real, 361 MB, 1.03 load
[runlim] sample:		8049.49 time, 8050.01 real, 361 MB, 1.02 load
[runlim] sample:		8059.49 time, 8060.01 real, 361 MB, 1.02 load
[runlim] sample:		8069.49 time, 8070.01 real, 361 MB, 1.02 load
[runlim] sample:		8079.49 time, 8080.01 real, 362 MB, 1.01 load
[runlim] sample:		8089.49 time, 8090.01 real, 362 MB, 1.01 load
[runlim] sample:		8099.49 time, 8100.01 real, 362 MB, 1.01 load
[runlim] sample:		8109.49 time, 8110.01 real, 362 MB, 1.01 load
[runlim] sample:		8119.49 time, 8120.01 real, 362 MB, 1.00 load
[runlim] sample:		8129.49 time, 8130.01 real, 374 MB, 1.00 load
[runlim] sample:		8139.49 time, 8140.01 real, 374 MB, 1.00 load
[runlim] sample:		8149.48 time, 8150.01 real, 374 MB, 1.00 load
[runlim] sample:		8159.48 time, 8160.01 real, 374 MB, 1.00 load
[runlim] sample:		8169.48 time, 8170.01 real, 374 MB, 1.00 load
[runlim] sample:		8179.48 time, 8180.01 real, 374 MB, 1.00 load
[runlim] sample:		8189.49 time, 8190.01 real, 365 MB, 1.00 load
[runlim] sample:		8199.48 time, 8200.01 real, 365 MB, 1.00 load
[runlim] sample:		8209.48 time, 8210.01 real, 365 MB, 1.00 load
[runlim] sample:		8219.48 time, 8220.01 real, 365 MB, 1.00 load
[runlim] sample:		8229.48 time, 8230.01 real, 365 MB, 1.00 load
[runlim] sample:		8239.47 time, 8240.01 real, 366 MB, 1.00 load
[runlim] sample:		8249.48 time, 8250.01 real, 366 MB, 1.00 load
[runlim] sample:		8259.48 time, 8260.01 real, 366 MB, 1.00 load
[runlim] sample:		8269.48 time, 8270.01 real, 366 MB, 1.00 load
[runlim] sample:		8279.48 time, 8280.01 real, 366 MB, 1.00 load
[runlim] sample:		8289.48 time, 8290.01 real, 366 MB, 1.00 load
[runlim] sample:		8299.48 time, 8300.01 real, 372 MB, 1.00 load
[runlim] sample:		8309.48 time, 8310.01 real, 372 MB, 1.00 load
[runlim] sample:		8319.48 time, 8320.01 real, 372 MB, 1.00 load
[runlim] sample:		8329.47 time, 8330.01 real, 372 MB, 1.00 load
[runlim] sample:		8339.47 time, 8340.01 real, 372 MB, 1.00 load
[runlim] sample:		8349.47 time, 8350.01 real, 369 MB, 1.00 load
[runlim] sample:		8359.47 time, 8360.01 real, 369 MB, 1.00 load
[runlim] sample:		8369.47 time, 8370.01 real, 369 MB, 1.00 load
[runlim] sample:		8379.47 time, 8380.01 real, 369 MB, 1.00 load
[runlim] sample:		8389.47 time, 8390.01 real, 369 MB, 1.00 load
[runlim] sample:		8399.47 time, 8400.01 real, 369 MB, 1.00 load
[runlim] sample:		8409.47 time, 8410.01 real, 377 MB, 1.00 load
[runlim] sample:		8419.47 time, 8420.01 real, 377 MB, 1.00 load
[runlim] sample:		8429.47 time, 8430.01 real, 377 MB, 1.00 load
[runlim] sample:		8439.47 time, 8440.01 real, 377 MB, 1.00 load
[runlim] sample:		8449.47 time, 8450.01 real, 377 MB, 1.00 load
[runlim] sample:		8459.46 time, 8460.01 real, 389 MB, 1.00 load
[runlim] sample:		8469.46 time, 8470.01 real, 389 MB, 1.00 load
[runlim] sample:		8479.46 time, 8480.01 real, 389 MB, 1.56 load
[runlim] sample:		8489.46 time, 8490.01 real, 389 MB, 1.47 load
[runlim] sample:		8499.46 time, 8500.01 real, 389 MB, 1.40 load
[runlim] sample:		8509.46 time, 8510.01 real, 389 MB, 1.34 load
[runlim] sample:		8519.46 time, 8520.01 real, 377 MB, 1.29 load
[runlim] sample:		8529.46 time, 8530.01 real, 377 MB, 1.24 load
[runlim] sample:		8539.46 time, 8540.01 real, 377 MB, 1.20 load
[runlim] sample:		8549.46 time, 8550.01 real, 377 MB, 1.17 load
[runlim] sample:		8559.46 time, 8560.01 real, 377 MB, 1.15 load
[runlim] sample:		8569.46 time, 8570.01 real, 377 MB, 1.12 load
[runlim] sample:		8579.46 time, 8580.01 real, 375 MB, 1.10 load
[runlim] sample:		8589.46 time, 8590.01 real, 375 MB, 1.09 load
[runlim] sample:		8599.46 time, 8600.01 real, 375 MB, 1.07 load
[runlim] sample:		8609.46 time, 8610.01 real, 375 MB, 1.06 load
[runlim] sample:		8619.46 time, 8620.01 real, 375 MB, 1.05 load
[runlim] sample:		8629.46 time, 8630.01 real, 375 MB, 1.04 load
[runlim] sample:		8639.46 time, 8640.01 real, 365 MB, 1.04 load
[runlim] sample:		8649.46 time, 8650.01 real, 365 MB, 1.03 load
[runlim] sample:		8659.46 time, 8660.01 real, 365 MB, 1.02 load
[runlim] sample:		8669.46 time, 8670.01 real, 365 MB, 1.02 load
[runlim] sample:		8679.46 time, 8680.01 real, 365 MB, 1.02 load
[runlim] sample:		8689.45 time, 8690.01 real, 390 MB, 1.01 load
[runlim] sample:		8699.45 time, 8700.01 real, 390 MB, 1.01 load
[runlim] sample:		8709.45 time, 8710.01 real, 390 MB, 1.01 load
[runlim] sample:		8719.45 time, 8720.01 real, 390 MB, 1.01 load
[runlim] sample:		8729.45 time, 8730.01 real, 390 MB, 1.01 load
[runlim] sample:		8739.45 time, 8740.01 real, 390 MB, 1.00 load
[runlim] sample:		8749.45 time, 8750.01 real, 396 MB, 1.00 load
[runlim] sample:		8759.45 time, 8760.01 real, 396 MB, 1.00 load
[runlim] sample:		8769.45 time, 8770.01 real, 396 MB, 1.00 load
[runlim] sample:		8779.45 time, 8780.01 real, 396 MB, 1.00 load
[runlim] sample:		8789.45 time, 8790.01 real, 396 MB, 1.00 load
[runlim] sample:		8799.45 time, 8800.01 real, 382 MB, 1.00 load
[runlim] sample:		8809.45 time, 8810.01 real, 382 MB, 1.00 load
[runlim] sample:		8819.44 time, 8820.01 real, 382 MB, 1.00 load
[runlim] sample:		8829.44 time, 8830.01 real, 382 MB, 1.00 load
[runlim] sample:		8839.44 time, 8840.01 real, 382 MB, 1.00 load
[runlim] sample:		8849.45 time, 8850.01 real, 385 MB, 1.00 load
[runlim] sample:		8859.45 time, 8860.01 real, 385 MB, 1.00 load
[runlim] sample:		8869.45 time, 8870.01 real, 385 MB, 1.00 load
[runlim] sample:		8879.45 time, 8880.01 real, 385 MB, 1.00 load
[runlim] sample:		8889.44 time, 8890.01 real, 385 MB, 1.00 load
[runlim] sample:		8899.44 time, 8900.01 real, 385 MB, 1.00 load
[runlim] sample:		8909.44 time, 8910.01 real, 381 MB, 1.00 load
[runlim] sample:		8919.44 time, 8920.01 real, 381 MB, 1.00 load
[runlim] sample:		8929.44 time, 8930.01 real, 381 MB, 1.00 load
[runlim] sample:		8939.44 time, 8940.01 real, 381 MB, 1.00 load
[runlim] sample:		8949.44 time, 8950.01 real, 381 MB, 1.00 load
[runlim] sample:		8959.43 time, 8960.01 real, 374 MB, 1.00 load
[runlim] sample:		8969.43 time, 8970.01 real, 374 MB, 1.00 load
[runlim] sample:		8979.43 time, 8980.01 real, 374 MB, 1.00 load
[runlim] sample:		8989.43 time, 8990.01 real, 374 MB, 1.00 load
[runlim] sample:		8999.43 time, 9000.01 real, 374 MB, 1.00 load
[runlim] sample:		9009.43 time, 9010.01 real, 374 MB, 1.00 load
[runlim] sample:		9019.43 time, 9020.01 real, 377 MB, 1.00 load
[runlim] sample:		9029.43 time, 9030.01 real, 377 MB, 1.00 load
[runlim] sample:		9039.43 time, 9040.01 real, 377 MB, 1.00 load
[runlim] sample:		9049.43 time, 9050.01 real, 377 MB, 1.00 load
[runlim] sample:		9059.43 time, 9060.01 real, 377 MB, 1.00 load
[runlim] sample:		9069.43 time, 9070.01 real, 377 MB, 1.00 load
[runlim] sample:		9079.43 time, 9080.01 real, 373 MB, 1.00 load
[runlim] sample:		9089.43 time, 9090.01 real, 373 MB, 1.00 load
[runlim] sample:		9099.43 time, 9100.01 real, 373 MB, 1.00 load
[runlim] sample:		9109.43 time, 9110.01 real, 373 MB, 1.16 load
[runlim] sample:		9119.43 time, 9120.01 real, 373 MB, 1.13 load
[runlim] sample:		9129.43 time, 9130.01 real, 364 MB, 1.11 load
[runlim] sample:		9139.43 time, 9140.01 real, 364 MB, 1.10 load
[runlim] sample:		9149.43 time, 9150.01 real, 364 MB, 1.08 load
[runlim] sample:		9159.43 time, 9160.01 real, 364 MB, 1.07 load
[runlim] sample:		9169.43 time, 9170.01 real, 364 MB, 1.06 load
[runlim] sample:		9179.43 time, 9180.01 real, 364 MB, 1.05 load
[runlim] sample:		9189.43 time, 9190.01 real, 364 MB, 1.04 load
[runlim] sample:		9199.43 time, 9200.01 real, 364 MB, 1.03 load
[runlim] sample:		9209.43 time, 9210.01 real, 364 MB, 1.03 load
[runlim] sample:		9219.43 time, 9220.01 real, 364 MB, 1.02 load
[runlim] sample:		9229.43 time, 9230.01 real, 364 MB, 1.02 load
[runlim] sample:		9239.42 time, 9240.01 real, 364 MB, 1.02 load
[runlim] sample:		9249.42 time, 9250.01 real, 366 MB, 1.01 load
[runlim] sample:		9259.42 time, 9260.01 real, 366 MB, 1.01 load
[runlim] sample:		9269.42 time, 9270.01 real, 366 MB, 1.01 load
[runlim] sample:		9279.42 time, 9280.01 real, 366 MB, 1.01 load
[runlim] sample:		9289.42 time, 9290.01 real, 366 MB, 1.00 load
[runlim] sample:		9299.41 time, 9300.01 real, 370 MB, 1.00 load
[runlim] sample:		9309.41 time, 9310.01 real, 370 MB, 1.00 load
[runlim] sample:		9319.41 time, 9320.01 real, 370 MB, 1.00 load
[runlim] sample:		9329.41 time, 9330.01 real, 370 MB, 1.00 load
[runlim] sample:		9339.41 time, 9340.01 real, 370 MB, 1.00 load
[runlim] sample:		9349.41 time, 9350.01 real, 370 MB, 1.00 load
[runlim] sample:		9359.41 time, 9360.01 real, 371 MB, 1.00 load
[runlim] sample:		9369.41 time, 9370.01 real, 371 MB, 1.00 load
[runlim] sample:		9379.41 time, 9380.01 real, 371 MB, 1.00 load
[runlim] sample:		9389.41 time, 9390.01 real, 371 MB, 1.00 load
[runlim] sample:		9399.41 time, 9400.01 real, 371 MB, 1.00 load
[runlim] sample:		9409.41 time, 9410.01 real, 371 MB, 1.00 load
[runlim] sample:		9419.41 time, 9420.01 real, 371 MB, 1.00 load
[runlim] sample:		9429.41 time, 9430.01 real, 371 MB, 1.00 load
[runlim] sample:		9439.41 time, 9440.01 real, 374 MB, 1.00 load
[runlim] sample:		9449.41 time, 9450.01 real, 374 MB, 1.00 load
[runlim] sample:		9459.41 time, 9460.01 real, 374 MB, 1.00 load
[runlim] sample:		9469.41 time, 9470.01 real, 374 MB, 1.08 load
[runlim] sample:		9479.41 time, 9480.01 real, 374 MB, 1.15 load
[runlim] sample:		9489.41 time, 9490.01 real, 374 MB, 1.12 load
[runlim] sample:		9499.41 time, 9500.01 real, 368 MB, 1.10 load
[runlim] sample:		9509.41 time, 9510.01 real, 368 MB, 1.09 load
[runlim] sample:		9519.41 time, 9520.01 real, 368 MB, 1.07 load
[runlim] sample:		9529.41 time, 9530.01 real, 368 MB, 1.06 load
[runlim] sample:		9539.41 time, 9540.01 real, 368 MB, 1.05 load
[runlim] sample:		9549.41 time, 9550.01 real, 368 MB, 1.04 load
[runlim] sample:		9559.41 time, 9560.01 real, 365 MB, 1.04 load
[runlim] sample:		9569.41 time, 9570.01 real, 365 MB, 1.03 load
[runlim] sample:		9579.41 time, 9580.01 real, 365 MB, 1.02 load
[runlim] sample:		9589.41 time, 9590.01 real, 365 MB, 1.02 load
[runlim] sample:		9599.40 time, 9600.01 real, 365 MB, 1.02 load
[runlim] sample:		9609.40 time, 9610.01 real, 365 MB, 1.01 load
[runlim] sample:		9619.40 time, 9620.01 real, 367 MB, 1.01 load
[runlim] sample:		9629.40 time, 9630.01 real, 367 MB, 1.01 load
[runlim] sample:		9639.39 time, 9640.01 real, 367 MB, 1.01 load
[runlim] sample:		9649.40 time, 9650.01 real, 367 MB, 1.01 load
[runlim] sample:		9659.40 time, 9660.01 real, 367 MB, 1.00 load
[runlim] sample:		9669.40 time, 9670.01 real, 367 MB, 1.00 load
[runlim] sample:		9679.40 time, 9680.01 real, 383 MB, 1.00 load
[runlim] sample:		9689.40 time, 9690.01 real, 383 MB, 1.00 load
[runlim] sample:		9699.40 time, 9700.01 real, 383 MB, 1.00 load
[runlim] sample:		9709.40 time, 9710.01 real, 383 MB, 1.00 load
[runlim] sample:		9719.40 time, 9720.01 real, 383 MB, 1.00 load
[runlim] sample:		9729.40 time, 9730.01 real, 383 MB, 1.00 load
[runlim] sample:		9739.39 time, 9740.01 real, 376 MB, 1.59 load
[runlim] sample:		9749.39 time, 9750.01 real, 376 MB, 1.50 load
[runlim] sample:		9759.39 time, 9760.01 real, 376 MB, 1.42 load
[runlim] sample:		9769.39 time, 9770.01 real, 376 MB, 1.36 load
[runlim] sample:		9779.39 time, 9780.01 real, 376 MB, 1.30 load
[runlim] sample:		9789.39 time, 9790.01 real, 376 MB, 1.25 load
[runlim] sample:		9799.39 time, 9800.01 real, 374 MB, 1.21 load
[runlim] sample:		9809.39 time, 9810.01 real, 374 MB, 1.18 load
[runlim] sample:		9819.39 time, 9820.01 real, 374 MB, 1.15 load
[runlim] sample:		9829.39 time, 9830.01 real, 374 MB, 1.13 load
[runlim] sample:		9839.39 time, 9840.01 real, 374 MB, 1.11 load
[runlim] sample:		9849.39 time, 9850.01 real, 374 MB, 1.09 load
[runlim] sample:		9859.39 time, 9860.01 real, 373 MB, 1.08 load
[runlim] sample:		9869.39 time, 9870.01 real, 373 MB, 1.06 load
[runlim] sample:		9879.38 time, 9880.01 real, 373 MB, 1.05 load
[runlim] sample:		9889.38 time, 9890.01 real, 373 MB, 1.05 load
[runlim] sample:		9899.38 time, 9900.01 real, 373 MB, 1.04 load
[runlim] sample:		9909.38 time, 9910.01 real, 373 MB, 1.03 load
[runlim] sample:		9919.38 time, 9920.01 real, 373 MB, 1.03 load
[runlim] sample:		9929.38 time, 9930.01 real, 375 MB, 1.02 load
[runlim] sample:		9939.38 time, 9940.01 real, 375 MB, 1.02 load
[runlim] sample:		9949.38 time, 9950.01 real, 375 MB, 1.02 load
[runlim] sample:		9959.38 time, 9960.01 real, 375 MB, 1.01 load
[runlim] sample:		9969.38 time, 9970.01 real, 375 MB, 1.01 load
[runlim] sample:		9979.38 time, 9980.01 real, 375 MB, 1.09 load
[runlim] sample:		9989.38 time, 9990.01 real, 375 MB, 1.07 load
[runlim] sample:		9999.38 time, 10000.01 real, 379 MB, 1.06 load
[runlim] sample:		10009.38 time, 10010.01 real, 379 MB, 1.05 load
[runlim] sample:		10019.38 time, 10020.01 real, 379 MB, 1.04 load
[runlim] sample:		10029.37 time, 10030.01 real, 379 MB, 1.04 load
[runlim] sample:		10039.37 time, 10040.01 real, 379 MB, 1.03 load
[runlim] sample:		10049.37 time, 10050.01 real, 379 MB, 1.03 load
[runlim] sample:		10059.37 time, 10060.01 real, 379 MB, 1.02 load
[runlim] sample:		10069.37 time, 10070.01 real, 377 MB, 1.10 load
[runlim] sample:		10079.37 time, 10080.01 real, 377 MB, 1.08 load
[runlim] sample:		10089.37 time, 10090.01 real, 377 MB, 1.07 load
[runlim] sample:		10099.37 time, 10100.01 real, 377 MB, 1.06 load
[runlim] sample:		10109.37 time, 10110.01 real, 377 MB, 1.05 load
[runlim] sample:		10119.37 time, 10120.01 real, 377 MB, 1.04 load
[runlim] sample:		10129.37 time, 10130.01 real, 377 MB, 1.03 load
[runlim] sample:		10139.37 time, 10140.01 real, 377 MB, 1.03 load
[runlim] sample:		10149.37 time, 10150.01 real, 372 MB, 1.02 load
[runlim] sample:		10159.37 time, 10160.01 real, 372 MB, 1.02 load
[runlim] sample:		10169.37 time, 10170.01 real, 372 MB, 1.02 load
[runlim] sample:		10179.37 time, 10180.01 real, 372 MB, 1.01 load
[runlim] sample:		10189.37 time, 10190.01 real, 372 MB, 1.01 load
[runlim] sample:		10199.37 time, 10200.01 real, 372 MB, 1.01 load
[runlim] sample:		10209.37 time, 10210.01 real, 372 MB, 1.01 load
[runlim] sample:		10219.37 time, 10220.01 real, 386 MB, 1.00 load
[runlim] sample:		10229.37 time, 10230.01 real, 386 MB, 1.00 load
[runlim] sample:		10239.37 time, 10240.01 real, 386 MB, 1.00 load
[runlim] sample:		10249.37 time, 10250.01 real, 386 MB, 1.00 load
[runlim] sample:		10259.37 time, 10260.01 real, 386 MB, 1.00 load
[runlim] sample:		10269.37 time, 10270.01 real, 386 MB, 1.00 load
[runlim] sample:		10279.36 time, 10280.01 real, 377 MB, 1.00 load
[runlim] sample:		10289.36 time, 10290.01 real, 377 MB, 1.00 load
[runlim] sample:		10299.36 time, 10300.01 real, 377 MB, 1.00 load
[runlim] sample:		10309.36 time, 10310.01 real, 377 MB, 1.00 load
[runlim] sample:		10319.36 time, 10320.01 real, 377 MB, 1.00 load
[runlim] sample:		10329.36 time, 10330.01 real, 377 MB, 1.00 load
[runlim] sample:		10339.36 time, 10340.01 real, 377 MB, 1.00 load
[runlim] sample:		10349.36 time, 10350.01 real, 377 MB, 1.00 load
[runlim] sample:		10359.36 time, 10360.01 real, 377 MB, 1.00 load
[runlim] sample:		10369.36 time, 10370.01 real, 377 MB, 1.00 load
[runlim] sample:		10379.36 time, 10380.01 real, 377 MB, 1.00 load
[runlim] sample:		10389.36 time, 10390.01 real, 377 MB, 1.00 load
[runlim] sample:		10399.36 time, 10400.01 real, 377 MB, 1.00 load
[runlim] sample:		10409.36 time, 10410.01 real, 377 MB, 1.00 load
[runlim] sample:		10419.35 time, 10420.01 real, 377 MB, 1.00 load
[runlim] sample:		10429.35 time, 10430.01 real, 377 MB, 1.00 load
[runlim] sample:		10439.35 time, 10440.01 real, 377 MB, 1.00 load
[runlim] sample:		10449.35 time, 10450.01 real, 377 MB, 1.00 load
[runlim] sample:		10459.35 time, 10460.01 real, 381 MB, 1.00 load
[runlim] sample:		10469.35 time, 10470.01 real, 381 MB, 1.00 load
[runlim] sample:		10479.35 time, 10480.01 real, 381 MB, 1.00 load
[runlim] sample:		10489.35 time, 10490.01 real, 381 MB, 1.00 load
[runlim] sample:		10499.35 time, 10500.01 real, 381 MB, 1.00 load
[runlim] sample:		10509.35 time, 10510.01 real, 381 MB, 1.07 load
[runlim] sample:		10519.35 time, 10520.01 real, 381 MB, 1.06 load
[runlim] sample:		10529.35 time, 10530.01 real, 382 MB, 1.05 load
[runlim] sample:		10539.35 time, 10540.01 real, 382 MB, 1.04 load
[runlim] sample:		10549.35 time, 10550.01 real, 382 MB, 1.04 load
[runlim] sample:		10559.35 time, 10560.01 real, 382 MB, 1.03 load
[runlim] sample:		10569.35 time, 10570.01 real, 382 MB, 1.02 load
[runlim] sample:		10579.35 time, 10580.01 real, 382 MB, 1.02 load
[runlim] sample:		10589.35 time, 10590.01 real, 382 MB, 1.02 load
[runlim] sample:		10599.34 time, 10600.01 real, 385 MB, 1.01 load
[runlim] sample:		10609.34 time, 10610.01 real, 385 MB, 1.01 load
[runlim] sample:		10619.34 time, 10620.01 real, 385 MB, 1.01 load
[runlim] sample:		10629.34 time, 10630.01 real, 385 MB, 1.01 load
[runlim] sample:		10639.34 time, 10640.01 real, 385 MB, 1.01 load
[runlim] sample:		10649.34 time, 10650.01 real, 385 MB, 1.00 load
[runlim] sample:		10659.34 time, 10660.01 real, 385 MB, 1.00 load
[runlim] sample:		10669.34 time, 10670.01 real, 397 MB, 1.08 load
[runlim] sample:		10679.34 time, 10680.01 real, 397 MB, 1.07 load
[runlim] sample:		10689.34 time, 10690.01 real, 397 MB, 1.06 load
[runlim] sample:		10699.34 time, 10700.01 real, 397 MB, 1.05 load
[runlim] sample:		10709.33 time, 10710.01 real, 397 MB, 1.04 load
[runlim] sample:		10719.33 time, 10720.01 real, 397 MB, 1.03 load
[runlim] sample:		10729.33 time, 10730.01 real, 397 MB, 1.03 load
[runlim] sample:		10739.33 time, 10740.01 real, 397 MB, 1.02 load
[runlim] sample:		10749.33 time, 10750.01 real, 397 MB, 1.02 load
[runlim] sample:		10759.34 time, 10760.01 real, 512 MB, 1.02 load
[runlim] sample:		10769.34 time, 10770.01 real, 397 MB, 1.01 load
[runlim] sample:		10779.34 time, 10780.01 real, 397 MB, 1.01 load
[runlim] sample:		10789.34 time, 10790.01 real, 397 MB, 1.01 load
[runlim] sample:		10799.34 time, 10800.01 real, 397 MB, 1.01 load
[runlim] end:			Sun Jul 19 05:49:17 2026
[runlim] status:		out of time
[runlim] result:		2
[runlim] children:		1
[runlim] processes:		2
[runlim] real:			10801.04 seconds
[runlim] time:			10799.34 seconds
[runlim] space:			512 MB
[runlim] load:			1.64 maximum
[runlim] samples:		108000
