[runlim] version:		2.0.0rc12
[runlim] host:			fjssp-instance
[runlim] time limit:		311040000 seconds
[runlim] real time limit:	10800 seconds
[runlim] space limit:		14000 MB
[runlim] argv[0]:		python3
[runlim] argv[1]:		-u
[runlim] argv[2]:		temp.py
[runlim] argv[3]:		datasets/hurink/edata/la09.txt
[runlim] start:			Sun Jul 19 07:11:26 2026
[runlim] child:			36451
Greedy Schedule UB: 1005
Building constraints took 0.58 seconds.
SAT

=> TOTAL COMPLETION TIME (Makespan / UB): 1004
Schedule is valid
 Time taken: 0.76 seconds
SAT

=> TOTAL COMPLETION TIME (Makespan / UB): 1003
Schedule is valid
 Time taken: 0.79 seconds
SAT

=> TOTAL COMPLETION TIME (Makespan / UB): 1002
Schedule is valid
 Time taken: 0.81 seconds
SAT

=> TOTAL COMPLETION TIME (Makespan / UB): 1001
Schedule is valid
 Time taken: 0.88 seconds
SAT

=> TOTAL COMPLETION TIME (Makespan / UB): 1000
Schedule is valid
 Time taken: 0.94 seconds
SAT

=> TOTAL COMPLETION TIME (Makespan / UB): 999
Schedule is valid
 Time taken: 0.96 seconds
SAT

=> TOTAL COMPLETION TIME (Makespan / UB): 998
Schedule is valid
 Time taken: 0.98 seconds
SAT

=> TOTAL COMPLETION TIME (Makespan / UB): 997
Schedule is valid
 Time taken: 1.01 seconds
SAT

=> TOTAL COMPLETION TIME (Makespan / UB): 996
Schedule is valid
 Time taken: 1.03 seconds
SAT

=> TOTAL COMPLETION TIME (Makespan / UB): 995
Schedule is valid
 Time taken: 1.05 seconds
SAT

=> TOTAL COMPLETION TIME (Makespan / UB): 994
Schedule is valid
 Time taken: 1.07 seconds
SAT

=> TOTAL COMPLETION TIME (Makespan / UB): 993
Schedule is valid
 Time taken: 1.09 seconds
SAT

=> TOTAL COMPLETION TIME (Makespan / UB): 992
Schedule is valid
 Time taken: 1.11 seconds
SAT

=> TOTAL COMPLETION TIME (Makespan / UB): 991
Schedule is valid
 Time taken: 1.14 seconds
SAT

=> TOTAL COMPLETION TIME (Makespan / UB): 983
Schedule is valid
 Time taken: 4.02 seconds
SAT

=> TOTAL COMPLETION TIME (Makespan / UB): 982
Schedule is valid
 Time taken: 4.40 seconds
SAT

=> TOTAL COMPLETION TIME (Makespan / UB): 979
Schedule is valid
 Time taken: 4.53 seconds
SAT

=> TOTAL COMPLETION TIME (Makespan / UB): 978
Schedule is valid
 Time taken: 4.64 seconds
SAT

=> TOTAL COMPLETION TIME (Makespan / UB): 977
Schedule is valid
 Time taken: 4.80 seconds
SAT

=> TOTAL COMPLETION TIME (Makespan / UB): 976
Schedule is valid
 Time taken: 5.27 seconds
SAT

=> TOTAL COMPLETION TIME (Makespan / UB): 975
Schedule is valid
 Time taken: 5.41 seconds
SAT

=> TOTAL COMPLETION TIME (Makespan / UB): 974
Schedule is valid
 Time taken: 6.00 seconds
SAT

=> TOTAL COMPLETION TIME (Makespan / UB): 973
Schedule is valid
 Time taken: 6.31 seconds
SAT

=> TOTAL COMPLETION TIME (Makespan / UB): 972
Schedule is valid
 Time taken: 7.20 seconds
SAT

=> TOTAL COMPLETION TIME (Makespan / UB): 971
Schedule is valid
 Time taken: 7.61 seconds
SAT

=> TOTAL COMPLETION TIME (Makespan / UB): 970
Schedule is valid
 Time taken: 7.87 seconds
SAT

=> TOTAL COMPLETION TIME (Makespan / UB): 969
Schedule is valid
 Time taken: 8.04 seconds
SAT

=> TOTAL COMPLETION TIME (Makespan / UB): 968
Schedule is valid
 Time taken: 8.59 seconds
SAT

=> TOTAL COMPLETION TIME (Makespan / UB): 967
Schedule is valid
 Time taken: 9.10 seconds
SAT

=> TOTAL COMPLETION TIME (Makespan / UB): 966
Schedule is valid
 Time taken: 9.22 seconds
SAT

=> TOTAL COMPLETION TIME (Makespan / UB): 965
Schedule is valid
 Time taken: 9.35 seconds
SAT
[runlim] sample:		10.00 time, 10.01 real, 224 MB, 1.00 load

=> TOTAL COMPLETION TIME (Makespan / UB): 964
Schedule is valid
 Time taken: 9.99 seconds
SAT

=> TOTAL COMPLETION TIME (Makespan / UB): 963
Schedule is valid
 Time taken: 10.05 seconds
SAT

=> TOTAL COMPLETION TIME (Makespan / UB): 962
Schedule is valid
 Time taken: 10.56 seconds
SAT

=> TOTAL COMPLETION TIME (Makespan / UB): 961
Schedule is valid
 Time taken: 10.64 seconds
SAT

=> TOTAL COMPLETION TIME (Makespan / UB): 960
Schedule is valid
 Time taken: 10.74 seconds
SAT

=> TOTAL COMPLETION TIME (Makespan / UB): 959
Schedule is valid
 Time taken: 10.84 seconds
SAT

=> TOTAL COMPLETION TIME (Makespan / UB): 958
Schedule is valid
 Time taken: 11.84 seconds
SAT

=> TOTAL COMPLETION TIME (Makespan / UB): 957
Schedule is valid
 Time taken: 12.22 seconds
SAT

=> TOTAL COMPLETION TIME (Makespan / UB): 956
Schedule is valid
 Time taken: 12.50 seconds
SAT

=> TOTAL COMPLETION TIME (Makespan / UB): 955
Schedule is valid
 Time taken: 12.77 seconds
SAT

=> TOTAL COMPLETION TIME (Makespan / UB): 954
Schedule is valid
 Time taken: 13.82 seconds
SAT

=> TOTAL COMPLETION TIME (Makespan / UB): 953
Schedule is valid
 Time taken: 14.48 seconds
SAT

=> TOTAL COMPLETION TIME (Makespan / UB): 952
Schedule is valid
 Time taken: 14.71 seconds
SAT

=> TOTAL COMPLETION TIME (Makespan / UB): 951
Schedule is valid
 Time taken: 15.24 seconds
SAT

=> TOTAL COMPLETION TIME (Makespan / UB): 950
Schedule is valid
 Time taken: 16.09 seconds
SAT

=> TOTAL COMPLETION TIME (Makespan / UB): 949
Schedule is valid
 Time taken: 16.30 seconds
SAT

=> TOTAL COMPLETION TIME (Makespan / UB): 948
Schedule is valid
 Time taken: 16.39 seconds
SAT

=> TOTAL COMPLETION TIME (Makespan / UB): 947
Schedule is valid
 Time taken: 17.41 seconds
SAT

=> TOTAL COMPLETION TIME (Makespan / UB): 946
Schedule is valid
 Time taken: 17.82 seconds
SAT

=> TOTAL COMPLETION TIME (Makespan / UB): 945
Schedule is valid
 Time taken: 18.35 seconds
SAT

=> TOTAL COMPLETION TIME (Makespan / UB): 944
Schedule is valid
 Time taken: 19.65 seconds
[runlim] sample:		19.99 time, 20.01 real, 230 MB, 1.00 load
SAT

=> TOTAL COMPLETION TIME (Makespan / UB): 943
Schedule is valid
 Time taken: 20.25 seconds
SAT

=> TOTAL COMPLETION TIME (Makespan / UB): 942
Schedule is valid
 Time taken: 20.70 seconds
SAT

=> TOTAL COMPLETION TIME (Makespan / UB): 941
Schedule is valid
 Time taken: 20.91 seconds
SAT

=> TOTAL COMPLETION TIME (Makespan / UB): 940
Schedule is valid
 Time taken: 21.51 seconds
SAT

=> TOTAL COMPLETION TIME (Makespan / UB): 939
Schedule is valid
 Time taken: 21.97 seconds
SAT

=> TOTAL COMPLETION TIME (Makespan / UB): 938
Schedule is valid
 Time taken: 22.16 seconds
SAT

=> TOTAL COMPLETION TIME (Makespan / UB): 937
Schedule is valid
 Time taken: 23.15 seconds
SAT

=> TOTAL COMPLETION TIME (Makespan / UB): 936
Schedule is valid
 Time taken: 23.50 seconds
SAT

=> TOTAL COMPLETION TIME (Makespan / UB): 935
Schedule is valid
 Time taken: 23.90 seconds
SAT

=> TOTAL COMPLETION TIME (Makespan / UB): 934
Schedule is valid
 Time taken: 24.79 seconds
SAT

=> TOTAL COMPLETION TIME (Makespan / UB): 933
Schedule is valid
 Time taken: 25.17 seconds
SAT

=> TOTAL COMPLETION TIME (Makespan / UB): 932
Schedule is valid
 Time taken: 25.87 seconds
SAT

=> TOTAL COMPLETION TIME (Makespan / UB): 931
Schedule is valid
 Time taken: 27.40 seconds
SAT

=> TOTAL COMPLETION TIME (Makespan / UB): 930
Schedule is valid
 Time taken: 27.83 seconds
SAT

=> TOTAL COMPLETION TIME (Makespan / UB): 929
Schedule is valid
 Time taken: 28.02 seconds
SAT

=> TOTAL COMPLETION TIME (Makespan / UB): 928
Schedule is valid
 Time taken: 28.29 seconds
SAT

=> TOTAL COMPLETION TIME (Makespan / UB): 927
Schedule is valid
 Time taken: 29.77 seconds
[runlim] sample:		29.99 time, 30.01 real, 209 MB, 1.00 load
SAT

=> TOTAL COMPLETION TIME (Makespan / UB): 926
Schedule is valid
 Time taken: 31.88 seconds
SAT

=> TOTAL COMPLETION TIME (Makespan / UB): 925
Schedule is valid
 Time taken: 32.63 seconds
SAT

=> TOTAL COMPLETION TIME (Makespan / UB): 924
Schedule is valid
 Time taken: 34.85 seconds
SAT

=> TOTAL COMPLETION TIME (Makespan / UB): 923
Schedule is valid
 Time taken: 35.23 seconds
SAT

=> TOTAL COMPLETION TIME (Makespan / UB): 922
Schedule is valid
 Time taken: 37.13 seconds
SAT

=> TOTAL COMPLETION TIME (Makespan / UB): 921
Schedule is valid
 Time taken: 38.77 seconds
SAT

=> TOTAL COMPLETION TIME (Makespan / UB): 920
Schedule is valid
 Time taken: 39.36 seconds
SAT

=> TOTAL COMPLETION TIME (Makespan / UB): 919
Schedule is valid
 Time taken: 39.82 seconds
[runlim] sample:		39.99 time, 40.01 real, 226 MB, 1.00 load
SAT

=> TOTAL COMPLETION TIME (Makespan / UB): 918
Schedule is valid
 Time taken: 42.15 seconds
SAT

=> TOTAL COMPLETION TIME (Makespan / UB): 917
Schedule is valid
 Time taken: 42.78 seconds
SAT

=> TOTAL COMPLETION TIME (Makespan / UB): 916
Schedule is valid
 Time taken: 43.81 seconds
SAT

=> TOTAL COMPLETION TIME (Makespan / UB): 915
Schedule is valid
 Time taken: 45.80 seconds
SAT

=> TOTAL COMPLETION TIME (Makespan / UB): 914
Schedule is valid
 Time taken: 48.74 seconds
SAT

=> TOTAL COMPLETION TIME (Makespan / UB): 913
Schedule is valid
 Time taken: 48.83 seconds
SAT

=> TOTAL COMPLETION TIME (Makespan / UB): 912
Schedule is valid
 Time taken: 48.96 seconds
[runlim] sample:		49.98 time, 50.01 real, 214 MB, 1.00 load
SAT

=> TOTAL COMPLETION TIME (Makespan / UB): 911
Schedule is valid
 Time taken: 50.95 seconds
SAT

=> TOTAL COMPLETION TIME (Makespan / UB): 910
Schedule is valid
 Time taken: 56.98 seconds
[runlim] sample:		59.98 time, 60.01 real, 218 MB, 1.00 load
SAT

=> TOTAL COMPLETION TIME (Makespan / UB): 909
Schedule is valid
 Time taken: 60.24 seconds
[runlim] sample:		69.97 time, 70.01 real, 193 MB, 1.00 load
[runlim] sample:		79.98 time, 80.01 real, 245 MB, 1.00 load
[runlim] sample:		89.98 time, 90.01 real, 245 MB, 1.00 load
SAT

=> TOTAL COMPLETION TIME (Makespan / UB): 908
Schedule is valid
 Time taken: 91.87 seconds
SAT

=> TOTAL COMPLETION TIME (Makespan / UB): 907
Schedule is valid
 Time taken: 92.36 seconds
SAT

=> TOTAL COMPLETION TIME (Makespan / UB): 906
Schedule is valid
 Time taken: 92.94 seconds
[runlim] sample:		99.97 time, 100.01 real, 205 MB, 1.00 load
SAT

=> TOTAL COMPLETION TIME (Makespan / UB): 905
Schedule is valid
 Time taken: 103.92 seconds
SAT

=> TOTAL COMPLETION TIME (Makespan / UB): 904
Schedule is valid
 Time taken: 106.61 seconds
SAT

=> TOTAL COMPLETION TIME (Makespan / UB): 903
Schedule is valid
 Time taken: 106.71 seconds
SAT

=> TOTAL COMPLETION TIME (Makespan / UB): 902
Schedule is valid
 Time taken: 109.10 seconds
[runlim] sample:		109.97 time, 110.01 real, 205 MB, 1.00 load
SAT

=> TOTAL COMPLETION TIME (Makespan / UB): 901
Schedule is valid
 Time taken: 111.17 seconds
SAT

=> TOTAL COMPLETION TIME (Makespan / UB): 900
Schedule is valid
 Time taken: 113.87 seconds
[runlim] sample:		119.98 time, 120.01 real, 182 MB, 1.00 load
SAT

=> TOTAL COMPLETION TIME (Makespan / UB): 899
Schedule is valid
 Time taken: 124.49 seconds
SAT

=> TOTAL COMPLETION TIME (Makespan / UB): 898
Schedule is valid
 Time taken: 126.97 seconds
SAT

=> TOTAL COMPLETION TIME (Makespan / UB): 897
Schedule is valid
 Time taken: 127.06 seconds
SAT

=> TOTAL COMPLETION TIME (Makespan / UB): 896
Schedule is valid
 Time taken: 127.12 seconds
SAT

=> TOTAL COMPLETION TIME (Makespan / UB): 895
Schedule is valid
 Time taken: 127.18 seconds
SAT

=> TOTAL COMPLETION TIME (Makespan / UB): 894
Schedule is valid
 Time taken: 129.52 seconds
[runlim] sample:		129.98 time, 130.01 real, 186 MB, 1.00 load
SAT

=> TOTAL COMPLETION TIME (Makespan / UB): 893
Schedule is valid
 Time taken: 132.58 seconds
SAT

=> TOTAL COMPLETION TIME (Makespan / UB): 892
Schedule is valid
 Time taken: 132.67 seconds
SAT

=> TOTAL COMPLETION TIME (Makespan / UB): 891
Schedule is valid
 Time taken: 135.31 seconds
[runlim] sample:		139.97 time, 140.01 real, 214 MB, 1.00 load
SAT

=> TOTAL COMPLETION TIME (Makespan / UB): 890
Schedule is valid
 Time taken: 149.35 seconds
[runlim] sample:		149.97 time, 150.01 real, 214 MB, 1.00 load
SAT

=> TOTAL COMPLETION TIME (Makespan / UB): 889
Schedule is valid
 Time taken: 151.98 seconds
[runlim] sample:		159.97 time, 160.01 real, 214 MB, 1.00 load
SAT

=> TOTAL COMPLETION TIME (Makespan / UB): 888
Schedule is valid
 Time taken: 162.69 seconds
SAT

=> TOTAL COMPLETION TIME (Makespan / UB): 887
Schedule is valid
 Time taken: 167.37 seconds
SAT

=> TOTAL COMPLETION TIME (Makespan / UB): 886
Schedule is valid
 Time taken: 167.46 seconds
[runlim] sample:		169.98 time, 170.01 real, 167 MB, 1.00 load
SAT

=> TOTAL COMPLETION TIME (Makespan / UB): 885
Schedule is valid
 Time taken: 170.36 seconds
[runlim] sample:		179.98 time, 180.01 real, 202 MB, 1.00 load
SAT

=> TOTAL COMPLETION TIME (Makespan / UB): 884
Schedule is valid
 Time taken: 182.48 seconds
[runlim] sample:		189.97 time, 190.01 real, 174 MB, 1.00 load
[runlim] sample:		199.98 time, 200.01 real, 214 MB, 1.00 load
[runlim] sample:		209.97 time, 210.01 real, 185 MB, 1.00 load
[runlim] sample:		219.97 time, 220.01 real, 205 MB, 1.00 load
[runlim] sample:		229.97 time, 230.01 real, 235 MB, 1.00 load
SAT

=> TOTAL COMPLETION TIME (Makespan / UB): 883
Schedule is valid
 Time taken: 230.97 seconds
SAT

=> TOTAL COMPLETION TIME (Makespan / UB): 882
Schedule is valid
 Time taken: 231.08 seconds
[runlim] sample:		239.97 time, 240.01 real, 198 MB, 1.00 load
[runlim] sample:		249.97 time, 250.01 real, 221 MB, 1.00 load
[runlim] sample:		259.97 time, 260.01 real, 221 MB, 1.00 load
[runlim] sample:		269.97 time, 270.01 real, 250 MB, 1.00 load
SAT

=> TOTAL COMPLETION TIME (Makespan / UB): 881
Schedule is valid
 Time taken: 277.92 seconds
[runlim] sample:		279.97 time, 280.01 real, 251 MB, 1.00 load
[runlim] sample:		289.97 time, 290.01 real, 251 MB, 1.00 load
[runlim] sample:		299.97 time, 300.01 real, 175 MB, 1.00 load
[runlim] sample:		309.97 time, 310.01 real, 207 MB, 1.00 load
[runlim] sample:		319.96 time, 320.01 real, 207 MB, 1.00 load
SAT

=> TOTAL COMPLETION TIME (Makespan / UB): 880
Schedule is valid
 Time taken: 324.66 seconds
SAT

=> TOTAL COMPLETION TIME (Makespan / UB): 879
Schedule is valid
 Time taken: 327.84 seconds
[runlim] sample:		329.97 time, 330.01 real, 175 MB, 1.00 load
[runlim] sample:		339.97 time, 340.01 real, 208 MB, 1.08 load
[runlim] sample:		349.97 time, 350.01 real, 208 MB, 1.07 load
[runlim] sample:		359.96 time, 360.01 real, 199 MB, 1.06 load
[runlim] sample:		369.96 time, 370.01 real, 232 MB, 1.05 load
SAT

=> TOTAL COMPLETION TIME (Makespan / UB): 878
Schedule is valid
 Time taken: 378.87 seconds
[runlim] sample:		379.96 time, 380.01 real, 234 MB, 1.11 load
[runlim] sample:		389.96 time, 390.01 real, 199 MB, 1.10 load
[runlim] sample:		399.96 time, 400.01 real, 235 MB, 1.08 load
[runlim] sample:		409.96 time, 410.01 real, 235 MB, 1.07 load
[runlim] sample:		419.96 time, 420.01 real, 199 MB, 1.06 load
[runlim] sample:		429.96 time, 430.01 real, 235 MB, 1.05 load
[runlim] sample:		439.96 time, 440.01 real, 199 MB, 1.04 load
[runlim] sample:		449.96 time, 450.01 real, 216 MB, 1.03 load
[runlim] sample:		459.96 time, 460.01 real, 252 MB, 1.03 load
[runlim] sample:		469.95 time, 470.01 real, 218 MB, 1.02 load
[runlim] sample:		479.95 time, 480.01 real, 218 MB, 1.02 load
[runlim] sample:		489.96 time, 490.01 real, 252 MB, 1.02 load
[runlim] sample:		499.96 time, 500.01 real, 218 MB, 1.01 load
[runlim] sample:		509.96 time, 510.01 real, 222 MB, 1.01 load
[runlim] sample:		519.95 time, 520.01 real, 258 MB, 1.01 load
[runlim] sample:		529.95 time, 530.01 real, 258 MB, 1.01 load
[runlim] sample:		539.95 time, 540.01 real, 259 MB, 1.00 load
[runlim] sample:		549.95 time, 550.01 real, 259 MB, 1.00 load
[runlim] sample:		559.95 time, 560.01 real, 260 MB, 1.00 load
[runlim] sample:		569.95 time, 570.01 real, 260 MB, 1.00 load
[runlim] sample:		579.95 time, 580.01 real, 260 MB, 1.00 load
[runlim] sample:		589.95 time, 590.01 real, 260 MB, 1.00 load
[runlim] sample:		599.95 time, 600.01 real, 263 MB, 1.00 load
[runlim] sample:		609.94 time, 610.01 real, 261 MB, 1.00 load
[runlim] sample:		619.94 time, 620.01 real, 259 MB, 1.00 load
[runlim] sample:		629.95 time, 630.01 real, 259 MB, 1.00 load
[runlim] sample:		639.95 time, 640.01 real, 259 MB, 1.00 load
[runlim] sample:		649.95 time, 650.01 real, 260 MB, 1.00 load
[runlim] sample:		659.94 time, 660.01 real, 268 MB, 1.00 load
[runlim] sample:		669.94 time, 670.01 real, 273 MB, 1.00 load
[runlim] sample:		679.94 time, 680.01 real, 261 MB, 1.00 load
[runlim] sample:		689.95 time, 690.01 real, 261 MB, 1.00 load
[runlim] sample:		699.94 time, 700.01 real, 260 MB, 1.00 load
[runlim] sample:		709.94 time, 710.01 real, 264 MB, 1.00 load
[runlim] sample:		719.94 time, 720.01 real, 261 MB, 1.00 load
[runlim] sample:		729.94 time, 730.01 real, 261 MB, 1.00 load
[runlim] sample:		739.94 time, 740.01 real, 261 MB, 1.00 load
[runlim] sample:		749.94 time, 750.01 real, 261 MB, 1.00 load
[runlim] sample:		759.94 time, 760.01 real, 261 MB, 1.08 load
[runlim] sample:		769.93 time, 770.01 real, 262 MB, 1.07 load
[runlim] sample:		779.93 time, 780.01 real, 262 MB, 1.06 load
[runlim] sample:		789.93 time, 790.01 real, 262 MB, 1.05 load
[runlim] sample:		799.94 time, 800.01 real, 263 MB, 1.04 load
[runlim] sample:		809.94 time, 810.01 real, 263 MB, 1.03 load
[runlim] sample:		819.93 time, 820.01 real, 264 MB, 1.03 load
[runlim] sample:		829.93 time, 830.01 real, 264 MB, 1.02 load
[runlim] sample:		839.93 time, 840.01 real, 264 MB, 1.02 load
[runlim] sample:		849.93 time, 850.01 real, 265 MB, 1.02 load
[runlim] sample:		859.93 time, 860.01 real, 265 MB, 1.01 load
[runlim] sample:		869.93 time, 870.01 real, 265 MB, 1.01 load
[runlim] sample:		879.93 time, 880.01 real, 265 MB, 1.01 load
[runlim] sample:		889.93 time, 890.01 real, 265 MB, 1.01 load
[runlim] sample:		899.93 time, 900.01 real, 265 MB, 1.00 load
[runlim] sample:		909.93 time, 910.01 real, 265 MB, 1.00 load
[runlim] sample:		919.93 time, 920.01 real, 265 MB, 1.00 load
[runlim] sample:		929.93 time, 930.01 real, 265 MB, 1.00 load
[runlim] sample:		939.93 time, 940.01 real, 265 MB, 1.08 load
[runlim] sample:		949.93 time, 950.01 real, 265 MB, 1.07 load
[runlim] sample:		959.93 time, 960.01 real, 266 MB, 1.06 load
[runlim] sample:		969.93 time, 970.01 real, 266 MB, 1.05 load
[runlim] sample:		979.93 time, 980.01 real, 266 MB, 1.04 load
[runlim] sample:		989.92 time, 990.01 real, 267 MB, 1.03 load
[runlim] sample:		999.92 time, 1000.01 real, 267 MB, 1.03 load
[runlim] sample:		1009.92 time, 1010.01 real, 267 MB, 1.10 load
[runlim] sample:		1019.92 time, 1020.01 real, 267 MB, 1.08 load
[runlim] sample:		1029.92 time, 1030.01 real, 267 MB, 1.07 load
[runlim] sample:		1039.92 time, 1040.01 real, 267 MB, 1.06 load
[runlim] sample:		1049.92 time, 1050.01 real, 267 MB, 1.05 load
[runlim] sample:		1059.92 time, 1060.01 real, 267 MB, 1.04 load
[runlim] sample:		1069.92 time, 1070.01 real, 267 MB, 1.03 load
[runlim] sample:		1079.92 time, 1080.01 real, 267 MB, 1.03 load
[runlim] sample:		1089.92 time, 1090.01 real, 268 MB, 1.02 load
[runlim] sample:		1099.92 time, 1100.01 real, 268 MB, 1.02 load
[runlim] sample:		1109.92 time, 1110.01 real, 268 MB, 1.02 load
[runlim] sample:		1119.91 time, 1120.01 real, 268 MB, 1.01 load
[runlim] sample:		1129.91 time, 1130.01 real, 268 MB, 1.01 load
[runlim] sample:		1139.91 time, 1140.01 real, 268 MB, 1.01 load
[runlim] sample:		1149.91 time, 1150.01 real, 269 MB, 1.01 load
[runlim] sample:		1159.91 time, 1160.01 real, 269 MB, 1.00 load
[runlim] sample:		1169.91 time, 1170.01 real, 269 MB, 1.00 load
[runlim] sample:		1179.91 time, 1180.01 real, 269 MB, 1.00 load
[runlim] sample:		1189.91 time, 1190.01 real, 269 MB, 1.00 load
[runlim] sample:		1199.91 time, 1200.01 real, 269 MB, 1.00 load
[runlim] sample:		1209.91 time, 1210.01 real, 269 MB, 1.00 load
[runlim] sample:		1219.91 time, 1220.01 real, 269 MB, 1.00 load
[runlim] sample:		1229.91 time, 1230.01 real, 269 MB, 1.00 load
[runlim] sample:		1239.91 time, 1240.01 real, 269 MB, 1.00 load
[runlim] sample:		1249.91 time, 1250.01 real, 270 MB, 1.00 load
[runlim] sample:		1259.91 time, 1260.01 real, 270 MB, 1.00 load
[runlim] sample:		1269.91 time, 1270.01 real, 270 MB, 1.00 load
[runlim] sample:		1279.91 time, 1280.01 real, 270 MB, 1.00 load
[runlim] sample:		1289.90 time, 1290.01 real, 270 MB, 1.00 load
[runlim] sample:		1299.90 time, 1300.01 real, 270 MB, 1.00 load
[runlim] sample:		1309.90 time, 1310.01 real, 270 MB, 1.00 load
[runlim] sample:		1319.91 time, 1320.01 real, 272 MB, 1.00 load
[runlim] sample:		1329.90 time, 1330.01 real, 273 MB, 1.00 load
[runlim] sample:		1339.90 time, 1340.01 real, 273 MB, 1.00 load
[runlim] sample:		1349.91 time, 1350.01 real, 272 MB, 1.00 load
[runlim] sample:		1359.91 time, 1360.01 real, 272 MB, 1.00 load
[runlim] sample:		1369.90 time, 1370.01 real, 273 MB, 1.00 load
[runlim] sample:		1379.90 time, 1380.01 real, 273 MB, 1.00 load
[runlim] sample:		1389.91 time, 1390.01 real, 272 MB, 1.00 load
[runlim] sample:		1399.91 time, 1400.01 real, 272 MB, 1.00 load
[runlim] sample:		1409.90 time, 1410.01 real, 270 MB, 1.00 load
[runlim] sample:		1419.90 time, 1420.01 real, 270 MB, 1.00 load
[runlim] sample:		1429.90 time, 1430.01 real, 273 MB, 1.00 load
[runlim] sample:		1439.90 time, 1440.01 real, 274 MB, 1.00 load
[runlim] sample:		1449.90 time, 1450.01 real, 274 MB, 1.00 load
[runlim] sample:		1459.89 time, 1460.01 real, 269 MB, 1.00 load
[runlim] sample:		1469.89 time, 1470.01 real, 269 MB, 1.00 load
[runlim] sample:		1479.90 time, 1480.01 real, 268 MB, 1.00 load
[runlim] sample:		1489.90 time, 1490.01 real, 268 MB, 1.00 load
[runlim] sample:		1499.90 time, 1500.01 real, 261 MB, 1.00 load
[runlim] sample:		1509.90 time, 1510.01 real, 261 MB, 1.00 load
[runlim] sample:		1519.90 time, 1520.01 real, 270 MB, 1.00 load
[runlim] sample:		1529.89 time, 1530.01 real, 268 MB, 1.00 load
[runlim] sample:		1539.89 time, 1540.01 real, 268 MB, 1.16 load
[runlim] sample:		1549.89 time, 1550.01 real, 269 MB, 1.13 load
[runlim] sample:		1559.89 time, 1560.01 real, 269 MB, 1.11 load
[runlim] sample:		1569.89 time, 1570.01 real, 269 MB, 1.10 load
[runlim] sample:		1579.89 time, 1580.01 real, 276 MB, 1.08 load
[runlim] sample:		1589.89 time, 1590.01 real, 271 MB, 1.07 load
[runlim] sample:		1599.89 time, 1600.01 real, 271 MB, 1.06 load
[runlim] sample:		1609.89 time, 1610.01 real, 276 MB, 1.05 load
[runlim] sample:		1619.89 time, 1620.01 real, 271 MB, 1.04 load
[runlim] sample:		1629.89 time, 1630.01 real, 271 MB, 1.03 load
[runlim] sample:		1639.89 time, 1640.01 real, 273 MB, 1.03 load
[runlim] sample:		1649.89 time, 1650.01 real, 273 MB, 1.02 load
[runlim] sample:		1659.89 time, 1660.01 real, 271 MB, 1.02 load
[runlim] sample:		1669.89 time, 1670.01 real, 271 MB, 1.02 load
[runlim] sample:		1679.88 time, 1680.01 real, 300 MB, 1.01 load
[runlim] sample:		1689.88 time, 1690.01 real, 300 MB, 1.01 load
[runlim] sample:		1699.88 time, 1700.01 real, 289 MB, 1.01 load
[runlim] sample:		1709.88 time, 1710.01 real, 289 MB, 1.01 load
[runlim] sample:		1719.88 time, 1720.01 real, 295 MB, 1.00 load
[runlim] sample:		1729.88 time, 1730.01 real, 295 MB, 1.00 load
[runlim] sample:		1739.88 time, 1740.01 real, 273 MB, 1.00 load
[runlim] sample:		1749.88 time, 1750.01 real, 273 MB, 1.00 load
[runlim] sample:		1759.88 time, 1760.01 real, 275 MB, 1.08 load
[runlim] sample:		1769.88 time, 1770.01 real, 275 MB, 1.07 load
[runlim] sample:		1779.88 time, 1780.01 real, 275 MB, 1.06 load
[runlim] sample:		1789.88 time, 1790.01 real, 276 MB, 1.05 load
[runlim] sample:		1799.88 time, 1800.01 real, 276 MB, 1.04 load
[runlim] sample:		1809.87 time, 1810.01 real, 275 MB, 1.03 load
[runlim] sample:		1819.87 time, 1820.01 real, 275 MB, 1.03 load
[runlim] sample:		1829.88 time, 1830.01 real, 274 MB, 1.02 load
[runlim] sample:		1839.88 time, 1840.01 real, 274 MB, 1.02 load
[runlim] sample:		1849.88 time, 1850.01 real, 275 MB, 1.02 load
[runlim] sample:		1859.88 time, 1860.01 real, 275 MB, 1.01 load
[runlim] sample:		1869.87 time, 1870.01 real, 278 MB, 1.01 load
[runlim] sample:		1879.87 time, 1880.01 real, 278 MB, 1.01 load
[runlim] sample:		1889.87 time, 1890.01 real, 278 MB, 1.01 load
[runlim] sample:		1899.87 time, 1900.01 real, 278 MB, 1.00 load
[runlim] sample:		1909.87 time, 1910.01 real, 276 MB, 1.00 load
[runlim] sample:		1919.87 time, 1920.01 real, 276 MB, 1.00 load
[runlim] sample:		1929.87 time, 1930.01 real, 276 MB, 1.00 load
[runlim] sample:		1939.87 time, 1940.01 real, 276 MB, 1.00 load
[runlim] sample:		1949.87 time, 1950.01 real, 278 MB, 1.00 load
[runlim] sample:		1959.87 time, 1960.01 real, 278 MB, 1.00 load
[runlim] sample:		1969.87 time, 1970.01 real, 278 MB, 1.00 load
[runlim] sample:		1979.87 time, 1980.01 real, 278 MB, 1.00 load
[runlim] sample:		1989.87 time, 1990.01 real, 278 MB, 1.00 load
[runlim] sample:		1999.87 time, 2000.01 real, 279 MB, 1.00 load
[runlim] sample:		2009.87 time, 2010.01 real, 279 MB, 1.00 load
[runlim] sample:		2019.87 time, 2020.01 real, 291 MB, 1.00 load
[runlim] sample:		2029.86 time, 2030.01 real, 291 MB, 1.00 load
[runlim] sample:		2039.86 time, 2040.01 real, 291 MB, 1.00 load
[runlim] sample:		2049.86 time, 2050.01 real, 291 MB, 1.00 load
[runlim] sample:		2059.86 time, 2060.01 real, 291 MB, 1.00 load
[runlim] sample:		2069.86 time, 2070.01 real, 291 MB, 1.00 load
[runlim] sample:		2079.86 time, 2080.01 real, 291 MB, 1.00 load
[runlim] sample:		2089.86 time, 2090.01 real, 291 MB, 1.00 load
[runlim] sample:		2099.86 time, 2100.01 real, 292 MB, 1.00 load
[runlim] sample:		2109.86 time, 2110.01 real, 292 MB, 1.00 load
[runlim] sample:		2119.86 time, 2120.01 real, 292 MB, 1.00 load
[runlim] sample:		2129.86 time, 2130.01 real, 292 MB, 1.00 load
[runlim] sample:		2139.86 time, 2140.01 real, 292 MB, 1.00 load
[runlim] sample:		2149.85 time, 2150.01 real, 292 MB, 1.00 load
[runlim] sample:		2159.85 time, 2160.01 real, 292 MB, 1.00 load
[runlim] sample:		2169.85 time, 2170.01 real, 292 MB, 1.00 load
[runlim] sample:		2179.85 time, 2180.01 real, 292 MB, 1.00 load
[runlim] sample:		2189.85 time, 2190.01 real, 292 MB, 1.00 load
[runlim] sample:		2199.85 time, 2200.01 real, 292 MB, 1.00 load
[runlim] sample:		2209.85 time, 2210.01 real, 296 MB, 1.00 load
[runlim] sample:		2219.85 time, 2220.01 real, 296 MB, 1.00 load
[runlim] sample:		2229.85 time, 2230.01 real, 296 MB, 1.00 load
[runlim] sample:		2239.85 time, 2240.01 real, 296 MB, 1.00 load
[runlim] sample:		2249.85 time, 2250.01 real, 296 MB, 1.00 load
[runlim] sample:		2259.85 time, 2260.01 real, 296 MB, 1.15 load
[runlim] sample:		2269.85 time, 2270.01 real, 297 MB, 1.13 load
[runlim] sample:		2279.85 time, 2280.01 real, 297 MB, 1.11 load
[runlim] sample:		2289.85 time, 2290.01 real, 297 MB, 1.09 load
[runlim] sample:		2299.85 time, 2300.01 real, 297 MB, 1.08 load
[runlim] sample:		2309.85 time, 2310.01 real, 297 MB, 1.06 load
[runlim] sample:		2319.85 time, 2320.01 real, 297 MB, 1.05 load
[runlim] sample:		2329.85 time, 2330.01 real, 297 MB, 1.05 load
[runlim] sample:		2339.85 time, 2340.01 real, 297 MB, 1.04 load
[runlim] sample:		2349.85 time, 2350.01 real, 297 MB, 1.03 load
[runlim] sample:		2359.85 time, 2360.01 real, 297 MB, 1.03 load
[runlim] sample:		2369.85 time, 2370.01 real, 297 MB, 1.02 load
[runlim] sample:		2379.84 time, 2380.01 real, 298 MB, 1.02 load
[runlim] sample:		2389.84 time, 2390.01 real, 298 MB, 1.09 load
[runlim] sample:		2399.84 time, 2400.01 real, 298 MB, 1.08 load
[runlim] sample:		2409.84 time, 2410.01 real, 298 MB, 1.06 load
[runlim] sample:		2419.84 time, 2420.01 real, 303 MB, 1.05 load
[runlim] sample:		2429.84 time, 2430.01 real, 303 MB, 1.04 load
[runlim] sample:		2439.84 time, 2440.01 real, 304 MB, 1.04 load
[runlim] sample:		2449.84 time, 2450.01 real, 304 MB, 1.03 load
[runlim] sample:		2459.84 time, 2460.01 real, 304 MB, 1.03 load
[runlim] sample:		2469.84 time, 2470.01 real, 304 MB, 1.02 load
[runlim] sample:		2479.84 time, 2480.01 real, 304 MB, 1.02 load
[runlim] sample:		2489.84 time, 2490.01 real, 304 MB, 1.01 load
[runlim] sample:		2499.84 time, 2500.01 real, 304 MB, 1.01 load
[runlim] sample:		2509.84 time, 2510.01 real, 304 MB, 1.01 load
[runlim] sample:		2519.84 time, 2520.01 real, 304 MB, 1.01 load
[runlim] sample:		2529.84 time, 2530.01 real, 304 MB, 1.01 load
[runlim] sample:		2539.84 time, 2540.01 real, 304 MB, 1.00 load
[runlim] sample:		2549.84 time, 2550.01 real, 304 MB, 1.00 load
[runlim] sample:		2559.83 time, 2560.01 real, 305 MB, 1.00 load
[runlim] sample:		2569.83 time, 2570.01 real, 305 MB, 1.00 load
[runlim] sample:		2579.83 time, 2580.01 real, 305 MB, 1.00 load
[runlim] sample:		2589.83 time, 2590.01 real, 305 MB, 1.00 load
[runlim] sample:		2599.83 time, 2600.01 real, 305 MB, 1.00 load
[runlim] sample:		2609.83 time, 2610.01 real, 305 MB, 1.00 load
[runlim] sample:		2619.83 time, 2620.01 real, 306 MB, 1.00 load
[runlim] sample:		2629.83 time, 2630.01 real, 306 MB, 1.00 load
[runlim] sample:		2639.83 time, 2640.01 real, 306 MB, 1.00 load
[runlim] sample:		2649.83 time, 2650.01 real, 311 MB, 1.00 load
[runlim] sample:		2659.83 time, 2660.01 real, 311 MB, 1.00 load
[runlim] sample:		2669.83 time, 2670.01 real, 311 MB, 1.00 load
[runlim] sample:		2679.83 time, 2680.01 real, 311 MB, 1.00 load
[runlim] sample:		2689.83 time, 2690.01 real, 311 MB, 1.00 load
[runlim] sample:		2699.83 time, 2700.01 real, 311 MB, 1.00 load
[runlim] sample:		2709.83 time, 2710.01 real, 311 MB, 1.00 load
[runlim] sample:		2719.83 time, 2720.01 real, 311 MB, 1.00 load
[runlim] sample:		2729.83 time, 2730.01 real, 311 MB, 1.00 load
[runlim] sample:		2739.83 time, 2740.01 real, 311 MB, 1.00 load
[runlim] sample:		2749.83 time, 2750.01 real, 311 MB, 1.00 load
[runlim] sample:		2759.83 time, 2760.01 real, 311 MB, 1.72 load
[runlim] sample:		2769.83 time, 2770.01 real, 311 MB, 1.61 load
[runlim] sample:		2779.83 time, 2780.01 real, 311 MB, 1.52 load
[runlim] sample:		2789.82 time, 2790.01 real, 311 MB, 1.44 load
[runlim] sample:		2799.82 time, 2800.01 real, 311 MB, 1.37 load
[runlim] sample:		2809.82 time, 2810.01 real, 312 MB, 1.31 load
[runlim] sample:		2819.82 time, 2820.01 real, 312 MB, 1.26 load
[runlim] sample:		2829.82 time, 2830.01 real, 312 MB, 1.22 load
[runlim] sample:		2839.82 time, 2840.01 real, 312 MB, 1.19 load
[runlim] sample:		2849.81 time, 2850.01 real, 312 MB, 1.16 load
[runlim] sample:		2859.81 time, 2860.01 real, 312 MB, 1.13 load
[runlim] sample:		2869.82 time, 2870.01 real, 312 MB, 1.11 load
[runlim] sample:		2879.82 time, 2880.01 real, 316 MB, 1.10 load
[runlim] sample:		2889.82 time, 2890.01 real, 316 MB, 1.08 load
[runlim] sample:		2899.82 time, 2900.01 real, 316 MB, 1.07 load
[runlim] sample:		2909.81 time, 2910.01 real, 316 MB, 1.06 load
[runlim] sample:		2919.81 time, 2920.01 real, 316 MB, 1.05 load
[runlim] sample:		2929.81 time, 2930.01 real, 316 MB, 1.04 load
[runlim] sample:		2939.82 time, 2940.01 real, 316 MB, 1.03 load
[runlim] sample:		2949.81 time, 2950.01 real, 316 MB, 1.03 load
[runlim] sample:		2959.81 time, 2960.01 real, 316 MB, 1.02 load
[runlim] sample:		2969.81 time, 2970.01 real, 316 MB, 1.02 load
[runlim] sample:		2979.81 time, 2980.01 real, 316 MB, 1.02 load
[runlim] sample:		2989.81 time, 2990.01 real, 316 MB, 1.01 load
[runlim] sample:		2999.81 time, 3000.01 real, 316 MB, 1.01 load
[runlim] sample:		3009.81 time, 3010.01 real, 317 MB, 1.01 load
[runlim] sample:		3019.81 time, 3020.01 real, 317 MB, 1.01 load
[runlim] sample:		3029.81 time, 3030.01 real, 317 MB, 1.00 load
[runlim] sample:		3039.81 time, 3040.01 real, 317 MB, 1.00 load
[runlim] sample:		3049.81 time, 3050.01 real, 317 MB, 1.00 load
[runlim] sample:		3059.81 time, 3060.01 real, 317 MB, 1.00 load
[runlim] sample:		3069.80 time, 3070.01 real, 318 MB, 1.00 load
[runlim] sample:		3079.80 time, 3080.01 real, 318 MB, 1.00 load
[runlim] sample:		3089.80 time, 3090.01 real, 318 MB, 1.00 load
[runlim] sample:		3099.80 time, 3100.01 real, 318 MB, 1.00 load
[runlim] sample:		3109.80 time, 3110.01 real, 318 MB, 1.00 load
[runlim] sample:		3119.80 time, 3120.01 real, 320 MB, 1.00 load
[runlim] sample:		3129.80 time, 3130.01 real, 320 MB, 1.00 load
[runlim] sample:		3139.80 time, 3140.01 real, 320 MB, 1.00 load
[runlim] sample:		3149.80 time, 3150.01 real, 320 MB, 1.00 load
[runlim] sample:		3159.80 time, 3160.01 real, 320 MB, 1.00 load
[runlim] sample:		3169.80 time, 3170.01 real, 320 MB, 1.00 load
[runlim] sample:		3179.80 time, 3180.01 real, 320 MB, 1.00 load
[runlim] sample:		3189.80 time, 3190.01 real, 320 MB, 1.00 load
[runlim] sample:		3199.80 time, 3200.01 real, 320 MB, 1.00 load
[runlim] sample:		3209.79 time, 3210.01 real, 321 MB, 1.00 load
[runlim] sample:		3219.79 time, 3220.01 real, 321 MB, 1.00 load
[runlim] sample:		3229.79 time, 3230.01 real, 321 MB, 1.00 load
[runlim] sample:		3239.79 time, 3240.01 real, 321 MB, 1.00 load
[runlim] sample:		3249.79 time, 3250.01 real, 321 MB, 1.00 load
[runlim] sample:		3259.79 time, 3260.01 real, 321 MB, 1.00 load
[runlim] sample:		3269.79 time, 3270.01 real, 321 MB, 1.00 load
[runlim] sample:		3279.79 time, 3280.01 real, 321 MB, 1.00 load
[runlim] sample:		3289.79 time, 3290.01 real, 321 MB, 1.00 load
[runlim] sample:		3299.79 time, 3300.01 real, 321 MB, 1.00 load
[runlim] sample:		3309.79 time, 3310.01 real, 321 MB, 1.00 load
[runlim] sample:		3319.79 time, 3320.01 real, 321 MB, 1.00 load
[runlim] sample:		3329.79 time, 3330.01 real, 321 MB, 1.00 load
[runlim] sample:		3339.79 time, 3340.01 real, 321 MB, 1.00 load
[runlim] sample:		3349.79 time, 3350.01 real, 322 MB, 1.00 load
[runlim] sample:		3359.79 time, 3360.01 real, 322 MB, 1.00 load
[runlim] sample:		3369.79 time, 3370.01 real, 322 MB, 1.00 load
[runlim] sample:		3379.79 time, 3380.01 real, 329 MB, 1.00 load
[runlim] sample:		3389.78 time, 3390.01 real, 329 MB, 1.00 load
[runlim] sample:		3399.78 time, 3400.01 real, 329 MB, 1.00 load
[runlim] sample:		3409.78 time, 3410.01 real, 329 MB, 1.00 load
[runlim] sample:		3419.78 time, 3420.01 real, 329 MB, 1.00 load
[runlim] sample:		3429.78 time, 3430.01 real, 329 MB, 1.00 load
[runlim] sample:		3439.78 time, 3440.01 real, 329 MB, 1.00 load
[runlim] sample:		3449.78 time, 3450.01 real, 329 MB, 1.00 load
[runlim] sample:		3459.78 time, 3460.01 real, 329 MB, 1.00 load
[runlim] sample:		3469.78 time, 3470.01 real, 329 MB, 1.00 load
[runlim] sample:		3479.78 time, 3480.01 real, 329 MB, 1.00 load
[runlim] sample:		3489.78 time, 3490.01 real, 329 MB, 1.00 load
[runlim] sample:		3499.78 time, 3500.01 real, 329 MB, 1.00 load
[runlim] sample:		3509.78 time, 3510.01 real, 329 MB, 1.00 load
[runlim] sample:		3519.78 time, 3520.01 real, 329 MB, 1.00 load
[runlim] sample:		3529.78 time, 3530.01 real, 329 MB, 1.00 load
[runlim] sample:		3539.78 time, 3540.01 real, 329 MB, 1.00 load
[runlim] sample:		3549.78 time, 3550.01 real, 329 MB, 1.00 load
[runlim] sample:		3559.78 time, 3560.01 real, 330 MB, 1.00 load
[runlim] sample:		3569.78 time, 3570.01 real, 330 MB, 1.00 load
[runlim] sample:		3579.78 time, 3580.01 real, 330 MB, 1.00 load
[runlim] sample:		3589.78 time, 3590.01 real, 330 MB, 1.00 load
[runlim] sample:		3599.78 time, 3600.01 real, 330 MB, 1.00 load
[runlim] sample:		3609.77 time, 3610.01 real, 330 MB, 1.00 load
[runlim] sample:		3619.77 time, 3620.01 real, 330 MB, 1.00 load
[runlim] sample:		3629.77 time, 3630.01 real, 331 MB, 1.00 load
[runlim] sample:		3639.77 time, 3640.01 real, 333 MB, 1.00 load
[runlim] sample:		3649.77 time, 3650.01 real, 333 MB, 1.00 load
[runlim] sample:		3659.77 time, 3660.01 real, 333 MB, 1.00 load
[runlim] sample:		3669.77 time, 3670.01 real, 333 MB, 1.00 load
[runlim] sample:		3679.77 time, 3680.01 real, 333 MB, 1.00 load
[runlim] sample:		3689.77 time, 3690.01 real, 333 MB, 1.00 load
[runlim] sample:		3699.77 time, 3700.01 real, 333 MB, 1.00 load
[runlim] sample:		3709.77 time, 3710.01 real, 334 MB, 1.00 load
[runlim] sample:		3719.77 time, 3720.01 real, 334 MB, 1.00 load
[runlim] sample:		3729.77 time, 3730.01 real, 334 MB, 1.00 load
[runlim] sample:		3739.77 time, 3740.01 real, 334 MB, 1.00 load
[runlim] sample:		3749.77 time, 3750.01 real, 334 MB, 1.00 load
[runlim] sample:		3759.77 time, 3760.01 real, 334 MB, 1.00 load
[runlim] sample:		3769.77 time, 3770.01 real, 334 MB, 1.00 load
[runlim] sample:		3779.77 time, 3780.01 real, 334 MB, 1.00 load
[runlim] sample:		3789.76 time, 3790.01 real, 334 MB, 1.00 load
[runlim] sample:		3799.76 time, 3800.01 real, 334 MB, 1.00 load
[runlim] sample:		3809.76 time, 3810.01 real, 334 MB, 1.00 load
[runlim] sample:		3819.76 time, 3820.01 real, 334 MB, 1.00 load
[runlim] sample:		3829.76 time, 3830.01 real, 334 MB, 1.00 load
[runlim] sample:		3839.76 time, 3840.01 real, 334 MB, 1.00 load
[runlim] sample:		3849.76 time, 3850.01 real, 334 MB, 1.00 load
[runlim] sample:		3859.76 time, 3860.01 real, 334 MB, 1.00 load
[runlim] sample:		3869.76 time, 3870.01 real, 334 MB, 1.00 load
[runlim] sample:		3879.76 time, 3880.01 real, 334 MB, 1.00 load
[runlim] sample:		3889.76 time, 3890.01 real, 334 MB, 1.07 load
[runlim] sample:		3899.76 time, 3900.01 real, 334 MB, 1.06 load
[runlim] sample:		3909.76 time, 3910.01 real, 334 MB, 1.05 load
[runlim] sample:		3919.76 time, 3920.01 real, 336 MB, 1.04 load
[runlim] sample:		3929.76 time, 3930.01 real, 336 MB, 1.04 load
[runlim] sample:		3939.75 time, 3940.01 real, 337 MB, 1.03 load
[runlim] sample:		3949.75 time, 3950.01 real, 337 MB, 1.02 load
[runlim] sample:		3959.75 time, 3960.01 real, 337 MB, 1.02 load
[runlim] sample:		3969.75 time, 3970.01 real, 337 MB, 1.02 load
[runlim] sample:		3979.75 time, 3980.01 real, 337 MB, 1.01 load
[runlim] sample:		3989.75 time, 3990.01 real, 337 MB, 1.01 load
[runlim] sample:		3999.75 time, 4000.01 real, 337 MB, 1.01 load
[runlim] sample:		4009.75 time, 4010.01 real, 337 MB, 1.01 load
[runlim] sample:		4019.74 time, 4020.01 real, 337 MB, 1.01 load
[runlim] sample:		4029.74 time, 4030.01 real, 337 MB, 1.00 load
[runlim] sample:		4039.74 time, 4040.01 real, 337 MB, 1.00 load
[runlim] sample:		4049.74 time, 4050.01 real, 337 MB, 1.00 load
[runlim] sample:		4059.74 time, 4060.01 real, 337 MB, 1.00 load
[runlim] sample:		4069.74 time, 4070.01 real, 337 MB, 1.00 load
[runlim] sample:		4079.74 time, 4080.01 real, 337 MB, 1.00 load
[runlim] sample:		4089.74 time, 4090.01 real, 337 MB, 1.00 load
[runlim] sample:		4099.74 time, 4100.01 real, 337 MB, 1.00 load
[runlim] sample:		4109.74 time, 4110.01 real, 337 MB, 1.00 load
[runlim] sample:		4119.74 time, 4120.01 real, 337 MB, 1.00 load
[runlim] sample:		4129.74 time, 4130.01 real, 337 MB, 1.00 load
[runlim] sample:		4139.74 time, 4140.01 real, 337 MB, 1.00 load
[runlim] sample:		4149.74 time, 4150.01 real, 337 MB, 1.00 load
[runlim] sample:		4159.74 time, 4160.01 real, 337 MB, 1.00 load
[runlim] sample:		4169.74 time, 4170.01 real, 337 MB, 1.00 load
[runlim] sample:		4179.74 time, 4180.01 real, 338 MB, 1.00 load
[runlim] sample:		4189.74 time, 4190.01 real, 338 MB, 1.00 load
[runlim] sample:		4199.74 time, 4200.01 real, 338 MB, 1.00 load
[runlim] sample:		4209.74 time, 4210.01 real, 341 MB, 1.00 load
[runlim] sample:		4219.74 time, 4220.01 real, 341 MB, 1.00 load
[runlim] sample:		4229.74 time, 4230.01 real, 341 MB, 1.00 load
[runlim] sample:		4239.73 time, 4240.01 real, 341 MB, 1.00 load
[runlim] sample:		4249.73 time, 4250.01 real, 341 MB, 1.00 load
[runlim] sample:		4259.73 time, 4260.01 real, 341 MB, 1.00 load
[runlim] sample:		4269.73 time, 4270.01 real, 341 MB, 1.00 load
[runlim] sample:		4279.73 time, 4280.01 real, 341 MB, 1.00 load
[runlim] sample:		4289.73 time, 4290.01 real, 341 MB, 1.00 load
[runlim] sample:		4299.73 time, 4300.01 real, 341 MB, 1.00 load
[runlim] sample:		4309.73 time, 4310.01 real, 341 MB, 1.00 load
[runlim] sample:		4319.73 time, 4320.01 real, 341 MB, 1.00 load
[runlim] sample:		4329.73 time, 4330.01 real, 341 MB, 1.00 load
[runlim] sample:		4339.73 time, 4340.01 real, 342 MB, 1.00 load
[runlim] sample:		4349.73 time, 4350.01 real, 342 MB, 1.00 load
[runlim] sample:		4359.73 time, 4360.01 real, 342 MB, 1.00 load
[runlim] sample:		4369.73 time, 4370.01 real, 342 MB, 1.00 load
[runlim] sample:		4379.73 time, 4380.01 real, 342 MB, 1.00 load
[runlim] sample:		4389.73 time, 4390.01 real, 342 MB, 1.00 load
[runlim] sample:		4399.73 time, 4400.01 real, 342 MB, 1.00 load
[runlim] sample:		4409.73 time, 4410.01 real, 342 MB, 1.00 load
[runlim] sample:		4419.72 time, 4420.01 real, 341 MB, 1.00 load
[runlim] sample:		4429.72 time, 4430.01 real, 341 MB, 1.00 load
[runlim] sample:		4439.72 time, 4440.01 real, 341 MB, 1.00 load
[runlim] sample:		4449.72 time, 4450.01 real, 341 MB, 1.00 load
[runlim] sample:		4459.72 time, 4460.01 real, 341 MB, 1.00 load
[runlim] sample:		4469.72 time, 4470.01 real, 341 MB, 1.00 load
[runlim] sample:		4479.72 time, 4480.01 real, 341 MB, 1.00 load
[runlim] sample:		4489.72 time, 4490.01 real, 341 MB, 1.00 load
[runlim] sample:		4499.72 time, 4500.01 real, 343 MB, 1.00 load
[runlim] sample:		4509.72 time, 4510.01 real, 344 MB, 1.07 load
[runlim] sample:		4519.72 time, 4520.01 real, 344 MB, 1.06 load
[runlim] sample:		4529.72 time, 4530.01 real, 344 MB, 1.05 load
[runlim] sample:		4539.72 time, 4540.01 real, 344 MB, 1.04 load
[runlim] sample:		4549.72 time, 4550.01 real, 344 MB, 1.04 load
[runlim] sample:		4559.72 time, 4560.01 real, 344 MB, 1.03 load
[runlim] sample:		4569.72 time, 4570.01 real, 344 MB, 1.11 load
[runlim] sample:		4579.72 time, 4580.01 real, 344 MB, 1.09 load
[runlim] sample:		4589.72 time, 4590.01 real, 344 MB, 1.07 load
[runlim] sample:		4599.71 time, 4600.01 real, 344 MB, 1.06 load
[runlim] sample:		4609.71 time, 4610.01 real, 344 MB, 1.05 load
[runlim] sample:		4619.71 time, 4620.01 real, 344 MB, 1.04 load
[runlim] sample:		4629.71 time, 4630.01 real, 344 MB, 1.04 load
[runlim] sample:		4639.71 time, 4640.01 real, 344 MB, 1.03 load
[runlim] sample:		4649.71 time, 4650.01 real, 344 MB, 1.03 load
[runlim] sample:		4659.71 time, 4660.01 real, 342 MB, 1.02 load
[runlim] sample:		4669.71 time, 4670.01 real, 342 MB, 1.02 load
[runlim] sample:		4679.71 time, 4680.01 real, 342 MB, 1.01 load
[runlim] sample:		4689.71 time, 4690.01 real, 342 MB, 1.01 load
[runlim] sample:		4699.71 time, 4700.01 real, 342 MB, 1.01 load
[runlim] sample:		4709.71 time, 4710.01 real, 342 MB, 1.01 load
[runlim] sample:		4719.70 time, 4720.01 real, 342 MB, 1.01 load
[runlim] sample:		4729.70 time, 4730.01 real, 342 MB, 1.00 load
[runlim] sample:		4739.70 time, 4740.01 real, 337 MB, 1.00 load
[runlim] sample:		4749.70 time, 4750.01 real, 337 MB, 1.00 load
[runlim] sample:		4759.70 time, 4760.01 real, 337 MB, 1.08 load
[runlim] sample:		4769.70 time, 4770.01 real, 337 MB, 1.07 load
[runlim] sample:		4779.70 time, 4780.01 real, 337 MB, 1.06 load
[runlim] sample:		4789.70 time, 4790.01 real, 337 MB, 1.05 load
[runlim] sample:		4799.70 time, 4800.01 real, 337 MB, 1.04 load
[runlim] sample:		4809.71 time, 4810.01 real, 337 MB, 1.03 load
[runlim] sample:		4819.70 time, 4820.01 real, 337 MB, 1.03 load
[runlim] sample:		4829.70 time, 4830.01 real, 343 MB, 1.02 load
[runlim] sample:		4839.70 time, 4840.01 real, 343 MB, 1.02 load
[runlim] sample:		4849.70 time, 4850.01 real, 343 MB, 1.02 load
[runlim] sample:		4859.70 time, 4860.01 real, 343 MB, 1.09 load
[runlim] sample:		4869.70 time, 4870.01 real, 343 MB, 1.08 load
[runlim] sample:		4879.70 time, 4880.01 real, 343 MB, 1.07 load
[runlim] sample:		4889.70 time, 4890.01 real, 343 MB, 1.06 load
[runlim] sample:		4899.69 time, 4900.01 real, 343 MB, 1.05 load
[runlim] sample:		4909.69 time, 4910.01 real, 343 MB, 1.04 load
[runlim] sample:		4919.70 time, 4920.01 real, 346 MB, 1.03 load
[runlim] sample:		4929.70 time, 4930.01 real, 346 MB, 1.03 load
[runlim] sample:		4939.70 time, 4940.01 real, 346 MB, 1.02 load
[runlim] sample:		4949.70 time, 4950.01 real, 346 MB, 1.02 load
[runlim] sample:		4959.70 time, 4960.01 real, 346 MB, 1.02 load
[runlim] sample:		4969.69 time, 4970.01 real, 346 MB, 1.01 load
[runlim] sample:		4979.69 time, 4980.01 real, 346 MB, 1.01 load
[runlim] sample:		4989.69 time, 4990.01 real, 346 MB, 1.01 load
[runlim] sample:		4999.69 time, 5000.01 real, 347 MB, 1.01 load
[runlim] sample:		5009.69 time, 5010.01 real, 347 MB, 1.00 load
[runlim] sample:		5019.69 time, 5020.01 real, 347 MB, 1.00 load
[runlim] sample:		5029.69 time, 5030.01 real, 347 MB, 1.00 load
[runlim] sample:		5039.69 time, 5040.01 real, 347 MB, 1.00 load
[runlim] sample:		5049.69 time, 5050.01 real, 347 MB, 1.00 load
[runlim] sample:		5059.69 time, 5060.01 real, 347 MB, 1.00 load
[runlim] sample:		5069.69 time, 5070.01 real, 347 MB, 1.00 load
[runlim] sample:		5079.69 time, 5080.01 real, 347 MB, 1.00 load
[runlim] sample:		5089.68 time, 5090.01 real, 348 MB, 1.00 load
[runlim] sample:		5099.68 time, 5100.01 real, 348 MB, 1.00 load
[runlim] sample:		5109.68 time, 5110.01 real, 348 MB, 1.00 load
[runlim] sample:		5119.68 time, 5120.01 real, 348 MB, 1.00 load
[runlim] sample:		5129.69 time, 5130.01 real, 348 MB, 1.00 load
[runlim] sample:		5139.68 time, 5140.01 real, 348 MB, 1.00 load
[runlim] sample:		5149.68 time, 5150.01 real, 348 MB, 1.00 load
[runlim] sample:		5159.68 time, 5160.01 real, 348 MB, 1.00 load
[runlim] sample:		5169.68 time, 5170.01 real, 348 MB, 1.00 load
[runlim] sample:		5179.68 time, 5180.01 real, 348 MB, 1.00 load
[runlim] sample:		5189.68 time, 5190.01 real, 348 MB, 1.00 load
[runlim] sample:		5199.68 time, 5200.01 real, 348 MB, 1.00 load
[runlim] sample:		5209.68 time, 5210.01 real, 348 MB, 1.00 load
[runlim] sample:		5219.68 time, 5220.01 real, 348 MB, 1.00 load
[runlim] sample:		5229.68 time, 5230.01 real, 348 MB, 1.00 load
[runlim] sample:		5239.68 time, 5240.01 real, 348 MB, 1.00 load
[runlim] sample:		5249.68 time, 5250.01 real, 348 MB, 1.00 load
[runlim] sample:		5259.68 time, 5260.01 real, 348 MB, 1.00 load
[runlim] sample:		5269.68 time, 5270.01 real, 348 MB, 1.00 load
[runlim] sample:		5279.67 time, 5280.01 real, 349 MB, 1.00 load
[runlim] sample:		5289.67 time, 5290.01 real, 349 MB, 1.00 load
[runlim] sample:		5299.67 time, 5300.01 real, 349 MB, 1.00 load
[runlim] sample:		5309.67 time, 5310.01 real, 353 MB, 1.00 load
[runlim] sample:		5319.67 time, 5320.01 real, 353 MB, 1.00 load
[runlim] sample:		5329.67 time, 5330.01 real, 353 MB, 1.00 load
[runlim] sample:		5339.68 time, 5340.01 real, 350 MB, 1.00 load
[runlim] sample:		5349.67 time, 5350.01 real, 358 MB, 1.00 load
[runlim] sample:		5359.67 time, 5360.01 real, 358 MB, 1.00 load
[runlim] sample:		5369.67 time, 5370.01 real, 358 MB, 1.00 load
[runlim] sample:		5379.67 time, 5380.01 real, 354 MB, 1.00 load
[runlim] sample:		5389.67 time, 5390.01 real, 354 MB, 1.07 load
[runlim] sample:		5399.67 time, 5400.01 real, 354 MB, 1.06 load
[runlim] sample:		5409.67 time, 5410.01 real, 349 MB, 1.05 load
[runlim] sample:		5419.67 time, 5420.01 real, 349 MB, 1.04 load
[runlim] sample:		5429.67 time, 5430.01 real, 349 MB, 1.04 load
[runlim] sample:		5439.66 time, 5440.01 real, 352 MB, 1.03 load
[runlim] sample:		5449.66 time, 5450.01 real, 352 MB, 1.02 load
[runlim] sample:		5459.66 time, 5460.01 real, 358 MB, 1.02 load
[runlim] sample:		5469.67 time, 5470.01 real, 358 MB, 1.02 load
[runlim] sample:		5479.67 time, 5480.01 real, 358 MB, 1.01 load
[runlim] sample:		5489.67 time, 5490.01 real, 358 MB, 1.01 load
[runlim] sample:		5499.67 time, 5500.01 real, 359 MB, 1.01 load
[runlim] sample:		5509.67 time, 5510.01 real, 359 MB, 1.01 load
[runlim] sample:		5519.67 time, 5520.01 real, 359 MB, 1.01 load
[runlim] sample:		5529.67 time, 5530.01 real, 359 MB, 1.00 load
[runlim] sample:		5539.67 time, 5540.01 real, 361 MB, 1.00 load
[runlim] sample:		5549.67 time, 5550.01 real, 361 MB, 1.00 load
[runlim] sample:		5559.66 time, 5560.01 real, 355 MB, 1.00 load
[runlim] sample:		5569.66 time, 5570.01 real, 355 MB, 1.00 load
[runlim] sample:		5579.66 time, 5580.01 real, 355 MB, 1.00 load
[runlim] sample:		5589.66 time, 5590.01 real, 355 MB, 1.00 load
[runlim] sample:		5599.66 time, 5600.01 real, 370 MB, 1.00 load
[runlim] sample:		5609.66 time, 5610.01 real, 370 MB, 1.00 load
[runlim] sample:		5619.66 time, 5620.01 real, 370 MB, 1.00 load
[runlim] sample:		5629.66 time, 5630.01 real, 370 MB, 1.00 load
[runlim] sample:		5639.65 time, 5640.01 real, 362 MB, 1.00 load
[runlim] sample:		5649.65 time, 5650.01 real, 362 MB, 1.00 load
[runlim] sample:		5659.65 time, 5660.01 real, 362 MB, 1.00 load
[runlim] sample:		5669.66 time, 5670.01 real, 356 MB, 1.00 load
[runlim] sample:		5679.66 time, 5680.01 real, 356 MB, 1.00 load
[runlim] sample:		5689.66 time, 5690.01 real, 356 MB, 1.00 load
[runlim] sample:		5699.66 time, 5700.01 real, 356 MB, 1.00 load
[runlim] sample:		5709.65 time, 5710.01 real, 356 MB, 1.00 load
[runlim] sample:		5719.65 time, 5720.01 real, 356 MB, 1.00 load
[runlim] sample:		5729.65 time, 5730.01 real, 356 MB, 1.00 load
[runlim] sample:		5739.65 time, 5740.01 real, 356 MB, 1.00 load
[runlim] sample:		5749.65 time, 5750.01 real, 365 MB, 1.00 load
[runlim] sample:		5759.65 time, 5760.01 real, 365 MB, 1.00 load
[runlim] sample:		5769.65 time, 5770.01 real, 365 MB, 1.00 load
[runlim] sample:		5779.65 time, 5780.01 real, 365 MB, 1.00 load
[runlim] sample:		5789.65 time, 5790.01 real, 364 MB, 1.00 load
[runlim] sample:		5799.65 time, 5800.01 real, 364 MB, 1.00 load
[runlim] sample:		5809.65 time, 5810.01 real, 364 MB, 1.00 load
[runlim] sample:		5819.65 time, 5820.01 real, 364 MB, 1.00 load
[runlim] sample:		5829.65 time, 5830.01 real, 358 MB, 1.00 load
[runlim] sample:		5839.65 time, 5840.01 real, 358 MB, 1.00 load
[runlim] sample:		5849.65 time, 5850.01 real, 358 MB, 1.00 load
[runlim] sample:		5859.65 time, 5860.01 real, 358 MB, 1.00 load
[runlim] sample:		5869.65 time, 5870.01 real, 358 MB, 1.00 load
[runlim] sample:		5879.65 time, 5880.01 real, 358 MB, 1.00 load
[runlim] sample:		5889.65 time, 5890.01 real, 358 MB, 1.00 load
[runlim] sample:		5899.65 time, 5900.01 real, 358 MB, 1.00 load
[runlim] sample:		5909.65 time, 5910.01 real, 358 MB, 1.00 load
[runlim] sample:		5919.65 time, 5920.01 real, 385 MB, 1.00 load
[runlim] sample:		5929.65 time, 5930.01 real, 385 MB, 1.00 load
[runlim] sample:		5939.64 time, 5940.01 real, 385 MB, 1.00 load
[runlim] sample:		5949.64 time, 5950.01 real, 385 MB, 1.00 load
[runlim] sample:		5959.64 time, 5960.01 real, 416 MB, 1.00 load
[runlim] sample:		5969.64 time, 5970.01 real, 416 MB, 1.00 load
[runlim] sample:		5979.64 time, 5980.01 real, 416 MB, 1.00 load
[runlim] sample:		5989.64 time, 5990.01 real, 416 MB, 1.00 load
[runlim] sample:		5999.64 time, 6000.01 real, 416 MB, 1.00 load
[runlim] sample:		6009.64 time, 6010.01 real, 425 MB, 1.00 load
[runlim] sample:		6019.64 time, 6020.01 real, 425 MB, 1.00 load
[runlim] sample:		6029.64 time, 6030.01 real, 447 MB, 1.00 load
[runlim] sample:		6039.64 time, 6040.01 real, 447 MB, 1.00 load
[runlim] sample:		6049.63 time, 6050.01 real, 398 MB, 1.29 load
[runlim] sample:		6059.63 time, 6060.01 real, 398 MB, 1.25 load
[runlim] sample:		6069.63 time, 6070.01 real, 398 MB, 1.21 load
[runlim] sample:		6079.63 time, 6080.01 real, 398 MB, 1.18 load
[runlim] sample:		6089.63 time, 6090.01 real, 398 MB, 1.15 load
[runlim] sample:		6099.63 time, 6100.01 real, 404 MB, 1.13 load
[runlim] sample:		6109.63 time, 6110.01 real, 404 MB, 1.11 load
[runlim] sample:		6119.63 time, 6120.01 real, 404 MB, 1.09 load
[runlim] sample:		6129.63 time, 6130.01 real, 404 MB, 1.08 load
[runlim] sample:		6139.63 time, 6140.01 real, 404 MB, 1.06 load
[runlim] sample:		6149.63 time, 6150.01 real, 407 MB, 1.05 load
[runlim] sample:		6159.63 time, 6160.01 real, 407 MB, 1.04 load
[runlim] sample:		6169.63 time, 6170.01 real, 407 MB, 1.04 load
[runlim] sample:		6179.63 time, 6180.01 real, 407 MB, 1.03 load
[runlim] sample:		6189.62 time, 6190.01 real, 389 MB, 1.03 load
[runlim] sample:		6199.62 time, 6200.01 real, 389 MB, 1.02 load
[runlim] sample:		6209.62 time, 6210.01 real, 389 MB, 1.02 load
[runlim] sample:		6219.63 time, 6220.01 real, 392 MB, 1.01 load
[runlim] sample:		6229.63 time, 6230.01 real, 392 MB, 1.01 load
[runlim] sample:		6239.63 time, 6240.01 real, 392 MB, 1.01 load
[runlim] sample:		6249.62 time, 6250.01 real, 414 MB, 1.01 load
[runlim] sample:		6259.62 time, 6260.01 real, 414 MB, 1.01 load
[runlim] sample:		6269.62 time, 6270.01 real, 414 MB, 1.00 load
[runlim] sample:		6279.62 time, 6280.01 real, 414 MB, 1.00 load
[runlim] sample:		6289.62 time, 6290.01 real, 396 MB, 1.00 load
[runlim] sample:		6299.62 time, 6300.01 real, 396 MB, 1.00 load
[runlim] sample:		6309.62 time, 6310.01 real, 396 MB, 1.00 load
[runlim] sample:		6319.62 time, 6320.01 real, 396 MB, 1.00 load
[runlim] sample:		6329.62 time, 6330.01 real, 396 MB, 1.00 load
[runlim] sample:		6339.62 time, 6340.01 real, 446 MB, 1.08 load
[runlim] sample:		6349.62 time, 6350.01 real, 381 MB, 1.07 load
[runlim] sample:		6359.62 time, 6360.01 real, 381 MB, 1.06 load
[runlim] sample:		6369.62 time, 6370.01 real, 381 MB, 1.05 load
[runlim] sample:		6379.62 time, 6380.01 real, 381 MB, 1.04 load
[runlim] sample:		6389.61 time, 6390.01 real, 384 MB, 1.03 load
[runlim] sample:		6399.61 time, 6400.01 real, 384 MB, 1.03 load
[runlim] sample:		6409.61 time, 6410.01 real, 384 MB, 1.02 load
[runlim] sample:		6419.61 time, 6420.01 real, 384 MB, 1.02 load
[runlim] sample:		6429.61 time, 6430.01 real, 394 MB, 1.02 load
[runlim] sample:		6439.61 time, 6440.01 real, 394 MB, 1.01 load
[runlim] sample:		6449.61 time, 6450.01 real, 394 MB, 1.01 load
[runlim] sample:		6459.61 time, 6460.01 real, 385 MB, 1.01 load
[runlim] sample:		6469.61 time, 6470.01 real, 385 MB, 1.01 load
[runlim] sample:		6479.61 time, 6480.01 real, 385 MB, 1.00 load
[runlim] sample:		6489.61 time, 6490.01 real, 385 MB, 1.00 load
[runlim] sample:		6499.61 time, 6500.01 real, 403 MB, 1.00 load
[runlim] sample:		6509.61 time, 6510.01 real, 403 MB, 1.00 load
[runlim] sample:		6519.61 time, 6520.01 real, 403 MB, 1.00 load
[runlim] sample:		6529.61 time, 6530.01 real, 387 MB, 1.00 load
[runlim] sample:		6539.61 time, 6540.01 real, 387 MB, 1.00 load
[runlim] sample:		6549.61 time, 6550.01 real, 387 MB, 1.00 load
[runlim] sample:		6559.61 time, 6560.01 real, 391 MB, 1.00 load
[runlim] sample:		6569.61 time, 6570.01 real, 391 MB, 1.00 load
[runlim] sample:		6579.61 time, 6580.01 real, 391 MB, 1.00 load
[runlim] sample:		6589.61 time, 6590.01 real, 389 MB, 1.00 load
[runlim] sample:		6599.61 time, 6600.01 real, 389 MB, 1.00 load
[runlim] sample:		6609.61 time, 6610.01 real, 389 MB, 1.00 load
[runlim] sample:		6619.61 time, 6620.01 real, 389 MB, 1.00 load
[runlim] sample:		6629.60 time, 6630.01 real, 387 MB, 1.00 load
[runlim] sample:		6639.60 time, 6640.01 real, 387 MB, 1.00 load
[runlim] sample:		6649.60 time, 6650.01 real, 387 MB, 1.00 load
[runlim] sample:		6659.60 time, 6660.01 real, 387 MB, 1.00 load
[runlim] sample:		6669.60 time, 6670.01 real, 389 MB, 1.00 load
[runlim] sample:		6679.60 time, 6680.01 real, 389 MB, 1.00 load
[runlim] sample:		6689.60 time, 6690.01 real, 389 MB, 1.00 load
[runlim] sample:		6699.60 time, 6700.01 real, 389 MB, 1.00 load
[runlim] sample:		6709.59 time, 6710.01 real, 384 MB, 1.00 load
[runlim] sample:		6719.59 time, 6720.01 real, 384 MB, 1.00 load
[runlim] sample:		6729.59 time, 6730.01 real, 384 MB, 1.00 load
[runlim] sample:		6739.59 time, 6740.01 real, 384 MB, 1.00 load
[runlim] sample:		6749.60 time, 6750.01 real, 385 MB, 1.00 load
[runlim] sample:		6759.60 time, 6760.01 real, 385 MB, 1.00 load
[runlim] sample:		6769.60 time, 6770.01 real, 385 MB, 1.00 load
[runlim] sample:		6779.60 time, 6780.01 real, 385 MB, 1.00 load
[runlim] sample:		6789.60 time, 6790.01 real, 385 MB, 1.00 load
[runlim] sample:		6799.59 time, 6800.01 real, 386 MB, 1.00 load
[runlim] sample:		6809.59 time, 6810.01 real, 386 MB, 1.00 load
[runlim] sample:		6819.59 time, 6820.01 real, 386 MB, 1.00 load
[runlim] sample:		6829.59 time, 6830.01 real, 386 MB, 1.00 load
[runlim] sample:		6839.59 time, 6840.01 real, 388 MB, 1.00 load
[runlim] sample:		6849.59 time, 6850.01 real, 388 MB, 1.00 load
[runlim] sample:		6859.59 time, 6860.01 real, 388 MB, 1.00 load
[runlim] sample:		6869.59 time, 6870.01 real, 390 MB, 1.00 load
[runlim] sample:		6879.59 time, 6880.01 real, 390 MB, 1.00 load
[runlim] sample:		6889.59 time, 6890.01 real, 390 MB, 1.08 load
[runlim] sample:		6899.59 time, 6900.01 real, 390 MB, 1.07 load
[runlim] sample:		6909.59 time, 6910.01 real, 390 MB, 1.06 load
[runlim] sample:		6919.59 time, 6920.01 real, 399 MB, 1.05 load
[runlim] sample:		6929.59 time, 6930.01 real, 399 MB, 1.04 load
[runlim] sample:		6939.58 time, 6940.01 real, 399 MB, 1.11 load
[runlim] sample:		6949.59 time, 6950.01 real, 391 MB, 1.10 load
[runlim] sample:		6959.59 time, 6960.01 real, 391 MB, 1.08 load
[runlim] sample:		6969.58 time, 6970.01 real, 391 MB, 1.07 load
[runlim] sample:		6979.58 time, 6980.01 real, 391 MB, 1.06 load
[runlim] sample:		6989.58 time, 6990.01 real, 391 MB, 1.05 load
[runlim] sample:		6999.58 time, 7000.01 real, 391 MB, 1.04 load
[runlim] sample:		7009.58 time, 7010.01 real, 391 MB, 1.03 load
[runlim] sample:		7019.58 time, 7020.01 real, 391 MB, 1.03 load
[runlim] sample:		7029.58 time, 7030.01 real, 393 MB, 1.02 load
[runlim] sample:		7039.57 time, 7040.01 real, 393 MB, 1.02 load
[runlim] sample:		7049.57 time, 7050.01 real, 393 MB, 1.02 load
[runlim] sample:		7059.57 time, 7060.01 real, 393 MB, 1.01 load
[runlim] sample:		7069.58 time, 7070.01 real, 392 MB, 1.01 load
[runlim] sample:		7079.58 time, 7080.01 real, 392 MB, 1.01 load
[runlim] sample:		7089.58 time, 7090.01 real, 392 MB, 1.01 load
[runlim] sample:		7099.57 time, 7100.01 real, 392 MB, 1.00 load
[runlim] sample:		7109.57 time, 7110.01 real, 387 MB, 1.00 load
[runlim] sample:		7119.57 time, 7120.01 real, 387 MB, 1.00 load
[runlim] sample:		7129.57 time, 7130.01 real, 387 MB, 1.00 load
[runlim] sample:		7139.57 time, 7140.01 real, 387 MB, 1.56 load
[runlim] sample:		7149.57 time, 7150.01 real, 401 MB, 1.48 load
[runlim] sample:		7159.57 time, 7160.01 real, 401 MB, 1.40 load
[runlim] sample:		7169.57 time, 7170.01 real, 401 MB, 1.34 load
[runlim] sample:		7179.57 time, 7180.01 real, 401 MB, 1.29 load
[runlim] sample:		7189.57 time, 7190.01 real, 401 MB, 1.24 load
[runlim] sample:		7199.57 time, 7200.01 real, 401 MB, 1.20 load
[runlim] sample:		7209.56 time, 7210.01 real, 389 MB, 1.17 load
[runlim] sample:		7219.56 time, 7220.01 real, 389 MB, 1.15 load
[runlim] sample:		7229.56 time, 7230.01 real, 389 MB, 1.12 load
[runlim] sample:		7239.56 time, 7240.01 real, 389 MB, 1.10 load
[runlim] sample:		7249.56 time, 7250.01 real, 389 MB, 1.09 load
[runlim] sample:		7259.57 time, 7260.01 real, 388 MB, 1.07 load
[runlim] sample:		7269.56 time, 7270.01 real, 388 MB, 1.06 load
[runlim] sample:		7279.56 time, 7280.01 real, 388 MB, 1.05 load
[runlim] sample:		7289.56 time, 7290.01 real, 388 MB, 1.04 load
[runlim] sample:		7299.56 time, 7300.01 real, 388 MB, 1.04 load
[runlim] sample:		7309.57 time, 7310.01 real, 397 MB, 1.03 load
[runlim] sample:		7319.57 time, 7320.01 real, 397 MB, 1.02 load
[runlim] sample:		7329.57 time, 7330.01 real, 397 MB, 1.02 load
[runlim] sample:		7339.56 time, 7340.01 real, 397 MB, 1.02 load
[runlim] sample:		7349.56 time, 7350.01 real, 481 MB, 1.01 load
[runlim] sample:		7359.56 time, 7360.01 real, 388 MB, 1.01 load
[runlim] sample:		7369.56 time, 7370.01 real, 388 MB, 1.01 load
[runlim] sample:		7379.56 time, 7380.01 real, 388 MB, 1.01 load
[runlim] sample:		7389.56 time, 7390.01 real, 388 MB, 1.09 load
[runlim] sample:		7399.56 time, 7400.01 real, 388 MB, 1.07 load
[runlim] sample:		7409.56 time, 7410.01 real, 388 MB, 1.06 load
[runlim] sample:		7419.56 time, 7420.01 real, 387 MB, 1.05 load
[runlim] sample:		7429.56 time, 7430.01 real, 387 MB, 1.04 load
[runlim] sample:		7439.56 time, 7440.01 real, 387 MB, 1.04 load
[runlim] sample:		7449.56 time, 7450.01 real, 387 MB, 1.03 load
[runlim] sample:		7459.56 time, 7460.01 real, 387 MB, 1.02 load
[runlim] sample:		7469.56 time, 7470.01 real, 391 MB, 1.02 load
[runlim] sample:		7479.55 time, 7480.01 real, 391 MB, 1.02 load
[runlim] sample:		7489.55 time, 7490.01 real, 391 MB, 1.01 load
[runlim] sample:		7499.55 time, 7500.01 real, 391 MB, 1.01 load
[runlim] sample:		7509.55 time, 7510.01 real, 391 MB, 1.01 load
[runlim] sample:		7519.55 time, 7520.01 real, 391 MB, 1.01 load
[runlim] sample:		7529.55 time, 7530.01 real, 392 MB, 1.01 load
[runlim] sample:		7539.55 time, 7540.01 real, 392 MB, 1.08 load
[runlim] sample:		7549.55 time, 7550.01 real, 392 MB, 1.07 load
[runlim] sample:		7559.55 time, 7560.01 real, 392 MB, 1.06 load
[runlim] sample:		7569.54 time, 7570.01 real, 392 MB, 1.05 load
[runlim] sample:		7579.55 time, 7580.01 real, 390 MB, 1.04 load
[runlim] sample:		7589.55 time, 7590.01 real, 390 MB, 1.04 load
[runlim] sample:		7599.55 time, 7600.01 real, 390 MB, 1.03 load
[runlim] sample:		7609.55 time, 7610.01 real, 390 MB, 1.02 load
[runlim] sample:		7619.55 time, 7620.01 real, 390 MB, 1.02 load
[runlim] sample:		7629.55 time, 7630.01 real, 390 MB, 1.02 load
[runlim] sample:		7639.54 time, 7640.01 real, 391 MB, 1.09 load
[runlim] sample:		7649.54 time, 7650.01 real, 391 MB, 1.08 load
[runlim] sample:		7659.54 time, 7660.01 real, 391 MB, 1.07 load
[runlim] sample:		7669.54 time, 7670.01 real, 391 MB, 1.06 load
[runlim] sample:		7679.54 time, 7680.01 real, 391 MB, 1.05 load
[runlim] sample:		7689.54 time, 7690.01 real, 389 MB, 1.04 load
[runlim] sample:		7699.54 time, 7700.01 real, 389 MB, 1.03 load
[runlim] sample:		7709.54 time, 7710.01 real, 389 MB, 1.03 load
[runlim] sample:		7719.54 time, 7720.01 real, 389 MB, 1.02 load
[runlim] sample:		7729.54 time, 7730.01 real, 389 MB, 1.02 load
[runlim] sample:		7739.53 time, 7740.01 real, 393 MB, 1.02 load
[runlim] sample:		7749.53 time, 7750.01 real, 393 MB, 1.01 load
[runlim] sample:		7759.53 time, 7760.01 real, 393 MB, 1.01 load
[runlim] sample:		7769.53 time, 7770.01 real, 393 MB, 1.45 load
[runlim] sample:		7779.53 time, 7780.01 real, 393 MB, 1.38 load
[runlim] sample:		7789.54 time, 7790.01 real, 406 MB, 1.32 load
[runlim] sample:		7799.54 time, 7800.01 real, 406 MB, 1.27 load
[runlim] sample:		7809.54 time, 7810.01 real, 406 MB, 1.23 load
[runlim] sample:		7819.54 time, 7820.01 real, 406 MB, 1.34 load
[runlim] sample:		7829.54 time, 7830.01 real, 406 MB, 1.29 load
[runlim] sample:		7839.53 time, 7840.01 real, 400 MB, 1.24 load
[runlim] sample:		7849.53 time, 7850.01 real, 400 MB, 1.21 load
[runlim] sample:		7859.53 time, 7860.01 real, 400 MB, 1.17 load
[runlim] sample:		7869.53 time, 7870.01 real, 400 MB, 1.15 load
[runlim] sample:		7879.53 time, 7880.01 real, 394 MB, 1.12 load
[runlim] sample:		7889.53 time, 7890.01 real, 394 MB, 1.18 load
[runlim] sample:		7899.53 time, 7900.01 real, 394 MB, 1.16 load
[runlim] sample:		7909.53 time, 7910.01 real, 394 MB, 1.13 load
[runlim] sample:		7919.53 time, 7920.01 real, 394 MB, 1.11 load
[runlim] sample:		7929.52 time, 7930.01 real, 392 MB, 1.09 load
[runlim] sample:		7939.52 time, 7940.01 real, 392 MB, 1.08 load
[runlim] sample:		7949.53 time, 7950.01 real, 392 MB, 1.07 load
[runlim] sample:		7959.53 time, 7960.01 real, 392 MB, 1.06 load
[runlim] sample:		7969.53 time, 7970.01 real, 392 MB, 1.05 load
[runlim] sample:		7979.52 time, 7980.01 real, 394 MB, 1.04 load
[runlim] sample:		7989.52 time, 7990.01 real, 394 MB, 1.03 load
[runlim] sample:		7999.52 time, 8000.01 real, 394 MB, 1.03 load
[runlim] sample:		8009.52 time, 8010.01 real, 394 MB, 1.02 load
[runlim] sample:		8019.52 time, 8020.01 real, 394 MB, 1.02 load
[runlim] sample:		8029.52 time, 8030.01 real, 394 MB, 1.02 load
[runlim] sample:		8039.52 time, 8040.01 real, 394 MB, 1.01 load
[runlim] sample:		8049.52 time, 8050.01 real, 395 MB, 1.01 load
[runlim] sample:		8059.52 time, 8060.01 real, 395 MB, 1.01 load
[runlim] sample:		8069.52 time, 8070.01 real, 395 MB, 1.01 load
[runlim] sample:		8079.52 time, 8080.01 real, 395 MB, 1.00 load
[runlim] sample:		8089.52 time, 8090.01 real, 395 MB, 1.00 load
[runlim] sample:		8099.52 time, 8100.01 real, 416 MB, 1.00 load
[runlim] sample:		8109.52 time, 8110.01 real, 416 MB, 1.00 load
[runlim] sample:		8119.52 time, 8120.01 real, 416 MB, 1.00 load
[runlim] sample:		8129.52 time, 8130.01 real, 416 MB, 1.00 load
[runlim] sample:		8139.52 time, 8140.01 real, 416 MB, 1.00 load
[runlim] sample:		8149.51 time, 8150.01 real, 399 MB, 1.00 load
[runlim] sample:		8159.51 time, 8160.01 real, 399 MB, 1.00 load
[runlim] sample:		8169.51 time, 8170.01 real, 399 MB, 1.00 load
[runlim] sample:		8179.51 time, 8180.01 real, 399 MB, 1.00 load
[runlim] sample:		8189.52 time, 8190.01 real, 390 MB, 1.00 load
[runlim] sample:		8199.52 time, 8200.01 real, 390 MB, 1.00 load
[runlim] sample:		8209.51 time, 8210.01 real, 390 MB, 1.00 load
[runlim] sample:		8219.51 time, 8220.01 real, 390 MB, 1.00 load
[runlim] sample:		8229.51 time, 8230.01 real, 390 MB, 1.00 load
[runlim] sample:		8239.51 time, 8240.01 real, 412 MB, 1.00 load
[runlim] sample:		8249.51 time, 8250.01 real, 412 MB, 1.00 load
[runlim] sample:		8259.51 time, 8260.01 real, 412 MB, 1.00 load
[runlim] sample:		8269.51 time, 8270.01 real, 412 MB, 1.00 load
[runlim] sample:		8279.51 time, 8280.01 real, 412 MB, 1.00 load
[runlim] sample:		8289.50 time, 8290.01 real, 395 MB, 1.00 load
[runlim] sample:		8299.50 time, 8300.01 real, 395 MB, 1.00 load
[runlim] sample:		8309.50 time, 8310.01 real, 395 MB, 1.00 load
[runlim] sample:		8319.51 time, 8320.01 real, 395 MB, 1.00 load
[runlim] sample:		8329.51 time, 8330.01 real, 395 MB, 1.00 load
[runlim] sample:		8339.51 time, 8340.01 real, 395 MB, 1.00 load
[runlim] sample:		8349.50 time, 8350.01 real, 434 MB, 1.00 load
[runlim] sample:		8359.50 time, 8360.01 real, 434 MB, 1.00 load
[runlim] sample:		8369.50 time, 8370.01 real, 434 MB, 1.00 load
[runlim] sample:		8379.50 time, 8380.01 real, 434 MB, 1.00 load
[runlim] sample:		8389.50 time, 8390.01 real, 434 MB, 1.00 load
[runlim] sample:		8399.50 time, 8400.01 real, 434 MB, 1.00 load
[runlim] sample:		8409.50 time, 8410.01 real, 434 MB, 1.00 load
[runlim] sample:		8419.50 time, 8420.01 real, 434 MB, 1.00 load
[runlim] sample:		8429.50 time, 8430.01 real, 434 MB, 1.00 load
[runlim] sample:		8439.50 time, 8440.01 real, 434 MB, 1.00 load
[runlim] sample:		8449.50 time, 8450.01 real, 434 MB, 1.00 load
[runlim] sample:		8459.50 time, 8460.01 real, 434 MB, 1.00 load
[runlim] sample:		8469.50 time, 8470.01 real, 406 MB, 1.00 load
[runlim] sample:		8479.50 time, 8480.01 real, 406 MB, 1.00 load
[runlim] sample:		8489.50 time, 8490.01 real, 406 MB, 1.00 load
[runlim] sample:		8499.49 time, 8500.01 real, 406 MB, 1.00 load
[runlim] sample:		8509.49 time, 8510.01 real, 406 MB, 1.00 load
[runlim] sample:		8519.49 time, 8520.01 real, 406 MB, 1.07 load
[runlim] sample:		8529.49 time, 8530.01 real, 406 MB, 1.06 load
[runlim] sample:		8539.49 time, 8540.01 real, 406 MB, 1.05 load
[runlim] sample:		8549.49 time, 8550.01 real, 406 MB, 1.04 load
[runlim] sample:		8559.49 time, 8560.01 real, 406 MB, 1.04 load
[runlim] sample:		8569.49 time, 8570.01 real, 406 MB, 1.03 load
[runlim] sample:		8579.49 time, 8580.01 real, 406 MB, 1.02 load
[runlim] sample:		8589.49 time, 8590.01 real, 406 MB, 1.02 load
[runlim] sample:		8599.49 time, 8600.01 real, 406 MB, 1.02 load
[runlim] sample:		8609.48 time, 8610.01 real, 405 MB, 1.01 load
[runlim] sample:		8619.48 time, 8620.01 real, 405 MB, 1.01 load
[runlim] sample:		8629.48 time, 8630.01 real, 405 MB, 1.01 load
[runlim] sample:		8639.48 time, 8640.01 real, 405 MB, 1.01 load
[runlim] sample:		8649.48 time, 8650.01 real, 405 MB, 1.01 load
[runlim] sample:		8659.48 time, 8660.01 real, 405 MB, 1.00 load
[runlim] sample:		8669.48 time, 8670.01 real, 405 MB, 1.00 load
[runlim] sample:		8679.48 time, 8680.01 real, 405 MB, 1.00 load
[runlim] sample:		8689.48 time, 8690.01 real, 405 MB, 1.00 load
[runlim] sample:		8699.48 time, 8700.01 real, 405 MB, 1.08 load
[runlim] sample:		8709.48 time, 8710.01 real, 405 MB, 1.07 load
[runlim] sample:		8719.48 time, 8720.01 real, 405 MB, 1.06 load
[runlim] sample:		8729.48 time, 8730.01 real, 405 MB, 1.05 load
[runlim] sample:		8739.48 time, 8740.01 real, 405 MB, 1.04 load
[runlim] sample:		8749.47 time, 8750.01 real, 405 MB, 1.03 load
[runlim] sample:		8759.48 time, 8760.01 real, 405 MB, 1.03 load
[runlim] sample:		8769.48 time, 8770.01 real, 405 MB, 1.02 load
[runlim] sample:		8779.48 time, 8780.01 real, 405 MB, 1.02 load
[runlim] sample:		8789.48 time, 8790.01 real, 405 MB, 1.02 load
[runlim] sample:		8799.48 time, 8800.01 real, 405 MB, 1.01 load
[runlim] sample:		8809.48 time, 8810.01 real, 405 MB, 1.01 load
[runlim] sample:		8819.48 time, 8820.01 real, 405 MB, 1.01 load
[runlim] sample:		8829.48 time, 8830.01 real, 405 MB, 1.01 load
[runlim] sample:		8839.47 time, 8840.01 real, 434 MB, 1.00 load
[runlim] sample:		8849.47 time, 8850.01 real, 434 MB, 1.00 load
[runlim] sample:		8859.47 time, 8860.01 real, 434 MB, 1.00 load
[runlim] sample:		8869.47 time, 8870.01 real, 434 MB, 1.00 load
[runlim] sample:		8879.47 time, 8880.01 real, 434 MB, 1.00 load
[runlim] sample:		8889.47 time, 8890.01 real, 434 MB, 1.00 load
[runlim] sample:		8899.47 time, 8900.01 real, 434 MB, 1.00 load
[runlim] sample:		8909.47 time, 8910.01 real, 434 MB, 1.00 load
[runlim] sample:		8919.47 time, 8920.01 real, 436 MB, 1.00 load
[runlim] sample:		8929.47 time, 8930.01 real, 436 MB, 1.00 load
[runlim] sample:		8939.47 time, 8940.01 real, 436 MB, 1.00 load
[runlim] sample:		8949.47 time, 8950.01 real, 436 MB, 1.00 load
[runlim] sample:		8959.47 time, 8960.01 real, 436 MB, 1.00 load
[runlim] sample:		8969.47 time, 8970.01 real, 436 MB, 1.00 load
[runlim] sample:		8979.47 time, 8980.01 real, 436 MB, 1.00 load
[runlim] sample:		8989.47 time, 8990.01 real, 436 MB, 1.00 load
[runlim] sample:		8999.47 time, 9000.01 real, 436 MB, 1.00 load
[runlim] sample:		9009.47 time, 9010.01 real, 436 MB, 1.00 load
[runlim] sample:		9019.47 time, 9020.01 real, 436 MB, 1.44 load
[runlim] sample:		9029.47 time, 9030.01 real, 436 MB, 1.37 load
[runlim] sample:		9039.47 time, 9040.01 real, 436 MB, 1.32 load
[runlim] sample:		9049.46 time, 9050.01 real, 436 MB, 1.27 load
[runlim] sample:		9059.46 time, 9060.01 real, 436 MB, 1.23 load
[runlim] sample:		9069.46 time, 9070.01 real, 438 MB, 1.19 load
[runlim] sample:		9079.45 time, 9080.01 real, 438 MB, 1.16 load
[runlim] sample:		9089.45 time, 9090.01 real, 438 MB, 1.14 load
[runlim] sample:		9099.45 time, 9100.01 real, 438 MB, 1.11 load
[runlim] sample:		9109.45 time, 9110.01 real, 438 MB, 1.10 load
[runlim] sample:		9119.45 time, 9120.01 real, 438 MB, 1.15 load
[runlim] sample:		9129.45 time, 9130.01 real, 438 MB, 1.13 load
[runlim] sample:		9139.45 time, 9140.01 real, 438 MB, 1.11 load
[runlim] sample:		9149.45 time, 9150.01 real, 438 MB, 1.09 load
[runlim] sample:		9159.45 time, 9160.01 real, 438 MB, 1.08 load
[runlim] sample:		9169.45 time, 9170.01 real, 438 MB, 1.07 load
[runlim] sample:		9179.45 time, 9180.01 real, 438 MB, 1.06 load
[runlim] sample:		9189.45 time, 9190.01 real, 438 MB, 1.05 load
[runlim] sample:		9199.45 time, 9200.01 real, 438 MB, 1.04 load
[runlim] sample:		9209.45 time, 9210.01 real, 438 MB, 1.03 load
[runlim] sample:		9219.45 time, 9220.01 real, 439 MB, 1.03 load
[runlim] sample:		9229.45 time, 9230.01 real, 439 MB, 1.02 load
[runlim] sample:		9239.45 time, 9240.01 real, 439 MB, 1.02 load
[runlim] sample:		9249.45 time, 9250.01 real, 439 MB, 1.02 load
[runlim] sample:		9259.45 time, 9260.01 real, 439 MB, 1.01 load
[runlim] sample:		9269.45 time, 9270.01 real, 439 MB, 1.01 load
[runlim] sample:		9279.45 time, 9280.01 real, 439 MB, 1.01 load
[runlim] sample:		9289.45 time, 9290.01 real, 439 MB, 1.01 load
[runlim] sample:		9299.45 time, 9300.01 real, 439 MB, 1.00 load
[runlim] sample:		9309.45 time, 9310.01 real, 439 MB, 1.00 load
[runlim] sample:		9319.44 time, 9320.01 real, 439 MB, 1.00 load
[runlim] sample:		9329.44 time, 9330.01 real, 439 MB, 1.00 load
[runlim] sample:		9339.44 time, 9340.01 real, 439 MB, 1.00 load
[runlim] sample:		9349.44 time, 9350.01 real, 439 MB, 1.00 load
[runlim] sample:		9359.44 time, 9360.01 real, 439 MB, 1.00 load
[runlim] sample:		9369.44 time, 9370.01 real, 439 MB, 1.00 load
[runlim] sample:		9379.44 time, 9380.01 real, 439 MB, 1.00 load
[runlim] sample:		9389.44 time, 9390.01 real, 439 MB, 1.00 load
[runlim] sample:		9399.44 time, 9400.01 real, 445 MB, 1.00 load
[runlim] sample:		9409.44 time, 9410.01 real, 445 MB, 1.00 load
[runlim] sample:		9419.44 time, 9420.01 real, 445 MB, 1.00 load
[runlim] sample:		9429.44 time, 9430.01 real, 445 MB, 1.00 load
[runlim] sample:		9439.44 time, 9440.01 real, 445 MB, 1.00 load
[runlim] sample:		9449.44 time, 9450.01 real, 445 MB, 1.00 load
[runlim] sample:		9459.44 time, 9460.01 real, 445 MB, 1.00 load
[runlim] sample:		9469.44 time, 9470.01 real, 445 MB, 1.00 load
[runlim] sample:		9479.44 time, 9480.01 real, 445 MB, 1.00 load
[runlim] sample:		9489.44 time, 9490.01 real, 445 MB, 1.00 load
[runlim] sample:		9499.43 time, 9500.01 real, 445 MB, 1.00 load
[runlim] sample:		9509.43 time, 9510.01 real, 445 MB, 1.00 load
[runlim] sample:		9519.43 time, 9520.01 real, 445 MB, 1.00 load
[runlim] sample:		9529.43 time, 9530.01 real, 445 MB, 1.00 load
[runlim] sample:		9539.44 time, 9540.01 real, 445 MB, 1.00 load
[runlim] sample:		9549.44 time, 9550.01 real, 445 MB, 1.00 load
[runlim] sample:		9559.44 time, 9560.01 real, 445 MB, 1.00 load
[runlim] sample:		9569.44 time, 9570.01 real, 445 MB, 1.00 load
[runlim] sample:		9579.43 time, 9580.01 real, 445 MB, 1.00 load
[runlim] sample:		9589.43 time, 9590.01 real, 445 MB, 1.00 load
[runlim] sample:		9599.43 time, 9600.01 real, 445 MB, 1.00 load
[runlim] sample:		9609.43 time, 9610.01 real, 445 MB, 1.00 load
[runlim] sample:		9619.43 time, 9620.01 real, 445 MB, 1.00 load
[runlim] sample:		9629.43 time, 9630.01 real, 445 MB, 1.00 load
[runlim] sample:		9639.43 time, 9640.01 real, 445 MB, 1.00 load
[runlim] sample:		9649.43 time, 9650.01 real, 445 MB, 1.00 load
[runlim] sample:		9659.43 time, 9660.01 real, 445 MB, 1.00 load
[runlim] sample:		9669.43 time, 9670.01 real, 445 MB, 1.00 load
[runlim] sample:		9679.43 time, 9680.01 real, 445 MB, 1.00 load
[runlim] sample:		9689.43 time, 9690.01 real, 445 MB, 1.00 load
[runlim] sample:		9699.43 time, 9700.01 real, 448 MB, 1.00 load
[runlim] sample:		9709.43 time, 9710.01 real, 448 MB, 1.00 load
[runlim] sample:		9719.42 time, 9720.01 real, 448 MB, 1.00 load
[runlim] sample:		9729.42 time, 9730.01 real, 448 MB, 1.00 load
[runlim] sample:		9739.42 time, 9740.01 real, 448 MB, 1.00 load
[runlim] sample:		9749.42 time, 9750.01 real, 448 MB, 1.00 load
[runlim] sample:		9759.42 time, 9760.01 real, 448 MB, 1.00 load
[runlim] sample:		9769.42 time, 9770.01 real, 448 MB, 1.00 load
[runlim] sample:		9779.42 time, 9780.01 real, 448 MB, 1.00 load
[runlim] sample:		9789.42 time, 9790.01 real, 448 MB, 1.00 load
[runlim] sample:		9799.42 time, 9800.01 real, 448 MB, 1.00 load
[runlim] sample:		9809.42 time, 9810.01 real, 448 MB, 1.00 load
[runlim] sample:		9819.42 time, 9820.01 real, 448 MB, 1.00 load
[runlim] sample:		9829.42 time, 9830.01 real, 448 MB, 1.00 load
[runlim] sample:		9839.42 time, 9840.01 real, 448 MB, 1.00 load
[runlim] sample:		9849.42 time, 9850.01 real, 449 MB, 1.00 load
[runlim] sample:		9859.41 time, 9860.01 real, 449 MB, 1.00 load
[runlim] sample:		9869.41 time, 9870.01 real, 449 MB, 1.00 load
[runlim] sample:		9879.41 time, 9880.01 real, 449 MB, 1.00 load
[runlim] sample:		9889.41 time, 9890.01 real, 449 MB, 1.00 load
[runlim] sample:		9899.41 time, 9900.01 real, 449 MB, 1.00 load
[runlim] sample:		9909.41 time, 9910.01 real, 449 MB, 1.00 load
[runlim] sample:		9919.41 time, 9920.01 real, 449 MB, 1.00 load
[runlim] sample:		9929.41 time, 9930.01 real, 449 MB, 1.00 load
[runlim] sample:		9939.41 time, 9940.01 real, 449 MB, 1.00 load
[runlim] sample:		9949.41 time, 9950.01 real, 449 MB, 1.00 load
[runlim] sample:		9959.41 time, 9960.01 real, 449 MB, 1.00 load
[runlim] sample:		9969.41 time, 9970.01 real, 449 MB, 1.00 load
[runlim] sample:		9979.41 time, 9980.01 real, 449 MB, 1.00 load
[runlim] sample:		9989.40 time, 9990.01 real, 453 MB, 1.00 load
[runlim] sample:		9999.40 time, 10000.01 real, 453 MB, 1.00 load
[runlim] sample:		10009.40 time, 10010.01 real, 453 MB, 1.00 load
[runlim] sample:		10019.41 time, 10020.01 real, 451 MB, 1.00 load
[runlim] sample:		10029.41 time, 10030.01 real, 451 MB, 1.00 load
[runlim] sample:		10039.41 time, 10040.01 real, 451 MB, 1.00 load
[runlim] sample:		10049.41 time, 10050.01 real, 451 MB, 1.00 load
[runlim] sample:		10059.41 time, 10060.01 real, 451 MB, 1.00 load
[runlim] sample:		10069.41 time, 10070.01 real, 451 MB, 1.00 load
[runlim] sample:		10079.41 time, 10080.01 real, 451 MB, 1.00 load
[runlim] sample:		10089.41 time, 10090.01 real, 451 MB, 1.00 load
[runlim] sample:		10099.41 time, 10100.01 real, 451 MB, 1.00 load
[runlim] sample:		10109.40 time, 10110.01 real, 451 MB, 1.00 load
[runlim] sample:		10119.40 time, 10120.01 real, 451 MB, 1.00 load
[runlim] sample:		10129.40 time, 10130.01 real, 451 MB, 1.00 load
[runlim] sample:		10139.40 time, 10140.01 real, 451 MB, 1.08 load
[runlim] sample:		10149.40 time, 10150.01 real, 451 MB, 1.07 load
[runlim] sample:		10159.40 time, 10160.01 real, 451 MB, 1.06 load
[runlim] sample:		10169.40 time, 10170.01 real, 451 MB, 1.05 load
[runlim] sample:		10179.39 time, 10180.01 real, 454 MB, 1.04 load
[runlim] sample:		10189.39 time, 10190.01 real, 454 MB, 1.03 load
[runlim] sample:		10199.39 time, 10200.01 real, 454 MB, 1.03 load
[runlim] sample:		10209.39 time, 10210.01 real, 454 MB, 1.02 load
[runlim] sample:		10219.39 time, 10220.01 real, 454 MB, 1.02 load
[runlim] sample:		10229.39 time, 10230.01 real, 454 MB, 1.02 load
[runlim] sample:		10239.39 time, 10240.01 real, 454 MB, 1.01 load
[runlim] sample:		10249.39 time, 10250.01 real, 454 MB, 1.01 load
[runlim] sample:		10259.39 time, 10260.01 real, 454 MB, 1.01 load
[runlim] sample:		10269.39 time, 10270.01 real, 454 MB, 1.01 load
[runlim] sample:		10279.39 time, 10280.01 real, 454 MB, 1.00 load
[runlim] sample:		10289.39 time, 10290.01 real, 454 MB, 1.00 load
[runlim] sample:		10299.39 time, 10300.01 real, 454 MB, 1.00 load
[runlim] sample:		10309.39 time, 10310.01 real, 454 MB, 1.00 load
[runlim] sample:		10319.39 time, 10320.01 real, 454 MB, 1.00 load
[runlim] sample:		10329.38 time, 10330.01 real, 454 MB, 1.00 load
[runlim] sample:		10339.39 time, 10340.01 real, 454 MB, 1.00 load
[runlim] sample:		10349.39 time, 10350.01 real, 454 MB, 1.00 load
[runlim] sample:		10359.39 time, 10360.01 real, 454 MB, 1.00 load
[runlim] sample:		10369.39 time, 10370.01 real, 454 MB, 1.00 load
[runlim] sample:		10379.39 time, 10380.01 real, 454 MB, 1.00 load
[runlim] sample:		10389.39 time, 10390.01 real, 454 MB, 1.08 load
[runlim] sample:		10399.38 time, 10400.01 real, 454 MB, 1.07 load
[runlim] sample:		10409.38 time, 10410.01 real, 454 MB, 1.06 load
[runlim] sample:		10419.38 time, 10420.01 real, 454 MB, 1.05 load
[runlim] sample:		10429.38 time, 10430.01 real, 454 MB, 1.04 load
[runlim] sample:		10439.38 time, 10440.01 real, 454 MB, 1.03 load
[runlim] sample:		10449.38 time, 10450.01 real, 454 MB, 1.03 load
[runlim] sample:		10459.38 time, 10460.01 real, 454 MB, 1.02 load
[runlim] sample:		10469.38 time, 10470.01 real, 454 MB, 1.02 load
[runlim] sample:		10479.38 time, 10480.01 real, 454 MB, 1.02 load
[runlim] sample:		10489.38 time, 10490.01 real, 454 MB, 1.01 load
[runlim] sample:		10499.38 time, 10500.01 real, 454 MB, 1.01 load
[runlim] sample:		10509.38 time, 10510.01 real, 454 MB, 1.01 load
[runlim] sample:		10519.38 time, 10520.01 real, 454 MB, 1.01 load
[runlim] sample:		10529.38 time, 10530.01 real, 454 MB, 1.00 load
[runlim] sample:		10539.38 time, 10540.01 real, 454 MB, 1.00 load
[runlim] sample:		10549.37 time, 10550.01 real, 454 MB, 1.00 load
[runlim] sample:		10559.37 time, 10560.01 real, 454 MB, 1.00 load
[runlim] sample:		10569.37 time, 10570.01 real, 454 MB, 1.00 load
[runlim] sample:		10579.37 time, 10580.01 real, 454 MB, 1.00 load
[runlim] sample:		10589.37 time, 10590.01 real, 458 MB, 1.00 load
[runlim] sample:		10599.37 time, 10600.01 real, 458 MB, 1.00 load
[runlim] sample:		10609.37 time, 10610.01 real, 458 MB, 1.00 load
[runlim] sample:		10619.37 time, 10620.01 real, 458 MB, 1.00 load
[runlim] sample:		10629.37 time, 10630.01 real, 458 MB, 1.00 load
[runlim] sample:		10639.36 time, 10640.01 real, 458 MB, 1.00 load
[runlim] sample:		10649.36 time, 10650.01 real, 458 MB, 1.00 load
[runlim] sample:		10659.36 time, 10660.01 real, 458 MB, 1.00 load
[runlim] sample:		10669.37 time, 10670.01 real, 459 MB, 1.00 load
[runlim] sample:		10679.37 time, 10680.01 real, 459 MB, 1.00 load
[runlim] sample:		10689.37 time, 10690.01 real, 459 MB, 1.00 load
[runlim] sample:		10699.37 time, 10700.01 real, 459 MB, 1.00 load
[runlim] sample:		10709.37 time, 10710.01 real, 459 MB, 1.00 load
[runlim] sample:		10719.37 time, 10720.01 real, 459 MB, 1.00 load
[runlim] sample:		10729.37 time, 10730.01 real, 459 MB, 1.00 load
[runlim] sample:		10739.36 time, 10740.01 real, 459 MB, 1.00 load
[runlim] sample:		10749.36 time, 10750.01 real, 459 MB, 1.00 load
[runlim] sample:		10759.36 time, 10760.01 real, 459 MB, 1.00 load
[runlim] sample:		10769.36 time, 10770.01 real, 459 MB, 1.00 load
[runlim] sample:		10779.36 time, 10780.01 real, 459 MB, 1.00 load
[runlim] sample:		10789.36 time, 10790.01 real, 459 MB, 1.00 load
[runlim] sample:		10799.36 time, 10800.01 real, 459 MB, 1.00 load
[runlim] end:			Sun Jul 19 10:11:27 2026
[runlim] status:		out of time
[runlim] result:		2
[runlim] children:		1
[runlim] processes:		2
[runlim] real:			10801.04 seconds
[runlim] time:			10799.36 seconds
[runlim] space:			569 MB
[runlim] load:			1.72 maximum
[runlim] samples:		108000
