[runlim] version:		2.0.0rc12
[runlim] host:			ap-Precision-7550
[runlim] time limit:		311040000 seconds
[runlim] real time limit:	1800 seconds
[runlim] space limit:		14000 MB
[runlim] argv[0]:		python3
[runlim] argv[1]:		-u
[runlim] argv[2]:		binary_search.py
[runlim] argv[3]:		datasets/dafjs/DAFJS12
[runlim] start:			Sun Apr 19 17:57:45 2026
[runlim] child:			7405
Operations: 117, Edges: 114, Machines: 10
Greedy Schedule UB: 791
Lower Bound: 549 (precedence=530, avg_load=549, mandatory=0)

Trying to solve with expected makespan (UB) = 669 (LB=549, UB=790)
[runlim] sample:		9.95 time, 10.01 real, 810 MB, 1.06 load
[runlim] sample:		19.94 time, 20.01 real, 816 MB, 1.05 load
[runlim] sample:		29.94 time, 30.01 real, 819 MB, 1.04 load
SAT

=> TOTAL COMPLETION TIME (Makespan / UB): 669
Schedule verified successfully with makespan 669. Updating UB.
Time taken: 32.82 seconds

Trying to solve with expected makespan (UB) = 608 (LB=549, UB=668)
[runlim] sample:		39.93 time, 40.01 real, 840 MB, 1.03 load
[runlim] sample:		49.92 time, 50.01 real, 763 MB, 1.03 load
[runlim] sample:		59.93 time, 60.01 real, 957 MB, 1.02 load
[runlim] sample:		69.91 time, 70.01 real, 787 MB, 1.02 load
[runlim] sample:		79.91 time, 80.01 real, 951 MB, 1.02 load
[runlim] sample:		89.91 time, 90.01 real, 956 MB, 1.01 load
[runlim] sample:		99.90 time, 100.01 real, 789 MB, 1.01 load
[runlim] sample:		109.90 time, 110.01 real, 789 MB, 1.01 load
[runlim] sample:		119.89 time, 120.01 real, 784 MB, 1.01 load
[runlim] sample:		129.88 time, 130.01 real, 784 MB, 1.00 load
[runlim] sample:		139.88 time, 140.01 real, 782 MB, 1.00 load
[runlim] sample:		149.87 time, 150.01 real, 782 MB, 1.00 load
[runlim] sample:		159.87 time, 160.01 real, 782 MB, 1.00 load
[runlim] sample:		169.86 time, 170.01 real, 780 MB, 1.08 load
[runlim] sample:		179.85 time, 180.01 real, 780 MB, 1.06 load
[runlim] sample:		189.84 time, 190.01 real, 781 MB, 1.05 load
[runlim] sample:		199.85 time, 200.01 real, 779 MB, 1.12 load
[runlim] sample:		209.84 time, 210.01 real, 779 MB, 1.18 load
[runlim] sample:		219.83 time, 220.01 real, 786 MB, 1.15 load
[runlim] sample:		229.82 time, 230.01 real, 784 MB, 1.13 load
[runlim] sample:		239.81 time, 240.01 real, 785 MB, 1.11 load
[runlim] sample:		249.81 time, 250.01 real, 785 MB, 1.09 load
[runlim] sample:		259.81 time, 260.01 real, 789 MB, 1.08 load
[runlim] sample:		269.80 time, 270.01 real, 784 MB, 1.06 load
[runlim] sample:		279.79 time, 280.01 real, 795 MB, 1.05 load
[runlim] sample:		289.79 time, 290.01 real, 788 MB, 1.05 load
[runlim] sample:		299.79 time, 300.01 real, 786 MB, 1.04 load
[runlim] sample:		309.78 time, 310.01 real, 788 MB, 1.03 load
[runlim] sample:		319.77 time, 320.01 real, 789 MB, 1.11 load
[runlim] sample:		329.76 time, 330.01 real, 789 MB, 1.09 load
[runlim] sample:		339.75 time, 340.01 real, 788 MB, 1.08 load
[runlim] sample:		349.75 time, 350.01 real, 782 MB, 1.06 load
[runlim] sample:		359.74 time, 360.01 real, 787 MB, 1.05 load
[runlim] sample:		369.74 time, 370.01 real, 788 MB, 1.04 load
[runlim] sample:		379.74 time, 380.01 real, 788 MB, 1.04 load
[runlim] sample:		389.73 time, 390.01 real, 783 MB, 1.03 load
[runlim] sample:		399.73 time, 400.01 real, 776 MB, 1.03 load
[runlim] sample:		409.72 time, 410.01 real, 776 MB, 1.02 load
[runlim] sample:		419.71 time, 420.01 real, 776 MB, 1.02 load
[runlim] sample:		429.71 time, 430.01 real, 777 MB, 1.01 load
[runlim] sample:		439.70 time, 440.01 real, 777 MB, 1.01 load
[runlim] sample:		449.70 time, 450.01 real, 777 MB, 1.01 load
[runlim] sample:		459.69 time, 460.01 real, 777 MB, 1.01 load
[runlim] sample:		469.69 time, 470.01 real, 778 MB, 1.01 load
[runlim] sample:		479.68 time, 480.01 real, 778 MB, 1.00 load
[runlim] sample:		489.67 time, 490.01 real, 777 MB, 1.00 load
[runlim] sample:		499.67 time, 500.01 real, 777 MB, 1.00 load
[runlim] sample:		509.67 time, 510.01 real, 777 MB, 1.00 load
[runlim] sample:		519.66 time, 520.01 real, 777 MB, 1.00 load
[runlim] sample:		529.66 time, 530.01 real, 777 MB, 1.00 load
[runlim] sample:		539.65 time, 540.01 real, 777 MB, 1.00 load
[runlim] sample:		549.64 time, 550.01 real, 777 MB, 1.00 load
[runlim] sample:		559.64 time, 560.01 real, 777 MB, 1.00 load
[runlim] sample:		569.64 time, 570.01 real, 778 MB, 1.00 load
[runlim] sample:		579.63 time, 580.01 real, 778 MB, 1.00 load
[runlim] sample:		589.63 time, 590.01 real, 778 MB, 1.00 load
[runlim] sample:		599.62 time, 600.01 real, 778 MB, 1.00 load
[runlim] sample:		609.61 time, 610.01 real, 778 MB, 1.00 load
[runlim] sample:		619.61 time, 620.01 real, 778 MB, 1.00 load
[runlim] sample:		629.60 time, 630.01 real, 779 MB, 1.00 load
[runlim] sample:		639.60 time, 640.01 real, 779 MB, 1.00 load
[runlim] sample:		649.60 time, 650.01 real, 779 MB, 1.00 load
[runlim] sample:		659.59 time, 660.01 real, 779 MB, 1.00 load
[runlim] sample:		669.59 time, 670.01 real, 779 MB, 1.00 load
[runlim] sample:		679.58 time, 680.01 real, 779 MB, 1.00 load
[runlim] sample:		689.58 time, 690.01 real, 779 MB, 1.00 load
[runlim] sample:		699.57 time, 700.01 real, 779 MB, 1.08 load
[runlim] sample:		709.57 time, 710.01 real, 779 MB, 1.14 load
[runlim] sample:		719.56 time, 720.01 real, 779 MB, 1.12 load
[runlim] sample:		729.55 time, 730.01 real, 783 MB, 1.10 load
[runlim] sample:		739.55 time, 740.01 real, 783 MB, 1.16 load
[runlim] sample:		749.55 time, 750.01 real, 794 MB, 1.13 load
[runlim] sample:		759.54 time, 760.01 real, 794 MB, 1.19 load
[runlim] sample:		769.54 time, 770.01 real, 794 MB, 1.16 load
[runlim] sample:		779.54 time, 780.01 real, 797 MB, 1.21 load
[runlim] sample:		789.53 time, 790.01 real, 797 MB, 1.17 load
[runlim] sample:		799.52 time, 800.01 real, 800 MB, 1.22 load
[runlim] sample:		809.52 time, 810.01 real, 800 MB, 1.19 load
[runlim] sample:		819.52 time, 820.01 real, 800 MB, 1.23 load
[runlim] sample:		829.51 time, 830.01 real, 799 MB, 1.20 load
[runlim] sample:		839.51 time, 840.01 real, 799 MB, 1.24 load
[runlim] sample:		849.50 time, 850.01 real, 798 MB, 1.20 load
[runlim] sample:		859.50 time, 860.01 real, 798 MB, 1.24 load
[runlim] sample:		869.50 time, 870.01 real, 806 MB, 1.21 load
[runlim] sample:		879.49 time, 880.01 real, 815 MB, 1.17 load
[runlim] sample:		889.49 time, 890.01 real, 815 MB, 1.15 load
[runlim] sample:		899.48 time, 900.01 real, 804 MB, 1.12 load
[runlim] sample:		909.47 time, 910.01 real, 804 MB, 1.10 load
[runlim] sample:		919.47 time, 920.01 real, 795 MB, 1.09 load
[runlim] sample:		929.47 time, 930.01 real, 795 MB, 1.15 load
[runlim] sample:		939.47 time, 940.01 real, 795 MB, 1.12 load
[runlim] sample:		949.46 time, 950.01 real, 796 MB, 1.10 load
[runlim] sample:		959.46 time, 960.01 real, 796 MB, 1.09 load
[runlim] sample:		969.45 time, 970.01 real, 796 MB, 1.07 load
[runlim] sample:		979.45 time, 980.01 real, 797 MB, 1.06 load
[runlim] sample:		989.44 time, 990.01 real, 797 MB, 1.05 load
[runlim] sample:		999.44 time, 1000.01 real, 797 MB, 1.04 load
[runlim] sample:		1009.43 time, 1010.01 real, 801 MB, 1.04 load
[runlim] sample:		1019.43 time, 1020.01 real, 801 MB, 1.03 load
[runlim] sample:		1029.43 time, 1030.01 real, 800 MB, 1.02 load
[runlim] sample:		1039.42 time, 1040.01 real, 800 MB, 1.02 load
[runlim] sample:		1049.42 time, 1050.01 real, 800 MB, 1.02 load
[runlim] sample:		1059.42 time, 1060.01 real, 801 MB, 1.01 load
SAT

=> TOTAL COMPLETION TIME (Makespan / UB): 608
Schedule verified successfully with makespan 608. Updating UB.
Time taken: 1069.57 seconds

Trying to solve with expected makespan (UB) = 578 (LB=549, UB=607)
[runlim] sample:		1069.42 time, 1070.01 real, 800 MB, 1.01 load
[runlim] sample:		1079.41 time, 1080.01 real, 765 MB, 1.17 load
[runlim] sample:		1089.40 time, 1090.01 real, 765 MB, 1.14 load
[runlim] sample:		1099.40 time, 1100.01 real, 769 MB, 1.12 load
[runlim] sample:		1109.40 time, 1110.01 real, 769 MB, 1.10 load
[runlim] sample:		1119.39 time, 1120.01 real, 775 MB, 1.09 load
[runlim] sample:		1129.38 time, 1130.01 real, 775 MB, 1.07 load
[runlim] sample:		1139.38 time, 1140.01 real, 775 MB, 1.06 load
[runlim] sample:		1149.38 time, 1150.01 real, 773 MB, 1.05 load
[runlim] sample:		1159.37 time, 1160.01 real, 764 MB, 1.04 load
[runlim] sample:		1169.36 time, 1170.01 real, 764 MB, 1.12 load
[runlim] sample:		1179.35 time, 1180.01 real, 761 MB, 1.10 load
[runlim] sample:		1189.35 time, 1190.01 real, 761 MB, 1.08 load
[runlim] sample:		1199.34 time, 1200.01 real, 761 MB, 1.15 load
[runlim] sample:		1209.34 time, 1210.01 real, 762 MB, 1.20 load
[runlim] sample:		1219.34 time, 1220.01 real, 766 MB, 1.17 load
[runlim] sample:		1229.33 time, 1230.01 real, 766 MB, 1.14 load
[runlim] sample:		1239.32 time, 1240.01 real, 763 MB, 1.12 load
[runlim] sample:		1249.32 time, 1250.01 real, 763 MB, 1.10 load
[runlim] sample:		1259.32 time, 1260.01 real, 778 MB, 1.08 load
[runlim] sample:		1269.31 time, 1270.01 real, 778 MB, 1.07 load
[runlim] sample:		1279.31 time, 1280.01 real, 778 MB, 1.06 load
[runlim] sample:		1289.31 time, 1290.01 real, 931 MB, 1.05 load
[runlim] sample:		1299.30 time, 1300.01 real, 774 MB, 1.04 load
[runlim] sample:		1309.30 time, 1310.01 real, 774 MB, 1.04 load
[runlim] sample:		1319.30 time, 1320.01 real, 776 MB, 1.03 load
[runlim] sample:		1329.29 time, 1330.01 real, 776 MB, 1.02 load
[runlim] sample:		1339.28 time, 1340.01 real, 776 MB, 1.02 load
[runlim] sample:		1349.28 time, 1350.01 real, 776 MB, 1.02 load
[runlim] sample:		1359.27 time, 1360.01 real, 778 MB, 1.01 load
[runlim] sample:		1369.27 time, 1370.01 real, 778 MB, 1.01 load
[runlim] sample:		1379.26 time, 1380.01 real, 778 MB, 1.01 load
[runlim] sample:		1389.26 time, 1390.01 real, 778 MB, 1.01 load
[runlim] sample:		1399.25 time, 1400.01 real, 777 MB, 1.09 load
[runlim] sample:		1409.25 time, 1410.01 real, 777 MB, 1.07 load
[runlim] sample:		1419.25 time, 1420.01 real, 777 MB, 1.06 load
[runlim] sample:		1429.25 time, 1430.01 real, 775 MB, 1.05 load
[runlim] sample:		1439.24 time, 1440.01 real, 775 MB, 1.04 load
[runlim] sample:		1449.24 time, 1450.01 real, 775 MB, 1.12 load
[runlim] sample:		1459.23 time, 1460.01 real, 780 MB, 1.10 load
[runlim] sample:		1469.22 time, 1470.01 real, 780 MB, 1.08 load
[runlim] sample:		1479.22 time, 1480.01 real, 780 MB, 1.07 load
[runlim] sample:		1489.22 time, 1490.01 real, 758 MB, 1.06 load
[runlim] sample:		1499.22 time, 1500.01 real, 758 MB, 1.05 load
[runlim] sample:		1509.20 time, 1510.01 real, 760 MB, 1.04 load
[runlim] sample:		1519.20 time, 1520.01 real, 760 MB, 1.03 load
[runlim] sample:		1529.20 time, 1530.01 real, 760 MB, 1.03 load
[runlim] sample:		1539.20 time, 1540.01 real, 761 MB, 1.02 load
[runlim] sample:		1549.20 time, 1550.01 real, 761 MB, 1.02 load
[runlim] sample:		1559.19 time, 1560.01 real, 901 MB, 1.02 load
[runlim] sample:		1569.19 time, 1570.01 real, 762 MB, 1.01 load
[runlim] sample:		1579.19 time, 1580.01 real, 762 MB, 1.01 load
[runlim] sample:		1589.18 time, 1590.01 real, 762 MB, 1.01 load
[runlim] sample:		1599.18 time, 1600.01 real, 762 MB, 1.01 load
[runlim] sample:		1609.18 time, 1610.01 real, 762 MB, 1.00 load
[runlim] sample:		1619.17 time, 1620.01 real, 762 MB, 1.00 load
[runlim] sample:		1629.17 time, 1630.01 real, 763 MB, 1.00 load
[runlim] sample:		1639.16 time, 1640.01 real, 763 MB, 1.00 load
[runlim] sample:		1649.16 time, 1650.01 real, 763 MB, 1.00 load
[runlim] sample:		1659.15 time, 1660.01 real, 763 MB, 1.00 load
[runlim] sample:		1669.14 time, 1670.01 real, 763 MB, 1.00 load
[runlim] sample:		1679.14 time, 1680.01 real, 763 MB, 1.00 load
[runlim] sample:		1689.13 time, 1690.01 real, 763 MB, 1.00 load
[runlim] sample:		1699.14 time, 1700.01 real, 764 MB, 1.00 load
[runlim] sample:		1709.13 time, 1710.01 real, 764 MB, 1.15 load
[runlim] sample:		1719.13 time, 1720.01 real, 764 MB, 1.20 load
[runlim] sample:		1729.12 time, 1730.01 real, 765 MB, 1.25 load
[runlim] sample:		1739.12 time, 1740.01 real, 765 MB, 1.28 load
[runlim] sample:		1749.11 time, 1750.01 real, 765 MB, 1.31 load
[runlim] sample:		1759.11 time, 1760.01 real, 765 MB, 1.34 load
[runlim] sample:		1769.10 time, 1770.01 real, 765 MB, 1.36 load
[runlim] sample:		1779.10 time, 1780.01 real, 765 MB, 1.38 load
[runlim] sample:		1789.09 time, 1790.01 real, 765 MB, 1.39 load
[runlim] sample:		1799.09 time, 1800.01 real, 765 MB, 1.41 load
[runlim] end:			Sun Apr 19 18:27:46 2026
[runlim] status:		out of time
[runlim] result:		2
[runlim] children:		1
[runlim] processes:		2
[runlim] real:			1801.06 seconds
[runlim] time:			1799.09 seconds
[runlim] space:			1054 MB
[runlim] load:			1.44 maximum
[runlim] samples:		18000
