[runlim] version:		2.0.0rc12
[runlim] host:			ap-Precision-7550
[runlim] time limit:		311040000 seconds
[runlim] real time limit:	1800 seconds
[runlim] space limit:		14000 MB
[runlim] argv[0]:		python3
[runlim] argv[1]:		-u
[runlim] argv[2]:		binary_search.py
[runlim] argv[3]:		datasets/dafjs/DAFJS04
[runlim] start:			Sun Apr 19 16:47:01 2026
[runlim] child:			7199
Operations: 43, Edges: 40, Machines: 10
Greedy Schedule UB: 606
Lower Bound: 606 (precedence=606, avg_load=225, mandatory=0)

Search complete. Optimal makespan is 606.
[runlim] end:			Sun Apr 19 16:47:01 2026
[runlim] status:		ok
[runlim] result:		0
[runlim] children:		0
[runlim] processes:		0
[runlim] real:			0.03 seconds
[runlim] time:			0.00 seconds
[runlim] space:			0 MB
[runlim] load:			1.05 maximum
[runlim] samples:		1
