[runlim] version:		2.0.0rc12
[runlim] host:			ap-Precision-7550
[runlim] time limit:		311040000 seconds
[runlim] real time limit:	1800 seconds
[runlim] space limit:		14000 MB
[runlim] argv[0]:		python3
[runlim] argv[1]:		-u
[runlim] argv[2]:		binary_search.py
[runlim] argv[3]:		datasets/dafjs/DAFJS15
[runlim] start:			Sun Apr 19 19:27:48 2026
[runlim] child:			7746
Operations: 120, Edges: 117, Machines: 10
Greedy Schedule UB: 783
Lower Bound: 604 (precedence=512, avg_load=604, mandatory=0)

Trying to solve with expected makespan (UB) = 693 (LB=604, UB=782)
[runlim] sample:		9.95 time, 10.01 real, 931 MB, 1.23 load
[runlim] sample:		19.95 time, 20.01 real, 748 MB, 1.20 load
[runlim] sample:		29.94 time, 30.01 real, 748 MB, 1.24 load
[runlim] sample:		39.94 time, 40.01 real, 776 MB, 1.20 load
[runlim] sample:		49.93 time, 50.01 real, 774 MB, 1.17 load
[runlim] sample:		59.93 time, 60.01 real, 775 MB, 1.15 load
[runlim] sample:		69.92 time, 70.01 real, 777 MB, 1.12 load
[runlim] sample:		79.93 time, 80.01 real, 779 MB, 1.10 load
