[runlim] version:		2.0.0rc12
[runlim] host:			ap-Precision-7550
[runlim] time limit:		311040000 seconds
[runlim] real time limit:	1800 seconds
[runlim] space limit:		14000 MB
[runlim] argv[0]:		python3
[runlim] argv[1]:		-u
[runlim] argv[2]:		binary_search.py
[runlim] argv[3]:		datasets/yfjs/YFJS04
[runlim] start:			Sun Apr 19 16:27:00 2026
[runlim] child:			7072
Operations: 28, Edges: 21, Machines: 7
Greedy Schedule UB: 533
Lower Bound: 350 (precedence=350, avg_load=271, mandatory=0)

Trying to solve with expected makespan (UB) = 441 (LB=350, UB=532)
SAT

=> TOTAL COMPLETION TIME (Makespan / UB): 441
Schedule verified successfully with makespan 441. Updating UB.
Time taken: 0.15 seconds

Trying to solve with expected makespan (UB) = 395 (LB=350, UB=440)
SAT

=> TOTAL COMPLETION TIME (Makespan / UB): 395
Schedule verified successfully with makespan 395. Updating UB.
Time taken: 0.15 seconds

Trying to solve with expected makespan (UB) = 372 (LB=350, UB=394)
UNSAT
No schedule found with UB = 372. Updating LB.
Time taken: 0.18 seconds

Trying to solve with expected makespan (UB) = 383 (LB=373, UB=394)
UNSAT
No schedule found with UB = 383. Updating LB.
Time taken: 0.28 seconds

Trying to solve with expected makespan (UB) = 389 (LB=384, UB=394)
UNSAT
No schedule found with UB = 389. Updating LB.
Time taken: 0.39 seconds

Trying to solve with expected makespan (UB) = 392 (LB=390, UB=394)
SAT

=> TOTAL COMPLETION TIME (Makespan / UB): 392
Schedule verified successfully with makespan 392. Updating UB.
Time taken: 0.50 seconds

Trying to solve with expected makespan (UB) = 390 (LB=390, UB=391)
SAT

=> TOTAL COMPLETION TIME (Makespan / UB): 390
Schedule verified successfully with makespan 390. Updating UB.
Time taken: 0.50 seconds

Search complete. Optimal makespan is 390.
[runlim] end:			Sun Apr 19 16:27:00 2026
[runlim] status:		ok
[runlim] result:		0
[runlim] children:		1
[runlim] processes:		2
[runlim] real:			0.54 seconds
[runlim] time:			0.50 seconds
[runlim] space:			35 MB
[runlim] load:			0.60 maximum
[runlim] samples:		6
