[runlim] version:		2.0.0rc12
[runlim] host:			ap-Precision-7550
[runlim] time limit:		311040000 seconds
[runlim] real time limit:	1800 seconds
[runlim] space limit:		14000 MB
[runlim] argv[0]:		python3
[runlim] argv[1]:		-u
[runlim] argv[2]:		binary_search.py
[runlim] argv[3]:		datasets/yfjs/YFJS20
[runlim] start:			Sun Apr 19 16:42:19 2026
[runlim] child:			7178
Operations: 289, Edges: 272, Machines: 26
Greedy Schedule UB: 1252
Lower Bound: 968 (precedence=968, avg_load=554, mandatory=0)

Trying to solve with expected makespan (UB) = 1109 (LB=968, UB=1251)
[runlim] sample:		9.95 time, 10.01 real, 711 MB, 1.07 load
[runlim] sample:		19.94 time, 20.01 real, 1418 MB, 1.06 load
[runlim] sample:		29.94 time, 30.01 real, 1338 MB, 1.05 load
[runlim] sample:		39.94 time, 40.01 real, 1397 MB, 1.04 load
[runlim] sample:		49.94 time, 50.01 real, 1329 MB, 1.03 load
[runlim] sample:		59.94 time, 60.01 real, 1387 MB, 1.03 load
[runlim] sample:		69.93 time, 70.01 real, 1334 MB, 1.02 load
[runlim] sample:		79.93 time, 80.01 real, 1321 MB, 1.02 load
[runlim] sample:		89.92 time, 90.01 real, 1377 MB, 1.02 load
[runlim] sample:		99.92 time, 100.01 real, 1315 MB, 1.01 load
SAT

=> TOTAL COMPLETION TIME (Makespan / UB): 1109
Schedule verified successfully with makespan 1109. Updating UB.
Time taken: 103.58 seconds

Trying to solve with expected makespan (UB) = 1038 (LB=968, UB=1108)
[runlim] sample:		109.91 time, 110.01 real, 1347 MB, 1.01 load
[runlim] sample:		119.91 time, 120.01 real, 1338 MB, 1.01 load
[runlim] sample:		129.90 time, 130.01 real, 1297 MB, 1.01 load
[runlim] sample:		139.90 time, 140.01 real, 1271 MB, 1.01 load
[runlim] sample:		149.90 time, 150.01 real, 1271 MB, 1.00 load
[runlim] sample:		159.89 time, 160.01 real, 1310 MB, 1.00 load
[runlim] sample:		169.89 time, 170.01 real, 1264 MB, 1.00 load
SAT

=> TOTAL COMPLETION TIME (Makespan / UB): 1038
Schedule verified successfully with makespan 1038. Updating UB.
Time taken: 178.11 seconds

Trying to solve with expected makespan (UB) = 1002 (LB=968, UB=1037)
[runlim] sample:		179.88 time, 180.01 real, 1247 MB, 1.00 load
[runlim] sample:		189.88 time, 190.01 real, 1238 MB, 1.00 load
SAT

=> TOTAL COMPLETION TIME (Makespan / UB): 1002
Schedule verified successfully with makespan 1002. Updating UB.
Time taken: 194.10 seconds

Trying to solve with expected makespan (UB) = 984 (LB=968, UB=1001)
[runlim] sample:		199.87 time, 200.01 real, 1255 MB, 1.00 load
[runlim] sample:		209.87 time, 210.01 real, 1198 MB, 1.00 load
[runlim] sample:		219.87 time, 220.01 real, 1420 MB, 1.00 load
SAT

=> TOTAL COMPLETION TIME (Makespan / UB): 984
Schedule verified successfully with makespan 984. Updating UB.
Time taken: 223.51 seconds

Trying to solve with expected makespan (UB) = 975 (LB=968, UB=983)
SAT

=> TOTAL COMPLETION TIME (Makespan / UB): 975
Schedule verified successfully with makespan 975. Updating UB.
Time taken: 227.02 seconds

Trying to solve with expected makespan (UB) = 971 (LB=968, UB=974)
[runlim] sample:		229.87 time, 230.01 real, 1181 MB, 1.00 load
[runlim] sample:		239.85 time, 240.01 real, 1173 MB, 1.00 load
[runlim] sample:		249.85 time, 250.01 real, 1242 MB, 1.08 load
SAT

=> TOTAL COMPLETION TIME (Makespan / UB): 971
Schedule verified successfully with makespan 971. Updating UB.
Time taken: 252.85 seconds

Trying to solve with expected makespan (UB) = 969 (LB=968, UB=970)
[runlim] sample:		259.85 time, 260.01 real, 1162 MB, 1.07 load
[runlim] sample:		269.85 time, 270.01 real, 1167 MB, 1.06 load
SAT

=> TOTAL COMPLETION TIME (Makespan / UB): 969
Schedule verified successfully with makespan 969. Updating UB.
Time taken: 276.28 seconds

Trying to solve with expected makespan (UB) = 968 (LB=968, UB=968)
[runlim] sample:		279.84 time, 280.01 real, 1158 MB, 1.05 load
SAT

=> TOTAL COMPLETION TIME (Makespan / UB): 968
Schedule verified successfully with makespan 968. Updating UB.
Time taken: 280.19 seconds

Search complete. Optimal makespan is 968.
[runlim] end:			Sun Apr 19 16:46:59 2026
[runlim] status:		ok
[runlim] result:		0
[runlim] children:		1
[runlim] processes:		2
[runlim] real:			280.33 seconds
[runlim] time:			280.14 seconds
[runlim] space:			1759 MB
[runlim] load:			1.08 maximum
[runlim] samples:		2804
