[runlim] version:		2.0.0rc12
[runlim] host:			ap-Precision-7550
[runlim] time limit:		311040000 seconds
[runlim] real time limit:	1800 seconds
[runlim] space limit:		14000 MB
[runlim] argv[0]:		python3
[runlim] argv[1]:		-u
[runlim] argv[2]:		binary_search.py
[runlim] argv[3]:		datasets/yfjs/YFJS18
[runlim] start:			Sun Apr 19 16:33:39 2026
[runlim] child:			7151
Operations: 289, Edges: 272, Machines: 26
Greedy Schedule UB: 1314
Lower Bound: 1220 (precedence=1220, avg_load=589, mandatory=0)

Trying to solve with expected makespan (UB) = 1266 (LB=1220, UB=1313)
[runlim] sample:		9.99 time, 10.01 real, 753 MB, 1.15 load
[runlim] sample:		19.98 time, 20.01 real, 1517 MB, 1.12 load
[runlim] sample:		29.98 time, 30.01 real, 2153 MB, 1.10 load
[runlim] sample:		39.98 time, 40.01 real, 2126 MB, 1.09 load
[runlim] sample:		49.97 time, 50.01 real, 2134 MB, 1.07 load
[runlim] sample:		59.96 time, 60.01 real, 2135 MB, 1.14 load
[runlim] sample:		69.97 time, 70.01 real, 2122 MB, 1.11 load
[runlim] sample:		79.96 time, 80.01 real, 2391 MB, 1.10 load
[runlim] sample:		89.96 time, 90.01 real, 2126 MB, 1.08 load
[runlim] sample:		99.96 time, 100.01 real, 2233 MB, 1.07 load
[runlim] sample:		109.95 time, 110.01 real, 2121 MB, 1.06 load
[runlim] sample:		119.95 time, 120.01 real, 2121 MB, 1.05 load
[runlim] sample:		129.95 time, 130.01 real, 2176 MB, 1.04 load
[runlim] sample:		139.94 time, 140.01 real, 2121 MB, 1.03 load
[runlim] sample:		149.94 time, 150.01 real, 2658 MB, 1.03 load
SAT

=> TOTAL COMPLETION TIME (Makespan / UB): 1266
Schedule verified successfully with makespan 1266. Updating UB.
Time taken: 151.46 seconds

Trying to solve with expected makespan (UB) = 1242 (LB=1220, UB=1265)
[runlim] sample:		159.93 time, 160.01 real, 2121 MB, 1.02 load
SAT

=> TOTAL COMPLETION TIME (Makespan / UB): 1242
Schedule verified successfully with makespan 1242. Updating UB.
Time taken: 162.87 seconds

Trying to solve with expected makespan (UB) = 1230 (LB=1220, UB=1241)
SAT

=> TOTAL COMPLETION TIME (Makespan / UB): 1230
Schedule verified successfully with makespan 1230. Updating UB.
Time taken: 166.62 seconds

Trying to solve with expected makespan (UB) = 1224 (LB=1220, UB=1229)
[runlim] sample:		169.93 time, 170.01 real, 2097 MB, 1.17 load
[runlim] sample:		179.93 time, 180.01 real, 2092 MB, 1.15 load
[runlim] sample:		189.92 time, 190.01 real, 2094 MB, 1.12 load
[runlim] sample:		199.92 time, 200.01 real, 2100 MB, 1.10 load
SAT

=> TOTAL COMPLETION TIME (Makespan / UB): 1224
Schedule verified successfully with makespan 1224. Updating UB.
Time taken: 206.41 seconds

Trying to solve with expected makespan (UB) = 1221 (LB=1220, UB=1223)
[runlim] sample:		209.91 time, 210.01 real, 1995 MB, 1.09 load
SAT

=> TOTAL COMPLETION TIME (Makespan / UB): 1221
Schedule verified successfully with makespan 1221. Updating UB.
Time taken: 212.70 seconds

Trying to solve with expected makespan (UB) = 1220 (LB=1220, UB=1220)
[runlim] sample:		219.91 time, 220.01 real, 1994 MB, 1.15 load
SAT

=> TOTAL COMPLETION TIME (Makespan / UB): 1220
Schedule verified successfully with makespan 1220. Updating UB.
Time taken: 222.48 seconds

Search complete. Optimal makespan is 1220.
[runlim] end:			Sun Apr 19 16:37:22 2026
[runlim] status:		ok
[runlim] result:		0
[runlim] children:		1
[runlim] processes:		2
[runlim] real:			222.73 seconds
[runlim] time:			222.61 seconds
[runlim] space:			2804 MB
[runlim] load:			1.17 maximum
[runlim] samples:		2228
