[runlim] version:		2.0.0rc12
[runlim] host:			ap-Precision-7550
[runlim] time limit:		311040000 seconds
[runlim] real time limit:	1800 seconds
[runlim] space limit:		14000 MB
[runlim] argv[0]:		python3
[runlim] argv[1]:		-u
[runlim] argv[2]:		multi_process.py
[runlim] argv[3]:		datasets/dafjs/DAFJS08
[runlim] start:			Mon Apr 20 01:41:01 2026
[runlim] child:			116396
Loading data from: datasets/dafjs/DAFJS08
Operations: 85, Edges: 82, Machines: 10
Greedy Schedule UB: 670
Lower Bound: 628 (precedence=628, avg_load=416, mandatory=0)
Complete preprocessing! Greedy UB = 670
Initial UB = 669, LB = 628
--------------------------------------------------
 Start MULTIPROCESSING search with 4 CPU Cores...
--------------------------------------------------
[BottomUp] Trying with at most 628, LB = 628, UB = 669
[TopDown] Trying with at most 669, LB = 628, UB = 669
[IndepBinary] New iteration: LB=628, UB=669 => Target=648
[CoopBinary] New iteration: LB=628, UB=669 => Target=648
[IndepBinary] SAT in 648! Updating UB.
Time taken: 2.45 seconds
[IndepBinary] New iteration: LB=628, UB=647 => Target=637
[IndepBinary] SAT in 637! Updating UB.
Time taken: 2.48 seconds
[IndepBinary] New iteration: LB=628, UB=636 => Target=632
[CoopBinary-Watchdog] UB (636) under target 648. Interrupt!
Exception in thread Thread-1 (watchdog_both):
Traceback (most recent call last):
  File "/usr/lib/python3.12/threading.py", line 1073, in _bootstrap_inner
    self.run()
  File "/usr/lib/python3.12/threading.py", line 1010, in run
    self._target(*self._args, **self._kwargs)
  File "/home/ap/Desktop/FJSSP-sequencial-flexibility/multi_process.py", line 761, in watchdog_both
    if solver is not None: solver.interrupt()
                           ^^^^^^^^^^^^^^^^^^
  File "/home/ap/.local/lib/python3.12/site-packages/pysat/solvers.py", line 979, in interrupt
    self.solver.interrupt()
  File "/home/ap/.local/lib/python3.12/site-packages/pysat/solvers.py", line 2504, in interrupt
    raise NotImplementedError('Limited solve is currently unsupported by CaDiCaL.')
NotImplementedError: Limited solve is currently unsupported by CaDiCaL.
[CoopBinary] Bị ngắt! Giữ lại Solver để chờ xem Target vòng sau đi lên hay xuống.
[CoopBinary] New iteration: LB=628, UB=636 => Target=632
[CoopBinary] Đi XUỐNG (Target 632 < Bound 648) -> Dùng Incremental SAT
[TopDown-Watchdog] Phát hiện UB (636) < Target (669). INTERRUPT!
Exception in thread Thread-1 (watchdog_ub):
Traceback (most recent call last):
  File "/usr/lib/python3.12/threading.py", line 1073, in _bootstrap_inner
    self.run()
  File "/usr/lib/python3.12/threading.py", line 1010, in run
    self._target(*self._args, **self._kwargs)
  File "/home/ap/Desktop/FJSSP-sequencial-flexibility/multi_process.py", line 508, in watchdog_ub
    solver.interrupt()  # Bóp cò ngắt CaDiCaL
    ^^^^^^^^^^^^^^^^^^
  File "/home/ap/.local/lib/python3.12/site-packages/pysat/solvers.py", line 979, in interrupt
    self.solver.interrupt()
  File "/home/ap/.local/lib/python3.12/site-packages/pysat/solvers.py", line 2504, in interrupt
    raise NotImplementedError('Limited solve is currently unsupported by CaDiCaL.')
NotImplementedError: Limited solve is currently unsupported by CaDiCaL.
[TopDown] Bị ngắt (Interrupt). Chuyển sang Target mới và GIỮ LẠI Learned Clauses!
[TopDown] Trying with at most 636, LB = 628, UB = 636
[IndepBinary] SAT in 632! Updating UB.
Time taken: 2.98 seconds
[IndepBinary] New iteration: LB=628, UB=631 => Target=629
[IndepBinary] SAT in 629! Updating UB.
Time taken: 3.02 seconds
[IndepBinary] New iteration: LB=628, UB=628 => Target=628
[IndepBinary] SAT in 628! Updating UB.
Time taken: 3.03 seconds

Found optimal solution or received stop signal. Cleaning up processes...
--------------------------------------------------
   FINAL RESULT:
   Status: Optimal
   Proved by: IndepBinary
   Optimal Makespan: 628
   Total time: 3.17 seconds
[runlim] end:			Mon Apr 20 01:41:04 2026
[runlim] status:		ok
[runlim] result:		0
[runlim] children:		6
[runlim] processes:		7
[runlim] real:			3.22 seconds
[runlim] time:			12.24 seconds
[runlim] space:			977 MB
[runlim] load:			4.28 maximum
[runlim] samples:		33
