[runlim] version:		2.0.0rc12
[runlim] host:			ap-Precision-7550
[runlim] time limit:		311040000 seconds
[runlim] real time limit:	1800 seconds
[runlim] space limit:		14000 MB
[runlim] argv[0]:		python3
[runlim] argv[1]:		-u
[runlim] argv[2]:		multi_process.py
[runlim] argv[3]:		datasets/dafjs/DAFJS22
[runlim] start:			Mon Apr 20 07:09:29 2026
[runlim] child:			118891
Loading data from: datasets/dafjs/DAFJS22
Operations: 116, Edges: 109, Machines: 7
Greedy Schedule UB: 825
Lower Bound: 648 (precedence=464, avg_load=648, mandatory=0)
Complete preprocessing! Greedy UB = 825
Initial UB = 824, LB = 648
--------------------------------------------------
 Start MULTIPROCESSING search with 4 CPU Cores...
--------------------------------------------------
[BottomUp] Trying with at most 648, LB = 648, UB = 824
[TopDown] Trying with at most 824, LB = 648, UB = 824
[IndepBinary] New iteration: LB=648, UB=824 => Target=736
[CoopBinary] New iteration: LB=648, UB=824 => Target=736
[runlim] sample:		39.61 time, 10.01 real, 3030 MB, 3.77 load
[runlim] sample:		79.73 time, 20.01 real, 4721 MB, 3.80 load
[runlim] sample:		119.83 time, 30.01 real, 4865 MB, 3.84 load
[runlim] sample:		159.95 time, 40.01 real, 5315 MB, 3.86 load
[runlim] sample:		200.07 time, 50.01 real, 5053 MB, 3.88 load
[runlim] sample:		240.17 time, 60.01 real, 5056 MB, 3.90 load
[runlim] sample:		280.29 time, 70.01 real, 4906 MB, 3.92 load
[runlim] sample:		320.37 time, 80.01 real, 4916 MB, 3.93 load
[TopDown] SAT in 824! Updating UB.
Time taken: 88.89 seconds
[TopDown] Trying with at most 823, LB = 648, UB = 823
[runlim] sample:		360.51 time, 90.01 real, 4994 MB, 3.94 load
[runlim] sample:		400.61 time, 100.01 real, 4772 MB, 3.95 load
[runlim] sample:		440.71 time, 110.01 real, 4937 MB, 3.96 load
[runlim] sample:		480.84 time, 120.01 real, 5044 MB, 3.97 load
[runlim] sample:		520.97 time, 130.01 real, 4928 MB, 3.97 load
[runlim] sample:		561.07 time, 140.01 real, 4711 MB, 3.98 load
[runlim] sample:		601.19 time, 150.01 real, 5055 MB, 3.98 load
[TopDown] SAT in 823! Updating UB.
Time taken: 151.64 seconds
[TopDown] Trying with at most 822, LB = 648, UB = 822
[TopDown] SAT in 822! Updating UB.
Time taken: 151.72 seconds
[TopDown] Trying with at most 821, LB = 648, UB = 821
[TopDown] SAT in 821! Updating UB.
Time taken: 152.70 seconds
[TopDown] Trying with at most 820, LB = 648, UB = 820
[runlim] sample:		641.30 time, 160.01 real, 4830 MB, 3.98 load
[runlim] sample:		681.43 time, 170.01 real, 4714 MB, 4.14 load
[runlim] sample:		721.54 time, 180.01 real, 4715 MB, 4.19 load
[TopDown] SAT in 820! Updating UB.
Time taken: 186.95 seconds
[TopDown] Trying with at most 819, LB = 648, UB = 819
[TopDown] SAT in 819! Updating UB.
Time taken: 187.15 seconds
[TopDown] Trying with at most 818, LB = 648, UB = 818
[runlim] sample:		761.66 time, 190.01 real, 4840 MB, 4.16 load
[TopDown] SAT in 818! Updating UB.
Time taken: 196.96 seconds
[TopDown] Trying with at most 817, LB = 648, UB = 817
[TopDown] SAT in 817! Updating UB.
Time taken: 196.98 seconds
[TopDown] Trying with at most 816, LB = 648, UB = 816
[TopDown] SAT in 816! Updating UB.
Time taken: 196.99 seconds
[TopDown] Trying with at most 815, LB = 648, UB = 815
[runlim] sample:		801.78 time, 200.01 real, 4924 MB, 4.14 load
[TopDown] SAT in 815! Updating UB.
Time taken: 208.16 seconds
[TopDown] Trying with at most 814, LB = 648, UB = 814
[runlim] sample:		841.88 time, 210.01 real, 4715 MB, 4.12 load
[runlim] sample:		882.01 time, 220.01 real, 4719 MB, 4.10 load
[TopDown] SAT in 814! Updating UB.
Time taken: 220.41 seconds
[TopDown] Trying with at most 813, LB = 648, UB = 813
[TopDown] SAT in 813! Updating UB.
Time taken: 227.55 seconds
[TopDown] Trying with at most 812, LB = 648, UB = 812
[runlim] sample:		922.14 time, 230.01 real, 5007 MB, 4.08 load
[runlim] sample:		962.24 time, 240.01 real, 4827 MB, 4.15 load
[runlim] sample:		1002.36 time, 250.01 real, 4914 MB, 4.13 load
[TopDown] SAT in 812! Updating UB.
Time taken: 255.57 seconds
[TopDown] Trying with at most 811, LB = 648, UB = 811
[TopDown] SAT in 811! Updating UB.
Time taken: 256.62 seconds
[TopDown] Trying with at most 810, LB = 648, UB = 810
[runlim] sample:		1042.51 time, 260.01 real, 4723 MB, 4.11 load
[TopDown] SAT in 810! Updating UB.
Time taken: 266.55 seconds
[TopDown] Trying with at most 809, LB = 648, UB = 809
[runlim] sample:		1082.61 time, 270.01 real, 4723 MB, 4.09 load
[TopDown] SAT in 809! Updating UB.
Time taken: 278.75 seconds
[TopDown] Trying with at most 808, LB = 648, UB = 808
[runlim] sample:		1122.73 time, 280.01 real, 4944 MB, 4.08 load
[TopDown] SAT in 808! Updating UB.
Time taken: 288.70 seconds
[TopDown] Trying with at most 807, LB = 648, UB = 807
[runlim] sample:		1162.83 time, 290.01 real, 4815 MB, 4.06 load
[TopDown] SAT in 807! Updating UB.
Time taken: 291.16 seconds
[TopDown] Trying with at most 806, LB = 648, UB = 806
[runlim] sample:		1202.94 time, 300.01 real, 5060 MB, 4.05 load
[TopDown] SAT in 806! Updating UB.
Time taken: 300.86 seconds
[TopDown] Trying with at most 805, LB = 648, UB = 805
[TopDown] SAT in 805! Updating UB.
Time taken: 300.88 seconds
[TopDown] Trying with at most 804, LB = 648, UB = 804
[TopDown] SAT in 804! Updating UB.
Time taken: 300.90 seconds
[TopDown] Trying with at most 803, LB = 648, UB = 803
[TopDown] SAT in 803! Updating UB.
Time taken: 303.53 seconds
[TopDown] Trying with at most 802, LB = 648, UB = 802
[runlim] sample:		1243.03 time, 310.01 real, 4720 MB, 4.04 load
[TopDown] SAT in 802! Updating UB.
Time taken: 310.72 seconds
[TopDown] Trying with at most 801, LB = 648, UB = 801
[runlim] sample:		1283.15 time, 320.01 real, 4715 MB, 4.04 load
[runlim] sample:		1323.24 time, 330.01 real, 4772 MB, 4.03 load
[runlim] sample:		1363.37 time, 340.01 real, 4833 MB, 4.03 load
[TopDown] SAT in 801! Updating UB.
Time taken: 343.84 seconds
[TopDown] Trying with at most 800, LB = 648, UB = 800
[runlim] sample:		1403.48 time, 350.01 real, 4717 MB, 4.02 load
[TopDown] SAT in 800! Updating UB.
Time taken: 352.92 seconds
[TopDown] Trying with at most 799, LB = 648, UB = 799
[runlim] sample:		1443.57 time, 360.01 real, 4715 MB, 4.02 load
[TopDown] SAT in 799! Updating UB.
Time taken: 364.69 seconds
[TopDown] Trying with at most 798, LB = 648, UB = 798
[TopDown] SAT in 798! Updating UB.
Time taken: 366.65 seconds
[TopDown] Trying with at most 797, LB = 648, UB = 797
[runlim] sample:		1483.66 time, 370.01 real, 4716 MB, 4.09 load
[TopDown] SAT in 797! Updating UB.
Time taken: 377.48 seconds
[TopDown] Trying with at most 796, LB = 648, UB = 796
[runlim] sample:		1523.78 time, 380.01 real, 4716 MB, 4.08 load
[runlim] sample:		1563.89 time, 390.01 real, 4717 MB, 4.07 load
[TopDown] SAT in 796! Updating UB.
Time taken: 390.41 seconds
[TopDown] Trying with at most 795, LB = 648, UB = 795
[TopDown] SAT in 795! Updating UB.
Time taken: 390.44 seconds
[TopDown] Trying with at most 794, LB = 648, UB = 794
[runlim] sample:		1603.98 time, 400.01 real, 4716 MB, 4.06 load
[TopDown] SAT in 794! Updating UB.
Time taken: 401.34 seconds
[TopDown] Trying with at most 793, LB = 648, UB = 793
[TopDown] SAT in 793! Updating UB.
Time taken: 409.31 seconds
[TopDown] Trying with at most 792, LB = 648, UB = 792
[runlim] sample:		1644.09 time, 410.01 real, 4716 MB, 4.05 load
[TopDown] SAT in 792! Updating UB.
Time taken: 416.99 seconds
[TopDown] Trying with at most 791, LB = 648, UB = 791
[runlim] sample:		1684.21 time, 420.01 real, 4829 MB, 4.04 load
[runlim] sample:		1724.31 time, 430.01 real, 4715 MB, 4.03 load
[runlim] sample:		1764.41 time, 440.01 real, 4714 MB, 4.03 load
[runlim] sample:		1804.51 time, 450.01 real, 4790 MB, 4.02 load
[TopDown] SAT in 791! Updating UB.
Time taken: 452.61 seconds
[TopDown] Trying with at most 790, LB = 648, UB = 790
[runlim] sample:		1844.62 time, 460.01 real, 5125 MB, 4.09 load
[runlim] sample:		1884.77 time, 470.01 real, 4995 MB, 4.08 load
[runlim] sample:		1924.85 time, 480.01 real, 4713 MB, 4.07 load
[runlim] sample:		1964.96 time, 490.01 real, 4713 MB, 4.06 load
[runlim] sample:		2005.06 time, 500.01 real, 4715 MB, 4.05 load
[TopDown] SAT in 790! Updating UB.
Time taken: 501.29 seconds
[TopDown] Trying with at most 789, LB = 648, UB = 789
[TopDown] SAT in 789! Updating UB.
Time taken: 502.18 seconds
[TopDown] Trying with at most 788, LB = 648, UB = 788
[TopDown] SAT in 788! Updating UB.
Time taken: 502.19 seconds
[TopDown] Trying with at most 787, LB = 648, UB = 787
[runlim] sample:		2045.17 time, 510.01 real, 4716 MB, 4.04 load
[TopDown] SAT in 787! Updating UB.
Time taken: 510.05 seconds
[TopDown] Trying with at most 786, LB = 648, UB = 786
[runlim] sample:		2085.28 time, 520.01 real, 4772 MB, 4.03 load
[runlim] sample:		2125.39 time, 530.01 real, 4716 MB, 4.03 load
[TopDown] SAT in 786! Updating UB.
Time taken: 539.41 seconds
[TopDown] Trying with at most 785, LB = 648, UB = 785
[runlim] sample:		2165.50 time, 540.01 real, 4712 MB, 4.02 load
[TopDown] SAT in 785! Updating UB.
Time taken: 547.56 seconds
[TopDown] Trying with at most 784, LB = 648, UB = 784
[TopDown] SAT in 784! Updating UB.
Time taken: 549.93 seconds
[TopDown] Trying with at most 783, LB = 648, UB = 783
[runlim] sample:		2205.62 time, 550.01 real, 4719 MB, 4.02 load
[runlim] sample:		2245.73 time, 560.01 real, 4719 MB, 4.02 load
[TopDown] SAT in 783! Updating UB.
Time taken: 561.71 seconds
[TopDown] Trying with at most 782, LB = 648, UB = 782
[runlim] sample:		2285.87 time, 570.01 real, 4720 MB, 4.01 load
[TopDown] SAT in 782! Updating UB.
Time taken: 573.18 seconds
[TopDown] Trying with at most 781, LB = 648, UB = 781
[TopDown] SAT in 781! Updating UB.
Time taken: 573.21 seconds
[TopDown] Trying with at most 780, LB = 648, UB = 780
[TopDown] SAT in 780! Updating UB.
Time taken: 573.23 seconds
[TopDown] Trying with at most 779, LB = 648, UB = 779
[TopDown] SAT in 779! Updating UB.
Time taken: 573.25 seconds
[TopDown] Trying with at most 778, LB = 648, UB = 778
[TopDown] SAT in 778! Updating UB.
Time taken: 573.27 seconds
[TopDown] Trying with at most 777, LB = 648, UB = 777
[runlim] sample:		2326.00 time, 580.01 real, 5004 MB, 4.01 load
[runlim] sample:		2366.08 time, 590.01 real, 4719 MB, 4.01 load
[runlim] sample:		2406.18 time, 600.01 real, 4716 MB, 4.01 load
[runlim] sample:		2446.30 time, 610.01 real, 4725 MB, 4.00 load
[runlim] sample:		2486.41 time, 620.01 real, 4719 MB, 4.00 load
[TopDown] SAT in 777! Updating UB.
Time taken: 629.16 seconds
[TopDown] Trying with at most 776, LB = 648, UB = 776
[runlim] sample:		2526.51 time, 630.01 real, 4714 MB, 4.00 load
[CoopBinary] SAT in 736! Updating UB.
Time taken: 632.50 seconds
[CoopBinary] New iteration: LB=648, UB=735 => Target=691
[CoopBinary] Đi XUỐNG (Target 691 < Bound 736) -> Dùng Incremental SAT
[IndepBinary] New iteration: LB=648, UB=735 => Target=691
[runlim] sample:		2566.61 time, 640.01 real, 4720 MB, 4.08 load
[TopDown-Watchdog] Phát hiện UB (735) < Target (776). INTERRUPT!
Exception in thread Thread-49 (watchdog_ub):
Traceback (most recent call last):
  File "/usr/lib/python3.12/threading.py", line 1073, in _bootstrap_inner
    self.run()
  File "/usr/lib/python3.12/threading.py", line 1010, in run
    self._target(*self._args, **self._kwargs)
  File "/home/ap/Desktop/FJSSP-sequencial-flexibility/multi_process.py", line 508, in watchdog_ub
    solver.interrupt()  # Bóp cò ngắt CaDiCaL
    ^^^^^^^^^^^^^^^^^^
  File "/home/ap/.local/lib/python3.12/site-packages/pysat/solvers.py", line 979, in interrupt
    self.solver.interrupt()
  File "/home/ap/.local/lib/python3.12/site-packages/pysat/solvers.py", line 2504, in interrupt
    raise NotImplementedError('Limited solve is currently unsupported by CaDiCaL.')
NotImplementedError: Limited solve is currently unsupported by CaDiCaL.
[TopDown] Bị ngắt (Interrupt). Chuyển sang Target mới và GIỮ LẠI Learned Clauses!
[TopDown] Trying with at most 735, LB = 648, UB = 735
[runlim] sample:		2606.69 time, 650.01 real, 4719 MB, 4.06 load
[runlim] sample:		2646.85 time, 660.01 real, 4720 MB, 4.05 load
[runlim] sample:		2686.95 time, 670.01 real, 4975 MB, 4.20 load
[runlim] sample:		2727.07 time, 680.01 real, 4679 MB, 4.24 load
[runlim] sample:		2767.20 time, 690.01 real, 4687 MB, 4.21 load
[runlim] sample:		2807.31 time, 700.01 real, 4687 MB, 4.17 load
[runlim] sample:		2847.40 time, 710.01 real, 4681 MB, 4.22 load
[runlim] sample:		2887.53 time, 720.01 real, 4664 MB, 4.19 load
[runlim] sample:		2927.62 time, 730.01 real, 4665 MB, 4.16 load
[runlim] sample:		2967.75 time, 740.01 real, 4935 MB, 4.13 load
[runlim] sample:		3007.88 time, 750.01 real, 4660 MB, 4.11 load
[runlim] sample:		3047.99 time, 760.01 real, 4704 MB, 4.09 load
[runlim] sample:		3088.10 time, 770.01 real, 4661 MB, 4.16 load
[runlim] sample:		3128.21 time, 780.01 real, 4662 MB, 4.13 load
[runlim] sample:		3168.32 time, 790.01 real, 4663 MB, 4.19 load
[runlim] sample:		3208.43 time, 800.01 real, 4672 MB, 4.16 load
[runlim] sample:		3248.54 time, 810.01 real, 4907 MB, 4.22 load
[runlim] sample:		3288.64 time, 820.01 real, 4672 MB, 4.18 load
[runlim] sample:		3328.75 time, 830.01 real, 5042 MB, 4.24 load
[runlim] sample:		3368.85 time, 840.01 real, 4667 MB, 4.20 load
[runlim] sample:		3408.97 time, 850.01 real, 4672 MB, 4.25 load
[runlim] sample:		3449.09 time, 860.01 real, 4760 MB, 4.21 load
[runlim] sample:		3489.20 time, 870.01 real, 4741 MB, 4.26 load
[runlim] sample:		3529.31 time, 880.01 real, 4660 MB, 4.22 load
[runlim] sample:		3569.38 time, 890.01 real, 4964 MB, 4.18 load
[runlim] sample:		3609.50 time, 900.02 real, 4653 MB, 4.16 load
[runlim] sample:		3649.63 time, 910.01 real, 4913 MB, 4.21 load
[runlim] sample:		3689.74 time, 920.01 real, 4642 MB, 4.18 load
[runlim] sample:		3729.84 time, 930.01 real, 4942 MB, 4.31 load
[runlim] sample:		3769.95 time, 940.01 real, 4639 MB, 4.26 load
[runlim] sample:		3810.06 time, 950.01 real, 4640 MB, 4.22 load
[runlim] sample:		3850.19 time, 960.01 real, 4640 MB, 4.19 load
[runlim] sample:		3890.27 time, 970.01 real, 4640 MB, 4.16 load
[runlim] sample:		3930.37 time, 980.01 real, 4640 MB, 4.13 load
[runlim] sample:		3970.47 time, 990.01 real, 4641 MB, 4.11 load
[runlim] sample:		4010.61 time, 1000.01 real, 4731 MB, 4.10 load
[runlim] sample:		4050.73 time, 1010.01 real, 4644 MB, 4.08 load
[runlim] sample:		4090.83 time, 1020.01 real, 4644 MB, 4.07 load
[runlim] sample:		4130.93 time, 1030.01 real, 4943 MB, 4.06 load
[runlim] sample:		4171.05 time, 1040.01 real, 4637 MB, 4.05 load
[runlim] sample:		4211.16 time, 1050.01 real, 4637 MB, 4.11 load
[runlim] sample:		4251.29 time, 1060.01 real, 4637 MB, 4.10 load
[runlim] sample:		4291.38 time, 1070.01 real, 4637 MB, 4.08 load
[runlim] sample:		4331.48 time, 1080.01 real, 4639 MB, 4.07 load
[runlim] sample:		4371.59 time, 1090.01 real, 4639 MB, 4.06 load
[runlim] sample:		4411.71 time, 1100.01 real, 4640 MB, 4.05 load
[runlim] sample:		4451.83 time, 1110.01 real, 4652 MB, 4.04 load
[runlim] sample:		4491.95 time, 1120.01 real, 4880 MB, 4.03 load
[runlim] sample:		4532.06 time, 1130.01 real, 4655 MB, 4.03 load
[runlim] sample:		4572.18 time, 1140.01 real, 4788 MB, 4.02 load
[runlim] sample:		4612.28 time, 1150.01 real, 4697 MB, 4.02 load
[runlim] sample:		4652.41 time, 1160.01 real, 4654 MB, 4.02 load
[runlim] sample:		4692.52 time, 1170.01 real, 4650 MB, 4.17 load
[runlim] sample:		4732.63 time, 1180.01 real, 4651 MB, 4.21 load
[runlim] sample:		4772.76 time, 1190.01 real, 4654 MB, 4.18 load
[runlim] sample:		4812.87 time, 1200.01 real, 4663 MB, 4.15 load
[runlim] sample:		4852.99 time, 1210.01 real, 4906 MB, 4.20 load
[runlim] sample:		4893.09 time, 1220.01 real, 4679 MB, 4.25 load
[runlim] sample:		4933.21 time, 1230.01 real, 4958 MB, 4.21 load
[runlim] sample:		4973.32 time, 1240.01 real, 4625 MB, 4.18 load
[runlim] sample:		5013.45 time, 1250.01 real, 4854 MB, 4.15 load
[runlim] sample:		5053.57 time, 1260.01 real, 4627 MB, 4.13 load
[runlim] sample:		5093.69 time, 1270.01 real, 4628 MB, 4.11 load
[runlim] sample:		5133.80 time, 1280.01 real, 4629 MB, 4.09 load
[runlim] sample:		5173.90 time, 1290.01 real, 4629 MB, 4.08 load
[runlim] sample:		5214.01 time, 1300.01 real, 4627 MB, 4.06 load
[runlim] sample:		5254.12 time, 1310.01 real, 4627 MB, 4.13 load
[runlim] sample:		5294.19 time, 1320.01 real, 4647 MB, 4.26 load
[runlim] sample:		5334.30 time, 1330.01 real, 4663 MB, 4.22 load
[runlim] sample:		5374.42 time, 1340.01 real, 4644 MB, 4.26 load
