[runlim] version:		2.0.0rc12
[runlim] host:			fjssp-instance
[runlim] time limit:		311040000 seconds
[runlim] real time limit:	10800 seconds
[runlim] space limit:		14000 MB
[runlim] argv[0]:		python3
[runlim] argv[1]:		-u
[runlim] argv[2]:		temp.py
[runlim] argv[3]:		datasets/fmj/mfjs02
[runlim] start:			Thu Jul 16 15:24:14 2026
[runlim] child:			58419
Operations: 15, Edges: 10, Machines: 7
Greedy Schedule UB: 557
Building constraints took 0.03 seconds.
SAT

=> TOTAL COMPLETION TIME (Makespan / UB): 548
Schedule is valid
 Time taken: 0.03 seconds
SAT

=> TOTAL COMPLETION TIME (Makespan / UB): 547
Schedule is valid
 Time taken: 0.03 seconds
SAT

=> TOTAL COMPLETION TIME (Makespan / UB): 546
Schedule is valid
 Time taken: 0.03 seconds
SAT

=> TOTAL COMPLETION TIME (Makespan / UB): 545
Schedule is valid
 Time taken: 0.03 seconds
SAT

=> TOTAL COMPLETION TIME (Makespan / UB): 544
Schedule is valid
 Time taken: 0.03 seconds
SAT

=> TOTAL COMPLETION TIME (Makespan / UB): 543
Schedule is valid
 Time taken: 0.03 seconds
SAT

=> TOTAL COMPLETION TIME (Makespan / UB): 541
Schedule is valid
 Time taken: 0.03 seconds
SAT

=> TOTAL COMPLETION TIME (Makespan / UB): 533
Schedule is valid
 Time taken: 0.04 seconds
SAT

=> TOTAL COMPLETION TIME (Makespan / UB): 530
Schedule is valid
 Time taken: 0.04 seconds
SAT

=> TOTAL COMPLETION TIME (Makespan / UB): 529
Schedule is valid
 Time taken: 0.04 seconds
SAT

=> TOTAL COMPLETION TIME (Makespan / UB): 528
Schedule is valid
 Time taken: 0.04 seconds
SAT

=> TOTAL COMPLETION TIME (Makespan / UB): 527
Schedule is valid
 Time taken: 0.04 seconds
SAT

=> TOTAL COMPLETION TIME (Makespan / UB): 526
Schedule is valid
 Time taken: 0.04 seconds
SAT

=> TOTAL COMPLETION TIME (Makespan / UB): 525
Schedule is valid
 Time taken: 0.04 seconds
SAT

=> TOTAL COMPLETION TIME (Makespan / UB): 524
Schedule is valid
 Time taken: 0.04 seconds
SAT

=> TOTAL COMPLETION TIME (Makespan / UB): 523
Schedule is valid
 Time taken: 0.04 seconds
SAT

=> TOTAL COMPLETION TIME (Makespan / UB): 522
Schedule is valid
 Time taken: 0.04 seconds
SAT

=> TOTAL COMPLETION TIME (Makespan / UB): 521
Schedule is valid
 Time taken: 0.04 seconds
SAT

=> TOTAL COMPLETION TIME (Makespan / UB): 520
Schedule is valid
 Time taken: 0.04 seconds
SAT

=> TOTAL COMPLETION TIME (Makespan / UB): 519
Schedule is valid
 Time taken: 0.04 seconds
SAT

=> TOTAL COMPLETION TIME (Makespan / UB): 518
Schedule is valid
 Time taken: 0.04 seconds
SAT

=> TOTAL COMPLETION TIME (Makespan / UB): 517
Schedule is valid
 Time taken: 0.04 seconds
SAT

=> TOTAL COMPLETION TIME (Makespan / UB): 516
Schedule is valid
 Time taken: 0.04 seconds
SAT

=> TOTAL COMPLETION TIME (Makespan / UB): 515
Schedule is valid
 Time taken: 0.04 seconds
SAT

=> TOTAL COMPLETION TIME (Makespan / UB): 514
Schedule is valid
 Time taken: 0.05 seconds
SAT

=> TOTAL COMPLETION TIME (Makespan / UB): 513
Schedule is valid
 Time taken: 0.05 seconds
SAT

=> TOTAL COMPLETION TIME (Makespan / UB): 512
Schedule is valid
 Time taken: 0.05 seconds
SAT

=> TOTAL COMPLETION TIME (Makespan / UB): 511
Schedule is valid
 Time taken: 0.05 seconds
SAT

=> TOTAL COMPLETION TIME (Makespan / UB): 510
Schedule is valid
 Time taken: 0.05 seconds
SAT

=> TOTAL COMPLETION TIME (Makespan / UB): 509
Schedule is valid
 Time taken: 0.05 seconds
SAT

=> TOTAL COMPLETION TIME (Makespan / UB): 508
Schedule is valid
 Time taken: 0.05 seconds
SAT

=> TOTAL COMPLETION TIME (Makespan / UB): 507
Schedule is valid
 Time taken: 0.05 seconds
SAT

=> TOTAL COMPLETION TIME (Makespan / UB): 506
Schedule is valid
 Time taken: 0.05 seconds
SAT

=> TOTAL COMPLETION TIME (Makespan / UB): 505
Schedule is valid
 Time taken: 0.05 seconds
SAT

=> TOTAL COMPLETION TIME (Makespan / UB): 501
Schedule is valid
 Time taken: 0.05 seconds
SAT

=> TOTAL COMPLETION TIME (Makespan / UB): 497
Schedule is valid
 Time taken: 0.05 seconds
SAT

=> TOTAL COMPLETION TIME (Makespan / UB): 496
Schedule is valid
 Time taken: 0.05 seconds
SAT

=> TOTAL COMPLETION TIME (Makespan / UB): 495
Schedule is valid
 Time taken: 0.05 seconds
SAT

=> TOTAL COMPLETION TIME (Makespan / UB): 494
Schedule is valid
 Time taken: 0.05 seconds
SAT

=> TOTAL COMPLETION TIME (Makespan / UB): 493
Schedule is valid
 Time taken: 0.05 seconds
SAT

=> TOTAL COMPLETION TIME (Makespan / UB): 492
Schedule is valid
 Time taken: 0.06 seconds
SAT

=> TOTAL COMPLETION TIME (Makespan / UB): 491
Schedule is valid
 Time taken: 0.06 seconds
SAT

=> TOTAL COMPLETION TIME (Makespan / UB): 490
Schedule is valid
 Time taken: 0.06 seconds
SAT

=> TOTAL COMPLETION TIME (Makespan / UB): 489
Schedule is valid
 Time taken: 0.06 seconds
SAT

=> TOTAL COMPLETION TIME (Makespan / UB): 488
Schedule is valid
 Time taken: 0.06 seconds
SAT

=> TOTAL COMPLETION TIME (Makespan / UB): 487
Schedule is valid
 Time taken: 0.06 seconds
SAT

=> TOTAL COMPLETION TIME (Makespan / UB): 486
Schedule is valid
 Time taken: 0.06 seconds
SAT

=> TOTAL COMPLETION TIME (Makespan / UB): 485
Schedule is valid
 Time taken: 0.06 seconds
SAT

=> TOTAL COMPLETION TIME (Makespan / UB): 484
Schedule is valid
 Time taken: 0.06 seconds
SAT

=> TOTAL COMPLETION TIME (Makespan / UB): 483
Schedule is valid
 Time taken: 0.06 seconds
SAT

=> TOTAL COMPLETION TIME (Makespan / UB): 482
Schedule is valid
 Time taken: 0.07 seconds
SAT

=> TOTAL COMPLETION TIME (Makespan / UB): 481
Schedule is valid
 Time taken: 0.07 seconds
SAT

=> TOTAL COMPLETION TIME (Makespan / UB): 480
Schedule is valid
 Time taken: 0.07 seconds
SAT

=> TOTAL COMPLETION TIME (Makespan / UB): 479
Schedule is valid
 Time taken: 0.07 seconds
SAT

=> TOTAL COMPLETION TIME (Makespan / UB): 478
Schedule is valid
 Time taken: 0.07 seconds
SAT

=> TOTAL COMPLETION TIME (Makespan / UB): 477
Schedule is valid
 Time taken: 0.07 seconds
SAT

=> TOTAL COMPLETION TIME (Makespan / UB): 476
Schedule is valid
 Time taken: 0.07 seconds
SAT

=> TOTAL COMPLETION TIME (Makespan / UB): 475
Schedule is valid
 Time taken: 0.07 seconds
SAT

=> TOTAL COMPLETION TIME (Makespan / UB): 474
Schedule is valid
 Time taken: 0.07 seconds
SAT

=> TOTAL COMPLETION TIME (Makespan / UB): 473
Schedule is valid
 Time taken: 0.07 seconds
SAT

=> TOTAL COMPLETION TIME (Makespan / UB): 472
Schedule is valid
 Time taken: 0.07 seconds
SAT

=> TOTAL COMPLETION TIME (Makespan / UB): 471
Schedule is valid
 Time taken: 0.07 seconds
SAT

=> TOTAL COMPLETION TIME (Makespan / UB): 470
Schedule is valid
 Time taken: 0.08 seconds
SAT

=> TOTAL COMPLETION TIME (Makespan / UB): 469
Schedule is valid
 Time taken: 0.08 seconds
SAT

=> TOTAL COMPLETION TIME (Makespan / UB): 468
Schedule is valid
 Time taken: 0.08 seconds
SAT

=> TOTAL COMPLETION TIME (Makespan / UB): 467
Schedule is valid
 Time taken: 0.08 seconds
SAT

=> TOTAL COMPLETION TIME (Makespan / UB): 466
Schedule is valid
 Time taken: 0.09 seconds
SAT

=> TOTAL COMPLETION TIME (Makespan / UB): 465
Schedule is valid
 Time taken: 0.09 seconds
SAT

=> TOTAL COMPLETION TIME (Makespan / UB): 464
Schedule is valid
 Time taken: 0.09 seconds
SAT

=> TOTAL COMPLETION TIME (Makespan / UB): 463
Schedule is valid
 Time taken: 0.09 seconds
SAT

=> TOTAL COMPLETION TIME (Makespan / UB): 462
Schedule is valid
 Time taken: 0.09 seconds
SAT

=> TOTAL COMPLETION TIME (Makespan / UB): 461
Schedule is valid
 Time taken: 0.10 seconds
SAT

=> TOTAL COMPLETION TIME (Makespan / UB): 460
Schedule is valid
 Time taken: 0.10 seconds
SAT

=> TOTAL COMPLETION TIME (Makespan / UB): 459
Schedule is valid
 Time taken: 0.10 seconds
SAT

=> TOTAL COMPLETION TIME (Makespan / UB): 458
Schedule is valid
 Time taken: 0.10 seconds
SAT

=> TOTAL COMPLETION TIME (Makespan / UB): 457
Schedule is valid
 Time taken: 0.10 seconds
SAT

=> TOTAL COMPLETION TIME (Makespan / UB): 456
Schedule is valid
 Time taken: 0.10 seconds
SAT

=> TOTAL COMPLETION TIME (Makespan / UB): 455
Schedule is valid
 Time taken: 0.10 seconds
SAT

=> TOTAL COMPLETION TIME (Makespan / UB): 454
Schedule is valid
 Time taken: 0.10 seconds
SAT

=> TOTAL COMPLETION TIME (Makespan / UB): 453
Schedule is valid
 Time taken: 0.11 seconds
SAT

=> TOTAL COMPLETION TIME (Makespan / UB): 452
Schedule is valid
 Time taken: 0.11 seconds
SAT

=> TOTAL COMPLETION TIME (Makespan / UB): 451
Schedule is valid
 Time taken: 0.11 seconds
SAT

=> TOTAL COMPLETION TIME (Makespan / UB): 450
Schedule is valid
 Time taken: 0.11 seconds
SAT

=> TOTAL COMPLETION TIME (Makespan / UB): 449
Schedule is valid
 Time taken: 0.11 seconds
SAT

=> TOTAL COMPLETION TIME (Makespan / UB): 448
Schedule is valid
 Time taken: 0.11 seconds
SAT

=> TOTAL COMPLETION TIME (Makespan / UB): 447
Schedule is valid
 Time taken: 0.12 seconds
SAT

=> TOTAL COMPLETION TIME (Makespan / UB): 446
Schedule is valid
 Time taken: 0.12 seconds
UNSAT
status: optimal
Time taken: 0.12 seconds
[runlim] end:			Thu Jul 16 15:24:15 2026
[runlim] status:		ok
[runlim] result:		0
[runlim] children:		1
[runlim] processes:		2
[runlim] real:			0.15 seconds
[runlim] time:			0.10 seconds
[runlim] space:			29 MB
[runlim] load:			0.31 maximum
[runlim] samples:		2
