[runlim] version:		2.0.0rc12
[runlim] host:			fjssp-instance
[runlim] time limit:		311040000 seconds
[runlim] real time limit:	10800 seconds
[runlim] space limit:		14000 MB
[runlim] argv[0]:		python3
[runlim] argv[1]:		-u
[runlim] argv[2]:		temp.py
[runlim] argv[3]:		datasets/fmj/sfjs09
[runlim] start:			Thu Jul 16 15:24:14 2026
[runlim] child:			58410
Operations: 9, Edges: 6, Machines: 3
Greedy Schedule UB: 260
Building constraints took 0.01 seconds.
SAT

=> TOTAL COMPLETION TIME (Makespan / UB): 259
Schedule is valid
 Time taken: 0.01 seconds
SAT

=> TOTAL COMPLETION TIME (Makespan / UB): 258
Schedule is valid
 Time taken: 0.01 seconds
SAT

=> TOTAL COMPLETION TIME (Makespan / UB): 257
Schedule is valid
 Time taken: 0.01 seconds
SAT

=> TOTAL COMPLETION TIME (Makespan / UB): 256
Schedule is valid
 Time taken: 0.01 seconds
SAT

=> TOTAL COMPLETION TIME (Makespan / UB): 255
Schedule is valid
 Time taken: 0.01 seconds
SAT

=> TOTAL COMPLETION TIME (Makespan / UB): 254
Schedule is valid
 Time taken: 0.01 seconds
SAT

=> TOTAL COMPLETION TIME (Makespan / UB): 253
Schedule is valid
 Time taken: 0.01 seconds
SAT

=> TOTAL COMPLETION TIME (Makespan / UB): 252
Schedule is valid
 Time taken: 0.01 seconds
SAT

=> TOTAL COMPLETION TIME (Makespan / UB): 251
Schedule is valid
 Time taken: 0.01 seconds
SAT

=> TOTAL COMPLETION TIME (Makespan / UB): 250
Schedule is valid
 Time taken: 0.01 seconds
SAT

=> TOTAL COMPLETION TIME (Makespan / UB): 249
Schedule is valid
 Time taken: 0.01 seconds
SAT

=> TOTAL COMPLETION TIME (Makespan / UB): 248
Schedule is valid
 Time taken: 0.01 seconds
SAT

=> TOTAL COMPLETION TIME (Makespan / UB): 247
Schedule is valid
 Time taken: 0.01 seconds
SAT

=> TOTAL COMPLETION TIME (Makespan / UB): 246
Schedule is valid
 Time taken: 0.01 seconds
SAT

=> TOTAL COMPLETION TIME (Makespan / UB): 245
Schedule is valid
 Time taken: 0.01 seconds
SAT

=> TOTAL COMPLETION TIME (Makespan / UB): 244
Schedule is valid
 Time taken: 0.01 seconds
SAT

=> TOTAL COMPLETION TIME (Makespan / UB): 243
Schedule is valid
 Time taken: 0.01 seconds
SAT

=> TOTAL COMPLETION TIME (Makespan / UB): 242
Schedule is valid
 Time taken: 0.01 seconds
SAT

=> TOTAL COMPLETION TIME (Makespan / UB): 241
Schedule is valid
 Time taken: 0.01 seconds
SAT

=> TOTAL COMPLETION TIME (Makespan / UB): 240
Schedule is valid
 Time taken: 0.01 seconds
SAT

=> TOTAL COMPLETION TIME (Makespan / UB): 239
Schedule is valid
 Time taken: 0.01 seconds
SAT

=> TOTAL COMPLETION TIME (Makespan / UB): 238
Schedule is valid
 Time taken: 0.01 seconds
SAT

=> TOTAL COMPLETION TIME (Makespan / UB): 237
Schedule is valid
 Time taken: 0.01 seconds
SAT

=> TOTAL COMPLETION TIME (Makespan / UB): 236
Schedule is valid
 Time taken: 0.01 seconds
SAT

=> TOTAL COMPLETION TIME (Makespan / UB): 235
Schedule is valid
 Time taken: 0.01 seconds
SAT

=> TOTAL COMPLETION TIME (Makespan / UB): 234
Schedule is valid
 Time taken: 0.01 seconds
SAT

=> TOTAL COMPLETION TIME (Makespan / UB): 233
Schedule is valid
 Time taken: 0.01 seconds
SAT

=> TOTAL COMPLETION TIME (Makespan / UB): 232
Schedule is valid
 Time taken: 0.01 seconds
SAT

=> TOTAL COMPLETION TIME (Makespan / UB): 231
Schedule is valid
 Time taken: 0.01 seconds
SAT

=> TOTAL COMPLETION TIME (Makespan / UB): 230
Schedule is valid
 Time taken: 0.01 seconds
SAT

=> TOTAL COMPLETION TIME (Makespan / UB): 221
Schedule is valid
 Time taken: 0.01 seconds
SAT

=> TOTAL COMPLETION TIME (Makespan / UB): 220
Schedule is valid
 Time taken: 0.01 seconds
SAT

=> TOTAL COMPLETION TIME (Makespan / UB): 219
Schedule is valid
 Time taken: 0.01 seconds
SAT

=> TOTAL COMPLETION TIME (Makespan / UB): 216
Schedule is valid
 Time taken: 0.02 seconds
SAT

=> TOTAL COMPLETION TIME (Makespan / UB): 215
Schedule is valid
 Time taken: 0.02 seconds
SAT

=> TOTAL COMPLETION TIME (Makespan / UB): 214
Schedule is valid
 Time taken: 0.02 seconds
SAT

=> TOTAL COMPLETION TIME (Makespan / UB): 210
Schedule is valid
 Time taken: 0.02 seconds
UNSAT
status: optimal
Time taken: 0.02 seconds
[runlim] end:			Thu Jul 16 15:24:14 2026
[runlim] status:		ok
[runlim] result:		0
[runlim] children:		0
[runlim] processes:		0
[runlim] real:			0.05 seconds
[runlim] time:			0.00 seconds
[runlim] space:			0 MB
[runlim] load:			0.16 maximum
[runlim] samples:		1
