[runlim] version:		2.0.0rc12
[runlim] host:			fjssp-instance
[runlim] time limit:		311040000 seconds
[runlim] real time limit:	10800 seconds
[runlim] space limit:		14000 MB
[runlim] argv[0]:		python3
[runlim] argv[1]:		-u
[runlim] argv[2]:		temp.py
[runlim] argv[3]:		datasets/dafjs/DAFJS12
[runlim] start:			Wed Jul 15 11:00:59 2026
[runlim] child:			14980
Operations: 117, Edges: 114, Machines: 10
Greedy Schedule UB: 791
Building constraints took 5.17 seconds.
SAT

=> TOTAL COMPLETION TIME (Makespan / UB): 790
Schedule is valid
 Time taken: 5.85 seconds
SAT

=> TOTAL COMPLETION TIME (Makespan / UB): 789
Schedule is valid
 Time taken: 5.87 seconds
SAT

=> TOTAL COMPLETION TIME (Makespan / UB): 788
Schedule is valid
 Time taken: 5.89 seconds
SAT

=> TOTAL COMPLETION TIME (Makespan / UB): 787
Schedule is valid
 Time taken: 5.90 seconds
SAT

=> TOTAL COMPLETION TIME (Makespan / UB): 786
Schedule is valid
 Time taken: 5.91 seconds
SAT

=> TOTAL COMPLETION TIME (Makespan / UB): 785
Schedule is valid
 Time taken: 6.95 seconds
SAT

=> TOTAL COMPLETION TIME (Makespan / UB): 784
Schedule is valid
 Time taken: 6.97 seconds
SAT

=> TOTAL COMPLETION TIME (Makespan / UB): 783
Schedule is valid
 Time taken: 7.13 seconds
SAT

=> TOTAL COMPLETION TIME (Makespan / UB): 782
Schedule is valid
 Time taken: 9.25 seconds
SAT

=> TOTAL COMPLETION TIME (Makespan / UB): 781
Schedule is valid
 Time taken: 9.51 seconds
SAT

=> TOTAL COMPLETION TIME (Makespan / UB): 780
Schedule is valid
 Time taken: 9.52 seconds
SAT

=> TOTAL COMPLETION TIME (Makespan / UB): 779
Schedule is valid
 Time taken: 9.53 seconds
SAT

=> TOTAL COMPLETION TIME (Makespan / UB): 778
Schedule is valid
 Time taken: 9.62 seconds
[runlim] sample:		9.99 time, 10.01 real, 1276 MB, 1.08 load
SAT

=> TOTAL COMPLETION TIME (Makespan / UB): 777
Schedule is valid
 Time taken: 10.43 seconds
SAT

=> TOTAL COMPLETION TIME (Makespan / UB): 776
Schedule is valid
 Time taken: 10.46 seconds
SAT

=> TOTAL COMPLETION TIME (Makespan / UB): 775
Schedule is valid
 Time taken: 17.72 seconds
[runlim] sample:		19.98 time, 20.01 real, 1020 MB, 1.07 load
SAT

=> TOTAL COMPLETION TIME (Makespan / UB): 774
Schedule is valid
 Time taken: 22.27 seconds
SAT

=> TOTAL COMPLETION TIME (Makespan / UB): 773
Schedule is valid
 Time taken: 22.28 seconds
SAT

=> TOTAL COMPLETION TIME (Makespan / UB): 772
Schedule is valid
 Time taken: 22.29 seconds
SAT

=> TOTAL COMPLETION TIME (Makespan / UB): 771
Schedule is valid
 Time taken: 22.39 seconds
SAT

=> TOTAL COMPLETION TIME (Makespan / UB): 770
Schedule is valid
 Time taken: 22.40 seconds
SAT

=> TOTAL COMPLETION TIME (Makespan / UB): 769
Schedule is valid
 Time taken: 22.40 seconds
SAT

=> TOTAL COMPLETION TIME (Makespan / UB): 768
Schedule is valid
 Time taken: 22.41 seconds
SAT

=> TOTAL COMPLETION TIME (Makespan / UB): 767
Schedule is valid
 Time taken: 22.42 seconds
SAT

=> TOTAL COMPLETION TIME (Makespan / UB): 766
Schedule is valid
 Time taken: 22.43 seconds
SAT

=> TOTAL COMPLETION TIME (Makespan / UB): 765
Schedule is valid
 Time taken: 22.44 seconds
SAT

=> TOTAL COMPLETION TIME (Makespan / UB): 764
Schedule is valid
 Time taken: 22.44 seconds
SAT

=> TOTAL COMPLETION TIME (Makespan / UB): 763
Schedule is valid
 Time taken: 22.45 seconds
SAT

=> TOTAL COMPLETION TIME (Makespan / UB): 762
Schedule is valid
 Time taken: 22.79 seconds
SAT

=> TOTAL COMPLETION TIME (Makespan / UB): 761
Schedule is valid
 Time taken: 23.80 seconds
SAT

=> TOTAL COMPLETION TIME (Makespan / UB): 760
Schedule is valid
 Time taken: 23.82 seconds
SAT

=> TOTAL COMPLETION TIME (Makespan / UB): 759
Schedule is valid
 Time taken: 24.27 seconds
SAT

=> TOTAL COMPLETION TIME (Makespan / UB): 758
Schedule is valid
 Time taken: 26.37 seconds
SAT

=> TOTAL COMPLETION TIME (Makespan / UB): 757
Schedule is valid
 Time taken: 26.39 seconds
SAT

=> TOTAL COMPLETION TIME (Makespan / UB): 756
Schedule is valid
 Time taken: 26.40 seconds
SAT

=> TOTAL COMPLETION TIME (Makespan / UB): 755
Schedule is valid
 Time taken: 26.42 seconds
SAT

=> TOTAL COMPLETION TIME (Makespan / UB): 754
Schedule is valid
 Time taken: 26.43 seconds
SAT

=> TOTAL COMPLETION TIME (Makespan / UB): 753
Schedule is valid
 Time taken: 26.44 seconds
SAT

=> TOTAL COMPLETION TIME (Makespan / UB): 752
Schedule is valid
 Time taken: 26.73 seconds
SAT

=> TOTAL COMPLETION TIME (Makespan / UB): 751
Schedule is valid
 Time taken: 26.75 seconds
[runlim] sample:		29.99 time, 30.01 real, 1055 MB, 1.06 load
SAT

=> TOTAL COMPLETION TIME (Makespan / UB): 750
Schedule is valid
 Time taken: 34.18 seconds
SAT

=> TOTAL COMPLETION TIME (Makespan / UB): 749
Schedule is valid
 Time taken: 34.83 seconds
SAT

=> TOTAL COMPLETION TIME (Makespan / UB): 748
Schedule is valid
 Time taken: 34.87 seconds
SAT

=> TOTAL COMPLETION TIME (Makespan / UB): 747
Schedule is valid
 Time taken: 35.12 seconds
SAT

=> TOTAL COMPLETION TIME (Makespan / UB): 746
Schedule is valid
 Time taken: 36.20 seconds
SAT

=> TOTAL COMPLETION TIME (Makespan / UB): 745
Schedule is valid
 Time taken: 36.51 seconds
SAT

=> TOTAL COMPLETION TIME (Makespan / UB): 744
Schedule is valid
 Time taken: 39.65 seconds
SAT

=> TOTAL COMPLETION TIME (Makespan / UB): 743
Schedule is valid
 Time taken: 39.66 seconds
SAT

=> TOTAL COMPLETION TIME (Makespan / UB): 742
Schedule is valid
 Time taken: 39.67 seconds
[runlim] sample:		39.98 time, 40.01 real, 994 MB, 1.05 load
SAT

=> TOTAL COMPLETION TIME (Makespan / UB): 741
Schedule is valid
 Time taken: 48.07 seconds
SAT

=> TOTAL COMPLETION TIME (Makespan / UB): 740
Schedule is valid
 Time taken: 48.41 seconds
[runlim] sample:		49.98 time, 50.01 real, 991 MB, 1.04 load
SAT

=> TOTAL COMPLETION TIME (Makespan / UB): 739
Schedule is valid
 Time taken: 52.02 seconds
SAT

=> TOTAL COMPLETION TIME (Makespan / UB): 738
Schedule is valid
 Time taken: 53.73 seconds
SAT

=> TOTAL COMPLETION TIME (Makespan / UB): 737
Schedule is valid
 Time taken: 54.08 seconds
SAT

=> TOTAL COMPLETION TIME (Makespan / UB): 736
Schedule is valid
 Time taken: 54.32 seconds
SAT

=> TOTAL COMPLETION TIME (Makespan / UB): 735
Schedule is valid
 Time taken: 54.62 seconds
SAT

=> TOTAL COMPLETION TIME (Makespan / UB): 734
Schedule is valid
 Time taken: 56.31 seconds
SAT

=> TOTAL COMPLETION TIME (Makespan / UB): 733
Schedule is valid
 Time taken: 58.67 seconds
SAT

=> TOTAL COMPLETION TIME (Makespan / UB): 732
Schedule is valid
 Time taken: 59.58 seconds
SAT

=> TOTAL COMPLETION TIME (Makespan / UB): 731
Schedule is valid
 Time taken: 59.61 seconds
SAT

=> TOTAL COMPLETION TIME (Makespan / UB): 730
Schedule is valid
 Time taken: 59.62 seconds
SAT

=> TOTAL COMPLETION TIME (Makespan / UB): 729
Schedule is valid
 Time taken: 59.63 seconds
SAT

=> TOTAL COMPLETION TIME (Makespan / UB): 728
Schedule is valid
 Time taken: 59.64 seconds
SAT

=> TOTAL COMPLETION TIME (Makespan / UB): 727
Schedule is valid
 Time taken: 59.65 seconds
[runlim] sample:		59.97 time, 60.01 real, 984 MB, 1.03 load
SAT

=> TOTAL COMPLETION TIME (Makespan / UB): 726
Schedule is valid
 Time taken: 67.31 seconds
SAT

=> TOTAL COMPLETION TIME (Makespan / UB): 725
Schedule is valid
 Time taken: 69.77 seconds
[runlim] sample:		69.97 time, 70.01 real, 978 MB, 1.03 load
SAT

=> TOTAL COMPLETION TIME (Makespan / UB): 724
Schedule is valid
 Time taken: 70.00 seconds
SAT

=> TOTAL COMPLETION TIME (Makespan / UB): 723
Schedule is valid
 Time taken: 70.33 seconds
SAT

=> TOTAL COMPLETION TIME (Makespan / UB): 722
Schedule is valid
 Time taken: 70.34 seconds
SAT

=> TOTAL COMPLETION TIME (Makespan / UB): 721
Schedule is valid
 Time taken: 70.35 seconds
SAT

=> TOTAL COMPLETION TIME (Makespan / UB): 720
Schedule is valid
 Time taken: 70.36 seconds
SAT

=> TOTAL COMPLETION TIME (Makespan / UB): 719
Schedule is valid
 Time taken: 70.69 seconds
SAT

=> TOTAL COMPLETION TIME (Makespan / UB): 718
Schedule is valid
 Time taken: 71.03 seconds
SAT

=> TOTAL COMPLETION TIME (Makespan / UB): 717
Schedule is valid
 Time taken: 71.05 seconds
SAT

=> TOTAL COMPLETION TIME (Makespan / UB): 716
Schedule is valid
 Time taken: 71.35 seconds
SAT

=> TOTAL COMPLETION TIME (Makespan / UB): 715
Schedule is valid
 Time taken: 74.34 seconds
SAT

=> TOTAL COMPLETION TIME (Makespan / UB): 714
Schedule is valid
 Time taken: 76.26 seconds
SAT

=> TOTAL COMPLETION TIME (Makespan / UB): 713
Schedule is valid
 Time taken: 77.38 seconds
SAT

=> TOTAL COMPLETION TIME (Makespan / UB): 712
Schedule is valid
 Time taken: 78.94 seconds
[runlim] sample:		79.97 time, 80.01 real, 968 MB, 1.02 load
SAT

=> TOTAL COMPLETION TIME (Makespan / UB): 711
Schedule is valid
 Time taken: 85.72 seconds
SAT

=> TOTAL COMPLETION TIME (Makespan / UB): 710
Schedule is valid
 Time taken: 87.91 seconds
SAT

=> TOTAL COMPLETION TIME (Makespan / UB): 709
Schedule is valid
 Time taken: 89.24 seconds
SAT

=> TOTAL COMPLETION TIME (Makespan / UB): 708
Schedule is valid
 Time taken: 89.56 seconds
[runlim] sample:		89.97 time, 90.01 real, 966 MB, 1.02 load
SAT

=> TOTAL COMPLETION TIME (Makespan / UB): 707
Schedule is valid
 Time taken: 91.32 seconds
SAT

=> TOTAL COMPLETION TIME (Makespan / UB): 706
Schedule is valid
 Time taken: 92.45 seconds
SAT

=> TOTAL COMPLETION TIME (Makespan / UB): 705
Schedule is valid
 Time taken: 95.10 seconds
SAT

=> TOTAL COMPLETION TIME (Makespan / UB): 704
Schedule is valid
 Time taken: 96.39 seconds
SAT

=> TOTAL COMPLETION TIME (Makespan / UB): 703
Schedule is valid
 Time taken: 96.70 seconds
SAT

=> TOTAL COMPLETION TIME (Makespan / UB): 702
Schedule is valid
 Time taken: 97.04 seconds
SAT

=> TOTAL COMPLETION TIME (Makespan / UB): 701
Schedule is valid
 Time taken: 97.30 seconds
SAT

=> TOTAL COMPLETION TIME (Makespan / UB): 700
Schedule is valid
 Time taken: 98.24 seconds
SAT

=> TOTAL COMPLETION TIME (Makespan / UB): 699
Schedule is valid
 Time taken: 98.62 seconds
SAT

=> TOTAL COMPLETION TIME (Makespan / UB): 698
Schedule is valid
 Time taken: 98.63 seconds
[runlim] sample:		99.97 time, 100.01 real, 997 MB, 1.02 load
SAT

=> TOTAL COMPLETION TIME (Makespan / UB): 697
Schedule is valid
 Time taken: 104.46 seconds
SAT

=> TOTAL COMPLETION TIME (Makespan / UB): 696
Schedule is valid
 Time taken: 106.48 seconds
SAT

=> TOTAL COMPLETION TIME (Makespan / UB): 695
Schedule is valid
 Time taken: 106.77 seconds
SAT

=> TOTAL COMPLETION TIME (Makespan / UB): 694
Schedule is valid
 Time taken: 107.10 seconds
SAT

=> TOTAL COMPLETION TIME (Makespan / UB): 693
Schedule is valid
 Time taken: 108.60 seconds
SAT

=> TOTAL COMPLETION TIME (Makespan / UB): 692
Schedule is valid
 Time taken: 109.83 seconds
[runlim] sample:		109.97 time, 110.01 real, 956 MB, 1.01 load
SAT

=> TOTAL COMPLETION TIME (Makespan / UB): 691
Schedule is valid
 Time taken: 110.17 seconds
SAT

=> TOTAL COMPLETION TIME (Makespan / UB): 690
Schedule is valid
 Time taken: 111.91 seconds
SAT

=> TOTAL COMPLETION TIME (Makespan / UB): 689
Schedule is valid
 Time taken: 112.27 seconds
SAT

=> TOTAL COMPLETION TIME (Makespan / UB): 688
Schedule is valid
 Time taken: 112.58 seconds
SAT

=> TOTAL COMPLETION TIME (Makespan / UB): 687
Schedule is valid
 Time taken: 112.96 seconds
SAT

=> TOTAL COMPLETION TIME (Makespan / UB): 686
Schedule is valid
 Time taken: 114.90 seconds
SAT

=> TOTAL COMPLETION TIME (Makespan / UB): 685
Schedule is valid
 Time taken: 116.71 seconds
SAT

=> TOTAL COMPLETION TIME (Makespan / UB): 684
Schedule is valid
 Time taken: 119.25 seconds
[runlim] sample:		119.97 time, 120.01 real, 1137 MB, 1.01 load
SAT

=> TOTAL COMPLETION TIME (Makespan / UB): 683
Schedule is valid
 Time taken: 125.59 seconds
SAT

=> TOTAL COMPLETION TIME (Makespan / UB): 682
Schedule is valid
 Time taken: 127.01 seconds
SAT

=> TOTAL COMPLETION TIME (Makespan / UB): 681
Schedule is valid
 Time taken: 129.09 seconds
[runlim] sample:		129.97 time, 130.01 real, 944 MB, 1.01 load
SAT

=> TOTAL COMPLETION TIME (Makespan / UB): 680
Schedule is valid
 Time taken: 130.23 seconds
SAT

=> TOTAL COMPLETION TIME (Makespan / UB): 679
Schedule is valid
 Time taken: 130.65 seconds
SAT

=> TOTAL COMPLETION TIME (Makespan / UB): 678
Schedule is valid
 Time taken: 130.91 seconds
SAT

=> TOTAL COMPLETION TIME (Makespan / UB): 677
Schedule is valid
 Time taken: 131.28 seconds
SAT

=> TOTAL COMPLETION TIME (Makespan / UB): 676
Schedule is valid
 Time taken: 133.04 seconds
SAT

=> TOTAL COMPLETION TIME (Makespan / UB): 675
Schedule is valid
 Time taken: 135.65 seconds
SAT

=> TOTAL COMPLETION TIME (Makespan / UB): 674
Schedule is valid
 Time taken: 136.22 seconds
SAT

=> TOTAL COMPLETION TIME (Makespan / UB): 673
Schedule is valid
 Time taken: 138.02 seconds
SAT

=> TOTAL COMPLETION TIME (Makespan / UB): 672
Schedule is valid
 Time taken: 138.28 seconds
SAT

=> TOTAL COMPLETION TIME (Makespan / UB): 671
Schedule is valid
 Time taken: 139.77 seconds
[runlim] sample:		139.96 time, 140.01 real, 938 MB, 1.01 load
SAT

=> TOTAL COMPLETION TIME (Makespan / UB): 670
Schedule is valid
 Time taken: 141.30 seconds
SAT

=> TOTAL COMPLETION TIME (Makespan / UB): 669
Schedule is valid
 Time taken: 146.88 seconds
SAT

=> TOTAL COMPLETION TIME (Makespan / UB): 668
Schedule is valid
 Time taken: 148.69 seconds
[runlim] sample:		149.96 time, 150.01 real, 935 MB, 1.00 load
SAT

=> TOTAL COMPLETION TIME (Makespan / UB): 667
Schedule is valid
 Time taken: 151.71 seconds
SAT

=> TOTAL COMPLETION TIME (Makespan / UB): 666
Schedule is valid
 Time taken: 153.90 seconds
SAT

=> TOTAL COMPLETION TIME (Makespan / UB): 665
Schedule is valid
 Time taken: 155.81 seconds
SAT

=> TOTAL COMPLETION TIME (Makespan / UB): 664
Schedule is valid
 Time taken: 157.15 seconds
[runlim] sample:		159.96 time, 160.01 real, 929 MB, 1.00 load
SAT

=> TOTAL COMPLETION TIME (Makespan / UB): 663
Schedule is valid
 Time taken: 164.10 seconds
[runlim] sample:		169.96 time, 170.01 real, 928 MB, 1.00 load
SAT

=> TOTAL COMPLETION TIME (Makespan / UB): 662
Schedule is valid
 Time taken: 170.61 seconds
SAT

=> TOTAL COMPLETION TIME (Makespan / UB): 661
Schedule is valid
 Time taken: 172.16 seconds
SAT

=> TOTAL COMPLETION TIME (Makespan / UB): 660
Schedule is valid
 Time taken: 174.21 seconds
SAT

=> TOTAL COMPLETION TIME (Makespan / UB): 659
Schedule is valid
 Time taken: 176.32 seconds
SAT

=> TOTAL COMPLETION TIME (Makespan / UB): 658
Schedule is valid
 Time taken: 177.65 seconds
[runlim] sample:		179.95 time, 180.01 real, 929 MB, 1.00 load
SAT

=> TOTAL COMPLETION TIME (Makespan / UB): 657
Schedule is valid
 Time taken: 185.51 seconds
SAT

=> TOTAL COMPLETION TIME (Makespan / UB): 656
Schedule is valid
 Time taken: 187.13 seconds
[runlim] sample:		189.95 time, 190.01 real, 925 MB, 1.00 load
SAT

=> TOTAL COMPLETION TIME (Makespan / UB): 655
Schedule is valid
 Time taken: 193.07 seconds
SAT

=> TOTAL COMPLETION TIME (Makespan / UB): 654
Schedule is valid
 Time taken: 195.59 seconds
SAT

=> TOTAL COMPLETION TIME (Makespan / UB): 653
Schedule is valid
 Time taken: 198.84 seconds
[runlim] sample:		199.94 time, 200.01 real, 925 MB, 1.00 load
SAT

=> TOTAL COMPLETION TIME (Makespan / UB): 652
Schedule is valid
 Time taken: 204.93 seconds
[runlim] sample:		209.94 time, 210.01 real, 922 MB, 1.00 load
SAT

=> TOTAL COMPLETION TIME (Makespan / UB): 651
Schedule is valid
 Time taken: 211.46 seconds
[runlim] sample:		219.94 time, 220.01 real, 922 MB, 1.00 load
SAT

=> TOTAL COMPLETION TIME (Makespan / UB): 650
Schedule is valid
 Time taken: 222.63 seconds
SAT

=> TOTAL COMPLETION TIME (Makespan / UB): 649
Schedule is valid
 Time taken: 228.94 seconds
[runlim] sample:		229.94 time, 230.01 real, 921 MB, 1.00 load
SAT

=> TOTAL COMPLETION TIME (Makespan / UB): 648
Schedule is valid
 Time taken: 236.66 seconds
[runlim] sample:		239.94 time, 240.01 real, 1054 MB, 1.00 load
SAT

=> TOTAL COMPLETION TIME (Makespan / UB): 647
Schedule is valid
 Time taken: 243.74 seconds
[runlim] sample:		249.94 time, 250.01 real, 919 MB, 1.08 load
[runlim] sample:		259.94 time, 260.01 real, 924 MB, 1.07 load
[runlim] sample:		269.94 time, 270.01 real, 923 MB, 1.06 load
SAT

=> TOTAL COMPLETION TIME (Makespan / UB): 646
Schedule is valid
 Time taken: 276.60 seconds
[runlim] sample:		279.93 time, 280.01 real, 917 MB, 1.05 load
SAT

=> TOTAL COMPLETION TIME (Makespan / UB): 645
Schedule is valid
 Time taken: 286.94 seconds
SAT

=> TOTAL COMPLETION TIME (Makespan / UB): 644
Schedule is valid
 Time taken: 288.85 seconds
[runlim] sample:		289.93 time, 290.01 real, 920 MB, 1.04 load
SAT

=> TOTAL COMPLETION TIME (Makespan / UB): 643
Schedule is valid
 Time taken: 297.14 seconds
[runlim] sample:		299.93 time, 300.01 real, 922 MB, 1.03 load
SAT

=> TOTAL COMPLETION TIME (Makespan / UB): 642
Schedule is valid
 Time taken: 303.67 seconds
SAT

=> TOTAL COMPLETION TIME (Makespan / UB): 641
Schedule is valid
 Time taken: 305.20 seconds
[runlim] sample:		309.93 time, 310.01 real, 916 MB, 1.10 load
[runlim] sample:		319.93 time, 320.01 real, 919 MB, 1.08 load
[runlim] sample:		329.93 time, 330.01 real, 918 MB, 1.07 load
SAT

=> TOTAL COMPLETION TIME (Makespan / UB): 640
Schedule is valid
 Time taken: 337.86 seconds
[runlim] sample:		339.93 time, 340.01 real, 917 MB, 1.06 load
SAT

=> TOTAL COMPLETION TIME (Makespan / UB): 639
Schedule is valid
 Time taken: 349.30 seconds
[runlim] sample:		349.93 time, 350.01 real, 977 MB, 1.05 load
[runlim] sample:		359.92 time, 360.01 real, 919 MB, 1.04 load
[runlim] sample:		369.92 time, 370.01 real, 922 MB, 1.04 load
SAT

=> TOTAL COMPLETION TIME (Makespan / UB): 638
Schedule is valid
 Time taken: 378.70 seconds
[runlim] sample:		379.92 time, 380.01 real, 914 MB, 1.03 load
[runlim] sample:		389.91 time, 390.01 real, 919 MB, 1.02 load
SAT

=> TOTAL COMPLETION TIME (Makespan / UB): 637
Schedule is valid
 Time taken: 393.65 seconds
SAT

=> TOTAL COMPLETION TIME (Makespan / UB): 636
Schedule is valid
 Time taken: 395.62 seconds
[runlim] sample:		399.91 time, 400.01 real, 917 MB, 1.02 load
SAT

=> TOTAL COMPLETION TIME (Makespan / UB): 635
Schedule is valid
 Time taken: 404.18 seconds
SAT

=> TOTAL COMPLETION TIME (Makespan / UB): 634
Schedule is valid
 Time taken: 406.52 seconds
[runlim] sample:		409.91 time, 410.01 real, 918 MB, 1.02 load
[runlim] sample:		419.90 time, 420.01 real, 916 MB, 1.01 load
[runlim] sample:		429.91 time, 430.01 real, 916 MB, 1.01 load
SAT

=> TOTAL COMPLETION TIME (Makespan / UB): 633
Schedule is valid
 Time taken: 439.61 seconds
[runlim] sample:		439.90 time, 440.01 real, 916 MB, 1.01 load
[runlim] sample:		449.91 time, 450.01 real, 918 MB, 1.01 load
[runlim] sample:		459.91 time, 460.01 real, 916 MB, 1.01 load
SAT

=> TOTAL COMPLETION TIME (Makespan / UB): 632
Schedule is valid
 Time taken: 465.48 seconds
[runlim] sample:		469.91 time, 470.01 real, 916 MB, 1.00 load
[runlim] sample:		479.91 time, 480.01 real, 916 MB, 1.00 load
[runlim] sample:		489.90 time, 490.01 real, 922 MB, 1.00 load
SAT

=> TOTAL COMPLETION TIME (Makespan / UB): 631
Schedule is valid
 Time taken: 496.18 seconds
[runlim] sample:		499.91 time, 500.01 real, 914 MB, 1.00 load
[runlim] sample:		509.91 time, 510.01 real, 919 MB, 1.00 load
[runlim] sample:		519.91 time, 520.01 real, 921 MB, 1.00 load
[runlim] sample:		529.91 time, 530.01 real, 921 MB, 1.00 load
[runlim] sample:		539.90 time, 540.01 real, 918 MB, 1.00 load
SAT

=> TOTAL COMPLETION TIME (Makespan / UB): 630
Schedule is valid
 Time taken: 544.98 seconds
[runlim] sample:		549.90 time, 550.01 real, 926 MB, 1.00 load
SAT

=> TOTAL COMPLETION TIME (Makespan / UB): 629
Schedule is valid
 Time taken: 553.09 seconds
[runlim] sample:		559.90 time, 560.01 real, 918 MB, 1.00 load
[runlim] sample:		569.90 time, 570.01 real, 978 MB, 1.00 load
[runlim] sample:		579.90 time, 580.01 real, 920 MB, 1.00 load
[runlim] sample:		589.90 time, 590.01 real, 919 MB, 1.00 load
[runlim] sample:		599.90 time, 600.01 real, 919 MB, 1.00 load
[runlim] sample:		609.90 time, 610.01 real, 934 MB, 1.00 load
[runlim] sample:		619.90 time, 620.01 real, 934 MB, 1.00 load
[runlim] sample:		629.89 time, 630.01 real, 928 MB, 1.00 load
[runlim] sample:		639.89 time, 640.01 real, 928 MB, 1.00 load
[runlim] sample:		649.90 time, 650.01 real, 913 MB, 1.00 load
[runlim] sample:		659.90 time, 660.01 real, 914 MB, 1.00 load
[runlim] sample:		669.90 time, 670.01 real, 915 MB, 1.00 load
[runlim] sample:		679.90 time, 680.01 real, 915 MB, 1.00 load
[runlim] sample:		689.89 time, 690.01 real, 925 MB, 1.00 load
SAT

=> TOTAL COMPLETION TIME (Makespan / UB): 628
Schedule is valid
 Time taken: 691.62 seconds
[runlim] sample:		699.90 time, 700.01 real, 925 MB, 1.00 load
[runlim] sample:		709.89 time, 710.01 real, 925 MB, 1.00 load
[runlim] sample:		719.89 time, 720.01 real, 919 MB, 1.00 load
[runlim] sample:		729.89 time, 730.01 real, 919 MB, 1.00 load
[runlim] sample:		739.89 time, 740.01 real, 928 MB, 1.00 load
[runlim] sample:		749.89 time, 750.01 real, 928 MB, 1.00 load
[runlim] sample:		759.89 time, 760.01 real, 928 MB, 1.00 load
[runlim] sample:		769.89 time, 770.01 real, 935 MB, 1.00 load
[runlim] sample:		779.89 time, 780.01 real, 1101 MB, 1.00 load
[runlim] sample:		789.89 time, 790.01 real, 918 MB, 1.00 load
[runlim] sample:		799.89 time, 800.01 real, 915 MB, 1.00 load
[runlim] sample:		809.89 time, 810.01 real, 915 MB, 1.00 load
[runlim] sample:		819.89 time, 820.01 real, 915 MB, 1.00 load
SAT

=> TOTAL COMPLETION TIME (Makespan / UB): 627
Schedule is valid
 Time taken: 827.09 seconds
[runlim] sample:		829.89 time, 830.01 real, 926 MB, 1.00 load
[runlim] sample:		839.89 time, 840.01 real, 926 MB, 1.00 load
[runlim] sample:		849.89 time, 850.01 real, 934 MB, 1.00 load
[runlim] sample:		859.89 time, 860.01 real, 921 MB, 1.00 load
[runlim] sample:		869.89 time, 870.01 real, 921 MB, 1.00 load
[runlim] sample:		879.89 time, 880.01 real, 921 MB, 1.15 load
[runlim] sample:		889.88 time, 890.01 real, 944 MB, 1.12 load
[runlim] sample:		899.88 time, 900.01 real, 944 MB, 1.10 load
[runlim] sample:		909.89 time, 910.01 real, 944 MB, 1.16 load
[runlim] sample:		919.88 time, 920.01 real, 936 MB, 1.14 load
[runlim] sample:		929.88 time, 930.01 real, 917 MB, 1.11 load
[runlim] sample:		939.88 time, 940.01 real, 917 MB, 1.10 load
[runlim] sample:		949.88 time, 950.01 real, 918 MB, 1.08 load
[runlim] sample:		959.88 time, 960.01 real, 918 MB, 1.07 load
[runlim] sample:		969.88 time, 970.01 real, 923 MB, 1.06 load
SAT

=> TOTAL COMPLETION TIME (Makespan / UB): 626
Schedule is valid
 Time taken: 975.54 seconds
[runlim] sample:		979.88 time, 980.01 real, 921 MB, 1.05 load
[runlim] sample:		989.88 time, 990.01 real, 940 MB, 1.04 load
[runlim] sample:		999.88 time, 1000.01 real, 940 MB, 1.03 load
[runlim] sample:		1009.88 time, 1010.01 real, 926 MB, 1.03 load
[runlim] sample:		1019.88 time, 1020.01 real, 926 MB, 1.02 load
[runlim] sample:		1029.87 time, 1030.01 real, 938 MB, 1.02 load
[runlim] sample:		1039.87 time, 1040.01 real, 938 MB, 1.02 load
[runlim] sample:		1049.87 time, 1050.01 real, 938 MB, 1.01 load
[runlim] sample:		1059.88 time, 1060.01 real, 943 MB, 1.01 load
[runlim] sample:		1069.88 time, 1070.01 real, 918 MB, 1.01 load
[runlim] sample:		1079.87 time, 1080.01 real, 918 MB, 1.01 load
[runlim] sample:		1089.87 time, 1090.01 real, 919 MB, 1.00 load
[runlim] sample:		1099.87 time, 1100.01 real, 919 MB, 1.00 load
[runlim] sample:		1109.87 time, 1110.01 real, 922 MB, 1.00 load
[runlim] sample:		1119.87 time, 1120.01 real, 922 MB, 1.00 load
SAT

=> TOTAL COMPLETION TIME (Makespan / UB): 625
Schedule is valid
 Time taken: 1127.14 seconds
[runlim] sample:		1129.87 time, 1130.01 real, 922 MB, 1.00 load
[runlim] sample:		1139.88 time, 1140.01 real, 950 MB, 1.00 load
[runlim] sample:		1149.88 time, 1150.01 real, 950 MB, 1.00 load
[runlim] sample:		1159.87 time, 1160.01 real, 929 MB, 1.00 load
[runlim] sample:		1169.87 time, 1170.01 real, 929 MB, 1.00 load
[runlim] sample:		1179.87 time, 1180.01 real, 929 MB, 1.00 load
[runlim] sample:		1189.87 time, 1190.01 real, 941 MB, 1.00 load
[runlim] sample:		1199.86 time, 1200.01 real, 941 MB, 1.00 load
[runlim] sample:		1209.87 time, 1210.01 real, 944 MB, 1.00 load
[runlim] sample:		1219.87 time, 1220.01 real, 944 MB, 1.00 load
[runlim] sample:		1229.87 time, 1230.01 real, 923 MB, 1.00 load
[runlim] sample:		1239.86 time, 1240.01 real, 923 MB, 1.00 load
[runlim] sample:		1249.86 time, 1250.01 real, 924 MB, 1.00 load
[runlim] sample:		1259.87 time, 1260.01 real, 924 MB, 1.00 load
[runlim] sample:		1269.87 time, 1270.01 real, 924 MB, 1.00 load
[runlim] sample:		1279.87 time, 1280.01 real, 932 MB, 1.00 load
[runlim] sample:		1289.87 time, 1290.01 real, 932 MB, 1.00 load
SAT

=> TOTAL COMPLETION TIME (Makespan / UB): 624
Schedule is valid
 Time taken: 1294.25 seconds
[runlim] sample:		1299.86 time, 1300.01 real, 941 MB, 1.00 load
[runlim] sample:		1309.86 time, 1310.01 real, 943 MB, 1.00 load
[runlim] sample:		1319.86 time, 1320.01 real, 1120 MB, 1.00 load
[runlim] sample:		1329.86 time, 1330.01 real, 929 MB, 1.00 load
[runlim] sample:		1339.86 time, 1340.01 real, 929 MB, 1.00 load
[runlim] sample:		1349.86 time, 1350.01 real, 943 MB, 1.00 load
[runlim] sample:		1359.86 time, 1360.01 real, 943 MB, 1.00 load
[runlim] sample:		1369.86 time, 1370.01 real, 943 MB, 1.00 load
[runlim] sample:		1379.86 time, 1380.01 real, 937 MB, 1.00 load
[runlim] sample:		1389.86 time, 1390.01 real, 937 MB, 1.00 load
[runlim] sample:		1399.86 time, 1400.01 real, 922 MB, 1.00 load
[runlim] sample:		1409.86 time, 1410.01 real, 922 MB, 1.00 load
[runlim] sample:		1419.86 time, 1420.01 real, 923 MB, 1.00 load
[runlim] sample:		1429.86 time, 1430.01 real, 923 MB, 1.00 load
[runlim] sample:		1439.86 time, 1440.01 real, 957 MB, 1.00 load
[runlim] sample:		1449.85 time, 1450.01 real, 957 MB, 1.00 load
SAT

=> TOTAL COMPLETION TIME (Makespan / UB): 623
Schedule is valid
 Time taken: 1458.46 seconds
[runlim] sample:		1459.85 time, 1460.01 real, 957 MB, 1.00 load
SAT

=> TOTAL COMPLETION TIME (Makespan / UB): 622
Schedule is valid
 Time taken: 1469.35 seconds
[runlim] sample:		1469.85 time, 1470.01 real, 958 MB, 1.00 load
SAT

=> TOTAL COMPLETION TIME (Makespan / UB): 621
Schedule is valid
 Time taken: 1477.29 seconds
[runlim] sample:		1479.86 time, 1480.01 real, 948 MB, 1.00 load
SAT

=> TOTAL COMPLETION TIME (Makespan / UB): 620
Schedule is valid
 Time taken: 1486.07 seconds
[runlim] sample:		1489.86 time, 1490.01 real, 947 MB, 1.00 load
[runlim] sample:		1499.86 time, 1500.01 real, 931 MB, 1.08 load
SAT

=> TOTAL COMPLETION TIME (Makespan / UB): 619
Schedule is valid
 Time taken: 1501.04 seconds
[runlim] sample:		1509.86 time, 1510.01 real, 932 MB, 1.07 load
[runlim] sample:		1519.85 time, 1520.01 real, 944 MB, 1.06 load
[runlim] sample:		1529.85 time, 1530.01 real, 944 MB, 1.05 load
[runlim] sample:		1539.85 time, 1540.01 real, 944 MB, 1.04 load
[runlim] sample:		1549.85 time, 1550.01 real, 935 MB, 1.03 load
[runlim] sample:		1559.85 time, 1560.01 real, 935 MB, 1.03 load
[runlim] sample:		1569.85 time, 1570.01 real, 935 MB, 1.02 load
[runlim] sample:		1579.85 time, 1580.01 real, 952 MB, 1.02 load
[runlim] sample:		1589.85 time, 1590.01 real, 952 MB, 1.02 load
[runlim] sample:		1599.85 time, 1600.01 real, 952 MB, 1.01 load
[runlim] sample:		1609.85 time, 1610.01 real, 921 MB, 1.01 load
[runlim] sample:		1619.85 time, 1620.01 real, 921 MB, 1.01 load
[runlim] sample:		1629.85 time, 1630.01 real, 922 MB, 1.01 load
[runlim] sample:		1639.85 time, 1640.01 real, 922 MB, 1.00 load
[runlim] sample:		1649.85 time, 1650.01 real, 944 MB, 1.00 load
[runlim] sample:		1659.85 time, 1660.01 real, 944 MB, 1.00 load
[runlim] sample:		1669.85 time, 1670.01 real, 944 MB, 1.00 load
[runlim] sample:		1679.85 time, 1680.01 real, 944 MB, 1.00 load
[runlim] sample:		1689.84 time, 1690.01 real, 959 MB, 1.00 load
SAT

=> TOTAL COMPLETION TIME (Makespan / UB): 618
Schedule is valid
 Time taken: 1696.46 seconds
[runlim] sample:		1699.84 time, 1700.01 real, 958 MB, 1.00 load
[runlim] sample:		1709.84 time, 1710.01 real, 958 MB, 1.00 load
[runlim] sample:		1719.84 time, 1720.01 real, 947 MB, 1.00 load
[runlim] sample:		1729.84 time, 1730.01 real, 947 MB, 1.00 load
[runlim] sample:		1739.84 time, 1740.01 real, 947 MB, 1.00 load
[runlim] sample:		1749.84 time, 1750.01 real, 937 MB, 1.00 load
[runlim] sample:		1759.84 time, 1760.01 real, 937 MB, 1.00 load
[runlim] sample:		1769.84 time, 1770.01 real, 937 MB, 1.00 load
[runlim] sample:		1779.84 time, 1780.01 real, 1130 MB, 1.00 load
[runlim] sample:		1789.84 time, 1790.01 real, 945 MB, 1.00 load
[runlim] sample:		1799.84 time, 1800.01 real, 945 MB, 1.00 load
[runlim] sample:		1809.84 time, 1810.01 real, 922 MB, 1.00 load
[runlim] sample:		1819.83 time, 1820.01 real, 922 MB, 1.00 load
[runlim] sample:		1829.83 time, 1830.01 real, 922 MB, 1.00 load
[runlim] sample:		1839.83 time, 1840.01 real, 923 MB, 1.00 load
[runlim] sample:		1849.83 time, 1850.01 real, 923 MB, 1.00 load
[runlim] sample:		1859.83 time, 1860.01 real, 945 MB, 1.00 load
[runlim] sample:		1869.83 time, 1870.01 real, 945 MB, 1.00 load
[runlim] sample:		1879.83 time, 1880.01 real, 945 MB, 1.08 load
[runlim] sample:		1889.83 time, 1890.01 real, 945 MB, 1.07 load
[runlim] sample:		1899.84 time, 1900.01 real, 945 MB, 1.06 load
SAT

=> TOTAL COMPLETION TIME (Makespan / UB): 617
Schedule is valid
 Time taken: 1907.65 seconds
[runlim] sample:		1909.83 time, 1910.01 real, 958 MB, 1.05 load
[runlim] sample:		1919.83 time, 1920.01 real, 960 MB, 1.04 load
[runlim] sample:		1929.83 time, 1930.01 real, 943 MB, 1.03 load
[runlim] sample:		1939.83 time, 1940.01 real, 943 MB, 1.03 load
SAT

=> TOTAL COMPLETION TIME (Makespan / UB): 616
Schedule is valid
 Time taken: 1948.72 seconds
[runlim] sample:		1949.83 time, 1950.01 real, 941 MB, 1.02 load
[runlim] sample:		1959.83 time, 1960.01 real, 938 MB, 1.02 load
[runlim] sample:		1969.83 time, 1970.01 real, 940 MB, 1.02 load
[runlim] sample:		1979.83 time, 1980.01 real, 940 MB, 1.01 load
[runlim] sample:		1989.83 time, 1990.01 real, 936 MB, 1.01 load
[runlim] sample:		1999.83 time, 2000.01 real, 936 MB, 1.01 load
[runlim] sample:		2009.83 time, 2010.01 real, 936 MB, 1.01 load
[runlim] sample:		2019.83 time, 2020.01 real, 954 MB, 1.00 load
[runlim] sample:		2029.83 time, 2030.01 real, 954 MB, 1.00 load
[runlim] sample:		2039.83 time, 2040.01 real, 954 MB, 1.00 load
[runlim] sample:		2049.83 time, 2050.01 real, 932 MB, 1.00 load
[runlim] sample:		2059.83 time, 2060.01 real, 932 MB, 1.00 load
[runlim] sample:		2069.83 time, 2070.01 real, 932 MB, 1.00 load
[runlim] sample:		2079.83 time, 2080.01 real, 926 MB, 1.00 load
SAT

=> TOTAL COMPLETION TIME (Makespan / UB): 615
Schedule is valid
 Time taken: 2086.43 seconds
[runlim] sample:		2089.83 time, 2090.01 real, 925 MB, 1.00 load
[runlim] sample:		2099.83 time, 2100.01 real, 938 MB, 1.00 load
[runlim] sample:		2109.82 time, 2110.01 real, 940 MB, 1.00 load
[runlim] sample:		2119.82 time, 2120.01 real, 940 MB, 1.00 load
[runlim] sample:		2129.83 time, 2130.01 real, 940 MB, 1.00 load
[runlim] sample:		2139.83 time, 2140.01 real, 946 MB, 1.00 load
[runlim] sample:		2149.83 time, 2150.01 real, 946 MB, 1.00 load
[runlim] sample:		2159.83 time, 2160.01 real, 946 MB, 1.00 load
[runlim] sample:		2169.82 time, 2170.01 real, 946 MB, 1.00 load
[runlim] sample:		2179.82 time, 2180.01 real, 959 MB, 1.00 load
[runlim] sample:		2189.82 time, 2190.01 real, 959 MB, 1.00 load
[runlim] sample:		2199.82 time, 2200.01 real, 959 MB, 1.00 load
[runlim] sample:		2209.82 time, 2210.01 real, 927 MB, 1.00 load
[runlim] sample:		2219.82 time, 2220.01 real, 927 MB, 1.00 load
[runlim] sample:		2229.82 time, 2230.01 real, 927 MB, 1.00 load
[runlim] sample:		2239.82 time, 2240.01 real, 928 MB, 1.00 load
SAT

=> TOTAL COMPLETION TIME (Makespan / UB): 614
Schedule is valid
 Time taken: 2245.83 seconds
[runlim] sample:		2249.82 time, 2250.01 real, 926 MB, 1.00 load
[runlim] sample:		2259.82 time, 2260.01 real, 926 MB, 1.00 load
[runlim] sample:		2269.82 time, 2270.01 real, 945 MB, 1.00 load
[runlim] sample:		2279.82 time, 2280.01 real, 947 MB, 1.00 load
SAT

=> TOTAL COMPLETION TIME (Makespan / UB): 613
Schedule is valid
 Time taken: 2285.73 seconds
[runlim] sample:		2289.82 time, 2290.01 real, 947 MB, 1.00 load
[runlim] sample:		2299.82 time, 2300.01 real, 936 MB, 1.00 load
[runlim] sample:		2309.82 time, 2310.01 real, 938 MB, 1.00 load
[runlim] sample:		2319.82 time, 2320.01 real, 938 MB, 1.00 load
[runlim] sample:		2329.82 time, 2330.01 real, 938 MB, 1.00 load
[runlim] sample:		2339.82 time, 2340.01 real, 945 MB, 1.00 load
[runlim] sample:		2349.81 time, 2350.01 real, 945 MB, 1.00 load
[runlim] sample:		2359.81 time, 2360.01 real, 945 MB, 1.00 load
[runlim] sample:		2369.82 time, 2370.01 real, 957 MB, 1.00 load
[runlim] sample:		2379.82 time, 2380.01 real, 957 MB, 1.08 load
[runlim] sample:		2389.82 time, 2390.01 real, 957 MB, 1.07 load
[runlim] sample:		2399.82 time, 2400.01 real, 957 MB, 1.06 load
[runlim] sample:		2409.81 time, 2410.01 real, 928 MB, 1.05 load
[runlim] sample:		2419.81 time, 2420.01 real, 928 MB, 1.04 load
[runlim] sample:		2429.81 time, 2430.01 real, 928 MB, 1.03 load
[runlim] sample:		2439.81 time, 2440.01 real, 929 MB, 1.03 load
SAT

=> TOTAL COMPLETION TIME (Makespan / UB): 612
Schedule is valid
 Time taken: 2445.82 seconds
[runlim] sample:		2449.81 time, 2450.01 real, 927 MB, 1.02 load
[runlim] sample:		2459.81 time, 2460.01 real, 927 MB, 1.02 load
[runlim] sample:		2469.81 time, 2470.01 real, 955 MB, 1.02 load
[runlim] sample:		2479.81 time, 2480.01 real, 955 MB, 1.01 load
[runlim] sample:		2489.81 time, 2490.01 real, 955 MB, 1.01 load
[runlim] sample:		2499.81 time, 2500.01 real, 955 MB, 1.01 load
[runlim] sample:		2509.81 time, 2510.01 real, 952 MB, 1.08 load
[runlim] sample:		2519.81 time, 2520.01 real, 954 MB, 1.07 load
[runlim] sample:		2529.81 time, 2530.01 real, 954 MB, 1.06 load
[runlim] sample:		2539.80 time, 2540.01 real, 954 MB, 1.05 load
[runlim] sample:		2549.80 time, 2550.01 real, 954 MB, 1.04 load
[runlim] sample:		2559.80 time, 2560.01 real, 948 MB, 1.03 load
[runlim] sample:		2569.80 time, 2570.01 real, 948 MB, 1.03 load
[runlim] sample:		2579.80 time, 2580.01 real, 948 MB, 1.02 load
[runlim] sample:		2589.80 time, 2590.01 real, 928 MB, 1.02 load
[runlim] sample:		2599.80 time, 2600.01 real, 928 MB, 1.02 load
[runlim] sample:		2609.80 time, 2610.01 real, 928 MB, 1.01 load
SAT

=> TOTAL COMPLETION TIME (Makespan / UB): 611
Schedule is valid
 Time taken: 2618.23 seconds
[runlim] sample:		2619.81 time, 2620.01 real, 951 MB, 1.01 load
[runlim] sample:		2629.80 time, 2630.01 real, 953 MB, 1.01 load
[runlim] sample:		2639.80 time, 2640.01 real, 953 MB, 1.01 load
[runlim] sample:		2649.80 time, 2650.01 real, 953 MB, 1.00 load
[runlim] sample:		2659.81 time, 2660.01 real, 942 MB, 1.00 load
[runlim] sample:		2669.80 time, 2670.01 real, 942 MB, 1.00 load
[runlim] sample:		2679.80 time, 2680.01 real, 942 MB, 1.00 load
[runlim] sample:		2689.80 time, 2690.01 real, 942 MB, 1.00 load
[runlim] sample:		2699.80 time, 2700.01 real, 942 MB, 1.00 load
[runlim] sample:		2709.80 time, 2710.01 real, 971 MB, 1.00 load
[runlim] sample:		2719.79 time, 2720.01 real, 973 MB, 1.00 load
[runlim] sample:		2729.79 time, 2730.01 real, 973 MB, 1.00 load
[runlim] sample:		2739.80 time, 2740.01 real, 934 MB, 1.00 load
[runlim] sample:		2749.80 time, 2750.01 real, 936 MB, 1.00 load
[runlim] sample:		2759.79 time, 2760.01 real, 936 MB, 1.00 load
[runlim] sample:		2769.80 time, 2770.01 real, 933 MB, 1.00 load
[runlim] sample:		2779.80 time, 2780.01 real, 933 MB, 1.00 load
[runlim] sample:		2789.80 time, 2790.01 real, 933 MB, 1.00 load
SAT

=> TOTAL COMPLETION TIME (Makespan / UB): 610
Schedule is valid
 Time taken: 2791.16 seconds
[runlim] sample:		2799.80 time, 2800.01 real, 930 MB, 1.00 load
[runlim] sample:		2809.79 time, 2810.01 real, 955 MB, 1.00 load
[runlim] sample:		2819.80 time, 2820.01 real, 957 MB, 1.00 load
[runlim] sample:		2829.80 time, 2830.01 real, 957 MB, 1.00 load
[runlim] sample:		2839.80 time, 2840.01 real, 957 MB, 1.00 load
[runlim] sample:		2849.79 time, 2850.01 real, 948 MB, 1.00 load
[runlim] sample:		2859.79 time, 2860.01 real, 950 MB, 1.00 load
[runlim] sample:		2869.79 time, 2870.01 real, 950 MB, 1.00 load
[runlim] sample:		2879.79 time, 2880.01 real, 950 MB, 1.00 load
[runlim] sample:		2889.79 time, 2890.01 real, 950 MB, 1.00 load
[runlim] sample:		2899.79 time, 2900.01 real, 952 MB, 1.00 load
[runlim] sample:		2909.79 time, 2910.01 real, 952 MB, 1.00 load
[runlim] sample:		2919.79 time, 2920.01 real, 952 MB, 1.00 load
[runlim] sample:		2929.79 time, 2930.01 real, 930 MB, 1.00 load
[runlim] sample:		2939.79 time, 2940.01 real, 930 MB, 1.32 load
[runlim] sample:		2949.79 time, 2950.01 real, 930 MB, 1.27 load
[runlim] sample:		2959.79 time, 2960.01 real, 930 MB, 1.23 load
[runlim] sample:		2969.79 time, 2970.01 real, 930 MB, 1.19 load
[runlim] sample:		2979.79 time, 2980.01 real, 956 MB, 1.16 load
[runlim] sample:		2989.79 time, 2990.01 real, 956 MB, 1.14 load
[runlim] sample:		2999.78 time, 3000.01 real, 956 MB, 1.12 load
[runlim] sample:		3009.78 time, 3010.01 real, 956 MB, 1.10 load
SAT

=> TOTAL COMPLETION TIME (Makespan / UB): 609
Schedule is valid
 Time taken: 3014.74 seconds
[runlim] sample:		3019.79 time, 3020.01 real, 957 MB, 1.08 load
[runlim] sample:		3029.79 time, 3030.01 real, 973 MB, 1.07 load
[runlim] sample:		3039.79 time, 3040.01 real, 975 MB, 1.06 load
[runlim] sample:		3049.79 time, 3050.01 real, 975 MB, 1.05 load
[runlim] sample:		3059.79 time, 3060.01 real, 951 MB, 1.04 load
[runlim] sample:		3069.79 time, 3070.01 real, 951 MB, 1.03 load
[runlim] sample:		3079.79 time, 3080.01 real, 953 MB, 1.03 load
[runlim] sample:		3089.78 time, 3090.01 real, 953 MB, 1.02 load
[runlim] sample:		3099.78 time, 3100.01 real, 953 MB, 1.02 load
[runlim] sample:		3109.78 time, 3110.01 real, 974 MB, 1.02 load
[runlim] sample:		3119.78 time, 3120.01 real, 974 MB, 1.01 load
[runlim] sample:		3129.78 time, 3130.01 real, 974 MB, 1.01 load
[runlim] sample:		3139.78 time, 3140.01 real, 932 MB, 1.01 load
[runlim] sample:		3149.78 time, 3150.01 real, 932 MB, 1.01 load
[runlim] sample:		3159.78 time, 3160.01 real, 932 MB, 1.00 load
[runlim] sample:		3169.78 time, 3170.01 real, 932 MB, 1.00 load
[runlim] sample:		3179.78 time, 3180.01 real, 953 MB, 1.00 load
[runlim] sample:		3189.78 time, 3190.01 real, 953 MB, 1.00 load
SAT

=> TOTAL COMPLETION TIME (Makespan / UB): 608
Schedule is valid
 Time taken: 3198.71 seconds
[runlim] sample:		3199.78 time, 3200.01 real, 952 MB, 1.00 load
[runlim] sample:		3209.78 time, 3210.01 real, 952 MB, 1.00 load
[runlim] sample:		3219.78 time, 3220.01 real, 952 MB, 1.00 load
[runlim] sample:		3229.77 time, 3230.01 real, 963 MB, 1.00 load
[runlim] sample:		3239.77 time, 3240.01 real, 965 MB, 1.00 load
[runlim] sample:		3249.77 time, 3250.01 real, 965 MB, 1.00 load
[runlim] sample:		3259.77 time, 3260.01 real, 965 MB, 1.00 load
[runlim] sample:		3269.78 time, 3270.01 real, 964 MB, 1.00 load
[runlim] sample:		3279.78 time, 3280.01 real, 964 MB, 1.00 load
[runlim] sample:		3289.78 time, 3290.01 real, 966 MB, 1.00 load
[runlim] sample:		3299.78 time, 3300.01 real, 966 MB, 1.00 load
[runlim] sample:		3309.78 time, 3310.01 real, 966 MB, 1.00 load
[runlim] sample:		3319.77 time, 3320.01 real, 949 MB, 1.00 load
[runlim] sample:		3329.77 time, 3330.01 real, 949 MB, 1.00 load
[runlim] sample:		3339.77 time, 3340.01 real, 949 MB, 1.00 load
[runlim] sample:		3349.77 time, 3350.01 real, 949 MB, 1.00 load
[runlim] sample:		3359.77 time, 3360.01 real, 934 MB, 1.00 load
[runlim] sample:		3369.77 time, 3370.01 real, 934 MB, 1.00 load
[runlim] sample:		3379.77 time, 3380.01 real, 934 MB, 1.00 load
[runlim] sample:		3389.76 time, 3390.01 real, 934 MB, 1.00 load
[runlim] sample:		3399.76 time, 3400.01 real, 934 MB, 1.00 load
SAT

=> TOTAL COMPLETION TIME (Makespan / UB): 607
Schedule is valid
 Time taken: 3401.20 seconds
[runlim] sample:		3409.76 time, 3410.01 real, 974 MB, 1.00 load
[runlim] sample:		3419.76 time, 3420.01 real, 976 MB, 1.00 load
[runlim] sample:		3429.76 time, 3430.01 real, 976 MB, 1.00 load
[runlim] sample:		3439.76 time, 3440.01 real, 976 MB, 1.00 load
[runlim] sample:		3449.77 time, 3450.01 real, 951 MB, 1.00 load
[runlim] sample:		3459.77 time, 3460.01 real, 951 MB, 1.00 load
[runlim] sample:		3469.77 time, 3470.01 real, 951 MB, 1.00 load
[runlim] sample:		3479.76 time, 3480.01 real, 953 MB, 1.00 load
[runlim] sample:		3489.76 time, 3490.01 real, 953 MB, 1.00 load
[runlim] sample:		3499.76 time, 3500.01 real, 953 MB, 1.00 load
[runlim] sample:		3509.77 time, 3510.01 real, 980 MB, 1.00 load
[runlim] sample:		3519.76 time, 3520.01 real, 980 MB, 1.00 load
[runlim] sample:		3529.76 time, 3530.01 real, 980 MB, 1.00 load
[runlim] sample:		3539.76 time, 3540.01 real, 980 MB, 1.00 load
[runlim] sample:		3549.76 time, 3550.01 real, 936 MB, 1.00 load
[runlim] sample:		3559.76 time, 3560.01 real, 936 MB, 1.00 load
[runlim] sample:		3569.76 time, 3570.01 real, 936 MB, 1.00 load
[runlim] sample:		3579.76 time, 3580.01 real, 936 MB, 1.00 load
[runlim] sample:		3589.76 time, 3590.01 real, 955 MB, 1.00 load
[runlim] sample:		3599.76 time, 3600.01 real, 955 MB, 1.00 load
[runlim] sample:		3609.76 time, 3610.01 real, 955 MB, 1.00 load
[runlim] sample:		3619.76 time, 3620.01 real, 955 MB, 1.00 load
SAT

=> TOTAL COMPLETION TIME (Makespan / UB): 606
Schedule is valid
 Time taken: 3623.21 seconds
[runlim] sample:		3629.76 time, 3630.01 real, 953 MB, 1.00 load
[runlim] sample:		3639.76 time, 3640.01 real, 978 MB, 1.00 load
[runlim] sample:		3649.76 time, 3650.01 real, 978 MB, 1.00 load
[runlim] sample:		3659.76 time, 3660.01 real, 980 MB, 1.00 load
SAT

=> TOTAL COMPLETION TIME (Makespan / UB): 605
Schedule is valid
 Time taken: 3668.56 seconds
[runlim] sample:		3669.76 time, 3670.01 real, 980 MB, 1.00 load
[runlim] sample:		3679.76 time, 3680.01 real, 1154 MB, 1.00 load
[runlim] sample:		3689.76 time, 3690.01 real, 949 MB, 1.00 load
[runlim] sample:		3699.76 time, 3700.01 real, 951 MB, 1.00 load
[runlim] sample:		3709.76 time, 3710.01 real, 951 MB, 1.00 load
[runlim] sample:		3719.76 time, 3720.01 real, 951 MB, 1.00 load
[runlim] sample:		3729.76 time, 3730.01 real, 951 MB, 1.00 load
[runlim] sample:		3739.76 time, 3740.01 real, 928 MB, 1.00 load
[runlim] sample:		3749.75 time, 3750.01 real, 928 MB, 1.00 load
[runlim] sample:		3759.75 time, 3760.01 real, 928 MB, 1.00 load
[runlim] sample:		3769.75 time, 3770.01 real, 928 MB, 1.00 load
[runlim] sample:		3779.75 time, 3780.01 real, 923 MB, 1.00 load
[runlim] sample:		3789.75 time, 3790.01 real, 923 MB, 1.00 load
[runlim] sample:		3799.75 time, 3800.01 real, 923 MB, 1.00 load
[runlim] sample:		3809.75 time, 3810.01 real, 923 MB, 1.00 load
[runlim] sample:		3819.75 time, 3820.01 real, 900 MB, 1.00 load
[runlim] sample:		3829.75 time, 3830.01 real, 900 MB, 1.00 load
[runlim] sample:		3839.75 time, 3840.01 real, 900 MB, 1.00 load
[runlim] sample:		3849.74 time, 3850.01 real, 900 MB, 1.00 load
[runlim] sample:		3859.74 time, 3860.01 real, 900 MB, 1.00 load
[runlim] sample:		3869.75 time, 3870.01 real, 937 MB, 1.00 load
[runlim] sample:		3879.75 time, 3880.01 real, 937 MB, 1.00 load
[runlim] sample:		3889.75 time, 3890.01 real, 937 MB, 1.00 load
[runlim] sample:		3899.75 time, 3900.01 real, 937 MB, 1.00 load
[runlim] sample:		3909.75 time, 3910.01 real, 937 MB, 1.00 load
[runlim] sample:		3919.75 time, 3920.01 real, 937 MB, 1.00 load
[runlim] sample:		3929.75 time, 3930.01 real, 937 MB, 1.00 load
[runlim] sample:		3939.74 time, 3940.01 real, 957 MB, 1.00 load
[runlim] sample:		3949.74 time, 3950.01 real, 957 MB, 1.00 load
[runlim] sample:		3959.74 time, 3960.01 real, 957 MB, 1.00 load
[runlim] sample:		3969.74 time, 3970.01 real, 957 MB, 1.16 load
[runlim] sample:		3979.74 time, 3980.01 real, 957 MB, 1.13 load
[runlim] sample:		3989.74 time, 3990.01 real, 957 MB, 1.11 load
[runlim] sample:		3999.74 time, 4000.01 real, 957 MB, 1.10 load
[runlim] sample:		4009.74 time, 4010.01 real, 957 MB, 1.08 load
[runlim] sample:		4019.74 time, 4020.01 real, 961 MB, 1.07 load
[runlim] sample:		4029.74 time, 4030.01 real, 961 MB, 1.06 load
[runlim] sample:		4039.74 time, 4040.01 real, 961 MB, 1.05 load
[runlim] sample:		4049.74 time, 4050.01 real, 961 MB, 1.04 load
[runlim] sample:		4059.74 time, 4060.01 real, 961 MB, 1.03 load
[runlim] sample:		4069.73 time, 4070.01 real, 961 MB, 1.03 load
[runlim] sample:		4079.73 time, 4080.01 real, 961 MB, 1.02 load
[runlim] sample:		4089.73 time, 4090.01 real, 938 MB, 1.02 load
[runlim] sample:		4099.73 time, 4100.01 real, 938 MB, 1.02 load
[runlim] sample:		4109.73 time, 4110.01 real, 938 MB, 1.01 load
[runlim] sample:		4119.73 time, 4120.01 real, 938 MB, 1.01 load
[runlim] sample:		4129.74 time, 4130.01 real, 898 MB, 1.01 load
[runlim] sample:		4139.74 time, 4140.01 real, 899 MB, 1.01 load
[runlim] sample:		4149.74 time, 4150.01 real, 899 MB, 1.00 load
[runlim] sample:		4159.74 time, 4160.01 real, 899 MB, 1.00 load
[runlim] sample:		4169.73 time, 4170.01 real, 901 MB, 1.00 load
[runlim] sample:		4179.73 time, 4180.01 real, 901 MB, 1.00 load
[runlim] sample:		4189.73 time, 4190.01 real, 901 MB, 1.00 load
[runlim] sample:		4199.73 time, 4200.01 real, 901 MB, 1.00 load
[runlim] sample:		4209.73 time, 4210.01 real, 901 MB, 1.00 load
[runlim] sample:		4219.73 time, 4220.01 real, 902 MB, 1.00 load
[runlim] sample:		4229.73 time, 4230.01 real, 902 MB, 1.00 load
[runlim] sample:		4239.73 time, 4240.01 real, 902 MB, 1.00 load
[runlim] sample:		4249.73 time, 4250.01 real, 902 MB, 1.00 load
[runlim] sample:		4259.73 time, 4260.01 real, 1086 MB, 1.00 load
[runlim] sample:		4269.73 time, 4270.01 real, 904 MB, 1.00 load
[runlim] sample:		4279.73 time, 4280.01 real, 904 MB, 1.00 load
[runlim] sample:		4289.73 time, 4290.01 real, 904 MB, 1.00 load
[runlim] sample:		4299.73 time, 4300.01 real, 904 MB, 1.00 load
[runlim] sample:		4309.73 time, 4310.01 real, 906 MB, 1.00 load
[runlim] sample:		4319.72 time, 4320.01 real, 906 MB, 1.00 load
[runlim] sample:		4329.72 time, 4330.01 real, 906 MB, 1.00 load
[runlim] sample:		4339.72 time, 4340.01 real, 906 MB, 1.00 load
[runlim] sample:		4349.72 time, 4350.01 real, 906 MB, 1.00 load
[runlim] sample:		4359.72 time, 4360.01 real, 906 MB, 1.00 load
[runlim] sample:		4369.72 time, 4370.01 real, 906 MB, 1.00 load
[runlim] sample:		4379.72 time, 4380.01 real, 906 MB, 1.00 load
[runlim] sample:		4389.72 time, 4390.01 real, 906 MB, 1.00 load
[runlim] sample:		4399.72 time, 4400.01 real, 906 MB, 1.00 load
[runlim] sample:		4409.72 time, 4410.01 real, 917 MB, 1.00 load
[runlim] sample:		4419.72 time, 4420.01 real, 917 MB, 1.00 load
[runlim] sample:		4429.72 time, 4430.01 real, 917 MB, 1.00 load
[runlim] sample:		4439.72 time, 4440.01 real, 917 MB, 1.00 load
[runlim] sample:		4449.72 time, 4450.01 real, 917 MB, 1.00 load
[runlim] sample:		4459.72 time, 4460.01 real, 917 MB, 1.00 load
SAT

=> TOTAL COMPLETION TIME (Makespan / UB): 604
Schedule is valid
 Time taken: 4466.13 seconds
[runlim] sample:		4469.72 time, 4470.01 real, 950 MB, 1.00 load
[runlim] sample:		4479.72 time, 4480.01 real, 992 MB, 1.00 load
[runlim] sample:		4489.72 time, 4490.01 real, 992 MB, 1.00 load
[runlim] sample:		4499.72 time, 4500.01 real, 992 MB, 1.00 load
[runlim] sample:		4509.72 time, 4510.01 real, 994 MB, 1.00 load
[runlim] sample:		4519.72 time, 4520.01 real, 994 MB, 1.00 load
[runlim] sample:		4529.71 time, 4530.01 real, 958 MB, 1.00 load
[runlim] sample:		4539.72 time, 4540.01 real, 968 MB, 1.00 load
[runlim] sample:		4549.71 time, 4550.01 real, 968 MB, 1.00 load
[runlim] sample:		4559.71 time, 4560.01 real, 968 MB, 1.00 load
[runlim] sample:		4569.71 time, 4570.01 real, 970 MB, 1.00 load
[runlim] sample:		4579.71 time, 4580.01 real, 970 MB, 1.00 load
[runlim] sample:		4589.71 time, 4590.01 real, 971 MB, 1.00 load
[runlim] sample:		4599.71 time, 4600.01 real, 971 MB, 1.00 load
[runlim] sample:		4609.71 time, 4610.01 real, 971 MB, 1.00 load
[runlim] sample:		4619.71 time, 4620.01 real, 971 MB, 1.00 load
[runlim] sample:		4629.71 time, 4630.01 real, 971 MB, 1.00 load
[runlim] sample:		4639.71 time, 4640.01 real, 938 MB, 1.00 load
[runlim] sample:		4649.71 time, 4650.01 real, 938 MB, 1.00 load
[runlim] sample:		4659.71 time, 4660.01 real, 938 MB, 1.00 load
[runlim] sample:		4669.71 time, 4670.01 real, 938 MB, 1.00 load
[runlim] sample:		4679.71 time, 4680.01 real, 938 MB, 1.00 load
[runlim] sample:		4689.71 time, 4690.01 real, 938 MB, 1.00 load
[runlim] sample:		4699.71 time, 4700.01 real, 996 MB, 1.00 load
[runlim] sample:		4709.71 time, 4710.01 real, 996 MB, 1.00 load
SAT

=> TOTAL COMPLETION TIME (Makespan / UB): 603
Schedule is valid
 Time taken: 4718.39 seconds
[runlim] sample:		4719.70 time, 4720.01 real, 996 MB, 1.00 load
[runlim] sample:		4729.70 time, 4730.01 real, 996 MB, 1.00 load
[runlim] sample:		4739.70 time, 4740.01 real, 996 MB, 1.00 load
[runlim] sample:		4749.70 time, 4750.01 real, 996 MB, 1.00 load
[runlim] sample:		4759.70 time, 4760.01 real, 971 MB, 1.00 load
[runlim] sample:		4769.70 time, 4770.01 real, 973 MB, 1.00 load
[runlim] sample:		4779.70 time, 4780.01 real, 973 MB, 1.00 load
[runlim] sample:		4789.70 time, 4790.01 real, 973 MB, 1.00 load
[runlim] sample:		4799.70 time, 4800.01 real, 973 MB, 1.00 load
[runlim] sample:		4809.70 time, 4810.01 real, 973 MB, 1.00 load
[runlim] sample:		4819.70 time, 4820.01 real, 973 MB, 1.00 load
[runlim] sample:		4829.70 time, 4830.01 real, 973 MB, 1.00 load
[runlim] sample:		4839.70 time, 4840.01 real, 987 MB, 1.00 load
[runlim] sample:		4849.70 time, 4850.01 real, 987 MB, 1.00 load
[runlim] sample:		4859.70 time, 4860.01 real, 989 MB, 1.00 load
[runlim] sample:		4869.70 time, 4870.01 real, 989 MB, 1.00 load
[runlim] sample:		4879.69 time, 4880.01 real, 989 MB, 1.00 load
[runlim] sample:		4889.70 time, 4890.01 real, 939 MB, 1.00 load
[runlim] sample:		4899.70 time, 4900.01 real, 939 MB, 1.00 load
[runlim] sample:		4909.70 time, 4910.01 real, 939 MB, 1.00 load
[runlim] sample:		4919.70 time, 4920.01 real, 940 MB, 1.00 load
[runlim] sample:		4929.70 time, 4930.01 real, 941 MB, 1.00 load
[runlim] sample:		4939.70 time, 4940.01 real, 941 MB, 1.00 load
[runlim] sample:		4949.70 time, 4950.01 real, 965 MB, 1.00 load
[runlim] sample:		4959.70 time, 4960.01 real, 965 MB, 1.00 load
[runlim] sample:		4969.70 time, 4970.01 real, 965 MB, 1.00 load
[runlim] sample:		4979.70 time, 4980.01 real, 965 MB, 1.00 load
[runlim] sample:		4989.70 time, 4990.01 real, 965 MB, 1.00 load
[runlim] sample:		4999.69 time, 5000.01 real, 965 MB, 1.00 load
[runlim] sample:		5009.69 time, 5010.01 real, 965 MB, 1.00 load
[runlim] sample:		5019.69 time, 5020.01 real, 965 MB, 1.00 load
[runlim] sample:		5029.70 time, 5030.01 real, 998 MB, 1.00 load
[runlim] sample:		5039.69 time, 5040.01 real, 998 MB, 1.00 load
[runlim] sample:		5049.69 time, 5050.01 real, 998 MB, 1.00 load
[runlim] sample:		5059.69 time, 5060.01 real, 998 MB, 1.00 load
[runlim] sample:		5069.69 time, 5070.01 real, 998 MB, 1.00 load
[runlim] sample:		5079.69 time, 5080.01 real, 998 MB, 1.00 load
[runlim] sample:		5089.69 time, 5090.01 real, 998 MB, 1.00 load
[runlim] sample:		5099.69 time, 5100.01 real, 998 MB, 1.00 load
[runlim] sample:		5109.69 time, 5110.01 real, 998 MB, 1.00 load
[runlim] sample:		5119.68 time, 5120.01 real, 998 MB, 1.00 load
[runlim] sample:		5129.68 time, 5130.01 real, 1005 MB, 1.00 load
[runlim] sample:		5139.68 time, 5140.01 real, 1005 MB, 1.00 load
[runlim] sample:		5149.68 time, 5150.01 real, 1005 MB, 1.00 load
[runlim] sample:		5159.68 time, 5160.01 real, 1007 MB, 1.00 load
[runlim] sample:		5169.68 time, 5170.01 real, 1007 MB, 1.00 load
[runlim] sample:		5179.68 time, 5180.01 real, 1007 MB, 1.00 load
[runlim] sample:		5189.68 time, 5190.01 real, 1007 MB, 1.08 load
[runlim] sample:		5199.68 time, 5200.01 real, 1007 MB, 1.07 load
[runlim] sample:		5209.68 time, 5210.01 real, 1009 MB, 1.06 load
[runlim] sample:		5219.68 time, 5220.01 real, 1009 MB, 1.05 load
[runlim] sample:		5229.68 time, 5230.01 real, 1009 MB, 1.04 load
[runlim] sample:		5239.68 time, 5240.01 real, 1009 MB, 1.03 load
[runlim] sample:		5249.68 time, 5250.01 real, 939 MB, 1.03 load
[runlim] sample:		5259.68 time, 5260.01 real, 939 MB, 1.10 load
[runlim] sample:		5269.68 time, 5270.01 real, 939 MB, 1.08 load
[runlim] sample:		5279.68 time, 5280.01 real, 939 MB, 1.07 load
[runlim] sample:		5289.68 time, 5290.01 real, 939 MB, 1.06 load
[runlim] sample:		5299.68 time, 5300.01 real, 939 MB, 1.05 load
[runlim] sample:		5309.67 time, 5310.01 real, 941 MB, 1.04 load
[runlim] sample:		5319.67 time, 5320.01 real, 941 MB, 1.03 load
[runlim] sample:		5329.67 time, 5330.01 real, 941 MB, 1.03 load
[runlim] sample:		5339.67 time, 5340.01 real, 941 MB, 1.02 load
[runlim] sample:		5349.67 time, 5350.01 real, 941 MB, 1.02 load
[runlim] sample:		5359.67 time, 5360.01 real, 941 MB, 1.02 load
[runlim] sample:		5369.67 time, 5370.01 real, 941 MB, 1.01 load
[runlim] sample:		5379.67 time, 5380.01 real, 943 MB, 1.01 load
[runlim] sample:		5389.67 time, 5390.01 real, 943 MB, 1.01 load
[runlim] sample:		5399.67 time, 5400.01 real, 943 MB, 1.01 load
[runlim] sample:		5409.67 time, 5410.01 real, 943 MB, 1.00 load
[runlim] sample:		5419.67 time, 5420.01 real, 943 MB, 1.00 load
[runlim] sample:		5429.67 time, 5430.01 real, 943 MB, 1.00 load
[runlim] sample:		5439.67 time, 5440.01 real, 944 MB, 1.00 load
[runlim] sample:		5449.67 time, 5450.01 real, 944 MB, 1.00 load
[runlim] sample:		5459.67 time, 5460.01 real, 944 MB, 1.00 load
[runlim] sample:		5469.67 time, 5470.01 real, 944 MB, 1.00 load
[runlim] sample:		5479.67 time, 5480.01 real, 944 MB, 1.00 load
[runlim] sample:		5489.67 time, 5490.01 real, 944 MB, 1.00 load
[runlim] sample:		5499.67 time, 5500.01 real, 944 MB, 1.00 load
[runlim] sample:		5509.66 time, 5510.01 real, 946 MB, 1.00 load
[runlim] sample:		5519.66 time, 5520.01 real, 946 MB, 1.00 load
[runlim] sample:		5529.67 time, 5530.01 real, 946 MB, 1.00 load
[runlim] sample:		5539.67 time, 5540.01 real, 946 MB, 1.00 load
[runlim] sample:		5549.67 time, 5550.01 real, 946 MB, 1.00 load
[runlim] sample:		5559.66 time, 5560.01 real, 946 MB, 1.00 load
[runlim] sample:		5569.66 time, 5570.01 real, 947 MB, 1.00 load
[runlim] sample:		5579.66 time, 5580.01 real, 947 MB, 1.00 load
[runlim] sample:		5589.66 time, 5590.01 real, 947 MB, 1.00 load
[runlim] sample:		5599.66 time, 5600.01 real, 947 MB, 1.00 load
[runlim] sample:		5609.66 time, 5610.01 real, 947 MB, 1.00 load
[runlim] sample:		5619.66 time, 5620.01 real, 947 MB, 1.00 load
[runlim] sample:		5629.66 time, 5630.01 real, 947 MB, 1.00 load
[runlim] sample:		5639.65 time, 5640.01 real, 947 MB, 1.00 load
[runlim] sample:		5649.66 time, 5650.01 real, 998 MB, 1.00 load
[runlim] sample:		5659.66 time, 5660.01 real, 998 MB, 1.00 load
[runlim] sample:		5669.66 time, 5670.01 real, 998 MB, 1.00 load
[runlim] sample:		5679.66 time, 5680.01 real, 998 MB, 1.00 load
[runlim] sample:		5689.66 time, 5690.01 real, 999 MB, 1.00 load
[runlim] sample:		5699.66 time, 5700.01 real, 999 MB, 1.00 load
[runlim] sample:		5709.65 time, 5710.01 real, 999 MB, 1.15 load
[runlim] sample:		5719.65 time, 5720.01 real, 999 MB, 1.13 load
[runlim] sample:		5729.65 time, 5730.01 real, 999 MB, 1.11 load
[runlim] sample:		5739.65 time, 5740.01 real, 999 MB, 1.09 load
[runlim] sample:		5749.65 time, 5750.01 real, 999 MB, 1.08 load
[runlim] sample:		5759.65 time, 5760.01 real, 1001 MB, 1.06 load
[runlim] sample:		5769.65 time, 5770.01 real, 1022 MB, 1.05 load
[runlim] sample:		5779.65 time, 5780.01 real, 1022 MB, 1.05 load
[runlim] sample:		5789.65 time, 5790.01 real, 1022 MB, 1.04 load
[runlim] sample:		5799.65 time, 5800.01 real, 1022 MB, 1.03 load
[runlim] sample:		5809.65 time, 5810.01 real, 1022 MB, 1.03 load
[runlim] sample:		5819.65 time, 5820.01 real, 1022 MB, 1.02 load
[runlim] sample:		5829.65 time, 5830.01 real, 1022 MB, 1.02 load
[runlim] sample:		5839.65 time, 5840.01 real, 1022 MB, 1.02 load
[runlim] sample:		5849.65 time, 5850.01 real, 1022 MB, 1.01 load
[runlim] sample:		5859.65 time, 5860.01 real, 1022 MB, 1.01 load
[runlim] sample:		5869.64 time, 5870.01 real, 1022 MB, 1.01 load
[runlim] sample:		5879.65 time, 5880.01 real, 1289 MB, 1.01 load
[runlim] sample:		5889.65 time, 5890.01 real, 1026 MB, 1.00 load
[runlim] sample:		5899.65 time, 5900.01 real, 1026 MB, 1.00 load
[runlim] sample:		5909.64 time, 5910.01 real, 1026 MB, 1.00 load
[runlim] sample:		5919.64 time, 5920.01 real, 1026 MB, 1.00 load
[runlim] sample:		5929.64 time, 5930.01 real, 1026 MB, 1.00 load
[runlim] sample:		5939.64 time, 5940.01 real, 1026 MB, 1.00 load
[runlim] sample:		5949.64 time, 5950.01 real, 1026 MB, 1.00 load
[runlim] sample:		5959.64 time, 5960.01 real, 1026 MB, 1.00 load
[runlim] sample:		5969.64 time, 5970.01 real, 1026 MB, 1.00 load
[runlim] sample:		5979.64 time, 5980.01 real, 1019 MB, 1.00 load
[runlim] sample:		5989.64 time, 5990.01 real, 1019 MB, 1.00 load
[runlim] sample:		5999.64 time, 6000.01 real, 1019 MB, 1.00 load
[runlim] sample:		6009.64 time, 6010.01 real, 1019 MB, 1.00 load
[runlim] sample:		6019.64 time, 6020.01 real, 1019 MB, 1.00 load
[runlim] sample:		6029.64 time, 6030.01 real, 1019 MB, 1.00 load
[runlim] sample:		6039.64 time, 6040.01 real, 1019 MB, 1.00 load
[runlim] sample:		6049.64 time, 6050.01 real, 1019 MB, 1.00 load
[runlim] sample:		6059.64 time, 6060.01 real, 1019 MB, 1.00 load
[runlim] sample:		6069.64 time, 6070.01 real, 1005 MB, 1.00 load
[runlim] sample:		6079.63 time, 6080.01 real, 1005 MB, 1.00 load
[runlim] sample:		6089.63 time, 6090.01 real, 1005 MB, 1.00 load
[runlim] sample:		6099.63 time, 6100.01 real, 1005 MB, 1.00 load
[runlim] sample:		6109.63 time, 6110.01 real, 1005 MB, 1.00 load
[runlim] sample:		6119.63 time, 6120.01 real, 1005 MB, 1.00 load
[runlim] sample:		6129.63 time, 6130.01 real, 1005 MB, 1.00 load
[runlim] sample:		6139.63 time, 6140.01 real, 1005 MB, 1.00 load
[runlim] sample:		6149.63 time, 6150.01 real, 1005 MB, 1.00 load
[runlim] sample:		6159.63 time, 6160.01 real, 1005 MB, 1.00 load
[runlim] sample:		6169.63 time, 6170.01 real, 1005 MB, 1.00 load
[runlim] sample:		6179.63 time, 6180.01 real, 996 MB, 1.00 load
[runlim] sample:		6189.62 time, 6190.01 real, 996 MB, 1.00 load
[runlim] sample:		6199.62 time, 6200.01 real, 996 MB, 1.00 load
[runlim] sample:		6209.62 time, 6210.01 real, 996 MB, 1.00 load
[runlim] sample:		6219.62 time, 6220.01 real, 996 MB, 1.00 load
[runlim] sample:		6229.62 time, 6230.01 real, 996 MB, 1.00 load
[runlim] sample:		6239.62 time, 6240.01 real, 996 MB, 1.00 load
[runlim] sample:		6249.62 time, 6250.01 real, 996 MB, 1.00 load
[runlim] sample:		6259.62 time, 6260.01 real, 996 MB, 1.07 load
[runlim] sample:		6269.62 time, 6270.01 real, 1015 MB, 1.06 load
[runlim] sample:		6279.62 time, 6280.01 real, 1015 MB, 1.05 load
[runlim] sample:		6289.62 time, 6290.01 real, 1015 MB, 1.04 load
[runlim] sample:		6299.62 time, 6300.01 real, 1015 MB, 1.04 load
[runlim] sample:		6309.62 time, 6310.01 real, 1015 MB, 1.10 load
[runlim] sample:		6319.62 time, 6320.01 real, 1015 MB, 1.09 load
[runlim] sample:		6329.62 time, 6330.01 real, 1015 MB, 1.07 load
[runlim] sample:		6339.62 time, 6340.01 real, 1015 MB, 1.06 load
[runlim] sample:		6349.62 time, 6350.01 real, 1015 MB, 1.05 load
[runlim] sample:		6359.62 time, 6360.01 real, 1015 MB, 1.04 load
[runlim] sample:		6369.62 time, 6370.01 real, 1015 MB, 1.04 load
[runlim] sample:		6379.62 time, 6380.01 real, 1017 MB, 1.03 load
[runlim] sample:		6389.62 time, 6390.01 real, 1017 MB, 1.02 load
[runlim] sample:		6399.62 time, 6400.01 real, 1017 MB, 1.02 load
[runlim] sample:		6409.62 time, 6410.01 real, 1017 MB, 1.02 load
[runlim] sample:		6419.61 time, 6420.01 real, 1017 MB, 1.01 load
[runlim] sample:		6429.61 time, 6430.01 real, 1017 MB, 1.01 load
[runlim] sample:		6439.61 time, 6440.01 real, 1017 MB, 1.01 load
[runlim] sample:		6449.61 time, 6450.01 real, 1017 MB, 1.01 load
[runlim] sample:		6459.61 time, 6460.01 real, 1017 MB, 1.01 load
[runlim] sample:		6469.61 time, 6470.01 real, 1017 MB, 1.00 load
[runlim] sample:		6479.61 time, 6480.01 real, 1017 MB, 1.00 load
[runlim] sample:		6489.62 time, 6490.01 real, 1021 MB, 1.00 load
[runlim] sample:		6499.62 time, 6500.01 real, 1021 MB, 1.00 load
[runlim] sample:		6509.62 time, 6510.01 real, 1021 MB, 1.00 load
[runlim] sample:		6519.62 time, 6520.01 real, 1021 MB, 1.00 load
[runlim] sample:		6529.61 time, 6530.01 real, 1021 MB, 1.00 load
[runlim] sample:		6539.61 time, 6540.01 real, 1021 MB, 1.00 load
[runlim] sample:		6549.61 time, 6550.01 real, 1021 MB, 1.00 load
[runlim] sample:		6559.61 time, 6560.01 real, 1021 MB, 1.00 load
[runlim] sample:		6569.61 time, 6570.01 real, 1021 MB, 1.00 load
[runlim] sample:		6579.61 time, 6580.01 real, 1021 MB, 1.00 load
[runlim] sample:		6589.61 time, 6590.01 real, 1021 MB, 1.00 load
[runlim] sample:		6599.61 time, 6600.01 real, 1016 MB, 1.00 load
[runlim] sample:		6609.61 time, 6610.01 real, 1016 MB, 1.00 load
[runlim] sample:		6619.61 time, 6620.01 real, 1016 MB, 1.00 load
[runlim] sample:		6629.61 time, 6630.01 real, 1016 MB, 1.00 load
[runlim] sample:		6639.60 time, 6640.01 real, 1016 MB, 1.00 load
[runlim] sample:		6649.60 time, 6650.01 real, 1016 MB, 1.00 load
[runlim] sample:		6659.60 time, 6660.01 real, 1016 MB, 1.00 load
[runlim] sample:		6669.60 time, 6670.01 real, 1016 MB, 1.00 load
[runlim] sample:		6679.60 time, 6680.01 real, 1016 MB, 1.00 load
[runlim] sample:		6689.60 time, 6690.01 real, 1016 MB, 1.00 load
[runlim] sample:		6699.60 time, 6700.01 real, 1029 MB, 1.00 load
[runlim] sample:		6709.60 time, 6710.01 real, 1029 MB, 1.00 load
[runlim] sample:		6719.60 time, 6720.01 real, 1029 MB, 1.00 load
[runlim] sample:		6729.60 time, 6730.01 real, 1029 MB, 1.00 load
[runlim] sample:		6739.60 time, 6740.01 real, 1029 MB, 1.00 load
SAT

=> TOTAL COMPLETION TIME (Makespan / UB): 602
Schedule is valid
 Time taken: 6747.87 seconds
[runlim] sample:		6749.59 time, 6750.01 real, 1024 MB, 1.00 load
[runlim] sample:		6759.59 time, 6760.01 real, 1024 MB, 1.07 load
[runlim] sample:		6769.59 time, 6770.01 real, 1024 MB, 1.06 load
[runlim] sample:		6779.60 time, 6780.01 real, 1024 MB, 1.05 load
[runlim] sample:		6789.59 time, 6790.01 real, 981 MB, 1.04 load
[runlim] sample:		6799.59 time, 6800.01 real, 981 MB, 1.04 load
[runlim] sample:		6809.59 time, 6810.01 real, 981 MB, 1.03 load
[runlim] sample:		6819.59 time, 6820.01 real, 981 MB, 1.02 load
[runlim] sample:		6829.59 time, 6830.01 real, 981 MB, 1.02 load
[runlim] sample:		6839.59 time, 6840.01 real, 981 MB, 1.02 load
[runlim] sample:		6849.59 time, 6850.01 real, 983 MB, 1.01 load
[runlim] sample:		6859.59 time, 6860.01 real, 983 MB, 1.01 load
[runlim] sample:		6869.59 time, 6870.01 real, 983 MB, 1.01 load
[runlim] sample:		6879.59 time, 6880.01 real, 988 MB, 1.01 load
[runlim] sample:		6889.59 time, 6890.01 real, 988 MB, 1.01 load
[runlim] sample:		6899.59 time, 6900.01 real, 988 MB, 1.00 load
[runlim] sample:		6909.59 time, 6910.01 real, 988 MB, 1.08 load
[runlim] sample:		6919.59 time, 6920.01 real, 988 MB, 1.07 load
[runlim] sample:		6929.58 time, 6930.01 real, 944 MB, 1.06 load
[runlim] sample:		6939.58 time, 6940.01 real, 944 MB, 1.05 load
[runlim] sample:		6949.58 time, 6950.01 real, 944 MB, 1.04 load
[runlim] sample:		6959.58 time, 6960.01 real, 944 MB, 1.03 load
[runlim] sample:		6969.58 time, 6970.01 real, 944 MB, 1.03 load
[runlim] sample:		6979.58 time, 6980.01 real, 944 MB, 1.02 load
[runlim] sample:		6989.59 time, 6990.01 real, 944 MB, 1.02 load
[runlim] sample:		6999.59 time, 7000.01 real, 944 MB, 1.02 load
[runlim] sample:		7009.58 time, 7010.01 real, 991 MB, 1.09 load
[runlim] sample:		7019.58 time, 7020.01 real, 991 MB, 1.07 load
[runlim] sample:		7029.58 time, 7030.01 real, 991 MB, 1.06 load
[runlim] sample:		7039.58 time, 7040.01 real, 991 MB, 1.05 load
[runlim] sample:		7049.58 time, 7050.01 real, 991 MB, 1.04 load
[runlim] sample:		7059.58 time, 7060.01 real, 991 MB, 1.04 load
[runlim] sample:		7069.58 time, 7070.01 real, 991 MB, 1.03 load
[runlim] sample:		7079.58 time, 7080.01 real, 991 MB, 1.02 load
[runlim] sample:		7089.58 time, 7090.01 real, 991 MB, 1.02 load
[runlim] sample:		7099.58 time, 7100.01 real, 1015 MB, 1.02 load
[runlim] sample:		7109.58 time, 7110.01 real, 1015 MB, 1.01 load
[runlim] sample:		7119.58 time, 7120.01 real, 1015 MB, 1.01 load
[runlim] sample:		7129.58 time, 7130.01 real, 1015 MB, 1.01 load
[runlim] sample:		7139.58 time, 7140.01 real, 1016 MB, 1.01 load
[runlim] sample:		7149.58 time, 7150.01 real, 1016 MB, 1.01 load
[runlim] sample:		7159.58 time, 7160.01 real, 1016 MB, 1.00 load
[runlim] sample:		7169.58 time, 7170.01 real, 1016 MB, 1.00 load
[runlim] sample:		7179.58 time, 7180.01 real, 1016 MB, 1.00 load
[runlim] sample:		7189.58 time, 7190.01 real, 1016 MB, 1.00 load
[runlim] sample:		7199.57 time, 7200.01 real, 1025 MB, 1.00 load
[runlim] sample:		7209.57 time, 7210.01 real, 1025 MB, 1.00 load
[runlim] sample:		7219.57 time, 7220.01 real, 1025 MB, 1.00 load
[runlim] sample:		7229.57 time, 7230.01 real, 1025 MB, 1.00 load
[runlim] sample:		7239.57 time, 7240.01 real, 1025 MB, 1.00 load
[runlim] sample:		7249.57 time, 7250.01 real, 1025 MB, 1.00 load
[runlim] sample:		7259.57 time, 7260.01 real, 1025 MB, 1.00 load
[runlim] sample:		7269.57 time, 7270.01 real, 969 MB, 1.00 load
[runlim] sample:		7279.57 time, 7280.01 real, 969 MB, 1.00 load
[runlim] sample:		7289.57 time, 7290.01 real, 969 MB, 1.00 load
[runlim] sample:		7299.57 time, 7300.01 real, 969 MB, 1.00 load
[runlim] sample:		7309.57 time, 7310.01 real, 969 MB, 1.00 load
[runlim] sample:		7319.57 time, 7320.01 real, 969 MB, 1.00 load
[runlim] sample:		7329.56 time, 7330.01 real, 948 MB, 1.00 load
[runlim] sample:		7339.56 time, 7340.01 real, 948 MB, 1.00 load
[runlim] sample:		7349.56 time, 7350.01 real, 948 MB, 1.00 load
[runlim] sample:		7359.56 time, 7360.01 real, 948 MB, 1.00 load
[runlim] sample:		7369.56 time, 7370.01 real, 948 MB, 1.00 load
[runlim] sample:		7379.56 time, 7380.01 real, 948 MB, 1.00 load
[runlim] sample:		7389.57 time, 7390.01 real, 948 MB, 1.00 load
[runlim] sample:		7399.56 time, 7400.01 real, 948 MB, 1.00 load
[runlim] sample:		7409.56 time, 7410.01 real, 950 MB, 1.00 load
[runlim] sample:		7419.56 time, 7420.01 real, 950 MB, 1.00 load
[runlim] sample:		7429.56 time, 7430.01 real, 950 MB, 1.00 load
[runlim] sample:		7439.56 time, 7440.01 real, 950 MB, 1.00 load
[runlim] sample:		7449.56 time, 7450.01 real, 950 MB, 1.00 load
[runlim] sample:		7459.56 time, 7460.01 real, 950 MB, 1.00 load
[runlim] sample:		7469.56 time, 7470.01 real, 950 MB, 1.00 load
[runlim] sample:		7479.56 time, 7480.01 real, 950 MB, 1.00 load
[runlim] sample:		7489.55 time, 7490.01 real, 952 MB, 1.00 load
[runlim] sample:		7499.55 time, 7500.01 real, 952 MB, 1.00 load
[runlim] sample:		7509.55 time, 7510.01 real, 952 MB, 1.15 load
[runlim] sample:		7519.55 time, 7520.01 real, 952 MB, 1.12 load
[runlim] sample:		7529.55 time, 7530.01 real, 952 MB, 1.10 load
[runlim] sample:		7539.55 time, 7540.01 real, 952 MB, 1.09 load
[runlim] sample:		7549.55 time, 7550.01 real, 952 MB, 1.07 load
[runlim] sample:		7559.55 time, 7560.01 real, 952 MB, 1.06 load
[runlim] sample:		7569.55 time, 7570.01 real, 953 MB, 1.05 load
[runlim] sample:		7579.55 time, 7580.01 real, 953 MB, 1.04 load
[runlim] sample:		7589.55 time, 7590.01 real, 953 MB, 1.04 load
[runlim] sample:		7599.55 time, 7600.01 real, 953 MB, 1.03 load
[runlim] sample:		7609.55 time, 7610.01 real, 953 MB, 1.02 load
[runlim] sample:		7619.55 time, 7620.01 real, 953 MB, 1.02 load
[runlim] sample:		7629.55 time, 7630.01 real, 953 MB, 1.02 load
[runlim] sample:		7639.55 time, 7640.01 real, 1153 MB, 1.01 load
[runlim] sample:		7649.55 time, 7650.01 real, 955 MB, 1.01 load
[runlim] sample:		7659.55 time, 7660.01 real, 955 MB, 1.01 load
[runlim] sample:		7669.55 time, 7670.01 real, 955 MB, 1.01 load
[runlim] sample:		7679.55 time, 7680.01 real, 955 MB, 1.01 load
[runlim] sample:		7689.55 time, 7690.01 real, 955 MB, 1.00 load
[runlim] sample:		7699.55 time, 7700.01 real, 955 MB, 1.00 load
[runlim] sample:		7709.55 time, 7710.01 real, 955 MB, 1.00 load
[runlim] sample:		7719.55 time, 7720.01 real, 955 MB, 1.00 load
[runlim] sample:		7729.55 time, 7730.01 real, 955 MB, 1.00 load
[runlim] sample:		7739.54 time, 7740.01 real, 1018 MB, 1.00 load
[runlim] sample:		7749.54 time, 7750.01 real, 1018 MB, 1.00 load
[runlim] sample:		7759.54 time, 7760.01 real, 1018 MB, 1.00 load
[runlim] sample:		7769.54 time, 7770.01 real, 1018 MB, 1.00 load
[runlim] sample:		7779.54 time, 7780.01 real, 1018 MB, 1.00 load
[runlim] sample:		7789.54 time, 7790.01 real, 1018 MB, 1.00 load
[runlim] sample:		7799.54 time, 7800.01 real, 1018 MB, 1.00 load
[runlim] sample:		7809.54 time, 7810.01 real, 1018 MB, 1.00 load
[runlim] sample:		7819.54 time, 7820.01 real, 1018 MB, 1.00 load
[runlim] sample:		7829.54 time, 7830.01 real, 1018 MB, 1.00 load
[runlim] sample:		7839.54 time, 7840.01 real, 1018 MB, 1.00 load
[runlim] sample:		7849.54 time, 7850.01 real, 1018 MB, 1.00 load
[runlim] sample:		7859.53 time, 7860.01 real, 1043 MB, 1.00 load
[runlim] sample:		7869.53 time, 7870.01 real, 1043 MB, 1.00 load
[runlim] sample:		7879.53 time, 7880.01 real, 1043 MB, 1.00 load
[runlim] sample:		7889.53 time, 7890.01 real, 1043 MB, 1.00 load
[runlim] sample:		7899.53 time, 7900.01 real, 1043 MB, 1.00 load
[runlim] sample:		7909.53 time, 7910.01 real, 1043 MB, 1.00 load
[runlim] sample:		7919.53 time, 7920.01 real, 1043 MB, 1.00 load
[runlim] sample:		7929.53 time, 7930.01 real, 1043 MB, 1.00 load
[runlim] sample:		7939.53 time, 7940.01 real, 1043 MB, 1.00 load
[runlim] sample:		7949.53 time, 7950.01 real, 1043 MB, 1.00 load
[runlim] sample:		7959.53 time, 7960.01 real, 1043 MB, 1.00 load
[runlim] sample:		7969.53 time, 7970.01 real, 1043 MB, 1.00 load
[runlim] sample:		7979.53 time, 7980.01 real, 1044 MB, 1.00 load
[runlim] sample:		7989.53 time, 7990.01 real, 1044 MB, 1.00 load
[runlim] sample:		7999.53 time, 8000.01 real, 1044 MB, 1.00 load
[runlim] sample:		8009.53 time, 8010.01 real, 1044 MB, 1.07 load
[runlim] sample:		8019.53 time, 8020.01 real, 1044 MB, 1.06 load
[runlim] sample:		8029.53 time, 8030.01 real, 1044 MB, 1.05 load
[runlim] sample:		8039.53 time, 8040.01 real, 1044 MB, 1.04 load
[runlim] sample:		8049.53 time, 8050.01 real, 1044 MB, 1.04 load
[runlim] sample:		8059.53 time, 8060.01 real, 1044 MB, 1.03 load
[runlim] sample:		8069.53 time, 8070.01 real, 1044 MB, 1.03 load
[runlim] sample:		8079.53 time, 8080.01 real, 1044 MB, 1.02 load
[runlim] sample:		8089.53 time, 8090.01 real, 1044 MB, 1.02 load
[runlim] sample:		8099.53 time, 8100.01 real, 1044 MB, 1.02 load
[runlim] sample:		8109.52 time, 8110.01 real, 1033 MB, 1.01 load
[runlim] sample:		8119.52 time, 8120.01 real, 1033 MB, 1.01 load
[runlim] sample:		8129.52 time, 8130.01 real, 1033 MB, 1.01 load
[runlim] sample:		8139.52 time, 8140.01 real, 1033 MB, 1.01 load
[runlim] sample:		8149.52 time, 8150.01 real, 1033 MB, 1.00 load
[runlim] sample:		8159.52 time, 8160.01 real, 1033 MB, 1.00 load
[runlim] sample:		8169.52 time, 8170.01 real, 1033 MB, 1.00 load
[runlim] sample:		8179.52 time, 8180.01 real, 1033 MB, 1.00 load
[runlim] sample:		8189.52 time, 8190.01 real, 1033 MB, 1.00 load
[runlim] sample:		8199.52 time, 8200.01 real, 1033 MB, 1.00 load
[runlim] sample:		8209.52 time, 8210.01 real, 1033 MB, 1.00 load
[runlim] sample:		8219.52 time, 8220.01 real, 1033 MB, 1.00 load
[runlim] sample:		8229.52 time, 8230.01 real, 1033 MB, 1.00 load
[runlim] sample:		8239.51 time, 8240.01 real, 1046 MB, 1.00 load
[runlim] sample:		8249.51 time, 8250.01 real, 1046 MB, 1.00 load
[runlim] sample:		8259.51 time, 8260.01 real, 1046 MB, 1.00 load
[runlim] sample:		8269.51 time, 8270.01 real, 1046 MB, 1.00 load
[runlim] sample:		8279.51 time, 8280.01 real, 1046 MB, 1.00 load
[runlim] sample:		8289.51 time, 8290.01 real, 1046 MB, 1.00 load
[runlim] sample:		8299.51 time, 8300.01 real, 1046 MB, 1.00 load
[runlim] sample:		8309.51 time, 8310.01 real, 1046 MB, 1.00 load
[runlim] sample:		8319.51 time, 8320.01 real, 1046 MB, 1.00 load
[runlim] sample:		8329.51 time, 8330.01 real, 1046 MB, 1.00 load
[runlim] sample:		8339.51 time, 8340.01 real, 1006 MB, 1.00 load
[runlim] sample:		8349.51 time, 8350.01 real, 1006 MB, 1.00 load
[runlim] sample:		8359.51 time, 8360.01 real, 1006 MB, 1.00 load
[runlim] sample:		8369.51 time, 8370.01 real, 1006 MB, 1.00 load
[runlim] sample:		8379.51 time, 8380.01 real, 1006 MB, 1.00 load
[runlim] sample:		8389.51 time, 8390.01 real, 1006 MB, 1.00 load
[runlim] sample:		8399.51 time, 8400.01 real, 1006 MB, 1.00 load
[runlim] sample:		8409.51 time, 8410.01 real, 1006 MB, 1.00 load
[runlim] sample:		8419.51 time, 8420.01 real, 1006 MB, 1.00 load
[runlim] sample:		8429.51 time, 8430.01 real, 1006 MB, 1.00 load
[runlim] sample:		8439.51 time, 8440.01 real, 1016 MB, 1.00 load
[runlim] sample:		8449.51 time, 8450.01 real, 1016 MB, 1.00 load
[runlim] sample:		8459.51 time, 8460.01 real, 1016 MB, 1.00 load
[runlim] sample:		8469.51 time, 8470.01 real, 1016 MB, 1.00 load
[runlim] sample:		8479.51 time, 8480.01 real, 1016 MB, 1.00 load
[runlim] sample:		8489.51 time, 8490.01 real, 1016 MB, 1.00 load
[runlim] sample:		8499.51 time, 8500.01 real, 1016 MB, 1.00 load
[runlim] sample:		8509.51 time, 8510.01 real, 1016 MB, 1.08 load
[runlim] sample:		8519.51 time, 8520.01 real, 1016 MB, 1.07 load
[runlim] sample:		8529.51 time, 8530.01 real, 1016 MB, 1.06 load
[runlim] sample:		8539.51 time, 8540.01 real, 1016 MB, 1.05 load
[runlim] sample:		8549.51 time, 8550.01 real, 1016 MB, 1.04 load
[runlim] sample:		8559.51 time, 8560.01 real, 1016 MB, 1.03 load
[runlim] sample:		8569.51 time, 8570.01 real, 1016 MB, 1.03 load
[runlim] sample:		8579.50 time, 8580.01 real, 1016 MB, 1.02 load
[runlim] sample:		8589.50 time, 8590.01 real, 1040 MB, 1.02 load
[runlim] sample:		8599.50 time, 8600.01 real, 1040 MB, 1.02 load
[runlim] sample:		8609.50 time, 8610.01 real, 1040 MB, 1.01 load
[runlim] sample:		8619.49 time, 8620.01 real, 1040 MB, 1.01 load
[runlim] sample:		8629.49 time, 8630.01 real, 1040 MB, 1.01 load
[runlim] sample:		8639.49 time, 8640.01 real, 1040 MB, 1.01 load
[runlim] sample:		8649.49 time, 8650.01 real, 1040 MB, 1.00 load
[runlim] sample:		8659.49 time, 8660.01 real, 1040 MB, 1.00 load
[runlim] sample:		8669.49 time, 8670.01 real, 1040 MB, 1.00 load
[runlim] sample:		8679.49 time, 8680.01 real, 1040 MB, 1.00 load
[runlim] sample:		8689.49 time, 8690.01 real, 1040 MB, 1.00 load
[runlim] sample:		8699.49 time, 8700.01 real, 1040 MB, 1.00 load
[runlim] sample:		8709.49 time, 8710.01 real, 1040 MB, 1.00 load
[runlim] sample:		8719.49 time, 8720.01 real, 1040 MB, 1.00 load
[runlim] sample:		8729.49 time, 8730.01 real, 1044 MB, 1.00 load
[runlim] sample:		8739.49 time, 8740.01 real, 1044 MB, 1.00 load
[runlim] sample:		8749.49 time, 8750.01 real, 1044 MB, 1.00 load
[runlim] sample:		8759.49 time, 8760.01 real, 1044 MB, 1.08 load
[runlim] sample:		8769.49 time, 8770.01 real, 1044 MB, 1.07 load
[runlim] sample:		8779.49 time, 8780.01 real, 1044 MB, 1.06 load
[runlim] sample:		8789.49 time, 8790.01 real, 1044 MB, 1.05 load
[runlim] sample:		8799.49 time, 8800.01 real, 1044 MB, 1.04 load
[runlim] sample:		8809.49 time, 8810.01 real, 1044 MB, 1.03 load
[runlim] sample:		8819.49 time, 8820.01 real, 1044 MB, 1.03 load
[runlim] sample:		8829.48 time, 8830.01 real, 1027 MB, 1.02 load
[runlim] sample:		8839.48 time, 8840.01 real, 1027 MB, 1.02 load
[runlim] sample:		8849.48 time, 8850.01 real, 1027 MB, 1.02 load
[runlim] sample:		8859.48 time, 8860.01 real, 1027 MB, 1.01 load
[runlim] sample:		8869.48 time, 8870.01 real, 1027 MB, 1.01 load
[runlim] sample:		8879.48 time, 8880.01 real, 1027 MB, 1.01 load
[runlim] sample:		8889.48 time, 8890.01 real, 1027 MB, 1.01 load
[runlim] sample:		8899.48 time, 8900.01 real, 1027 MB, 1.00 load
[runlim] sample:		8909.48 time, 8910.01 real, 1027 MB, 1.00 load
[runlim] sample:		8919.48 time, 8920.01 real, 1027 MB, 1.00 load
[runlim] sample:		8929.48 time, 8930.01 real, 1027 MB, 1.00 load
[runlim] sample:		8939.48 time, 8940.01 real, 1027 MB, 1.00 load
[runlim] sample:		8949.48 time, 8950.01 real, 1033 MB, 1.00 load
[runlim] sample:		8959.48 time, 8960.01 real, 1033 MB, 1.00 load
[runlim] sample:		8969.48 time, 8970.01 real, 1033 MB, 1.00 load
[runlim] sample:		8979.48 time, 8980.01 real, 1033 MB, 1.00 load
[runlim] sample:		8989.48 time, 8990.01 real, 1033 MB, 1.00 load
[runlim] sample:		8999.48 time, 9000.01 real, 1033 MB, 1.00 load
[runlim] sample:		9009.48 time, 9010.01 real, 955 MB, 1.00 load
[runlim] sample:		9019.48 time, 9020.01 real, 955 MB, 1.00 load
[runlim] sample:		9029.48 time, 9030.01 real, 955 MB, 1.00 load
[runlim] sample:		9039.47 time, 9040.01 real, 955 MB, 1.00 load
[runlim] sample:		9049.47 time, 9050.01 real, 955 MB, 1.00 load
[runlim] sample:		9059.48 time, 9060.01 real, 955 MB, 1.00 load
[runlim] sample:		9069.48 time, 9070.01 real, 955 MB, 1.00 load
[runlim] sample:		9079.47 time, 9080.01 real, 955 MB, 1.00 load
[runlim] sample:		9089.48 time, 9090.01 real, 954 MB, 1.00 load
[runlim] sample:		9099.48 time, 9100.01 real, 954 MB, 1.00 load
[runlim] sample:		9109.48 time, 9110.01 real, 954 MB, 1.00 load
[runlim] sample:		9119.48 time, 9120.01 real, 954 MB, 1.00 load
[runlim] sample:		9129.48 time, 9130.01 real, 954 MB, 1.00 load
[runlim] sample:		9139.48 time, 9140.01 real, 954 MB, 1.00 load
[runlim] sample:		9149.47 time, 9150.01 real, 954 MB, 1.00 load
[runlim] sample:		9159.47 time, 9160.01 real, 954 MB, 1.00 load
[runlim] sample:		9169.47 time, 9170.01 real, 956 MB, 1.00 load
[runlim] sample:		9179.47 time, 9180.01 real, 956 MB, 1.00 load
[runlim] sample:		9189.47 time, 9190.01 real, 956 MB, 1.00 load
[runlim] sample:		9199.47 time, 9200.01 real, 956 MB, 1.00 load
[runlim] sample:		9209.47 time, 9210.01 real, 956 MB, 1.00 load
[runlim] sample:		9219.47 time, 9220.01 real, 956 MB, 1.00 load
[runlim] sample:		9229.47 time, 9230.01 real, 956 MB, 1.00 load
[runlim] sample:		9239.46 time, 9240.01 real, 958 MB, 1.00 load
[runlim] sample:		9249.46 time, 9250.01 real, 958 MB, 1.00 load
[runlim] sample:		9259.47 time, 9260.01 real, 960 MB, 1.00 load
[runlim] sample:		9269.47 time, 9270.01 real, 960 MB, 1.00 load
[runlim] sample:		9279.47 time, 9280.01 real, 960 MB, 1.00 load
[runlim] sample:		9289.47 time, 9290.01 real, 960 MB, 1.00 load
[runlim] sample:		9299.47 time, 9300.01 real, 960 MB, 1.00 load
[runlim] sample:		9309.47 time, 9310.01 real, 960 MB, 1.00 load
[runlim] sample:		9319.47 time, 9320.01 real, 960 MB, 1.00 load
[runlim] sample:		9329.46 time, 9330.01 real, 960 MB, 1.00 load
[runlim] sample:		9339.46 time, 9340.01 real, 960 MB, 1.00 load
[runlim] sample:		9349.46 time, 9350.01 real, 962 MB, 1.00 load
[runlim] sample:		9359.46 time, 9360.01 real, 962 MB, 1.00 load
[runlim] sample:		9369.46 time, 9370.01 real, 962 MB, 1.07 load
[runlim] sample:		9379.46 time, 9380.01 real, 962 MB, 1.06 load
[runlim] sample:		9389.46 time, 9390.01 real, 962 MB, 1.05 load
[runlim] sample:		9399.46 time, 9400.01 real, 962 MB, 1.04 load
[runlim] sample:		9409.45 time, 9410.01 real, 962 MB, 1.04 load
[runlim] sample:		9419.45 time, 9420.01 real, 962 MB, 1.03 load
[runlim] sample:		9429.45 time, 9430.01 real, 962 MB, 1.02 load
[runlim] sample:		9439.45 time, 9440.01 real, 962 MB, 1.02 load
[runlim] sample:		9449.45 time, 9450.01 real, 963 MB, 1.02 load
[runlim] sample:		9459.45 time, 9460.01 real, 963 MB, 1.01 load
[runlim] sample:		9469.45 time, 9470.01 real, 963 MB, 1.01 load
[runlim] sample:		9479.45 time, 9480.01 real, 963 MB, 1.01 load
[runlim] sample:		9489.45 time, 9490.01 real, 963 MB, 1.01 load
[runlim] sample:		9499.45 time, 9500.01 real, 963 MB, 1.01 load
[runlim] sample:		9509.45 time, 9510.01 real, 963 MB, 1.00 load
[runlim] sample:		9519.45 time, 9520.01 real, 963 MB, 1.00 load
[runlim] sample:		9529.45 time, 9530.01 real, 963 MB, 1.00 load
[runlim] sample:		9539.45 time, 9540.01 real, 965 MB, 1.00 load
[runlim] sample:		9549.44 time, 9550.01 real, 965 MB, 1.00 load
[runlim] sample:		9559.44 time, 9560.01 real, 965 MB, 1.00 load
[runlim] sample:		9569.44 time, 9570.01 real, 965 MB, 1.00 load
[runlim] sample:		9579.44 time, 9580.01 real, 965 MB, 1.00 load
[runlim] sample:		9589.44 time, 9590.01 real, 965 MB, 1.00 load
[runlim] sample:		9599.44 time, 9600.01 real, 965 MB, 1.00 load
[runlim] sample:		9609.44 time, 9610.01 real, 965 MB, 1.00 load
[runlim] sample:		9619.44 time, 9620.01 real, 965 MB, 1.00 load
[runlim] sample:		9629.45 time, 9630.01 real, 965 MB, 1.56 load
[runlim] sample:		9639.45 time, 9640.01 real, 965 MB, 1.47 load
[runlim] sample:		9649.45 time, 9650.01 real, 965 MB, 1.40 load
[runlim] sample:		9659.45 time, 9660.01 real, 965 MB, 1.34 load
[runlim] sample:		9669.45 time, 9670.01 real, 965 MB, 1.29 load
[runlim] sample:		9679.45 time, 9680.01 real, 965 MB, 1.24 load
[runlim] sample:		9689.45 time, 9690.01 real, 965 MB, 1.20 load
[runlim] sample:		9699.44 time, 9700.01 real, 965 MB, 1.17 load
[runlim] sample:		9709.44 time, 9710.01 real, 965 MB, 1.15 load
[runlim] sample:		9719.44 time, 9720.01 real, 965 MB, 1.12 load
[runlim] sample:		9729.44 time, 9730.01 real, 966 MB, 1.10 load
[runlim] sample:		9739.44 time, 9740.01 real, 966 MB, 1.09 load
[runlim] sample:		9749.44 time, 9750.01 real, 966 MB, 1.07 load
[runlim] sample:		9759.44 time, 9760.01 real, 966 MB, 1.06 load
[runlim] sample:		9769.44 time, 9770.01 real, 966 MB, 1.05 load
[runlim] sample:		9779.44 time, 9780.01 real, 966 MB, 1.04 load
[runlim] sample:		9789.43 time, 9790.01 real, 966 MB, 1.04 load
[runlim] sample:		9799.44 time, 9800.01 real, 966 MB, 1.03 load
[runlim] sample:		9809.44 time, 9810.01 real, 966 MB, 1.02 load
[runlim] sample:		9819.43 time, 9820.01 real, 966 MB, 1.02 load
[runlim] sample:		9829.43 time, 9830.01 real, 967 MB, 1.02 load
[runlim] sample:		9839.43 time, 9840.01 real, 967 MB, 1.01 load
[runlim] sample:		9849.43 time, 9850.01 real, 967 MB, 1.01 load
[runlim] sample:		9859.43 time, 9860.01 real, 967 MB, 1.01 load
[runlim] sample:		9869.43 time, 9870.01 real, 967 MB, 1.01 load
[runlim] sample:		9879.43 time, 9880.01 real, 967 MB, 1.01 load
[runlim] sample:		9889.42 time, 9890.01 real, 967 MB, 1.00 load
[runlim] sample:		9899.42 time, 9900.01 real, 967 MB, 1.00 load
[runlim] sample:		9909.42 time, 9910.01 real, 967 MB, 1.00 load
[runlim] sample:		9919.42 time, 9920.01 real, 967 MB, 1.00 load
[runlim] sample:		9929.43 time, 9930.01 real, 968 MB, 1.00 load
[runlim] sample:		9939.43 time, 9940.01 real, 968 MB, 1.00 load
[runlim] sample:		9949.43 time, 9950.01 real, 968 MB, 1.00 load
[runlim] sample:		9959.43 time, 9960.01 real, 968 MB, 1.00 load
[runlim] sample:		9969.43 time, 9970.01 real, 968 MB, 1.00 load
[runlim] sample:		9979.43 time, 9980.01 real, 968 MB, 1.00 load
[runlim] sample:		9989.43 time, 9990.01 real, 968 MB, 1.00 load
[runlim] sample:		9999.43 time, 10000.01 real, 968 MB, 1.00 load
[runlim] sample:		10009.43 time, 10010.01 real, 968 MB, 1.00 load
[runlim] sample:		10019.43 time, 10020.01 real, 968 MB, 1.00 load
[runlim] sample:		10029.42 time, 10030.01 real, 969 MB, 1.00 load
[runlim] sample:		10039.42 time, 10040.01 real, 969 MB, 1.00 load
[runlim] sample:		10049.42 time, 10050.01 real, 969 MB, 1.00 load
[runlim] sample:		10059.41 time, 10060.01 real, 969 MB, 1.00 load
[runlim] sample:		10069.41 time, 10070.01 real, 969 MB, 1.00 load
[runlim] sample:		10079.41 time, 10080.01 real, 969 MB, 1.00 load
[runlim] sample:		10089.41 time, 10090.01 real, 969 MB, 1.00 load
[runlim] sample:		10099.41 time, 10100.01 real, 969 MB, 1.00 load
[runlim] sample:		10109.41 time, 10110.01 real, 969 MB, 1.00 load
[runlim] sample:		10119.42 time, 10120.01 real, 969 MB, 1.00 load
[runlim] sample:		10129.42 time, 10130.01 real, 969 MB, 1.00 load
[runlim] sample:		10139.42 time, 10140.01 real, 969 MB, 1.00 load
[runlim] sample:		10149.42 time, 10150.01 real, 969 MB, 1.00 load
[runlim] sample:		10159.42 time, 10160.01 real, 969 MB, 1.00 load
[runlim] sample:		10169.42 time, 10170.01 real, 969 MB, 1.00 load
[runlim] sample:		10179.41 time, 10180.01 real, 969 MB, 1.00 load
[runlim] sample:		10189.41 time, 10190.01 real, 969 MB, 1.00 load
[runlim] sample:		10199.41 time, 10200.01 real, 969 MB, 1.07 load
[runlim] sample:		10209.41 time, 10210.01 real, 969 MB, 1.22 load
[runlim] sample:		10219.41 time, 10220.01 real, 969 MB, 1.19 load
[runlim] sample:		10229.41 time, 10230.01 real, 970 MB, 1.16 load
[runlim] sample:		10239.41 time, 10240.01 real, 970 MB, 1.13 load
[runlim] sample:		10249.41 time, 10250.01 real, 970 MB, 1.11 load
[runlim] sample:		10259.41 time, 10260.01 real, 970 MB, 1.10 load
[runlim] sample:		10269.41 time, 10270.01 real, 970 MB, 1.08 load
[runlim] sample:		10279.41 time, 10280.01 real, 970 MB, 1.07 load
[runlim] sample:		10289.41 time, 10290.01 real, 970 MB, 1.06 load
[runlim] sample:		10299.41 time, 10300.01 real, 970 MB, 1.05 load
[runlim] sample:		10309.40 time, 10310.01 real, 970 MB, 1.04 load
[runlim] sample:		10319.40 time, 10320.01 real, 970 MB, 1.03 load
[runlim] sample:		10329.41 time, 10330.01 real, 972 MB, 1.03 load
[runlim] sample:		10339.41 time, 10340.01 real, 972 MB, 1.02 load
[runlim] sample:		10349.40 time, 10350.01 real, 972 MB, 1.02 load
[runlim] sample:		10359.40 time, 10360.01 real, 972 MB, 1.02 load
[runlim] sample:		10369.40 time, 10370.01 real, 972 MB, 1.01 load
[runlim] sample:		10379.40 time, 10380.01 real, 972 MB, 1.01 load
[runlim] sample:		10389.40 time, 10390.01 real, 972 MB, 1.08 load
[runlim] sample:		10399.40 time, 10400.01 real, 972 MB, 1.07 load
[runlim] sample:		10409.40 time, 10410.01 real, 972 MB, 1.06 load
[runlim] sample:		10419.40 time, 10420.01 real, 972 MB, 1.05 load
[runlim] sample:		10429.40 time, 10430.01 real, 972 MB, 1.04 load
[runlim] sample:		10439.40 time, 10440.01 real, 972 MB, 1.03 load
[runlim] sample:		10449.40 time, 10450.01 real, 972 MB, 1.03 load
[runlim] sample:		10459.40 time, 10460.01 real, 972 MB, 1.02 load
[runlim] sample:		10469.40 time, 10470.01 real, 972 MB, 1.02 load
[runlim] sample:		10479.40 time, 10480.01 real, 972 MB, 1.02 load
[runlim] sample:		10489.40 time, 10490.01 real, 972 MB, 1.01 load
[runlim] sample:		10499.40 time, 10500.01 real, 972 MB, 1.01 load
[runlim] sample:		10509.40 time, 10510.01 real, 972 MB, 1.09 load
[runlim] sample:		10519.40 time, 10520.01 real, 972 MB, 1.07 load
[runlim] sample:		10529.40 time, 10530.01 real, 973 MB, 1.06 load
[runlim] sample:		10539.40 time, 10540.01 real, 973 MB, 1.05 load
[runlim] sample:		10549.39 time, 10550.01 real, 973 MB, 1.04 load
[runlim] sample:		10559.39 time, 10560.01 real, 973 MB, 1.04 load
[runlim] sample:		10569.39 time, 10570.01 real, 973 MB, 1.03 load
[runlim] sample:		10579.39 time, 10580.01 real, 973 MB, 1.03 load
[runlim] sample:		10589.39 time, 10590.01 real, 973 MB, 1.02 load
[runlim] sample:		10599.39 time, 10600.01 real, 973 MB, 1.02 load
[runlim] sample:		10609.39 time, 10610.01 real, 973 MB, 1.01 load
[runlim] sample:		10619.39 time, 10620.01 real, 973 MB, 1.01 load
[runlim] sample:		10629.39 time, 10630.01 real, 973 MB, 1.01 load
[runlim] sample:		10639.38 time, 10640.01 real, 973 MB, 1.01 load
[runlim] sample:		10649.38 time, 10650.01 real, 973 MB, 1.01 load
[runlim] sample:		10659.38 time, 10660.01 real, 973 MB, 1.00 load
[runlim] sample:		10669.38 time, 10670.01 real, 973 MB, 1.00 load
[runlim] sample:		10679.38 time, 10680.01 real, 973 MB, 1.00 load
[runlim] sample:		10689.38 time, 10690.01 real, 973 MB, 1.00 load
[runlim] sample:		10699.38 time, 10700.01 real, 973 MB, 1.00 load
[runlim] sample:		10709.38 time, 10710.01 real, 973 MB, 1.00 load
[runlim] sample:		10719.38 time, 10720.01 real, 973 MB, 1.00 load
[runlim] sample:		10729.38 time, 10730.01 real, 973 MB, 1.00 load
[runlim] sample:		10739.38 time, 10740.01 real, 974 MB, 1.00 load
[runlim] sample:		10749.38 time, 10750.01 real, 974 MB, 1.00 load
[runlim] sample:		10759.38 time, 10760.01 real, 974 MB, 1.08 load
[runlim] sample:		10769.38 time, 10770.01 real, 974 MB, 1.07 load
[runlim] sample:		10779.38 time, 10780.01 real, 974 MB, 1.06 load
[runlim] sample:		10789.38 time, 10790.01 real, 974 MB, 1.05 load
[runlim] sample:		10799.38 time, 10800.01 real, 974 MB, 1.04 load
[runlim] end:			Wed Jul 15 14:01:00 2026
[runlim] status:		out of time
[runlim] result:		2
[runlim] children:		1
[runlim] processes:		2
[runlim] real:			10801.04 seconds
[runlim] time:			10799.38 seconds
[runlim] space:			1332 MB
[runlim] load:			1.56 maximum
[runlim] samples:		108000
