[runlim] version:		2.0.0rc12
[runlim] host:			fjssp-instance
[runlim] time limit:		311040000 seconds
[runlim] real time limit:	10800 seconds
[runlim] space limit:		14000 MB
[runlim] argv[0]:		python3
[runlim] argv[1]:		-u
[runlim] argv[2]:		main.py
[runlim] argv[3]:		datasets/dafjs/DAFJS07
[runlim] start:			Mon Jul 13 17:38:33 2026
[runlim] child:			21890
Operations: 85, Edges: 82, Machines: 10
Greedy Schedule UB: 637
Building constraints took 2.37 seconds.
SAT
=> TOTAL COMPLETION TIME (Makespan / UB): 636
Schedule is valid
 Time taken: 2.77 seconds
------------------------------------------------------------------
SAT
=> TOTAL COMPLETION TIME (Makespan / UB): 635
Schedule is valid
 Time taken: 3.13 seconds
------------------------------------------------------------------
SAT
=> TOTAL COMPLETION TIME (Makespan / UB): 634
Schedule is valid
 Time taken: 3.14 seconds
------------------------------------------------------------------
SAT
=> TOTAL COMPLETION TIME (Makespan / UB): 633
Schedule is valid
 Time taken: 3.15 seconds
------------------------------------------------------------------
SAT
=> TOTAL COMPLETION TIME (Makespan / UB): 632
Schedule is valid
 Time taken: 3.17 seconds
------------------------------------------------------------------
SAT
=> TOTAL COMPLETION TIME (Makespan / UB): 631
Schedule is valid
 Time taken: 3.17 seconds
------------------------------------------------------------------
SAT
=> TOTAL COMPLETION TIME (Makespan / UB): 630
Schedule is valid
 Time taken: 3.19 seconds
------------------------------------------------------------------
SAT
=> TOTAL COMPLETION TIME (Makespan / UB): 629
Schedule is valid
 Time taken: 3.20 seconds
------------------------------------------------------------------
SAT
=> TOTAL COMPLETION TIME (Makespan / UB): 628
Schedule is valid
 Time taken: 3.20 seconds
------------------------------------------------------------------
SAT
=> TOTAL COMPLETION TIME (Makespan / UB): 627
Schedule is valid
 Time taken: 3.21 seconds
------------------------------------------------------------------
SAT
=> TOTAL COMPLETION TIME (Makespan / UB): 626
Schedule is valid
 Time taken: 3.22 seconds
------------------------------------------------------------------
SAT
=> TOTAL COMPLETION TIME (Makespan / UB): 625
Schedule is valid
 Time taken: 3.23 seconds
------------------------------------------------------------------
SAT
=> TOTAL COMPLETION TIME (Makespan / UB): 624
Schedule is valid
 Time taken: 3.23 seconds
------------------------------------------------------------------
SAT
=> TOTAL COMPLETION TIME (Makespan / UB): 623
Schedule is valid
 Time taken: 3.24 seconds
------------------------------------------------------------------
SAT
=> TOTAL COMPLETION TIME (Makespan / UB): 622
Schedule is valid
 Time taken: 3.25 seconds
------------------------------------------------------------------
SAT
=> TOTAL COMPLETION TIME (Makespan / UB): 621
Schedule is valid
 Time taken: 3.26 seconds
------------------------------------------------------------------
SAT
=> TOTAL COMPLETION TIME (Makespan / UB): 620
Schedule is valid
 Time taken: 3.26 seconds
------------------------------------------------------------------
SAT
=> TOTAL COMPLETION TIME (Makespan / UB): 619
Schedule is valid
 Time taken: 3.44 seconds
------------------------------------------------------------------
SAT
=> TOTAL COMPLETION TIME (Makespan / UB): 618
Schedule is valid
 Time taken: 3.45 seconds
------------------------------------------------------------------
SAT
=> TOTAL COMPLETION TIME (Makespan / UB): 617
Schedule is valid
 Time taken: 3.47 seconds
------------------------------------------------------------------
SAT
=> TOTAL COMPLETION TIME (Makespan / UB): 616
Schedule is valid
 Time taken: 3.47 seconds
------------------------------------------------------------------
SAT
=> TOTAL COMPLETION TIME (Makespan / UB): 615
Schedule is valid
 Time taken: 3.48 seconds
------------------------------------------------------------------
SAT
=> TOTAL COMPLETION TIME (Makespan / UB): 614
Schedule is valid
 Time taken: 3.78 seconds
------------------------------------------------------------------
SAT
=> TOTAL COMPLETION TIME (Makespan / UB): 613
Schedule is valid
 Time taken: 3.79 seconds
------------------------------------------------------------------
SAT
=> TOTAL COMPLETION TIME (Makespan / UB): 612
Schedule is valid
 Time taken: 3.82 seconds
------------------------------------------------------------------
SAT
=> TOTAL COMPLETION TIME (Makespan / UB): 611
Schedule is valid
 Time taken: 3.83 seconds
------------------------------------------------------------------
SAT
=> TOTAL COMPLETION TIME (Makespan / UB): 610
Schedule is valid
 Time taken: 5.15 seconds
------------------------------------------------------------------
SAT
=> TOTAL COMPLETION TIME (Makespan / UB): 609
Schedule is valid
 Time taken: 5.34 seconds
------------------------------------------------------------------
SAT
=> TOTAL COMPLETION TIME (Makespan / UB): 608
Schedule is valid
 Time taken: 5.35 seconds
------------------------------------------------------------------
SAT
=> TOTAL COMPLETION TIME (Makespan / UB): 607
Schedule is valid
 Time taken: 5.76 seconds
------------------------------------------------------------------
SAT
=> TOTAL COMPLETION TIME (Makespan / UB): 606
Schedule is valid
 Time taken: 5.78 seconds
------------------------------------------------------------------
SAT
=> TOTAL COMPLETION TIME (Makespan / UB): 605
Schedule is valid
 Time taken: 6.00 seconds
------------------------------------------------------------------
SAT
=> TOTAL COMPLETION TIME (Makespan / UB): 604
Schedule is valid
 Time taken: 6.01 seconds
------------------------------------------------------------------
SAT
=> TOTAL COMPLETION TIME (Makespan / UB): 603
Schedule is valid
 Time taken: 6.03 seconds
------------------------------------------------------------------
SAT
=> TOTAL COMPLETION TIME (Makespan / UB): 602
Schedule is valid
 Time taken: 6.04 seconds
------------------------------------------------------------------
SAT
=> TOTAL COMPLETION TIME (Makespan / UB): 601
Schedule is valid
 Time taken: 9.45 seconds
------------------------------------------------------------------
[runlim] sample:		9.99 time, 10.01 real, 276 MB, 1.14 load
SAT
=> TOTAL COMPLETION TIME (Makespan / UB): 600
Schedule is valid
 Time taken: 10.40 seconds
------------------------------------------------------------------
SAT
=> TOTAL COMPLETION TIME (Makespan / UB): 599
Schedule is valid
 Time taken: 11.54 seconds
------------------------------------------------------------------
SAT
=> TOTAL COMPLETION TIME (Makespan / UB): 598
Schedule is valid
 Time taken: 11.80 seconds
------------------------------------------------------------------
SAT
=> TOTAL COMPLETION TIME (Makespan / UB): 597
Schedule is valid
 Time taken: 11.81 seconds
------------------------------------------------------------------
SAT
=> TOTAL COMPLETION TIME (Makespan / UB): 596
Schedule is valid
 Time taken: 12.24 seconds
------------------------------------------------------------------
SAT
=> TOTAL COMPLETION TIME (Makespan / UB): 595
Schedule is valid
 Time taken: 12.39 seconds
------------------------------------------------------------------
SAT
=> TOTAL COMPLETION TIME (Makespan / UB): 594
Schedule is valid
 Time taken: 12.58 seconds
------------------------------------------------------------------
SAT
=> TOTAL COMPLETION TIME (Makespan / UB): 593
Schedule is valid
 Time taken: 12.99 seconds
------------------------------------------------------------------
SAT
=> TOTAL COMPLETION TIME (Makespan / UB): 592
Schedule is valid
 Time taken: 13.13 seconds
------------------------------------------------------------------
SAT
=> TOTAL COMPLETION TIME (Makespan / UB): 591
Schedule is valid
 Time taken: 13.14 seconds
------------------------------------------------------------------
SAT
=> TOTAL COMPLETION TIME (Makespan / UB): 590
Schedule is valid
 Time taken: 13.15 seconds
------------------------------------------------------------------
SAT
=> TOTAL COMPLETION TIME (Makespan / UB): 589
Schedule is valid
 Time taken: 13.16 seconds
------------------------------------------------------------------
SAT
=> TOTAL COMPLETION TIME (Makespan / UB): 588
Schedule is valid
 Time taken: 13.36 seconds
------------------------------------------------------------------
SAT
=> TOTAL COMPLETION TIME (Makespan / UB): 587
Schedule is valid
 Time taken: 13.61 seconds
------------------------------------------------------------------
SAT
=> TOTAL COMPLETION TIME (Makespan / UB): 586
Schedule is valid
 Time taken: 13.76 seconds
------------------------------------------------------------------
SAT
=> TOTAL COMPLETION TIME (Makespan / UB): 585
Schedule is valid
 Time taken: 14.20 seconds
------------------------------------------------------------------
SAT
=> TOTAL COMPLETION TIME (Makespan / UB): 584
Schedule is valid
 Time taken: 15.05 seconds
------------------------------------------------------------------
SAT
=> TOTAL COMPLETION TIME (Makespan / UB): 583
Schedule is valid
 Time taken: 15.18 seconds
------------------------------------------------------------------
SAT
=> TOTAL COMPLETION TIME (Makespan / UB): 582
Schedule is valid
 Time taken: 15.19 seconds
------------------------------------------------------------------
SAT
=> TOTAL COMPLETION TIME (Makespan / UB): 581
Schedule is valid
 Time taken: 15.20 seconds
------------------------------------------------------------------
SAT
=> TOTAL COMPLETION TIME (Makespan / UB): 580
Schedule is valid
 Time taken: 15.20 seconds
------------------------------------------------------------------
SAT
=> TOTAL COMPLETION TIME (Makespan / UB): 579
Schedule is valid
 Time taken: 15.21 seconds
------------------------------------------------------------------
SAT
=> TOTAL COMPLETION TIME (Makespan / UB): 578
Schedule is valid
 Time taken: 17.86 seconds
------------------------------------------------------------------
SAT
=> TOTAL COMPLETION TIME (Makespan / UB): 577
Schedule is valid
 Time taken: 18.21 seconds
------------------------------------------------------------------
SAT
=> TOTAL COMPLETION TIME (Makespan / UB): 576
Schedule is valid
 Time taken: 18.22 seconds
------------------------------------------------------------------
SAT
=> TOTAL COMPLETION TIME (Makespan / UB): 575
Schedule is valid
 Time taken: 18.61 seconds
------------------------------------------------------------------
SAT
=> TOTAL COMPLETION TIME (Makespan / UB): 574
Schedule is valid
 Time taken: 18.83 seconds
------------------------------------------------------------------
SAT
=> TOTAL COMPLETION TIME (Makespan / UB): 573
Schedule is valid
 Time taken: 19.03 seconds
------------------------------------------------------------------
SAT
=> TOTAL COMPLETION TIME (Makespan / UB): 572
Schedule is valid
 Time taken: 19.05 seconds
------------------------------------------------------------------
SAT
=> TOTAL COMPLETION TIME (Makespan / UB): 571
Schedule is valid
 Time taken: 19.06 seconds
------------------------------------------------------------------
SAT
=> TOTAL COMPLETION TIME (Makespan / UB): 570
Schedule is valid
 Time taken: 19.27 seconds
------------------------------------------------------------------
SAT
=> TOTAL COMPLETION TIME (Makespan / UB): 569
Schedule is valid
 Time taken: 19.29 seconds
------------------------------------------------------------------
SAT
=> TOTAL COMPLETION TIME (Makespan / UB): 568
Schedule is valid
 Time taken: 19.61 seconds
------------------------------------------------------------------
SAT
=> TOTAL COMPLETION TIME (Makespan / UB): 567
Schedule is valid
 Time taken: 19.75 seconds
------------------------------------------------------------------
SAT
=> TOTAL COMPLETION TIME (Makespan / UB): 566
Schedule is valid
 Time taken: 19.77 seconds
------------------------------------------------------------------
SAT
=> TOTAL COMPLETION TIME (Makespan / UB): 565
Schedule is valid
 Time taken: 19.95 seconds
------------------------------------------------------------------
[runlim] sample:		19.98 time, 20.01 real, 217 MB, 1.12 load
SAT
=> TOTAL COMPLETION TIME (Makespan / UB): 564
Schedule is valid
 Time taken: 20.07 seconds
------------------------------------------------------------------
SAT
=> TOTAL COMPLETION TIME (Makespan / UB): 563
Schedule is valid
 Time taken: 20.09 seconds
------------------------------------------------------------------
SAT
=> TOTAL COMPLETION TIME (Makespan / UB): 562
Schedule is valid
 Time taken: 20.10 seconds
------------------------------------------------------------------
SAT
=> TOTAL COMPLETION TIME (Makespan / UB): 561
Schedule is valid
 Time taken: 20.10 seconds
------------------------------------------------------------------
SAT
=> TOTAL COMPLETION TIME (Makespan / UB): 560
Schedule is valid
 Time taken: 20.11 seconds
------------------------------------------------------------------
SAT
=> TOTAL COMPLETION TIME (Makespan / UB): 559
Schedule is valid
 Time taken: 20.12 seconds
------------------------------------------------------------------
SAT
=> TOTAL COMPLETION TIME (Makespan / UB): 558
Schedule is valid
 Time taken: 20.12 seconds
------------------------------------------------------------------
SAT
=> TOTAL COMPLETION TIME (Makespan / UB): 557
Schedule is valid
 Time taken: 20.13 seconds
------------------------------------------------------------------
SAT
=> TOTAL COMPLETION TIME (Makespan / UB): 556
Schedule is valid
 Time taken: 20.13 seconds
------------------------------------------------------------------
SAT
=> TOTAL COMPLETION TIME (Makespan / UB): 555
Schedule is valid
 Time taken: 20.58 seconds
------------------------------------------------------------------
SAT
=> TOTAL COMPLETION TIME (Makespan / UB): 554
Schedule is valid
 Time taken: 20.73 seconds
------------------------------------------------------------------
SAT
=> TOTAL COMPLETION TIME (Makespan / UB): 553
Schedule is valid
 Time taken: 20.84 seconds
------------------------------------------------------------------
SAT
=> TOTAL COMPLETION TIME (Makespan / UB): 552
Schedule is valid
 Time taken: 21.96 seconds
------------------------------------------------------------------
SAT
=> TOTAL COMPLETION TIME (Makespan / UB): 551
Schedule is valid
 Time taken: 22.12 seconds
------------------------------------------------------------------
SAT
=> TOTAL COMPLETION TIME (Makespan / UB): 550
Schedule is valid
 Time taken: 22.47 seconds
------------------------------------------------------------------
SAT
=> TOTAL COMPLETION TIME (Makespan / UB): 549
Schedule is valid
 Time taken: 22.63 seconds
------------------------------------------------------------------
SAT
=> TOTAL COMPLETION TIME (Makespan / UB): 548
Schedule is valid
 Time taken: 22.78 seconds
------------------------------------------------------------------
SAT
=> TOTAL COMPLETION TIME (Makespan / UB): 547
Schedule is valid
 Time taken: 22.98 seconds
------------------------------------------------------------------
SAT
=> TOTAL COMPLETION TIME (Makespan / UB): 546
Schedule is valid
 Time taken: 23.13 seconds
------------------------------------------------------------------
SAT
=> TOTAL COMPLETION TIME (Makespan / UB): 545
Schedule is valid
 Time taken: 23.46 seconds
------------------------------------------------------------------
SAT
=> TOTAL COMPLETION TIME (Makespan / UB): 544
Schedule is valid
 Time taken: 23.63 seconds
------------------------------------------------------------------
SAT
=> TOTAL COMPLETION TIME (Makespan / UB): 543
Schedule is valid
 Time taken: 26.01 seconds
------------------------------------------------------------------
SAT
=> TOTAL COMPLETION TIME (Makespan / UB): 542
Schedule is valid
 Time taken: 26.36 seconds
------------------------------------------------------------------
SAT
=> TOTAL COMPLETION TIME (Makespan / UB): 541
Schedule is valid
 Time taken: 26.69 seconds
------------------------------------------------------------------
SAT
=> TOTAL COMPLETION TIME (Makespan / UB): 540
Schedule is valid
 Time taken: 26.83 seconds
------------------------------------------------------------------
SAT
=> TOTAL COMPLETION TIME (Makespan / UB): 539
Schedule is valid
 Time taken: 27.06 seconds
------------------------------------------------------------------
SAT
=> TOTAL COMPLETION TIME (Makespan / UB): 538
Schedule is valid
 Time taken: 28.13 seconds
------------------------------------------------------------------
SAT
=> TOTAL COMPLETION TIME (Makespan / UB): 537
Schedule is valid
 Time taken: 28.42 seconds
------------------------------------------------------------------
SAT
=> TOTAL COMPLETION TIME (Makespan / UB): 536
Schedule is valid
 Time taken: 29.60 seconds
------------------------------------------------------------------
SAT
=> TOTAL COMPLETION TIME (Makespan / UB): 535
Schedule is valid
 Time taken: 29.86 seconds
------------------------------------------------------------------
[runlim] sample:		29.98 time, 30.01 real, 254 MB, 1.10 load
SAT
=> TOTAL COMPLETION TIME (Makespan / UB): 534
Schedule is valid
 Time taken: 30.17 seconds
------------------------------------------------------------------
SAT
=> TOTAL COMPLETION TIME (Makespan / UB): 533
Schedule is valid
 Time taken: 30.45 seconds
------------------------------------------------------------------
SAT
=> TOTAL COMPLETION TIME (Makespan / UB): 532
Schedule is valid
 Time taken: 30.71 seconds
------------------------------------------------------------------
SAT
=> TOTAL COMPLETION TIME (Makespan / UB): 531
Schedule is valid
 Time taken: 30.90 seconds
------------------------------------------------------------------
SAT
=> TOTAL COMPLETION TIME (Makespan / UB): 530
Schedule is valid
 Time taken: 31.09 seconds
------------------------------------------------------------------
SAT
=> TOTAL COMPLETION TIME (Makespan / UB): 529
Schedule is valid
 Time taken: 31.29 seconds
------------------------------------------------------------------
SAT
=> TOTAL COMPLETION TIME (Makespan / UB): 528
Schedule is valid
 Time taken: 31.67 seconds
------------------------------------------------------------------
SAT
=> TOTAL COMPLETION TIME (Makespan / UB): 527
Schedule is valid
 Time taken: 31.83 seconds
------------------------------------------------------------------
SAT
=> TOTAL COMPLETION TIME (Makespan / UB): 526
Schedule is valid
 Time taken: 31.98 seconds
------------------------------------------------------------------
SAT
=> TOTAL COMPLETION TIME (Makespan / UB): 525
Schedule is valid
 Time taken: 34.00 seconds
------------------------------------------------------------------
SAT
=> TOTAL COMPLETION TIME (Makespan / UB): 524
Schedule is valid
 Time taken: 35.71 seconds
------------------------------------------------------------------
SAT
=> TOTAL COMPLETION TIME (Makespan / UB): 523
Schedule is valid
 Time taken: 36.06 seconds
------------------------------------------------------------------
SAT
=> TOTAL COMPLETION TIME (Makespan / UB): 522
Schedule is valid
 Time taken: 36.40 seconds
------------------------------------------------------------------
SAT
=> TOTAL COMPLETION TIME (Makespan / UB): 521
Schedule is valid
 Time taken: 36.60 seconds
------------------------------------------------------------------
SAT
=> TOTAL COMPLETION TIME (Makespan / UB): 520
Schedule is valid
 Time taken: 36.78 seconds
------------------------------------------------------------------
SAT
=> TOTAL COMPLETION TIME (Makespan / UB): 519
Schedule is valid
 Time taken: 37.22 seconds
------------------------------------------------------------------
SAT
=> TOTAL COMPLETION TIME (Makespan / UB): 518
Schedule is valid
 Time taken: 37.59 seconds
------------------------------------------------------------------
SAT
=> TOTAL COMPLETION TIME (Makespan / UB): 517
Schedule is valid
 Time taken: 38.85 seconds
------------------------------------------------------------------
SAT
=> TOTAL COMPLETION TIME (Makespan / UB): 516
Schedule is valid
 Time taken: 39.22 seconds
------------------------------------------------------------------
SAT
=> TOTAL COMPLETION TIME (Makespan / UB): 515
Schedule is valid
 Time taken: 39.40 seconds
------------------------------------------------------------------
SAT
=> TOTAL COMPLETION TIME (Makespan / UB): 514
Schedule is valid
 Time taken: 39.60 seconds
------------------------------------------------------------------
SAT
=> TOTAL COMPLETION TIME (Makespan / UB): 513
Schedule is valid
 Time taken: 39.89 seconds
------------------------------------------------------------------
[runlim] sample:		39.97 time, 40.01 real, 254 MB, 1.08 load
SAT
=> TOTAL COMPLETION TIME (Makespan / UB): 512
Schedule is valid
 Time taken: 40.20 seconds
------------------------------------------------------------------
SAT
=> TOTAL COMPLETION TIME (Makespan / UB): 511
Schedule is valid
 Time taken: 42.15 seconds
------------------------------------------------------------------
SAT
=> TOTAL COMPLETION TIME (Makespan / UB): 510
Schedule is valid
 Time taken: 42.64 seconds
------------------------------------------------------------------
SAT
=> TOTAL COMPLETION TIME (Makespan / UB): 509
Schedule is valid
 Time taken: 42.89 seconds
------------------------------------------------------------------
SAT
=> TOTAL COMPLETION TIME (Makespan / UB): 508
Schedule is valid
 Time taken: 43.15 seconds
------------------------------------------------------------------
SAT
=> TOTAL COMPLETION TIME (Makespan / UB): 507
Schedule is valid
 Time taken: 43.44 seconds
------------------------------------------------------------------
SAT
=> TOTAL COMPLETION TIME (Makespan / UB): 506
Schedule is valid
 Time taken: 43.74 seconds
------------------------------------------------------------------
SAT
=> TOTAL COMPLETION TIME (Makespan / UB): 505
Schedule is valid
 Time taken: 43.80 seconds
------------------------------------------------------------------
UNSAT
status: optimal
Time taken: 44.24 seconds
------------------------------------------------------------------
[runlim] end:			Mon Jul 13 17:39:18 2026
[runlim] status:		ok
[runlim] result:		0
[runlim] children:		1
[runlim] processes:		2
[runlim] real:			44.31 seconds
[runlim] time:			44.27 seconds
[runlim] space:			314 MB
[runlim] load:			1.17 maximum
[runlim] samples:		444
