[runlim] version:		2.0.0rc12
[runlim] host:			fjssp-instance1
[runlim] time limit:		311040000 seconds
[runlim] real time limit:	10800 seconds
[runlim] space limit:		14000 MB
[runlim] argv[0]:		python3
[runlim] argv[1]:		-u
[runlim] argv[2]:		main.py
[runlim] argv[3]:		datasets/dafjs/DAFJS23
[runlim] start:			Wed Jul 22 11:46:21 2026
[runlim] child:			46564
Operations: 76, Edges: 71, Machines: 9
Greedy Schedule UB: 659
Building constraints took 1.59 seconds.
SAT

=> TOTAL COMPLETION TIME (Makespan / UB): 658
Schedule is valid
 Time taken: 1.80 seconds
SAT

=> TOTAL COMPLETION TIME (Makespan / UB): 657
Schedule is valid
 Time taken: 1.81 seconds
SAT

=> TOTAL COMPLETION TIME (Makespan / UB): 656
Schedule is valid
 Time taken: 1.81 seconds
SAT

=> TOTAL COMPLETION TIME (Makespan / UB): 655
Schedule is valid
 Time taken: 1.81 seconds
SAT

=> TOTAL COMPLETION TIME (Makespan / UB): 654
Schedule is valid
 Time taken: 1.82 seconds
SAT

=> TOTAL COMPLETION TIME (Makespan / UB): 653
Schedule is valid
 Time taken: 1.82 seconds
SAT

=> TOTAL COMPLETION TIME (Makespan / UB): 652
Schedule is valid
 Time taken: 1.82 seconds
SAT

=> TOTAL COMPLETION TIME (Makespan / UB): 651
Schedule is valid
 Time taken: 1.83 seconds
SAT

=> TOTAL COMPLETION TIME (Makespan / UB): 650
Schedule is valid
 Time taken: 1.83 seconds
SAT

=> TOTAL COMPLETION TIME (Makespan / UB): 649
Schedule is valid
 Time taken: 1.83 seconds
SAT

=> TOTAL COMPLETION TIME (Makespan / UB): 648
Schedule is valid
 Time taken: 1.84 seconds
SAT

=> TOTAL COMPLETION TIME (Makespan / UB): 647
Schedule is valid
 Time taken: 1.84 seconds
SAT

=> TOTAL COMPLETION TIME (Makespan / UB): 646
Schedule is valid
 Time taken: 1.84 seconds
SAT

=> TOTAL COMPLETION TIME (Makespan / UB): 645
Schedule is valid
 Time taken: 1.85 seconds
SAT

=> TOTAL COMPLETION TIME (Makespan / UB): 644
Schedule is valid
 Time taken: 1.85 seconds
SAT

=> TOTAL COMPLETION TIME (Makespan / UB): 643
Schedule is valid
 Time taken: 1.85 seconds
SAT

=> TOTAL COMPLETION TIME (Makespan / UB): 642
Schedule is valid
 Time taken: 1.86 seconds
SAT

=> TOTAL COMPLETION TIME (Makespan / UB): 641
Schedule is valid
 Time taken: 1.86 seconds
SAT

=> TOTAL COMPLETION TIME (Makespan / UB): 640
Schedule is valid
 Time taken: 1.86 seconds
SAT

=> TOTAL COMPLETION TIME (Makespan / UB): 639
Schedule is valid
 Time taken: 1.87 seconds
SAT

=> TOTAL COMPLETION TIME (Makespan / UB): 638
Schedule is valid
 Time taken: 1.87 seconds
SAT

=> TOTAL COMPLETION TIME (Makespan / UB): 637
Schedule is valid
 Time taken: 1.87 seconds
SAT

=> TOTAL COMPLETION TIME (Makespan / UB): 636
Schedule is valid
 Time taken: 1.88 seconds
SAT

=> TOTAL COMPLETION TIME (Makespan / UB): 635
Schedule is valid
 Time taken: 1.88 seconds
SAT

=> TOTAL COMPLETION TIME (Makespan / UB): 634
Schedule is valid
 Time taken: 1.89 seconds
SAT

=> TOTAL COMPLETION TIME (Makespan / UB): 633
Schedule is valid
 Time taken: 1.89 seconds
SAT

=> TOTAL COMPLETION TIME (Makespan / UB): 632
Schedule is valid
 Time taken: 1.90 seconds
SAT

=> TOTAL COMPLETION TIME (Makespan / UB): 631
Schedule is valid
 Time taken: 1.90 seconds
SAT

=> TOTAL COMPLETION TIME (Makespan / UB): 630
Schedule is valid
 Time taken: 1.90 seconds
SAT

=> TOTAL COMPLETION TIME (Makespan / UB): 629
Schedule is valid
 Time taken: 1.91 seconds
SAT

=> TOTAL COMPLETION TIME (Makespan / UB): 628
Schedule is valid
 Time taken: 1.91 seconds
SAT

=> TOTAL COMPLETION TIME (Makespan / UB): 627
Schedule is valid
 Time taken: 1.92 seconds
SAT

=> TOTAL COMPLETION TIME (Makespan / UB): 626
Schedule is valid
 Time taken: 1.93 seconds
SAT

=> TOTAL COMPLETION TIME (Makespan / UB): 625
Schedule is valid
 Time taken: 1.93 seconds
SAT

=> TOTAL COMPLETION TIME (Makespan / UB): 624
Schedule is valid
 Time taken: 1.94 seconds
SAT

=> TOTAL COMPLETION TIME (Makespan / UB): 623
Schedule is valid
 Time taken: 1.94 seconds
SAT

=> TOTAL COMPLETION TIME (Makespan / UB): 622
Schedule is valid
 Time taken: 1.95 seconds
SAT

=> TOTAL COMPLETION TIME (Makespan / UB): 621
Schedule is valid
 Time taken: 1.95 seconds
SAT

=> TOTAL COMPLETION TIME (Makespan / UB): 620
Schedule is valid
 Time taken: 1.96 seconds
SAT

=> TOTAL COMPLETION TIME (Makespan / UB): 619
Schedule is valid
 Time taken: 1.96 seconds
SAT

=> TOTAL COMPLETION TIME (Makespan / UB): 618
Schedule is valid
 Time taken: 1.97 seconds
SAT

=> TOTAL COMPLETION TIME (Makespan / UB): 617
Schedule is valid
 Time taken: 1.97 seconds
SAT

=> TOTAL COMPLETION TIME (Makespan / UB): 616
Schedule is valid
 Time taken: 1.97 seconds
SAT

=> TOTAL COMPLETION TIME (Makespan / UB): 615
Schedule is valid
 Time taken: 1.98 seconds
SAT

=> TOTAL COMPLETION TIME (Makespan / UB): 614
Schedule is valid
 Time taken: 1.98 seconds
SAT

=> TOTAL COMPLETION TIME (Makespan / UB): 613
Schedule is valid
 Time taken: 1.99 seconds
SAT

=> TOTAL COMPLETION TIME (Makespan / UB): 612
Schedule is valid
 Time taken: 1.99 seconds
SAT

=> TOTAL COMPLETION TIME (Makespan / UB): 611
Schedule is valid
 Time taken: 2.46 seconds
SAT

=> TOTAL COMPLETION TIME (Makespan / UB): 610
Schedule is valid
 Time taken: 2.80 seconds
SAT

=> TOTAL COMPLETION TIME (Makespan / UB): 609
Schedule is valid
 Time taken: 2.81 seconds
SAT

=> TOTAL COMPLETION TIME (Makespan / UB): 608
Schedule is valid
 Time taken: 2.81 seconds
SAT

=> TOTAL COMPLETION TIME (Makespan / UB): 607
Schedule is valid
 Time taken: 2.82 seconds
SAT

=> TOTAL COMPLETION TIME (Makespan / UB): 606
Schedule is valid
 Time taken: 3.14 seconds
SAT

=> TOTAL COMPLETION TIME (Makespan / UB): 605
Schedule is valid
 Time taken: 3.17 seconds
SAT

=> TOTAL COMPLETION TIME (Makespan / UB): 604
Schedule is valid
 Time taken: 3.18 seconds
SAT

=> TOTAL COMPLETION TIME (Makespan / UB): 603
Schedule is valid
 Time taken: 3.19 seconds
SAT

=> TOTAL COMPLETION TIME (Makespan / UB): 602
Schedule is valid
 Time taken: 3.20 seconds
SAT

=> TOTAL COMPLETION TIME (Makespan / UB): 601
Schedule is valid
 Time taken: 3.20 seconds
SAT

=> TOTAL COMPLETION TIME (Makespan / UB): 600
Schedule is valid
 Time taken: 3.20 seconds
SAT

=> TOTAL COMPLETION TIME (Makespan / UB): 599
Schedule is valid
 Time taken: 3.21 seconds
SAT

=> TOTAL COMPLETION TIME (Makespan / UB): 598
Schedule is valid
 Time taken: 3.21 seconds
SAT

=> TOTAL COMPLETION TIME (Makespan / UB): 597
Schedule is valid
 Time taken: 3.22 seconds
SAT

=> TOTAL COMPLETION TIME (Makespan / UB): 596
Schedule is valid
 Time taken: 3.22 seconds
SAT

=> TOTAL COMPLETION TIME (Makespan / UB): 595
Schedule is valid
 Time taken: 3.24 seconds
SAT

=> TOTAL COMPLETION TIME (Makespan / UB): 594
Schedule is valid
 Time taken: 3.24 seconds
SAT

=> TOTAL COMPLETION TIME (Makespan / UB): 593
Schedule is valid
 Time taken: 3.25 seconds
SAT

=> TOTAL COMPLETION TIME (Makespan / UB): 592
Schedule is valid
 Time taken: 3.25 seconds
SAT

=> TOTAL COMPLETION TIME (Makespan / UB): 591
Schedule is valid
 Time taken: 3.26 seconds
SAT

=> TOTAL COMPLETION TIME (Makespan / UB): 590
Schedule is valid
 Time taken: 3.26 seconds
SAT

=> TOTAL COMPLETION TIME (Makespan / UB): 589
Schedule is valid
 Time taken: 3.26 seconds
SAT

=> TOTAL COMPLETION TIME (Makespan / UB): 588
Schedule is valid
 Time taken: 3.26 seconds
SAT

=> TOTAL COMPLETION TIME (Makespan / UB): 587
Schedule is valid
 Time taken: 3.27 seconds
SAT

=> TOTAL COMPLETION TIME (Makespan / UB): 586
Schedule is valid
 Time taken: 3.27 seconds
SAT

=> TOTAL COMPLETION TIME (Makespan / UB): 585
Schedule is valid
 Time taken: 3.28 seconds
SAT

=> TOTAL COMPLETION TIME (Makespan / UB): 584
Schedule is valid
 Time taken: 3.28 seconds
SAT

=> TOTAL COMPLETION TIME (Makespan / UB): 583
Schedule is valid
 Time taken: 3.98 seconds
SAT

=> TOTAL COMPLETION TIME (Makespan / UB): 582
Schedule is valid
 Time taken: 4.40 seconds
SAT

=> TOTAL COMPLETION TIME (Makespan / UB): 581
Schedule is valid
 Time taken: 4.53 seconds
SAT

=> TOTAL COMPLETION TIME (Makespan / UB): 580
Schedule is valid
 Time taken: 7.16 seconds
SAT

=> TOTAL COMPLETION TIME (Makespan / UB): 579
Schedule is valid
 Time taken: 7.39 seconds
SAT

=> TOTAL COMPLETION TIME (Makespan / UB): 578
Schedule is valid
 Time taken: 7.60 seconds
SAT

=> TOTAL COMPLETION TIME (Makespan / UB): 577
Schedule is valid
 Time taken: 8.05 seconds
SAT

=> TOTAL COMPLETION TIME (Makespan / UB): 576
Schedule is valid
 Time taken: 8.14 seconds
SAT

=> TOTAL COMPLETION TIME (Makespan / UB): 575
Schedule is valid
 Time taken: 8.15 seconds
SAT

=> TOTAL COMPLETION TIME (Makespan / UB): 574
Schedule is valid
 Time taken: 8.16 seconds
SAT

=> TOTAL COMPLETION TIME (Makespan / UB): 573
Schedule is valid
 Time taken: 8.16 seconds
SAT

=> TOTAL COMPLETION TIME (Makespan / UB): 572
Schedule is valid
 Time taken: 8.95 seconds
SAT

=> TOTAL COMPLETION TIME (Makespan / UB): 571
Schedule is valid
 Time taken: 9.35 seconds
SAT

=> TOTAL COMPLETION TIME (Makespan / UB): 570
Schedule is valid
 Time taken: 9.36 seconds
SAT

=> TOTAL COMPLETION TIME (Makespan / UB): 569
Schedule is valid
 Time taken: 9.36 seconds
SAT

=> TOTAL COMPLETION TIME (Makespan / UB): 568
Schedule is valid
 Time taken: 9.37 seconds
SAT

=> TOTAL COMPLETION TIME (Makespan / UB): 567
Schedule is valid
 Time taken: 9.56 seconds
SAT

=> TOTAL COMPLETION TIME (Makespan / UB): 566
Schedule is valid
 Time taken: 9.57 seconds
SAT

=> TOTAL COMPLETION TIME (Makespan / UB): 565
Schedule is valid
 Time taken: 9.58 seconds
SAT

=> TOTAL COMPLETION TIME (Makespan / UB): 564
Schedule is valid
 Time taken: 9.58 seconds
SAT

=> TOTAL COMPLETION TIME (Makespan / UB): 563
Schedule is valid
 Time taken: 9.59 seconds
SAT

=> TOTAL COMPLETION TIME (Makespan / UB): 562
Schedule is valid
 Time taken: 9.59 seconds
SAT

=> TOTAL COMPLETION TIME (Makespan / UB): 561
Schedule is valid
 Time taken: 9.59 seconds
SAT

=> TOTAL COMPLETION TIME (Makespan / UB): 560
Schedule is valid
 Time taken: 9.60 seconds
SAT

=> TOTAL COMPLETION TIME (Makespan / UB): 559
Schedule is valid
 Time taken: 9.61 seconds
SAT

=> TOTAL COMPLETION TIME (Makespan / UB): 558
Schedule is valid
 Time taken: 9.61 seconds
SAT

=> TOTAL COMPLETION TIME (Makespan / UB): 557
Schedule is valid
 Time taken: 9.62 seconds
SAT

=> TOTAL COMPLETION TIME (Makespan / UB): 556
Schedule is valid
 Time taken: 9.62 seconds
SAT

=> TOTAL COMPLETION TIME (Makespan / UB): 555
Schedule is valid
 Time taken: 9.63 seconds
SAT

=> TOTAL COMPLETION TIME (Makespan / UB): 554
Schedule is valid
 Time taken: 9.78 seconds
SAT

=> TOTAL COMPLETION TIME (Makespan / UB): 553
Schedule is valid
 Time taken: 9.94 seconds
SAT

=> TOTAL COMPLETION TIME (Makespan / UB): 552
Schedule is valid
 Time taken: 9.95 seconds
[runlim] sample:		9.98 time, 10.01 real, 338 MB, 0.19 load
SAT

=> TOTAL COMPLETION TIME (Makespan / UB): 551
Schedule is valid
 Time taken: 10.25 seconds
SAT

=> TOTAL COMPLETION TIME (Makespan / UB): 550
Schedule is valid
 Time taken: 10.37 seconds
SAT

=> TOTAL COMPLETION TIME (Makespan / UB): 549
Schedule is valid
 Time taken: 10.56 seconds
SAT

=> TOTAL COMPLETION TIME (Makespan / UB): 548
Schedule is valid
 Time taken: 10.84 seconds
SAT

=> TOTAL COMPLETION TIME (Makespan / UB): 547
Schedule is valid
 Time taken: 11.53 seconds
SAT

=> TOTAL COMPLETION TIME (Makespan / UB): 546
Schedule is valid
 Time taken: 14.05 seconds
SAT

=> TOTAL COMPLETION TIME (Makespan / UB): 545
Schedule is valid
 Time taken: 15.37 seconds
SAT

=> TOTAL COMPLETION TIME (Makespan / UB): 544
Schedule is valid
 Time taken: 16.20 seconds
SAT

=> TOTAL COMPLETION TIME (Makespan / UB): 543
Schedule is valid
 Time taken: 16.48 seconds
SAT

=> TOTAL COMPLETION TIME (Makespan / UB): 542
Schedule is valid
 Time taken: 16.61 seconds
SAT

=> TOTAL COMPLETION TIME (Makespan / UB): 541
Schedule is valid
 Time taken: 16.94 seconds
SAT

=> TOTAL COMPLETION TIME (Makespan / UB): 540
Schedule is valid
 Time taken: 17.09 seconds
SAT

=> TOTAL COMPLETION TIME (Makespan / UB): 539
Schedule is valid
 Time taken: 17.28 seconds
SAT

=> TOTAL COMPLETION TIME (Makespan / UB): 538
Schedule is valid
 Time taken: 17.44 seconds
SAT

=> TOTAL COMPLETION TIME (Makespan / UB): 537
Schedule is valid
 Time taken: 17.57 seconds
SAT

=> TOTAL COMPLETION TIME (Makespan / UB): 536
Schedule is valid
 Time taken: 19.27 seconds
SAT

=> TOTAL COMPLETION TIME (Makespan / UB): 535
Schedule is valid
 Time taken: 19.35 seconds
SAT

=> TOTAL COMPLETION TIME (Makespan / UB): 534
Schedule is valid
 Time taken: 19.36 seconds
SAT

=> TOTAL COMPLETION TIME (Makespan / UB): 533
Schedule is valid
 Time taken: 19.82 seconds
[runlim] sample:		19.97 time, 20.01 real, 333 MB, 0.31 load
SAT

=> TOTAL COMPLETION TIME (Makespan / UB): 532
Schedule is valid
 Time taken: 19.99 seconds
SAT

=> TOTAL COMPLETION TIME (Makespan / UB): 531
Schedule is valid
 Time taken: 20.22 seconds
SAT

=> TOTAL COMPLETION TIME (Makespan / UB): 530
Schedule is valid
 Time taken: 20.44 seconds
SAT

=> TOTAL COMPLETION TIME (Makespan / UB): 529
Schedule is valid
 Time taken: 21.34 seconds
SAT

=> TOTAL COMPLETION TIME (Makespan / UB): 528
Schedule is valid
 Time taken: 21.56 seconds
SAT

=> TOTAL COMPLETION TIME (Makespan / UB): 527
Schedule is valid
 Time taken: 21.67 seconds
SAT

=> TOTAL COMPLETION TIME (Makespan / UB): 526
Schedule is valid
 Time taken: 22.03 seconds
SAT

=> TOTAL COMPLETION TIME (Makespan / UB): 525
Schedule is valid
 Time taken: 22.04 seconds
SAT

=> TOTAL COMPLETION TIME (Makespan / UB): 524
Schedule is valid
 Time taken: 22.36 seconds
SAT

=> TOTAL COMPLETION TIME (Makespan / UB): 523
Schedule is valid
 Time taken: 22.54 seconds
SAT

=> TOTAL COMPLETION TIME (Makespan / UB): 522
Schedule is valid
 Time taken: 22.54 seconds
SAT

=> TOTAL COMPLETION TIME (Makespan / UB): 521
Schedule is valid
 Time taken: 23.39 seconds
SAT

=> TOTAL COMPLETION TIME (Makespan / UB): 520
Schedule is valid
 Time taken: 23.62 seconds
SAT

=> TOTAL COMPLETION TIME (Makespan / UB): 519
Schedule is valid
 Time taken: 23.83 seconds
SAT

=> TOTAL COMPLETION TIME (Makespan / UB): 518
Schedule is valid
 Time taken: 27.37 seconds
SAT

=> TOTAL COMPLETION TIME (Makespan / UB): 517
Schedule is valid
 Time taken: 27.65 seconds
SAT

=> TOTAL COMPLETION TIME (Makespan / UB): 516
Schedule is valid
 Time taken: 27.88 seconds
SAT

=> TOTAL COMPLETION TIME (Makespan / UB): 515
Schedule is valid
 Time taken: 28.71 seconds
SAT

=> TOTAL COMPLETION TIME (Makespan / UB): 514
Schedule is valid
 Time taken: 28.91 seconds
SAT

=> TOTAL COMPLETION TIME (Makespan / UB): 513
Schedule is valid
 Time taken: 29.16 seconds
[runlim] sample:		29.98 time, 30.01 real, 332 MB, 0.42 load
SAT

=> TOTAL COMPLETION TIME (Makespan / UB): 512
Schedule is valid
 Time taken: 30.12 seconds
SAT

=> TOTAL COMPLETION TIME (Makespan / UB): 511
Schedule is valid
 Time taken: 31.76 seconds
SAT

=> TOTAL COMPLETION TIME (Makespan / UB): 510
Schedule is valid
 Time taken: 32.52 seconds
SAT

=> TOTAL COMPLETION TIME (Makespan / UB): 509
Schedule is valid
 Time taken: 32.92 seconds
SAT

=> TOTAL COMPLETION TIME (Makespan / UB): 508
Schedule is valid
 Time taken: 33.32 seconds
SAT

=> TOTAL COMPLETION TIME (Makespan / UB): 507
Schedule is valid
 Time taken: 36.53 seconds
SAT

=> TOTAL COMPLETION TIME (Makespan / UB): 506
Schedule is valid
 Time taken: 37.51 seconds
SAT

=> TOTAL COMPLETION TIME (Makespan / UB): 505
Schedule is valid
 Time taken: 38.27 seconds
SAT

=> TOTAL COMPLETION TIME (Makespan / UB): 504
Schedule is valid
 Time taken: 38.70 seconds
SAT

=> TOTAL COMPLETION TIME (Makespan / UB): 503
Schedule is valid
 Time taken: 39.82 seconds
[runlim] sample:		39.98 time, 40.01 real, 284 MB, 0.51 load
SAT

=> TOTAL COMPLETION TIME (Makespan / UB): 502
Schedule is valid
 Time taken: 40.17 seconds
SAT

=> TOTAL COMPLETION TIME (Makespan / UB): 501
Schedule is valid
 Time taken: 41.38 seconds
SAT

=> TOTAL COMPLETION TIME (Makespan / UB): 500
Schedule is valid
 Time taken: 41.63 seconds
SAT

=> TOTAL COMPLETION TIME (Makespan / UB): 499
Schedule is valid
 Time taken: 41.92 seconds
SAT

=> TOTAL COMPLETION TIME (Makespan / UB): 498
Schedule is valid
 Time taken: 42.75 seconds
SAT

=> TOTAL COMPLETION TIME (Makespan / UB): 497
Schedule is valid
 Time taken: 42.98 seconds
SAT

=> TOTAL COMPLETION TIME (Makespan / UB): 496
Schedule is valid
 Time taken: 43.15 seconds
SAT

=> TOTAL COMPLETION TIME (Makespan / UB): 495
Schedule is valid
 Time taken: 43.85 seconds
SAT

=> TOTAL COMPLETION TIME (Makespan / UB): 494
Schedule is valid
 Time taken: 46.87 seconds
[runlim] sample:		49.97 time, 50.01 real, 304 MB, 0.58 load
SAT

=> TOTAL COMPLETION TIME (Makespan / UB): 493
Schedule is valid
 Time taken: 51.68 seconds
SAT

=> TOTAL COMPLETION TIME (Makespan / UB): 492
Schedule is valid
 Time taken: 52.03 seconds
SAT

=> TOTAL COMPLETION TIME (Makespan / UB): 491
Schedule is valid
 Time taken: 53.63 seconds
SAT

=> TOTAL COMPLETION TIME (Makespan / UB): 490
Schedule is valid
 Time taken: 55.62 seconds
SAT

=> TOTAL COMPLETION TIME (Makespan / UB): 489
Schedule is valid
 Time taken: 58.60 seconds
[runlim] sample:		59.97 time, 60.01 real, 300 MB, 0.65 load
SAT

=> TOTAL COMPLETION TIME (Makespan / UB): 488
Schedule is valid
 Time taken: 60.19 seconds
SAT

=> TOTAL COMPLETION TIME (Makespan / UB): 487
Schedule is valid
 Time taken: 60.42 seconds
SAT

=> TOTAL COMPLETION TIME (Makespan / UB): 486
Schedule is valid
 Time taken: 60.64 seconds
SAT

=> TOTAL COMPLETION TIME (Makespan / UB): 485
Schedule is valid
 Time taken: 61.75 seconds
SAT

=> TOTAL COMPLETION TIME (Makespan / UB): 484
Schedule is valid
 Time taken: 68.96 seconds
[runlim] sample:		69.97 time, 70.01 real, 264 MB, 0.70 load
SAT

=> TOTAL COMPLETION TIME (Makespan / UB): 483
Schedule is valid
 Time taken: 70.89 seconds
[runlim] sample:		79.97 time, 80.01 real, 263 MB, 0.75 load
SAT

=> TOTAL COMPLETION TIME (Makespan / UB): 482
Schedule is valid
 Time taken: 81.40 seconds
SAT

=> TOTAL COMPLETION TIME (Makespan / UB): 481
Schedule is valid
 Time taken: 83.11 seconds
[runlim] sample:		89.96 time, 90.01 real, 295 MB, 0.79 load
SAT

=> TOTAL COMPLETION TIME (Makespan / UB): 480
Schedule is valid
 Time taken: 92.44 seconds
[runlim] sample:		99.97 time, 100.01 real, 318 MB, 0.82 load
[runlim] sample:		109.96 time, 110.01 real, 318 MB, 0.85 load
[runlim] sample:		119.96 time, 120.01 real, 294 MB, 0.87 load
SAT

=> TOTAL COMPLETION TIME (Makespan / UB): 479
Schedule is valid
 Time taken: 126.81 seconds
[runlim] sample:		129.96 time, 130.01 real, 294 MB, 0.89 load
SAT

=> TOTAL COMPLETION TIME (Makespan / UB): 478
Schedule is valid
 Time taken: 134.26 seconds
SAT

=> TOTAL COMPLETION TIME (Makespan / UB): 477
Schedule is valid
 Time taken: 134.27 seconds
SAT

=> TOTAL COMPLETION TIME (Makespan / UB): 476
Schedule is valid
 Time taken: 136.12 seconds
[runlim] sample:		139.96 time, 140.01 real, 294 MB, 0.99 load
SAT

=> TOTAL COMPLETION TIME (Makespan / UB): 475
Schedule is valid
 Time taken: 146.35 seconds
[runlim] sample:		149.95 time, 150.01 real, 326 MB, 0.99 load
SAT

=> TOTAL COMPLETION TIME (Makespan / UB): 474
Schedule is valid
 Time taken: 150.59 seconds
[runlim] sample:		159.96 time, 160.01 real, 295 MB, 0.99 load
[runlim] sample:		169.96 time, 170.01 real, 266 MB, 0.99 load
[runlim] sample:		179.95 time, 180.01 real, 293 MB, 1.00 load
SAT

=> TOTAL COMPLETION TIME (Makespan / UB): 473
Schedule is valid
 Time taken: 187.32 seconds
[runlim] sample:		189.96 time, 190.01 real, 326 MB, 1.00 load
[runlim] sample:		199.96 time, 200.01 real, 294 MB, 1.00 load
[runlim] sample:		209.95 time, 210.01 real, 329 MB, 1.00 load
[runlim] sample:		219.95 time, 220.01 real, 294 MB, 1.00 load
[runlim] sample:		229.95 time, 230.01 real, 331 MB, 1.00 load
[runlim] sample:		239.95 time, 240.01 real, 294 MB, 1.00 load
[runlim] sample:		249.95 time, 250.01 real, 329 MB, 1.00 load
[runlim] sample:		259.95 time, 260.01 real, 294 MB, 1.00 load
[runlim] sample:		269.95 time, 270.01 real, 327 MB, 1.00 load
[runlim] sample:		279.95 time, 280.01 real, 294 MB, 1.00 load
[runlim] sample:		289.95 time, 290.01 real, 294 MB, 1.00 load
[runlim] sample:		299.95 time, 300.01 real, 329 MB, 1.00 load
[runlim] sample:		309.95 time, 310.01 real, 294 MB, 1.00 load
[runlim] sample:		319.94 time, 320.01 real, 330 MB, 1.00 load
SAT

=> TOTAL COMPLETION TIME (Makespan / UB): 472
Schedule is valid
 Time taken: 322.35 seconds
[runlim] sample:		329.94 time, 330.01 real, 294 MB, 1.00 load
SAT

=> TOTAL COMPLETION TIME (Makespan / UB): 471
Schedule is valid
 Time taken: 330.42 seconds
SAT

=> TOTAL COMPLETION TIME (Makespan / UB): 470
Schedule is valid
 Time taken: 336.86 seconds
[runlim] sample:		339.94 time, 340.01 real, 332 MB, 1.00 load
SAT

=> TOTAL COMPLETION TIME (Makespan / UB): 469
Schedule is valid
 Time taken: 348.22 seconds
[runlim] sample:		349.94 time, 350.01 real, 294 MB, 1.00 load
[runlim] sample:		359.93 time, 360.01 real, 294 MB, 1.00 load
[runlim] sample:		369.93 time, 370.01 real, 331 MB, 1.00 load
