[runlim] version:		2.0.0rc12
[runlim] host:			fjssp-instance
[runlim] time limit:		311040000 seconds
[runlim] real time limit:	10800 seconds
[runlim] space limit:		14000 MB
[runlim] argv[0]:		python3
[runlim] argv[1]:		-u
[runlim] argv[2]:		main.py
[runlim] argv[3]:		datasets/dafjs/DAFJS03
[runlim] start:			Mon Jul 13 17:32:03 2026
[runlim] child:			21766
Operations: 55, Edges: 52, Machines: 10
Greedy Schedule UB: 601
Building constraints took 0.78 seconds.
SAT
=> TOTAL COMPLETION TIME (Makespan / UB): 600
Schedule is valid
 Time taken: 0.81 seconds
------------------------------------------------------------------
SAT
=> TOTAL COMPLETION TIME (Makespan / UB): 599
Schedule is valid
 Time taken: 0.82 seconds
------------------------------------------------------------------
SAT
=> TOTAL COMPLETION TIME (Makespan / UB): 598
Schedule is valid
 Time taken: 0.83 seconds
------------------------------------------------------------------
SAT
=> TOTAL COMPLETION TIME (Makespan / UB): 597
Schedule is valid
 Time taken: 0.83 seconds
------------------------------------------------------------------
SAT
=> TOTAL COMPLETION TIME (Makespan / UB): 596
Schedule is valid
 Time taken: 0.83 seconds
------------------------------------------------------------------
SAT
=> TOTAL COMPLETION TIME (Makespan / UB): 595
Schedule is valid
 Time taken: 0.83 seconds
------------------------------------------------------------------
SAT
=> TOTAL COMPLETION TIME (Makespan / UB): 594
Schedule is valid
 Time taken: 0.84 seconds
------------------------------------------------------------------
SAT
=> TOTAL COMPLETION TIME (Makespan / UB): 593
Schedule is valid
 Time taken: 0.84 seconds
------------------------------------------------------------------
SAT
=> TOTAL COMPLETION TIME (Makespan / UB): 592
Schedule is valid
 Time taken: 0.85 seconds
------------------------------------------------------------------
SAT
=> TOTAL COMPLETION TIME (Makespan / UB): 591
Schedule is valid
 Time taken: 0.85 seconds
------------------------------------------------------------------
SAT
=> TOTAL COMPLETION TIME (Makespan / UB): 590
Schedule is valid
 Time taken: 0.86 seconds
------------------------------------------------------------------
SAT
=> TOTAL COMPLETION TIME (Makespan / UB): 589
Schedule is valid
 Time taken: 0.87 seconds
------------------------------------------------------------------
SAT
=> TOTAL COMPLETION TIME (Makespan / UB): 588
Schedule is valid
 Time taken: 0.87 seconds
------------------------------------------------------------------
SAT
=> TOTAL COMPLETION TIME (Makespan / UB): 587
Schedule is valid
 Time taken: 0.87 seconds
------------------------------------------------------------------
SAT
=> TOTAL COMPLETION TIME (Makespan / UB): 586
Schedule is valid
 Time taken: 0.88 seconds
------------------------------------------------------------------
SAT
=> TOTAL COMPLETION TIME (Makespan / UB): 585
Schedule is valid
 Time taken: 0.88 seconds
------------------------------------------------------------------
SAT
=> TOTAL COMPLETION TIME (Makespan / UB): 584
Schedule is valid
 Time taken: 0.89 seconds
------------------------------------------------------------------
SAT
=> TOTAL COMPLETION TIME (Makespan / UB): 583
Schedule is valid
 Time taken: 0.89 seconds
------------------------------------------------------------------
SAT
=> TOTAL COMPLETION TIME (Makespan / UB): 582
Schedule is valid
 Time taken: 0.89 seconds
------------------------------------------------------------------
SAT
=> TOTAL COMPLETION TIME (Makespan / UB): 581
Schedule is valid
 Time taken: 0.90 seconds
------------------------------------------------------------------
SAT
=> TOTAL COMPLETION TIME (Makespan / UB): 580
Schedule is valid
 Time taken: 0.90 seconds
------------------------------------------------------------------
SAT
=> TOTAL COMPLETION TIME (Makespan / UB): 579
Schedule is valid
 Time taken: 0.90 seconds
------------------------------------------------------------------
SAT
=> TOTAL COMPLETION TIME (Makespan / UB): 578
Schedule is valid
 Time taken: 0.91 seconds
------------------------------------------------------------------
SAT
=> TOTAL COMPLETION TIME (Makespan / UB): 577
Schedule is valid
 Time taken: 0.92 seconds
------------------------------------------------------------------
SAT
=> TOTAL COMPLETION TIME (Makespan / UB): 576
Schedule is valid
 Time taken: 0.92 seconds
------------------------------------------------------------------
UNSAT
status: optimal
Time taken: 0.92 seconds
------------------------------------------------------------------
[runlim] end:			Mon Jul 13 17:32:04 2026
[runlim] status:		ok
[runlim] result:		0
[runlim] children:		1
[runlim] processes:		2
[runlim] real:			0.99 seconds
[runlim] time:			0.90 seconds
[runlim] space:			56 MB
[runlim] load:			1.10 maximum
[runlim] samples:		10
