[runlim] version:		2.0.0rc12
[runlim] host:			fjssp-instance1
[runlim] time limit:		311040000 seconds
[runlim] real time limit:	10800 seconds
[runlim] space limit:		14000 MB
[runlim] argv[0]:		python3
[runlim] argv[1]:		-u
[runlim] argv[2]:		temp_cadical300.py
[runlim] argv[3]:		datasets/dafjs/DAFJS29
[runlim] start:			Wed Jul 15 22:29:25 2026
[runlim] child:			14458
Operations: 95, Edges: 94, Machines: 10
Greedy Schedule UB: 802
Building constraints took 2.57 seconds.
SAT

=> TOTAL COMPLETION TIME (Makespan / UB): 801
Schedule is valid
 Time taken: 5.32 seconds
SAT

=> TOTAL COMPLETION TIME (Makespan / UB): 800
Schedule is valid
 Time taken: 5.87 seconds
SAT

=> TOTAL COMPLETION TIME (Makespan / UB): 799
Schedule is valid
 Time taken: 6.43 seconds
SAT

=> TOTAL COMPLETION TIME (Makespan / UB): 798
Schedule is valid
 Time taken: 8.29 seconds
SAT

=> TOTAL COMPLETION TIME (Makespan / UB): 797
Schedule is valid
 Time taken: 8.73 seconds
SAT

=> TOTAL COMPLETION TIME (Makespan / UB): 796
Schedule is valid
 Time taken: 9.26 seconds
SAT

=> TOTAL COMPLETION TIME (Makespan / UB): 795
Schedule is valid
 Time taken: 9.50 seconds
SAT

=> TOTAL COMPLETION TIME (Makespan / UB): 794
Schedule is valid
 Time taken: 9.73 seconds
[runlim] sample:		9.99 time, 10.01 real, 599 MB, 1.02 load
SAT

=> TOTAL COMPLETION TIME (Makespan / UB): 793
Schedule is valid
 Time taken: 10.10 seconds
SAT

=> TOTAL COMPLETION TIME (Makespan / UB): 792
Schedule is valid
 Time taken: 10.31 seconds
SAT

=> TOTAL COMPLETION TIME (Makespan / UB): 791
Schedule is valid
 Time taken: 11.34 seconds
SAT

=> TOTAL COMPLETION TIME (Makespan / UB): 790
Schedule is valid
 Time taken: 14.07 seconds
SAT

=> TOTAL COMPLETION TIME (Makespan / UB): 789
Schedule is valid
 Time taken: 14.58 seconds
SAT

=> TOTAL COMPLETION TIME (Makespan / UB): 788
Schedule is valid
 Time taken: 16.16 seconds
SAT

=> TOTAL COMPLETION TIME (Makespan / UB): 787
Schedule is valid
 Time taken: 16.71 seconds
SAT

=> TOTAL COMPLETION TIME (Makespan / UB): 786
Schedule is valid
 Time taken: 16.79 seconds
SAT

=> TOTAL COMPLETION TIME (Makespan / UB): 785
Schedule is valid
 Time taken: 16.86 seconds
SAT

=> TOTAL COMPLETION TIME (Makespan / UB): 784
Schedule is valid
 Time taken: 17.22 seconds
SAT

=> TOTAL COMPLETION TIME (Makespan / UB): 783
Schedule is valid
 Time taken: 17.50 seconds
SAT

=> TOTAL COMPLETION TIME (Makespan / UB): 782
Schedule is valid
 Time taken: 18.79 seconds
SAT

=> TOTAL COMPLETION TIME (Makespan / UB): 781
Schedule is valid
 Time taken: 19.14 seconds
SAT

=> TOTAL COMPLETION TIME (Makespan / UB): 780
Schedule is valid
 Time taken: 19.45 seconds
SAT

=> TOTAL COMPLETION TIME (Makespan / UB): 779
Schedule is valid
 Time taken: 19.76 seconds
[runlim] sample:		19.99 time, 20.01 real, 589 MB, 1.02 load
SAT

=> TOTAL COMPLETION TIME (Makespan / UB): 778
Schedule is valid
 Time taken: 20.59 seconds
SAT

=> TOTAL COMPLETION TIME (Makespan / UB): 777
Schedule is valid
 Time taken: 20.69 seconds
SAT

=> TOTAL COMPLETION TIME (Makespan / UB): 776
Schedule is valid
 Time taken: 20.75 seconds
SAT

=> TOTAL COMPLETION TIME (Makespan / UB): 775
Schedule is valid
 Time taken: 20.80 seconds
SAT

=> TOTAL COMPLETION TIME (Makespan / UB): 774
Schedule is valid
 Time taken: 20.86 seconds
SAT

=> TOTAL COMPLETION TIME (Makespan / UB): 773
Schedule is valid
 Time taken: 20.94 seconds
SAT

=> TOTAL COMPLETION TIME (Makespan / UB): 772
Schedule is valid
 Time taken: 21.00 seconds
SAT

=> TOTAL COMPLETION TIME (Makespan / UB): 771
Schedule is valid
 Time taken: 21.05 seconds
SAT

=> TOTAL COMPLETION TIME (Makespan / UB): 770
Schedule is valid
 Time taken: 21.12 seconds
SAT

=> TOTAL COMPLETION TIME (Makespan / UB): 769
Schedule is valid
 Time taken: 21.38 seconds
SAT

=> TOTAL COMPLETION TIME (Makespan / UB): 768
Schedule is valid
 Time taken: 21.44 seconds
SAT

=> TOTAL COMPLETION TIME (Makespan / UB): 767
Schedule is valid
 Time taken: 23.27 seconds
SAT

=> TOTAL COMPLETION TIME (Makespan / UB): 766
Schedule is valid
 Time taken: 23.71 seconds
SAT

=> TOTAL COMPLETION TIME (Makespan / UB): 765
Schedule is valid
 Time taken: 23.83 seconds
SAT

=> TOTAL COMPLETION TIME (Makespan / UB): 764
Schedule is valid
 Time taken: 23.91 seconds
SAT

=> TOTAL COMPLETION TIME (Makespan / UB): 763
Schedule is valid
 Time taken: 24.31 seconds
SAT

=> TOTAL COMPLETION TIME (Makespan / UB): 762
Schedule is valid
 Time taken: 24.46 seconds
SAT

=> TOTAL COMPLETION TIME (Makespan / UB): 761
Schedule is valid
 Time taken: 24.53 seconds
SAT

=> TOTAL COMPLETION TIME (Makespan / UB): 760
Schedule is valid
 Time taken: 24.58 seconds
SAT

=> TOTAL COMPLETION TIME (Makespan / UB): 759
Schedule is valid
 Time taken: 24.63 seconds
SAT

=> TOTAL COMPLETION TIME (Makespan / UB): 758
Schedule is valid
 Time taken: 24.67 seconds
SAT

=> TOTAL COMPLETION TIME (Makespan / UB): 757
Schedule is valid
 Time taken: 24.71 seconds
SAT

=> TOTAL COMPLETION TIME (Makespan / UB): 756
Schedule is valid
 Time taken: 24.75 seconds
SAT

=> TOTAL COMPLETION TIME (Makespan / UB): 755
Schedule is valid
 Time taken: 24.79 seconds
SAT

=> TOTAL COMPLETION TIME (Makespan / UB): 754
Schedule is valid
 Time taken: 24.84 seconds
SAT

=> TOTAL COMPLETION TIME (Makespan / UB): 753
Schedule is valid
 Time taken: 24.88 seconds
SAT

=> TOTAL COMPLETION TIME (Makespan / UB): 752
Schedule is valid
 Time taken: 26.13 seconds
SAT

=> TOTAL COMPLETION TIME (Makespan / UB): 751
Schedule is valid
 Time taken: 26.70 seconds
SAT

=> TOTAL COMPLETION TIME (Makespan / UB): 750
Schedule is valid
 Time taken: 26.76 seconds
SAT

=> TOTAL COMPLETION TIME (Makespan / UB): 749
Schedule is valid
 Time taken: 26.95 seconds
SAT

=> TOTAL COMPLETION TIME (Makespan / UB): 748
Schedule is valid
 Time taken: 27.18 seconds
SAT

=> TOTAL COMPLETION TIME (Makespan / UB): 747
Schedule is valid
 Time taken: 29.02 seconds
SAT

=> TOTAL COMPLETION TIME (Makespan / UB): 746
Schedule is valid
 Time taken: 29.26 seconds
SAT

=> TOTAL COMPLETION TIME (Makespan / UB): 745
Schedule is valid
 Time taken: 29.45 seconds
SAT

=> TOTAL COMPLETION TIME (Makespan / UB): 744
Schedule is valid
 Time taken: 29.73 seconds
[runlim] sample:		29.99 time, 30.01 real, 574 MB, 1.01 load
SAT

=> TOTAL COMPLETION TIME (Makespan / UB): 743
Schedule is valid
 Time taken: 30.01 seconds
SAT

=> TOTAL COMPLETION TIME (Makespan / UB): 742
Schedule is valid
 Time taken: 30.35 seconds
SAT

=> TOTAL COMPLETION TIME (Makespan / UB): 741
Schedule is valid
 Time taken: 32.89 seconds
SAT

=> TOTAL COMPLETION TIME (Makespan / UB): 740
Schedule is valid
 Time taken: 33.18 seconds
SAT

=> TOTAL COMPLETION TIME (Makespan / UB): 739
Schedule is valid
 Time taken: 33.24 seconds
SAT

=> TOTAL COMPLETION TIME (Makespan / UB): 738
Schedule is valid
 Time taken: 33.57 seconds
SAT

=> TOTAL COMPLETION TIME (Makespan / UB): 737
Schedule is valid
 Time taken: 33.91 seconds
SAT

=> TOTAL COMPLETION TIME (Makespan / UB): 736
Schedule is valid
 Time taken: 34.19 seconds
SAT

=> TOTAL COMPLETION TIME (Makespan / UB): 735
Schedule is valid
 Time taken: 35.02 seconds
SAT

=> TOTAL COMPLETION TIME (Makespan / UB): 734
Schedule is valid
 Time taken: 35.24 seconds
SAT

=> TOTAL COMPLETION TIME (Makespan / UB): 733
Schedule is valid
 Time taken: 35.57 seconds
SAT

=> TOTAL COMPLETION TIME (Makespan / UB): 732
Schedule is valid
 Time taken: 35.79 seconds
SAT

=> TOTAL COMPLETION TIME (Makespan / UB): 731
Schedule is valid
 Time taken: 35.83 seconds
SAT

=> TOTAL COMPLETION TIME (Makespan / UB): 730
Schedule is valid
 Time taken: 36.12 seconds
SAT

=> TOTAL COMPLETION TIME (Makespan / UB): 729
Schedule is valid
 Time taken: 36.98 seconds
SAT

=> TOTAL COMPLETION TIME (Makespan / UB): 728
Schedule is valid
 Time taken: 38.13 seconds
SAT

=> TOTAL COMPLETION TIME (Makespan / UB): 727
Schedule is valid
 Time taken: 38.46 seconds
SAT

=> TOTAL COMPLETION TIME (Makespan / UB): 726
Schedule is valid
 Time taken: 39.27 seconds
[runlim] sample:		39.99 time, 40.01 real, 480 MB, 1.01 load
SAT

=> TOTAL COMPLETION TIME (Makespan / UB): 725
Schedule is valid
 Time taken: 42.27 seconds
SAT

=> TOTAL COMPLETION TIME (Makespan / UB): 724
Schedule is valid
 Time taken: 42.83 seconds
SAT

=> TOTAL COMPLETION TIME (Makespan / UB): 723
Schedule is valid
 Time taken: 43.16 seconds
SAT

=> TOTAL COMPLETION TIME (Makespan / UB): 722
Schedule is valid
 Time taken: 43.48 seconds
SAT

=> TOTAL COMPLETION TIME (Makespan / UB): 721
Schedule is valid
 Time taken: 43.80 seconds
SAT

=> TOTAL COMPLETION TIME (Makespan / UB): 720
Schedule is valid
 Time taken: 44.15 seconds
SAT

=> TOTAL COMPLETION TIME (Makespan / UB): 719
Schedule is valid
 Time taken: 44.51 seconds
SAT

=> TOTAL COMPLETION TIME (Makespan / UB): 718
Schedule is valid
 Time taken: 44.82 seconds
SAT

=> TOTAL COMPLETION TIME (Makespan / UB): 717
Schedule is valid
 Time taken: 44.86 seconds
SAT

=> TOTAL COMPLETION TIME (Makespan / UB): 716
Schedule is valid
 Time taken: 46.72 seconds
SAT

=> TOTAL COMPLETION TIME (Makespan / UB): 715
Schedule is valid
 Time taken: 47.03 seconds
SAT

=> TOTAL COMPLETION TIME (Makespan / UB): 714
Schedule is valid
 Time taken: 47.08 seconds
SAT

=> TOTAL COMPLETION TIME (Makespan / UB): 713
Schedule is valid
 Time taken: 47.42 seconds
SAT

=> TOTAL COMPLETION TIME (Makespan / UB): 712
Schedule is valid
 Time taken: 47.72 seconds
SAT

=> TOTAL COMPLETION TIME (Makespan / UB): 711
Schedule is valid
 Time taken: 47.76 seconds
SAT

=> TOTAL COMPLETION TIME (Makespan / UB): 710
Schedule is valid
 Time taken: 48.62 seconds
SAT

=> TOTAL COMPLETION TIME (Makespan / UB): 709
Schedule is valid
 Time taken: 49.33 seconds
SAT

=> TOTAL COMPLETION TIME (Makespan / UB): 708
Schedule is valid
 Time taken: 49.61 seconds
[runlim] sample:		49.98 time, 50.01 real, 489 MB, 1.01 load
SAT

=> TOTAL COMPLETION TIME (Makespan / UB): 707
Schedule is valid
 Time taken: 50.54 seconds
SAT

=> TOTAL COMPLETION TIME (Makespan / UB): 706
Schedule is valid
 Time taken: 50.71 seconds
SAT

=> TOTAL COMPLETION TIME (Makespan / UB): 705
Schedule is valid
 Time taken: 54.15 seconds
SAT

=> TOTAL COMPLETION TIME (Makespan / UB): 704
Schedule is valid
 Time taken: 55.07 seconds
SAT

=> TOTAL COMPLETION TIME (Makespan / UB): 703
Schedule is valid
 Time taken: 55.31 seconds
SAT

=> TOTAL COMPLETION TIME (Makespan / UB): 702
Schedule is valid
 Time taken: 56.16 seconds
SAT

=> TOTAL COMPLETION TIME (Makespan / UB): 701
Schedule is valid
 Time taken: 56.76 seconds
SAT

=> TOTAL COMPLETION TIME (Makespan / UB): 700
Schedule is valid
 Time taken: 56.98 seconds
SAT

=> TOTAL COMPLETION TIME (Makespan / UB): 699
Schedule is valid
 Time taken: 57.25 seconds
SAT

=> TOTAL COMPLETION TIME (Makespan / UB): 698
Schedule is valid
 Time taken: 58.63 seconds
SAT

=> TOTAL COMPLETION TIME (Makespan / UB): 697
Schedule is valid
 Time taken: 59.42 seconds
SAT

=> TOTAL COMPLETION TIME (Makespan / UB): 696
Schedule is valid
 Time taken: 59.46 seconds
SAT

=> TOTAL COMPLETION TIME (Makespan / UB): 695
Schedule is valid
 Time taken: 59.73 seconds
[runlim] sample:		59.98 time, 60.01 real, 584 MB, 1.01 load
SAT

=> TOTAL COMPLETION TIME (Makespan / UB): 694
Schedule is valid
 Time taken: 60.01 seconds
SAT

=> TOTAL COMPLETION TIME (Makespan / UB): 693
Schedule is valid
 Time taken: 60.37 seconds
SAT

=> TOTAL COMPLETION TIME (Makespan / UB): 692
Schedule is valid
 Time taken: 60.40 seconds
SAT

=> TOTAL COMPLETION TIME (Makespan / UB): 691
Schedule is valid
 Time taken: 61.63 seconds
SAT

=> TOTAL COMPLETION TIME (Makespan / UB): 690
Schedule is valid
 Time taken: 61.96 seconds
SAT

=> TOTAL COMPLETION TIME (Makespan / UB): 689
Schedule is valid
 Time taken: 65.76 seconds
SAT

=> TOTAL COMPLETION TIME (Makespan / UB): 688
Schedule is valid
 Time taken: 66.78 seconds
SAT

=> TOTAL COMPLETION TIME (Makespan / UB): 687
Schedule is valid
 Time taken: 68.18 seconds
SAT

=> TOTAL COMPLETION TIME (Makespan / UB): 686
Schedule is valid
 Time taken: 68.38 seconds
SAT

=> TOTAL COMPLETION TIME (Makespan / UB): 685
Schedule is valid
 Time taken: 68.72 seconds
SAT

=> TOTAL COMPLETION TIME (Makespan / UB): 684
Schedule is valid
 Time taken: 69.93 seconds
[runlim] sample:		69.98 time, 70.01 real, 580 MB, 1.01 load
SAT

=> TOTAL COMPLETION TIME (Makespan / UB): 683
Schedule is valid
 Time taken: 71.85 seconds
SAT

=> TOTAL COMPLETION TIME (Makespan / UB): 682
Schedule is valid
 Time taken: 73.15 seconds
SAT

=> TOTAL COMPLETION TIME (Makespan / UB): 681
Schedule is valid
 Time taken: 74.01 seconds
SAT

=> TOTAL COMPLETION TIME (Makespan / UB): 680
Schedule is valid
 Time taken: 74.45 seconds
SAT

=> TOTAL COMPLETION TIME (Makespan / UB): 679
Schedule is valid
 Time taken: 74.77 seconds
SAT

=> TOTAL COMPLETION TIME (Makespan / UB): 678
Schedule is valid
 Time taken: 78.52 seconds
[runlim] sample:		79.98 time, 80.01 real, 509 MB, 1.00 load
SAT

=> TOTAL COMPLETION TIME (Makespan / UB): 677
Schedule is valid
 Time taken: 80.11 seconds
SAT

=> TOTAL COMPLETION TIME (Makespan / UB): 676
Schedule is valid
 Time taken: 81.12 seconds
SAT

=> TOTAL COMPLETION TIME (Makespan / UB): 675
Schedule is valid
 Time taken: 81.44 seconds
SAT

=> TOTAL COMPLETION TIME (Makespan / UB): 674
Schedule is valid
 Time taken: 83.28 seconds
SAT

=> TOTAL COMPLETION TIME (Makespan / UB): 673
Schedule is valid
 Time taken: 84.47 seconds
SAT

=> TOTAL COMPLETION TIME (Makespan / UB): 672
Schedule is valid
 Time taken: 85.85 seconds
SAT

=> TOTAL COMPLETION TIME (Makespan / UB): 671
Schedule is valid
 Time taken: 86.86 seconds
SAT

=> TOTAL COMPLETION TIME (Makespan / UB): 670
Schedule is valid
 Time taken: 87.93 seconds
[runlim] sample:		89.98 time, 90.01 real, 509 MB, 1.00 load
SAT

=> TOTAL COMPLETION TIME (Makespan / UB): 669
Schedule is valid
 Time taken: 92.80 seconds
SAT

=> TOTAL COMPLETION TIME (Makespan / UB): 668
Schedule is valid
 Time taken: 95.11 seconds
SAT

=> TOTAL COMPLETION TIME (Makespan / UB): 667
Schedule is valid
 Time taken: 96.36 seconds
SAT

=> TOTAL COMPLETION TIME (Makespan / UB): 666
Schedule is valid
 Time taken: 97.25 seconds
SAT

=> TOTAL COMPLETION TIME (Makespan / UB): 665
Schedule is valid
 Time taken: 97.63 seconds
[runlim] sample:		99.98 time, 100.01 real, 509 MB, 1.00 load
SAT

=> TOTAL COMPLETION TIME (Makespan / UB): 664
Schedule is valid
 Time taken: 100.86 seconds
SAT

=> TOTAL COMPLETION TIME (Makespan / UB): 663
Schedule is valid
 Time taken: 101.92 seconds
SAT

=> TOTAL COMPLETION TIME (Makespan / UB): 662
Schedule is valid
 Time taken: 102.95 seconds
SAT

=> TOTAL COMPLETION TIME (Makespan / UB): 661
Schedule is valid
 Time taken: 105.26 seconds
[runlim] sample:		109.97 time, 110.01 real, 571 MB, 1.00 load
SAT

=> TOTAL COMPLETION TIME (Makespan / UB): 660
Schedule is valid
 Time taken: 114.70 seconds
SAT

=> TOTAL COMPLETION TIME (Makespan / UB): 659
Schedule is valid
 Time taken: 116.31 seconds
[runlim] sample:		119.97 time, 120.01 real, 509 MB, 1.00 load
SAT

=> TOTAL COMPLETION TIME (Makespan / UB): 658
Schedule is valid
 Time taken: 121.65 seconds
SAT

=> TOTAL COMPLETION TIME (Makespan / UB): 657
Schedule is valid
 Time taken: 122.92 seconds
SAT

=> TOTAL COMPLETION TIME (Makespan / UB): 656
Schedule is valid
 Time taken: 124.73 seconds
SAT

=> TOTAL COMPLETION TIME (Makespan / UB): 655
Schedule is valid
 Time taken: 125.85 seconds
SAT

=> TOTAL COMPLETION TIME (Makespan / UB): 654
Schedule is valid
 Time taken: 129.37 seconds
[runlim] sample:		129.97 time, 130.01 real, 509 MB, 1.00 load
SAT

=> TOTAL COMPLETION TIME (Makespan / UB): 653
Schedule is valid
 Time taken: 130.66 seconds
SAT

=> TOTAL COMPLETION TIME (Makespan / UB): 652
Schedule is valid
 Time taken: 133.39 seconds
SAT

=> TOTAL COMPLETION TIME (Makespan / UB): 651
Schedule is valid
 Time taken: 134.71 seconds
[runlim] sample:		139.97 time, 140.01 real, 509 MB, 1.00 load
SAT

=> TOTAL COMPLETION TIME (Makespan / UB): 650
Schedule is valid
 Time taken: 142.37 seconds
SAT

=> TOTAL COMPLETION TIME (Makespan / UB): 649
Schedule is valid
 Time taken: 146.89 seconds
[runlim] sample:		149.97 time, 150.01 real, 509 MB, 1.00 load
SAT

=> TOTAL COMPLETION TIME (Makespan / UB): 648
Schedule is valid
 Time taken: 151.15 seconds
SAT

=> TOTAL COMPLETION TIME (Makespan / UB): 647
Schedule is valid
 Time taken: 152.77 seconds
[runlim] sample:		159.96 time, 160.01 real, 509 MB, 1.00 load
SAT

=> TOTAL COMPLETION TIME (Makespan / UB): 646
Schedule is valid
 Time taken: 169.49 seconds
[runlim] sample:		169.96 time, 170.01 real, 509 MB, 1.00 load
SAT

=> TOTAL COMPLETION TIME (Makespan / UB): 645
Schedule is valid
 Time taken: 177.65 seconds
[runlim] sample:		179.96 time, 180.01 real, 509 MB, 1.00 load
[runlim] sample:		189.96 time, 190.01 real, 509 MB, 1.00 load
[runlim] sample:		199.96 time, 200.01 real, 509 MB, 1.00 load
[runlim] sample:		209.96 time, 210.01 real, 509 MB, 1.00 load
SAT

=> TOTAL COMPLETION TIME (Makespan / UB): 644
Schedule is valid
 Time taken: 214.31 seconds
SAT

=> TOTAL COMPLETION TIME (Makespan / UB): 643
Schedule is valid
 Time taken: 219.28 seconds
[runlim] sample:		219.95 time, 220.01 real, 509 MB, 1.00 load
[runlim] sample:		229.95 time, 230.01 real, 509 MB, 1.00 load
[runlim] sample:		239.95 time, 240.01 real, 509 MB, 1.00 load
[runlim] sample:		249.95 time, 250.01 real, 509 MB, 1.00 load
[runlim] sample:		259.95 time, 260.01 real, 509 MB, 1.00 load
SAT

=> TOTAL COMPLETION TIME (Makespan / UB): 642
Schedule is valid
 Time taken: 260.85 seconds
[runlim] sample:		269.95 time, 270.01 real, 509 MB, 1.00 load
[runlim] sample:		279.95 time, 280.01 real, 509 MB, 1.00 load
[runlim] sample:		289.94 time, 290.01 real, 509 MB, 1.00 load
[runlim] sample:		299.94 time, 300.01 real, 509 MB, 1.00 load
[runlim] sample:		309.94 time, 310.01 real, 509 MB, 1.00 load
[runlim] sample:		319.94 time, 320.01 real, 509 MB, 1.00 load
[runlim] sample:		329.94 time, 330.01 real, 509 MB, 1.00 load
[runlim] sample:		339.94 time, 340.01 real, 509 MB, 1.00 load
[runlim] sample:		349.94 time, 350.01 real, 509 MB, 1.00 load
[runlim] sample:		359.94 time, 360.01 real, 509 MB, 1.00 load
[runlim] sample:		369.94 time, 370.01 real, 509 MB, 1.00 load
[runlim] sample:		379.94 time, 380.01 real, 509 MB, 1.00 load
[runlim] sample:		389.94 time, 390.01 real, 509 MB, 1.00 load
[runlim] sample:		399.93 time, 400.01 real, 509 MB, 1.00 load
[runlim] sample:		409.93 time, 410.01 real, 509 MB, 1.00 load
[runlim] sample:		419.93 time, 420.01 real, 509 MB, 1.00 load
SAT

=> TOTAL COMPLETION TIME (Makespan / UB): 641
Schedule is valid
 Time taken: 421.79 seconds
[runlim] sample:		429.93 time, 430.01 real, 509 MB, 1.00 load
SAT

=> TOTAL COMPLETION TIME (Makespan / UB): 640
Schedule is valid
 Time taken: 431.95 seconds
[runlim] sample:		439.93 time, 440.01 real, 509 MB, 1.00 load
[runlim] sample:		449.93 time, 450.01 real, 509 MB, 1.00 load
[runlim] sample:		459.93 time, 460.01 real, 509 MB, 1.00 load
[runlim] sample:		469.93 time, 470.01 real, 509 MB, 1.00 load
[runlim] sample:		479.93 time, 480.01 real, 509 MB, 1.00 load
[runlim] sample:		489.93 time, 490.01 real, 509 MB, 1.00 load
[runlim] sample:		499.93 time, 500.01 real, 509 MB, 1.00 load
SAT

=> TOTAL COMPLETION TIME (Makespan / UB): 639
Schedule is valid
 Time taken: 508.76 seconds
[runlim] sample:		509.93 time, 510.01 real, 509 MB, 1.00 load
[runlim] sample:		519.92 time, 520.01 real, 509 MB, 1.00 load
[runlim] sample:		529.92 time, 530.01 real, 509 MB, 1.00 load
[runlim] sample:		539.92 time, 540.01 real, 509 MB, 1.07 load
[runlim] sample:		549.92 time, 550.01 real, 509 MB, 1.06 load
[runlim] sample:		559.92 time, 560.01 real, 509 MB, 1.05 load
[runlim] sample:		569.92 time, 570.01 real, 509 MB, 1.04 load
[runlim] sample:		579.92 time, 580.01 real, 509 MB, 1.04 load
[runlim] sample:		589.92 time, 590.01 real, 509 MB, 1.03 load
[runlim] sample:		599.92 time, 600.01 real, 509 MB, 1.02 load
[runlim] sample:		609.92 time, 610.01 real, 509 MB, 1.02 load
[runlim] sample:		619.92 time, 620.01 real, 509 MB, 1.02 load
SAT

=> TOTAL COMPLETION TIME (Makespan / UB): 638
Schedule is valid
 Time taken: 626.95 seconds
[runlim] sample:		629.92 time, 630.01 real, 509 MB, 1.01 load
[runlim] sample:		639.92 time, 640.01 real, 509 MB, 1.01 load
[runlim] sample:		649.92 time, 650.01 real, 509 MB, 1.01 load
[runlim] sample:		659.92 time, 660.01 real, 509 MB, 1.01 load
[runlim] sample:		669.92 time, 670.01 real, 509 MB, 1.01 load
[runlim] sample:		679.92 time, 680.01 real, 509 MB, 1.08 load
SAT

=> TOTAL COMPLETION TIME (Makespan / UB): 637
Schedule is valid
 Time taken: 684.50 seconds
[runlim] sample:		689.92 time, 690.01 real, 509 MB, 1.07 load
[runlim] sample:		699.92 time, 700.01 real, 509 MB, 1.06 load
[runlim] sample:		709.91 time, 710.01 real, 509 MB, 1.05 load
[runlim] sample:		719.91 time, 720.01 real, 509 MB, 1.04 load
[runlim] sample:		729.91 time, 730.01 real, 509 MB, 1.03 load
[runlim] sample:		739.91 time, 740.01 real, 509 MB, 1.03 load
[runlim] sample:		749.91 time, 750.01 real, 509 MB, 1.02 load
SAT

=> TOTAL COMPLETION TIME (Makespan / UB): 636
Schedule is valid
 Time taken: 750.45 seconds
[runlim] sample:		759.91 time, 760.01 real, 509 MB, 1.02 load
SAT

=> TOTAL COMPLETION TIME (Makespan / UB): 635
Schedule is valid
 Time taken: 760.81 seconds
[runlim] sample:		769.91 time, 770.01 real, 509 MB, 1.02 load
SAT

=> TOTAL COMPLETION TIME (Makespan / UB): 634
Schedule is valid
 Time taken: 772.75 seconds
[runlim] sample:		779.91 time, 780.01 real, 509 MB, 1.01 load
[runlim] sample:		789.91 time, 790.01 real, 509 MB, 1.01 load
[runlim] sample:		799.91 time, 800.01 real, 509 MB, 1.01 load
[runlim] sample:		809.91 time, 810.01 real, 509 MB, 1.01 load
[runlim] sample:		819.91 time, 820.01 real, 509 MB, 1.00 load
[runlim] sample:		829.91 time, 830.01 real, 509 MB, 1.00 load
[runlim] sample:		839.91 time, 840.01 real, 509 MB, 1.00 load
[runlim] sample:		849.91 time, 850.01 real, 509 MB, 1.00 load
[runlim] sample:		859.91 time, 860.01 real, 509 MB, 1.00 load
SAT

=> TOTAL COMPLETION TIME (Makespan / UB): 633
Schedule is valid
 Time taken: 862.55 seconds
[runlim] sample:		869.91 time, 870.01 real, 509 MB, 1.00 load
[runlim] sample:		879.91 time, 880.01 real, 509 MB, 1.00 load
[runlim] sample:		889.91 time, 890.01 real, 509 MB, 1.00 load
[runlim] sample:		899.90 time, 900.01 real, 509 MB, 1.00 load
[runlim] sample:		909.90 time, 910.01 real, 509 MB, 1.00 load
[runlim] sample:		919.90 time, 920.01 real, 509 MB, 1.00 load
[runlim] sample:		929.90 time, 930.01 real, 509 MB, 1.00 load
[runlim] sample:		939.90 time, 940.01 real, 509 MB, 1.00 load
[runlim] sample:		949.90 time, 950.01 real, 509 MB, 1.00 load
[runlim] sample:		959.90 time, 960.01 real, 509 MB, 1.00 load
[runlim] sample:		969.90 time, 970.01 real, 509 MB, 1.00 load
[runlim] sample:		979.90 time, 980.01 real, 509 MB, 1.00 load
[runlim] sample:		989.90 time, 990.01 real, 509 MB, 1.00 load
[runlim] sample:		999.90 time, 1000.01 real, 509 MB, 1.00 load
[runlim] sample:		1009.90 time, 1010.01 real, 509 MB, 1.00 load
[runlim] sample:		1019.90 time, 1020.01 real, 509 MB, 1.00 load
[runlim] sample:		1029.90 time, 1030.01 real, 509 MB, 1.00 load
[runlim] sample:		1039.90 time, 1040.01 real, 509 MB, 1.00 load
[runlim] sample:		1049.90 time, 1050.01 real, 509 MB, 1.00 load
[runlim] sample:		1059.90 time, 1060.01 real, 509 MB, 1.00 load
[runlim] sample:		1069.90 time, 1070.01 real, 509 MB, 1.00 load
[runlim] sample:		1079.90 time, 1080.01 real, 509 MB, 1.00 load
[runlim] sample:		1089.90 time, 1090.01 real, 509 MB, 1.00 load
[runlim] sample:		1099.89 time, 1100.01 real, 509 MB, 1.00 load
[runlim] sample:		1109.89 time, 1110.01 real, 509 MB, 1.00 load
[runlim] sample:		1119.89 time, 1120.01 real, 509 MB, 1.00 load
[runlim] sample:		1129.89 time, 1130.01 real, 509 MB, 1.00 load
[runlim] sample:		1139.89 time, 1140.01 real, 509 MB, 1.00 load
[runlim] sample:		1149.89 time, 1150.01 real, 509 MB, 1.00 load
[runlim] sample:		1159.89 time, 1160.01 real, 509 MB, 1.00 load
[runlim] sample:		1169.89 time, 1170.01 real, 509 MB, 1.00 load
SAT

=> TOTAL COMPLETION TIME (Makespan / UB): 632
Schedule is valid
 Time taken: 1176.36 seconds
[runlim] sample:		1179.89 time, 1180.01 real, 509 MB, 1.00 load
[runlim] sample:		1189.89 time, 1190.01 real, 509 MB, 1.00 load
[runlim] sample:		1199.89 time, 1200.01 real, 509 MB, 1.00 load
[runlim] sample:		1209.89 time, 1210.01 real, 509 MB, 1.00 load
[runlim] sample:		1219.89 time, 1220.01 real, 509 MB, 1.00 load
[runlim] sample:		1229.89 time, 1230.01 real, 509 MB, 1.00 load
[runlim] sample:		1239.89 time, 1240.01 real, 509 MB, 1.00 load
SAT

=> TOTAL COMPLETION TIME (Makespan / UB): 631
Schedule is valid
 Time taken: 1245.21 seconds
[runlim] sample:		1249.89 time, 1250.01 real, 509 MB, 1.00 load
[runlim] sample:		1259.89 time, 1260.01 real, 509 MB, 1.00 load
[runlim] sample:		1269.89 time, 1270.01 real, 509 MB, 1.00 load
[runlim] sample:		1279.89 time, 1280.01 real, 509 MB, 1.00 load
[runlim] sample:		1289.89 time, 1290.01 real, 509 MB, 1.00 load
[runlim] sample:		1299.89 time, 1300.01 real, 509 MB, 1.00 load
[runlim] sample:		1309.88 time, 1310.01 real, 509 MB, 1.00 load
[runlim] sample:		1319.88 time, 1320.01 real, 509 MB, 1.00 load
[runlim] sample:		1329.88 time, 1330.01 real, 509 MB, 1.00 load
[runlim] sample:		1339.88 time, 1340.01 real, 509 MB, 1.00 load
[runlim] sample:		1349.88 time, 1350.01 real, 509 MB, 1.00 load
[runlim] sample:		1359.88 time, 1360.01 real, 509 MB, 1.00 load
[runlim] sample:		1369.88 time, 1370.01 real, 509 MB, 1.00 load
[runlim] sample:		1379.88 time, 1380.01 real, 509 MB, 1.00 load
[runlim] sample:		1389.88 time, 1390.01 real, 509 MB, 1.00 load
[runlim] sample:		1399.88 time, 1400.01 real, 509 MB, 1.00 load
[runlim] sample:		1409.88 time, 1410.01 real, 509 MB, 1.00 load
SAT

=> TOTAL COMPLETION TIME (Makespan / UB): 630
Schedule is valid
 Time taken: 1418.88 seconds
[runlim] sample:		1419.88 time, 1420.01 real, 509 MB, 1.00 load
[runlim] sample:		1429.88 time, 1430.01 real, 509 MB, 1.00 load
[runlim] sample:		1439.88 time, 1440.01 real, 509 MB, 1.00 load
[runlim] sample:		1449.88 time, 1450.01 real, 509 MB, 1.00 load
[runlim] sample:		1459.88 time, 1460.01 real, 509 MB, 1.00 load
[runlim] sample:		1469.88 time, 1470.01 real, 509 MB, 1.00 load
SAT

=> TOTAL COMPLETION TIME (Makespan / UB): 629
Schedule is valid
 Time taken: 1474.12 seconds
[runlim] sample:		1479.88 time, 1480.01 real, 509 MB, 1.00 load
[runlim] sample:		1489.88 time, 1490.01 real, 509 MB, 1.00 load
[runlim] sample:		1499.88 time, 1500.01 real, 509 MB, 1.00 load
[runlim] sample:		1509.88 time, 1510.01 real, 509 MB, 1.08 load
[runlim] sample:		1519.87 time, 1520.01 real, 509 MB, 1.07 load
[runlim] sample:		1529.87 time, 1530.01 real, 509 MB, 1.06 load
[runlim] sample:		1539.87 time, 1540.01 real, 509 MB, 1.05 load
[runlim] sample:		1549.87 time, 1550.01 real, 509 MB, 1.04 load
[runlim] sample:		1559.87 time, 1560.01 real, 509 MB, 1.03 load
[runlim] sample:		1569.87 time, 1570.01 real, 509 MB, 1.03 load
[runlim] sample:		1579.87 time, 1580.01 real, 509 MB, 1.02 load
[runlim] sample:		1589.87 time, 1590.01 real, 509 MB, 1.02 load
[runlim] sample:		1599.87 time, 1600.01 real, 509 MB, 1.02 load
[runlim] sample:		1609.87 time, 1610.01 real, 509 MB, 1.01 load
[runlim] sample:		1619.87 time, 1620.01 real, 509 MB, 1.01 load
[runlim] sample:		1629.87 time, 1630.01 real, 509 MB, 1.01 load
[runlim] sample:		1639.87 time, 1640.01 real, 509 MB, 1.01 load
[runlim] sample:		1649.87 time, 1650.01 real, 509 MB, 1.00 load
[runlim] sample:		1659.87 time, 1660.01 real, 509 MB, 1.00 load
[runlim] sample:		1669.87 time, 1670.01 real, 509 MB, 1.00 load
[runlim] sample:		1679.88 time, 1680.01 real, 591 MB, 1.00 load
[runlim] sample:		1689.87 time, 1690.01 real, 591 MB, 1.00 load
[runlim] sample:		1699.87 time, 1700.01 real, 509 MB, 1.00 load
[runlim] sample:		1709.87 time, 1710.01 real, 509 MB, 1.00 load
[runlim] sample:		1719.87 time, 1720.01 real, 509 MB, 1.08 load
[runlim] sample:		1729.87 time, 1730.01 real, 509 MB, 1.07 load
[runlim] sample:		1739.87 time, 1740.01 real, 509 MB, 1.06 load
[runlim] sample:		1749.87 time, 1750.01 real, 509 MB, 1.05 load
[runlim] sample:		1759.87 time, 1760.01 real, 509 MB, 1.04 load
[runlim] sample:		1769.87 time, 1770.01 real, 509 MB, 1.03 load
SAT

=> TOTAL COMPLETION TIME (Makespan / UB): 628
Schedule is valid
 Time taken: 1778.44 seconds
[runlim] sample:		1779.87 time, 1780.01 real, 509 MB, 1.03 load
[runlim] sample:		1789.87 time, 1790.01 real, 509 MB, 1.02 load
[runlim] sample:		1799.87 time, 1800.01 real, 509 MB, 1.02 load
[runlim] sample:		1809.87 time, 1810.01 real, 509 MB, 1.02 load
[runlim] sample:		1819.87 time, 1820.01 real, 509 MB, 1.01 load
[runlim] sample:		1829.87 time, 1830.01 real, 509 MB, 1.01 load
[runlim] sample:		1839.87 time, 1840.01 real, 509 MB, 1.01 load
[runlim] sample:		1849.87 time, 1850.01 real, 509 MB, 1.01 load
[runlim] sample:		1859.87 time, 1860.01 real, 509 MB, 1.00 load
[runlim] sample:		1869.87 time, 1870.01 real, 509 MB, 1.00 load
[runlim] sample:		1879.87 time, 1880.01 real, 509 MB, 1.00 load
[runlim] sample:		1889.87 time, 1890.01 real, 509 MB, 1.00 load
[runlim] sample:		1899.87 time, 1900.01 real, 509 MB, 1.00 load
[runlim] sample:		1909.87 time, 1910.01 real, 509 MB, 1.00 load
[runlim] sample:		1919.87 time, 1920.01 real, 509 MB, 1.00 load
[runlim] sample:		1929.86 time, 1930.01 real, 509 MB, 1.00 load
[runlim] sample:		1939.86 time, 1940.01 real, 509 MB, 1.00 load
[runlim] sample:		1949.86 time, 1950.01 real, 509 MB, 1.00 load
[runlim] sample:		1959.86 time, 1960.01 real, 509 MB, 1.00 load
[runlim] sample:		1969.86 time, 1970.01 real, 509 MB, 1.00 load
[runlim] sample:		1979.86 time, 1980.01 real, 509 MB, 1.00 load
[runlim] sample:		1989.86 time, 1990.01 real, 509 MB, 1.00 load
[runlim] sample:		1999.86 time, 2000.01 real, 509 MB, 1.00 load
[runlim] sample:		2009.86 time, 2010.01 real, 509 MB, 1.00 load
[runlim] sample:		2019.86 time, 2020.01 real, 509 MB, 1.00 load
[runlim] sample:		2029.86 time, 2030.01 real, 509 MB, 1.00 load
[runlim] sample:		2039.86 time, 2040.01 real, 509 MB, 1.00 load
[runlim] sample:		2049.86 time, 2050.01 real, 509 MB, 1.00 load
[runlim] sample:		2059.86 time, 2060.01 real, 509 MB, 1.00 load
[runlim] sample:		2069.86 time, 2070.01 real, 509 MB, 1.00 load
[runlim] sample:		2079.86 time, 2080.01 real, 509 MB, 1.00 load
[runlim] sample:		2089.86 time, 2090.01 real, 509 MB, 1.00 load
[runlim] sample:		2099.86 time, 2100.01 real, 509 MB, 1.00 load
[runlim] sample:		2109.86 time, 2110.01 real, 509 MB, 1.00 load
[runlim] sample:		2119.86 time, 2120.01 real, 509 MB, 1.00 load
[runlim] sample:		2129.86 time, 2130.01 real, 509 MB, 1.00 load
[runlim] sample:		2139.86 time, 2140.01 real, 509 MB, 1.00 load
[runlim] sample:		2149.85 time, 2150.01 real, 509 MB, 1.00 load
[runlim] sample:		2159.85 time, 2160.01 real, 509 MB, 1.00 load
[runlim] sample:		2169.85 time, 2170.01 real, 509 MB, 1.00 load
[runlim] sample:		2179.85 time, 2180.01 real, 509 MB, 1.00 load
[runlim] sample:		2189.85 time, 2190.01 real, 509 MB, 1.00 load
[runlim] sample:		2199.85 time, 2200.01 real, 509 MB, 1.00 load
[runlim] sample:		2209.85 time, 2210.01 real, 509 MB, 1.00 load
[runlim] sample:		2219.85 time, 2220.01 real, 509 MB, 1.00 load
[runlim] sample:		2229.85 time, 2230.01 real, 509 MB, 1.00 load
[runlim] sample:		2239.85 time, 2240.01 real, 509 MB, 1.00 load
[runlim] sample:		2249.85 time, 2250.01 real, 509 MB, 1.00 load
[runlim] sample:		2259.85 time, 2260.01 real, 509 MB, 1.00 load
[runlim] sample:		2269.85 time, 2270.01 real, 509 MB, 1.00 load
[runlim] sample:		2279.85 time, 2280.01 real, 509 MB, 1.00 load
[runlim] sample:		2289.84 time, 2290.01 real, 509 MB, 1.00 load
[runlim] sample:		2299.84 time, 2300.01 real, 509 MB, 1.08 load
[runlim] sample:		2309.84 time, 2310.01 real, 509 MB, 1.07 load
[runlim] sample:		2319.84 time, 2320.01 real, 509 MB, 1.06 load
[runlim] sample:		2329.84 time, 2330.01 real, 509 MB, 1.05 load
[runlim] sample:		2339.84 time, 2340.01 real, 509 MB, 1.04 load
[runlim] sample:		2349.84 time, 2350.01 real, 509 MB, 1.03 load
[runlim] sample:		2359.84 time, 2360.01 real, 509 MB, 1.03 load
[runlim] sample:		2369.84 time, 2370.01 real, 509 MB, 1.02 load
[runlim] sample:		2379.84 time, 2380.01 real, 509 MB, 1.02 load
[runlim] sample:		2389.84 time, 2390.01 real, 509 MB, 1.02 load
[runlim] sample:		2399.84 time, 2400.01 real, 509 MB, 1.23 load
[runlim] sample:		2409.84 time, 2410.01 real, 509 MB, 1.20 load
[runlim] sample:		2419.84 time, 2420.01 real, 509 MB, 1.17 load
SAT

=> TOTAL COMPLETION TIME (Makespan / UB): 627
Schedule is valid
 Time taken: 2426.14 seconds
[runlim] sample:		2429.84 time, 2430.01 real, 509 MB, 1.14 load
[runlim] sample:		2439.84 time, 2440.01 real, 509 MB, 1.12 load
[runlim] sample:		2449.84 time, 2450.01 real, 509 MB, 1.10 load
[runlim] sample:		2459.84 time, 2460.01 real, 509 MB, 1.08 load
[runlim] sample:		2469.84 time, 2470.01 real, 509 MB, 1.07 load
[runlim] sample:		2479.84 time, 2480.01 real, 509 MB, 1.06 load
[runlim] sample:		2489.84 time, 2490.01 real, 509 MB, 1.05 load
[runlim] sample:		2499.84 time, 2500.01 real, 509 MB, 1.04 load
[runlim] sample:		2509.84 time, 2510.01 real, 509 MB, 1.04 load
[runlim] sample:		2519.84 time, 2520.01 real, 509 MB, 1.03 load
[runlim] sample:		2529.83 time, 2530.01 real, 509 MB, 1.02 load
[runlim] sample:		2539.83 time, 2540.01 real, 509 MB, 1.02 load
[runlim] sample:		2549.83 time, 2550.01 real, 509 MB, 1.10 load
[runlim] sample:		2559.83 time, 2560.01 real, 509 MB, 1.08 load
[runlim] sample:		2569.83 time, 2570.01 real, 509 MB, 1.07 load
[runlim] sample:		2579.83 time, 2580.01 real, 509 MB, 1.06 load
[runlim] sample:		2589.83 time, 2590.01 real, 509 MB, 1.05 load
[runlim] sample:		2599.83 time, 2600.01 real, 509 MB, 1.04 load
[runlim] sample:		2609.83 time, 2610.01 real, 509 MB, 1.03 load
[runlim] sample:		2619.83 time, 2620.01 real, 509 MB, 1.03 load
SAT

=> TOTAL COMPLETION TIME (Makespan / UB): 626
Schedule is valid
 Time taken: 2621.59 seconds
[runlim] sample:		2629.83 time, 2630.01 real, 509 MB, 1.02 load
[runlim] sample:		2639.83 time, 2640.01 real, 509 MB, 1.02 load
[runlim] sample:		2649.83 time, 2650.01 real, 509 MB, 1.02 load
[runlim] sample:		2659.83 time, 2660.01 real, 509 MB, 1.01 load
[runlim] sample:		2669.83 time, 2670.01 real, 509 MB, 1.01 load
[runlim] sample:		2679.83 time, 2680.01 real, 509 MB, 1.01 load
[runlim] sample:		2689.83 time, 2690.01 real, 509 MB, 1.01 load
[runlim] sample:		2699.83 time, 2700.01 real, 509 MB, 1.00 load
[runlim] sample:		2709.83 time, 2710.01 real, 509 MB, 1.00 load
[runlim] sample:		2719.83 time, 2720.01 real, 509 MB, 1.00 load
[runlim] sample:		2729.83 time, 2730.01 real, 509 MB, 1.00 load
[runlim] sample:		2739.83 time, 2740.01 real, 509 MB, 1.00 load
[runlim] sample:		2749.83 time, 2750.01 real, 509 MB, 1.00 load
[runlim] sample:		2759.83 time, 2760.01 real, 509 MB, 1.00 load
[runlim] sample:		2769.82 time, 2770.01 real, 509 MB, 1.00 load
[runlim] sample:		2779.82 time, 2780.01 real, 509 MB, 1.00 load
SAT

=> TOTAL COMPLETION TIME (Makespan / UB): 625
Schedule is valid
 Time taken: 2786.76 seconds
[runlim] sample:		2789.82 time, 2790.01 real, 509 MB, 1.00 load
[runlim] sample:		2799.82 time, 2800.01 real, 594 MB, 1.00 load
[runlim] sample:		2809.82 time, 2810.01 real, 594 MB, 1.00 load
[runlim] sample:		2819.82 time, 2820.01 real, 509 MB, 1.00 load
[runlim] sample:		2829.82 time, 2830.01 real, 509 MB, 1.00 load
[runlim] sample:		2839.82 time, 2840.01 real, 509 MB, 1.00 load
[runlim] sample:		2849.82 time, 2850.01 real, 509 MB, 1.00 load
[runlim] sample:		2859.82 time, 2860.01 real, 509 MB, 1.00 load
[runlim] sample:		2869.82 time, 2870.01 real, 509 MB, 1.00 load
[runlim] sample:		2879.82 time, 2880.01 real, 509 MB, 1.00 load
[runlim] sample:		2889.82 time, 2890.01 real, 509 MB, 1.00 load
[runlim] sample:		2899.82 time, 2900.01 real, 509 MB, 1.00 load
[runlim] sample:		2909.81 time, 2910.01 real, 509 MB, 1.00 load
[runlim] sample:		2919.81 time, 2920.01 real, 509 MB, 1.00 load
[runlim] sample:		2929.81 time, 2930.01 real, 509 MB, 1.00 load
[runlim] sample:		2939.81 time, 2940.01 real, 509 MB, 1.00 load
[runlim] sample:		2949.81 time, 2950.01 real, 509 MB, 1.00 load
[runlim] sample:		2959.81 time, 2960.01 real, 509 MB, 1.00 load
[runlim] sample:		2969.81 time, 2970.01 real, 509 MB, 1.00 load
[runlim] sample:		2979.81 time, 2980.01 real, 509 MB, 1.00 load
[runlim] sample:		2989.81 time, 2990.01 real, 509 MB, 1.00 load
[runlim] sample:		2999.81 time, 3000.01 real, 509 MB, 1.00 load
[runlim] sample:		3009.81 time, 3010.01 real, 509 MB, 1.00 load
[runlim] sample:		3019.81 time, 3020.01 real, 509 MB, 1.00 load
[runlim] sample:		3029.81 time, 3030.01 real, 509 MB, 1.00 load
[runlim] sample:		3039.81 time, 3040.01 real, 509 MB, 1.00 load
[runlim] sample:		3049.81 time, 3050.01 real, 509 MB, 1.00 load
[runlim] sample:		3059.81 time, 3060.01 real, 509 MB, 1.00 load
[runlim] sample:		3069.81 time, 3070.01 real, 509 MB, 1.00 load
[runlim] sample:		3079.81 time, 3080.01 real, 509 MB, 1.00 load
[runlim] sample:		3089.81 time, 3090.01 real, 509 MB, 1.00 load
[runlim] sample:		3099.81 time, 3100.01 real, 509 MB, 1.00 load
[runlim] sample:		3109.81 time, 3110.01 real, 509 MB, 1.00 load
[runlim] sample:		3119.81 time, 3120.01 real, 509 MB, 1.00 load
[runlim] sample:		3129.81 time, 3130.01 real, 509 MB, 1.00 load
[runlim] sample:		3139.81 time, 3140.01 real, 509 MB, 1.08 load
[runlim] sample:		3149.80 time, 3150.01 real, 509 MB, 1.07 load
[runlim] sample:		3159.80 time, 3160.01 real, 509 MB, 1.06 load
[runlim] sample:		3169.80 time, 3170.01 real, 509 MB, 1.05 load
[runlim] sample:		3179.80 time, 3180.01 real, 509 MB, 1.11 load
[runlim] sample:		3189.80 time, 3190.01 real, 509 MB, 1.10 load
[runlim] sample:		3199.80 time, 3200.01 real, 509 MB, 1.08 load
[runlim] sample:		3209.80 time, 3210.01 real, 509 MB, 1.07 load
[runlim] sample:		3219.80 time, 3220.01 real, 509 MB, 1.06 load
[runlim] sample:		3229.80 time, 3230.01 real, 509 MB, 1.05 load
[runlim] sample:		3239.80 time, 3240.01 real, 509 MB, 1.04 load
[runlim] sample:		3249.80 time, 3250.01 real, 509 MB, 1.03 load
[runlim] sample:		3259.80 time, 3260.01 real, 509 MB, 1.03 load
[runlim] sample:		3269.80 time, 3270.01 real, 509 MB, 1.02 load
[runlim] sample:		3279.80 time, 3280.01 real, 509 MB, 1.02 load
[runlim] sample:		3289.80 time, 3290.01 real, 509 MB, 1.02 load
[runlim] sample:		3299.80 time, 3300.01 real, 509 MB, 1.01 load
[runlim] sample:		3309.80 time, 3310.01 real, 509 MB, 1.01 load
[runlim] sample:		3319.80 time, 3320.01 real, 509 MB, 1.01 load
[runlim] sample:		3329.80 time, 3330.01 real, 509 MB, 1.01 load
[runlim] sample:		3339.80 time, 3340.01 real, 509 MB, 1.00 load
[runlim] sample:		3349.80 time, 3350.01 real, 509 MB, 1.00 load
[runlim] sample:		3359.80 time, 3360.01 real, 509 MB, 1.00 load
[runlim] sample:		3369.80 time, 3370.01 real, 509 MB, 1.00 load
[runlim] sample:		3379.80 time, 3380.01 real, 509 MB, 1.00 load
[runlim] sample:		3389.79 time, 3390.01 real, 509 MB, 1.00 load
[runlim] sample:		3399.79 time, 3400.01 real, 509 MB, 1.00 load
[runlim] sample:		3409.79 time, 3410.01 real, 509 MB, 1.00 load
[runlim] sample:		3419.79 time, 3420.01 real, 509 MB, 1.00 load
[runlim] sample:		3429.80 time, 3430.01 real, 509 MB, 1.15 load
[runlim] sample:		3439.80 time, 3440.01 real, 509 MB, 1.12 load
[runlim] sample:		3449.80 time, 3450.01 real, 509 MB, 1.10 load
[runlim] sample:		3459.80 time, 3460.01 real, 509 MB, 1.09 load
[runlim] sample:		3469.80 time, 3470.01 real, 509 MB, 1.07 load
[runlim] sample:		3479.80 time, 3480.01 real, 509 MB, 1.06 load
[runlim] sample:		3489.80 time, 3490.01 real, 509 MB, 1.05 load
[runlim] sample:		3499.80 time, 3500.01 real, 509 MB, 1.04 load
[runlim] sample:		3509.80 time, 3510.01 real, 509 MB, 1.04 load
SAT

=> TOTAL COMPLETION TIME (Makespan / UB): 624
Schedule is valid
 Time taken: 3516.05 seconds
[runlim] sample:		3519.80 time, 3520.01 real, 509 MB, 1.03 load
[runlim] sample:		3529.79 time, 3530.01 real, 509 MB, 1.02 load
[runlim] sample:		3539.79 time, 3540.01 real, 509 MB, 1.02 load
[runlim] sample:		3549.79 time, 3550.01 real, 509 MB, 1.02 load
[runlim] sample:		3559.79 time, 3560.01 real, 509 MB, 1.01 load
[runlim] sample:		3569.79 time, 3570.01 real, 509 MB, 1.01 load
[runlim] sample:		3579.79 time, 3580.01 real, 509 MB, 1.01 load
[runlim] sample:		3589.79 time, 3590.01 real, 509 MB, 1.01 load
[runlim] sample:		3599.79 time, 3600.01 real, 509 MB, 1.01 load
[runlim] sample:		3609.79 time, 3610.01 real, 509 MB, 1.00 load
[runlim] sample:		3619.79 time, 3620.01 real, 509 MB, 1.00 load
[runlim] sample:		3629.79 time, 3630.01 real, 509 MB, 1.00 load
[runlim] sample:		3639.79 time, 3640.01 real, 509 MB, 1.00 load
[runlim] sample:		3649.79 time, 3650.01 real, 509 MB, 1.00 load
[runlim] sample:		3659.79 time, 3660.01 real, 509 MB, 1.00 load
[runlim] sample:		3669.79 time, 3670.01 real, 509 MB, 1.00 load
[runlim] sample:		3679.79 time, 3680.01 real, 509 MB, 1.07 load
[runlim] sample:		3689.79 time, 3690.01 real, 509 MB, 1.06 load
[runlim] sample:		3699.79 time, 3700.01 real, 509 MB, 1.05 load
[runlim] sample:		3709.79 time, 3710.01 real, 509 MB, 1.04 load
[runlim] sample:		3719.79 time, 3720.01 real, 509 MB, 1.04 load
[runlim] sample:		3729.79 time, 3730.01 real, 509 MB, 1.03 load
[runlim] sample:		3739.79 time, 3740.01 real, 509 MB, 1.02 load
[runlim] sample:		3749.79 time, 3750.01 real, 509 MB, 1.02 load
[runlim] sample:		3759.79 time, 3760.01 real, 509 MB, 1.02 load
[runlim] sample:		3769.78 time, 3770.01 real, 509 MB, 1.01 load
[runlim] sample:		3779.78 time, 3780.01 real, 509 MB, 1.01 load
[runlim] sample:		3789.78 time, 3790.01 real, 509 MB, 1.01 load
[runlim] sample:		3799.78 time, 3800.01 real, 509 MB, 1.09 load
[runlim] sample:		3809.78 time, 3810.01 real, 509 MB, 1.07 load
[runlim] sample:		3819.78 time, 3820.01 real, 509 MB, 1.06 load
[runlim] sample:		3829.78 time, 3830.01 real, 591 MB, 1.05 load
[runlim] sample:		3839.78 time, 3840.01 real, 591 MB, 1.04 load
[runlim] sample:		3849.78 time, 3850.01 real, 591 MB, 1.04 load
[runlim] sample:		3859.77 time, 3860.01 real, 591 MB, 1.03 load
[runlim] sample:		3869.77 time, 3870.01 real, 591 MB, 1.02 load
[runlim] sample:		3879.77 time, 3880.01 real, 509 MB, 1.02 load
[runlim] sample:		3889.77 time, 3890.01 real, 509 MB, 1.02 load
[runlim] sample:		3899.77 time, 3900.01 real, 509 MB, 1.01 load
[runlim] sample:		3909.77 time, 3910.01 real, 509 MB, 1.01 load
[runlim] sample:		3919.77 time, 3920.01 real, 509 MB, 1.01 load
SAT

=> TOTAL COMPLETION TIME (Makespan / UB): 623
Schedule is valid
 Time taken: 3920.79 seconds
[runlim] sample:		3929.77 time, 3930.01 real, 509 MB, 1.01 load
[runlim] sample:		3939.77 time, 3940.01 real, 509 MB, 1.01 load
[runlim] sample:		3949.77 time, 3950.01 real, 509 MB, 1.00 load
[runlim] sample:		3959.77 time, 3960.01 real, 509 MB, 1.00 load
[runlim] sample:		3969.77 time, 3970.01 real, 509 MB, 1.00 load
[runlim] sample:		3979.77 time, 3980.01 real, 509 MB, 1.00 load
[runlim] sample:		3989.77 time, 3990.01 real, 509 MB, 1.00 load
[runlim] sample:		3999.77 time, 4000.01 real, 509 MB, 1.00 load
[runlim] sample:		4009.77 time, 4010.01 real, 509 MB, 1.00 load
[runlim] sample:		4019.77 time, 4020.01 real, 509 MB, 1.00 load
[runlim] sample:		4029.77 time, 4030.01 real, 509 MB, 1.00 load
[runlim] sample:		4039.77 time, 4040.01 real, 509 MB, 1.00 load
[runlim] sample:		4049.77 time, 4050.01 real, 509 MB, 1.00 load
[runlim] sample:		4059.77 time, 4060.01 real, 509 MB, 1.00 load
[runlim] sample:		4069.77 time, 4070.01 real, 509 MB, 1.00 load
[runlim] sample:		4079.76 time, 4080.01 real, 509 MB, 1.00 load
[runlim] sample:		4089.77 time, 4090.01 real, 509 MB, 1.00 load
[runlim] sample:		4099.77 time, 4100.01 real, 509 MB, 1.00 load
[runlim] sample:		4109.77 time, 4110.01 real, 509 MB, 1.00 load
[runlim] sample:		4119.77 time, 4120.01 real, 509 MB, 1.00 load
[runlim] sample:		4129.77 time, 4130.01 real, 509 MB, 1.00 load
[runlim] sample:		4139.77 time, 4140.01 real, 509 MB, 1.00 load
[runlim] sample:		4149.77 time, 4150.01 real, 509 MB, 1.00 load
[runlim] sample:		4159.77 time, 4160.01 real, 509 MB, 1.00 load
[runlim] sample:		4169.77 time, 4170.01 real, 509 MB, 1.00 load
[runlim] sample:		4179.77 time, 4180.01 real, 509 MB, 1.00 load
[runlim] sample:		4189.77 time, 4190.01 real, 509 MB, 1.00 load
[runlim] sample:		4199.77 time, 4200.01 real, 509 MB, 1.00 load
[runlim] sample:		4209.77 time, 4210.01 real, 509 MB, 1.00 load
[runlim] sample:		4219.76 time, 4220.01 real, 509 MB, 1.00 load
[runlim] sample:		4229.76 time, 4230.01 real, 509 MB, 1.00 load
[runlim] sample:		4239.76 time, 4240.01 real, 509 MB, 1.00 load
[runlim] sample:		4249.76 time, 4250.01 real, 509 MB, 1.00 load
[runlim] sample:		4259.76 time, 4260.01 real, 509 MB, 1.00 load
[runlim] sample:		4269.76 time, 4270.01 real, 509 MB, 1.00 load
[runlim] sample:		4279.76 time, 4280.01 real, 509 MB, 1.00 load
[runlim] sample:		4289.76 time, 4290.01 real, 509 MB, 1.00 load
[runlim] sample:		4299.76 time, 4300.01 real, 509 MB, 1.00 load
[runlim] sample:		4309.76 time, 4310.01 real, 509 MB, 1.00 load
[runlim] sample:		4319.76 time, 4320.01 real, 509 MB, 1.00 load
[runlim] sample:		4329.76 time, 4330.01 real, 509 MB, 1.00 load
[runlim] sample:		4339.76 time, 4340.01 real, 509 MB, 1.00 load
[runlim] sample:		4349.75 time, 4350.01 real, 509 MB, 1.00 load
[runlim] sample:		4359.75 time, 4360.01 real, 509 MB, 1.00 load
[runlim] sample:		4369.75 time, 4370.01 real, 509 MB, 1.00 load
[runlim] sample:		4379.75 time, 4380.01 real, 509 MB, 1.00 load
[runlim] sample:		4389.75 time, 4390.01 real, 509 MB, 1.00 load
[runlim] sample:		4399.75 time, 4400.01 real, 509 MB, 1.00 load
[runlim] sample:		4409.75 time, 4410.01 real, 509 MB, 1.00 load
[runlim] sample:		4419.75 time, 4420.01 real, 509 MB, 1.00 load
[runlim] sample:		4429.75 time, 4430.01 real, 509 MB, 1.00 load
[runlim] sample:		4439.75 time, 4440.01 real, 509 MB, 1.00 load
[runlim] sample:		4449.75 time, 4450.01 real, 509 MB, 1.00 load
[runlim] sample:		4459.75 time, 4460.01 real, 509 MB, 1.00 load
[runlim] sample:		4469.75 time, 4470.01 real, 509 MB, 1.00 load
[runlim] sample:		4479.75 time, 4480.01 real, 509 MB, 1.00 load
[runlim] sample:		4489.75 time, 4490.01 real, 509 MB, 1.00 load
[runlim] sample:		4499.75 time, 4500.01 real, 509 MB, 1.00 load
[runlim] sample:		4509.75 time, 4510.01 real, 509 MB, 1.00 load
[runlim] sample:		4519.75 time, 4520.01 real, 509 MB, 1.00 load
[runlim] sample:		4529.75 time, 4530.01 real, 509 MB, 1.00 load
[runlim] sample:		4539.75 time, 4540.01 real, 509 MB, 1.00 load
[runlim] sample:		4549.75 time, 4550.01 real, 509 MB, 1.00 load
[runlim] sample:		4559.75 time, 4560.01 real, 509 MB, 1.00 load
[runlim] sample:		4569.75 time, 4570.01 real, 509 MB, 1.00 load
[runlim] sample:		4579.75 time, 4580.01 real, 509 MB, 1.00 load
[runlim] sample:		4589.75 time, 4590.01 real, 509 MB, 1.00 load
[runlim] sample:		4599.74 time, 4600.01 real, 509 MB, 1.00 load
[runlim] sample:		4609.74 time, 4610.01 real, 509 MB, 1.00 load
[runlim] sample:		4619.74 time, 4620.01 real, 509 MB, 1.00 load
[runlim] sample:		4629.74 time, 4630.01 real, 509 MB, 1.00 load
[runlim] sample:		4639.74 time, 4640.01 real, 509 MB, 1.00 load
[runlim] sample:		4649.74 time, 4650.01 real, 509 MB, 1.00 load
[runlim] sample:		4659.74 time, 4660.01 real, 509 MB, 1.00 load
[runlim] sample:		4669.74 time, 4670.01 real, 509 MB, 1.00 load
[runlim] sample:		4679.74 time, 4680.01 real, 509 MB, 1.00 load
[runlim] sample:		4689.74 time, 4690.01 real, 509 MB, 1.00 load
[runlim] sample:		4699.74 time, 4700.01 real, 509 MB, 1.00 load
[runlim] sample:		4709.74 time, 4710.01 real, 509 MB, 1.00 load
[runlim] sample:		4719.74 time, 4720.01 real, 509 MB, 1.00 load
[runlim] sample:		4729.74 time, 4730.01 real, 509 MB, 1.00 load
[runlim] sample:		4739.74 time, 4740.01 real, 509 MB, 1.00 load
[runlim] sample:		4749.74 time, 4750.01 real, 509 MB, 1.00 load
[runlim] sample:		4759.74 time, 4760.01 real, 509 MB, 1.00 load
[runlim] sample:		4769.74 time, 4770.01 real, 509 MB, 1.00 load
[runlim] sample:		4779.74 time, 4780.01 real, 509 MB, 1.00 load
[runlim] sample:		4789.74 time, 4790.01 real, 509 MB, 1.00 load
[runlim] sample:		4799.74 time, 4800.01 real, 509 MB, 1.00 load
[runlim] sample:		4809.74 time, 4810.01 real, 509 MB, 1.00 load
SAT

=> TOTAL COMPLETION TIME (Makespan / UB): 622
Schedule is valid
 Time taken: 4817.48 seconds
[runlim] sample:		4819.74 time, 4820.01 real, 509 MB, 1.00 load
[runlim] sample:		4829.74 time, 4830.01 real, 509 MB, 1.00 load
[runlim] sample:		4839.74 time, 4840.01 real, 509 MB, 1.00 load
[runlim] sample:		4849.74 time, 4850.01 real, 509 MB, 1.00 load
[runlim] sample:		4859.74 time, 4860.01 real, 509 MB, 1.00 load
[runlim] sample:		4869.74 time, 4870.01 real, 509 MB, 1.00 load
[runlim] sample:		4879.74 time, 4880.01 real, 509 MB, 1.00 load
[runlim] sample:		4889.74 time, 4890.01 real, 509 MB, 1.00 load
[runlim] sample:		4899.74 time, 4900.01 real, 509 MB, 1.00 load
[runlim] sample:		4909.74 time, 4910.01 real, 509 MB, 1.00 load
[runlim] sample:		4919.74 time, 4920.01 real, 509 MB, 1.00 load
[runlim] sample:		4929.74 time, 4930.01 real, 509 MB, 1.00 load
[runlim] sample:		4939.74 time, 4940.01 real, 509 MB, 1.00 load
[runlim] sample:		4949.74 time, 4950.01 real, 509 MB, 1.00 load
[runlim] sample:		4959.74 time, 4960.01 real, 509 MB, 1.00 load
[runlim] sample:		4969.73 time, 4970.01 real, 509 MB, 1.00 load
[runlim] sample:		4979.73 time, 4980.01 real, 509 MB, 1.00 load
[runlim] sample:		4989.73 time, 4990.01 real, 509 MB, 1.00 load
[runlim] sample:		4999.73 time, 5000.01 real, 509 MB, 1.00 load
[runlim] sample:		5009.73 time, 5010.01 real, 509 MB, 1.00 load
[runlim] sample:		5019.73 time, 5020.01 real, 509 MB, 1.00 load
[runlim] sample:		5029.73 time, 5030.01 real, 509 MB, 1.00 load
[runlim] sample:		5039.73 time, 5040.01 real, 509 MB, 1.00 load
[runlim] sample:		5049.73 time, 5050.01 real, 509 MB, 1.00 load
[runlim] sample:		5059.73 time, 5060.01 real, 509 MB, 1.00 load
[runlim] sample:		5069.73 time, 5070.01 real, 509 MB, 1.00 load
[runlim] sample:		5079.73 time, 5080.01 real, 509 MB, 1.00 load
[runlim] sample:		5089.73 time, 5090.01 real, 509 MB, 1.00 load
[runlim] sample:		5099.73 time, 5100.01 real, 509 MB, 1.00 load
[runlim] sample:		5109.73 time, 5110.01 real, 509 MB, 1.00 load
[runlim] sample:		5119.73 time, 5120.01 real, 509 MB, 1.00 load
[runlim] sample:		5129.73 time, 5130.01 real, 509 MB, 1.00 load
[runlim] sample:		5139.73 time, 5140.01 real, 509 MB, 1.00 load
[runlim] sample:		5149.73 time, 5150.01 real, 509 MB, 1.00 load
[runlim] sample:		5159.73 time, 5160.01 real, 509 MB, 1.00 load
[runlim] sample:		5169.73 time, 5170.01 real, 509 MB, 1.00 load
[runlim] sample:		5179.72 time, 5180.01 real, 509 MB, 1.00 load
[runlim] sample:		5189.72 time, 5190.01 real, 509 MB, 1.00 load
[runlim] sample:		5199.72 time, 5200.01 real, 509 MB, 1.00 load
[runlim] sample:		5209.72 time, 5210.01 real, 509 MB, 1.00 load
[runlim] sample:		5219.72 time, 5220.01 real, 509 MB, 1.00 load
SAT

=> TOTAL COMPLETION TIME (Makespan / UB): 621
Schedule is valid
 Time taken: 5226.88 seconds
[runlim] sample:		5229.71 time, 5230.01 real, 509 MB, 1.00 load
[runlim] sample:		5239.71 time, 5240.01 real, 509 MB, 1.00 load
[runlim] sample:		5249.71 time, 5250.01 real, 509 MB, 1.00 load
[runlim] sample:		5259.71 time, 5260.01 real, 509 MB, 1.00 load
[runlim] sample:		5269.71 time, 5270.01 real, 509 MB, 1.00 load
[runlim] sample:		5279.71 time, 5280.01 real, 509 MB, 1.00 load
[runlim] sample:		5289.71 time, 5290.01 real, 509 MB, 1.00 load
[runlim] sample:		5299.71 time, 5300.01 real, 509 MB, 1.00 load
[runlim] sample:		5309.71 time, 5310.01 real, 509 MB, 1.00 load
[runlim] sample:		5319.71 time, 5320.01 real, 509 MB, 1.00 load
[runlim] sample:		5329.71 time, 5330.01 real, 509 MB, 1.00 load
[runlim] sample:		5339.71 time, 5340.01 real, 509 MB, 1.00 load
[runlim] sample:		5349.71 time, 5350.01 real, 509 MB, 1.00 load
[runlim] sample:		5359.71 time, 5360.01 real, 509 MB, 1.00 load
[runlim] sample:		5369.71 time, 5370.01 real, 509 MB, 1.00 load
[runlim] sample:		5379.71 time, 5380.01 real, 509 MB, 1.00 load
[runlim] sample:		5389.71 time, 5390.01 real, 509 MB, 1.00 load
[runlim] sample:		5399.71 time, 5400.01 real, 509 MB, 1.00 load
[runlim] sample:		5409.71 time, 5410.01 real, 509 MB, 1.00 load
[runlim] sample:		5419.71 time, 5420.01 real, 509 MB, 1.00 load
[runlim] sample:		5429.70 time, 5430.01 real, 509 MB, 1.00 load
[runlim] sample:		5439.70 time, 5440.01 real, 509 MB, 1.00 load
[runlim] sample:		5449.70 time, 5450.01 real, 509 MB, 1.00 load
[runlim] sample:		5459.70 time, 5460.01 real, 509 MB, 1.00 load
[runlim] sample:		5469.70 time, 5470.01 real, 509 MB, 1.00 load
[runlim] sample:		5479.70 time, 5480.01 real, 509 MB, 1.00 load
[runlim] sample:		5489.70 time, 5490.01 real, 509 MB, 1.00 load
[runlim] sample:		5499.70 time, 5500.01 real, 509 MB, 1.00 load
[runlim] sample:		5509.70 time, 5510.01 real, 509 MB, 1.00 load
[runlim] sample:		5519.70 time, 5520.01 real, 509 MB, 1.00 load
[runlim] sample:		5529.70 time, 5530.01 real, 509 MB, 1.00 load
SAT

=> TOTAL COMPLETION TIME (Makespan / UB): 620
Schedule is valid
 Time taken: 5539.79 seconds
[runlim] sample:		5539.70 time, 5540.01 real, 509 MB, 1.00 load
[runlim] sample:		5549.70 time, 5550.01 real, 509 MB, 1.00 load
[runlim] sample:		5559.70 time, 5560.01 real, 509 MB, 1.00 load
[runlim] sample:		5569.70 time, 5570.01 real, 509 MB, 1.00 load
[runlim] sample:		5579.70 time, 5580.01 real, 509 MB, 1.00 load
[runlim] sample:		5589.70 time, 5590.01 real, 509 MB, 1.00 load
[runlim] sample:		5599.70 time, 5600.01 real, 509 MB, 1.00 load
[runlim] sample:		5609.70 time, 5610.01 real, 509 MB, 1.00 load
[runlim] sample:		5619.70 time, 5620.01 real, 509 MB, 1.00 load
[runlim] sample:		5629.70 time, 5630.01 real, 509 MB, 1.00 load
[runlim] sample:		5639.70 time, 5640.01 real, 509 MB, 1.00 load
[runlim] sample:		5649.70 time, 5650.01 real, 509 MB, 1.00 load
[runlim] sample:		5659.69 time, 5660.01 real, 509 MB, 1.00 load
[runlim] sample:		5669.69 time, 5670.01 real, 509 MB, 1.00 load
[runlim] sample:		5679.69 time, 5680.01 real, 509 MB, 1.00 load
[runlim] sample:		5689.69 time, 5690.01 real, 509 MB, 1.00 load
[runlim] sample:		5699.69 time, 5700.01 real, 509 MB, 1.00 load
SAT

=> TOTAL COMPLETION TIME (Makespan / UB): 619
Schedule is valid
 Time taken: 5700.31 seconds
[runlim] sample:		5709.69 time, 5710.01 real, 509 MB, 1.00 load
[runlim] sample:		5719.69 time, 5720.01 real, 509 MB, 1.00 load
[runlim] sample:		5729.69 time, 5730.01 real, 509 MB, 1.00 load
[runlim] sample:		5739.69 time, 5740.01 real, 509 MB, 1.00 load
[runlim] sample:		5749.69 time, 5750.01 real, 509 MB, 1.00 load
[runlim] sample:		5759.69 time, 5760.01 real, 509 MB, 1.00 load
[runlim] sample:		5769.69 time, 5770.01 real, 509 MB, 1.00 load
[runlim] sample:		5779.69 time, 5780.01 real, 509 MB, 1.00 load
[runlim] sample:		5789.69 time, 5790.01 real, 509 MB, 1.00 load
[runlim] sample:		5799.69 time, 5800.01 real, 509 MB, 1.00 load
[runlim] sample:		5809.69 time, 5810.01 real, 509 MB, 1.00 load
[runlim] sample:		5819.69 time, 5820.01 real, 509 MB, 1.00 load
[runlim] sample:		5829.69 time, 5830.01 real, 509 MB, 1.00 load
[runlim] sample:		5839.69 time, 5840.01 real, 509 MB, 1.00 load
[runlim] sample:		5849.69 time, 5850.01 real, 509 MB, 1.00 load
[runlim] sample:		5859.68 time, 5860.01 real, 509 MB, 1.00 load
[runlim] sample:		5869.68 time, 5870.01 real, 509 MB, 1.00 load
[runlim] sample:		5879.68 time, 5880.01 real, 509 MB, 1.00 load
[runlim] sample:		5889.68 time, 5890.01 real, 509 MB, 1.00 load
[runlim] sample:		5899.69 time, 5900.01 real, 509 MB, 1.00 load
[runlim] sample:		5909.69 time, 5910.01 real, 509 MB, 1.00 load
[runlim] sample:		5919.69 time, 5920.01 real, 509 MB, 1.00 load
[runlim] sample:		5929.69 time, 5930.01 real, 509 MB, 1.00 load
SAT

=> TOTAL COMPLETION TIME (Makespan / UB): 618
Schedule is valid
 Time taken: 5938.81 seconds
[runlim] sample:		5939.69 time, 5940.01 real, 509 MB, 1.15 load
[runlim] sample:		5949.69 time, 5950.01 real, 509 MB, 1.13 load
[runlim] sample:		5959.69 time, 5960.01 real, 509 MB, 1.11 load
[runlim] sample:		5969.69 time, 5970.01 real, 509 MB, 1.09 load
[runlim] sample:		5979.69 time, 5980.01 real, 509 MB, 1.08 load
[runlim] sample:		5989.68 time, 5990.01 real, 509 MB, 1.06 load
[runlim] sample:		5999.68 time, 6000.01 real, 509 MB, 1.05 load
[runlim] sample:		6009.68 time, 6010.01 real, 509 MB, 1.05 load
[runlim] sample:		6019.68 time, 6020.01 real, 509 MB, 1.04 load
[runlim] sample:		6029.68 time, 6030.01 real, 509 MB, 1.03 load
[runlim] sample:		6039.68 time, 6040.01 real, 509 MB, 1.03 load
[runlim] sample:		6049.68 time, 6050.01 real, 509 MB, 1.02 load
[runlim] sample:		6059.68 time, 6060.01 real, 509 MB, 1.02 load
[runlim] sample:		6069.68 time, 6070.01 real, 509 MB, 1.02 load
[runlim] sample:		6079.68 time, 6080.01 real, 509 MB, 1.01 load
[runlim] sample:		6089.68 time, 6090.01 real, 509 MB, 1.01 load
[runlim] sample:		6099.67 time, 6100.01 real, 509 MB, 1.01 load
[runlim] sample:		6109.67 time, 6110.01 real, 509 MB, 1.01 load
[runlim] sample:		6119.67 time, 6120.01 real, 509 MB, 1.00 load
[runlim] sample:		6129.67 time, 6130.01 real, 509 MB, 1.00 load
[runlim] sample:		6139.67 time, 6140.01 real, 509 MB, 1.00 load
[runlim] sample:		6149.67 time, 6150.01 real, 509 MB, 1.00 load
[runlim] sample:		6159.67 time, 6160.01 real, 509 MB, 1.00 load
[runlim] sample:		6169.67 time, 6170.01 real, 509 MB, 1.00 load
[runlim] sample:		6179.67 time, 6180.01 real, 509 MB, 1.00 load
[runlim] sample:		6189.67 time, 6190.01 real, 509 MB, 1.00 load
[runlim] sample:		6199.67 time, 6200.01 real, 509 MB, 1.00 load
[runlim] sample:		6209.67 time, 6210.01 real, 509 MB, 1.00 load
[runlim] sample:		6219.67 time, 6220.01 real, 509 MB, 1.00 load
[runlim] sample:		6229.67 time, 6230.01 real, 509 MB, 1.00 load
[runlim] sample:		6239.67 time, 6240.01 real, 509 MB, 1.00 load
[runlim] sample:		6249.67 time, 6250.01 real, 509 MB, 1.00 load
[runlim] sample:		6259.67 time, 6260.01 real, 509 MB, 1.00 load
[runlim] sample:		6269.67 time, 6270.01 real, 509 MB, 1.00 load
[runlim] sample:		6279.67 time, 6280.01 real, 509 MB, 1.00 load
[runlim] sample:		6289.67 time, 6290.01 real, 509 MB, 1.00 load
[runlim] sample:		6299.66 time, 6300.01 real, 509 MB, 1.00 load
[runlim] sample:		6309.66 time, 6310.01 real, 509 MB, 1.00 load
[runlim] sample:		6319.66 time, 6320.01 real, 509 MB, 1.00 load
[runlim] sample:		6329.66 time, 6330.01 real, 509 MB, 1.00 load
[runlim] sample:		6339.66 time, 6340.01 real, 509 MB, 1.00 load
[runlim] sample:		6349.66 time, 6350.01 real, 509 MB, 1.00 load
[runlim] sample:		6359.66 time, 6360.01 real, 509 MB, 1.00 load
[runlim] sample:		6369.66 time, 6370.01 real, 509 MB, 1.00 load
[runlim] sample:		6379.66 time, 6380.01 real, 509 MB, 1.00 load
[runlim] sample:		6389.66 time, 6390.01 real, 509 MB, 1.00 load
[runlim] sample:		6399.66 time, 6400.01 real, 509 MB, 1.00 load
[runlim] sample:		6409.66 time, 6410.01 real, 509 MB, 1.00 load
[runlim] sample:		6419.66 time, 6420.01 real, 509 MB, 1.00 load
[runlim] sample:		6429.66 time, 6430.01 real, 509 MB, 1.00 load
[runlim] sample:		6439.66 time, 6440.01 real, 509 MB, 1.07 load
[runlim] sample:		6449.66 time, 6450.01 real, 509 MB, 1.06 load
[runlim] sample:		6459.66 time, 6460.01 real, 509 MB, 1.05 load
[runlim] sample:		6469.66 time, 6470.01 real, 509 MB, 1.04 load
[runlim] sample:		6479.66 time, 6480.01 real, 509 MB, 1.04 load
[runlim] sample:		6489.66 time, 6490.01 real, 509 MB, 1.03 load
[runlim] sample:		6499.66 time, 6500.01 real, 509 MB, 1.02 load
[runlim] sample:		6509.66 time, 6510.01 real, 509 MB, 1.02 load
[runlim] sample:		6519.65 time, 6520.01 real, 509 MB, 1.02 load
[runlim] sample:		6529.65 time, 6530.01 real, 509 MB, 1.01 load
[runlim] sample:		6539.65 time, 6540.01 real, 509 MB, 1.08 load
[runlim] sample:		6549.65 time, 6550.01 real, 509 MB, 1.07 load
[runlim] sample:		6559.65 time, 6560.01 real, 509 MB, 1.06 load
[runlim] sample:		6569.65 time, 6570.01 real, 509 MB, 1.05 load
[runlim] sample:		6579.65 time, 6580.01 real, 509 MB, 1.04 load
[runlim] sample:		6589.65 time, 6590.01 real, 509 MB, 1.04 load
[runlim] sample:		6599.65 time, 6600.01 real, 509 MB, 1.03 load
[runlim] sample:		6609.65 time, 6610.01 real, 509 MB, 1.02 load
[runlim] sample:		6619.65 time, 6620.01 real, 509 MB, 1.02 load
[runlim] sample:		6629.65 time, 6630.01 real, 509 MB, 1.02 load
[runlim] sample:		6639.65 time, 6640.01 real, 509 MB, 1.01 load
[runlim] sample:		6649.65 time, 6650.01 real, 509 MB, 1.01 load
[runlim] sample:		6659.65 time, 6660.01 real, 509 MB, 1.01 load
[runlim] sample:		6669.65 time, 6670.01 real, 509 MB, 1.01 load
[runlim] sample:		6679.65 time, 6680.01 real, 509 MB, 1.09 load
[runlim] sample:		6689.65 time, 6690.01 real, 509 MB, 1.07 load
[runlim] sample:		6699.65 time, 6700.01 real, 509 MB, 1.06 load
[runlim] sample:		6709.65 time, 6710.01 real, 509 MB, 1.05 load
[runlim] sample:		6719.64 time, 6720.01 real, 509 MB, 1.04 load
[runlim] sample:		6729.64 time, 6730.01 real, 509 MB, 1.04 load
[runlim] sample:		6739.64 time, 6740.01 real, 509 MB, 1.03 load
[runlim] sample:		6749.64 time, 6750.01 real, 509 MB, 1.02 load
[runlim] sample:		6759.64 time, 6760.01 real, 509 MB, 1.02 load
[runlim] sample:		6769.64 time, 6770.01 real, 509 MB, 1.02 load
[runlim] sample:		6779.64 time, 6780.01 real, 509 MB, 1.01 load
[runlim] sample:		6789.64 time, 6790.01 real, 509 MB, 1.01 load
[runlim] sample:		6799.64 time, 6800.01 real, 509 MB, 1.01 load
[runlim] sample:		6809.64 time, 6810.01 real, 509 MB, 1.01 load
[runlim] sample:		6819.64 time, 6820.01 real, 509 MB, 1.01 load
[runlim] sample:		6829.64 time, 6830.01 real, 509 MB, 1.00 load
[runlim] sample:		6839.64 time, 6840.01 real, 509 MB, 1.00 load
[runlim] sample:		6849.64 time, 6850.01 real, 509 MB, 1.00 load
[runlim] sample:		6859.64 time, 6860.01 real, 509 MB, 1.00 load
[runlim] sample:		6869.64 time, 6870.01 real, 509 MB, 1.00 load
[runlim] sample:		6879.64 time, 6880.01 real, 509 MB, 1.00 load
[runlim] sample:		6889.64 time, 6890.01 real, 509 MB, 1.00 load
[runlim] sample:		6899.64 time, 6900.01 real, 509 MB, 1.00 load
SAT

=> TOTAL COMPLETION TIME (Makespan / UB): 617
Schedule is valid
 Time taken: 6908.35 seconds
[runlim] sample:		6909.64 time, 6910.01 real, 509 MB, 1.00 load
[runlim] sample:		6919.63 time, 6920.01 real, 509 MB, 1.00 load
[runlim] sample:		6929.63 time, 6930.01 real, 509 MB, 1.00 load
[runlim] sample:		6939.63 time, 6940.01 real, 509 MB, 1.00 load
[runlim] sample:		6949.63 time, 6950.01 real, 509 MB, 1.00 load
[runlim] sample:		6959.63 time, 6960.01 real, 509 MB, 1.00 load
[runlim] sample:		6969.63 time, 6970.01 real, 509 MB, 1.00 load
[runlim] sample:		6979.63 time, 6980.01 real, 509 MB, 1.00 load
[runlim] sample:		6989.63 time, 6990.01 real, 509 MB, 1.00 load
[runlim] sample:		6999.63 time, 7000.01 real, 509 MB, 1.00 load
[runlim] sample:		7009.63 time, 7010.01 real, 509 MB, 1.00 load
[runlim] sample:		7019.63 time, 7020.01 real, 509 MB, 1.00 load
[runlim] sample:		7029.63 time, 7030.01 real, 509 MB, 1.00 load
[runlim] sample:		7039.63 time, 7040.01 real, 509 MB, 1.00 load
[runlim] sample:		7049.63 time, 7050.01 real, 509 MB, 1.00 load
[runlim] sample:		7059.63 time, 7060.01 real, 509 MB, 1.00 load
[runlim] sample:		7069.63 time, 7070.01 real, 509 MB, 1.00 load
[runlim] sample:		7079.63 time, 7080.01 real, 509 MB, 1.00 load
[runlim] sample:		7089.63 time, 7090.01 real, 509 MB, 1.00 load
SAT

=> TOTAL COMPLETION TIME (Makespan / UB): 616
Schedule is valid
 Time taken: 7090.38 seconds
[runlim] sample:		7099.63 time, 7100.01 real, 509 MB, 1.00 load
[runlim] sample:		7109.63 time, 7110.01 real, 509 MB, 1.00 load
[runlim] sample:		7119.63 time, 7120.01 real, 509 MB, 1.00 load
[runlim] sample:		7129.63 time, 7130.01 real, 509 MB, 1.00 load
[runlim] sample:		7139.63 time, 7140.01 real, 509 MB, 1.00 load
[runlim] sample:		7149.63 time, 7150.01 real, 509 MB, 1.00 load
[runlim] sample:		7159.63 time, 7160.01 real, 509 MB, 1.00 load
[runlim] sample:		7169.63 time, 7170.01 real, 509 MB, 1.00 load
[runlim] sample:		7179.63 time, 7180.01 real, 509 MB, 1.00 load
[runlim] sample:		7189.63 time, 7190.01 real, 509 MB, 1.00 load
[runlim] sample:		7199.63 time, 7200.01 real, 509 MB, 1.00 load
[runlim] sample:		7209.63 time, 7210.01 real, 509 MB, 1.00 load
[runlim] sample:		7219.63 time, 7220.01 real, 509 MB, 1.00 load
[runlim] sample:		7229.63 time, 7230.01 real, 509 MB, 1.00 load
[runlim] sample:		7239.62 time, 7240.01 real, 509 MB, 1.00 load
[runlim] sample:		7249.62 time, 7250.01 real, 509 MB, 1.00 load
[runlim] sample:		7259.62 time, 7260.01 real, 509 MB, 1.00 load
[runlim] sample:		7269.62 time, 7270.01 real, 509 MB, 1.00 load
[runlim] sample:		7279.62 time, 7280.01 real, 509 MB, 1.00 load
[runlim] sample:		7289.62 time, 7290.01 real, 509 MB, 1.00 load
[runlim] sample:		7299.62 time, 7300.01 real, 509 MB, 1.00 load
[runlim] sample:		7309.62 time, 7310.01 real, 509 MB, 1.00 load
[runlim] sample:		7319.62 time, 7320.01 real, 509 MB, 1.00 load
[runlim] sample:		7329.62 time, 7330.01 real, 509 MB, 1.00 load
[runlim] sample:		7339.62 time, 7340.01 real, 509 MB, 1.00 load
[runlim] sample:		7349.62 time, 7350.01 real, 509 MB, 1.00 load
[runlim] sample:		7359.62 time, 7360.01 real, 509 MB, 1.00 load
[runlim] sample:		7369.62 time, 7370.01 real, 509 MB, 1.00 load
[runlim] sample:		7379.62 time, 7380.01 real, 509 MB, 1.00 load
[runlim] sample:		7389.62 time, 7390.01 real, 509 MB, 1.00 load
[runlim] sample:		7399.62 time, 7400.01 real, 509 MB, 1.00 load
[runlim] sample:		7409.62 time, 7410.01 real, 509 MB, 1.00 load
[runlim] sample:		7419.62 time, 7420.01 real, 509 MB, 1.00 load
[runlim] sample:		7429.62 time, 7430.01 real, 509 MB, 1.00 load
[runlim] sample:		7439.61 time, 7440.01 real, 509 MB, 1.00 load
[runlim] sample:		7449.61 time, 7450.01 real, 509 MB, 1.00 load
[runlim] sample:		7459.61 time, 7460.01 real, 509 MB, 1.00 load
[runlim] sample:		7469.61 time, 7470.01 real, 509 MB, 1.00 load
[runlim] sample:		7479.61 time, 7480.01 real, 509 MB, 1.00 load
[runlim] sample:		7489.61 time, 7490.01 real, 509 MB, 1.00 load
[runlim] sample:		7499.61 time, 7500.01 real, 509 MB, 1.00 load
[runlim] sample:		7509.61 time, 7510.01 real, 509 MB, 1.00 load
[runlim] sample:		7519.61 time, 7520.01 real, 509 MB, 1.00 load
[runlim] sample:		7529.61 time, 7530.01 real, 509 MB, 1.00 load
[runlim] sample:		7539.61 time, 7540.01 real, 509 MB, 1.00 load
[runlim] sample:		7549.60 time, 7550.01 real, 509 MB, 1.00 load
[runlim] sample:		7559.60 time, 7560.01 real, 509 MB, 1.00 load
[runlim] sample:		7569.60 time, 7570.01 real, 509 MB, 1.00 load
[runlim] sample:		7579.60 time, 7580.01 real, 509 MB, 1.00 load
[runlim] sample:		7589.60 time, 7590.01 real, 509 MB, 1.00 load
[runlim] sample:		7599.60 time, 7600.01 real, 509 MB, 1.00 load
[runlim] sample:		7609.60 time, 7610.01 real, 509 MB, 1.00 load
[runlim] sample:		7619.60 time, 7620.01 real, 509 MB, 1.00 load
[runlim] sample:		7629.60 time, 7630.01 real, 509 MB, 1.00 load
[runlim] sample:		7639.60 time, 7640.01 real, 509 MB, 1.00 load
[runlim] sample:		7649.60 time, 7650.01 real, 509 MB, 1.00 load
[runlim] sample:		7659.60 time, 7660.01 real, 509 MB, 1.00 load
[runlim] sample:		7669.60 time, 7670.01 real, 509 MB, 1.00 load
[runlim] sample:		7679.60 time, 7680.01 real, 509 MB, 1.00 load
[runlim] sample:		7689.60 time, 7690.01 real, 509 MB, 1.00 load
[runlim] sample:		7699.60 time, 7700.01 real, 509 MB, 1.00 load
[runlim] sample:		7709.60 time, 7710.01 real, 509 MB, 1.00 load
[runlim] sample:		7719.60 time, 7720.01 real, 509 MB, 1.00 load
[runlim] sample:		7729.60 time, 7730.01 real, 509 MB, 1.00 load
[runlim] sample:		7739.59 time, 7740.01 real, 509 MB, 1.00 load
[runlim] sample:		7749.59 time, 7750.01 real, 509 MB, 1.00 load
[runlim] sample:		7759.59 time, 7760.01 real, 509 MB, 1.00 load
[runlim] sample:		7769.59 time, 7770.01 real, 509 MB, 1.00 load
[runlim] sample:		7779.59 time, 7780.01 real, 509 MB, 1.00 load
[runlim] sample:		7789.59 time, 7790.01 real, 509 MB, 1.00 load
[runlim] sample:		7799.59 time, 7800.01 real, 509 MB, 1.00 load
[runlim] sample:		7809.59 time, 7810.01 real, 509 MB, 1.07 load
[runlim] sample:		7819.59 time, 7820.01 real, 509 MB, 1.06 load
[runlim] sample:		7829.59 time, 7830.01 real, 509 MB, 1.05 load
[runlim] sample:		7839.59 time, 7840.01 real, 509 MB, 1.04 load
[runlim] sample:		7849.59 time, 7850.01 real, 509 MB, 1.04 load
[runlim] sample:		7859.59 time, 7860.01 real, 509 MB, 1.03 load
[runlim] sample:		7869.59 time, 7870.01 real, 509 MB, 1.02 load
[runlim] sample:		7879.59 time, 7880.01 real, 509 MB, 1.02 load
[runlim] sample:		7889.59 time, 7890.01 real, 509 MB, 1.02 load
[runlim] sample:		7899.59 time, 7900.01 real, 509 MB, 1.01 load
[runlim] sample:		7909.59 time, 7910.01 real, 509 MB, 1.01 load
[runlim] sample:		7919.59 time, 7920.01 real, 509 MB, 1.01 load
[runlim] sample:		7929.59 time, 7930.01 real, 509 MB, 1.01 load
[runlim] sample:		7939.58 time, 7940.01 real, 509 MB, 1.01 load
[runlim] sample:		7949.58 time, 7950.01 real, 509 MB, 1.00 load
[runlim] sample:		7959.58 time, 7960.01 real, 509 MB, 1.00 load
[runlim] sample:		7969.58 time, 7970.01 real, 509 MB, 1.00 load
[runlim] sample:		7979.58 time, 7980.01 real, 509 MB, 1.00 load
[runlim] sample:		7989.58 time, 7990.01 real, 509 MB, 1.00 load
[runlim] sample:		7999.58 time, 8000.01 real, 509 MB, 1.00 load
[runlim] sample:		8009.58 time, 8010.01 real, 509 MB, 1.00 load
[runlim] sample:		8019.58 time, 8020.01 real, 509 MB, 1.00 load
[runlim] sample:		8029.58 time, 8030.01 real, 509 MB, 1.00 load
[runlim] sample:		8039.58 time, 8040.01 real, 509 MB, 1.00 load
[runlim] sample:		8049.58 time, 8050.01 real, 509 MB, 1.00 load
[runlim] sample:		8059.57 time, 8060.01 real, 509 MB, 1.00 load
[runlim] sample:		8069.57 time, 8070.01 real, 509 MB, 1.00 load
[runlim] sample:		8079.57 time, 8080.01 real, 509 MB, 1.00 load
[runlim] sample:		8089.58 time, 8090.01 real, 509 MB, 1.00 load
[runlim] sample:		8099.58 time, 8100.01 real, 509 MB, 1.00 load
[runlim] sample:		8109.58 time, 8110.01 real, 509 MB, 1.00 load
[runlim] sample:		8119.58 time, 8120.01 real, 509 MB, 1.00 load
[runlim] sample:		8129.58 time, 8130.01 real, 509 MB, 1.00 load
[runlim] sample:		8139.58 time, 8140.01 real, 509 MB, 1.00 load
[runlim] sample:		8149.58 time, 8150.01 real, 509 MB, 1.00 load
[runlim] sample:		8159.58 time, 8160.01 real, 509 MB, 1.00 load
[runlim] sample:		8169.58 time, 8170.01 real, 509 MB, 1.00 load
[runlim] sample:		8179.57 time, 8180.01 real, 509 MB, 1.00 load
[runlim] sample:		8189.57 time, 8190.01 real, 509 MB, 1.00 load
[runlim] sample:		8199.57 time, 8200.01 real, 509 MB, 1.00 load
[runlim] sample:		8209.57 time, 8210.01 real, 509 MB, 1.00 load
[runlim] sample:		8219.57 time, 8220.01 real, 509 MB, 1.00 load
[runlim] sample:		8229.57 time, 8230.01 real, 509 MB, 1.00 load
[runlim] sample:		8239.57 time, 8240.01 real, 509 MB, 1.00 load
[runlim] sample:		8249.57 time, 8250.01 real, 509 MB, 1.00 load
[runlim] sample:		8259.57 time, 8260.01 real, 509 MB, 1.00 load
[runlim] sample:		8269.57 time, 8270.01 real, 509 MB, 1.00 load
[runlim] sample:		8279.57 time, 8280.01 real, 509 MB, 1.00 load
[runlim] sample:		8289.57 time, 8290.01 real, 509 MB, 1.00 load
[runlim] sample:		8299.57 time, 8300.01 real, 509 MB, 1.00 load
[runlim] sample:		8309.57 time, 8310.01 real, 509 MB, 1.00 load
[runlim] sample:		8319.57 time, 8320.01 real, 509 MB, 1.00 load
[runlim] sample:		8329.57 time, 8330.01 real, 509 MB, 1.00 load
[runlim] sample:		8339.57 time, 8340.01 real, 509 MB, 1.00 load
[runlim] sample:		8349.56 time, 8350.01 real, 509 MB, 1.00 load
[runlim] sample:		8359.56 time, 8360.01 real, 509 MB, 1.00 load
[runlim] sample:		8369.56 time, 8370.01 real, 509 MB, 1.00 load
[runlim] sample:		8379.56 time, 8380.01 real, 509 MB, 1.00 load
[runlim] sample:		8389.56 time, 8390.01 real, 509 MB, 1.00 load
[runlim] sample:		8399.56 time, 8400.01 real, 509 MB, 1.00 load
[runlim] sample:		8409.56 time, 8410.01 real, 509 MB, 1.07 load
[runlim] sample:		8419.56 time, 8420.01 real, 509 MB, 1.06 load
[runlim] sample:		8429.56 time, 8430.01 real, 509 MB, 1.05 load
[runlim] sample:		8439.56 time, 8440.01 real, 509 MB, 1.04 load
[runlim] sample:		8449.56 time, 8450.01 real, 509 MB, 1.04 load
[runlim] sample:		8459.56 time, 8460.01 real, 509 MB, 1.03 load
[runlim] sample:		8469.56 time, 8470.01 real, 509 MB, 1.02 load
[runlim] sample:		8479.56 time, 8480.01 real, 509 MB, 1.02 load
[runlim] sample:		8489.56 time, 8490.01 real, 509 MB, 1.02 load
[runlim] sample:		8499.56 time, 8500.01 real, 509 MB, 1.01 load
[runlim] sample:		8509.56 time, 8510.01 real, 509 MB, 1.01 load
[runlim] sample:		8519.56 time, 8520.01 real, 509 MB, 1.01 load
[runlim] sample:		8529.56 time, 8530.01 real, 509 MB, 1.01 load
[runlim] sample:		8539.55 time, 8540.01 real, 509 MB, 1.01 load
[runlim] sample:		8549.55 time, 8550.01 real, 509 MB, 1.00 load
[runlim] sample:		8559.55 time, 8560.01 real, 509 MB, 1.00 load
[runlim] sample:		8569.55 time, 8570.01 real, 509 MB, 1.00 load
[runlim] sample:		8579.55 time, 8580.01 real, 509 MB, 1.00 load
[runlim] sample:		8589.55 time, 8590.01 real, 509 MB, 1.00 load
[runlim] sample:		8599.55 time, 8600.01 real, 509 MB, 1.00 load
[runlim] sample:		8609.55 time, 8610.01 real, 509 MB, 1.00 load
[runlim] sample:		8619.55 time, 8620.01 real, 509 MB, 1.00 load
[runlim] sample:		8629.55 time, 8630.01 real, 509 MB, 1.00 load
[runlim] sample:		8639.55 time, 8640.01 real, 509 MB, 1.00 load
[runlim] sample:		8649.55 time, 8650.01 real, 509 MB, 1.00 load
[runlim] sample:		8659.55 time, 8660.01 real, 509 MB, 1.00 load
[runlim] sample:		8669.55 time, 8670.01 real, 509 MB, 1.00 load
[runlim] sample:		8679.55 time, 8680.01 real, 509 MB, 1.00 load
[runlim] sample:		8689.55 time, 8690.01 real, 509 MB, 1.00 load
[runlim] sample:		8699.55 time, 8700.01 real, 509 MB, 1.00 load
[runlim] sample:		8709.55 time, 8710.01 real, 509 MB, 1.00 load
[runlim] sample:		8719.54 time, 8720.01 real, 509 MB, 1.00 load
[runlim] sample:		8729.54 time, 8730.01 real, 509 MB, 1.00 load
[runlim] sample:		8739.54 time, 8740.01 real, 509 MB, 1.00 load
[runlim] sample:		8749.54 time, 8750.01 real, 509 MB, 1.00 load
[runlim] sample:		8759.54 time, 8760.01 real, 509 MB, 1.00 load
[runlim] sample:		8769.54 time, 8770.01 real, 509 MB, 1.00 load
[runlim] sample:		8779.54 time, 8780.01 real, 509 MB, 1.00 load
[runlim] sample:		8789.54 time, 8790.01 real, 509 MB, 1.00 load
[runlim] sample:		8799.54 time, 8800.01 real, 509 MB, 1.00 load
[runlim] sample:		8809.54 time, 8810.01 real, 509 MB, 1.00 load
[runlim] sample:		8819.54 time, 8820.01 real, 509 MB, 1.00 load
[runlim] sample:		8829.54 time, 8830.01 real, 509 MB, 1.00 load
[runlim] sample:		8839.54 time, 8840.01 real, 509 MB, 1.00 load
[runlim] sample:		8849.54 time, 8850.01 real, 509 MB, 1.00 load
[runlim] sample:		8859.54 time, 8860.01 real, 509 MB, 1.00 load
[runlim] sample:		8869.54 time, 8870.01 real, 509 MB, 1.00 load
[runlim] sample:		8879.54 time, 8880.01 real, 509 MB, 1.00 load
[runlim] sample:		8889.54 time, 8890.01 real, 509 MB, 1.00 load
[runlim] sample:		8899.54 time, 8900.01 real, 509 MB, 1.00 load
[runlim] sample:		8909.54 time, 8910.01 real, 509 MB, 1.00 load
[runlim] sample:		8919.53 time, 8920.01 real, 509 MB, 1.00 load
[runlim] sample:		8929.53 time, 8930.01 real, 509 MB, 1.00 load
[runlim] sample:		8939.53 time, 8940.01 real, 509 MB, 1.00 load
[runlim] sample:		8949.53 time, 8950.01 real, 509 MB, 1.00 load
[runlim] sample:		8959.53 time, 8960.01 real, 509 MB, 1.00 load
[runlim] sample:		8969.53 time, 8970.01 real, 509 MB, 1.00 load
[runlim] sample:		8979.53 time, 8980.01 real, 509 MB, 1.00 load
[runlim] sample:		8989.53 time, 8990.01 real, 509 MB, 1.00 load
[runlim] sample:		8999.53 time, 9000.01 real, 509 MB, 1.00 load
[runlim] sample:		9009.53 time, 9010.01 real, 509 MB, 1.00 load
[runlim] sample:		9019.53 time, 9020.01 real, 509 MB, 1.00 load
[runlim] sample:		9029.53 time, 9030.01 real, 509 MB, 1.00 load
[runlim] sample:		9039.53 time, 9040.01 real, 509 MB, 1.00 load
[runlim] sample:		9049.53 time, 9050.01 real, 509 MB, 1.00 load
[runlim] sample:		9059.53 time, 9060.01 real, 509 MB, 1.00 load
[runlim] sample:		9069.53 time, 9070.01 real, 509 MB, 1.00 load
[runlim] sample:		9079.53 time, 9080.01 real, 509 MB, 1.00 load
[runlim] sample:		9089.53 time, 9090.01 real, 509 MB, 1.00 load
[runlim] sample:		9099.53 time, 9100.01 real, 509 MB, 1.00 load
[runlim] sample:		9109.53 time, 9110.01 real, 509 MB, 1.00 load
[runlim] sample:		9119.53 time, 9120.01 real, 509 MB, 1.00 load
[runlim] sample:		9129.52 time, 9130.01 real, 509 MB, 1.00 load
[runlim] sample:		9139.52 time, 9140.01 real, 509 MB, 1.00 load
[runlim] sample:		9149.52 time, 9150.01 real, 509 MB, 1.00 load
[runlim] sample:		9159.52 time, 9160.01 real, 509 MB, 1.00 load
[runlim] sample:		9169.52 time, 9170.01 real, 509 MB, 1.00 load
[runlim] sample:		9179.52 time, 9180.01 real, 509 MB, 1.00 load
[runlim] sample:		9189.52 time, 9190.01 real, 509 MB, 1.00 load
[runlim] sample:		9199.52 time, 9200.01 real, 509 MB, 1.00 load
[runlim] sample:		9209.52 time, 9210.01 real, 509 MB, 1.00 load
[runlim] sample:		9219.52 time, 9220.01 real, 509 MB, 1.00 load
[runlim] sample:		9229.52 time, 9230.01 real, 509 MB, 1.00 load
[runlim] sample:		9239.52 time, 9240.01 real, 509 MB, 1.00 load
[runlim] sample:		9249.52 time, 9250.01 real, 509 MB, 1.00 load
[runlim] sample:		9259.52 time, 9260.01 real, 509 MB, 1.00 load
[runlim] sample:		9269.52 time, 9270.01 real, 509 MB, 1.00 load
[runlim] sample:		9279.52 time, 9280.01 real, 509 MB, 1.00 load
[runlim] sample:		9289.52 time, 9290.01 real, 509 MB, 1.00 load
[runlim] sample:		9299.52 time, 9300.01 real, 509 MB, 1.00 load
[runlim] sample:		9309.52 time, 9310.01 real, 509 MB, 1.00 load
[runlim] sample:		9319.52 time, 9320.01 real, 509 MB, 1.00 load
[runlim] sample:		9329.51 time, 9330.01 real, 509 MB, 1.00 load
[runlim] sample:		9339.51 time, 9340.01 real, 509 MB, 1.00 load
[runlim] sample:		9349.51 time, 9350.01 real, 509 MB, 1.00 load
[runlim] sample:		9359.51 time, 9360.01 real, 509 MB, 1.00 load
[runlim] sample:		9369.51 time, 9370.01 real, 509 MB, 1.00 load
[runlim] sample:		9379.51 time, 9380.01 real, 509 MB, 1.00 load
[runlim] sample:		9389.51 time, 9390.01 real, 509 MB, 1.00 load
[runlim] sample:		9399.51 time, 9400.01 real, 509 MB, 1.00 load
[runlim] sample:		9409.51 time, 9410.01 real, 509 MB, 1.00 load
[runlim] sample:		9419.51 time, 9420.01 real, 509 MB, 1.00 load
[runlim] sample:		9429.51 time, 9430.01 real, 509 MB, 1.00 load
[runlim] sample:		9439.51 time, 9440.01 real, 509 MB, 1.00 load
[runlim] sample:		9449.51 time, 9450.01 real, 509 MB, 1.00 load
[runlim] sample:		9459.51 time, 9460.01 real, 509 MB, 1.00 load
[runlim] sample:		9469.51 time, 9470.01 real, 509 MB, 1.00 load
[runlim] sample:		9479.51 time, 9480.01 real, 509 MB, 1.00 load
[runlim] sample:		9489.51 time, 9490.01 real, 509 MB, 1.00 load
[runlim] sample:		9499.51 time, 9500.01 real, 509 MB, 1.00 load
[runlim] sample:		9509.51 time, 9510.01 real, 509 MB, 1.00 load
[runlim] sample:		9519.51 time, 9520.01 real, 509 MB, 1.00 load
[runlim] sample:		9529.51 time, 9530.01 real, 509 MB, 1.00 load
[runlim] sample:		9539.50 time, 9540.01 real, 509 MB, 1.00 load
[runlim] sample:		9549.50 time, 9550.01 real, 509 MB, 1.00 load
[runlim] sample:		9559.50 time, 9560.01 real, 509 MB, 1.00 load
[runlim] sample:		9569.50 time, 9570.01 real, 509 MB, 1.00 load
[runlim] sample:		9579.50 time, 9580.01 real, 509 MB, 1.00 load
[runlim] sample:		9589.50 time, 9590.01 real, 509 MB, 1.00 load
[runlim] sample:		9599.50 time, 9600.01 real, 509 MB, 1.00 load
[runlim] sample:		9609.50 time, 9610.01 real, 509 MB, 1.00 load
[runlim] sample:		9619.50 time, 9620.01 real, 509 MB, 1.00 load
[runlim] sample:		9629.50 time, 9630.01 real, 509 MB, 1.00 load
[runlim] sample:		9639.49 time, 9640.01 real, 509 MB, 1.00 load
[runlim] sample:		9649.49 time, 9650.01 real, 509 MB, 1.00 load
[runlim] sample:		9659.49 time, 9660.01 real, 509 MB, 1.00 load
[runlim] sample:		9669.49 time, 9670.01 real, 509 MB, 1.07 load
[runlim] sample:		9679.49 time, 9680.01 real, 509 MB, 1.06 load
[runlim] sample:		9689.49 time, 9690.01 real, 509 MB, 1.05 load
[runlim] sample:		9699.49 time, 9700.01 real, 509 MB, 1.04 load
[runlim] sample:		9709.49 time, 9710.01 real, 509 MB, 1.04 load
[runlim] sample:		9719.49 time, 9720.01 real, 509 MB, 1.03 load
[runlim] sample:		9729.49 time, 9730.01 real, 509 MB, 1.02 load
[runlim] sample:		9739.49 time, 9740.01 real, 509 MB, 1.02 load
[runlim] sample:		9749.49 time, 9750.01 real, 509 MB, 1.02 load
[runlim] sample:		9759.49 time, 9760.01 real, 509 MB, 1.01 load
[runlim] sample:		9769.49 time, 9770.01 real, 509 MB, 1.01 load
[runlim] sample:		9779.49 time, 9780.01 real, 509 MB, 1.01 load
[runlim] sample:		9789.49 time, 9790.01 real, 509 MB, 1.01 load
[runlim] sample:		9799.49 time, 9800.01 real, 509 MB, 1.01 load
[runlim] sample:		9809.48 time, 9810.01 real, 509 MB, 1.00 load
[runlim] sample:		9819.48 time, 9820.01 real, 509 MB, 1.00 load
[runlim] sample:		9829.48 time, 9830.01 real, 509 MB, 1.00 load
[runlim] sample:		9839.48 time, 9840.01 real, 509 MB, 1.00 load
[runlim] sample:		9849.48 time, 9850.01 real, 509 MB, 1.00 load
[runlim] sample:		9859.48 time, 9860.01 real, 509 MB, 1.00 load
[runlim] sample:		9869.48 time, 9870.01 real, 509 MB, 1.00 load
[runlim] sample:		9879.48 time, 9880.01 real, 509 MB, 1.00 load
[runlim] sample:		9889.48 time, 9890.01 real, 509 MB, 1.00 load
[runlim] sample:		9899.48 time, 9900.01 real, 509 MB, 1.00 load
[runlim] sample:		9909.48 time, 9910.01 real, 509 MB, 1.00 load
[runlim] sample:		9919.48 time, 9920.01 real, 509 MB, 1.00 load
[runlim] sample:		9929.48 time, 9930.01 real, 509 MB, 1.08 load
[runlim] sample:		9939.48 time, 9940.01 real, 509 MB, 1.07 load
[runlim] sample:		9949.48 time, 9950.01 real, 509 MB, 1.06 load
[runlim] sample:		9959.48 time, 9960.01 real, 509 MB, 1.05 load
[runlim] sample:		9969.48 time, 9970.01 real, 509 MB, 1.04 load
[runlim] sample:		9979.48 time, 9980.01 real, 509 MB, 1.03 load
[runlim] sample:		9989.48 time, 9990.01 real, 509 MB, 1.03 load
[runlim] sample:		9999.47 time, 10000.01 real, 509 MB, 1.02 load
[runlim] sample:		10009.47 time, 10010.01 real, 509 MB, 1.02 load
[runlim] sample:		10019.47 time, 10020.01 real, 509 MB, 1.02 load
[runlim] sample:		10029.47 time, 10030.01 real, 509 MB, 1.01 load
[runlim] sample:		10039.47 time, 10040.01 real, 509 MB, 1.01 load
[runlim] sample:		10049.47 time, 10050.01 real, 509 MB, 1.01 load
[runlim] sample:		10059.47 time, 10060.01 real, 509 MB, 1.01 load
[runlim] sample:		10069.47 time, 10070.01 real, 509 MB, 1.00 load
[runlim] sample:		10079.47 time, 10080.01 real, 509 MB, 1.00 load
[runlim] sample:		10089.47 time, 10090.01 real, 509 MB, 1.00 load
[runlim] sample:		10099.47 time, 10100.01 real, 509 MB, 1.00 load
[runlim] sample:		10109.47 time, 10110.01 real, 509 MB, 1.00 load
[runlim] sample:		10119.47 time, 10120.01 real, 509 MB, 1.00 load
[runlim] sample:		10129.47 time, 10130.01 real, 509 MB, 1.00 load
[runlim] sample:		10139.47 time, 10140.01 real, 509 MB, 1.00 load
[runlim] sample:		10149.47 time, 10150.01 real, 509 MB, 1.00 load
[runlim] sample:		10159.47 time, 10160.01 real, 509 MB, 1.00 load
[runlim] sample:		10169.47 time, 10170.01 real, 509 MB, 1.00 load
[runlim] sample:		10179.47 time, 10180.01 real, 509 MB, 1.00 load
[runlim] sample:		10189.47 time, 10190.01 real, 509 MB, 1.00 load
[runlim] sample:		10199.46 time, 10200.01 real, 509 MB, 1.00 load
[runlim] sample:		10209.46 time, 10210.01 real, 509 MB, 1.00 load
[runlim] sample:		10219.46 time, 10220.01 real, 509 MB, 1.00 load
[runlim] sample:		10229.46 time, 10230.01 real, 509 MB, 1.00 load
[runlim] sample:		10239.46 time, 10240.01 real, 509 MB, 1.00 load
[runlim] sample:		10249.46 time, 10250.01 real, 509 MB, 1.00 load
[runlim] sample:		10259.46 time, 10260.01 real, 509 MB, 1.00 load
[runlim] sample:		10269.46 time, 10270.01 real, 509 MB, 1.00 load
[runlim] sample:		10279.46 time, 10280.01 real, 509 MB, 1.00 load
[runlim] sample:		10289.46 time, 10290.01 real, 509 MB, 1.00 load
[runlim] sample:		10299.46 time, 10300.01 real, 509 MB, 1.00 load
[runlim] sample:		10309.46 time, 10310.01 real, 509 MB, 1.00 load
[runlim] sample:		10319.46 time, 10320.01 real, 509 MB, 1.00 load
[runlim] sample:		10329.46 time, 10330.01 real, 509 MB, 1.00 load
[runlim] sample:		10339.46 time, 10340.01 real, 509 MB, 1.00 load
[runlim] sample:		10349.46 time, 10350.01 real, 509 MB, 1.00 load
[runlim] sample:		10359.46 time, 10360.01 real, 509 MB, 1.00 load
[runlim] sample:		10369.46 time, 10370.01 real, 509 MB, 1.00 load
[runlim] sample:		10379.46 time, 10380.01 real, 509 MB, 1.00 load
[runlim] sample:		10389.46 time, 10390.01 real, 509 MB, 1.00 load
[runlim] sample:		10399.46 time, 10400.01 real, 509 MB, 1.00 load
[runlim] sample:		10409.46 time, 10410.01 real, 509 MB, 1.00 load
[runlim] sample:		10419.45 time, 10420.01 real, 509 MB, 1.00 load
[runlim] sample:		10429.45 time, 10430.01 real, 509 MB, 1.00 load
[runlim] sample:		10439.45 time, 10440.01 real, 509 MB, 1.00 load
[runlim] sample:		10449.45 time, 10450.01 real, 509 MB, 1.00 load
[runlim] sample:		10459.45 time, 10460.01 real, 509 MB, 1.00 load
[runlim] sample:		10469.45 time, 10470.01 real, 509 MB, 1.00 load
[runlim] sample:		10479.45 time, 10480.01 real, 509 MB, 1.00 load
[runlim] sample:		10489.45 time, 10490.01 real, 509 MB, 1.00 load
[runlim] sample:		10499.45 time, 10500.01 real, 509 MB, 1.00 load
[runlim] sample:		10509.45 time, 10510.01 real, 509 MB, 1.00 load
[runlim] sample:		10519.45 time, 10520.01 real, 509 MB, 1.00 load
[runlim] sample:		10529.45 time, 10530.01 real, 509 MB, 1.00 load
[runlim] sample:		10539.45 time, 10540.01 real, 509 MB, 1.00 load
[runlim] sample:		10549.45 time, 10550.01 real, 509 MB, 1.00 load
[runlim] sample:		10559.45 time, 10560.01 real, 509 MB, 1.00 load
[runlim] sample:		10569.45 time, 10570.01 real, 509 MB, 1.00 load
[runlim] sample:		10579.45 time, 10580.01 real, 509 MB, 1.00 load
[runlim] sample:		10589.45 time, 10590.01 real, 509 MB, 1.00 load
[runlim] sample:		10599.45 time, 10600.01 real, 509 MB, 1.00 load
[runlim] sample:		10609.45 time, 10610.01 real, 509 MB, 1.00 load
[runlim] sample:		10619.44 time, 10620.01 real, 509 MB, 1.00 load
[runlim] sample:		10629.44 time, 10630.01 real, 509 MB, 1.00 load
[runlim] sample:		10639.44 time, 10640.01 real, 509 MB, 1.00 load
[runlim] sample:		10649.44 time, 10650.01 real, 509 MB, 1.00 load
[runlim] sample:		10659.44 time, 10660.01 real, 509 MB, 1.00 load
[runlim] sample:		10669.44 time, 10670.01 real, 509 MB, 1.00 load
[runlim] sample:		10679.44 time, 10680.01 real, 509 MB, 1.00 load
[runlim] sample:		10689.44 time, 10690.01 real, 509 MB, 1.00 load
[runlim] sample:		10699.44 time, 10700.01 real, 509 MB, 1.00 load
[runlim] sample:		10709.44 time, 10710.01 real, 509 MB, 1.00 load
[runlim] sample:		10719.44 time, 10720.01 real, 509 MB, 1.00 load
[runlim] sample:		10729.44 time, 10730.01 real, 509 MB, 1.00 load
[runlim] sample:		10739.44 time, 10740.01 real, 509 MB, 1.00 load
[runlim] sample:		10749.44 time, 10750.01 real, 509 MB, 1.00 load
[runlim] sample:		10759.44 time, 10760.01 real, 509 MB, 1.00 load
[runlim] sample:		10769.44 time, 10770.01 real, 509 MB, 1.00 load
[runlim] sample:		10779.44 time, 10780.01 real, 509 MB, 1.00 load
[runlim] sample:		10789.44 time, 10790.01 real, 509 MB, 1.00 load
[runlim] sample:		10799.44 time, 10800.01 real, 509 MB, 1.00 load
[runlim] end:			Thu Jul 16 01:29:26 2026
[runlim] status:		out of time
[runlim] result:		2
[runlim] children:		1
[runlim] processes:		2
[runlim] real:			10801.04 seconds
[runlim] time:			10799.44 seconds
[runlim] space:			738 MB
[runlim] load:			1.25 maximum
[runlim] samples:		108000
